<?xml version="1.0" encoding="UTF-8"?>
<testsuites name="Crear_usuario" time="209.569" tests="16" failures="1" errors="0">
   <testsuite name="Crear_usuario" tests="16" failures="1" errors="0" time="209.569" skipped="0" timestamp="2023-05-19 12:22:17" hostname="Testing - DESKTOP-OBIGNLU" id="Test Suites/Crear_usuario">
      <properties>
         <property name="deviceName" value="samsung SM-A107M (Android 11)"/>
         <property name="devicePlatform" value=""/>
         <property name="logFolder" value="C:\\Users\\Testing\\Katalon Studio\\NN_Version2\\Reports\\20230519_122212\\Crear_usuario\\20230519_122212"/>
         <property name="logFiles" value="C:\\Users\\Testing\\Katalon Studio\\NN_Version2\\Reports\\20230519_122212\\Crear_usuario\\20230519_122212\\appium.log, C:\\Users\\Testing\\Katalon Studio\\NN_Version2\\Reports\\20230519_122212\\Crear_usuario\\20230519_122212\\execution0.log"/>
         <property name="attachments" value="C:\\Users\\Testing\\Katalon Studio\\NN_Version2\\Reports\\20230519_122212\\Crear_usuario\\20230519_122212\\1684517112088.png"/>
         <property name="hostName" value="Testing - DESKTOP-OBIGNLU"/>
         <property name="os" value="Windows 10 64bit"/>
         <property name="appiumServerStatus" value="{&quot;value&quot;:{&quot;build&quot;:{&quot;version&quot;:&quot;1.22.3&quot;}},&quot;sessionId&quot;:null,&quot;status&quot;:0}"/>
         <property name="katalonVersion" value="8.5.5.208"/>
         <property name="deviceOS" value="Android"/>
         <property name="appiumVersion" value="1.22.3"/>
         <property name="deviceModel" value="SM-A107M"/>
         <property name="hostAddress" value="192.168.1.5"/>
         <property name="deviceManufacturer" value="samsung"/>
         <property name="deviceId" value="R9WN40KBXDJ"/>
         <property name="deviceName" value="samsung SM-A107M (Android 11)"/>
         <property name="deviceOSVersion" value="11"/>
      </properties>
      <testcase name="Test Cases/Abrir_App/CPN1" time="40.122" classname="Test Cases/Abrir_App/CPN1" status="PASSED">
         <system-out><![CDATA[2023-05-19 12:22:17 - [TEST_CASE][PASSED] - Test Cases/Abrir_App/CPN1: Test Cases/Abrir_App/CPN1

2023-05-19 12:22:18 - [TEST_STEP][PASSED] - startApplication("C:\Users\Testing\Desktop\katalon\Version nueva\app-debug (2).apk", true): Started app at: 'C:\Users\Testing\Desktop\katalon\Version nueva\app-debug (2).apk'

2023-05-19 12:22:18 - [MESSAGE][INFO] - Detected NodeJS location: "C:\Program Files\nodejs\node.exe"

2023-05-19 12:22:20 - [MESSAGE][INFO] - Appium server started on port 54.181

2023-05-19 12:22:53 - [MESSAGE][PASSED] - Started app at: 'C:\Users\Testing\Desktop\katalon\Version nueva\app-debug (2).apk'

2023-05-19 12:22:53 - [TEST_STEP][PASSED] - pressBack(): Press back button successfully

2023-05-19 12:22:53 - [MESSAGE][PASSED] - Press back button successfully

2023-05-19 12:22:53 - [TEST_STEP][PASSED] - toggleWifi("OFF", STOP_ON_FAILURE): Toggled wifi

2023-05-19 12:22:54 - [MESSAGE][PASSED] - Toggled wifi

2023-05-19 12:22:54 - [TEST_STEP][PASSED] - tap(findTestObject("Object Repository/Abrir_App/CPN1/android.widget.TextView - NapoleoN"), 0): Tapped on element 'Object Repository/Abrir_App/CPN1/android.widget.TextView - NapoleoN'

2023-05-19 12:22:54 - [MESSAGE][WARNING] - Timeout '0' is invalid. Using default page load timeout: '30'

2023-05-19 12:22:56 - [MESSAGE][PASSED] - Tapped on element 'Object Repository/Abrir_App/CPN1/android.widget.TextView - NapoleoN'

2023-05-19 12:22:56 - [TEST_STEP][PASSED] - delay(1): Delayed 1 second(s)

2023-05-19 12:22:57 - [MESSAGE][PASSED] - Delayed 1 second(s)]]></system-out>
         <system-err><![CDATA[]]></system-err>
      </testcase>
      <testcase name="Test Cases/Abrir_App/CPN2" time="2.686" classname="Test Cases/Abrir_App/CPN2" status="PASSED">
         <system-out><![CDATA[2023-05-19 12:22:57 - [TEST_CASE][PASSED] - Test Cases/Abrir_App/CPN2: Test Cases/Abrir_App/CPN2

2023-05-19 12:22:58 - [TEST_STEP][PASSED] - toggleWifi("OFF", STOP_ON_FAILURE): Toggled wifi

2023-05-19 12:22:58 - [MESSAGE][PASSED] - Toggled wifi

2023-05-19 12:22:58 - [TEST_STEP][PASSED] - verifyElementVisible(findTestObject("Abrir_App/CPN2/android.widget.FrameLayout"), 0): Element 'Object Repository/Abrir_App/CPN2/android.widget.FrameLayout' is visible

2023-05-19 12:22:58 - [MESSAGE][WARNING] - Timeout '0' is invalid. Using default page load timeout: '30'

2023-05-19 12:22:59 - [MESSAGE][PASSED] - Element 'Object Repository/Abrir_App/CPN2/android.widget.FrameLayout' is visible

2023-05-19 12:22:59 - [TEST_STEP][PASSED] - pressBack(): Press back button successfully

2023-05-19 12:22:59 - [MESSAGE][PASSED] - Press back button successfully

2023-05-19 12:22:59 - [TEST_STEP][PASSED] - pressBack(): Press back button successfully

2023-05-19 12:23:00 - [MESSAGE][PASSED] - Press back button successfully]]></system-out>
         <system-err><![CDATA[]]></system-err>
      </testcase>
      <testcase name="Test Cases/Abrir_App/CPN3" time="19.189" classname="Test Cases/Abrir_App/CPN3" status="PASSED">
         <system-out><![CDATA[2023-05-19 12:23:00 - [TEST_CASE][PASSED] - Test Cases/Abrir_App/CPN3: Test Cases/Abrir_App/CPN3

2023-05-19 12:23:00 - [TEST_STEP][PASSED] - toggleWifi("ON", STOP_ON_FAILURE): Toggled wifi

2023-05-19 12:23:01 - [MESSAGE][PASSED] - Toggled wifi

2023-05-19 12:23:01 - [TEST_STEP][PASSED] - delay(5): Delayed 5 second(s)

2023-05-19 12:23:06 - [MESSAGE][PASSED] - Delayed 5 second(s)

2023-05-19 12:23:06 - [TEST_STEP][PASSED] - toggleWifi("OFF", STOP_ON_FAILURE): Toggled wifi

2023-05-19 12:23:07 - [MESSAGE][PASSED] - Toggled wifi

2023-05-19 12:23:07 - [TEST_STEP][PASSED] - tap(findTestObject("Object Repository/Abrir_App/CPN3/android.widget.TextView - NapoleoN"), 0): Tapped on element 'Object Repository/Abrir_App/CPN3/android.widget.TextView - NapoleoN'

2023-05-19 12:23:07 - [MESSAGE][WARNING] - Timeout '0' is invalid. Using default page load timeout: '30'

2023-05-19 12:23:08 - [MESSAGE][PASSED] - Tapped on element 'Object Repository/Abrir_App/CPN3/android.widget.TextView - NapoleoN'

2023-05-19 12:23:08 - [TEST_STEP][PASSED] - pressBack(): Press back button successfully

2023-05-19 12:23:10 - [MESSAGE][PASSED] - Press back button successfully

2023-05-19 12:23:10 - [TEST_STEP][PASSED] - tap(findTestObject("Object Repository/Abrir_App/CPN3/android.widget.TextView - NapoleoN"), 0): Tapped on element 'Object Repository/Abrir_App/CPN3/android.widget.TextView - NapoleoN'

2023-05-19 12:23:10 - [MESSAGE][WARNING] - Timeout '0' is invalid. Using default page load timeout: '30'

2023-05-19 12:23:11 - [MESSAGE][PASSED] - Tapped on element 'Object Repository/Abrir_App/CPN3/android.widget.TextView - NapoleoN'

2023-05-19 12:23:11 - [TEST_STEP][PASSED] - tap(findTestObject("Object Repository/Abrir_App/CPN3/android.widget.TextView - Omitir"), 0): Tapped on element 'Object Repository/Abrir_App/CPN3/android.widget.TextView - Omitir'

2023-05-19 12:23:11 - [MESSAGE][WARNING] - Timeout '0' is invalid. Using default page load timeout: '30'

2023-05-19 12:23:13 - [MESSAGE][PASSED] - Tapped on element 'Object Repository/Abrir_App/CPN3/android.widget.TextView - Omitir'

2023-05-19 12:23:13 - [TEST_STEP][PASSED] - tap(findTestObject("Abrir_App/CPN3/android.widget.Button - Crear Cuenta"), 0): Tapped on element 'Object Repository/Abrir_App/CPN3/android.widget.Button - Crear Cuenta'

2023-05-19 12:23:13 - [MESSAGE][WARNING] - Timeout '0' is invalid. Using default page load timeout: '30'

2023-05-19 12:23:14 - [MESSAGE][PASSED] - Tapped on element 'Object Repository/Abrir_App/CPN3/android.widget.Button - Crear Cuenta'

2023-05-19 12:23:14 - [TEST_STEP][PASSED] - tap(findTestObject("Object Repository/Abrir_App/CPN3/android.widget.Button - Enviar cdigo de registro"), 0): Tapped on element 'Object Repository/Abrir_App/CPN3/android.widget.Button - Enviar cdigo de registro'

2023-05-19 12:23:14 - [MESSAGE][WARNING] - Timeout '0' is invalid. Using default page load timeout: '30'

2023-05-19 12:23:15 - [MESSAGE][PASSED] - Tapped on element 'Object Repository/Abrir_App/CPN3/android.widget.Button - Enviar cdigo de registro'

2023-05-19 12:23:15 - [TEST_STEP][PASSED] - verifyElementVisible(findTestObject("Object Repository/Abrir_App/CPN3/android.widget.FrameLayout"), 0): Element 'Object Repository/Abrir_App/CPN3/android.widget.FrameLayout' is visible

2023-05-19 12:23:16 - [MESSAGE][WARNING] - Timeout '0' is invalid. Using default page load timeout: '30'

2023-05-19 12:23:18 - [MESSAGE][PASSED] - Element 'Object Repository/Abrir_App/CPN3/android.widget.FrameLayout' is visible

2023-05-19 12:23:18 - [TEST_STEP][PASSED] - tap(findTestObject("Object Repository/Abrir_App/CPN3/android.widget.Button - OK"), 0): Tapped on element 'Object Repository/Abrir_App/CPN3/android.widget.Button - OK'

2023-05-19 12:23:18 - [MESSAGE][WARNING] - Timeout '0' is invalid. Using default page load timeout: '30'

2023-05-19 12:23:18 - [MESSAGE][PASSED] - Tapped on element 'Object Repository/Abrir_App/CPN3/android.widget.Button - OK'

2023-05-19 12:23:18 - [TEST_STEP][PASSED] - toggleWifi("ON", STOP_ON_FAILURE): Toggled wifi

2023-05-19 12:23:19 - [MESSAGE][PASSED] - Toggled wifi]]></system-out>
         <system-err><![CDATA[]]></system-err>
      </testcase>
      <testcase name="Test Cases/Abrir_App/CPN4" time="1.43" classname="Test Cases/Abrir_App/CPN4" status="PASSED">
         <system-out><![CDATA[2023-05-19 12:23:19 - [TEST_CASE][PASSED] - Test Cases/Abrir_App/CPN4: Test Cases/Abrir_App/CPN4

2023-05-19 12:23:19 - [TEST_STEP][PASSED] - tap(findTestObject("Object Repository/Abrir_App/CPN4/android.widget.ImageButton"), 0): Tapped on element 'Object Repository/Abrir_App/CPN4/android.widget.ImageButton'

2023-05-19 12:23:20 - [MESSAGE][WARNING] - Timeout '0' is invalid. Using default page load timeout: '30'

2023-05-19 12:23:20 - [MESSAGE][PASSED] - Tapped on element 'Object Repository/Abrir_App/CPN4/android.widget.ImageButton'

2023-05-19 12:23:20 - [TEST_STEP][PASSED] - toggleWifi("OFF", STOP_ON_FAILURE): Toggled wifi

2023-05-19 12:23:21 - [MESSAGE][PASSED] - Toggled wifi]]></system-out>
         <system-err><![CDATA[]]></system-err>
      </testcase>
      <testcase name="Test Cases/CPNTUTORIAL/CPNTUTORIAL" time="9.879" classname="Test Cases/CPNTUTORIAL/CPNTUTORIAL" status="PASSED">
         <system-out><![CDATA[2023-05-19 12:23:21 - [TEST_CASE][PASSED] - Test Cases/CPNTUTORIAL/CPNTUTORIAL: Test Cases/CPNTUTORIAL/CPNTUTORIAL

2023-05-19 12:23:21 - [TEST_STEP][PASSED] - verifyElementText(findTestObject("Object Repository/CPNTUTORIAL/android.widget.FrameLayout (1)"), ""): Actual text and expected text of test object 'Object Repository/CPNTUTORIAL/android.widget.FrameLayout (1)' are matched.

2023-05-19 12:23:21 - [MESSAGE][PASSED] - Actual text and expected text of test object 'Object Repository/CPNTUTORIAL/android.widget.FrameLayout (1)' are matched.

2023-05-19 12:23:21 - [TEST_STEP][PASSED] - pressBack(): Press back button successfully

2023-05-19 12:23:21 - [MESSAGE][PASSED] - Press back button successfully

2023-05-19 12:23:21 - [TEST_STEP][PASSED] - tap(findTestObject("Object Repository/CPNTUTORIAL/android.widget.TextView - Omitir"), 0): Tapped on element 'Object Repository/CPNTUTORIAL/android.widget.TextView - Omitir'

2023-05-19 12:23:21 - [MESSAGE][WARNING] - Timeout '0' is invalid. Using default page load timeout: '30'

2023-05-19 12:23:22 - [MESSAGE][PASSED] - Tapped on element 'Object Repository/CPNTUTORIAL/android.widget.TextView - Omitir'

2023-05-19 12:23:22 - [TEST_STEP][PASSED] - pressBack(): Press back button successfully

2023-05-19 12:23:23 - [MESSAGE][PASSED] - Press back button successfully

2023-05-19 12:23:23 - [TEST_STEP][PASSED] - toggleWifi("ON", STOP_ON_FAILURE): Toggled wifi

2023-05-19 12:23:24 - [MESSAGE][PASSED] - Toggled wifi

2023-05-19 12:23:24 - [TEST_STEP][PASSED] - tap(findTestObject("Object Repository/CPNTUTORIAL/android.widget.TextView - Siguiente"), 0): Tapped on element 'Object Repository/CPNTUTORIAL/android.widget.TextView - Siguiente'

2023-05-19 12:23:24 - [MESSAGE][WARNING] - Timeout '0' is invalid. Using default page load timeout: '30'

2023-05-19 12:23:24 - [MESSAGE][PASSED] - Tapped on element 'Object Repository/CPNTUTORIAL/android.widget.TextView - Siguiente'

2023-05-19 12:23:24 - [TEST_STEP][PASSED] - verifyElementText(findTestObject("CPNTUTORIAL/android.widget.FrameLayout"), ""): Actual text and expected text of test object 'Object Repository/CPNTUTORIAL/android.widget.FrameLayout' are matched.

2023-05-19 12:23:25 - [MESSAGE][PASSED] - Actual text and expected text of test object 'Object Repository/CPNTUTORIAL/android.widget.FrameLayout' are matched.

2023-05-19 12:23:25 - [TEST_STEP][PASSED] - tap(findTestObject("Object Repository/CPNTUTORIAL/android.widget.TextView - Siguiente (1)"), 0): Tapped on element 'Object Repository/CPNTUTORIAL/android.widget.TextView - Siguiente (1)'

2023-05-19 12:23:25 - [MESSAGE][WARNING] - Timeout '0' is invalid. Using default page load timeout: '30'

2023-05-19 12:23:26 - [MESSAGE][PASSED] - Tapped on element 'Object Repository/CPNTUTORIAL/android.widget.TextView - Siguiente (1)'

2023-05-19 12:23:26 - [TEST_STEP][PASSED] - verifyElementText(findTestObject("CPNTUTORIAL/android.widget.FrameLayout"), ""): Actual text and expected text of test object 'Object Repository/CPNTUTORIAL/android.widget.FrameLayout' are matched.

2023-05-19 12:23:27 - [MESSAGE][PASSED] - Actual text and expected text of test object 'Object Repository/CPNTUTORIAL/android.widget.FrameLayout' are matched.

2023-05-19 12:23:27 - [TEST_STEP][PASSED] - tap(findTestObject("CPNTUTORIAL/android.widget.TextView - Siguiente (1)"), 0): Tapped on element 'Object Repository/CPNTUTORIAL/android.widget.TextView - Siguiente (1)'

2023-05-19 12:23:27 - [MESSAGE][WARNING] - Timeout '0' is invalid. Using default page load timeout: '30'

2023-05-19 12:23:27 - [MESSAGE][PASSED] - Tapped on element 'Object Repository/CPNTUTORIAL/android.widget.TextView - Siguiente (1)'

2023-05-19 12:23:27 - [TEST_STEP][PASSED] - tap(findTestObject("CPNTUTORIAL/android.widget.TextView - Siguiente (1)"), 0): Tapped on element 'Object Repository/CPNTUTORIAL/android.widget.TextView - Siguiente (1)'

2023-05-19 12:23:27 - [MESSAGE][WARNING] - Timeout '0' is invalid. Using default page load timeout: '30'

2023-05-19 12:23:28 - [MESSAGE][PASSED] - Tapped on element 'Object Repository/CPNTUTORIAL/android.widget.TextView - Siguiente (1)'

2023-05-19 12:23:28 - [TEST_STEP][PASSED] - verifyElementText(findTestObject("CPNTUTORIAL/android.widget.FrameLayout"), ""): Actual text and expected text of test object 'Object Repository/CPNTUTORIAL/android.widget.FrameLayout' are matched.

2023-05-19 12:23:29 - [MESSAGE][PASSED] - Actual text and expected text of test object 'Object Repository/CPNTUTORIAL/android.widget.FrameLayout' are matched.

2023-05-19 12:23:29 - [TEST_STEP][PASSED] - tap(findTestObject("CPNTUTORIAL/android.widget.TextView - Siguiente (1)"), 0): Tapped on element 'Object Repository/CPNTUTORIAL/android.widget.TextView - Siguiente (1)'

2023-05-19 12:23:29 - [MESSAGE][WARNING] - Timeout '0' is invalid. Using default page load timeout: '30'

2023-05-19 12:23:29 - [MESSAGE][PASSED] - Tapped on element 'Object Repository/CPNTUTORIAL/android.widget.TextView - Siguiente (1)'

2023-05-19 12:23:29 - [TEST_STEP][PASSED] - verifyElementText(findTestObject("CPNTUTORIAL/android.widget.FrameLayout"), ""): Actual text and expected text of test object 'Object Repository/CPNTUTORIAL/android.widget.FrameLayout' are matched.

2023-05-19 12:23:30 - [MESSAGE][PASSED] - Actual text and expected text of test object 'Object Repository/CPNTUTORIAL/android.widget.FrameLayout' are matched.

2023-05-19 12:23:30 - [TEST_STEP][PASSED] - tap(findTestObject("Object Repository/CPNTUTORIAL/android.widget.TextView - Empezar"), 0): Tapped on element 'Object Repository/CPNTUTORIAL/android.widget.TextView - Empezar'

2023-05-19 12:23:30 - [MESSAGE][WARNING] - Timeout '0' is invalid. Using default page load timeout: '30'

2023-05-19 12:23:31 - [MESSAGE][PASSED] - Tapped on element 'Object Repository/CPNTUTORIAL/android.widget.TextView - Empezar']]></system-out>
         <system-err><![CDATA[]]></system-err>
      </testcase>
      <testcase name="Test Cases/Crear cuenta/CPN5" time="12.781" classname="Test Cases/Crear cuenta/CPN5" status="PASSED">
         <system-out><![CDATA[2023-05-19 12:23:31 - [TEST_CASE][PASSED] - Test Cases/Crear cuenta/CPN5: Test Cases/Crear cuenta/CPN5

2023-05-19 12:23:31 - [TEST_STEP][PASSED] - tap(findTestObject("Object Repository/Crear_cuenta/CPN5/android.widget.Button - Crear Cuenta"), 0): Tapped on element 'Object Repository/Crear_cuenta/CPN5/android.widget.Button - Crear Cuenta'

2023-05-19 12:23:31 - [MESSAGE][WARNING] - Timeout '0' is invalid. Using default page load timeout: '30'

2023-05-19 12:23:32 - [MESSAGE][PASSED] - Tapped on element 'Object Repository/Crear_cuenta/CPN5/android.widget.Button - Crear Cuenta'

2023-05-19 12:23:32 - [TEST_STEP][PASSED] - verifyElementText(findTestObject("Crear_cuenta/CPN5/android.widget.FrameLayout"), ""): Actual text and expected text of test object 'Object Repository/Crear_cuenta/CPN5/android.widget.FrameLayout' are matched.

2023-05-19 12:23:32 - [MESSAGE][PASSED] - Actual text and expected text of test object 'Object Repository/Crear_cuenta/CPN5/android.widget.FrameLayout' are matched.

2023-05-19 12:23:32 - [TEST_STEP][PASSED] - tap(findTestObject("Object Repository/Crear_cuenta/CPN5/android.widget.Button - Enviar cdigo de registro"), 0): Tapped on element 'Object Repository/Crear_cuenta/CPN5/android.widget.Button - Enviar cdigo de registro'

2023-05-19 12:23:33 - [MESSAGE][WARNING] - Timeout '0' is invalid. Using default page load timeout: '30'

2023-05-19 12:23:33 - [MESSAGE][PASSED] - Tapped on element 'Object Repository/Crear_cuenta/CPN5/android.widget.Button - Enviar cdigo de registro'

2023-05-19 12:23:33 - [TEST_STEP][PASSED] - verifyElementText(findTestObject("Object Repository/Crear_cuenta/CPN5/android.widget.TextView - Bienvenido a NapoleoN Chat"), "Bienvenido a NapoleoN Chat"): Actual text and expected text of test object 'Object Repository/Crear_cuenta/CPN5/android.widget.TextView - Bienvenido a NapoleoN Chat' are matched.

2023-05-19 12:23:43 - [MESSAGE][PASSED] - Actual text and expected text of test object 'Object Repository/Crear_cuenta/CPN5/android.widget.TextView - Bienvenido a NapoleoN Chat' are matched.

2023-05-19 12:23:43 - [TEST_STEP][PASSED] - verifyElementVisible(findTestObject("Object Repository/Crear_cuenta/CPN5/android.widget.LinearLayout"), 0): Element 'Object Repository/Crear_cuenta/CPN5/android.widget.LinearLayout' is visible

2023-05-19 12:23:43 - [MESSAGE][WARNING] - Timeout '0' is invalid. Using default page load timeout: '30'

2023-05-19 12:23:43 - [MESSAGE][PASSED] - Element 'Object Repository/Crear_cuenta/CPN5/android.widget.LinearLayout' is visible]]></system-out>
         <system-err><![CDATA[]]></system-err>
      </testcase>
      <testcase name="Test Cases/Crear cuenta/CPN6-7" time="4.857" classname="Test Cases/Crear cuenta/CPN6-7" status="PASSED">
         <system-out><![CDATA[2023-05-19 12:23:43 - [TEST_CASE][PASSED] - Test Cases/Crear cuenta/CPN6-7: Test Cases/Crear cuenta/CPN6-7

2023-05-19 12:23:44 - [TEST_STEP][PASSED] - verifyElementVisible(findTestObject("Crear_cuenta/CPN6-7/android.widget.LinearLayout"), 0): Element 'Object Repository/Crear_cuenta/CPN6-7/android.widget.LinearLayout' is visible

2023-05-19 12:23:44 - [MESSAGE][WARNING] - Timeout '0' is invalid. Using default page load timeout: '30'

2023-05-19 12:23:44 - [MESSAGE][PASSED] - Element 'Object Repository/Crear_cuenta/CPN6-7/android.widget.LinearLayout' is visible

2023-05-19 12:23:44 - [TEST_STEP][PASSED] - tap(findTestObject("Object Repository/Crear_cuenta/CPN6-7/android.widget.Button - Reenviar cdigo"), 0): Tapped on element 'Object Repository/Crear_cuenta/CPN6-7/android.widget.Button - Reenviar cdigo'

2023-05-19 12:23:44 - [MESSAGE][WARNING] - Timeout '0' is invalid. Using default page load timeout: '30'

2023-05-19 12:23:45 - [MESSAGE][PASSED] - Tapped on element 'Object Repository/Crear_cuenta/CPN6-7/android.widget.Button - Reenviar cdigo'

2023-05-19 12:23:45 - [TEST_STEP][PASSED] - verifyElementVisible(findTestObject("Crear_cuenta/CPN6-7/android.widget.LinearLayout"), 0): Element 'Object Repository/Crear_cuenta/CPN6-7/android.widget.LinearLayout' is visible

2023-05-19 12:23:45 - [MESSAGE][WARNING] - Timeout '0' is invalid. Using default page load timeout: '30'

2023-05-19 12:23:45 - [MESSAGE][PASSED] - Element 'Object Repository/Crear_cuenta/CPN6-7/android.widget.LinearLayout' is visible

2023-05-19 12:23:45 - [TEST_STEP][PASSED] - tap(findTestObject("Object Repository/Crear_cuenta/CPN6-7/android.widget.Button - Reenviar cdigo (1)"), 0): Tapped on element 'Object Repository/Crear_cuenta/CPN6-7/android.widget.Button - Reenviar cdigo (1)'

2023-05-19 12:23:45 - [MESSAGE][WARNING] - Timeout '0' is invalid. Using default page load timeout: '30'

2023-05-19 12:23:47 - [MESSAGE][PASSED] - Tapped on element 'Object Repository/Crear_cuenta/CPN6-7/android.widget.Button - Reenviar cdigo (1)'

2023-05-19 12:23:47 - [TEST_STEP][PASSED] - waitForElementNotPresent(findTestObject("Object Repository/Crear_cuenta/CPN6-7/android.widget.TextView - Nuevo intento en 459 minutos"), 0): Element 'Object Repository/Crear_cuenta/CPN6-7/android.widget.TextView - Nuevo intento en 459 minutos' is present

2023-05-19 12:23:47 - [MESSAGE][WARNING] - Timeout '0' is invalid. Using default page load timeout: '30'

2023-05-19 12:23:47 - [MESSAGE][WARNING] - Element 'Object Repository/Crear_cuenta/CPN6-7/android.widget.TextView - Nuevo intento en 459 minutos' is present

2023-05-19 12:23:47 - [TEST_STEP][PASSED] - tap(findTestObject("Crear_cuenta/CPN6-7/android.widget.Button - Reenviar cdigo (1)"), 0): Tapped on element 'Object Repository/Crear_cuenta/CPN6-7/android.widget.Button - Reenviar cdigo (1)'

2023-05-19 12:23:47 - [MESSAGE][WARNING] - Timeout '0' is invalid. Using default page load timeout: '30'

2023-05-19 12:23:48 - [MESSAGE][PASSED] - Tapped on element 'Object Repository/Crear_cuenta/CPN6-7/android.widget.Button - Reenviar cdigo (1)']]></system-out>
         <system-err><![CDATA[]]></system-err>
      </testcase>
      <testcase name="Test Cases/Crear cuenta/CPN9" time="10.575" classname="Test Cases/Crear cuenta/CPN9" status="PASSED">
         <system-out><![CDATA[2023-05-19 12:23:48 - [TEST_CASE][PASSED] - Test Cases/Crear cuenta/CPN9: Test Cases/Crear cuenta/CPN9

2023-05-19 12:23:48 - [TEST_STEP][PASSED] - tap(findTestObject("Object Repository/Crear_cuenta/CPN9/android.widget.Button - Continuar"), 0): Tapped on element 'Object Repository/Crear_cuenta/CPN9/android.widget.Button - Continuar'

2023-05-19 12:23:48 - [MESSAGE][WARNING] - Timeout '0' is invalid. Using default page load timeout: '30'

2023-05-19 12:23:51 - [MESSAGE][PASSED] - Tapped on element 'Object Repository/Crear_cuenta/CPN9/android.widget.Button - Continuar'

2023-05-19 12:23:51 - [TEST_STEP][PASSED] - verifyElementText(findTestObject("Object Repository/Crear_cuenta/CPN9/android.view.ViewGroup"), ""): Actual text and expected text of test object 'Object Repository/Crear_cuenta/CPN9/android.view.ViewGroup' are matched.

2023-05-19 12:23:52 - [MESSAGE][PASSED] - Actual text and expected text of test object 'Object Repository/Crear_cuenta/CPN9/android.view.ViewGroup' are matched.

2023-05-19 12:23:52 - [TEST_STEP][PASSED] - tap(findTestObject("Object Repository/Crear_cuenta/CPN9/android.widget.EditText - Apodo"), 0): Tapped on element 'Object Repository/Crear_cuenta/CPN9/android.widget.EditText - Apodo'

2023-05-19 12:23:52 - [MESSAGE][WARNING] - Timeout '0' is invalid. Using default page load timeout: '30'

2023-05-19 12:23:52 - [MESSAGE][PASSED] - Tapped on element 'Object Repository/Crear_cuenta/CPN9/android.widget.EditText - Apodo'

2023-05-19 12:23:52 - [TEST_STEP][PASSED] - setText(findTestObject("Object Repository/Crear_cuenta/CPN9/android.widget.EditText - Apodo (1)"), "PRUEBA", 0): Text 'PRUEBA' has been set to element 'Object Repository/Crear_cuenta/CPN9/android.widget.EditText - Apodo (1)'

2023-05-19 12:23:52 - [MESSAGE][WARNING] - Timeout '0' is invalid. Using default page load timeout: '30'

2023-05-19 12:23:55 - [MESSAGE][PASSED] - Text 'PRUEBA' has been set to element 'Object Repository/Crear_cuenta/CPN9/android.widget.EditText - Apodo (1)'

2023-05-19 12:23:55 - [TEST_STEP][PASSED] - clearText(findTestObject("Object Repository/Crear_cuenta/CPN9/android.widget.EditText - PRUEBA"), 0): Element 'Object Repository/Crear_cuenta/CPN9/android.widget.EditText - PRUEBA' text is cleared

2023-05-19 12:23:55 - [MESSAGE][WARNING] - Timeout '0' is invalid. Using default page load timeout: '30'

2023-05-19 12:23:56 - [MESSAGE][PASSED] - Element 'Object Repository/Crear_cuenta/CPN9/android.widget.EditText - PRUEBA' text is cleared

2023-05-19 12:23:56 - [TEST_STEP][PASSED] - hideKeyboard(): Keyboard is hidden

2023-05-19 12:23:59 - [MESSAGE][PASSED] - Keyboard is hidden

2023-05-19 12:23:59 - [TEST_STEP][PASSED] - verifyElementText(findTestObject("Object Repository/Crear_cuenta/CPN9/android.widget.TextView - El Apodo es obligatorio"), "El Apodo es obligatorio"): Actual text and expected text of test object 'Object Repository/Crear_cuenta/CPN9/android.widget.TextView - El Apodo es obligatorio' are matched.

2023-05-19 12:23:59 - [MESSAGE][PASSED] - Actual text and expected text of test object 'Object Repository/Crear_cuenta/CPN9/android.widget.TextView - El Apodo es obligatorio' are matched.]]></system-out>
         <system-err><![CDATA[]]></system-err>
      </testcase>
      <testcase name="Test Cases/Crear cuenta/CPN10" time="6.677" classname="Test Cases/Crear cuenta/CPN10" status="PASSED">
         <system-out><![CDATA[2023-05-19 12:23:59 - [TEST_CASE][PASSED] - Test Cases/Crear cuenta/CPN10: Test Cases/Crear cuenta/CPN10

2023-05-19 12:23:59 - [TEST_STEP][PASSED] - tap(findTestObject("Object Repository/Crear_cuenta/CPN10/android.widget.EditText - Apodo"), 0): Tapped on element 'Object Repository/Crear_cuenta/CPN10/android.widget.EditText - Apodo'

2023-05-19 12:23:59 - [MESSAGE][WARNING] - Timeout '0' is invalid. Using default page load timeout: '30'

2023-05-19 12:23:59 - [MESSAGE][PASSED] - Tapped on element 'Object Repository/Crear_cuenta/CPN10/android.widget.EditText - Apodo'

2023-05-19 12:23:59 - [TEST_STEP][PASSED] - setText(findTestObject("Object Repository/Crear_cuenta/CPN10/android.widget.EditText - Apodo (1)"), "0123456789", 0): Text '0123456789' has been set to element 'Object Repository/Crear_cuenta/CPN10/android.widget.EditText - Apodo (1)'

2023-05-19 12:23:59 - [MESSAGE][WARNING] - Timeout '0' is invalid. Using default page load timeout: '30'

2023-05-19 12:24:02 - [MESSAGE][PASSED] - Text '0123456789' has been set to element 'Object Repository/Crear_cuenta/CPN10/android.widget.EditText - Apodo (1)'

2023-05-19 12:24:02 - [TEST_STEP][PASSED] - verifyElementText(findTestObject("Object Repository/Crear_cuenta/CPN10/android.widget.TextView - El Apodo debe comenzar con una letra"), "El Apodo debe comenzar con una letra"): Actual text and expected text of test object 'Object Repository/Crear_cuenta/CPN10/android.widget.TextView - El Apodo debe comenzar con una letra' are matched.

2023-05-19 12:24:03 - [MESSAGE][PASSED] - Actual text and expected text of test object 'Object Repository/Crear_cuenta/CPN10/android.widget.TextView - El Apodo debe comenzar con una letra' are matched.

2023-05-19 12:24:03 - [TEST_STEP][PASSED] - hideKeyboard(): Keyboard is hidden

2023-05-19 12:24:05 - [MESSAGE][PASSED] - Keyboard is hidden

2023-05-19 12:24:05 - [TEST_STEP][PASSED] - tap(findTestObject("Object Repository/Crear_cuenta/CPN10/android.widget.Button - Siguiente"), 0): Tapped on element 'Object Repository/Crear_cuenta/CPN10/android.widget.Button - Siguiente'

2023-05-19 12:24:05 - [MESSAGE][WARNING] - Timeout '0' is invalid. Using default page load timeout: '30'

2023-05-19 12:24:05 - [MESSAGE][PASSED] - Tapped on element 'Object Repository/Crear_cuenta/CPN10/android.widget.Button - Siguiente']]></system-out>
         <system-err><![CDATA[]]></system-err>
      </testcase>
      <testcase name="Test Cases/Crear cuenta/CPN11" time="8.165" classname="Test Cases/Crear cuenta/CPN11" status="PASSED">
         <system-out><![CDATA[2023-05-19 12:24:05 - [TEST_CASE][PASSED] - Test Cases/Crear cuenta/CPN11: Test Cases/Crear cuenta/CPN11

2023-05-19 12:24:06 - [TEST_STEP][PASSED] - clearText(findTestObject("Object Repository/Crear_cuenta/CPN11/android.widget.EditText - 0123456789"), 0): Element 'Object Repository/Crear_cuenta/CPN11/android.widget.EditText - 0123456789' text is cleared

2023-05-19 12:24:06 - [MESSAGE][WARNING] - Timeout '0' is invalid. Using default page load timeout: '30'

2023-05-19 12:24:06 - [MESSAGE][PASSED] - Element 'Object Repository/Crear_cuenta/CPN11/android.widget.EditText - 0123456789' text is cleared

2023-05-19 12:24:06 - [TEST_STEP][PASSED] - tap(findTestObject("Object Repository/Crear_cuenta/CPN11/android.widget.EditText - Apodo"), 0): Tapped on element 'Object Repository/Crear_cuenta/CPN11/android.widget.EditText - Apodo'

2023-05-19 12:24:06 - [MESSAGE][WARNING] - Timeout '0' is invalid. Using default page load timeout: '30'

2023-05-19 12:24:08 - [MESSAGE][PASSED] - Tapped on element 'Object Repository/Crear_cuenta/CPN11/android.widget.EditText - Apodo'

2023-05-19 12:24:08 - [TEST_STEP][PASSED] - setText(findTestObject("Object Repository/Crear_cuenta/CPN11/android.widget.EditText - Apodo (1)"), "abcde", 0): Text 'abcde' has been set to element 'Object Repository/Crear_cuenta/CPN11/android.widget.EditText - Apodo (1)'

2023-05-19 12:24:08 - [MESSAGE][WARNING] - Timeout '0' is invalid. Using default page load timeout: '30'

2023-05-19 12:24:10 - [MESSAGE][PASSED] - Text 'abcde' has been set to element 'Object Repository/Crear_cuenta/CPN11/android.widget.EditText - Apodo (1)'

2023-05-19 12:24:10 - [TEST_STEP][PASSED] - verifyElementText(findTestObject("Object Repository/Crear_cuenta/CPN11/android.widget.TextView - El apodo debe contener al menos un nmero"), "El apodo debe contener al menos un número"): Actual text and expected text of test object 'Object Repository/Crear_cuenta/CPN11/android.widget.TextView - El apodo debe contener al menos un nmero' are matched.

2023-05-19 12:24:11 - [MESSAGE][PASSED] - Actual text and expected text of test object 'Object Repository/Crear_cuenta/CPN11/android.widget.TextView - El apodo debe contener al menos un nmero' are matched.

2023-05-19 12:24:11 - [TEST_STEP][PASSED] - hideKeyboard(): Keyboard is hidden

2023-05-19 12:24:13 - [MESSAGE][PASSED] - Keyboard is hidden

2023-05-19 12:24:13 - [TEST_STEP][PASSED] - tap(findTestObject("Object Repository/Crear_cuenta/CPN11/android.widget.Button - Siguiente"), 0): Tapped on element 'Object Repository/Crear_cuenta/CPN11/android.widget.Button - Siguiente'

2023-05-19 12:24:13 - [MESSAGE][WARNING] - Timeout '0' is invalid. Using default page load timeout: '30'

2023-05-19 12:24:13 - [MESSAGE][PASSED] - Tapped on element 'Object Repository/Crear_cuenta/CPN11/android.widget.Button - Siguiente'

2023-05-19 12:24:13 - [TEST_STEP][PASSED] - clearText(findTestObject("Object Repository/Crear_cuenta/CPN11/android.widget.EditText - abcde"), 0): Element 'Object Repository/Crear_cuenta/CPN11/android.widget.EditText - abcde' text is cleared

2023-05-19 12:24:13 - [MESSAGE][WARNING] - Timeout '0' is invalid. Using default page load timeout: '30'

2023-05-19 12:24:14 - [MESSAGE][PASSED] - Element 'Object Repository/Crear_cuenta/CPN11/android.widget.EditText - abcde' text is cleared]]></system-out>
         <system-err><![CDATA[]]></system-err>
      </testcase>
      <testcase name="Test Cases/Crear cuenta/CPN12" time="4.684" classname="Test Cases/Crear cuenta/CPN12" status="PASSED">
         <system-out><![CDATA[2023-05-19 12:24:14 - [TEST_CASE][PASSED] - Test Cases/Crear cuenta/CPN12: Test Cases/Crear cuenta/CPN12

2023-05-19 12:24:14 - [TEST_STEP][PASSED] - setText(findTestObject("Object Repository/Crear_cuenta/CPN12/android.widget.EditText - Apodo"), "0123456789012345678901", 0): Text '0123456789012345678901' has been set to element 'Object Repository/Crear_cuenta/CPN12/android.widget.EditText - Apodo'

2023-05-19 12:24:14 - [MESSAGE][WARNING] - Timeout '0' is invalid. Using default page load timeout: '30'

2023-05-19 12:24:16 - [MESSAGE][PASSED] - Text '0123456789012345678901' has been set to element 'Object Repository/Crear_cuenta/CPN12/android.widget.EditText - Apodo'

2023-05-19 12:24:16 - [TEST_STEP][PASSED] - hideKeyboard(): Keyboard is hidden

2023-05-19 12:24:17 - [MESSAGE][PASSED] - Keyboard is hidden

2023-05-19 12:24:17 - [TEST_STEP][PASSED] - clearText(findTestObject("Object Repository/Crear_cuenta/CPN12/android.widget.EditText - 01234567890123456789"), 0): Element 'Object Repository/Crear_cuenta/CPN12/android.widget.EditText - 01234567890123456789' text is cleared

2023-05-19 12:24:17 - [MESSAGE][WARNING] - Timeout '0' is invalid. Using default page load timeout: '30'

2023-05-19 12:24:17 - [MESSAGE][PASSED] - Element 'Object Repository/Crear_cuenta/CPN12/android.widget.EditText - 01234567890123456789' text is cleared

2023-05-19 12:24:17 - [TEST_STEP][PASSED] - tap(findTestObject("Object Repository/Crear_cuenta/CPN12/android.widget.Button - Siguiente"), 0): Tapped on element 'Object Repository/Crear_cuenta/CPN12/android.widget.Button - Siguiente'

2023-05-19 12:24:17 - [MESSAGE][WARNING] - Timeout '0' is invalid. Using default page load timeout: '30'

2023-05-19 12:24:18 - [MESSAGE][PASSED] - Tapped on element 'Object Repository/Crear_cuenta/CPN12/android.widget.Button - Siguiente']]></system-out>
         <system-err><![CDATA[]]></system-err>
      </testcase>
      <testcase name="Test Cases/Crear cuenta/CPN13" time="7.067" classname="Test Cases/Crear cuenta/CPN13" status="PASSED">
         <system-out><![CDATA[2023-05-19 12:24:18 - [TEST_CASE][PASSED] - Test Cases/Crear cuenta/CPN13: Test Cases/Crear cuenta/CPN13

2023-05-19 12:24:19 - [TEST_STEP][PASSED] - tap(findTestObject("Object Repository/Crear_cuenta/CPN13/android.widget.EditText - Apodo"), 0): Tapped on element 'Object Repository/Crear_cuenta/CPN13/android.widget.EditText - Apodo'

2023-05-19 12:24:19 - [MESSAGE][WARNING] - Timeout '0' is invalid. Using default page load timeout: '30'

2023-05-19 12:24:20 - [MESSAGE][PASSED] - Tapped on element 'Object Repository/Crear_cuenta/CPN13/android.widget.EditText - Apodo'

2023-05-19 12:24:20 - [TEST_STEP][PASSED] - setText(findTestObject("Object Repository/Crear_cuenta/CPN13/android.widget.EditText - Apodo (1)"), "HO", 0): Text 'HO' has been set to element 'Object Repository/Crear_cuenta/CPN13/android.widget.EditText - Apodo (1)'

2023-05-19 12:24:20 - [MESSAGE][WARNING] - Timeout '0' is invalid. Using default page load timeout: '30'

2023-05-19 12:24:22 - [MESSAGE][PASSED] - Text 'HO' has been set to element 'Object Repository/Crear_cuenta/CPN13/android.widget.EditText - Apodo (1)'

2023-05-19 12:24:22 - [TEST_STEP][PASSED] - verifyElementText(findTestObject("Object Repository/Crear_cuenta/CPN13/android.widget.TextView - El Apodo debe contener mnimo 3 caracteres y 1 nmero"), "El Apodo debe contener mínimo 3 caracteres y 1 número"): Actual text and expected text of test object 'Object Repository/Crear_cuenta/CPN13/android.widget.TextView - El Apodo debe contener mnimo 3 caracteres y 1 nmero' are matched.

2023-05-19 12:24:23 - [MESSAGE][PASSED] - Actual text and expected text of test object 'Object Repository/Crear_cuenta/CPN13/android.widget.TextView - El Apodo debe contener mnimo 3 caracteres y 1 nmero' are matched.

2023-05-19 12:24:23 - [TEST_STEP][PASSED] - hideKeyboard(): Keyboard is hidden

2023-05-19 12:24:25 - [MESSAGE][PASSED] - Keyboard is hidden

2023-05-19 12:24:25 - [TEST_STEP][PASSED] - tap(findTestObject("Object Repository/Crear_cuenta/CPN13/android.widget.Button - Siguiente"), 0): Tapped on element 'Object Repository/Crear_cuenta/CPN13/android.widget.Button - Siguiente'

2023-05-19 12:24:25 - [MESSAGE][WARNING] - Timeout '0' is invalid. Using default page load timeout: '30'

2023-05-19 12:24:25 - [MESSAGE][PASSED] - Tapped on element 'Object Repository/Crear_cuenta/CPN13/android.widget.Button - Siguiente'

2023-05-19 12:24:25 - [TEST_STEP][PASSED] - clearText(findTestObject("Object Repository/Crear_cuenta/CPN13/android.widget.EditText - HO"), 0): Element 'Object Repository/Crear_cuenta/CPN13/android.widget.EditText - HO' text is cleared

2023-05-19 12:24:25 - [MESSAGE][WARNING] - Timeout '0' is invalid. Using default page load timeout: '30'

2023-05-19 12:24:25 - [MESSAGE][PASSED] - Element 'Object Repository/Crear_cuenta/CPN13/android.widget.EditText - HO' text is cleared]]></system-out>
         <system-err><![CDATA[]]></system-err>
      </testcase>
      <testcase name="Test Cases/Crear cuenta/CPN14" time="11.669" classname="Test Cases/Crear cuenta/CPN14" status="PASSED">
         <system-out><![CDATA[2023-05-19 12:24:25 - [TEST_CASE][PASSED] - Test Cases/Crear cuenta/CPN14: Test Cases/Crear cuenta/CPN14

2023-05-19 12:24:26 - [TEST_STEP][PASSED] - tap(findTestObject("Object Repository/Crear_cuenta/CPN14/android.widget.EditText - Nombre a mostrar (opcional)"), 0): Tapped on element 'Object Repository/Crear_cuenta/CPN14/android.widget.EditText - Nombre a mostrar (opcional)'

2023-05-19 12:24:26 - [MESSAGE][WARNING] - Timeout '0' is invalid. Using default page load timeout: '30'

2023-05-19 12:24:26 - [MESSAGE][PASSED] - Tapped on element 'Object Repository/Crear_cuenta/CPN14/android.widget.EditText - Nombre a mostrar (opcional)'

2023-05-19 12:24:26 - [TEST_STEP][PASSED] - setText(findTestObject("Object Repository/Crear_cuenta/CPN14/android.widget.EditText - Nombre a mostrar (opcional) (1)"), "Opcional", 0): Text 'Opcional' has been set to element 'Object Repository/Crear_cuenta/CPN14/android.widget.EditText - Nombre a mostrar (opcional) (1)'

2023-05-19 12:24:26 - [MESSAGE][WARNING] - Timeout '0' is invalid. Using default page load timeout: '30'

2023-05-19 12:24:29 - [MESSAGE][PASSED] - Text 'Opcional' has been set to element 'Object Repository/Crear_cuenta/CPN14/android.widget.EditText - Nombre a mostrar (opcional) (1)'

2023-05-19 12:24:29 - [TEST_STEP][PASSED] - hideKeyboard(): Keyboard is hidden

2023-05-19 12:24:31 - [MESSAGE][PASSED] - Keyboard is hidden

2023-05-19 12:24:31 - [TEST_STEP][PASSED] - tap(findTestObject("Object Repository/Crear_cuenta/CPN14/android.widget.Button - Siguiente"), 0): Tapped on element 'Object Repository/Crear_cuenta/CPN14/android.widget.Button - Siguiente'

2023-05-19 12:24:31 - [MESSAGE][WARNING] - Timeout '0' is invalid. Using default page load timeout: '30'

2023-05-19 12:24:31 - [MESSAGE][PASSED] - Tapped on element 'Object Repository/Crear_cuenta/CPN14/android.widget.Button - Siguiente'

2023-05-19 12:24:31 - [TEST_STEP][PASSED] - tap(findTestObject("Object Repository/Crear_cuenta/CPN14/android.widget.EditText - Apodo"), 0): Tapped on element 'Object Repository/Crear_cuenta/CPN14/android.widget.EditText - Apodo'

2023-05-19 12:24:31 - [MESSAGE][WARNING] - Timeout '0' is invalid. Using default page load timeout: '30'

2023-05-19 12:24:32 - [MESSAGE][PASSED] - Tapped on element 'Object Repository/Crear_cuenta/CPN14/android.widget.EditText - Apodo'

2023-05-19 12:24:32 - [TEST_STEP][PASSED] - setText(findTestObject("Crear_cuenta/CPN14/android.widget.EditText - Apodo (1)"), "angello16", 0): Text 'angello16' has been set to element 'Object Repository/Crear_cuenta/CPN14/android.widget.EditText - Apodo (1)'

2023-05-19 12:24:32 - [MESSAGE][WARNING] - Timeout '0' is invalid. Using default page load timeout: '30'

2023-05-19 12:24:35 - [MESSAGE][PASSED] - Text 'angello16' has been set to element 'Object Repository/Crear_cuenta/CPN14/android.widget.EditText - Apodo (1)'

2023-05-19 12:24:35 - [TEST_STEP][PASSED] - hideKeyboard(): Keyboard is hidden

2023-05-19 12:24:36 - [MESSAGE][PASSED] - Keyboard is hidden

2023-05-19 12:24:36 - [TEST_STEP][PASSED] - verifyElementText(findTestObject("Object Repository/Crear_cuenta/CPN14/android.widget.TextView - Apodo no disponible"), "Apodo no disponible"): Actual text and expected text of test object 'Object Repository/Crear_cuenta/CPN14/android.widget.TextView - Apodo no disponible' are matched.

2023-05-19 12:24:37 - [MESSAGE][PASSED] - Actual text and expected text of test object 'Object Repository/Crear_cuenta/CPN14/android.widget.TextView - Apodo no disponible' are matched.

2023-05-19 12:24:37 - [TEST_STEP][PASSED] - verifyElementVisible(findTestObject("Crear_cuenta/CPN14/android.widget.ImageButton"), 0): Element 'Object Repository/Crear_cuenta/CPN14/android.widget.ImageButton' is visible

2023-05-19 12:24:37 - [MESSAGE][WARNING] - Timeout '0' is invalid. Using default page load timeout: '30'

2023-05-19 12:24:37 - [MESSAGE][PASSED] - Element 'Object Repository/Crear_cuenta/CPN14/android.widget.ImageButton' is visible

2023-05-19 12:24:37 - [TEST_STEP][PASSED] - tap(findTestObject("Crear_cuenta/CPN14/android.widget.Button - Siguiente"), 0): Tapped on element 'Object Repository/Crear_cuenta/CPN14/android.widget.Button - Siguiente'

2023-05-19 12:24:37 - [MESSAGE][WARNING] - Timeout '0' is invalid. Using default page load timeout: '30'

2023-05-19 12:24:37 - [MESSAGE][PASSED] - Tapped on element 'Object Repository/Crear_cuenta/CPN14/android.widget.Button - Siguiente']]></system-out>
         <system-err><![CDATA[]]></system-err>
      </testcase>
      <testcase name="Test Cases/Crear cuenta/CPN15" time="35.712" classname="Test Cases/Crear cuenta/CPN15" status="FAILED">
         <failure type="FAILED" message="Test Cases/Crear cuenta/CPN15 FAILED.
Reason:
com.kms.katalon.core.exception.StepFailedException: Element 'Object Repository/Crear_cuenta/CPN15/android.widget.TextView - El apodo te servir para identificarse en NapoleoN Chat, no lo podrs cambiar despes' not found
	at com.kms.katalon.core.keyword.internal.KeywordMain.stepFailed(KeywordMain.groovy:50)
	at com.kms.katalon.core.mobile.keyword.internal.MobileKeywordMain.stepFailed(MobileKeywordMain.groovy:40)
	at com.kms.katalon.core.mobile.keyword.builtin.VerifyElementTextKeyword$_verifyElementText_closure1.doCall(VerifyElementTextKeyword.groovy:49)
	at com.kms.katalon.core.mobile.keyword.builtin.VerifyElementTextKeyword$_verifyElementText_closure1.call(VerifyElementTextKeyword.groovy)
	at com.kms.katalon.core.mobile.keyword.internal.MobileKeywordMain.runKeyword(MobileKeywordMain.groovy:21)
	at com.kms.katalon.core.mobile.keyword.builtin.VerifyElementTextKeyword.verifyElementText(VerifyElementTextKeyword.groovy:62)
	at com.kms.katalon.core.mobile.keyword.builtin.VerifyElementTextKeyword.execute(VerifyElementTextKeyword.groovy:39)
	at com.kms.katalon.core.keyword.internal.KeywordExecutor.executeKeywordForPlatform(KeywordExecutor.groovy:74)
	at com.kms.katalon.core.mobile.keyword.MobileBuiltInKeywords.verifyElementText(MobileBuiltInKeywords.groovy:2901)
	at com.kms.katalon.core.mobile.keyword.MobileBuiltInKeywords$verifyElementText$4.call(Unknown Source)
	at CPN15.run(CPN15:26)
	at com.kms.katalon.core.main.ScriptEngine.run(ScriptEngine.java:194)
	at com.kms.katalon.core.main.ScriptEngine.runScriptAsRawText(ScriptEngine.java:119)
	at com.kms.katalon.core.main.TestCaseExecutor.runScript(TestCaseExecutor.java:448)
	at com.kms.katalon.core.main.TestCaseExecutor.doExecute(TestCaseExecutor.java:439)
	at com.kms.katalon.core.main.TestCaseExecutor.processExecutionPhase(TestCaseExecutor.java:418)
	at com.kms.katalon.core.main.TestCaseExecutor.accessMainPhase(TestCaseExecutor.java:410)
	at com.kms.katalon.core.main.TestCaseExecutor.execute(TestCaseExecutor.java:285)
	at com.kms.katalon.core.common.CommonExecutor.accessTestCaseMainPhase(CommonExecutor.java:65)
	at com.kms.katalon.core.main.TestSuiteExecutor.accessTestSuiteMainPhase(TestSuiteExecutor.java:151)
	at com.kms.katalon.core.main.TestSuiteExecutor.execute(TestSuiteExecutor.java:106)
	at com.kms.katalon.core.main.TestCaseMain.startTestSuite(TestCaseMain.java:185)
	at com.kms.katalon.core.main.TestCaseMain$startTestSuite$0.call(Unknown Source)
	at TempTestSuite1684516932927.run(TempTestSuite1684516932927.groovy:36)
"/>
         <system-out><![CDATA[2023-05-19 12:24:37 - [TEST_CASE][FAILED] - Test Cases/Crear cuenta/CPN15: Test Cases/Crear cuenta/CPN15 FAILED.
Reason:
com.kms.katalon.core.exception.StepFailedException: Element 'Object Repository/Crear_cuenta/CPN15/android.widget.TextView - El apodo te servir para identificarse en NapoleoN Chat, no lo podrs cambiar despes' not found
	at com.kms.katalon.core.keyword.internal.KeywordMain.stepFailed(KeywordMain.groovy:50)
	at com.kms.katalon.core.mobile.keyword.internal.MobileKeywordMain.stepFailed(MobileKeywordMain.groovy:40)
	at com.kms.katalon.core.mobile.keyword.builtin.VerifyElementTextKeyword$_verifyElementText_closure1.doCall(VerifyElementTextKeyword.groovy:49)
	at com.kms.katalon.core.mobile.keyword.builtin.VerifyElementTextKeyword$_verifyElementText_closure1.call(VerifyElementTextKeyword.groovy)
	at com.kms.katalon.core.mobile.keyword.internal.MobileKeywordMain.runKeyword(MobileKeywordMain.groovy:21)
	at com.kms.katalon.core.mobile.keyword.builtin.VerifyElementTextKeyword.verifyElementText(VerifyElementTextKeyword.groovy:62)
	at com.kms.katalon.core.mobile.keyword.builtin.VerifyElementTextKeyword.execute(VerifyElementTextKeyword.groovy:39)
	at com.kms.katalon.core.keyword.internal.KeywordExecutor.executeKeywordForPlatform(KeywordExecutor.groovy:74)
	at com.kms.katalon.core.mobile.keyword.MobileBuiltInKeywords.verifyElementText(MobileBuiltInKeywords.groovy:2901)
	at com.kms.katalon.core.mobile.keyword.MobileBuiltInKeywords$verifyElementText$4.call(Unknown Source)
	at CPN15.run(CPN15:26)
	at com.kms.katalon.core.main.ScriptEngine.run(ScriptEngine.java:194)
	at com.kms.katalon.core.main.ScriptEngine.runScriptAsRawText(ScriptEngine.java:119)
	at com.kms.katalon.core.main.TestCaseExecutor.runScript(TestCaseExecutor.java:448)
	at com.kms.katalon.core.main.TestCaseExecutor.doExecute(TestCaseExecutor.java:439)
	at com.kms.katalon.core.main.TestCaseExecutor.processExecutionPhase(TestCaseExecutor.java:418)
	at com.kms.katalon.core.main.TestCaseExecutor.accessMainPhase(TestCaseExecutor.java:410)
	at com.kms.katalon.core.main.TestCaseExecutor.execute(TestCaseExecutor.java:285)
	at com.kms.katalon.core.common.CommonExecutor.accessTestCaseMainPhase(CommonExecutor.java:65)
	at com.kms.katalon.core.main.TestSuiteExecutor.accessTestSuiteMainPhase(TestSuiteExecutor.java:151)
	at com.kms.katalon.core.main.TestSuiteExecutor.execute(TestSuiteExecutor.java:106)
	at com.kms.katalon.core.main.TestCaseMain.startTestSuite(TestCaseMain.java:185)
	at com.kms.katalon.core.main.TestCaseMain$startTestSuite$0.call(Unknown Source)
	at TempTestSuite1684516932927.run(TempTestSuite1684516932927.groovy:36)


2023-05-19 12:24:37 - [TEST_STEP][PASSED] - clearText(findTestObject("Object Repository/Crear_cuenta/CPN15/android.widget.EditText - angello16"), 0): Element 'Object Repository/Crear_cuenta/CPN15/android.widget.EditText - angello16' text is cleared

2023-05-19 12:24:37 - [MESSAGE][WARNING] - Timeout '0' is invalid. Using default page load timeout: '30'

2023-05-19 12:24:38 - [MESSAGE][PASSED] - Element 'Object Repository/Crear_cuenta/CPN15/android.widget.EditText - angello16' text is cleared

2023-05-19 12:24:38 - [TEST_STEP][PASSED] - tap(findTestObject("Object Repository/Crear_cuenta/CPN15/android.widget.EditText - Apodo"), 0): Tapped on element 'Object Repository/Crear_cuenta/CPN15/android.widget.EditText - Apodo'

2023-05-19 12:24:38 - [MESSAGE][WARNING] - Timeout '0' is invalid. Using default page load timeout: '30'

2023-05-19 12:24:39 - [MESSAGE][PASSED] - Tapped on element 'Object Repository/Crear_cuenta/CPN15/android.widget.EditText - Apodo'

2023-05-19 12:24:39 - [TEST_STEP][PASSED] - setText(findTestObject("Object Repository/Crear_cuenta/CPN15/android.widget.EditText - P000"), "LIBRE02", 0): Text 'LIBRE02' has been set to element 'Object Repository/Crear_cuenta/CPN15/android.widget.EditText - P000'

2023-05-19 12:24:39 - [MESSAGE][WARNING] - Timeout '0' is invalid. Using default page load timeout: '30'

2023-05-19 12:24:41 - [MESSAGE][PASSED] - Text 'LIBRE02' has been set to element 'Object Repository/Crear_cuenta/CPN15/android.widget.EditText - P000'

2023-05-19 12:24:41 - [TEST_STEP][FAILED] - verifyElementText(findTestObject("Object Repository/Crear_cuenta/CPN15/android.widget.TextView - El apodo te servir para identificarse en NapoleoN Chat, no lo podrs cambiar despes"), "El apodo te servirá para identificarse en NapoleoN Chat, no lo podrás cambiar despúes"): Verify element text of test object 'Object Repository/Crear_cuenta/CPN15/android.widget.TextView - El apodo te servir para identificarse en NapoleoN Chat, no lo podrs cambiar despes' FAILED. (Root cause: com.kms.katalon.core.exception.StepFailedException: Element 'Object Repository/Crear_cuenta/CPN15/android.widget.TextView - El apodo te servir para identificarse en NapoleoN Chat, no lo podrs cambiar despes' not found
	at com.kms.katalon.core.keyword.internal.KeywordMain.stepFailed(KeywordMain.groovy:50)
	at com.kms.katalon.core.mobile.keyword.internal.MobileKeywordMain.stepFailed(MobileKeywordMain.groovy:40)
	at com.kms.katalon.core.mobile.keyword.builtin.VerifyElementTextKeyword$_verifyElementText_closure1.doCall(VerifyElementTextKeyword.groovy:49)
	at com.kms.katalon.core.mobile.keyword.builtin.VerifyElementTextKeyword$_verifyElementText_closure1.call(VerifyElementTextKeyword.groovy)
	at com.kms.katalon.core.mobile.keyword.internal.MobileKeywordMain.runKeyword(MobileKeywordMain.groovy:21)
	at com.kms.katalon.core.mobile.keyword.builtin.VerifyElementTextKeyword.verifyElementText(VerifyElementTextKeyword.groovy:62)
	at com.kms.katalon.core.mobile.keyword.builtin.VerifyElementTextKeyword.execute(VerifyElementTextKeyword.groovy:39)
	at com.kms.katalon.core.keyword.internal.KeywordExecutor.executeKeywordForPlatform(KeywordExecutor.groovy:74)
	at com.kms.katalon.core.mobile.keyword.MobileBuiltInKeywords.verifyElementText(MobileBuiltInKeywords.groovy:2901)
	at com.kms.katalon.core.mobile.keyword.MobileBuiltInKeywords$verifyElementText$4.call(Unknown Source)
	at CPN15.run(CPN15:26)
	at com.kms.katalon.core.main.ScriptEngine.run(ScriptEngine.java:194)
	at com.kms.katalon.core.main.ScriptEngine.runScriptAsRawText(ScriptEngine.java:119)
	at com.kms.katalon.core.main.TestCaseExecutor.runScript(TestCaseExecutor.java:448)
	at com.kms.katalon.core.main.TestCaseExecutor.doExecute(TestCaseExecutor.java:439)
	at com.kms.katalon.core.main.TestCaseExecutor.processExecutionPhase(TestCaseExecutor.java:418)
	at com.kms.katalon.core.main.TestCaseExecutor.accessMainPhase(TestCaseExecutor.java:410)
	at com.kms.katalon.core.main.TestCaseExecutor.execute(TestCaseExecutor.java:285)
	at com.kms.katalon.core.common.CommonExecutor.accessTestCaseMainPhase(CommonExecutor.java:65)
	at com.kms.katalon.core.main.TestSuiteExecutor.accessTestSuiteMainPhase(TestSuiteExecutor.java:151)
	at com.kms.katalon.core.main.TestSuiteExecutor.execute(TestSuiteExecutor.java:106)
	at com.kms.katalon.core.main.TestCaseMain.startTestSuite(TestCaseMain.java:185)
	at com.kms.katalon.core.main.TestCaseMain$startTestSuite$0.call(Unknown Source)
	at TempTestSuite1684516932927.run(TempTestSuite1684516932927.groovy:36)
)

2023-05-19 12:25:12 - [MESSAGE][FAILED] - Element 'Object Repository/Crear_cuenta/CPN15/android.widget.TextView - El apodo te servir para identificarse en NapoleoN Chat, no lo podrs cambiar despes' not found

2023-05-19 12:25:13 - [MESSAGE][FAILED] - Verify element text of test object 'Object Repository/Crear_cuenta/CPN15/android.widget.TextView - El apodo te servir para identificarse en NapoleoN Chat, no lo podrs cambiar despes' FAILED. (Root cause: com.kms.katalon.core.exception.StepFailedException: Element 'Object Repository/Crear_cuenta/CPN15/android.widget.TextView - El apodo te servir para identificarse en NapoleoN Chat, no lo podrs cambiar despes' not found
	at com.kms.katalon.core.keyword.internal.KeywordMain.stepFailed(KeywordMain.groovy:50)
	at com.kms.katalon.core.mobile.keyword.internal.MobileKeywordMain.stepFailed(MobileKeywordMain.groovy:40)
	at com.kms.katalon.core.mobile.keyword.builtin.VerifyElementTextKeyword$_verifyElementText_closure1.doCall(VerifyElementTextKeyword.groovy:49)
	at com.kms.katalon.core.mobile.keyword.builtin.VerifyElementTextKeyword$_verifyElementText_closure1.call(VerifyElementTextKeyword.groovy)
	at com.kms.katalon.core.mobile.keyword.internal.MobileKeywordMain.runKeyword(MobileKeywordMain.groovy:21)
	at com.kms.katalon.core.mobile.keyword.builtin.VerifyElementTextKeyword.verifyElementText(VerifyElementTextKeyword.groovy:62)
	at com.kms.katalon.core.mobile.keyword.builtin.VerifyElementTextKeyword.execute(VerifyElementTextKeyword.groovy:39)
	at com.kms.katalon.core.keyword.internal.KeywordExecutor.executeKeywordForPlatform(KeywordExecutor.groovy:74)
	at com.kms.katalon.core.mobile.keyword.MobileBuiltInKeywords.verifyElementText(MobileBuiltInKeywords.groovy:2901)
	at com.kms.katalon.core.mobile.keyword.MobileBuiltInKeywords$verifyElementText$4.call(Unknown Source)
	at CPN15.run(CPN15:26)
	at com.kms.katalon.core.main.ScriptEngine.run(ScriptEngine.java:194)
	at com.kms.katalon.core.main.ScriptEngine.runScriptAsRawText(ScriptEngine.java:119)
	at com.kms.katalon.core.main.TestCaseExecutor.runScript(TestCaseExecutor.java:448)
	at com.kms.katalon.core.main.TestCaseExecutor.doExecute(TestCaseExecutor.java:439)
	at com.kms.katalon.core.main.TestCaseExecutor.processExecutionPhase(TestCaseExecutor.java:418)
	at com.kms.katalon.core.main.TestCaseExecutor.accessMainPhase(TestCaseExecutor.java:410)
	at com.kms.katalon.core.main.TestCaseExecutor.execute(TestCaseExecutor.java:285)
	at com.kms.katalon.core.common.CommonExecutor.accessTestCaseMainPhase(CommonExecutor.java:65)
	at com.kms.katalon.core.main.TestSuiteExecutor.accessTestSuiteMainPhase(TestSuiteExecutor.java:151)
	at com.kms.katalon.core.main.TestSuiteExecutor.execute(TestSuiteExecutor.java:106)
	at com.kms.katalon.core.main.TestCaseMain.startTestSuite(TestCaseMain.java:185)
	at com.kms.katalon.core.main.TestCaseMain$startTestSuite$0.call(Unknown Source)
	at TempTestSuite1684516932927.run(TempTestSuite1684516932927.groovy:36)
)
[[ATTACHMENT|C:\\Users\\Testing\\Katalon Studio\\NN_Version2\\Reports\\20230519_122212\\Crear_usuario\\20230519_122212\\1684517112088.png]]]]></system-out>
         <system-err><![CDATA[2023-05-19 12:24:37 - [TEST_CASE][FAILED] - Test Cases/Crear cuenta/CPN15: Test Cases/Crear cuenta/CPN15 FAILED.
Reason:
com.kms.katalon.core.exception.StepFailedException: Element 'Object Repository/Crear_cuenta/CPN15/android.widget.TextView - El apodo te servir para identificarse en NapoleoN Chat, no lo podrs cambiar despes' not found
	at com.kms.katalon.core.keyword.internal.KeywordMain.stepFailed(KeywordMain.groovy:50)
	at com.kms.katalon.core.mobile.keyword.internal.MobileKeywordMain.stepFailed(MobileKeywordMain.groovy:40)
	at com.kms.katalon.core.mobile.keyword.builtin.VerifyElementTextKeyword$_verifyElementText_closure1.doCall(VerifyElementTextKeyword.groovy:49)
	at com.kms.katalon.core.mobile.keyword.builtin.VerifyElementTextKeyword$_verifyElementText_closure1.call(VerifyElementTextKeyword.groovy)
	at com.kms.katalon.core.mobile.keyword.internal.MobileKeywordMain.runKeyword(MobileKeywordMain.groovy:21)
	at com.kms.katalon.core.mobile.keyword.builtin.VerifyElementTextKeyword.verifyElementText(VerifyElementTextKeyword.groovy:62)
	at com.kms.katalon.core.mobile.keyword.builtin.VerifyElementTextKeyword.execute(VerifyElementTextKeyword.groovy:39)
	at com.kms.katalon.core.keyword.internal.KeywordExecutor.executeKeywordForPlatform(KeywordExecutor.groovy:74)
	at com.kms.katalon.core.mobile.keyword.MobileBuiltInKeywords.verifyElementText(MobileBuiltInKeywords.groovy:2901)
	at com.kms.katalon.core.mobile.keyword.MobileBuiltInKeywords$verifyElementText$4.call(Unknown Source)
	at CPN15.run(CPN15:26)
	at com.kms.katalon.core.main.ScriptEngine.run(ScriptEngine.java:194)
	at com.kms.katalon.core.main.ScriptEngine.runScriptAsRawText(ScriptEngine.java:119)
	at com.kms.katalon.core.main.TestCaseExecutor.runScript(TestCaseExecutor.java:448)
	at com.kms.katalon.core.main.TestCaseExecutor.doExecute(TestCaseExecutor.java:439)
	at com.kms.katalon.core.main.TestCaseExecutor.processExecutionPhase(TestCaseExecutor.java:418)
	at com.kms.katalon.core.main.TestCaseExecutor.accessMainPhase(TestCaseExecutor.java:410)
	at com.kms.katalon.core.main.TestCaseExecutor.execute(TestCaseExecutor.java:285)
	at com.kms.katalon.core.common.CommonExecutor.accessTestCaseMainPhase(CommonExecutor.java:65)
	at com.kms.katalon.core.main.TestSuiteExecutor.accessTestSuiteMainPhase(TestSuiteExecutor.java:151)
	at com.kms.katalon.core.main.TestSuiteExecutor.execute(TestSuiteExecutor.java:106)
	at com.kms.katalon.core.main.TestCaseMain.startTestSuite(TestCaseMain.java:185)
	at com.kms.katalon.core.main.TestCaseMain$startTestSuite$0.call(Unknown Source)
	at TempTestSuite1684516932927.run(TempTestSuite1684516932927.groovy:36)]]></system-err>
      </testcase>
      <testcase name="Test Cases/Crear cuenta/CPN16-17" time="17.376" classname="Test Cases/Crear cuenta/CPN16-17" status="PASSED">
         <system-out><![CDATA[2023-05-19 12:25:13 - [TEST_CASE][PASSED] - Test Cases/Crear cuenta/CPN16-17: Test Cases/Crear cuenta/CPN16-17

2023-05-19 12:25:13 - [TEST_STEP][PASSED] - tap(findTestObject("Object Repository/Crear_cuenta/CPN16-17/android.widget.EditText - Pin de Acceso"), 0): Tapped on element 'Object Repository/Crear_cuenta/CPN16-17/android.widget.EditText - Pin de Acceso'

2023-05-19 12:25:13 - [MESSAGE][WARNING] - Timeout '0' is invalid. Using default page load timeout: '30'

2023-05-19 12:25:22 - [MESSAGE][PASSED] - Tapped on element 'Object Repository/Crear_cuenta/CPN16-17/android.widget.EditText - Pin de Acceso'

2023-05-19 12:25:22 - [TEST_STEP][PASSED] - setText(findTestObject("Object Repository/Crear_cuenta/CPN16-17/android.widget.EditText - Pin de Acceso (1)"), "00000", 0): Text '00000' has been set to element 'Object Repository/Crear_cuenta/CPN16-17/android.widget.EditText - Pin de Acceso (1)'

2023-05-19 12:25:22 - [MESSAGE][WARNING] - Timeout '0' is invalid. Using default page load timeout: '30'

2023-05-19 12:25:25 - [MESSAGE][PASSED] - Text '00000' has been set to element 'Object Repository/Crear_cuenta/CPN16-17/android.widget.EditText - Pin de Acceso (1)'

2023-05-19 12:25:25 - [TEST_STEP][PASSED] - setText(findTestObject("Object Repository/Crear_cuenta/CPN16-17/android.widget.EditText - Confirmar nuevo pin de acceso"), "1234", 0): Text '1234' has been set to element 'Object Repository/Crear_cuenta/CPN16-17/android.widget.EditText - Confirmar nuevo pin de acceso'

2023-05-19 12:25:25 - [MESSAGE][WARNING] - Timeout '0' is invalid. Using default page load timeout: '30'

2023-05-19 12:25:27 - [MESSAGE][PASSED] - Text '1234' has been set to element 'Object Repository/Crear_cuenta/CPN16-17/android.widget.EditText - Confirmar nuevo pin de acceso'

2023-05-19 12:25:27 - [TEST_STEP][PASSED] - hideKeyboard(): Keyboard is hidden

2023-05-19 12:25:30 - [MESSAGE][PASSED] - Keyboard is hidden

2023-05-19 12:25:30 - [TEST_STEP][PASSED] - verifyElementText(findTestObject("Object Repository/Crear_cuenta/CPN16-17/android.widget.TextView - El pin de acceso no coincide"), "El pin de acceso no coincide"): Actual text and expected text of test object 'Object Repository/Crear_cuenta/CPN16-17/android.widget.TextView - El pin de acceso no coincide' are matched.

2023-05-19 12:25:30 - [MESSAGE][PASSED] - Actual text and expected text of test object 'Object Repository/Crear_cuenta/CPN16-17/android.widget.TextView - El pin de acceso no coincide' are matched.

2023-05-19 12:25:30 - [TEST_STEP][PASSED] - verifyElementText(findTestObject("Object Repository/Crear_cuenta/CPN16-17/android.widget.TextView - El pin de acceso no coincide (1)"), "El pin de acceso no coincide"): Actual text and expected text of test object 'Object Repository/Crear_cuenta/CPN16-17/android.widget.TextView - El pin de acceso no coincide (1)' are matched.

2023-05-19 12:25:30 - [MESSAGE][PASSED] - Actual text and expected text of test object 'Object Repository/Crear_cuenta/CPN16-17/android.widget.TextView - El pin de acceso no coincide (1)' are matched.]]></system-out>
         <system-err><![CDATA[]]></system-err>
      </testcase>
      <testcase name="Test Cases/Crear cuenta/CPN18-19" time="16.401" classname="Test Cases/Crear cuenta/CPN18-19" status="PASSED">
         <system-out><![CDATA[2023-05-19 12:25:30 - [TEST_CASE][PASSED] - Test Cases/Crear cuenta/CPN18-19: Test Cases/Crear cuenta/CPN18-19

2023-05-19 12:25:30 - [TEST_STEP][PASSED] - tap(findTestObject("Object Repository/Crear_cuenta/CPN18-19/android.widget.EditText - 0000"), 0): Tapped on element 'Object Repository/Crear_cuenta/CPN18-19/android.widget.EditText - 0000'

2023-05-19 12:25:30 - [MESSAGE][WARNING] - Timeout '0' is invalid. Using default page load timeout: '30'

2023-05-19 12:25:31 - [MESSAGE][PASSED] - Tapped on element 'Object Repository/Crear_cuenta/CPN18-19/android.widget.EditText - 0000'

2023-05-19 12:25:31 - [TEST_STEP][PASSED] - clearText(findTestObject("Object Repository/Crear_cuenta/CPN18-19/android.widget.EditText - 0000 (1)"), 0): Element 'Object Repository/Crear_cuenta/CPN18-19/android.widget.EditText - 0000 (1)' text is cleared

2023-05-19 12:25:31 - [MESSAGE][WARNING] - Timeout '0' is invalid. Using default page load timeout: '30'

2023-05-19 12:25:32 - [MESSAGE][PASSED] - Element 'Object Repository/Crear_cuenta/CPN18-19/android.widget.EditText - 0000 (1)' text is cleared

2023-05-19 12:25:32 - [TEST_STEP][PASSED] - clearText(findTestObject("Object Repository/Crear_cuenta/CPN18-19/android.widget.EditText - 1234"), 0): Element 'Object Repository/Crear_cuenta/CPN18-19/android.widget.EditText - 1234' text is cleared

2023-05-19 12:25:32 - [MESSAGE][WARNING] - Timeout '0' is invalid. Using default page load timeout: '30'

2023-05-19 12:25:33 - [MESSAGE][PASSED] - Element 'Object Repository/Crear_cuenta/CPN18-19/android.widget.EditText - 1234' text is cleared

2023-05-19 12:25:33 - [TEST_STEP][PASSED] - setText(findTestObject("Object Repository/Crear_cuenta/CPN18-19/android.widget.EditText - Pin de Acceso"), "0000", 0): Text '0000' has been set to element 'Object Repository/Crear_cuenta/CPN18-19/android.widget.EditText - Pin de Acceso'

2023-05-19 12:25:33 - [MESSAGE][WARNING] - Timeout '0' is invalid. Using default page load timeout: '30'

2023-05-19 12:25:36 - [MESSAGE][PASSED] - Text '0000' has been set to element 'Object Repository/Crear_cuenta/CPN18-19/android.widget.EditText - Pin de Acceso'

2023-05-19 12:25:36 - [TEST_STEP][PASSED] - setText(findTestObject("Object Repository/Crear_cuenta/CPN18-19/android.widget.EditText - Confirmar nuevo pin de acceso"), "1111", 0): Text '1111' has been set to element 'Object Repository/Crear_cuenta/CPN18-19/android.widget.EditText - Confirmar nuevo pin de acceso'

2023-05-19 12:25:36 - [MESSAGE][WARNING] - Timeout '0' is invalid. Using default page load timeout: '30'

2023-05-19 12:25:38 - [MESSAGE][PASSED] - Text '1111' has been set to element 'Object Repository/Crear_cuenta/CPN18-19/android.widget.EditText - Confirmar nuevo pin de acceso'

2023-05-19 12:25:38 - [TEST_STEP][PASSED] - clearText(findTestObject("Object Repository/Crear_cuenta/CPN18-19/android.widget.EditText - 1111"), 0): Element 'Object Repository/Crear_cuenta/CPN18-19/android.widget.EditText - 1111' text is cleared

2023-05-19 12:25:38 - [MESSAGE][WARNING] - Timeout '0' is invalid. Using default page load timeout: '30'

2023-05-19 12:25:39 - [MESSAGE][PASSED] - Element 'Object Repository/Crear_cuenta/CPN18-19/android.widget.EditText - 1111' text is cleared

2023-05-19 12:25:39 - [TEST_STEP][PASSED] - setText(findTestObject("Crear_cuenta/CPN18-19/android.widget.EditText - Confirmar nuevo pin de acceso"), "0000", 0): Text '0000' has been set to element 'Object Repository/Crear_cuenta/CPN18-19/android.widget.EditText - Confirmar nuevo pin de acceso'

2023-05-19 12:25:39 - [MESSAGE][WARNING] - Timeout '0' is invalid. Using default page load timeout: '30'

2023-05-19 12:25:42 - [MESSAGE][PASSED] - Text '0000' has been set to element 'Object Repository/Crear_cuenta/CPN18-19/android.widget.EditText - Confirmar nuevo pin de acceso'

2023-05-19 12:25:42 - [TEST_STEP][PASSED] - hideKeyboard(): Keyboard is hidden

2023-05-19 12:25:44 - [MESSAGE][PASSED] - Keyboard is hidden

2023-05-19 12:25:44 - [TEST_STEP][PASSED] - tap(findTestObject("Object Repository/Crear_cuenta/CPN18-19/android.widget.Button - Crear Cuenta"), 0): Tapped on element 'Object Repository/Crear_cuenta/CPN18-19/android.widget.Button - Crear Cuenta'

2023-05-19 12:25:44 - [MESSAGE][WARNING] - Timeout '0' is invalid. Using default page load timeout: '30'

2023-05-19 12:25:44 - [MESSAGE][PASSED] - Tapped on element 'Object Repository/Crear_cuenta/CPN18-19/android.widget.Button - Crear Cuenta'

2023-05-19 12:25:44 - [TEST_STEP][PASSED] - verifyElementExist(findTestObject("Object Repository/Crear_cuenta/CPN18-19/android.widget.TextView - NapoleoN"), 0): Element 'Object Repository/Crear_cuenta/CPN18-19/android.widget.TextView - NapoleoN' is exist

2023-05-19 12:25:44 - [MESSAGE][WARNING] - Timeout '0' is invalid. Using default page load timeout: '30'

2023-05-19 12:25:47 - [MESSAGE][PASSED] - Element 'Object Repository/Crear_cuenta/CPN18-19/android.widget.TextView - NapoleoN' is exist]]></system-out>
         <system-err><![CDATA[]]></system-err>
      </testcase>
      <system-out><![CDATA[2023-05-19 12:22:17 - [TEST_SUITE][FAILED] - Crear_usuario: Test Cases/Crear cuenta/CPN15 FAILED.
Reason:
com.kms.katalon.core.exception.StepFailedException: Element 'Object Repository/Crear_cuenta/CPN15/android.widget.TextView - El apodo te servir para identificarse en NapoleoN Chat, no lo podrs cambiar despes' not found
	at com.kms.katalon.core.keyword.internal.KeywordMain.stepFailed(KeywordMain.groovy:50)
	at com.kms.katalon.core.mobile.keyword.internal.MobileKeywordMain.stepFailed(MobileKeywordMain.groovy:40)
	at com.kms.katalon.core.mobile.keyword.builtin.VerifyElementTextKeyword$_verifyElementText_closure1.doCall(VerifyElementTextKeyword.groovy:49)
	at com.kms.katalon.core.mobile.keyword.builtin.VerifyElementTextKeyword$_verifyElementText_closure1.call(VerifyElementTextKeyword.groovy)
	at com.kms.katalon.core.mobile.keyword.internal.MobileKeywordMain.runKeyword(MobileKeywordMain.groovy:21)
	at com.kms.katalon.core.mobile.keyword.builtin.VerifyElementTextKeyword.verifyElementText(VerifyElementTextKeyword.groovy:62)
	at com.kms.katalon.core.mobile.keyword.builtin.VerifyElementTextKeyword.execute(VerifyElementTextKeyword.groovy:39)
	at com.kms.katalon.core.keyword.internal.KeywordExecutor.executeKeywordForPlatform(KeywordExecutor.groovy:74)
	at com.kms.katalon.core.mobile.keyword.MobileBuiltInKeywords.verifyElementText(MobileBuiltInKeywords.groovy:2901)
	at com.kms.katalon.core.mobile.keyword.MobileBuiltInKeywords$verifyElementText$4.call(Unknown Source)
	at CPN15.run(CPN15:26)
	at com.kms.katalon.core.main.ScriptEngine.run(ScriptEngine.java:194)
	at com.kms.katalon.core.main.ScriptEngine.runScriptAsRawText(ScriptEngine.java:119)
	at com.kms.katalon.core.main.TestCaseExecutor.runScript(TestCaseExecutor.java:448)
	at com.kms.katalon.core.main.TestCaseExecutor.doExecute(TestCaseExecutor.java:439)
	at com.kms.katalon.core.main.TestCaseExecutor.processExecutionPhase(TestCaseExecutor.java:418)
	at com.kms.katalon.core.main.TestCaseExecutor.accessMainPhase(TestCaseExecutor.java:410)
	at com.kms.katalon.core.main.TestCaseExecutor.execute(TestCaseExecutor.java:285)
	at com.kms.katalon.core.common.CommonExecutor.accessTestCaseMainPhase(CommonExecutor.java:65)
	at com.kms.katalon.core.main.TestSuiteExecutor.accessTestSuiteMainPhase(TestSuiteExecutor.java:151)
	at com.kms.katalon.core.main.TestSuiteExecutor.execute(TestSuiteExecutor.java:106)
	at com.kms.katalon.core.main.TestCaseMain.startTestSuite(TestCaseMain.java:185)
	at com.kms.katalon.core.main.TestCaseMain$startTestSuite$0.call(Unknown Source)
	at TempTestSuite1684516932927.run(TempTestSuite1684516932927.groovy:36)]]></system-out>
      <system-err><![CDATA[2023-05-19 12:22:17 - [TEST_SUITE][FAILED] - Crear_usuario: Test Cases/Crear cuenta/CPN15 FAILED.
Reason:
com.kms.katalon.core.exception.StepFailedException: Element 'Object Repository/Crear_cuenta/CPN15/android.widget.TextView - El apodo te servir para identificarse en NapoleoN Chat, no lo podrs cambiar despes' not found
	at com.kms.katalon.core.keyword.internal.KeywordMain.stepFailed(KeywordMain.groovy:50)
	at com.kms.katalon.core.mobile.keyword.internal.MobileKeywordMain.stepFailed(MobileKeywordMain.groovy:40)
	at com.kms.katalon.core.mobile.keyword.builtin.VerifyElementTextKeyword$_verifyElementText_closure1.doCall(VerifyElementTextKeyword.groovy:49)
	at com.kms.katalon.core.mobile.keyword.builtin.VerifyElementTextKeyword$_verifyElementText_closure1.call(VerifyElementTextKeyword.groovy)
	at com.kms.katalon.core.mobile.keyword.internal.MobileKeywordMain.runKeyword(MobileKeywordMain.groovy:21)
	at com.kms.katalon.core.mobile.keyword.builtin.VerifyElementTextKeyword.verifyElementText(VerifyElementTextKeyword.groovy:62)
	at com.kms.katalon.core.mobile.keyword.builtin.VerifyElementTextKeyword.execute(VerifyElementTextKeyword.groovy:39)
	at com.kms.katalon.core.keyword.internal.KeywordExecutor.executeKeywordForPlatform(KeywordExecutor.groovy:74)
	at com.kms.katalon.core.mobile.keyword.MobileBuiltInKeywords.verifyElementText(MobileBuiltInKeywords.groovy:2901)
	at com.kms.katalon.core.mobile.keyword.MobileBuiltInKeywords$verifyElementText$4.call(Unknown Source)
	at CPN15.run(CPN15:26)
	at com.kms.katalon.core.main.ScriptEngine.run(ScriptEngine.java:194)
	at com.kms.katalon.core.main.ScriptEngine.runScriptAsRawText(ScriptEngine.java:119)
	at com.kms.katalon.core.main.TestCaseExecutor.runScript(TestCaseExecutor.java:448)
	at com.kms.katalon.core.main.TestCaseExecutor.doExecute(TestCaseExecutor.java:439)
	at com.kms.katalon.core.main.TestCaseExecutor.processExecutionPhase(TestCaseExecutor.java:418)
	at com.kms.katalon.core.main.TestCaseExecutor.accessMainPhase(TestCaseExecutor.java:410)
	at com.kms.katalon.core.main.TestCaseExecutor.execute(TestCaseExecutor.java:285)
	at com.kms.katalon.core.common.CommonExecutor.accessTestCaseMainPhase(CommonExecutor.java:65)
	at com.kms.katalon.core.main.TestSuiteExecutor.accessTestSuiteMainPhase(TestSuiteExecutor.java:151)
	at com.kms.katalon.core.main.TestSuiteExecutor.execute(TestSuiteExecutor.java:106)
	at com.kms.katalon.core.main.TestCaseMain.startTestSuite(TestCaseMain.java:185)
	at com.kms.katalon.core.main.TestCaseMain$startTestSuite$0.call(Unknown Source)
	at TempTestSuite1684516932927.run(TempTestSuite1684516932927.groovy:36)]]></system-err>
   </testsuite>
</testsuites>
