<?xml version="1.0" encoding="UTF-8"?>
<testsuites name="Crear_usuario" time="90.668" tests="2" failures="0" errors="0">
   <testsuite name="Crear_usuario" tests="2" failures="0" errors="0" time="90.668" skipped="0" timestamp="2023-07-28 11:51:04" hostname="Testing - DESKTOP-OBIGNLU" id="Test Suites/Crear_usuario">
      <properties>
         <property name="deviceName" value="samsung SM-A107M (Android 11)"/>
         <property name="devicePlatform" value=""/>
         <property name="logFolder" value="C:\\Users\\Testing\\Katalon Studio\\NN_Version2\\Reports\\20230728_115057\\Crear_usuario\\20230728_115057"/>
         <property name="logFiles" value="C:\\Users\\Testing\\Katalon Studio\\NN_Version2\\Reports\\20230728_115057\\Crear_usuario\\20230728_115057\\appium.log, C:\\Users\\Testing\\Katalon Studio\\NN_Version2\\Reports\\20230728_115057\\Crear_usuario\\20230728_115057\\execution0.log"/>
         <property name="attachments" value=""/>
         <property name="hostName" value="Testing - DESKTOP-OBIGNLU"/>
         <property name="os" value="Windows 10 64bit"/>
         <property name="appiumServerStatus" value="{&quot;value&quot;:{&quot;build&quot;:{&quot;version&quot;:&quot;1.22.3&quot;}},&quot;sessionId&quot;:null,&quot;status&quot;:0}"/>
         <property name="katalonVersion" value="8.6.5.208"/>
         <property name="deviceOS" value="Android"/>
         <property name="appiumVersion" value="1.22.3"/>
         <property name="deviceModel" value="SM-A107M"/>
         <property name="hostAddress" value="192.168.1.7"/>
         <property name="deviceManufacturer" value="samsung"/>
         <property name="deviceId" value="R9WN40KBXDJ"/>
         <property name="deviceName" value="samsung SM-A107M (Android 11)"/>
         <property name="deviceOSVersion" value="11"/>
      </properties>
      <testcase name="Test Cases/ingreso para prueba" time="65.108" classname="Test Cases/ingreso para prueba" status="PASSED">
         <system-out><![CDATA[2023-07-28 11:51:04 - [TEST_CASE][PASSED] - Test Cases/ingreso para prueba: Test Cases/ingreso para prueba

2023-07-28 11:51:05 - [TEST_STEP][PASSED] - startApplication("C:\Users\Testing\Desktop\katalon\Version QA ACTUALIZADA 25-07-23\app-qa.apk", true): Started app at: 'C:\Users\Testing\Desktop\katalon\Version QA ACTUALIZADA 25-07-23\app-qa.apk'

2023-07-28 11:51:05 - [MESSAGE][INFO] - User set preference: ['deviceId', '']

2023-07-28 11:51:05 - [MESSAGE][INFO] - Detected NodeJS location: "C:\Program Files\nodejs\node.exe"

2023-07-28 11:51:07 - [MESSAGE][INFO] - Appium server started on port 58.515

2023-07-28 11:51:44 - [MESSAGE][PASSED] - Started app at: 'C:\Users\Testing\Desktop\katalon\Version QA ACTUALIZADA 25-07-23\app-qa.apk'

2023-07-28 11:51:44 - [TEST_STEP][PASSED] - tap(findTestObject("Object Repository/Parte1/ingreso solo prueba/android.widget.TextView - Omitir"), 0): Tapped on element 'Object Repository/Parte1/ingreso solo prueba/android.widget.TextView - Omitir'

2023-07-28 11:51:44 - [MESSAGE][WARNING] - Timeout '0' is invalid. Using default page load timeout: '30'

2023-07-28 11:51:45 - [MESSAGE][PASSED] - Tapped on element 'Object Repository/Parte1/ingreso solo prueba/android.widget.TextView - Omitir'

2023-07-28 11:51:45 - [TEST_STEP][PASSED] - tap(findTestObject("Object Repository/Parte1/ingreso solo prueba/android.widget.Button - Crear Cuenta"), 0): Tapped on element 'Object Repository/Parte1/ingreso solo prueba/android.widget.Button - Crear Cuenta'

2023-07-28 11:51:45 - [MESSAGE][WARNING] - Timeout '0' is invalid. Using default page load timeout: '30'

2023-07-28 11:51:46 - [MESSAGE][PASSED] - Tapped on element 'Object Repository/Parte1/ingreso solo prueba/android.widget.Button - Crear Cuenta'

2023-07-28 11:51:46 - [TEST_STEP][PASSED] - tap(findTestObject("Object Repository/Parte1/ingreso solo prueba/android.widget.Button - Enviar cdigo de registro"), 0): Tapped on element 'Object Repository/Parte1/ingreso solo prueba/android.widget.Button - Enviar cdigo de registro'

2023-07-28 11:51:46 - [MESSAGE][WARNING] - Timeout '0' is invalid. Using default page load timeout: '30'

2023-07-28 11:51:48 - [MESSAGE][PASSED] - Tapped on element 'Object Repository/Parte1/ingreso solo prueba/android.widget.Button - Enviar cdigo de registro'

2023-07-28 11:51:48 - [TEST_STEP][PASSED] - tap(findTestObject("Object Repository/Parte1/ingreso solo prueba/android.widget.Button - Continuar"), 0): Tapped on element 'Object Repository/Parte1/ingreso solo prueba/android.widget.Button - Continuar'

2023-07-28 11:51:48 - [MESSAGE][WARNING] - Timeout '0' is invalid. Using default page load timeout: '30'

2023-07-28 11:51:54 - [MESSAGE][PASSED] - Tapped on element 'Object Repository/Parte1/ingreso solo prueba/android.widget.Button - Continuar'

2023-07-28 11:51:54 - [TEST_STEP][PASSED] - setText(findTestObject("Object Repository/Parte1/ingreso solo prueba/android.widget.EditText - Apodo"), "libre024", 0): Text 'libre024' has been set to element 'Object Repository/Parte1/ingreso solo prueba/android.widget.EditText - Apodo'

2023-07-28 11:51:54 - [MESSAGE][WARNING] - Timeout '0' is invalid. Using default page load timeout: '30'

2023-07-28 11:51:59 - [MESSAGE][PASSED] - Text 'libre024' has been set to element 'Object Repository/Parte1/ingreso solo prueba/android.widget.EditText - Apodo'

2023-07-28 11:51:59 - [TEST_STEP][PASSED] - tap(findTestObject("Object Repository/Parte1/ingreso solo prueba/android.widget.Button - Siguiente"), 0): Tapped on element 'Object Repository/Parte1/ingreso solo prueba/android.widget.Button - Siguiente'

2023-07-28 11:51:59 - [MESSAGE][WARNING] - Timeout '0' is invalid. Using default page load timeout: '30'

2023-07-28 11:52:01 - [MESSAGE][PASSED] - Tapped on element 'Object Repository/Parte1/ingreso solo prueba/android.widget.Button - Siguiente'

2023-07-28 11:52:01 - [TEST_STEP][PASSED] - setText(findTestObject("Object Repository/Parte1/ingreso solo prueba/android.widget.EditText - Pin de Acceso"), "0000", 0): Text '0000' has been set to element 'Object Repository/Parte1/ingreso solo prueba/android.widget.EditText - Pin de Acceso'

2023-07-28 11:52:01 - [MESSAGE][WARNING] - Timeout '0' is invalid. Using default page load timeout: '30'

2023-07-28 11:52:04 - [MESSAGE][PASSED] - Text '0000' has been set to element 'Object Repository/Parte1/ingreso solo prueba/android.widget.EditText - Pin de Acceso'

2023-07-28 11:52:04 - [TEST_STEP][PASSED] - setText(findTestObject("Object Repository/Parte1/ingreso solo prueba/android.widget.EditText - Confirmar nuevo pin de acceso"), "0000", 0): Text '0000' has been set to element 'Object Repository/Parte1/ingreso solo prueba/android.widget.EditText - Confirmar nuevo pin de acceso'

2023-07-28 11:52:04 - [MESSAGE][WARNING] - Timeout '0' is invalid. Using default page load timeout: '30'

2023-07-28 11:52:06 - [MESSAGE][PASSED] - Text '0000' has been set to element 'Object Repository/Parte1/ingreso solo prueba/android.widget.EditText - Confirmar nuevo pin de acceso'

2023-07-28 11:52:06 - [TEST_STEP][PASSED] - tap(findTestObject("Object Repository/Parte1/ingreso solo prueba/android.widget.Button - Crear Cuenta (1)"), 0): Tapped on element 'Object Repository/Parte1/ingreso solo prueba/android.widget.Button - Crear Cuenta (1)'

2023-07-28 11:52:06 - [MESSAGE][WARNING] - Timeout '0' is invalid. Using default page load timeout: '30'

2023-07-28 11:52:07 - [MESSAGE][PASSED] - Tapped on element 'Object Repository/Parte1/ingreso solo prueba/android.widget.Button - Crear Cuenta (1)'

2023-07-28 11:52:07 - [TEST_STEP][PASSED] - delay(2, CONTINUE_ON_FAILURE): Delayed 2 second(s)

2023-07-28 11:52:09 - [MESSAGE][PASSED] - Delayed 2 second(s)]]></system-out>
         <system-err><![CDATA[]]></system-err>
      </testcase>
      <testcase name="Test Cases/Parte2/Chats/CPN214" time="25.225" classname="Test Cases/Parte2/Chats/CPN214" status="PASSED">
         <system-out><![CDATA[2023-07-28 11:52:09 - [TEST_CASE][PASSED] - Test Cases/Parte2/Chats/CPN214: Test Cases/Parte2/Chats/CPN214

2023-07-28 11:52:10 - [TEST_STEP][PASSED] - tap(findTestObject("Object Repository/Parte2/Ajustes cuenta/Chats/CPN214/android.widget.FrameLayout"), 0): Tapped on element 'Object Repository/Parte2/Ajustes cuenta/Chats/CPN214/android.widget.FrameLayout'

2023-07-28 11:52:10 - [MESSAGE][WARNING] - Timeout '0' is invalid. Using default page load timeout: '30'

2023-07-28 11:52:11 - [MESSAGE][PASSED] - Tapped on element 'Object Repository/Parte2/Ajustes cuenta/Chats/CPN214/android.widget.FrameLayout'

2023-07-28 11:52:11 - [TEST_STEP][PASSED] - tap(findTestObject("Object Repository/Parte2/Ajustes cuenta/Chats/CPN214/android.widget.LinearLayout"), 0): Tapped on element 'Object Repository/Parte2/Ajustes cuenta/Chats/CPN214/android.widget.LinearLayout'

2023-07-28 11:52:11 - [MESSAGE][WARNING] - Timeout '0' is invalid. Using default page load timeout: '30'

2023-07-28 11:52:13 - [MESSAGE][PASSED] - Tapped on element 'Object Repository/Parte2/Ajustes cuenta/Chats/CPN214/android.widget.LinearLayout'

2023-07-28 11:52:13 - [TEST_STEP][PASSED] - tap(findTestObject("Object Repository/Parte2/Ajustes cuenta/Chats/CPN214/android.widget.LinearLayout (1)"), 0): Tapped on element 'Object Repository/Parte2/Ajustes cuenta/Chats/CPN214/android.widget.LinearLayout (1)'

2023-07-28 11:52:13 - [MESSAGE][WARNING] - Timeout '0' is invalid. Using default page load timeout: '30'

2023-07-28 11:52:15 - [MESSAGE][PASSED] - Tapped on element 'Object Repository/Parte2/Ajustes cuenta/Chats/CPN214/android.widget.LinearLayout (1)'

2023-07-28 11:52:15 - [TEST_STEP][PASSED] - tap(findTestObject("Object Repository/Parte2/Ajustes cuenta/Chats/CPN214/android.widget.LinearLayout (2)"), 0): Tapped on element 'Object Repository/Parte2/Ajustes cuenta/Chats/CPN214/android.widget.LinearLayout (2)'

2023-07-28 11:52:15 - [MESSAGE][WARNING] - Timeout '0' is invalid. Using default page load timeout: '30'

2023-07-28 11:52:16 - [MESSAGE][PASSED] - Tapped on element 'Object Repository/Parte2/Ajustes cuenta/Chats/CPN214/android.widget.LinearLayout (2)'

2023-07-28 11:52:16 - [TEST_STEP][PASSED] - delay(2, CONTINUE_ON_FAILURE): Delayed 2 second(s)

2023-07-28 11:52:18 - [MESSAGE][PASSED] - Delayed 2 second(s)

2023-07-28 11:52:18 - [TEST_STEP][PASSED] - tap(findTestObject("Object Repository/Parte2/Ajustes cuenta/Chats/CPN214/android.widget.ImageButton"), 0): Tapped on element 'Object Repository/Parte2/Ajustes cuenta/Chats/CPN214/android.widget.ImageButton'

2023-07-28 11:52:18 - [MESSAGE][WARNING] - Timeout '0' is invalid. Using default page load timeout: '30'

2023-07-28 11:52:18 - [MESSAGE][PASSED] - Tapped on element 'Object Repository/Parte2/Ajustes cuenta/Chats/CPN214/android.widget.ImageButton'

2023-07-28 11:52:18 - [TEST_STEP][PASSED] - delay(3, CONTINUE_ON_FAILURE): Delayed 3 second(s)

2023-07-28 11:52:21 - [MESSAGE][PASSED] - Delayed 3 second(s)

2023-07-28 11:52:21 - [TEST_STEP][PASSED] - pinchToZoomInAtPosition(200, 300, -10, STOP_ON_FAILURE): Zoomed in at [200, 300] with offset -10

2023-07-28 11:52:22 - [MESSAGE][PASSED] - Zoomed in at [200, 300] with offset -10

2023-07-28 11:52:22 - [TEST_STEP][PASSED] - delay(5, CONTINUE_ON_FAILURE): Delayed 5 second(s)

2023-07-28 11:52:27 - [MESSAGE][PASSED] - Delayed 5 second(s)

2023-07-28 11:52:27 - [TEST_STEP][PASSED] - tap(findTestObject("Object Repository/Parte2/Ajustes cuenta/Chats/CPN214/android.widget.TextView"), 0): Tapped on element 'Object Repository/Parte2/Ajustes cuenta/Chats/CPN214/android.widget.TextView'

2023-07-28 11:52:27 - [MESSAGE][WARNING] - Timeout '0' is invalid. Using default page load timeout: '30'

2023-07-28 11:52:29 - [MESSAGE][PASSED] - Tapped on element 'Object Repository/Parte2/Ajustes cuenta/Chats/CPN214/android.widget.TextView'

2023-07-28 11:52:29 - [TEST_STEP][PASSED] - delay(2, CONTINUE_ON_FAILURE): Delayed 2 second(s)

2023-07-28 11:52:31 - [MESSAGE][PASSED] - Delayed 2 second(s)

2023-07-28 11:52:31 - [TEST_STEP][PASSED] - pressBack(): Press back button successfully

2023-07-28 11:52:31 - [MESSAGE][PASSED] - Press back button successfully

2023-07-28 11:52:31 - [TEST_STEP][PASSED] - tap(findTestObject("Object Repository/Parte2/Ajustes cuenta/Chats/CPN214/android.widget.ImageButton (1)"), 0): Tapped on element 'Object Repository/Parte2/Ajustes cuenta/Chats/CPN214/android.widget.ImageButton (1)'

2023-07-28 11:52:31 - [MESSAGE][WARNING] - Timeout '0' is invalid. Using default page load timeout: '30'

2023-07-28 11:52:32 - [MESSAGE][PASSED] - Tapped on element 'Object Repository/Parte2/Ajustes cuenta/Chats/CPN214/android.widget.ImageButton (1)'

2023-07-28 11:52:32 - [TEST_STEP][PASSED] - delay(2, CONTINUE_ON_FAILURE): Delayed 2 second(s)

2023-07-28 11:52:34 - [MESSAGE][PASSED] - Delayed 2 second(s)

2023-07-28 11:52:34 - [TEST_STEP][PASSED] - tap(findTestObject("Object Repository/Parte2/Ajustes cuenta/Chats/CPN214/android.widget.FrameLayout (1)"), 0): Tapped on element 'Object Repository/Parte2/Ajustes cuenta/Chats/CPN214/android.widget.FrameLayout (1)'

2023-07-28 11:52:34 - [MESSAGE][WARNING] - Timeout '0' is invalid. Using default page load timeout: '30'

2023-07-28 11:52:35 - [MESSAGE][PASSED] - Tapped on element 'Object Repository/Parte2/Ajustes cuenta/Chats/CPN214/android.widget.FrameLayout (1)']]></system-out>
         <system-err><![CDATA[]]></system-err>
      </testcase>
      <system-out><![CDATA[2023-07-28 11:51:04 - [TEST_SUITE][PASSED] - Crear_usuario: Test Cases/Parte2/Chats/CPN214]]></system-out>
      <system-err><![CDATA[]]></system-err>
   </testsuite>
</testsuites>
