<?xml version="1.0" encoding="UTF-8"?>
<testsuites name="PRUEBA-CPN105.1" time="627.368" tests="27" failures="0" errors="0">
   <testsuite name="PRUEBA-CPN105.1" tests="27" failures="0" errors="0" time="627.368" skipped="0" timestamp="2023-06-16 09:14:34" hostname="Testing - DESKTOP-OBIGNLU" id="Test Suites/PRUEBA-CPN105.1">
      <properties>
         <property name="deviceName" value="samsung SM-A107M (Android 11)"/>
         <property name="devicePlatform" value=""/>
         <property name="logFolder" value="C:\\Users\\Testing\\Katalon Studio\\NN_Version2\\Reports\\20230616_091428\\PRUEBA-CPN105.1\\20230616_091428"/>
         <property name="logFiles" value="C:\\Users\\Testing\\Katalon Studio\\NN_Version2\\Reports\\20230616_091428\\PRUEBA-CPN105.1\\20230616_091428\\appium.log, C:\\Users\\Testing\\Katalon Studio\\NN_Version2\\Reports\\20230616_091428\\PRUEBA-CPN105.1\\20230616_091428\\execution0.log"/>
         <property name="attachments" value=""/>
         <property name="hostName" value="Testing - DESKTOP-OBIGNLU"/>
         <property name="os" value="Windows 10 64bit"/>
         <property name="appiumServerStatus" value="{&quot;value&quot;:{&quot;build&quot;:{&quot;version&quot;:&quot;1.22.3&quot;}},&quot;sessionId&quot;:null,&quot;status&quot;:0}"/>
         <property name="katalonVersion" value="8.6.5.208"/>
         <property name="deviceOS" value="Android"/>
         <property name="appiumVersion" value="1.22.3"/>
         <property name="deviceModel" value="SM-A107M"/>
         <property name="hostAddress" value="192.168.1.1"/>
         <property name="deviceManufacturer" value="samsung"/>
         <property name="deviceId" value="R9WN40KBXDJ"/>
         <property name="deviceName" value="samsung SM-A107M (Android 11)"/>
         <property name="deviceOSVersion" value="11"/>
      </properties>
      <testcase name="Test Cases/CPNTUTORIAL/CPNTUTORIAL" time="52.781" classname="Test Cases/CPNTUTORIAL/CPNTUTORIAL" status="PASSED">
         <system-out><![CDATA[2023-06-16 09:14:34 - [TEST_CASE][PASSED] - Test Cases/CPNTUTORIAL/CPNTUTORIAL: Test Cases/CPNTUTORIAL/CPNTUTORIAL

2023-06-16 09:14:35 - [TEST_STEP][PASSED] - startApplication("C:\Users\Testing\Desktop\katalon\APK SERVIDOR NUEVO\NapoleoN.apk", true): Started app at: 'C:\Users\Testing\Desktop\katalon\APK SERVIDOR NUEVO\NapoleoN.apk'

2023-06-16 09:14:35 - [MESSAGE][INFO] - User set preference: ['deviceId', '']

2023-06-16 09:14:35 - [MESSAGE][INFO] - Detected NodeJS location: "C:\Program Files\nodejs\node.exe"

2023-06-16 09:14:37 - [MESSAGE][INFO] - Appium server started on port 57.260

2023-06-16 09:15:18 - [MESSAGE][PASSED] - Started app at: 'C:\Users\Testing\Desktop\katalon\APK SERVIDOR NUEVO\NapoleoN.apk'

2023-06-16 09:15:18 - [TEST_STEP][PASSED] - verifyElementText(findTestObject("Object Repository/CPNTUTORIAL/android.widget.FrameLayout (1)"), ""): Actual text and expected text of test object 'Object Repository/CPNTUTORIAL/android.widget.FrameLayout (1)' are matched.

2023-06-16 09:15:19 - [MESSAGE][PASSED] - Actual text and expected text of test object 'Object Repository/CPNTUTORIAL/android.widget.FrameLayout (1)' are matched.

2023-06-16 09:15:19 - [TEST_STEP][PASSED] - tap(findTestObject("Object Repository/CPNTUTORIAL/android.widget.TextView - Omitir"), 1): Tapped on element 'Object Repository/CPNTUTORIAL/android.widget.TextView - Omitir'

2023-06-16 09:15:19 - [MESSAGE][PASSED] - Tapped on element 'Object Repository/CPNTUTORIAL/android.widget.TextView - Omitir'

2023-06-16 09:15:19 - [TEST_STEP][PASSED] - pressBack(): Press back button successfully

2023-06-16 09:15:20 - [MESSAGE][PASSED] - Press back button successfully

2023-06-16 09:15:20 - [TEST_STEP][PASSED] - toggleWifi("ON", STOP_ON_FAILURE): Toggled wifi

2023-06-16 09:15:21 - [MESSAGE][PASSED] - Toggled wifi

2023-06-16 09:15:21 - [TEST_STEP][PASSED] - tap(findTestObject("Object Repository/CPNTUTORIAL/android.widget.TextView - Siguiente"), 1): Tapped on element 'Object Repository/CPNTUTORIAL/android.widget.TextView - Siguiente'

2023-06-16 09:15:22 - [MESSAGE][PASSED] - Tapped on element 'Object Repository/CPNTUTORIAL/android.widget.TextView - Siguiente'

2023-06-16 09:15:22 - [TEST_STEP][PASSED] - verifyElementText(findTestObject("CPNTUTORIAL/android.widget.FrameLayout"), ""): Actual text and expected text of test object 'Object Repository/CPNTUTORIAL/android.widget.FrameLayout' are matched.

2023-06-16 09:15:22 - [MESSAGE][PASSED] - Actual text and expected text of test object 'Object Repository/CPNTUTORIAL/android.widget.FrameLayout' are matched.

2023-06-16 09:15:22 - [TEST_STEP][PASSED] - tap(findTestObject("Object Repository/CPNTUTORIAL/android.widget.TextView - Siguiente (1)"), 500): Tapped on element 'Object Repository/CPNTUTORIAL/android.widget.TextView - Siguiente (1)'

2023-06-16 09:15:23 - [MESSAGE][PASSED] - Tapped on element 'Object Repository/CPNTUTORIAL/android.widget.TextView - Siguiente (1)'

2023-06-16 09:15:23 - [TEST_STEP][PASSED] - verifyElementText(findTestObject("CPNTUTORIAL/android.widget.FrameLayout"), ""): Actual text and expected text of test object 'Object Repository/CPNTUTORIAL/android.widget.FrameLayout' are matched.

2023-06-16 09:15:23 - [MESSAGE][PASSED] - Actual text and expected text of test object 'Object Repository/CPNTUTORIAL/android.widget.FrameLayout' are matched.

2023-06-16 09:15:23 - [TEST_STEP][PASSED] - tap(findTestObject("CPNTUTORIAL/android.widget.TextView - Siguiente (1)"), 500): Tapped on element 'Object Repository/CPNTUTORIAL/android.widget.TextView - Siguiente (1)'

2023-06-16 09:15:24 - [MESSAGE][PASSED] - Tapped on element 'Object Repository/CPNTUTORIAL/android.widget.TextView - Siguiente (1)'

2023-06-16 09:15:24 - [TEST_STEP][PASSED] - tap(findTestObject("CPNTUTORIAL/android.widget.TextView - Siguiente (1)"), 100): Tapped on element 'Object Repository/CPNTUTORIAL/android.widget.TextView - Siguiente (1)'

2023-06-16 09:15:25 - [MESSAGE][PASSED] - Tapped on element 'Object Repository/CPNTUTORIAL/android.widget.TextView - Siguiente (1)'

2023-06-16 09:15:25 - [TEST_STEP][PASSED] - verifyElementText(findTestObject("CPNTUTORIAL/android.widget.FrameLayout"), ""): Actual text and expected text of test object 'Object Repository/CPNTUTORIAL/android.widget.FrameLayout' are matched.

2023-06-16 09:15:26 - [MESSAGE][PASSED] - Actual text and expected text of test object 'Object Repository/CPNTUTORIAL/android.widget.FrameLayout' are matched.

2023-06-16 09:15:26 - [TEST_STEP][PASSED] - tap(findTestObject("CPNTUTORIAL/android.widget.TextView - Siguiente (1)"), 1): Tapped on element 'Object Repository/CPNTUTORIAL/android.widget.TextView - Siguiente (1)'

2023-06-16 09:15:26 - [MESSAGE][PASSED] - Tapped on element 'Object Repository/CPNTUTORIAL/android.widget.TextView - Siguiente (1)'

2023-06-16 09:15:26 - [TEST_STEP][PASSED] - verifyElementText(findTestObject("CPNTUTORIAL/android.widget.FrameLayout"), ""): Actual text and expected text of test object 'Object Repository/CPNTUTORIAL/android.widget.FrameLayout' are matched.

2023-06-16 09:15:27 - [MESSAGE][PASSED] - Actual text and expected text of test object 'Object Repository/CPNTUTORIAL/android.widget.FrameLayout' are matched.

2023-06-16 09:15:27 - [TEST_STEP][PASSED] - tap(findTestObject("Object Repository/CPNTUTORIAL/android.widget.TextView - Empezar"), 100): Tapped on element 'Object Repository/CPNTUTORIAL/android.widget.TextView - Empezar'

2023-06-16 09:15:27 - [MESSAGE][PASSED] - Tapped on element 'Object Repository/CPNTUTORIAL/android.widget.TextView - Empezar']]></system-out>
         <system-err><![CDATA[]]></system-err>
      </testcase>
      <testcase name="Test Cases/Abrir_App/CPN1" time="6.975" classname="Test Cases/Abrir_App/CPN1" status="PASSED">
         <system-out><![CDATA[2023-06-16 09:15:27 - [TEST_CASE][PASSED] - Test Cases/Abrir_App/CPN1: Test Cases/Abrir_App/CPN1

2023-06-16 09:15:27 - [TEST_STEP][PASSED] - pressBack(): Press back button successfully

2023-06-16 09:15:28 - [MESSAGE][PASSED] - Press back button successfully

2023-06-16 09:15:28 - [TEST_STEP][PASSED] - pressBack(): Press back button successfully

2023-06-16 09:15:29 - [MESSAGE][PASSED] - Press back button successfully

2023-06-16 09:15:29 - [TEST_STEP][PASSED] - toggleWifi("OFF", STOP_ON_FAILURE): Toggled wifi

2023-06-16 09:15:30 - [MESSAGE][PASSED] - Toggled wifi

2023-06-16 09:15:30 - [TEST_STEP][PASSED] - tap(findTestObject("Object Repository/Abrir_App/CPN1/android.widget.TextView - NapoleoN"), 3000): Tapped on element 'Object Repository/Abrir_App/CPN1/android.widget.TextView - NapoleoN'

2023-06-16 09:15:31 - [MESSAGE][PASSED] - Tapped on element 'Object Repository/Abrir_App/CPN1/android.widget.TextView - NapoleoN'

2023-06-16 09:15:31 - [TEST_STEP][PASSED] - delay(2): Delayed 2 second(s)

2023-06-16 09:15:33 - [MESSAGE][PASSED] - Delayed 2 second(s)

2023-06-16 09:15:33 - [TEST_STEP][PASSED] - toggleWifi("ON", STOP_ON_FAILURE): Toggled wifi

2023-06-16 09:15:34 - [MESSAGE][PASSED] - Toggled wifi]]></system-out>
         <system-err><![CDATA[]]></system-err>
      </testcase>
      <testcase name="Test Cases/Abrir_App/CPN2" time="5.307" classname="Test Cases/Abrir_App/CPN2" status="PASSED">
         <system-out><![CDATA[2023-06-16 09:15:34 - [TEST_CASE][PASSED] - Test Cases/Abrir_App/CPN2: Test Cases/Abrir_App/CPN2

2023-06-16 09:15:34 - [TEST_STEP][PASSED] - pressBack(): Press back button successfully

2023-06-16 09:15:35 - [MESSAGE][PASSED] - Press back button successfully

2023-06-16 09:15:35 - [TEST_STEP][PASSED] - pressBack(): Press back button successfully

2023-06-16 09:15:36 - [MESSAGE][PASSED] - Press back button successfully

2023-06-16 09:15:36 - [TEST_STEP][PASSED] - tap(findTestObject("Object Repository/CPN2/android.widget.TextView - NapoleoN"), 500): Tapped on element 'Object Repository/CPN2/android.widget.TextView - NapoleoN'

2023-06-16 09:15:36 - [MESSAGE][PASSED] - Tapped on element 'Object Repository/CPN2/android.widget.TextView - NapoleoN'

2023-06-16 09:15:36 - [TEST_STEP][PASSED] - toggleWifi("off", STOP_ON_FAILURE): Toggled wifi

2023-06-16 09:15:38 - [MESSAGE][PASSED] - Toggled wifi

2023-06-16 09:15:38 - [TEST_STEP][PASSED] - delay(2, STOP_ON_FAILURE): Delayed 2 second(s)

2023-06-16 09:15:40 - [MESSAGE][PASSED] - Delayed 2 second(s)]]></system-out>
         <system-err><![CDATA[]]></system-err>
      </testcase>
      <testcase name="Test Cases/Abrir_App/CPN3" time="16.801" classname="Test Cases/Abrir_App/CPN3" status="PASSED">
         <system-out><![CDATA[2023-06-16 09:15:40 - [TEST_CASE][PASSED] - Test Cases/Abrir_App/CPN3: Test Cases/Abrir_App/CPN3

2023-06-16 09:15:40 - [TEST_STEP][PASSED] - pressBack(): Press back button successfully

2023-06-16 09:15:40 - [MESSAGE][PASSED] - Press back button successfully

2023-06-16 09:15:40 - [TEST_STEP][PASSED] - pressBack(): Press back button successfully

2023-06-16 09:15:41 - [MESSAGE][PASSED] - Press back button successfully

2023-06-16 09:15:41 - [TEST_STEP][PASSED] - toggleWifi("ON", STOP_ON_FAILURE): Toggled wifi

2023-06-16 09:15:42 - [MESSAGE][PASSED] - Toggled wifi

2023-06-16 09:15:42 - [TEST_STEP][PASSED] - delay(4): Delayed 4 second(s)

2023-06-16 09:15:46 - [MESSAGE][PASSED] - Delayed 4 second(s)

2023-06-16 09:15:46 - [TEST_STEP][PASSED] - toggleWifi("OFF", STOP_ON_FAILURE): Toggled wifi

2023-06-16 09:15:47 - [MESSAGE][PASSED] - Toggled wifi

2023-06-16 09:15:47 - [TEST_STEP][PASSED] - tap(findTestObject("Abrir_App/CPN1/android.widget.TextView - NapoleoN"), 0): Tapped on element 'Object Repository/Abrir_App/CPN1/android.widget.TextView - NapoleoN'

2023-06-16 09:15:47 - [MESSAGE][WARNING] - Timeout '0' is invalid. Using default page load timeout: '30'

2023-06-16 09:15:48 - [MESSAGE][PASSED] - Tapped on element 'Object Repository/Abrir_App/CPN1/android.widget.TextView - NapoleoN'

2023-06-16 09:15:48 - [TEST_STEP][PASSED] - tap(findTestObject("Abrir_App/CPN3/android.widget.Button - Crear Cuenta"), 0): Tapped on element 'Object Repository/Abrir_App/CPN3/android.widget.Button - Crear Cuenta'

2023-06-16 09:15:48 - [MESSAGE][WARNING] - Timeout '0' is invalid. Using default page load timeout: '30'

2023-06-16 09:15:49 - [MESSAGE][PASSED] - Tapped on element 'Object Repository/Abrir_App/CPN3/android.widget.Button - Crear Cuenta'

2023-06-16 09:15:49 - [TEST_STEP][PASSED] - delay(3): Delayed 3 second(s)

2023-06-16 09:15:52 - [MESSAGE][PASSED] - Delayed 3 second(s)

2023-06-16 09:15:52 - [TEST_STEP][PASSED] - tap(findTestObject("Object Repository/Abrir_App/CPN3/android.widget.Button - Enviar cdigo de registro"), 0): Tapped on element 'Object Repository/Abrir_App/CPN3/android.widget.Button - Enviar cdigo de registro'

2023-06-16 09:15:52 - [MESSAGE][WARNING] - Timeout '0' is invalid. Using default page load timeout: '30'

2023-06-16 09:15:53 - [MESSAGE][PASSED] - Tapped on element 'Object Repository/Abrir_App/CPN3/android.widget.Button - Enviar cdigo de registro'

2023-06-16 09:15:53 - [TEST_STEP][PASSED] - verifyElementVisible(findTestObject("Object Repository/Abrir_App/CPN3/android.widget.FrameLayout"), 0): Element 'Object Repository/Abrir_App/CPN3/android.widget.FrameLayout' is visible

2023-06-16 09:15:53 - [MESSAGE][WARNING] - Timeout '0' is invalid. Using default page load timeout: '30'

2023-06-16 09:15:55 - [MESSAGE][PASSED] - Element 'Object Repository/Abrir_App/CPN3/android.widget.FrameLayout' is visible

2023-06-16 09:15:55 - [TEST_STEP][PASSED] - tap(findTestObject("Object Repository/Abrir_App/CPN3/android.widget.Button - OK"), 0): Tapped on element 'Object Repository/Abrir_App/CPN3/android.widget.Button - OK'

2023-06-16 09:15:55 - [MESSAGE][WARNING] - Timeout '0' is invalid. Using default page load timeout: '30'

2023-06-16 09:15:55 - [MESSAGE][PASSED] - Tapped on element 'Object Repository/Abrir_App/CPN3/android.widget.Button - OK'

2023-06-16 09:15:55 - [TEST_STEP][PASSED] - toggleWifi("ON", STOP_ON_FAILURE): Toggled wifi

2023-06-16 09:15:56 - [MESSAGE][PASSED] - Toggled wifi]]></system-out>
         <system-err><![CDATA[]]></system-err>
      </testcase>
      <testcase name="Test Cases/INICIA_SESION_APODO_INEXISTENTE3.1/CPN21" time="26.091" classname="Test Cases/INICIA_SESION_APODO_INEXISTENTE3.1/CPN21" status="PASSED">
         <system-out><![CDATA[2023-06-16 09:15:56 - [TEST_CASE][PASSED] - Test Cases/INICIA_SESION_APODO_INEXISTENTE3.1/CPN21: Test Cases/INICIA_SESION_APODO_INEXISTENTE3.1/CPN21

2023-06-16 09:15:57 - [TEST_STEP][PASSED] - delay(4): Delayed 4 second(s)

2023-06-16 09:16:01 - [MESSAGE][PASSED] - Delayed 4 second(s)

2023-06-16 09:16:01 - [TEST_STEP][PASSED] - tap(findTestObject("Object Repository/INICIA_SESION_APODO_INEXISTENTE/CPN21/android.widget.ImageButton"), 1): Tapped on element 'Object Repository/INICIA_SESION_APODO_INEXISTENTE/CPN21/android.widget.ImageButton'

2023-06-16 09:16:01 - [MESSAGE][PASSED] - Tapped on element 'Object Repository/INICIA_SESION_APODO_INEXISTENTE/CPN21/android.widget.ImageButton'

2023-06-16 09:16:01 - [TEST_STEP][PASSED] - tap(findTestObject("Object Repository/INICIA_SESION_APODO_INEXISTENTE/CPN21/android.widget.TextView - Iniciar sesin"), 1): Tapped on element 'Object Repository/INICIA_SESION_APODO_INEXISTENTE/CPN21/android.widget.TextView - Iniciar sesin'

2023-06-16 09:16:02 - [MESSAGE][PASSED] - Tapped on element 'Object Repository/INICIA_SESION_APODO_INEXISTENTE/CPN21/android.widget.TextView - Iniciar sesin'

2023-06-16 09:16:02 - [TEST_STEP][PASSED] - verifyElementText(findTestObject("Object Repository/INICIA_SESION_APODO_INEXISTENTE/CPN21/android.widget.TextView - Recuperar Cuenta"), "Recuperar Cuenta"): Actual text and expected text of test object 'Object Repository/INICIA_SESION_APODO_INEXISTENTE/CPN21/android.widget.TextView - Recuperar Cuenta' are matched.

2023-06-16 09:16:04 - [MESSAGE][PASSED] - Actual text and expected text of test object 'Object Repository/INICIA_SESION_APODO_INEXISTENTE/CPN21/android.widget.TextView - Recuperar Cuenta' are matched.

2023-06-16 09:16:04 - [TEST_STEP][PASSED] - tap(findTestObject("Object Repository/INICIA_SESION_APODO_INEXISTENTE/CPN21/android.widget.EditText - Apodo"), 1): Tapped on element 'Object Repository/INICIA_SESION_APODO_INEXISTENTE/CPN21/android.widget.EditText - Apodo'

2023-06-16 09:16:04 - [MESSAGE][PASSED] - Tapped on element 'Object Repository/INICIA_SESION_APODO_INEXISTENTE/CPN21/android.widget.EditText - Apodo'

2023-06-16 09:16:04 - [TEST_STEP][PASSED] - setText(findTestObject("Object Repository/INICIA_SESION_APODO_INEXISTENTE/CPN21/android.widget.EditText - Apodo (1)"), "AUTOMATIZACION", 0): Text 'AUTOMATIZACION' has been set to element 'Object Repository/INICIA_SESION_APODO_INEXISTENTE/CPN21/android.widget.EditText - Apodo (1)'

2023-06-16 09:16:04 - [MESSAGE][WARNING] - Timeout '0' is invalid. Using default page load timeout: '30'

2023-06-16 09:16:07 - [MESSAGE][PASSED] - Text 'AUTOMATIZACION' has been set to element 'Object Repository/INICIA_SESION_APODO_INEXISTENTE/CPN21/android.widget.EditText - Apodo (1)'

2023-06-16 09:16:07 - [TEST_STEP][PASSED] - hideKeyboard(): Keyboard is hidden

2023-06-16 09:16:10 - [MESSAGE][PASSED] - Keyboard is hidden

2023-06-16 09:16:10 - [TEST_STEP][PASSED] - tap(findTestObject("Object Repository/INICIA_SESION_APODO_INEXISTENTE/CPN21/android.widget.Button - Recuperar"), 1): Tapped on element 'Object Repository/INICIA_SESION_APODO_INEXISTENTE/CPN21/android.widget.Button - Recuperar'

2023-06-16 09:16:10 - [MESSAGE][PASSED] - Tapped on element 'Object Repository/INICIA_SESION_APODO_INEXISTENTE/CPN21/android.widget.Button - Recuperar'

2023-06-16 09:16:10 - [TEST_STEP][PASSED] - tap(findTestObject("Object Repository/INICIA_SESION_APODO_INEXISTENTE/CPN21/android.widget.RadioButton - No eleg esta pregunta"), 400): Tapped on element 'Object Repository/INICIA_SESION_APODO_INEXISTENTE/CPN21/android.widget.RadioButton - No eleg esta pregunta'

2023-06-16 09:16:13 - [MESSAGE][PASSED] - Tapped on element 'Object Repository/INICIA_SESION_APODO_INEXISTENTE/CPN21/android.widget.RadioButton - No eleg esta pregunta'

2023-06-16 09:16:13 - [TEST_STEP][PASSED] - tap(findTestObject("Object Repository/INICIA_SESION_APODO_INEXISTENTE/CPN21/android.widget.Button - Siguiente"), 200): Tapped on element 'Object Repository/INICIA_SESION_APODO_INEXISTENTE/CPN21/android.widget.Button - Siguiente'

2023-06-16 09:16:13 - [MESSAGE][PASSED] - Tapped on element 'Object Repository/INICIA_SESION_APODO_INEXISTENTE/CPN21/android.widget.Button - Siguiente'

2023-06-16 09:16:13 - [TEST_STEP][PASSED] - tap(findTestObject("Object Repository/INICIA_SESION_APODO_INEXISTENTE/CPN21/android.widget.Button - Siguiente (1)"), 200): Tapped on element 'Object Repository/INICIA_SESION_APODO_INEXISTENTE/CPN21/android.widget.Button - Siguiente (1)'

2023-06-16 09:16:14 - [MESSAGE][PASSED] - Tapped on element 'Object Repository/INICIA_SESION_APODO_INEXISTENTE/CPN21/android.widget.Button - Siguiente (1)'

2023-06-16 09:16:14 - [TEST_STEP][PASSED] - tap(findTestObject("Object Repository/INICIA_SESION_APODO_INEXISTENTE/CPN21/android.widget.RadioGroup"), 100): Tapped on element 'Object Repository/INICIA_SESION_APODO_INEXISTENTE/CPN21/android.widget.RadioGroup'

2023-06-16 09:16:15 - [MESSAGE][PASSED] - Tapped on element 'Object Repository/INICIA_SESION_APODO_INEXISTENTE/CPN21/android.widget.RadioGroup'

2023-06-16 09:16:15 - [TEST_STEP][PASSED] - tap(findTestObject("INICIA_SESION_APODO_INEXISTENTE/CPN21/android.widget.Button - Siguiente (1)"), 200): Tapped on element 'Object Repository/INICIA_SESION_APODO_INEXISTENTE/CPN21/android.widget.Button - Siguiente (1)'

2023-06-16 09:16:15 - [MESSAGE][PASSED] - Tapped on element 'Object Repository/INICIA_SESION_APODO_INEXISTENTE/CPN21/android.widget.Button - Siguiente (1)'

2023-06-16 09:16:15 - [TEST_STEP][PASSED] - tap(findTestObject("Object Repository/INICIA_SESION_APODO_INEXISTENTE/CPN21/android.widget.RadioGroup (1)"), 1): Tapped on element 'Object Repository/INICIA_SESION_APODO_INEXISTENTE/CPN21/android.widget.RadioGroup (1)'

2023-06-16 09:16:16 - [MESSAGE][PASSED] - Tapped on element 'Object Repository/INICIA_SESION_APODO_INEXISTENTE/CPN21/android.widget.RadioGroup (1)'

2023-06-16 09:16:16 - [TEST_STEP][PASSED] - tap(findTestObject("INICIA_SESION_APODO_INEXISTENTE/CPN21/android.widget.Button - Siguiente (1)"), 100): Tapped on element 'Object Repository/INICIA_SESION_APODO_INEXISTENTE/CPN21/android.widget.Button - Siguiente (1)'

2023-06-16 09:16:17 - [MESSAGE][PASSED] - Tapped on element 'Object Repository/INICIA_SESION_APODO_INEXISTENTE/CPN21/android.widget.Button - Siguiente (1)'

2023-06-16 09:16:17 - [TEST_STEP][PASSED] - tap(findTestObject("INICIA_SESION_APODO_INEXISTENTE/CPN21/android.widget.Button - Siguiente (1)"), 400): Tapped on element 'Object Repository/INICIA_SESION_APODO_INEXISTENTE/CPN21/android.widget.Button - Siguiente (1)'

2023-06-16 09:16:18 - [MESSAGE][PASSED] - Tapped on element 'Object Repository/INICIA_SESION_APODO_INEXISTENTE/CPN21/android.widget.Button - Siguiente (1)'

2023-06-16 09:16:18 - [TEST_STEP][PASSED] - tap(findTestObject("INICIA_SESION_APODO_INEXISTENTE/CPN21/android.widget.RadioGroup (1)"), 200): Tapped on element 'Object Repository/INICIA_SESION_APODO_INEXISTENTE/CPN21/android.widget.RadioGroup (1)'

2023-06-16 09:16:18 - [MESSAGE][PASSED] - Tapped on element 'Object Repository/INICIA_SESION_APODO_INEXISTENTE/CPN21/android.widget.RadioGroup (1)'

2023-06-16 09:16:18 - [TEST_STEP][PASSED] - tap(findTestObject("INICIA_SESION_APODO_INEXISTENTE/CPN21/android.widget.Button - Siguiente (1)"), 400): Tapped on element 'Object Repository/INICIA_SESION_APODO_INEXISTENTE/CPN21/android.widget.Button - Siguiente (1)'

2023-06-16 09:16:19 - [MESSAGE][PASSED] - Tapped on element 'Object Repository/INICIA_SESION_APODO_INEXISTENTE/CPN21/android.widget.Button - Siguiente (1)'

2023-06-16 09:16:19 - [TEST_STEP][PASSED] - tap(findTestObject("INICIA_SESION_APODO_INEXISTENTE/CPN21/android.widget.RadioGroup (1)"), 400): Tapped on element 'Object Repository/INICIA_SESION_APODO_INEXISTENTE/CPN21/android.widget.RadioGroup (1)'

2023-06-16 09:16:20 - [MESSAGE][PASSED] - Tapped on element 'Object Repository/INICIA_SESION_APODO_INEXISTENTE/CPN21/android.widget.RadioGroup (1)'

2023-06-16 09:16:20 - [TEST_STEP][PASSED] - tap(findTestObject("Object Repository/INICIA_SESION_APODO_INEXISTENTE/CPN21/android.widget.Button - Finalizar"), 200): Tapped on element 'Object Repository/INICIA_SESION_APODO_INEXISTENTE/CPN21/android.widget.Button - Finalizar'

2023-06-16 09:16:21 - [MESSAGE][PASSED] - Tapped on element 'Object Repository/INICIA_SESION_APODO_INEXISTENTE/CPN21/android.widget.Button - Finalizar'

2023-06-16 09:16:21 - [TEST_STEP][PASSED] - verifyElementVisible(findTestObject("Object Repository/INICIA_SESION_APODO_INEXISTENTE/CPN21/androidx.appcompat.widget.LinearLayoutCompat"), 200): Element 'Object Repository/INICIA_SESION_APODO_INEXISTENTE/CPN21/androidx.appcompat.widget.LinearLayoutCompat' is visible

2023-06-16 09:16:22 - [MESSAGE][PASSED] - Element 'Object Repository/INICIA_SESION_APODO_INEXISTENTE/CPN21/androidx.appcompat.widget.LinearLayoutCompat' is visible

2023-06-16 09:16:22 - [TEST_STEP][PASSED] - tap(findTestObject("Object Repository/INICIA_SESION_APODO_INEXISTENTE/CPN21/android.widget.Button - Cerrar"), 200): Tapped on element 'Object Repository/INICIA_SESION_APODO_INEXISTENTE/CPN21/android.widget.Button - Cerrar'

2023-06-16 09:16:22 - [MESSAGE][PASSED] - Tapped on element 'Object Repository/INICIA_SESION_APODO_INEXISTENTE/CPN21/android.widget.Button - Cerrar']]></system-out>
         <system-err><![CDATA[]]></system-err>
      </testcase>
      <testcase name="Test Cases/INICIA_SESION_APODO_EXISTENTE3.2/CPN22" time="18.233" classname="Test Cases/INICIA_SESION_APODO_EXISTENTE3.2/CPN22" status="PASSED">
         <system-out><![CDATA[2023-06-16 09:16:22 - [TEST_CASE][PASSED] - Test Cases/INICIA_SESION_APODO_EXISTENTE3.2/CPN22: Test Cases/INICIA_SESION_APODO_EXISTENTE3.2/CPN22

2023-06-16 09:16:23 - [TEST_STEP][PASSED] - tap(findTestObject("Object Repository/INICIA_SESION_APODO_EXISTENTE/CPN22/android.widget.EditText - Apodo"), 1): Tapped on element 'Object Repository/INICIA_SESION_APODO_EXISTENTE/CPN22/android.widget.EditText - Apodo'

2023-06-16 09:16:25 - [MESSAGE][PASSED] - Tapped on element 'Object Repository/INICIA_SESION_APODO_EXISTENTE/CPN22/android.widget.EditText - Apodo'

2023-06-16 09:16:25 - [TEST_STEP][PASSED] - setText(findTestObject("Object Repository/INICIA_SESION_APODO_EXISTENTE/CPN22/android.widget.EditText - Apodo (1)"), "EDWIN_1324", 0): Text 'EDWIN_1324' has been set to element 'Object Repository/INICIA_SESION_APODO_EXISTENTE/CPN22/android.widget.EditText - Apodo (1)'

2023-06-16 09:16:25 - [MESSAGE][WARNING] - Timeout '0' is invalid. Using default page load timeout: '30'

2023-06-16 09:16:27 - [MESSAGE][PASSED] - Text 'EDWIN_1324' has been set to element 'Object Repository/INICIA_SESION_APODO_EXISTENTE/CPN22/android.widget.EditText - Apodo (1)'

2023-06-16 09:16:27 - [TEST_STEP][PASSED] - hideKeyboard(): Keyboard is hidden

2023-06-16 09:16:29 - [MESSAGE][PASSED] - Keyboard is hidden

2023-06-16 09:16:29 - [TEST_STEP][PASSED] - tap(findTestObject("Object Repository/INICIA_SESION_APODO_EXISTENTE/CPN22/android.widget.Button - Recuperar"), 100): Tapped on element 'Object Repository/INICIA_SESION_APODO_EXISTENTE/CPN22/android.widget.Button - Recuperar'

2023-06-16 09:16:29 - [MESSAGE][PASSED] - Tapped on element 'Object Repository/INICIA_SESION_APODO_EXISTENTE/CPN22/android.widget.Button - Recuperar'

2023-06-16 09:16:29 - [TEST_STEP][PASSED] - tap(findTestObject("INICIA_SESION_APODO_EXISTENTE/CPN22/android.widget.RadioGroup"), 100): Tapped on element 'Object Repository/INICIA_SESION_APODO_EXISTENTE/CPN22/android.widget.RadioGroup'

2023-06-16 09:16:30 - [MESSAGE][PASSED] - Tapped on element 'Object Repository/INICIA_SESION_APODO_EXISTENTE/CPN22/android.widget.RadioGroup'

2023-06-16 09:16:30 - [TEST_STEP][PASSED] - tap(findTestObject("Object Repository/INICIA_SESION_APODO_EXISTENTE/CPN22/android.widget.Button - Siguiente"), 100): Tapped on element 'Object Repository/INICIA_SESION_APODO_EXISTENTE/CPN22/android.widget.Button - Siguiente'

2023-06-16 09:16:32 - [MESSAGE][PASSED] - Tapped on element 'Object Repository/INICIA_SESION_APODO_EXISTENTE/CPN22/android.widget.Button - Siguiente'

2023-06-16 09:16:32 - [TEST_STEP][PASSED] - tap(findTestObject("Object Repository/INICIA_SESION_APODO_EXISTENTE/CPN22/android.widget.Button - Siguiente (1)"), 100): Tapped on element 'Object Repository/INICIA_SESION_APODO_EXISTENTE/CPN22/android.widget.Button - Siguiente (1)'

2023-06-16 09:16:32 - [MESSAGE][PASSED] - Tapped on element 'Object Repository/INICIA_SESION_APODO_EXISTENTE/CPN22/android.widget.Button - Siguiente (1)'

2023-06-16 09:16:32 - [TEST_STEP][PASSED] - tap(findTestObject("Object Repository/INICIA_SESION_APODO_EXISTENTE/CPN22/android.widget.RadioGroup (1)"), 100): Tapped on element 'Object Repository/INICIA_SESION_APODO_EXISTENTE/CPN22/android.widget.RadioGroup (1)'

2023-06-16 09:16:32 - [MESSAGE][PASSED] - Tapped on element 'Object Repository/INICIA_SESION_APODO_EXISTENTE/CPN22/android.widget.RadioGroup (1)'

2023-06-16 09:16:32 - [TEST_STEP][PASSED] - tap(findTestObject("INICIA_SESION_APODO_EXISTENTE/CPN22/android.widget.Button - Siguiente (1)"), 100): Tapped on element 'Object Repository/INICIA_SESION_APODO_EXISTENTE/CPN22/android.widget.Button - Siguiente (1)'

2023-06-16 09:16:34 - [MESSAGE][PASSED] - Tapped on element 'Object Repository/INICIA_SESION_APODO_EXISTENTE/CPN22/android.widget.Button - Siguiente (1)'

2023-06-16 09:16:34 - [TEST_STEP][PASSED] - tap(findTestObject("Object Repository/INICIA_SESION_APODO_EXISTENTE/CPN22/android.widget.RadioButton - No eleg esta pregunta"), 100): Tapped on element 'Object Repository/INICIA_SESION_APODO_EXISTENTE/CPN22/android.widget.RadioButton - No eleg esta pregunta'

2023-06-16 09:16:34 - [MESSAGE][PASSED] - Tapped on element 'Object Repository/INICIA_SESION_APODO_EXISTENTE/CPN22/android.widget.RadioButton - No eleg esta pregunta'

2023-06-16 09:16:34 - [TEST_STEP][PASSED] - tap(findTestObject("INICIA_SESION_APODO_EXISTENTE/CPN22/android.widget.Button - Siguiente (1)"), 100): Tapped on element 'Object Repository/INICIA_SESION_APODO_EXISTENTE/CPN22/android.widget.Button - Siguiente (1)'

2023-06-16 09:16:35 - [MESSAGE][PASSED] - Tapped on element 'Object Repository/INICIA_SESION_APODO_EXISTENTE/CPN22/android.widget.Button - Siguiente (1)'

2023-06-16 09:16:35 - [TEST_STEP][PASSED] - tap(findTestObject("INICIA_SESION_APODO_EXISTENTE/CPN22/android.widget.RadioGroup"), 100): Tapped on element 'Object Repository/INICIA_SESION_APODO_EXISTENTE/CPN22/android.widget.RadioGroup'

2023-06-16 09:16:36 - [MESSAGE][PASSED] - Tapped on element 'Object Repository/INICIA_SESION_APODO_EXISTENTE/CPN22/android.widget.RadioGroup'

2023-06-16 09:16:36 - [TEST_STEP][PASSED] - tap(findTestObject("INICIA_SESION_APODO_EXISTENTE/CPN22/android.widget.Button - Siguiente (1)"), 100): Tapped on element 'Object Repository/INICIA_SESION_APODO_EXISTENTE/CPN22/android.widget.Button - Siguiente (1)'

2023-06-16 09:16:37 - [MESSAGE][PASSED] - Tapped on element 'Object Repository/INICIA_SESION_APODO_EXISTENTE/CPN22/android.widget.Button - Siguiente (1)'

2023-06-16 09:16:37 - [TEST_STEP][PASSED] - tap(findTestObject("INICIA_SESION_APODO_EXISTENTE/CPN22/android.widget.RadioGroup"), 100): Tapped on element 'Object Repository/INICIA_SESION_APODO_EXISTENTE/CPN22/android.widget.RadioGroup'

2023-06-16 09:16:37 - [MESSAGE][PASSED] - Tapped on element 'Object Repository/INICIA_SESION_APODO_EXISTENTE/CPN22/android.widget.RadioGroup'

2023-06-16 09:16:37 - [TEST_STEP][PASSED] - tap(findTestObject("Object Repository/INICIA_SESION_APODO_EXISTENTE/CPN22/android.widget.Button - Finalizar"), 100): Tapped on element 'Object Repository/INICIA_SESION_APODO_EXISTENTE/CPN22/android.widget.Button - Finalizar'

2023-06-16 09:16:38 - [MESSAGE][PASSED] - Tapped on element 'Object Repository/INICIA_SESION_APODO_EXISTENTE/CPN22/android.widget.Button - Finalizar'

2023-06-16 09:16:38 - [TEST_STEP][PASSED] - verifyElementVisible(findTestObject("Object Repository/INICIA_SESION_APODO_EXISTENTE/CPN22/androidx.appcompat.widget.LinearLayoutCompat"), 100): Element 'Object Repository/INICIA_SESION_APODO_EXISTENTE/CPN22/androidx.appcompat.widget.LinearLayoutCompat' is visible

2023-06-16 09:16:39 - [MESSAGE][PASSED] - Element 'Object Repository/INICIA_SESION_APODO_EXISTENTE/CPN22/androidx.appcompat.widget.LinearLayoutCompat' is visible

2023-06-16 09:16:39 - [TEST_STEP][PASSED] - tap(findTestObject("Object Repository/INICIA_SESION_APODO_EXISTENTE/CPN22/android.widget.Button - Cerrar"), 100): Tapped on element 'Object Repository/INICIA_SESION_APODO_EXISTENTE/CPN22/android.widget.Button - Cerrar'

2023-06-16 09:16:40 - [MESSAGE][PASSED] - Tapped on element 'Object Repository/INICIA_SESION_APODO_EXISTENTE/CPN22/android.widget.Button - Cerrar'

2023-06-16 09:16:40 - [TEST_STEP][PASSED] - tap(findTestObject("Object Repository/INICIA_SESION_APODO_EXISTENTE/CPN22/android.widget.ImageButton"), 100): Tapped on element 'Object Repository/INICIA_SESION_APODO_EXISTENTE/CPN22/android.widget.ImageButton'

2023-06-16 09:16:41 - [MESSAGE][PASSED] - Tapped on element 'Object Repository/INICIA_SESION_APODO_EXISTENTE/CPN22/android.widget.ImageButton']]></system-out>
         <system-err><![CDATA[]]></system-err>
      </testcase>
      <testcase name="Test Cases/Abrir_App/CPN4" time="7.119" classname="Test Cases/Abrir_App/CPN4" status="PASSED">
         <system-out><![CDATA[2023-06-16 09:16:41 - [TEST_CASE][PASSED] - Test Cases/Abrir_App/CPN4: Test Cases/Abrir_App/CPN4

2023-06-16 09:16:41 - [TEST_STEP][PASSED] - toggleWifi("off", STOP_ON_FAILURE): Toggled wifi

2023-06-16 09:16:42 - [MESSAGE][PASSED] - Toggled wifi

2023-06-16 09:16:42 - [TEST_STEP][PASSED] - toggleWifi("on", STOP_ON_FAILURE): Toggled wifi

2023-06-16 09:16:43 - [MESSAGE][PASSED] - Toggled wifi

2023-06-16 09:16:43 - [TEST_STEP][PASSED] - delay(5): Delayed 5 second(s)

2023-06-16 09:16:48 - [MESSAGE][PASSED] - Delayed 5 second(s)]]></system-out>
         <system-err><![CDATA[]]></system-err>
      </testcase>
      <testcase name="Test Cases/Crear cuenta/CPN5" time="6.91" classname="Test Cases/Crear cuenta/CPN5" status="PASSED">
         <system-out><![CDATA[2023-06-16 09:16:48 - [TEST_CASE][PASSED] - Test Cases/Crear cuenta/CPN5: Test Cases/Crear cuenta/CPN5

2023-06-16 09:16:48 - [TEST_STEP][PASSED] - tap(findTestObject("Object Repository/Crear_cuenta/CPN5/android.widget.Button - Crear Cuenta"), 100): Tapped on element 'Object Repository/Crear_cuenta/CPN5/android.widget.Button - Crear Cuenta'

2023-06-16 09:16:48 - [MESSAGE][PASSED] - Tapped on element 'Object Repository/Crear_cuenta/CPN5/android.widget.Button - Crear Cuenta'

2023-06-16 09:16:48 - [TEST_STEP][PASSED] - verifyElementText(findTestObject("Crear_cuenta/CPN5/android.widget.FrameLayout"), ""): Actual text and expected text of test object 'Object Repository/Crear_cuenta/CPN5/android.widget.FrameLayout' are matched.

2023-06-16 09:16:49 - [MESSAGE][PASSED] - Actual text and expected text of test object 'Object Repository/Crear_cuenta/CPN5/android.widget.FrameLayout' are matched.

2023-06-16 09:16:49 - [TEST_STEP][PASSED] - tap(findTestObject("Object Repository/Crear_cuenta/CPN5/android.widget.Button - Enviar cdigo de registro"), 200): Tapped on element 'Object Repository/Crear_cuenta/CPN5/android.widget.Button - Enviar cdigo de registro'

2023-06-16 09:16:50 - [MESSAGE][PASSED] - Tapped on element 'Object Repository/Crear_cuenta/CPN5/android.widget.Button - Enviar cdigo de registro'

2023-06-16 09:16:50 - [TEST_STEP][PASSED] - verifyElementText(findTestObject("Object Repository/Crear_cuenta/CPN5/android.widget.TextView - Bienvenido a NapoleoN Chat"), "Bienvenido a NapoleoN Chat"): Actual text and expected text of test object 'Object Repository/Crear_cuenta/CPN5/android.widget.TextView - Bienvenido a NapoleoN Chat' are matched.

2023-06-16 09:16:54 - [MESSAGE][PASSED] - Actual text and expected text of test object 'Object Repository/Crear_cuenta/CPN5/android.widget.TextView - Bienvenido a NapoleoN Chat' are matched.

2023-06-16 09:16:54 - [TEST_STEP][PASSED] - verifyElementVisible(findTestObject("Object Repository/Crear_cuenta/CPN5/android.widget.LinearLayout"), 0): Element 'Object Repository/Crear_cuenta/CPN5/android.widget.LinearLayout' is visible

2023-06-16 09:16:54 - [MESSAGE][WARNING] - Timeout '0' is invalid. Using default page load timeout: '30'

2023-06-16 09:16:55 - [MESSAGE][PASSED] - Element 'Object Repository/Crear_cuenta/CPN5/android.widget.LinearLayout' is visible]]></system-out>
         <system-err><![CDATA[]]></system-err>
      </testcase>
      <testcase name="Test Cases/Crear cuenta/CPN6-7" time="29.075" classname="Test Cases/Crear cuenta/CPN6-7" status="PASSED">
         <system-out><![CDATA[2023-06-16 09:16:55 - [TEST_CASE][PASSED] - Test Cases/Crear cuenta/CPN6-7: Test Cases/Crear cuenta/CPN6-7

2023-06-16 09:16:55 - [TEST_STEP][PASSED] - verifyElementVisible(findTestObject("Crear_cuenta/CPN6-7/android.widget.LinearLayout"), 1): Element 'Object Repository/Crear_cuenta/CPN6-7/android.widget.LinearLayout' is visible

2023-06-16 09:16:56 - [MESSAGE][PASSED] - Element 'Object Repository/Crear_cuenta/CPN6-7/android.widget.LinearLayout' is visible

2023-06-16 09:16:56 - [TEST_STEP][PASSED] - tap(findTestObject("Object Repository/Crear_cuenta/CPN6-7/android.widget.Button - Reenviar cdigo"), 1): Tapped on element 'Object Repository/Crear_cuenta/CPN6-7/android.widget.Button - Reenviar cdigo'

2023-06-16 09:16:56 - [MESSAGE][PASSED] - Tapped on element 'Object Repository/Crear_cuenta/CPN6-7/android.widget.Button - Reenviar cdigo'

2023-06-16 09:16:56 - [TEST_STEP][PASSED] - delay(1): Delayed 1 second(s)

2023-06-16 09:16:57 - [MESSAGE][PASSED] - Delayed 1 second(s)

2023-06-16 09:16:57 - [TEST_STEP][PASSED] - verifyElementVisible(findTestObject("Crear_cuenta/CPN6-7/android.widget.LinearLayout"), 1): Element 'Object Repository/Crear_cuenta/CPN6-7/android.widget.LinearLayout' is visible

2023-06-16 09:16:59 - [MESSAGE][PASSED] - Element 'Object Repository/Crear_cuenta/CPN6-7/android.widget.LinearLayout' is visible

2023-06-16 09:16:59 - [TEST_STEP][PASSED] - tap(findTestObject("Crear_cuenta/CPN6-7/android.widget.Button - Reenviar cdigo (1)"), 1): Tapped on element 'Object Repository/Crear_cuenta/CPN6-7/android.widget.Button - Reenviar cdigo (1)'

2023-06-16 09:16:59 - [MESSAGE][PASSED] - Tapped on element 'Object Repository/Crear_cuenta/CPN6-7/android.widget.Button - Reenviar cdigo (1)'

2023-06-16 09:16:59 - [TEST_STEP][PASSED] - delay(24): Delayed 24 second(s)

2023-06-16 09:17:23 - [MESSAGE][PASSED] - Delayed 24 second(s)

2023-06-16 09:17:23 - [TEST_STEP][PASSED] - tap(findTestObject("Crear_cuenta/CPN6-7/android.widget.Button - Reenviar cdigo (1)"), 1): Tapped on element 'Object Repository/Crear_cuenta/CPN6-7/android.widget.Button - Reenviar cdigo (1)'

2023-06-16 09:17:24 - [MESSAGE][PASSED] - Tapped on element 'Object Repository/Crear_cuenta/CPN6-7/android.widget.Button - Reenviar cdigo (1)']]></system-out>
         <system-err><![CDATA[]]></system-err>
      </testcase>
      <testcase name="Test Cases/Crear cuenta/CPN9" time="14.254" classname="Test Cases/Crear cuenta/CPN9" status="PASSED">
         <system-out><![CDATA[2023-06-16 09:17:24 - [TEST_CASE][PASSED] - Test Cases/Crear cuenta/CPN9: Test Cases/Crear cuenta/CPN9

2023-06-16 09:17:24 - [TEST_STEP][PASSED] - tap(findTestObject("Object Repository/Crear_cuenta/CPN9/android.widget.Button - Continuar"), 0): Tapped on element 'Object Repository/Crear_cuenta/CPN9/android.widget.Button - Continuar'

2023-06-16 09:17:24 - [MESSAGE][WARNING] - Timeout '0' is invalid. Using default page load timeout: '30'

2023-06-16 09:17:29 - [MESSAGE][PASSED] - Tapped on element 'Object Repository/Crear_cuenta/CPN9/android.widget.Button - Continuar'

2023-06-16 09:17:29 - [TEST_STEP][PASSED] - delay(2, STOP_ON_FAILURE): Delayed 2 second(s)

2023-06-16 09:17:31 - [MESSAGE][PASSED] - Delayed 2 second(s)

2023-06-16 09:17:31 - [TEST_STEP][PASSED] - verifyElementText(findTestObject("Object Repository/Crear_cuenta/CPN9/android.view.ViewGroup"), ""): Actual text and expected text of test object 'Object Repository/Crear_cuenta/CPN9/android.view.ViewGroup' are matched.

2023-06-16 09:17:31 - [MESSAGE][PASSED] - Actual text and expected text of test object 'Object Repository/Crear_cuenta/CPN9/android.view.ViewGroup' are matched.

2023-06-16 09:17:31 - [TEST_STEP][PASSED] - tap(findTestObject("Object Repository/Crear_cuenta/CPN9/android.widget.EditText - Apodo"), 0): Tapped on element 'Object Repository/Crear_cuenta/CPN9/android.widget.EditText - Apodo'

2023-06-16 09:17:31 - [MESSAGE][WARNING] - Timeout '0' is invalid. Using default page load timeout: '30'

2023-06-16 09:17:32 - [MESSAGE][PASSED] - Tapped on element 'Object Repository/Crear_cuenta/CPN9/android.widget.EditText - Apodo'

2023-06-16 09:17:32 - [TEST_STEP][PASSED] - setText(findTestObject("Object Repository/Crear_cuenta/CPN9/android.widget.EditText - Apodo (1)"), "PRUEBA", 0): Text 'PRUEBA' has been set to element 'Object Repository/Crear_cuenta/CPN9/android.widget.EditText - Apodo (1)'

2023-06-16 09:17:32 - [MESSAGE][WARNING] - Timeout '0' is invalid. Using default page load timeout: '30'

2023-06-16 09:17:35 - [MESSAGE][PASSED] - Text 'PRUEBA' has been set to element 'Object Repository/Crear_cuenta/CPN9/android.widget.EditText - Apodo (1)'

2023-06-16 09:17:35 - [TEST_STEP][PASSED] - clearText(findTestObject("Object Repository/Crear_cuenta/CPN9/android.widget.EditText - PRUEBA"), 0): Element 'Object Repository/Crear_cuenta/CPN9/android.widget.EditText - PRUEBA' text is cleared

2023-06-16 09:17:35 - [MESSAGE][WARNING] - Timeout '0' is invalid. Using default page load timeout: '30'

2023-06-16 09:17:36 - [MESSAGE][PASSED] - Element 'Object Repository/Crear_cuenta/CPN9/android.widget.EditText - PRUEBA' text is cleared

2023-06-16 09:17:36 - [TEST_STEP][PASSED] - hideKeyboard(): Keyboard is hidden

2023-06-16 09:17:38 - [MESSAGE][PASSED] - Keyboard is hidden

2023-06-16 09:17:38 - [TEST_STEP][PASSED] - verifyElementText(findTestObject("Object Repository/Crear_cuenta/CPN9/android.widget.TextView - El Apodo es obligatorio"), "El Apodo es obligatorio"): Actual text and expected text of test object 'Object Repository/Crear_cuenta/CPN9/android.widget.TextView - El Apodo es obligatorio' are matched.

2023-06-16 09:17:38 - [MESSAGE][PASSED] - Actual text and expected text of test object 'Object Repository/Crear_cuenta/CPN9/android.widget.TextView - El Apodo es obligatorio' are matched.]]></system-out>
         <system-err><![CDATA[]]></system-err>
      </testcase>
      <testcase name="Test Cases/Crear cuenta/CPN10" time="6.875" classname="Test Cases/Crear cuenta/CPN10" status="PASSED">
         <system-out><![CDATA[2023-06-16 09:17:38 - [TEST_CASE][PASSED] - Test Cases/Crear cuenta/CPN10: Test Cases/Crear cuenta/CPN10

2023-06-16 09:17:38 - [TEST_STEP][PASSED] - tap(findTestObject("Object Repository/Crear_cuenta/CPN10/android.widget.EditText - Apodo"), 0): Tapped on element 'Object Repository/Crear_cuenta/CPN10/android.widget.EditText - Apodo'

2023-06-16 09:17:38 - [MESSAGE][WARNING] - Timeout '0' is invalid. Using default page load timeout: '30'

2023-06-16 09:17:40 - [MESSAGE][PASSED] - Tapped on element 'Object Repository/Crear_cuenta/CPN10/android.widget.EditText - Apodo'

2023-06-16 09:17:40 - [TEST_STEP][PASSED] - setText(findTestObject("Object Repository/Crear_cuenta/CPN10/android.widget.EditText - Apodo (1)"), "0123456789", 0): Text '0123456789' has been set to element 'Object Repository/Crear_cuenta/CPN10/android.widget.EditText - Apodo (1)'

2023-06-16 09:17:40 - [MESSAGE][WARNING] - Timeout '0' is invalid. Using default page load timeout: '30'

2023-06-16 09:17:42 - [MESSAGE][PASSED] - Text '0123456789' has been set to element 'Object Repository/Crear_cuenta/CPN10/android.widget.EditText - Apodo (1)'

2023-06-16 09:17:42 - [TEST_STEP][PASSED] - verifyElementText(findTestObject("Object Repository/Crear_cuenta/CPN10/android.widget.TextView - El Apodo debe comenzar con una letra"), "El Apodo debe comenzar con una letra"): Actual text and expected text of test object 'Object Repository/Crear_cuenta/CPN10/android.widget.TextView - El Apodo debe comenzar con una letra' are matched.

2023-06-16 09:17:43 - [MESSAGE][PASSED] - Actual text and expected text of test object 'Object Repository/Crear_cuenta/CPN10/android.widget.TextView - El Apodo debe comenzar con una letra' are matched.

2023-06-16 09:17:43 - [TEST_STEP][PASSED] - hideKeyboard(): Keyboard is hidden

2023-06-16 09:17:45 - [MESSAGE][PASSED] - Keyboard is hidden

2023-06-16 09:17:45 - [TEST_STEP][PASSED] - tap(findTestObject("Object Repository/Crear_cuenta/CPN10/android.widget.Button - Siguiente"), 0): Tapped on element 'Object Repository/Crear_cuenta/CPN10/android.widget.Button - Siguiente'

2023-06-16 09:17:45 - [MESSAGE][WARNING] - Timeout '0' is invalid. Using default page load timeout: '30'

2023-06-16 09:17:45 - [MESSAGE][PASSED] - Tapped on element 'Object Repository/Crear_cuenta/CPN10/android.widget.Button - Siguiente']]></system-out>
         <system-err><![CDATA[]]></system-err>
      </testcase>
      <testcase name="Test Cases/Crear cuenta/CPN11" time="7.811" classname="Test Cases/Crear cuenta/CPN11" status="PASSED">
         <system-out><![CDATA[2023-06-16 09:17:45 - [TEST_CASE][PASSED] - Test Cases/Crear cuenta/CPN11: Test Cases/Crear cuenta/CPN11

2023-06-16 09:17:45 - [TEST_STEP][PASSED] - clearText(findTestObject("Object Repository/Crear_cuenta/CPN11/android.widget.EditText - 0123456789"), 100): Element 'Object Repository/Crear_cuenta/CPN11/android.widget.EditText - 0123456789' text is cleared

2023-06-16 09:17:45 - [MESSAGE][PASSED] - Element 'Object Repository/Crear_cuenta/CPN11/android.widget.EditText - 0123456789' text is cleared

2023-06-16 09:17:45 - [TEST_STEP][PASSED] - tap(findTestObject("Object Repository/Crear_cuenta/CPN11/android.widget.EditText - Apodo"), 100): Tapped on element 'Object Repository/Crear_cuenta/CPN11/android.widget.EditText - Apodo'

2023-06-16 09:17:46 - [MESSAGE][PASSED] - Tapped on element 'Object Repository/Crear_cuenta/CPN11/android.widget.EditText - Apodo'

2023-06-16 09:17:46 - [TEST_STEP][PASSED] - setText(findTestObject("Object Repository/Crear_cuenta/CPN11/android.widget.EditText - Apodo (1)"), "abcde", 0): Text 'abcde' has been set to element 'Object Repository/Crear_cuenta/CPN11/android.widget.EditText - Apodo (1)'

2023-06-16 09:17:47 - [MESSAGE][WARNING] - Timeout '0' is invalid. Using default page load timeout: '30'

2023-06-16 09:17:49 - [MESSAGE][PASSED] - Text 'abcde' has been set to element 'Object Repository/Crear_cuenta/CPN11/android.widget.EditText - Apodo (1)'

2023-06-16 09:17:49 - [TEST_STEP][PASSED] - verifyElementText(findTestObject("Object Repository/Crear_cuenta/CPN11/android.widget.TextView - El apodo debe contener al menos un nmero"), "El apodo debe contener al menos un número"): Actual text and expected text of test object 'Object Repository/Crear_cuenta/CPN11/android.widget.TextView - El apodo debe contener al menos un nmero' are matched.

2023-06-16 09:17:50 - [MESSAGE][PASSED] - Actual text and expected text of test object 'Object Repository/Crear_cuenta/CPN11/android.widget.TextView - El apodo debe contener al menos un nmero' are matched.

2023-06-16 09:17:50 - [TEST_STEP][PASSED] - hideKeyboard(): Keyboard is hidden

2023-06-16 09:17:52 - [MESSAGE][PASSED] - Keyboard is hidden

2023-06-16 09:17:52 - [TEST_STEP][PASSED] - tap(findTestObject("Object Repository/Crear_cuenta/CPN11/android.widget.Button - Siguiente"), 1): Tapped on element 'Object Repository/Crear_cuenta/CPN11/android.widget.Button - Siguiente'

2023-06-16 09:17:52 - [MESSAGE][PASSED] - Tapped on element 'Object Repository/Crear_cuenta/CPN11/android.widget.Button - Siguiente'

2023-06-16 09:17:52 - [TEST_STEP][PASSED] - clearText(findTestObject("Object Repository/Crear_cuenta/CPN11/android.widget.EditText - abcde"), 100): Element 'Object Repository/Crear_cuenta/CPN11/android.widget.EditText - abcde' text is cleared

2023-06-16 09:17:53 - [MESSAGE][PASSED] - Element 'Object Repository/Crear_cuenta/CPN11/android.widget.EditText - abcde' text is cleared]]></system-out>
         <system-err><![CDATA[]]></system-err>
      </testcase>
      <testcase name="Test Cases/Crear cuenta/CPN12" time="4.688" classname="Test Cases/Crear cuenta/CPN12" status="PASSED">
         <system-out><![CDATA[2023-06-16 09:17:53 - [TEST_CASE][PASSED] - Test Cases/Crear cuenta/CPN12: Test Cases/Crear cuenta/CPN12

2023-06-16 09:17:53 - [TEST_STEP][PASSED] - setText(findTestObject("Object Repository/Crear_cuenta/CPN12/android.widget.EditText - Apodo"), "0123456789012345678901", 0): Text '0123456789012345678901' has been set to element 'Object Repository/Crear_cuenta/CPN12/android.widget.EditText - Apodo'

2023-06-16 09:17:53 - [MESSAGE][WARNING] - Timeout '0' is invalid. Using default page load timeout: '30'

2023-06-16 09:17:55 - [MESSAGE][PASSED] - Text '0123456789012345678901' has been set to element 'Object Repository/Crear_cuenta/CPN12/android.widget.EditText - Apodo'

2023-06-16 09:17:55 - [TEST_STEP][PASSED] - hideKeyboard(): Keyboard is hidden

2023-06-16 09:17:56 - [MESSAGE][PASSED] - Keyboard is hidden

2023-06-16 09:17:56 - [TEST_STEP][PASSED] - clearText(findTestObject("Object Repository/Crear_cuenta/CPN12/android.widget.EditText - 01234567890123456789"), 0): Element 'Object Repository/Crear_cuenta/CPN12/android.widget.EditText - 01234567890123456789' text is cleared

2023-06-16 09:17:56 - [MESSAGE][WARNING] - Timeout '0' is invalid. Using default page load timeout: '30'

2023-06-16 09:17:56 - [MESSAGE][PASSED] - Element 'Object Repository/Crear_cuenta/CPN12/android.widget.EditText - 01234567890123456789' text is cleared

2023-06-16 09:17:56 - [TEST_STEP][PASSED] - tap(findTestObject("Object Repository/Crear_cuenta/CPN12/android.widget.Button - Siguiente"), 0): Tapped on element 'Object Repository/Crear_cuenta/CPN12/android.widget.Button - Siguiente'

2023-06-16 09:17:57 - [MESSAGE][WARNING] - Timeout '0' is invalid. Using default page load timeout: '30'

2023-06-16 09:17:57 - [MESSAGE][PASSED] - Tapped on element 'Object Repository/Crear_cuenta/CPN12/android.widget.Button - Siguiente']]></system-out>
         <system-err><![CDATA[]]></system-err>
      </testcase>
      <testcase name="Test Cases/Crear cuenta/CPN13" time="6.891" classname="Test Cases/Crear cuenta/CPN13" status="PASSED">
         <system-out><![CDATA[2023-06-16 09:17:57 - [TEST_CASE][PASSED] - Test Cases/Crear cuenta/CPN13: Test Cases/Crear cuenta/CPN13

2023-06-16 09:17:58 - [TEST_STEP][PASSED] - tap(findTestObject("Object Repository/Crear_cuenta/CPN13/android.widget.EditText - Apodo"), 0): Tapped on element 'Object Repository/Crear_cuenta/CPN13/android.widget.EditText - Apodo'

2023-06-16 09:17:58 - [MESSAGE][WARNING] - Timeout '0' is invalid. Using default page load timeout: '30'

2023-06-16 09:17:58 - [MESSAGE][PASSED] - Tapped on element 'Object Repository/Crear_cuenta/CPN13/android.widget.EditText - Apodo'

2023-06-16 09:17:58 - [TEST_STEP][PASSED] - setText(findTestObject("Object Repository/Crear_cuenta/CPN13/android.widget.EditText - Apodo (1)"), "HO", 0): Text 'HO' has been set to element 'Object Repository/Crear_cuenta/CPN13/android.widget.EditText - Apodo (1)'

2023-06-16 09:17:58 - [MESSAGE][WARNING] - Timeout '0' is invalid. Using default page load timeout: '30'

2023-06-16 09:18:01 - [MESSAGE][PASSED] - Text 'HO' has been set to element 'Object Repository/Crear_cuenta/CPN13/android.widget.EditText - Apodo (1)'

2023-06-16 09:18:01 - [TEST_STEP][PASSED] - verifyElementText(findTestObject("Object Repository/Crear_cuenta/CPN13/android.widget.TextView - El Apodo debe contener mnimo 3 caracteres y 1 nmero"), "El Apodo debe contener mínimo 3 caracteres y 1 número"): Actual text and expected text of test object 'Object Repository/Crear_cuenta/CPN13/android.widget.TextView - El Apodo debe contener mnimo 3 caracteres y 1 nmero' are matched.

2023-06-16 09:18:02 - [MESSAGE][PASSED] - Actual text and expected text of test object 'Object Repository/Crear_cuenta/CPN13/android.widget.TextView - El Apodo debe contener mnimo 3 caracteres y 1 nmero' are matched.

2023-06-16 09:18:02 - [TEST_STEP][PASSED] - hideKeyboard(): Keyboard is hidden

2023-06-16 09:18:04 - [MESSAGE][PASSED] - Keyboard is hidden

2023-06-16 09:18:04 - [TEST_STEP][PASSED] - tap(findTestObject("Object Repository/Crear_cuenta/CPN13/android.widget.Button - Siguiente"), 0): Tapped on element 'Object Repository/Crear_cuenta/CPN13/android.widget.Button - Siguiente'

2023-06-16 09:18:04 - [MESSAGE][WARNING] - Timeout '0' is invalid. Using default page load timeout: '30'

2023-06-16 09:18:04 - [MESSAGE][PASSED] - Tapped on element 'Object Repository/Crear_cuenta/CPN13/android.widget.Button - Siguiente'

2023-06-16 09:18:04 - [TEST_STEP][PASSED] - clearText(findTestObject("Object Repository/Crear_cuenta/CPN13/android.widget.EditText - HO"), 0): Element 'Object Repository/Crear_cuenta/CPN13/android.widget.EditText - HO' text is cleared

2023-06-16 09:18:04 - [MESSAGE][WARNING] - Timeout '0' is invalid. Using default page load timeout: '30'

2023-06-16 09:18:04 - [MESSAGE][PASSED] - Element 'Object Repository/Crear_cuenta/CPN13/android.widget.EditText - HO' text is cleared]]></system-out>
         <system-err><![CDATA[]]></system-err>
      </testcase>
      <testcase name="Test Cases/Crear cuenta/CPN14" time="11.865" classname="Test Cases/Crear cuenta/CPN14" status="PASSED">
         <system-out><![CDATA[2023-06-16 09:18:04 - [TEST_CASE][PASSED] - Test Cases/Crear cuenta/CPN14: Test Cases/Crear cuenta/CPN14

2023-06-16 09:18:05 - [TEST_STEP][PASSED] - tap(findTestObject("Object Repository/Crear_cuenta/CPN14/android.widget.EditText - Nombre a mostrar (opcional)"), 0): Tapped on element 'Object Repository/Crear_cuenta/CPN14/android.widget.EditText - Nombre a mostrar (opcional)'

2023-06-16 09:18:05 - [MESSAGE][WARNING] - Timeout '0' is invalid. Using default page load timeout: '30'

2023-06-16 09:18:05 - [MESSAGE][PASSED] - Tapped on element 'Object Repository/Crear_cuenta/CPN14/android.widget.EditText - Nombre a mostrar (opcional)'

2023-06-16 09:18:05 - [TEST_STEP][PASSED] - setText(findTestObject("Object Repository/Crear_cuenta/CPN14/android.widget.EditText - Nombre a mostrar (opcional) (1)"), "Opcional", 0): Text 'Opcional' has been set to element 'Object Repository/Crear_cuenta/CPN14/android.widget.EditText - Nombre a mostrar (opcional) (1)'

2023-06-16 09:18:05 - [MESSAGE][WARNING] - Timeout '0' is invalid. Using default page load timeout: '30'

2023-06-16 09:18:08 - [MESSAGE][PASSED] - Text 'Opcional' has been set to element 'Object Repository/Crear_cuenta/CPN14/android.widget.EditText - Nombre a mostrar (opcional) (1)'

2023-06-16 09:18:08 - [TEST_STEP][PASSED] - hideKeyboard(): Keyboard is hidden

2023-06-16 09:18:10 - [MESSAGE][PASSED] - Keyboard is hidden

2023-06-16 09:18:10 - [TEST_STEP][PASSED] - tap(findTestObject("Object Repository/Crear_cuenta/CPN14/android.widget.Button - Siguiente"), 0): Tapped on element 'Object Repository/Crear_cuenta/CPN14/android.widget.Button - Siguiente'

2023-06-16 09:18:10 - [MESSAGE][WARNING] - Timeout '0' is invalid. Using default page load timeout: '30'

2023-06-16 09:18:10 - [MESSAGE][PASSED] - Tapped on element 'Object Repository/Crear_cuenta/CPN14/android.widget.Button - Siguiente'

2023-06-16 09:18:10 - [TEST_STEP][PASSED] - tap(findTestObject("Object Repository/Crear_cuenta/CPN14/android.widget.EditText - Apodo"), 0): Tapped on element 'Object Repository/Crear_cuenta/CPN14/android.widget.EditText - Apodo'

2023-06-16 09:18:10 - [MESSAGE][WARNING] - Timeout '0' is invalid. Using default page load timeout: '30'

2023-06-16 09:18:11 - [MESSAGE][PASSED] - Tapped on element 'Object Repository/Crear_cuenta/CPN14/android.widget.EditText - Apodo'

2023-06-16 09:18:11 - [TEST_STEP][PASSED] - setText(findTestObject("Crear_cuenta/CPN14/android.widget.EditText - Apodo (1)"), "angello16", 0): Text 'angello16' has been set to element 'Object Repository/Crear_cuenta/CPN14/android.widget.EditText - Apodo (1)'

2023-06-16 09:18:11 - [MESSAGE][WARNING] - Timeout '0' is invalid. Using default page load timeout: '30'

2023-06-16 09:18:14 - [MESSAGE][PASSED] - Text 'angello16' has been set to element 'Object Repository/Crear_cuenta/CPN14/android.widget.EditText - Apodo (1)'

2023-06-16 09:18:14 - [TEST_STEP][PASSED] - hideKeyboard(): Keyboard is hidden

2023-06-16 09:18:16 - [MESSAGE][PASSED] - Keyboard is hidden

2023-06-16 09:18:16 - [TEST_STEP][PASSED] - verifyElementText(findTestObject("Object Repository/Crear_cuenta/CPN14/android.widget.TextView - Apodo no disponible"), "Apodo no disponible"): Actual text and expected text of test object 'Object Repository/Crear_cuenta/CPN14/android.widget.TextView - Apodo no disponible' are matched.

2023-06-16 09:18:16 - [MESSAGE][PASSED] - Actual text and expected text of test object 'Object Repository/Crear_cuenta/CPN14/android.widget.TextView - Apodo no disponible' are matched.

2023-06-16 09:18:16 - [TEST_STEP][PASSED] - verifyElementVisible(findTestObject("Crear_cuenta/CPN14/android.widget.ImageButton"), 0): Element 'Object Repository/Crear_cuenta/CPN14/android.widget.ImageButton' is visible

2023-06-16 09:18:16 - [MESSAGE][WARNING] - Timeout '0' is invalid. Using default page load timeout: '30'

2023-06-16 09:18:16 - [MESSAGE][PASSED] - Element 'Object Repository/Crear_cuenta/CPN14/android.widget.ImageButton' is visible

2023-06-16 09:18:16 - [TEST_STEP][PASSED] - tap(findTestObject("Crear_cuenta/CPN14/android.widget.Button - Siguiente"), 0): Tapped on element 'Object Repository/Crear_cuenta/CPN14/android.widget.Button - Siguiente'

2023-06-16 09:18:16 - [MESSAGE][WARNING] - Timeout '0' is invalid. Using default page load timeout: '30'

2023-06-16 09:18:16 - [MESSAGE][PASSED] - Tapped on element 'Object Repository/Crear_cuenta/CPN14/android.widget.Button - Siguiente']]></system-out>
         <system-err><![CDATA[]]></system-err>
      </testcase>
      <testcase name="Test Cases/Crear cuenta/CPN15" time="7.982" classname="Test Cases/Crear cuenta/CPN15" status="PASSED">
         <system-out><![CDATA[2023-06-16 09:18:16 - [TEST_CASE][PASSED] - Test Cases/Crear cuenta/CPN15: Test Cases/Crear cuenta/CPN15

2023-06-16 09:18:16 - [TEST_STEP][PASSED] - clearText(findTestObject("Object Repository/Crear_cuenta/CPN15/android.widget.EditText - angello16"), 0): Element 'Object Repository/Crear_cuenta/CPN15/android.widget.EditText - angello16' text is cleared

2023-06-16 09:18:16 - [MESSAGE][WARNING] - Timeout '0' is invalid. Using default page load timeout: '30'

2023-06-16 09:18:17 - [MESSAGE][PASSED] - Element 'Object Repository/Crear_cuenta/CPN15/android.widget.EditText - angello16' text is cleared

2023-06-16 09:18:17 - [TEST_STEP][PASSED] - tap(findTestObject("Object Repository/Crear_cuenta/CPN15/android.widget.EditText - Apodo"), 0): Tapped on element 'Object Repository/Crear_cuenta/CPN15/android.widget.EditText - Apodo'

2023-06-16 09:18:17 - [MESSAGE][WARNING] - Timeout '0' is invalid. Using default page load timeout: '30'

2023-06-16 09:18:19 - [MESSAGE][PASSED] - Tapped on element 'Object Repository/Crear_cuenta/CPN15/android.widget.EditText - Apodo'

2023-06-16 09:18:19 - [TEST_STEP][PASSED] - setText(findTestObject("Object Repository/Crear_cuenta/CPN15/android.widget.EditText - P000"), "LIBRE02", 0): Text 'LIBRE02' has been set to element 'Object Repository/Crear_cuenta/CPN15/android.widget.EditText - P000'

2023-06-16 09:18:19 - [MESSAGE][WARNING] - Timeout '0' is invalid. Using default page load timeout: '30'

2023-06-16 09:18:21 - [MESSAGE][PASSED] - Text 'LIBRE02' has been set to element 'Object Repository/Crear_cuenta/CPN15/android.widget.EditText - P000'

2023-06-16 09:18:21 - [TEST_STEP][PASSED] - verifyElementText(findTestObject("Object Repository/Crear_cuenta/CPN15/android.widget.TextView - El apodo te servir para identificarse en NapoleoN Chat, no lo podrs cambiar despes"), "El apodo te servirá para identificarse en NapoleoN Chat, no lo podrás cambiar despúes"): Actual text and expected text of test object 'Object Repository/Crear_cuenta/CPN15/android.widget.TextView - El apodo te servir para identificarse en NapoleoN Chat, no lo podrs cambiar despes' are matched.

2023-06-16 09:18:22 - [MESSAGE][PASSED] - Actual text and expected text of test object 'Object Repository/Crear_cuenta/CPN15/android.widget.TextView - El apodo te servir para identificarse en NapoleoN Chat, no lo podrs cambiar despes' are matched.

2023-06-16 09:18:22 - [TEST_STEP][PASSED] - clearText(findTestObject("Object Repository/Crear_cuenta/CPN15/android.widget.EditText - Opcional"), 0): Element 'Object Repository/Crear_cuenta/CPN15/android.widget.EditText - Opcional' text is cleared

2023-06-16 09:18:22 - [MESSAGE][WARNING] - Timeout '0' is invalid. Using default page load timeout: '30'

2023-06-16 09:18:22 - [MESSAGE][PASSED] - Element 'Object Repository/Crear_cuenta/CPN15/android.widget.EditText - Opcional' text is cleared

2023-06-16 09:18:22 - [TEST_STEP][PASSED] - hideKeyboard(): Keyboard is hidden

2023-06-16 09:18:24 - [MESSAGE][PASSED] - Keyboard is hidden

2023-06-16 09:18:24 - [TEST_STEP][PASSED] - tap(findTestObject("Object Repository/Crear_cuenta/CPN15/android.widget.Button - Siguiente"), 0): Tapped on element 'Object Repository/Crear_cuenta/CPN15/android.widget.Button - Siguiente'

2023-06-16 09:18:24 - [MESSAGE][WARNING] - Timeout '0' is invalid. Using default page load timeout: '30'

2023-06-16 09:18:24 - [MESSAGE][PASSED] - Tapped on element 'Object Repository/Crear_cuenta/CPN15/android.widget.Button - Siguiente']]></system-out>
         <system-err><![CDATA[]]></system-err>
      </testcase>
      <testcase name="Test Cases/Crear cuenta/CPN16-17" time="11.294" classname="Test Cases/Crear cuenta/CPN16-17" status="PASSED">
         <system-out><![CDATA[2023-06-16 09:18:24 - [TEST_CASE][PASSED] - Test Cases/Crear cuenta/CPN16-17: Test Cases/Crear cuenta/CPN16-17

2023-06-16 09:18:24 - [TEST_STEP][PASSED] - tap(findTestObject("Object Repository/Crear_cuenta/CPN16-17/android.widget.EditText - Pin de Acceso"), 200): Tapped on element 'Object Repository/Crear_cuenta/CPN16-17/android.widget.EditText - Pin de Acceso'

2023-06-16 09:18:26 - [MESSAGE][PASSED] - Tapped on element 'Object Repository/Crear_cuenta/CPN16-17/android.widget.EditText - Pin de Acceso'

2023-06-16 09:18:26 - [TEST_STEP][PASSED] - setText(findTestObject("Object Repository/Crear_cuenta/CPN16-17/android.widget.EditText - Pin de Acceso (1)"), "00000", 200): Text '00000' has been set to element 'Object Repository/Crear_cuenta/CPN16-17/android.widget.EditText - Pin de Acceso (1)'

2023-06-16 09:18:29 - [MESSAGE][PASSED] - Text '00000' has been set to element 'Object Repository/Crear_cuenta/CPN16-17/android.widget.EditText - Pin de Acceso (1)'

2023-06-16 09:18:29 - [TEST_STEP][PASSED] - setText(findTestObject("Object Repository/Crear_cuenta/CPN16-17/android.widget.EditText - Confirmar nuevo pin de acceso"), "1234", 200): Text '1234' has been set to element 'Object Repository/Crear_cuenta/CPN16-17/android.widget.EditText - Confirmar nuevo pin de acceso'

2023-06-16 09:18:31 - [MESSAGE][PASSED] - Text '1234' has been set to element 'Object Repository/Crear_cuenta/CPN16-17/android.widget.EditText - Confirmar nuevo pin de acceso'

2023-06-16 09:18:31 - [TEST_STEP][PASSED] - delay(2, STOP_ON_FAILURE): Delayed 2 second(s)

2023-06-16 09:18:33 - [MESSAGE][PASSED] - Delayed 2 second(s)

2023-06-16 09:18:33 - [TEST_STEP][PASSED] - hideKeyboard(): Keyboard is hidden

2023-06-16 09:18:35 - [MESSAGE][PASSED] - Keyboard is hidden

2023-06-16 09:18:35 - [TEST_STEP][PASSED] - verifyElementText(findTestObject("Object Repository/Crear_cuenta/CPN16-17/android.widget.TextView - El pin de acceso no coincide"), "El pin de acceso no coincide"): Actual text and expected text of test object 'Object Repository/Crear_cuenta/CPN16-17/android.widget.TextView - El pin de acceso no coincide' are matched.

2023-06-16 09:18:35 - [MESSAGE][PASSED] - Actual text and expected text of test object 'Object Repository/Crear_cuenta/CPN16-17/android.widget.TextView - El pin de acceso no coincide' are matched.

2023-06-16 09:18:35 - [TEST_STEP][PASSED] - verifyElementText(findTestObject("Object Repository/Crear_cuenta/CPN16-17/android.widget.TextView - El pin de acceso no coincide (1)"), "El pin de acceso no coincide"): Actual text and expected text of test object 'Object Repository/Crear_cuenta/CPN16-17/android.widget.TextView - El pin de acceso no coincide (1)' are matched.

2023-06-16 09:18:36 - [MESSAGE][PASSED] - Actual text and expected text of test object 'Object Repository/Crear_cuenta/CPN16-17/android.widget.TextView - El pin de acceso no coincide (1)' are matched.]]></system-out>
         <system-err><![CDATA[]]></system-err>
      </testcase>
      <testcase name="Test Cases/Crear cuenta/CPN18-19" time="16.382" classname="Test Cases/Crear cuenta/CPN18-19" status="PASSED">
         <system-out><![CDATA[2023-06-16 09:18:36 - [TEST_CASE][PASSED] - Test Cases/Crear cuenta/CPN18-19: Test Cases/Crear cuenta/CPN18-19

2023-06-16 09:18:36 - [TEST_STEP][PASSED] - tap(findTestObject("Object Repository/Crear_cuenta/CPN18-19/android.widget.EditText - 0000"), 1): Tapped on element 'Object Repository/Crear_cuenta/CPN18-19/android.widget.EditText - 0000'

2023-06-16 09:18:36 - [MESSAGE][PASSED] - Tapped on element 'Object Repository/Crear_cuenta/CPN18-19/android.widget.EditText - 0000'

2023-06-16 09:18:36 - [TEST_STEP][PASSED] - clearText(findTestObject("Object Repository/Crear_cuenta/CPN18-19/android.widget.EditText - 0000 (1)"), 1): Element 'Object Repository/Crear_cuenta/CPN18-19/android.widget.EditText - 0000 (1)' text is cleared

2023-06-16 09:18:37 - [MESSAGE][PASSED] - Element 'Object Repository/Crear_cuenta/CPN18-19/android.widget.EditText - 0000 (1)' text is cleared

2023-06-16 09:18:37 - [TEST_STEP][PASSED] - clearText(findTestObject("Object Repository/Crear_cuenta/CPN18-19/android.widget.EditText - 1234"), 1): Element 'Object Repository/Crear_cuenta/CPN18-19/android.widget.EditText - 1234' text is cleared

2023-06-16 09:18:38 - [MESSAGE][PASSED] - Element 'Object Repository/Crear_cuenta/CPN18-19/android.widget.EditText - 1234' text is cleared

2023-06-16 09:18:38 - [TEST_STEP][PASSED] - setText(findTestObject("Object Repository/Crear_cuenta/CPN18-19/android.widget.EditText - Pin de Acceso"), "0000", 0): Text '0000' has been set to element 'Object Repository/Crear_cuenta/CPN18-19/android.widget.EditText - Pin de Acceso'

2023-06-16 09:18:38 - [MESSAGE][WARNING] - Timeout '0' is invalid. Using default page load timeout: '30'

2023-06-16 09:18:41 - [MESSAGE][PASSED] - Text '0000' has been set to element 'Object Repository/Crear_cuenta/CPN18-19/android.widget.EditText - Pin de Acceso'

2023-06-16 09:18:41 - [TEST_STEP][PASSED] - setText(findTestObject("Object Repository/Crear_cuenta/CPN18-19/android.widget.EditText - Confirmar nuevo pin de acceso"), "1111", 0): Text '1111' has been set to element 'Object Repository/Crear_cuenta/CPN18-19/android.widget.EditText - Confirmar nuevo pin de acceso'

2023-06-16 09:18:41 - [MESSAGE][WARNING] - Timeout '0' is invalid. Using default page load timeout: '30'

2023-06-16 09:18:43 - [MESSAGE][PASSED] - Text '1111' has been set to element 'Object Repository/Crear_cuenta/CPN18-19/android.widget.EditText - Confirmar nuevo pin de acceso'

2023-06-16 09:18:43 - [TEST_STEP][PASSED] - clearText(findTestObject("Object Repository/Crear_cuenta/CPN18-19/android.widget.EditText - 1111"), 1): Element 'Object Repository/Crear_cuenta/CPN18-19/android.widget.EditText - 1111' text is cleared

2023-06-16 09:18:44 - [MESSAGE][PASSED] - Element 'Object Repository/Crear_cuenta/CPN18-19/android.widget.EditText - 1111' text is cleared

2023-06-16 09:18:44 - [TEST_STEP][PASSED] - setText(findTestObject("Crear_cuenta/CPN18-19/android.widget.EditText - Confirmar nuevo pin de acceso"), "0000", 0): Text '0000' has been set to element 'Object Repository/Crear_cuenta/CPN18-19/android.widget.EditText - Confirmar nuevo pin de acceso'

2023-06-16 09:18:44 - [MESSAGE][WARNING] - Timeout '0' is invalid. Using default page load timeout: '30'

2023-06-16 09:18:47 - [MESSAGE][PASSED] - Text '0000' has been set to element 'Object Repository/Crear_cuenta/CPN18-19/android.widget.EditText - Confirmar nuevo pin de acceso'

2023-06-16 09:18:47 - [TEST_STEP][PASSED] - hideKeyboard(): Keyboard is hidden

2023-06-16 09:18:49 - [MESSAGE][PASSED] - Keyboard is hidden

2023-06-16 09:18:49 - [TEST_STEP][PASSED] - tap(findTestObject("Object Repository/Crear_cuenta/CPN18-19/android.widget.Button - Crear Cuenta"), 1): Tapped on element 'Object Repository/Crear_cuenta/CPN18-19/android.widget.Button - Crear Cuenta'

2023-06-16 09:18:49 - [MESSAGE][PASSED] - Tapped on element 'Object Repository/Crear_cuenta/CPN18-19/android.widget.Button - Crear Cuenta'

2023-06-16 09:18:49 - [TEST_STEP][PASSED] - verifyElementExist(findTestObject("Object Repository/Crear_cuenta/CPN18-19/android.widget.TextView - NapoleoN"), 0): Element 'Object Repository/Crear_cuenta/CPN18-19/android.widget.TextView - NapoleoN' is exist

2023-06-16 09:18:49 - [MESSAGE][WARNING] - Timeout '0' is invalid. Using default page load timeout: '30'

2023-06-16 09:18:52 - [MESSAGE][PASSED] - Element 'Object Repository/Crear_cuenta/CPN18-19/android.widget.TextView - NapoleoN' is exist]]></system-out>
         <system-err><![CDATA[]]></system-err>
      </testcase>
      <testcase name="Test Cases/agregar" time="85.616" classname="Test Cases/agregar" status="PASSED">
         <system-out><![CDATA[2023-06-16 09:18:52 - [TEST_CASE][PASSED] - Test Cases/agregar: Test Cases/agregar

2023-06-16 09:18:52 - [TEST_STEP][PASSED] - delay(2, CONTINUE_ON_FAILURE): Delayed 2 second(s)

2023-06-16 09:18:54 - [MESSAGE][PASSED] - Delayed 2 second(s)

2023-06-16 09:18:54 - [TEST_STEP][PASSED] - tap(findTestObject("Object Repository/agregar/android.widget.ImageView"), 1): Tapped on element 'Object Repository/agregar/android.widget.ImageView'

2023-06-16 09:18:56 - [MESSAGE][PASSED] - Tapped on element 'Object Repository/agregar/android.widget.ImageView'

2023-06-16 09:18:56 - [TEST_STEP][PASSED] - tap(findTestObject("Object Repository/agregar/android.widget.Button - Agregar contactos"), 1): Tapped on element 'Object Repository/agregar/android.widget.Button - Agregar contactos'

2023-06-16 09:18:57 - [MESSAGE][PASSED] - Tapped on element 'Object Repository/agregar/android.widget.Button - Agregar contactos'

2023-06-16 09:18:57 - [TEST_STEP][PASSED] - setText(findTestObject("Object Repository/agregar/android.widget.EditText - Busca por apodo"), "prueba2134", 1): Text 'prueba2134' has been set to element 'Object Repository/agregar/android.widget.EditText - Busca por apodo'

2023-06-16 09:19:00 - [MESSAGE][PASSED] - Text 'prueba2134' has been set to element 'Object Repository/agregar/android.widget.EditText - Busca por apodo'

2023-06-16 09:19:00 - [TEST_STEP][PASSED] - tap(findTestObject("Object Repository/agregar/android.widget.Button - AGREGAR"), 1): Tapped on element 'Object Repository/agregar/android.widget.Button - AGREGAR'

2023-06-16 09:19:02 - [MESSAGE][PASSED] - Tapped on element 'Object Repository/agregar/android.widget.Button - AGREGAR'

2023-06-16 09:19:02 - [TEST_STEP][PASSED] - delay(3, CONTINUE_ON_FAILURE): Delayed 3 second(s)

2023-06-16 09:19:05 - [MESSAGE][PASSED] - Delayed 3 second(s)

2023-06-16 09:19:05 - [TEST_STEP][PASSED] - tap(findTestObject("Object Repository/agregar/android.widget.TextView"), 1): Tapped on element 'Object Repository/agregar/android.widget.TextView'

2023-06-16 09:19:05 - [MESSAGE][PASSED] - Tapped on element 'Object Repository/agregar/android.widget.TextView'

2023-06-16 09:19:05 - [TEST_STEP][PASSED] - delay(3, CONTINUE_ON_FAILURE): Delayed 3 second(s)

2023-06-16 09:19:08 - [MESSAGE][PASSED] - Delayed 3 second(s)

2023-06-16 09:19:08 - [TEST_STEP][PASSED] - tap(findTestObject("Object Repository/agregar/android.widget.ImageButton"), 1): Tapped on element 'Object Repository/agregar/android.widget.ImageButton'

2023-06-16 09:19:09 - [MESSAGE][PASSED] - Tapped on element 'Object Repository/agregar/android.widget.ImageButton'

2023-06-16 09:19:09 - [TEST_STEP][PASSED] - tap(findTestObject("Object Repository/agregar/android.view.ViewGroup"), 0): Tapped on element 'Object Repository/agregar/android.view.ViewGroup'

2023-06-16 09:19:09 - [MESSAGE][WARNING] - Timeout '0' is invalid. Using default page load timeout: '30'

2023-06-16 09:19:10 - [MESSAGE][PASSED] - Tapped on element 'Object Repository/agregar/android.view.ViewGroup'

2023-06-16 09:19:10 - [TEST_STEP][PASSED] - delay(3, CONTINUE_ON_FAILURE): Delayed 3 second(s)

2023-06-16 09:19:13 - [MESSAGE][PASSED] - Delayed 3 second(s)

2023-06-16 09:19:13 - [TEST_STEP][PASSED] - tap(findTestObject("Object Repository/agregar/android.widget.ImageButton (1)"), 1): Tapped on element 'Object Repository/agregar/android.widget.ImageButton (1)'

2023-06-16 09:20:05 - [MESSAGE][PASSED] - Tapped on element 'Object Repository/agregar/android.widget.ImageButton (1)'

2023-06-16 09:20:05 - [TEST_STEP][PASSED] - tap(findTestObject("Object Repository/agregar/android.widget.FrameLayout"), 1): Tapped on element 'Object Repository/agregar/android.widget.FrameLayout'

2023-06-16 09:20:05 - [MESSAGE][PASSED] - Tapped on element 'Object Repository/agregar/android.widget.FrameLayout'

2023-06-16 09:20:05 - [TEST_STEP][PASSED] - tapAndHold(findTestObject("Object Repository/agregar/android.view.ViewGroup (1)"), 3, 1): Tapped and held on element 'Object Repository/agregar/android.view.ViewGroup (1)' with duration 3

2023-06-16 09:20:12 - [MESSAGE][PASSED] - Tapped and held on element 'Object Repository/agregar/android.view.ViewGroup (1)' with duration 3

2023-06-16 09:20:12 - [TEST_STEP][PASSED] - tap(findTestObject("Object Repository/agregar/android.widget.LinearLayout"), 0): Tapped on element 'Object Repository/agregar/android.widget.LinearLayout'

2023-06-16 09:20:12 - [MESSAGE][WARNING] - Timeout '0' is invalid. Using default page load timeout: '30'

2023-06-16 09:20:13 - [MESSAGE][PASSED] - Tapped on element 'Object Repository/agregar/android.widget.LinearLayout'

2023-06-16 09:20:13 - [TEST_STEP][PASSED] - delay(2, STOP_ON_FAILURE): Delayed 2 second(s)

2023-06-16 09:20:15 - [MESSAGE][PASSED] - Delayed 2 second(s)

2023-06-16 09:20:15 - [TEST_STEP][PASSED] - tap(findTestObject("Object Repository/agregar/android.widget.Button - Aceptar"), 1): Tapped on element 'Object Repository/agregar/android.widget.Button - Aceptar'

2023-06-16 09:20:15 - [MESSAGE][PASSED] - Tapped on element 'Object Repository/agregar/android.widget.Button - Aceptar'

2023-06-16 09:20:15 - [TEST_STEP][PASSED] - tap(findTestObject("Object Repository/agregar/android.widget.FrameLayout (1)"), 1): Tapped on element 'Object Repository/agregar/android.widget.FrameLayout (1)'

2023-06-16 09:20:16 - [MESSAGE][PASSED] - Tapped on element 'Object Repository/agregar/android.widget.FrameLayout (1)'

2023-06-16 09:20:16 - [TEST_STEP][PASSED] - tap(findTestObject("agregar/android.view.ViewGroup"), 0): Tapped on element 'Object Repository/agregar/android.view.ViewGroup'

2023-06-16 09:20:16 - [MESSAGE][WARNING] - Timeout '0' is invalid. Using default page load timeout: '30'

2023-06-16 09:20:18 - [MESSAGE][PASSED] - Tapped on element 'Object Repository/agregar/android.view.ViewGroup']]></system-out>
         <system-err><![CDATA[]]></system-err>
      </testcase>
      <testcase name="Test Cases/EnvioMensajes/CPN40" time="20.752" classname="Test Cases/EnvioMensajes/CPN40" status="PASSED">
         <system-out><![CDATA[2023-06-16 09:20:18 - [TEST_CASE][PASSED] - Test Cases/EnvioMensajes/CPN40: Test Cases/EnvioMensajes/CPN40

2023-06-16 09:20:18 - [TEST_STEP][PASSED] - tap(findTestObject("CPN40/android.widget.FrameLayout"), 100): Tapped on element 'Object Repository/CPN40/android.widget.FrameLayout'

2023-06-16 09:20:18 - [MESSAGE][PASSED] - Tapped on element 'Object Repository/CPN40/android.widget.FrameLayout'

2023-06-16 09:20:18 - [TEST_STEP][PASSED] - tap(findTestObject("Object Repository/CPN40/android.widget.RadioButton - 1 minuto"), 100): Tapped on element 'Object Repository/CPN40/android.widget.RadioButton - 1 minuto'

2023-06-16 09:20:19 - [MESSAGE][PASSED] - Tapped on element 'Object Repository/CPN40/android.widget.RadioButton - 1 minuto'

2023-06-16 09:20:19 - [TEST_STEP][PASSED] - tap(findTestObject("Object Repository/CPN40/android.widget.Button - Aceptar"), 100): Tapped on element 'Object Repository/CPN40/android.widget.Button - Aceptar'

2023-06-16 09:20:20 - [MESSAGE][PASSED] - Tapped on element 'Object Repository/CPN40/android.widget.Button - Aceptar'

2023-06-16 09:20:20 - [TEST_STEP][PASSED] - tap(findTestObject("Object Repository/CPN40/android.widget.EditText - Escribir mensaje"), 100): Tapped on element 'Object Repository/CPN40/android.widget.EditText - Escribir mensaje'

2023-06-16 09:20:22 - [MESSAGE][PASSED] - Tapped on element 'Object Repository/CPN40/android.widget.EditText - Escribir mensaje'

2023-06-16 09:20:22 - [TEST_STEP][PASSED] - setText(findTestObject("Object Repository/CPN40/android.widget.EditText - Escribir mensaje (1)"), "mensaje1", 0): Text 'mensaje1' has been set to element 'Object Repository/CPN40/android.widget.EditText - Escribir mensaje (1)'

2023-06-16 09:20:22 - [MESSAGE][WARNING] - Timeout '0' is invalid. Using default page load timeout: '30'

2023-06-16 09:20:24 - [MESSAGE][PASSED] - Text 'mensaje1' has been set to element 'Object Repository/CPN40/android.widget.EditText - Escribir mensaje (1)'

2023-06-16 09:20:24 - [TEST_STEP][PASSED] - tap(findTestObject("Object Repository/CPN40/android.widget.ImageButton"), 100): Tapped on element 'Object Repository/CPN40/android.widget.ImageButton'

2023-06-16 09:20:24 - [MESSAGE][PASSED] - Tapped on element 'Object Repository/CPN40/android.widget.ImageButton'

2023-06-16 09:20:24 - [TEST_STEP][PASSED] - setText(findTestObject("CPN40/android.widget.EditText - Escribir mensaje (1)"), "mensaje2", 0): Text 'mensaje2' has been set to element 'Object Repository/CPN40/android.widget.EditText - Escribir mensaje (1)'

2023-06-16 09:20:24 - [MESSAGE][WARNING] - Timeout '0' is invalid. Using default page load timeout: '30'

2023-06-16 09:20:27 - [MESSAGE][PASSED] - Text 'mensaje2' has been set to element 'Object Repository/CPN40/android.widget.EditText - Escribir mensaje (1)'

2023-06-16 09:20:27 - [TEST_STEP][PASSED] - tap(findTestObject("CPN40/android.widget.ImageButton"), 100): Tapped on element 'Object Repository/CPN40/android.widget.ImageButton'

2023-06-16 09:20:28 - [MESSAGE][PASSED] - Tapped on element 'Object Repository/CPN40/android.widget.ImageButton'

2023-06-16 09:20:28 - [TEST_STEP][PASSED] - setText(findTestObject("CPN40/android.widget.EditText - Escribir mensaje (1)"), "mensaje3", 0): Text 'mensaje3' has been set to element 'Object Repository/CPN40/android.widget.EditText - Escribir mensaje (1)'

2023-06-16 09:20:28 - [MESSAGE][WARNING] - Timeout '0' is invalid. Using default page load timeout: '30'

2023-06-16 09:20:31 - [MESSAGE][PASSED] - Text 'mensaje3' has been set to element 'Object Repository/CPN40/android.widget.EditText - Escribir mensaje (1)'

2023-06-16 09:20:31 - [TEST_STEP][PASSED] - tap(findTestObject("CPN40/android.widget.ImageButton"), 100): Tapped on element 'Object Repository/CPN40/android.widget.ImageButton'

2023-06-16 09:20:32 - [MESSAGE][PASSED] - Tapped on element 'Object Repository/CPN40/android.widget.ImageButton'

2023-06-16 09:20:32 - [TEST_STEP][PASSED] - setText(findTestObject("CPN40/android.widget.EditText - Escribir mensaje (1)"), "mensaje4", 0): Text 'mensaje4' has been set to element 'Object Repository/CPN40/android.widget.EditText - Escribir mensaje (1)'

2023-06-16 09:20:32 - [MESSAGE][WARNING] - Timeout '0' is invalid. Using default page load timeout: '30'

2023-06-16 09:20:35 - [MESSAGE][PASSED] - Text 'mensaje4' has been set to element 'Object Repository/CPN40/android.widget.EditText - Escribir mensaje (1)'

2023-06-16 09:20:35 - [TEST_STEP][PASSED] - tap(findTestObject("CPN40/android.widget.ImageButton"), 100): Tapped on element 'Object Repository/CPN40/android.widget.ImageButton'

2023-06-16 09:20:36 - [MESSAGE][PASSED] - Tapped on element 'Object Repository/CPN40/android.widget.ImageButton'

2023-06-16 09:20:36 - [TEST_STEP][PASSED] - tap(findTestObject("Object Repository/CPN40/android.widget.ImageButton (1)"), 100): Tapped on element 'Object Repository/CPN40/android.widget.ImageButton (1)'

2023-06-16 09:20:38 - [MESSAGE][PASSED] - Tapped on element 'Object Repository/CPN40/android.widget.ImageButton (1)']]></system-out>
         <system-err><![CDATA[]]></system-err>
      </testcase>
      <testcase name="Test Cases/EnvioMensajes/CPN76" time="34.227" classname="Test Cases/EnvioMensajes/CPN76" status="PASSED">
         <system-out><![CDATA[2023-06-16 09:20:38 - [TEST_CASE][PASSED] - Test Cases/EnvioMensajes/CPN76: Test Cases/EnvioMensajes/CPN76

2023-06-16 09:20:39 - [TEST_STEP][PASSED] - tap(findTestObject("Object Repository/CPN76/android.widget.FrameLayout"), 300): Tapped on element 'Object Repository/CPN76/android.widget.FrameLayout'

2023-06-16 09:20:39 - [MESSAGE][PASSED] - Tapped on element 'Object Repository/CPN76/android.widget.FrameLayout'

2023-06-16 09:20:39 - [TEST_STEP][PASSED] - tap(findTestObject("CPN76/android.view.ViewGroup"), 0): Tapped on element 'Object Repository/CPN76/android.view.ViewGroup'

2023-06-16 09:20:39 - [MESSAGE][WARNING] - Timeout '0' is invalid. Using default page load timeout: '30'

2023-06-16 09:20:41 - [MESSAGE][PASSED] - Tapped on element 'Object Repository/CPN76/android.view.ViewGroup'

2023-06-16 09:20:41 - [TEST_STEP][PASSED] - tapAndHold(findTestObject("CPN76/android.widget.ImageButton"), 8, 0): Tapped and held on element 'Object Repository/CPN76/android.widget.ImageButton' with duration 8

2023-06-16 09:20:41 - [MESSAGE][WARNING] - Timeout '0' is invalid. Using default page load timeout: '30'

2023-06-16 09:20:52 - [MESSAGE][PASSED] - Tapped and held on element 'Object Repository/CPN76/android.widget.ImageButton' with duration 8

2023-06-16 09:20:52 - [TEST_STEP][PASSED] - tapAndHold(findTestObject("CPN76/android.widget.ImageButton"), 15, 0): Tapped and held on element 'Object Repository/CPN76/android.widget.ImageButton' with duration 15

2023-06-16 09:20:52 - [MESSAGE][WARNING] - Timeout '0' is invalid. Using default page load timeout: '30'

2023-06-16 09:21:10 - [MESSAGE][PASSED] - Tapped and held on element 'Object Repository/CPN76/android.widget.ImageButton' with duration 15

2023-06-16 09:21:10 - [TEST_STEP][PASSED] - tap(findTestObject("CPN76/android.widget.ImageButton (1)"), 0): Tapped on element 'Object Repository/CPN76/android.widget.ImageButton (1)'

2023-06-16 09:21:10 - [MESSAGE][WARNING] - Timeout '0' is invalid. Using default page load timeout: '30'

2023-06-16 09:21:13 - [MESSAGE][PASSED] - Tapped on element 'Object Repository/CPN76/android.widget.ImageButton (1)']]></system-out>
         <system-err><![CDATA[]]></system-err>
      </testcase>
      <testcase name="Test Cases/EnvioMensajes/CPN85" time="37.896" classname="Test Cases/EnvioMensajes/CPN85" status="PASSED">
         <system-out><![CDATA[2023-06-16 09:21:13 - [TEST_CASE][PASSED] - Test Cases/EnvioMensajes/CPN85: Test Cases/EnvioMensajes/CPN85

2023-06-16 09:21:13 - [TEST_STEP][PASSED] - delay(4, CONTINUE_ON_FAILURE): Delayed 4 second(s)

2023-06-16 09:21:17 - [MESSAGE][PASSED] - Delayed 4 second(s)

2023-06-16 09:21:17 - [TEST_STEP][PASSED] - tap(findTestObject("Object Repository/CPN85/android.view.ViewGroup"), 0): Tapped on element 'Object Repository/CPN85/android.view.ViewGroup'

2023-06-16 09:21:17 - [MESSAGE][WARNING] - Timeout '0' is invalid. Using default page load timeout: '30'

2023-06-16 09:21:17 - [MESSAGE][PASSED] - Tapped on element 'Object Repository/CPN85/android.view.ViewGroup'

2023-06-16 09:21:17 - [TEST_STEP][PASSED] - tap(findTestObject("Object Repository/CPN85/android.widget.ImageButton"), 1): Tapped on element 'Object Repository/CPN85/android.widget.ImageButton'

2023-06-16 09:21:19 - [MESSAGE][PASSED] - Tapped on element 'Object Repository/CPN85/android.widget.ImageButton'

2023-06-16 09:21:19 - [TEST_STEP][PASSED] - tap(findTestObject("Object Repository/CPN85/android.widget.SeekBar - 0.0"), 0): Tapped on element 'Object Repository/CPN85/android.widget.SeekBar - 0.0'

2023-06-16 09:21:19 - [MESSAGE][WARNING] - Timeout '0' is invalid. Using default page load timeout: '30'

2023-06-16 09:21:20 - [MESSAGE][PASSED] - Tapped on element 'Object Repository/CPN85/android.widget.SeekBar - 0.0'

2023-06-16 09:21:20 - [TEST_STEP][PASSED] - tap(findTestObject("Object Repository/CPN85/android.widget.ImageButton (1)"), 1): Tapped on element 'Object Repository/CPN85/android.widget.ImageButton (1)'

2023-06-16 09:21:21 - [MESSAGE][PASSED] - Tapped on element 'Object Repository/CPN85/android.widget.ImageButton (1)'

2023-06-16 09:21:21 - [TEST_STEP][PASSED] - tap(findTestObject("Object Repository/CPN85/android.widget.ImageButton (2)"), 0): Tapped on element 'Object Repository/CPN85/android.widget.ImageButton (2)'

2023-06-16 09:21:21 - [MESSAGE][WARNING] - Timeout '0' is invalid. Using default page load timeout: '30'

2023-06-16 09:21:25 - [MESSAGE][PASSED] - Tapped on element 'Object Repository/CPN85/android.widget.ImageButton (2)'

2023-06-16 09:21:25 - [TEST_STEP][PASSED] - tap(findTestObject("CPN85/android.widget.ImageButton"), 1): Tapped on element 'Object Repository/CPN85/android.widget.ImageButton'

2023-06-16 09:21:26 - [MESSAGE][PASSED] - Tapped on element 'Object Repository/CPN85/android.widget.ImageButton'

2023-06-16 09:21:26 - [TEST_STEP][PASSED] - tap(findTestObject("Object Repository/CPN85/android.widget.ImageButton (3)"), 0): Tapped on element 'Object Repository/CPN85/android.widget.ImageButton (3)'

2023-06-16 09:21:26 - [MESSAGE][WARNING] - Timeout '0' is invalid. Using default page load timeout: '30'

2023-06-16 09:21:27 - [MESSAGE][PASSED] - Tapped on element 'Object Repository/CPN85/android.widget.ImageButton (3)'

2023-06-16 09:21:27 - [TEST_STEP][PASSED] - tap(findTestObject("CPN85/android.widget.SeekBar - 0.0"), 0): Tapped on element 'Object Repository/CPN85/android.widget.SeekBar - 0.0'

2023-06-16 09:21:27 - [MESSAGE][WARNING] - Timeout '0' is invalid. Using default page load timeout: '30'

2023-06-16 09:21:27 - [MESSAGE][PASSED] - Tapped on element 'Object Repository/CPN85/android.widget.SeekBar - 0.0'

2023-06-16 09:21:27 - [TEST_STEP][PASSED] - tap(findTestObject("CPN85/android.widget.ImageButton (1)"), 1): Tapped on element 'Object Repository/CPN85/android.widget.ImageButton (1)'

2023-06-16 09:21:28 - [MESSAGE][PASSED] - Tapped on element 'Object Repository/CPN85/android.widget.ImageButton (1)'

2023-06-16 09:21:28 - [TEST_STEP][PASSED] - tap(findTestObject("CPN85/android.widget.ImageButton (2)"), 0): Tapped on element 'Object Repository/CPN85/android.widget.ImageButton (2)'

2023-06-16 09:21:28 - [MESSAGE][WARNING] - Timeout '0' is invalid. Using default page load timeout: '30'

2023-06-16 09:21:31 - [MESSAGE][PASSED] - Tapped on element 'Object Repository/CPN85/android.widget.ImageButton (2)'

2023-06-16 09:21:31 - [TEST_STEP][PASSED] - tap(findTestObject("CPN85/android.widget.ImageButton"), 1): Tapped on element 'Object Repository/CPN85/android.widget.ImageButton'

2023-06-16 09:21:33 - [MESSAGE][PASSED] - Tapped on element 'Object Repository/CPN85/android.widget.ImageButton'

2023-06-16 09:21:33 - [TEST_STEP][PASSED] - tap(findTestObject("Object Repository/CPN85/android.widget.ImageButton (4)"), 0): Tapped on element 'Object Repository/CPN85/android.widget.ImageButton (4)'

2023-06-16 09:21:33 - [MESSAGE][WARNING] - Timeout '0' is invalid. Using default page load timeout: '30'

2023-06-16 09:21:34 - [MESSAGE][PASSED] - Tapped on element 'Object Repository/CPN85/android.widget.ImageButton (4)'

2023-06-16 09:21:34 - [TEST_STEP][PASSED] - tap(findTestObject("CPN85/android.widget.ImageButton (1)"), 1): Tapped on element 'Object Repository/CPN85/android.widget.ImageButton (1)'

2023-06-16 09:21:36 - [MESSAGE][PASSED] - Tapped on element 'Object Repository/CPN85/android.widget.ImageButton (1)'

2023-06-16 09:21:36 - [TEST_STEP][PASSED] - delay(1, CONTINUE_ON_FAILURE): Delayed 1 second(s)

2023-06-16 09:21:37 - [MESSAGE][PASSED] - Delayed 1 second(s)

2023-06-16 09:21:37 - [TEST_STEP][PASSED] - tap(findTestObject("CPN85/android.widget.ImageButton (2)"), 0): Tapped on element 'Object Repository/CPN85/android.widget.ImageButton (2)'

2023-06-16 09:21:37 - [MESSAGE][WARNING] - Timeout '0' is invalid. Using default page load timeout: '30'

2023-06-16 09:21:37 - [MESSAGE][PASSED] - Tapped on element 'Object Repository/CPN85/android.widget.ImageButton (2)'

2023-06-16 09:21:37 - [TEST_STEP][PASSED] - tap(findTestObject("CPN85/android.widget.ImageButton"), 1): Tapped on element 'Object Repository/CPN85/android.widget.ImageButton'

2023-06-16 09:21:39 - [MESSAGE][PASSED] - Tapped on element 'Object Repository/CPN85/android.widget.ImageButton'

2023-06-16 09:21:39 - [TEST_STEP][PASSED] - tap(findTestObject("CPN85/android.widget.ImageButton (4)"), 1): Tapped on element 'Object Repository/CPN85/android.widget.ImageButton (4)'

2023-06-16 09:21:40 - [MESSAGE][PASSED] - Tapped on element 'Object Repository/CPN85/android.widget.ImageButton (4)'

2023-06-16 09:21:40 - [TEST_STEP][PASSED] - tap(findTestObject("CPN85/android.widget.ImageButton (3)"), 0): Tapped on element 'Object Repository/CPN85/android.widget.ImageButton (3)'

2023-06-16 09:21:40 - [MESSAGE][WARNING] - Timeout '0' is invalid. Using default page load timeout: '30'

2023-06-16 09:21:41 - [MESSAGE][PASSED] - Tapped on element 'Object Repository/CPN85/android.widget.ImageButton (3)'

2023-06-16 09:21:41 - [TEST_STEP][PASSED] - tap(findTestObject("CPN85/android.widget.ImageButton (1)"), 1): Tapped on element 'Object Repository/CPN85/android.widget.ImageButton (1)'

2023-06-16 09:21:42 - [MESSAGE][PASSED] - Tapped on element 'Object Repository/CPN85/android.widget.ImageButton (1)'

2023-06-16 09:21:42 - [TEST_STEP][PASSED] - tap(findTestObject("CPN85/android.widget.ImageButton (2)"), 0): Tapped on element 'Object Repository/CPN85/android.widget.ImageButton (2)'

2023-06-16 09:21:42 - [MESSAGE][WARNING] - Timeout '0' is invalid. Using default page load timeout: '30'

2023-06-16 09:21:44 - [MESSAGE][PASSED] - Tapped on element 'Object Repository/CPN85/android.widget.ImageButton (2)'

2023-06-16 09:21:44 - [TEST_STEP][PASSED] - delay(3, CONTINUE_ON_FAILURE): Delayed 3 second(s)

2023-06-16 09:21:47 - [MESSAGE][PASSED] - Delayed 3 second(s)

2023-06-16 09:21:47 - [TEST_STEP][PASSED] - tap(findTestObject("Object Repository/CPN85/android.widget.ImageButton (5)"), 0): Tapped on element 'Object Repository/CPN85/android.widget.ImageButton (5)'

2023-06-16 09:21:47 - [MESSAGE][WARNING] - Timeout '0' is invalid. Using default page load timeout: '30'

2023-06-16 09:21:50 - [MESSAGE][PASSED] - Tapped on element 'Object Repository/CPN85/android.widget.ImageButton (5)']]></system-out>
         <system-err><![CDATA[]]></system-err>
      </testcase>
      <testcase name="Test Cases/EnvioMensajes/CPN94" time="84.101" classname="Test Cases/EnvioMensajes/CPN94" status="PASSED">
         <system-out><![CDATA[2023-06-16 09:21:50 - [TEST_CASE][PASSED] - Test Cases/EnvioMensajes/CPN94: Test Cases/EnvioMensajes/CPN94

2023-06-16 09:21:51 - [TEST_STEP][PASSED] - tap(findTestObject("CPN94/android.view.ViewGroup"), 0): Tapped on element 'Object Repository/CPN94/android.view.ViewGroup'

2023-06-16 09:21:51 - [MESSAGE][WARNING] - Timeout '0' is invalid. Using default page load timeout: '30'

2023-06-16 09:21:51 - [MESSAGE][PASSED] - Tapped on element 'Object Repository/CPN94/android.view.ViewGroup'

2023-06-16 09:21:51 - [TEST_STEP][PASSED] - tap(findTestObject("Object Repository/CPN94/android.widget.ImageButton"), 1): Tapped on element 'Object Repository/CPN94/android.widget.ImageButton'

2023-06-16 09:21:52 - [MESSAGE][PASSED] - Tapped on element 'Object Repository/CPN94/android.widget.ImageButton'

2023-06-16 09:21:52 - [TEST_STEP][PASSED] - tapAndHold(findTestObject("Object Repository/CPN94/android.widget.ImageButton (1)"), 6, 0): Tapped and held on element 'Object Repository/CPN94/android.widget.ImageButton (1)' with duration 6

2023-06-16 09:21:52 - [MESSAGE][WARNING] - Timeout '0' is invalid. Using default page load timeout: '30'

2023-06-16 09:22:01 - [MESSAGE][PASSED] - Tapped and held on element 'Object Repository/CPN94/android.widget.ImageButton (1)' with duration 6

2023-06-16 09:22:01 - [TEST_STEP][PASSED] - tap(findTestObject("Object Repository/CPN94/android.widget.ImageButton (2)"), 1): Tapped on element 'Object Repository/CPN94/android.widget.ImageButton (2)'

2023-06-16 09:22:02 - [MESSAGE][PASSED] - Tapped on element 'Object Repository/CPN94/android.widget.ImageButton (2)'

2023-06-16 09:22:02 - [TEST_STEP][PASSED] - tap(findTestObject("CPN94/android.widget.ImageButton"), 1): Tapped on element 'Object Repository/CPN94/android.widget.ImageButton'

2023-06-16 09:22:04 - [MESSAGE][PASSED] - Tapped on element 'Object Repository/CPN94/android.widget.ImageButton'

2023-06-16 09:22:04 - [TEST_STEP][PASSED] - tap(findTestObject("Object Repository/CPN94/android.widget.ImageButton (3)"), 600): Tapped on element 'Object Repository/CPN94/android.widget.ImageButton (3)'

2023-06-16 09:22:05 - [MESSAGE][PASSED] - Tapped on element 'Object Repository/CPN94/android.widget.ImageButton (3)'

2023-06-16 09:22:05 - [TEST_STEP][PASSED] - tap(findTestObject("Object Repository/CPN94/android.widget.SeekBar - 0.0"), 0): Tapped on element 'Object Repository/CPN94/android.widget.SeekBar - 0.0'

2023-06-16 09:22:05 - [MESSAGE][WARNING] - Timeout '0' is invalid. Using default page load timeout: '30'

2023-06-16 09:22:05 - [MESSAGE][PASSED] - Tapped on element 'Object Repository/CPN94/android.widget.SeekBar - 0.0'

2023-06-16 09:22:05 - [TEST_STEP][PASSED] - tapAndHold(findTestObject("CPN94/android.widget.ImageButton (1)"), 8, 0): Tapped and held on element 'Object Repository/CPN94/android.widget.ImageButton (1)' with duration 8

2023-06-16 09:22:05 - [MESSAGE][WARNING] - Timeout '0' is invalid. Using default page load timeout: '30'

2023-06-16 09:22:16 - [MESSAGE][PASSED] - Tapped and held on element 'Object Repository/CPN94/android.widget.ImageButton (1)' with duration 8

2023-06-16 09:22:16 - [TEST_STEP][PASSED] - tap(findTestObject("Object Repository/CPN94/android.widget.EditText - Escribir mensaje"), 0): Tapped on element 'Object Repository/CPN94/android.widget.EditText - Escribir mensaje'

2023-06-16 09:22:16 - [MESSAGE][WARNING] - Timeout '0' is invalid. Using default page load timeout: '30'

2023-06-16 09:22:18 - [MESSAGE][PASSED] - Tapped on element 'Object Repository/CPN94/android.widget.EditText - Escribir mensaje'

2023-06-16 09:22:18 - [TEST_STEP][PASSED] - setText(findTestObject("Object Repository/CPN94/android.widget.EditText - Escribir mensaje (1)"), "Prueba video", 0): Text 'Prueba video' has been set to element 'Object Repository/CPN94/android.widget.EditText - Escribir mensaje (1)'

2023-06-16 09:22:18 - [MESSAGE][WARNING] - Timeout '0' is invalid. Using default page load timeout: '30'

2023-06-16 09:22:19 - [MESSAGE][PASSED] - Text 'Prueba video' has been set to element 'Object Repository/CPN94/android.widget.EditText - Escribir mensaje (1)'

2023-06-16 09:22:19 - [TEST_STEP][PASSED] - hideKeyboard(): Keyboard is hidden

2023-06-16 09:22:22 - [MESSAGE][PASSED] - Keyboard is hidden

2023-06-16 09:22:22 - [TEST_STEP][PASSED] - tap(findTestObject("CPN94/android.widget.ImageButton (2)"), 0): Tapped on element 'Object Repository/CPN94/android.widget.ImageButton (2)'

2023-06-16 09:22:22 - [MESSAGE][WARNING] - Timeout '0' is invalid. Using default page load timeout: '30'

2023-06-16 09:22:22 - [MESSAGE][PASSED] - Tapped on element 'Object Repository/CPN94/android.widget.ImageButton (2)'

2023-06-16 09:22:22 - [TEST_STEP][PASSED] - tap(findTestObject("CPN94/android.widget.ImageButton"), 0): Tapped on element 'Object Repository/CPN94/android.widget.ImageButton'

2023-06-16 09:22:22 - [MESSAGE][WARNING] - Timeout '0' is invalid. Using default page load timeout: '30'

2023-06-16 09:22:24 - [MESSAGE][PASSED] - Tapped on element 'Object Repository/CPN94/android.widget.ImageButton'

2023-06-16 09:22:24 - [TEST_STEP][PASSED] - tap(findTestObject("Object Repository/CPN94/android.widget.ImageButton (4)"), 0): Tapped on element 'Object Repository/CPN94/android.widget.ImageButton (4)'

2023-06-16 09:22:24 - [MESSAGE][WARNING] - Timeout '0' is invalid. Using default page load timeout: '30'

2023-06-16 09:22:25 - [MESSAGE][PASSED] - Tapped on element 'Object Repository/CPN94/android.widget.ImageButton (4)'

2023-06-16 09:22:25 - [TEST_STEP][PASSED] - tapAndHold(findTestObject("CPN94/android.widget.ImageButton (1)"), 5, 0): Tapped and held on element 'Object Repository/CPN94/android.widget.ImageButton (1)' with duration 5

2023-06-16 09:22:25 - [MESSAGE][WARNING] - Timeout '0' is invalid. Using default page load timeout: '30'

2023-06-16 09:22:33 - [MESSAGE][PASSED] - Tapped and held on element 'Object Repository/CPN94/android.widget.ImageButton (1)' with duration 5

2023-06-16 09:22:33 - [TEST_STEP][PASSED] - tap(findTestObject("CPN94/android.widget.ImageButton (2)"), 0): Tapped on element 'Object Repository/CPN94/android.widget.ImageButton (2)'

2023-06-16 09:22:33 - [MESSAGE][WARNING] - Timeout '0' is invalid. Using default page load timeout: '30'

2023-06-16 09:22:33 - [MESSAGE][PASSED] - Tapped on element 'Object Repository/CPN94/android.widget.ImageButton (2)'

2023-06-16 09:22:33 - [TEST_STEP][PASSED] - tap(findTestObject("CPN94/android.widget.ImageButton"), 0): Tapped on element 'Object Repository/CPN94/android.widget.ImageButton'

2023-06-16 09:22:33 - [MESSAGE][WARNING] - Timeout '0' is invalid. Using default page load timeout: '30'

2023-06-16 09:22:35 - [MESSAGE][PASSED] - Tapped on element 'Object Repository/CPN94/android.widget.ImageButton'

2023-06-16 09:22:35 - [TEST_STEP][PASSED] - tap(findTestObject("CPN94/android.widget.ImageButton (4)"), 0): Tapped on element 'Object Repository/CPN94/android.widget.ImageButton (4)'

2023-06-16 09:22:35 - [MESSAGE][WARNING] - Timeout '0' is invalid. Using default page load timeout: '30'

2023-06-16 09:22:36 - [MESSAGE][PASSED] - Tapped on element 'Object Repository/CPN94/android.widget.ImageButton (4)'

2023-06-16 09:22:36 - [TEST_STEP][PASSED] - tapAndHold(findTestObject("CPN94/android.widget.ImageButton (1)"), 10, 0): Tapped and held on element 'Object Repository/CPN94/android.widget.ImageButton (1)' with duration 10

2023-06-16 09:22:36 - [MESSAGE][WARNING] - Timeout '0' is invalid. Using default page load timeout: '30'

2023-06-16 09:22:49 - [MESSAGE][PASSED] - Tapped and held on element 'Object Repository/CPN94/android.widget.ImageButton (1)' with duration 10

2023-06-16 09:22:49 - [TEST_STEP][PASSED] - tap(findTestObject("CPN94/android.widget.ImageButton (2)"), 0): Tapped on element 'Object Repository/CPN94/android.widget.ImageButton (2)'

2023-06-16 09:22:49 - [MESSAGE][WARNING] - Timeout '0' is invalid. Using default page load timeout: '30'

2023-06-16 09:22:49 - [MESSAGE][PASSED] - Tapped on element 'Object Repository/CPN94/android.widget.ImageButton (2)'

2023-06-16 09:22:49 - [TEST_STEP][PASSED] - tap(findTestObject("CPN94/android.widget.ImageButton"), 0): Tapped on element 'Object Repository/CPN94/android.widget.ImageButton'

2023-06-16 09:22:49 - [MESSAGE][WARNING] - Timeout '0' is invalid. Using default page load timeout: '30'

2023-06-16 09:22:51 - [MESSAGE][PASSED] - Tapped on element 'Object Repository/CPN94/android.widget.ImageButton'

2023-06-16 09:22:51 - [TEST_STEP][PASSED] - delay(3, STOP_ON_FAILURE): Delayed 3 second(s)

2023-06-16 09:22:54 - [MESSAGE][PASSED] - Delayed 3 second(s)

2023-06-16 09:22:54 - [TEST_STEP][PASSED] - tap(findTestObject("CPN94/android.widget.ImageButton (4)"), 0): Tapped on element 'Object Repository/CPN94/android.widget.ImageButton (4)'

2023-06-16 09:22:54 - [MESSAGE][WARNING] - Timeout '0' is invalid. Using default page load timeout: '30'

2023-06-16 09:22:54 - [MESSAGE][PASSED] - Tapped on element 'Object Repository/CPN94/android.widget.ImageButton (4)'

2023-06-16 09:22:54 - [TEST_STEP][PASSED] - tapAndHold(findTestObject("CPN94/android.widget.ImageButton (1)"), 15, 0): Tapped and held on element 'Object Repository/CPN94/android.widget.ImageButton (1)' with duration 15

2023-06-16 09:22:54 - [MESSAGE][WARNING] - Timeout '0' is invalid. Using default page load timeout: '30'

2023-06-16 09:23:12 - [MESSAGE][PASSED] - Tapped and held on element 'Object Repository/CPN94/android.widget.ImageButton (1)' with duration 15

2023-06-16 09:23:12 - [TEST_STEP][PASSED] - tap(findTestObject("CPN94/android.widget.ImageButton (2)"), 0): Tapped on element 'Object Repository/CPN94/android.widget.ImageButton (2)'

2023-06-16 09:23:12 - [MESSAGE][WARNING] - Timeout '0' is invalid. Using default page load timeout: '30'

2023-06-16 09:23:12 - [MESSAGE][PASSED] - Tapped on element 'Object Repository/CPN94/android.widget.ImageButton (2)'

2023-06-16 09:23:12 - [TEST_STEP][PASSED] - tap(findTestObject("CPN94/android.widget.ImageButton (6)"), 0): Tapped on element 'Object Repository/CPN94/android.widget.ImageButton (6)'

2023-06-16 09:23:12 - [MESSAGE][WARNING] - Timeout '0' is invalid. Using default page load timeout: '30'

2023-06-16 09:23:15 - [MESSAGE][PASSED] - Tapped on element 'Object Repository/CPN94/android.widget.ImageButton (6)']]></system-out>
         <system-err><![CDATA[]]></system-err>
      </testcase>
      <testcase name="Test Cases/EnvioMensajes/CPN103" time="18.945" classname="Test Cases/EnvioMensajes/CPN103" status="PASSED">
         <system-out><![CDATA[2023-06-16 09:23:15 - [TEST_CASE][PASSED] - Test Cases/EnvioMensajes/CPN103: Test Cases/EnvioMensajes/CPN103

2023-06-16 09:23:15 - [TEST_STEP][PASSED] - delay(3, CONTINUE_ON_FAILURE): Delayed 3 second(s)

2023-06-16 09:23:18 - [MESSAGE][PASSED] - Delayed 3 second(s)

2023-06-16 09:23:18 - [TEST_STEP][PASSED] - tap(findTestObject("CPN103/android.view.ViewGroup"), 0): Tapped on element 'Object Repository/CPN103/android.view.ViewGroup'

2023-06-16 09:23:18 - [MESSAGE][WARNING] - Timeout '0' is invalid. Using default page load timeout: '30'

2023-06-16 09:23:18 - [MESSAGE][PASSED] - Tapped on element 'Object Repository/CPN103/android.view.ViewGroup'

2023-06-16 09:23:18 - [TEST_STEP][PASSED] - tap(findTestObject("Object Repository/CPN103/android.widget.ImageButton"), 0): Tapped on element 'Object Repository/CPN103/android.widget.ImageButton'

2023-06-16 09:23:18 - [MESSAGE][WARNING] - Timeout '0' is invalid. Using default page load timeout: '30'

2023-06-16 09:23:19 - [MESSAGE][PASSED] - Tapped on element 'Object Repository/CPN103/android.widget.ImageButton'

2023-06-16 09:23:19 - [TEST_STEP][PASSED] - tap(findTestObject("Object Repository/CPN103/android.widget.LinearLayout"), 0): Tapped on element 'Object Repository/CPN103/android.widget.LinearLayout'

2023-06-16 09:23:19 - [MESSAGE][WARNING] - Timeout '0' is invalid. Using default page load timeout: '30'

2023-06-16 09:23:20 - [MESSAGE][PASSED] - Tapped on element 'Object Repository/CPN103/android.widget.LinearLayout'

2023-06-16 09:23:20 - [TEST_STEP][PASSED] - tap(findTestObject("Object Repository/CPN103/android.widget.ImageView"), 0): Tapped on element 'Object Repository/CPN103/android.widget.ImageView'

2023-06-16 09:23:20 - [MESSAGE][WARNING] - Timeout '0' is invalid. Using default page load timeout: '30'

2023-06-16 09:23:25 - [MESSAGE][PASSED] - Tapped on element 'Object Repository/CPN103/android.widget.ImageView'

2023-06-16 09:23:25 - [TEST_STEP][PASSED] - tap(findTestObject("CPN103/android.widget.ImageButton"), 0): Tapped on element 'Object Repository/CPN103/android.widget.ImageButton'

2023-06-16 09:23:25 - [MESSAGE][WARNING] - Timeout '0' is invalid. Using default page load timeout: '30'

2023-06-16 09:23:27 - [MESSAGE][PASSED] - Tapped on element 'Object Repository/CPN103/android.widget.ImageButton'

2023-06-16 09:23:27 - [TEST_STEP][PASSED] - tap(findTestObject("CPN103/android.widget.LinearLayout"), 0): Tapped on element 'Object Repository/CPN103/android.widget.LinearLayout'

2023-06-16 09:23:27 - [MESSAGE][WARNING] - Timeout '0' is invalid. Using default page load timeout: '30'

2023-06-16 09:23:28 - [MESSAGE][PASSED] - Tapped on element 'Object Repository/CPN103/android.widget.LinearLayout'

2023-06-16 09:23:28 - [TEST_STEP][PASSED] - tap(findTestObject("Object Repository/CPN103/android.widget.ImageView (1)"), 0): Tapped on element 'Object Repository/CPN103/android.widget.ImageView (1)'

2023-06-16 09:23:28 - [MESSAGE][WARNING] - Timeout '0' is invalid. Using default page load timeout: '30'

2023-06-16 09:23:30 - [MESSAGE][PASSED] - Tapped on element 'Object Repository/CPN103/android.widget.ImageView (1)'

2023-06-16 09:23:30 - [TEST_STEP][PASSED] - tap(findTestObject("Object Repository/CPN103/android.widget.ImageButton (1)"), 0): Tapped on element 'Object Repository/CPN103/android.widget.ImageButton (1)'

2023-06-16 09:23:30 - [MESSAGE][WARNING] - Timeout '0' is invalid. Using default page load timeout: '30'

2023-06-16 09:23:33 - [MESSAGE][PASSED] - Tapped on element 'Object Repository/CPN103/android.widget.ImageButton (1)']]></system-out>
         <system-err><![CDATA[]]></system-err>
      </testcase>
      <testcase name="Test Cases/EnvioMensajes/CPN104" time="23.578" classname="Test Cases/EnvioMensajes/CPN104" status="PASSED">
         <system-out><![CDATA[2023-06-16 09:23:33 - [TEST_CASE][PASSED] - Test Cases/EnvioMensajes/CPN104: Test Cases/EnvioMensajes/CPN104

2023-06-16 09:23:34 - [TEST_STEP][PASSED] - delay(3, CONTINUE_ON_FAILURE): Delayed 3 second(s)

2023-06-16 09:23:37 - [MESSAGE][PASSED] - Delayed 3 second(s)

2023-06-16 09:23:37 - [TEST_STEP][PASSED] - tap(findTestObject("CPN104/android.view.ViewGroup"), 0): Tapped on element 'Object Repository/CPN104/android.view.ViewGroup'

2023-06-16 09:23:37 - [MESSAGE][WARNING] - Timeout '0' is invalid. Using default page load timeout: '30'

2023-06-16 09:23:37 - [MESSAGE][PASSED] - Tapped on element 'Object Repository/CPN104/android.view.ViewGroup'

2023-06-16 09:23:37 - [TEST_STEP][PASSED] - tap(findTestObject("Object Repository/CPN104/android.widget.ImageButton"), 100): Tapped on element 'Object Repository/CPN104/android.widget.ImageButton'

2023-06-16 09:23:39 - [MESSAGE][PASSED] - Tapped on element 'Object Repository/CPN104/android.widget.ImageButton'

2023-06-16 09:23:39 - [TEST_STEP][PASSED] - tap(findTestObject("Object Repository/CPN104/android.widget.LinearLayout"), 100): Tapped on element 'Object Repository/CPN104/android.widget.LinearLayout'

2023-06-16 09:23:40 - [MESSAGE][PASSED] - Tapped on element 'Object Repository/CPN104/android.widget.LinearLayout'

2023-06-16 09:23:40 - [TEST_STEP][PASSED] - tap(findTestObject("Object Repository/CPN104/android.view.ViewGroup (1)"), 0): Tapped on element 'Object Repository/CPN104/android.view.ViewGroup (1)'

2023-06-16 09:23:40 - [MESSAGE][WARNING] - Timeout '0' is invalid. Using default page load timeout: '30'

2023-06-16 09:23:41 - [MESSAGE][PASSED] - Tapped on element 'Object Repository/CPN104/android.view.ViewGroup (1)'

2023-06-16 09:23:41 - [TEST_STEP][PASSED] - tap(findTestObject("Object Repository/CPN104/android.widget.ImageView"), 100): Tapped on element 'Object Repository/CPN104/android.widget.ImageView'

2023-06-16 09:23:42 - [MESSAGE][PASSED] - Tapped on element 'Object Repository/CPN104/android.widget.ImageView'

2023-06-16 09:23:42 - [TEST_STEP][PASSED] - tap(findTestObject("Object Repository/CPN104/android.widget.ImageView (1)"), 100): Tapped on element 'Object Repository/CPN104/android.widget.ImageView (1)'

2023-06-16 09:23:43 - [MESSAGE][PASSED] - Tapped on element 'Object Repository/CPN104/android.widget.ImageView (1)'

2023-06-16 09:23:43 - [TEST_STEP][PASSED] - delay(8, STOP_ON_FAILURE): Delayed 8 second(s)

2023-06-16 09:23:51 - [MESSAGE][PASSED] - Delayed 8 second(s)

2023-06-16 09:23:51 - [TEST_STEP][PASSED] - tap(findTestObject("Object Repository/CPN104/android.widget.ImageView (2)"), 100): Tapped on element 'Object Repository/CPN104/android.widget.ImageView (2)'

2023-06-16 09:23:52 - [MESSAGE][PASSED] - Tapped on element 'Object Repository/CPN104/android.widget.ImageView (2)'

2023-06-16 09:23:52 - [TEST_STEP][PASSED] - tap(findTestObject("Object Repository/CPN104/android.widget.ImageButton (1)"), 100): Tapped on element 'Object Repository/CPN104/android.widget.ImageButton (1)'

2023-06-16 09:23:53 - [MESSAGE][PASSED] - Tapped on element 'Object Repository/CPN104/android.widget.ImageButton (1)'

2023-06-16 09:23:53 - [TEST_STEP][PASSED] - delay(3, STOP_ON_FAILURE): Delayed 3 second(s)

2023-06-16 09:23:56 - [MESSAGE][PASSED] - Delayed 3 second(s)

2023-06-16 09:23:56 - [TEST_STEP][PASSED] - tap(findTestObject("Object Repository/CPN104/android.widget.ImageButton (2)"), 100): Tapped on element 'Object Repository/CPN104/android.widget.ImageButton (2)'

2023-06-16 09:23:57 - [MESSAGE][PASSED] - Tapped on element 'Object Repository/CPN104/android.widget.ImageButton (2)']]></system-out>
         <system-err><![CDATA[]]></system-err>
      </testcase>
      <testcase name="Test Cases/EnvioMensajes/CPN105" time="39.387" classname="Test Cases/EnvioMensajes/CPN105" status="PASSED">
         <system-out><![CDATA[2023-06-16 09:23:57 - [TEST_CASE][PASSED] - Test Cases/EnvioMensajes/CPN105: Test Cases/EnvioMensajes/CPN105

2023-06-16 09:23:57 - [TEST_STEP][PASSED] - tap(findTestObject("Object Repository/CPN105/android.view.ViewGroup"), 0): Tapped on element 'Object Repository/CPN105/android.view.ViewGroup'

2023-06-16 09:23:57 - [MESSAGE][WARNING] - Timeout '0' is invalid. Using default page load timeout: '30'

2023-06-16 09:23:59 - [MESSAGE][PASSED] - Tapped on element 'Object Repository/CPN105/android.view.ViewGroup'

2023-06-16 09:23:59 - [TEST_STEP][PASSED] - tap(findTestObject("Object Repository/CPN105/android.widget.ImageButton"), 100): Tapped on element 'Object Repository/CPN105/android.widget.ImageButton'

2023-06-16 09:24:00 - [MESSAGE][PASSED] - Tapped on element 'Object Repository/CPN105/android.widget.ImageButton'

2023-06-16 09:24:00 - [TEST_STEP][PASSED] - tap(findTestObject("Object Repository/CPN105/android.widget.LinearLayout"), 100): Tapped on element 'Object Repository/CPN105/android.widget.LinearLayout'

2023-06-16 09:24:01 - [MESSAGE][PASSED] - Tapped on element 'Object Repository/CPN105/android.widget.LinearLayout'

2023-06-16 09:24:01 - [TEST_STEP][PASSED] - tap(findTestObject("Object Repository/CPN105/android.widget.ImageButton (1)"), 100): Tapped on element 'Object Repository/CPN105/android.widget.ImageButton (1)'

2023-06-16 09:24:03 - [MESSAGE][PASSED] - Tapped on element 'Object Repository/CPN105/android.widget.ImageButton (1)'

2023-06-16 09:24:03 - [TEST_STEP][PASSED] - delay(3, STOP_ON_FAILURE): Delayed 3 second(s)

2023-06-16 09:24:06 - [MESSAGE][PASSED] - Delayed 3 second(s)

2023-06-16 09:24:06 - [TEST_STEP][PASSED] - tap(findTestObject("CPN105/android.widget.ImageButton"), 100): Tapped on element 'Object Repository/CPN105/android.widget.ImageButton'

2023-06-16 09:24:08 - [MESSAGE][PASSED] - Tapped on element 'Object Repository/CPN105/android.widget.ImageButton'

2023-06-16 09:24:08 - [TEST_STEP][PASSED] - tap(findTestObject("CPN105/android.widget.LinearLayout"), 100): Tapped on element 'Object Repository/CPN105/android.widget.LinearLayout'

2023-06-16 09:24:09 - [MESSAGE][PASSED] - Tapped on element 'Object Repository/CPN105/android.widget.LinearLayout'

2023-06-16 09:24:09 - [TEST_STEP][PASSED] - tap(findTestObject("Object Repository/CPN105/android.widget.TextView"), 100): Tapped on element 'Object Repository/CPN105/android.widget.TextView'

2023-06-16 09:24:13 - [MESSAGE][PASSED] - Tapped on element 'Object Repository/CPN105/android.widget.TextView'

2023-06-16 09:24:13 - [TEST_STEP][PASSED] - setText(findTestObject("Object Repository/CPN105/android.widget.EditText - NapoleoN"), "Valenci", 0): Text 'Valenci' has been set to element 'Object Repository/CPN105/android.widget.EditText - NapoleoN'

2023-06-16 09:24:13 - [MESSAGE][WARNING] - Timeout '0' is invalid. Using default page load timeout: '30'

2023-06-16 09:24:14 - [MESSAGE][PASSED] - Text 'Valenci' has been set to element 'Object Repository/CPN105/android.widget.EditText - NapoleoN'

2023-06-16 09:24:14 - [TEST_STEP][PASSED] - tap(findTestObject("CPN105/android.view.ViewGroup (1)"), 0): Tapped on element 'Object Repository/CPN105/android.view.ViewGroup (1)'

2023-06-16 09:24:14 - [MESSAGE][WARNING] - Timeout '0' is invalid. Using default page load timeout: '30'

2023-06-16 09:24:16 - [MESSAGE][PASSED] - Tapped on element 'Object Repository/CPN105/android.view.ViewGroup (1)'

2023-06-16 09:24:16 - [TEST_STEP][PASSED] - tap(findTestObject("CPN105/android.widget.ImageButton (1)"), 100): Tapped on element 'Object Repository/CPN105/android.widget.ImageButton (1)'

2023-06-16 09:24:18 - [MESSAGE][PASSED] - Tapped on element 'Object Repository/CPN105/android.widget.ImageButton (1)'

2023-06-16 09:24:18 - [TEST_STEP][PASSED] - tap(findTestObject("Object Repository/CPN105/android.widget.ImageButton"), 100): Tapped on element 'Object Repository/CPN105/android.widget.ImageButton'

2023-06-16 09:24:23 - [MESSAGE][PASSED] - Tapped on element 'Object Repository/CPN105/android.widget.ImageButton'

2023-06-16 09:24:23 - [TEST_STEP][PASSED] - tap(findTestObject("Object Repository/CPN105/android.widget.LinearLayout"), 100): Tapped on element 'Object Repository/CPN105/android.widget.LinearLayout'

2023-06-16 09:24:24 - [MESSAGE][PASSED] - Tapped on element 'Object Repository/CPN105/android.widget.LinearLayout'

2023-06-16 09:24:24 - [TEST_STEP][PASSED] - tap(findTestObject("Object Repository/CPN105/android.widget.TextView"), 100): Tapped on element 'Object Repository/CPN105/android.widget.TextView'

2023-06-16 09:24:25 - [MESSAGE][PASSED] - Tapped on element 'Object Repository/CPN105/android.widget.TextView'

2023-06-16 09:24:25 - [TEST_STEP][PASSED] - setText(findTestObject("CPN105/android.widget.EditText - NapoleoN"), "ikonos", 0): Text 'ikonos' has been set to element 'Object Repository/CPN105/android.widget.EditText - NapoleoN'

2023-06-16 09:24:26 - [MESSAGE][WARNING] - Timeout '0' is invalid. Using default page load timeout: '30'

2023-06-16 09:24:28 - [MESSAGE][PASSED] - Text 'ikonos' has been set to element 'Object Repository/CPN105/android.widget.EditText - NapoleoN'

2023-06-16 09:24:28 - [TEST_STEP][PASSED] - tap(findTestObject("CPN105/android.view.ViewGroup (1)"), 0): Tapped on element 'Object Repository/CPN105/android.view.ViewGroup (1)'

2023-06-16 09:24:28 - [MESSAGE][WARNING] - Timeout '0' is invalid. Using default page load timeout: '30'

2023-06-16 09:24:30 - [MESSAGE][PASSED] - Tapped on element 'Object Repository/CPN105/android.view.ViewGroup (1)'

2023-06-16 09:24:30 - [TEST_STEP][PASSED] - tap(findTestObject("Object Repository/CPN105/android.widget.ImageButton (2)"), 100): Tapped on element 'Object Repository/CPN105/android.widget.ImageButton (2)'

2023-06-16 09:24:31 - [MESSAGE][PASSED] - Tapped on element 'Object Repository/CPN105/android.widget.ImageButton (2)'

2023-06-16 09:24:31 - [TEST_STEP][PASSED] - tap(findTestObject("Object Repository/CPN105/android.widget.ImageButton (3)"), 100): Tapped on element 'Object Repository/CPN105/android.widget.ImageButton (3)'

2023-06-16 09:24:36 - [MESSAGE][PASSED] - Tapped on element 'Object Repository/CPN105/android.widget.ImageButton (3)']]></system-out>
         <system-err><![CDATA[]]></system-err>
      </testcase>
      <testcase name="Test Cases/EnvioMensajes/CPN105.1" time="25.153" classname="Test Cases/EnvioMensajes/CPN105.1" status="PASSED">
         <system-out><![CDATA[2023-06-16 09:24:36 - [TEST_CASE][PASSED] - Test Cases/EnvioMensajes/CPN105.1: Test Cases/EnvioMensajes/CPN105.1

2023-06-16 09:24:37 - [TEST_STEP][PASSED] - delay(3, CONTINUE_ON_FAILURE): Delayed 3 second(s)

2023-06-16 09:24:40 - [MESSAGE][PASSED] - Delayed 3 second(s)

2023-06-16 09:24:40 - [TEST_STEP][PASSED] - tap(findTestObject("Object Repository/CPN105.1/android.view.ViewGroup"), 0): Tapped on element 'Object Repository/CPN105.1/android.view.ViewGroup'

2023-06-16 09:24:40 - [MESSAGE][WARNING] - Timeout '0' is invalid. Using default page load timeout: '30'

2023-06-16 09:24:40 - [MESSAGE][PASSED] - Tapped on element 'Object Repository/CPN105.1/android.view.ViewGroup'

2023-06-16 09:24:40 - [TEST_STEP][PASSED] - tap(findTestObject("Object Repository/CPN105.1/android.widget.ImageButton"), 1): Tapped on element 'Object Repository/CPN105.1/android.widget.ImageButton'

2023-06-16 09:24:41 - [MESSAGE][PASSED] - Tapped on element 'Object Repository/CPN105.1/android.widget.ImageButton'

2023-06-16 09:24:41 - [TEST_STEP][PASSED] - tap(findTestObject("Object Repository/CPN105.1/android.widget.LinearLayout"), 1): Tapped on element 'Object Repository/CPN105.1/android.widget.LinearLayout'

2023-06-16 09:24:42 - [MESSAGE][PASSED] - Tapped on element 'Object Repository/CPN105.1/android.widget.LinearLayout'

2023-06-16 09:24:42 - [TEST_STEP][PASSED] - tap(findTestObject("Object Repository/CPN105.1/android.widget.ImageButton (1)"), 1): Tapped on element 'Object Repository/CPN105.1/android.widget.ImageButton (1)'

2023-06-16 09:24:43 - [MESSAGE][PASSED] - Tapped on element 'Object Repository/CPN105.1/android.widget.ImageButton (1)'

2023-06-16 09:24:43 - [TEST_STEP][PASSED] - tap(findTestObject("Object Repository/CPN105.1/android.widget.ImageButton (2)"), 0): Tapped on element 'Object Repository/CPN105.1/android.widget.ImageButton (2)'

2023-06-16 09:24:43 - [MESSAGE][WARNING] - Timeout '0' is invalid. Using default page load timeout: '30'

2023-06-16 09:24:47 - [MESSAGE][PASSED] - Tapped on element 'Object Repository/CPN105.1/android.widget.ImageButton (2)'

2023-06-16 09:24:47 - [TEST_STEP][PASSED] - tap(findTestObject("CPN105.1/android.widget.ImageButton"), 1): Tapped on element 'Object Repository/CPN105.1/android.widget.ImageButton'

2023-06-16 09:24:48 - [MESSAGE][PASSED] - Tapped on element 'Object Repository/CPN105.1/android.widget.ImageButton'

2023-06-16 09:24:48 - [TEST_STEP][PASSED] - tap(findTestObject("CPN105.1/android.widget.LinearLayout"), 1): Tapped on element 'Object Repository/CPN105.1/android.widget.LinearLayout'

2023-06-16 09:24:50 - [MESSAGE][PASSED] - Tapped on element 'Object Repository/CPN105.1/android.widget.LinearLayout'

2023-06-16 09:24:50 - [TEST_STEP][PASSED] - delay(3, STOP_ON_FAILURE): Delayed 3 second(s)

2023-06-16 09:24:53 - [MESSAGE][PASSED] - Delayed 3 second(s)

2023-06-16 09:24:53 - [TEST_STEP][PASSED] - tap(findTestObject("Object Repository/CPN105.1/android.widget.ImageButton (3)"), 1): Tapped on element 'Object Repository/CPN105.1/android.widget.ImageButton (3)'

2023-06-16 09:24:53 - [MESSAGE][PASSED] - Tapped on element 'Object Repository/CPN105.1/android.widget.ImageButton (3)'

2023-06-16 09:24:53 - [TEST_STEP][PASSED] - tap(findTestObject("Object Repository/CPN105.1/android.widget.ImageButton (4)"), 1): Tapped on element 'Object Repository/CPN105.1/android.widget.ImageButton (4)'

2023-06-16 09:24:53 - [MESSAGE][PASSED] - Tapped on element 'Object Repository/CPN105.1/android.widget.ImageButton (4)'

2023-06-16 09:24:53 - [TEST_STEP][PASSED] - tap(findTestObject("CPN105.1/android.widget.ImageButton (2)"), 1): Tapped on element 'Object Repository/CPN105.1/android.widget.ImageButton (2)'

2023-06-16 09:24:55 - [MESSAGE][PASSED] - Tapped on element 'Object Repository/CPN105.1/android.widget.ImageButton (2)'

2023-06-16 09:24:55 - [TEST_STEP][PASSED] - tap(findTestObject("Object Repository/CPN105.1/android.widget.ImageButton"), 1): Tapped on element 'Object Repository/CPN105.1/android.widget.ImageButton'

2023-06-16 09:24:57 - [MESSAGE][PASSED] - Tapped on element 'Object Repository/CPN105.1/android.widget.ImageButton'

2023-06-16 09:24:57 - [TEST_STEP][PASSED] - tap(findTestObject("Object Repository/CPN105.1/android.widget.ImageView"), 1): Tapped on element 'Object Repository/CPN105.1/android.widget.ImageView'

2023-06-16 09:24:59 - [MESSAGE][PASSED] - Tapped on element 'Object Repository/CPN105.1/android.widget.ImageView'

2023-06-16 09:24:59 - [TEST_STEP][PASSED] - tap(findTestObject("Object Repository/CPN105.1/android.widget.ImageButton (5)"), 1): Tapped on element 'Object Repository/CPN105.1/android.widget.ImageButton (5)'

2023-06-16 09:25:02 - [MESSAGE][PASSED] - Tapped on element 'Object Repository/CPN105.1/android.widget.ImageButton (5)']]></system-out>
         <system-err><![CDATA[]]></system-err>
      </testcase>
      <system-out><![CDATA[2023-06-16 09:14:34 - [TEST_SUITE][PASSED] - PRUEBA-CPN105.1: Test Cases/EnvioMensajes/CPN105.1]]></system-out>
      <system-err><![CDATA[]]></system-err>
   </testsuite>
</testsuites>
