<?xml version="1.0" encoding="UTF-8"?>
<testsuites name="Crear_usuario" time="107.9" tests="2" failures="0" errors="0">
   <testsuite name="Crear_usuario" tests="2" failures="0" errors="0" time="107.9" skipped="0" timestamp="2023-07-25 17:40:30" hostname="Testing - DESKTOP-OBIGNLU" id="Test Suites/Crear_usuario">
      <properties>
         <property name="deviceName" value="samsung SM-A107M (Android 11)"/>
         <property name="devicePlatform" value=""/>
         <property name="logFolder" value="C:\\Users\\Testing\\Katalon Studio\\NN_Version2\\Reports\\20230725_174022\\Crear_usuario\\20230725_174022"/>
         <property name="logFiles" value="C:\\Users\\Testing\\Katalon Studio\\NN_Version2\\Reports\\20230725_174022\\Crear_usuario\\20230725_174022\\appium.log, C:\\Users\\Testing\\Katalon Studio\\NN_Version2\\Reports\\20230725_174022\\Crear_usuario\\20230725_174022\\execution0.log"/>
         <property name="attachments" value=""/>
         <property name="hostName" value="Testing - DESKTOP-OBIGNLU"/>
         <property name="os" value="Windows 10 64bit"/>
         <property name="appiumServerStatus" value="{&quot;value&quot;:{&quot;build&quot;:{&quot;version&quot;:&quot;1.22.3&quot;}},&quot;sessionId&quot;:null,&quot;status&quot;:0}"/>
         <property name="katalonVersion" value="8.6.5.208"/>
         <property name="deviceOS" value="Android"/>
         <property name="appiumVersion" value="1.22.3"/>
         <property name="deviceModel" value="SM-A107M"/>
         <property name="hostAddress" value="192.168.1.2"/>
         <property name="deviceManufacturer" value="samsung"/>
         <property name="deviceId" value="R9WN40KBXDJ"/>
         <property name="deviceName" value="samsung SM-A107M (Android 11)"/>
         <property name="deviceOSVersion" value="11"/>
      </properties>
      <testcase name="Test Cases/ingreso para prueba" time="66.859" classname="Test Cases/ingreso para prueba" status="PASSED">
         <system-out><![CDATA[2023-07-25 17:40:31 - [TEST_CASE][PASSED] - Test Cases/ingreso para prueba: Test Cases/ingreso para prueba

2023-07-25 17:40:31 - [TEST_STEP][PASSED] - startApplication("C:\Users\Testing\Desktop\katalon\Version QA ACTUALIZADA 25-07-23\app-qa.apk", true): Started app at: 'C:\Users\Testing\Desktop\katalon\Version QA ACTUALIZADA 25-07-23\app-qa.apk'

2023-07-25 17:40:31 - [MESSAGE][INFO] - User set preference: ['deviceId', '']

2023-07-25 17:40:31 - [MESSAGE][INFO] - Detected NodeJS location: "C:\Program Files\nodejs\node.exe"

2023-07-25 17:40:33 - [MESSAGE][INFO] - Appium server started on port 52.165

2023-07-25 17:41:12 - [MESSAGE][PASSED] - Started app at: 'C:\Users\Testing\Desktop\katalon\Version QA ACTUALIZADA 25-07-23\app-qa.apk'

2023-07-25 17:41:12 - [TEST_STEP][PASSED] - tap(findTestObject("Object Repository/Parte1/ingreso solo prueba/android.widget.TextView - Omitir"), 0): Tapped on element 'Object Repository/Parte1/ingreso solo prueba/android.widget.TextView - Omitir'

2023-07-25 17:41:12 - [MESSAGE][WARNING] - Timeout '0' is invalid. Using default page load timeout: '30'

2023-07-25 17:41:13 - [MESSAGE][PASSED] - Tapped on element 'Object Repository/Parte1/ingreso solo prueba/android.widget.TextView - Omitir'

2023-07-25 17:41:13 - [TEST_STEP][PASSED] - tap(findTestObject("Object Repository/Parte1/ingreso solo prueba/android.widget.Button - Crear Cuenta"), 0): Tapped on element 'Object Repository/Parte1/ingreso solo prueba/android.widget.Button - Crear Cuenta'

2023-07-25 17:41:13 - [MESSAGE][WARNING] - Timeout '0' is invalid. Using default page load timeout: '30'

2023-07-25 17:41:15 - [MESSAGE][PASSED] - Tapped on element 'Object Repository/Parte1/ingreso solo prueba/android.widget.Button - Crear Cuenta'

2023-07-25 17:41:15 - [TEST_STEP][PASSED] - tap(findTestObject("Object Repository/Parte1/ingreso solo prueba/android.widget.Button - Enviar cdigo de registro"), 0): Tapped on element 'Object Repository/Parte1/ingreso solo prueba/android.widget.Button - Enviar cdigo de registro'

2023-07-25 17:41:15 - [MESSAGE][WARNING] - Timeout '0' is invalid. Using default page load timeout: '30'

2023-07-25 17:41:16 - [MESSAGE][PASSED] - Tapped on element 'Object Repository/Parte1/ingreso solo prueba/android.widget.Button - Enviar cdigo de registro'

2023-07-25 17:41:16 - [TEST_STEP][PASSED] - tap(findTestObject("Object Repository/Parte1/ingreso solo prueba/android.widget.Button - Continuar"), 0): Tapped on element 'Object Repository/Parte1/ingreso solo prueba/android.widget.Button - Continuar'

2023-07-25 17:41:16 - [MESSAGE][WARNING] - Timeout '0' is invalid. Using default page load timeout: '30'

2023-07-25 17:41:22 - [MESSAGE][PASSED] - Tapped on element 'Object Repository/Parte1/ingreso solo prueba/android.widget.Button - Continuar'

2023-07-25 17:41:22 - [TEST_STEP][PASSED] - setText(findTestObject("Object Repository/Parte1/ingreso solo prueba/android.widget.EditText - Apodo"), "libre024", 0): Text 'libre024' has been set to element 'Object Repository/Parte1/ingreso solo prueba/android.widget.EditText - Apodo'

2023-07-25 17:41:22 - [MESSAGE][WARNING] - Timeout '0' is invalid. Using default page load timeout: '30'

2023-07-25 17:41:27 - [MESSAGE][PASSED] - Text 'libre024' has been set to element 'Object Repository/Parte1/ingreso solo prueba/android.widget.EditText - Apodo'

2023-07-25 17:41:27 - [TEST_STEP][PASSED] - tap(findTestObject("Object Repository/Parte1/ingreso solo prueba/android.widget.Button - Siguiente"), 0): Tapped on element 'Object Repository/Parte1/ingreso solo prueba/android.widget.Button - Siguiente'

2023-07-25 17:41:27 - [MESSAGE][WARNING] - Timeout '0' is invalid. Using default page load timeout: '30'

2023-07-25 17:41:29 - [MESSAGE][PASSED] - Tapped on element 'Object Repository/Parte1/ingreso solo prueba/android.widget.Button - Siguiente'

2023-07-25 17:41:29 - [TEST_STEP][PASSED] - setText(findTestObject("Object Repository/Parte1/ingreso solo prueba/android.widget.EditText - Pin de Acceso"), "0000", 0): Text '0000' has been set to element 'Object Repository/Parte1/ingreso solo prueba/android.widget.EditText - Pin de Acceso'

2023-07-25 17:41:29 - [MESSAGE][WARNING] - Timeout '0' is invalid. Using default page load timeout: '30'

2023-07-25 17:41:32 - [MESSAGE][PASSED] - Text '0000' has been set to element 'Object Repository/Parte1/ingreso solo prueba/android.widget.EditText - Pin de Acceso'

2023-07-25 17:41:32 - [TEST_STEP][PASSED] - setText(findTestObject("Object Repository/Parte1/ingreso solo prueba/android.widget.EditText - Confirmar nuevo pin de acceso"), "0000", 0): Text '0000' has been set to element 'Object Repository/Parte1/ingreso solo prueba/android.widget.EditText - Confirmar nuevo pin de acceso'

2023-07-25 17:41:32 - [MESSAGE][WARNING] - Timeout '0' is invalid. Using default page load timeout: '30'

2023-07-25 17:41:34 - [MESSAGE][PASSED] - Text '0000' has been set to element 'Object Repository/Parte1/ingreso solo prueba/android.widget.EditText - Confirmar nuevo pin de acceso'

2023-07-25 17:41:34 - [TEST_STEP][PASSED] - tap(findTestObject("Object Repository/Parte1/ingreso solo prueba/android.widget.Button - Crear Cuenta (1)"), 0): Tapped on element 'Object Repository/Parte1/ingreso solo prueba/android.widget.Button - Crear Cuenta (1)'

2023-07-25 17:41:34 - [MESSAGE][WARNING] - Timeout '0' is invalid. Using default page load timeout: '30'

2023-07-25 17:41:35 - [MESSAGE][PASSED] - Tapped on element 'Object Repository/Parte1/ingreso solo prueba/android.widget.Button - Crear Cuenta (1)'

2023-07-25 17:41:35 - [TEST_STEP][PASSED] - delay(2, CONTINUE_ON_FAILURE): Delayed 2 second(s)

2023-07-25 17:41:37 - [MESSAGE][PASSED] - Delayed 2 second(s)]]></system-out>
         <system-err><![CDATA[]]></system-err>
      </testcase>
      <testcase name="Test Cases/CPN208" time="40.755" classname="Test Cases/CPN208" status="PASSED">
         <system-out><![CDATA[2023-07-25 17:41:37 - [TEST_CASE][PASSED] - Test Cases/CPN208: Test Cases/CPN208

2023-07-25 17:41:38 - [TEST_STEP][PASSED] - tap(findTestObject("Parte2/Ajustes cuenta/Chats/android.widget.FrameLayout"), 0): Tapped on element 'Object Repository/Parte2/Ajustes cuenta/Chats/android.widget.FrameLayout'

2023-07-25 17:41:38 - [MESSAGE][WARNING] - Timeout '0' is invalid. Using default page load timeout: '30'

2023-07-25 17:41:39 - [MESSAGE][PASSED] - Tapped on element 'Object Repository/Parte2/Ajustes cuenta/Chats/android.widget.FrameLayout'

2023-07-25 17:41:39 - [TEST_STEP][PASSED] - tap(findTestObject("Parte2/Ajustes cuenta/Chats/android.widget.LinearLayout"), 0): Tapped on element 'Object Repository/Parte2/Ajustes cuenta/Chats/android.widget.LinearLayout'

2023-07-25 17:41:39 - [MESSAGE][WARNING] - Timeout '0' is invalid. Using default page load timeout: '30'

2023-07-25 17:41:41 - [MESSAGE][PASSED] - Tapped on element 'Object Repository/Parte2/Ajustes cuenta/Chats/android.widget.LinearLayout'

2023-07-25 17:41:41 - [TEST_STEP][PASSED] - tap(findTestObject("Parte2/Ajustes cuenta/Chats/android.widget.LinearLayout (1)"), 0): Tapped on element 'Object Repository/Parte2/Ajustes cuenta/Chats/android.widget.LinearLayout (1)'

2023-07-25 17:41:41 - [MESSAGE][WARNING] - Timeout '0' is invalid. Using default page load timeout: '30'

2023-07-25 17:41:43 - [MESSAGE][PASSED] - Tapped on element 'Object Repository/Parte2/Ajustes cuenta/Chats/android.widget.LinearLayout (1)'

2023-07-25 17:41:43 - [TEST_STEP][PASSED] - tap(findTestObject("Parte2/Ajustes cuenta/Chats/android.widget.LinearLayout (2)"), 0): Tapped on element 'Object Repository/Parte2/Ajustes cuenta/Chats/android.widget.LinearLayout (2)'

2023-07-25 17:41:43 - [MESSAGE][WARNING] - Timeout '0' is invalid. Using default page load timeout: '30'

2023-07-25 17:41:44 - [MESSAGE][PASSED] - Tapped on element 'Object Repository/Parte2/Ajustes cuenta/Chats/android.widget.LinearLayout (2)'

2023-07-25 17:41:44 - [TEST_STEP][PASSED] - verifyElementVisible(findTestObject("Parte2/Ajustes cuenta/Chats/android.widget.ImageButton"), 0): Element 'Object Repository/Parte2/Ajustes cuenta/Chats/android.widget.ImageButton' is visible

2023-07-25 17:41:44 - [MESSAGE][WARNING] - Timeout '0' is invalid. Using default page load timeout: '30'

2023-07-25 17:41:46 - [MESSAGE][PASSED] - Element 'Object Repository/Parte2/Ajustes cuenta/Chats/android.widget.ImageButton' is visible

2023-07-25 17:41:46 - [TEST_STEP][PASSED] - delay(2, CONTINUE_ON_FAILURE): Delayed 2 second(s)

2023-07-25 17:41:48 - [MESSAGE][PASSED] - Delayed 2 second(s)

2023-07-25 17:41:48 - [TEST_STEP][PASSED] - tap(findTestObject("Parte2/Ajustes cuenta/Chats/android.widget.ImageButton"), 0): Tapped on element 'Object Repository/Parte2/Ajustes cuenta/Chats/android.widget.ImageButton'

2023-07-25 17:41:48 - [MESSAGE][WARNING] - Timeout '0' is invalid. Using default page load timeout: '30'

2023-07-25 17:41:48 - [MESSAGE][PASSED] - Tapped on element 'Object Repository/Parte2/Ajustes cuenta/Chats/android.widget.ImageButton'

2023-07-25 17:41:48 - [TEST_STEP][PASSED] - verifyElementVisible(findTestObject("Parte2/Ajustes cuenta/Chats/android.widget.ImageButton"), 0): Element 'Object Repository/Parte2/Ajustes cuenta/Chats/android.widget.ImageButton' is visible

2023-07-25 17:41:48 - [MESSAGE][WARNING] - Timeout '0' is invalid. Using default page load timeout: '30'

2023-07-25 17:41:49 - [MESSAGE][PASSED] - Element 'Object Repository/Parte2/Ajustes cuenta/Chats/android.widget.ImageButton' is visible

2023-07-25 17:41:49 - [TEST_STEP][PASSED] - tap(findTestObject("Object Repository/Parte2/Ajustes cuenta/Chats/android.widget.ImageButton (1)"), 0): Tapped on element 'Object Repository/Parte2/Ajustes cuenta/Chats/android.widget.ImageButton (1)'

2023-07-25 17:41:49 - [MESSAGE][WARNING] - Timeout '0' is invalid. Using default page load timeout: '30'

2023-07-25 17:41:49 - [MESSAGE][PASSED] - Tapped on element 'Object Repository/Parte2/Ajustes cuenta/Chats/android.widget.ImageButton (1)'

2023-07-25 17:41:49 - [TEST_STEP][PASSED] - delay(3, CONTINUE_ON_FAILURE): Delayed 3 second(s)

2023-07-25 17:41:52 - [MESSAGE][PASSED] - Delayed 3 second(s)

2023-07-25 17:41:52 - [TEST_STEP][PASSED] - tap(findTestObject("Object Repository/Parte2/Ajustes cuenta/Chats/android.widget.ImageButton (2)"), 0): Tapped on element 'Object Repository/Parte2/Ajustes cuenta/Chats/android.widget.ImageButton (2)'

2023-07-25 17:41:52 - [MESSAGE][WARNING] - Timeout '0' is invalid. Using default page load timeout: '30'

2023-07-25 17:41:53 - [MESSAGE][PASSED] - Tapped on element 'Object Repository/Parte2/Ajustes cuenta/Chats/android.widget.ImageButton (2)'

2023-07-25 17:41:53 - [TEST_STEP][PASSED] - tap(findTestObject("Parte2/Ajustes cuenta/Chats/android.widget.LinearLayout (1)"), 0): Tapped on element 'Object Repository/Parte2/Ajustes cuenta/Chats/android.widget.LinearLayout (1)'

2023-07-25 17:41:53 - [MESSAGE][WARNING] - Timeout '0' is invalid. Using default page load timeout: '30'

2023-07-25 17:41:54 - [MESSAGE][PASSED] - Tapped on element 'Object Repository/Parte2/Ajustes cuenta/Chats/android.widget.LinearLayout (1)'

2023-07-25 17:41:54 - [TEST_STEP][PASSED] - tap(findTestObject("Parte2/Ajustes cuenta/Chats/android.widget.LinearLayout (2)"), 0): Tapped on element 'Object Repository/Parte2/Ajustes cuenta/Chats/android.widget.LinearLayout (2)'

2023-07-25 17:41:54 - [MESSAGE][WARNING] - Timeout '0' is invalid. Using default page load timeout: '30'

2023-07-25 17:41:55 - [MESSAGE][PASSED] - Tapped on element 'Object Repository/Parte2/Ajustes cuenta/Chats/android.widget.LinearLayout (2)'

2023-07-25 17:41:55 - [TEST_STEP][PASSED] - delay(2, CONTINUE_ON_FAILURE): Delayed 2 second(s)

2023-07-25 17:41:57 - [MESSAGE][PASSED] - Delayed 2 second(s)

2023-07-25 17:41:57 - [TEST_STEP][PASSED] - tap(findTestObject("Parte2/Ajustes cuenta/Chats/android.widget.ImageButton"), 0): Tapped on element 'Object Repository/Parte2/Ajustes cuenta/Chats/android.widget.ImageButton'

2023-07-25 17:41:57 - [MESSAGE][WARNING] - Timeout '0' is invalid. Using default page load timeout: '30'

2023-07-25 17:41:58 - [MESSAGE][PASSED] - Tapped on element 'Object Repository/Parte2/Ajustes cuenta/Chats/android.widget.ImageButton'

2023-07-25 17:41:58 - [TEST_STEP][PASSED] - verifyElementVisible(findTestObject("Parte2/Ajustes cuenta/Chats/android.view.ViewGroup"), 0): Element 'Object Repository/Parte2/Ajustes cuenta/Chats/android.view.ViewGroup' is visible

2023-07-25 17:41:58 - [MESSAGE][WARNING] - Timeout '0' is invalid. Using default page load timeout: '30'

2023-07-25 17:41:58 - [MESSAGE][PASSED] - Element 'Object Repository/Parte2/Ajustes cuenta/Chats/android.view.ViewGroup' is visible

2023-07-25 17:41:58 - [TEST_STEP][PASSED] - tap(findTestObject("Object Repository/Parte2/Ajustes cuenta/Chats/android.widget.ImageButton (1)"), 0): Tapped on element 'Object Repository/Parte2/Ajustes cuenta/Chats/android.widget.ImageButton (1)'

2023-07-25 17:41:58 - [MESSAGE][WARNING] - Timeout '0' is invalid. Using default page load timeout: '30'

2023-07-25 17:41:59 - [MESSAGE][PASSED] - Tapped on element 'Object Repository/Parte2/Ajustes cuenta/Chats/android.widget.ImageButton (1)'

2023-07-25 17:41:59 - [TEST_STEP][PASSED] - delay(3, CONTINUE_ON_FAILURE): Delayed 3 second(s)

2023-07-25 17:42:02 - [MESSAGE][PASSED] - Delayed 3 second(s)

2023-07-25 17:42:02 - [TEST_STEP][PASSED] - tap(findTestObject("Object Repository/Parte2/Ajustes cuenta/Chats/android.widget.ImageButton (2)"), 0): Tapped on element 'Object Repository/Parte2/Ajustes cuenta/Chats/android.widget.ImageButton (2)'

2023-07-25 17:42:02 - [MESSAGE][WARNING] - Timeout '0' is invalid. Using default page load timeout: '30'

2023-07-25 17:42:03 - [MESSAGE][PASSED] - Tapped on element 'Object Repository/Parte2/Ajustes cuenta/Chats/android.widget.ImageButton (2)'

2023-07-25 17:42:03 - [TEST_STEP][PASSED] - tap(findTestObject("Parte2/Ajustes cuenta/Chats/android.widget.LinearLayout (1)"), 0): Tapped on element 'Object Repository/Parte2/Ajustes cuenta/Chats/android.widget.LinearLayout (1)'

2023-07-25 17:42:03 - [MESSAGE][WARNING] - Timeout '0' is invalid. Using default page load timeout: '30'

2023-07-25 17:42:04 - [MESSAGE][PASSED] - Tapped on element 'Object Repository/Parte2/Ajustes cuenta/Chats/android.widget.LinearLayout (1)'

2023-07-25 17:42:04 - [TEST_STEP][PASSED] - tap(findTestObject("Parte2/Ajustes cuenta/Chats/android.widget.LinearLayout (2)"), 0): Tapped on element 'Object Repository/Parte2/Ajustes cuenta/Chats/android.widget.LinearLayout (2)'

2023-07-25 17:42:04 - [MESSAGE][WARNING] - Timeout '0' is invalid. Using default page load timeout: '30'

2023-07-25 17:42:05 - [MESSAGE][PASSED] - Tapped on element 'Object Repository/Parte2/Ajustes cuenta/Chats/android.widget.LinearLayout (2)'

2023-07-25 17:42:05 - [TEST_STEP][PASSED] - delay(2, CONTINUE_ON_FAILURE): Delayed 2 second(s)

2023-07-25 17:42:07 - [MESSAGE][PASSED] - Delayed 2 second(s)

2023-07-25 17:42:07 - [TEST_STEP][PASSED] - tap(findTestObject("Parte2/Ajustes cuenta/Chats/android.widget.ImageButton"), 0): Tapped on element 'Object Repository/Parte2/Ajustes cuenta/Chats/android.widget.ImageButton'

2023-07-25 17:42:07 - [MESSAGE][WARNING] - Timeout '0' is invalid. Using default page load timeout: '30'

2023-07-25 17:42:07 - [MESSAGE][PASSED] - Tapped on element 'Object Repository/Parte2/Ajustes cuenta/Chats/android.widget.ImageButton'

2023-07-25 17:42:07 - [TEST_STEP][PASSED] - verifyElementVisible(findTestObject("Parte2/Ajustes cuenta/Chats/android.widget.ImageButton"), 0): Element 'Object Repository/Parte2/Ajustes cuenta/Chats/android.widget.ImageButton' is visible

2023-07-25 17:42:07 - [MESSAGE][WARNING] - Timeout '0' is invalid. Using default page load timeout: '30'

2023-07-25 17:42:08 - [MESSAGE][PASSED] - Element 'Object Repository/Parte2/Ajustes cuenta/Chats/android.widget.ImageButton' is visible

2023-07-25 17:42:08 - [TEST_STEP][PASSED] - tap(findTestObject("Object Repository/Parte2/Ajustes cuenta/Chats/android.widget.ImageButton (1)"), 0): Tapped on element 'Object Repository/Parte2/Ajustes cuenta/Chats/android.widget.ImageButton (1)'

2023-07-25 17:42:08 - [MESSAGE][WARNING] - Timeout '0' is invalid. Using default page load timeout: '30'

2023-07-25 17:42:08 - [MESSAGE][PASSED] - Tapped on element 'Object Repository/Parte2/Ajustes cuenta/Chats/android.widget.ImageButton (1)'

2023-07-25 17:42:08 - [TEST_STEP][PASSED] - delay(3, CONTINUE_ON_FAILURE): Delayed 3 second(s)

2023-07-25 17:42:11 - [MESSAGE][PASSED] - Delayed 3 second(s)

2023-07-25 17:42:11 - [TEST_STEP][PASSED] - tap(findTestObject("Object Repository/Parte2/Ajustes cuenta/Chats/android.widget.ImageButton (2)"), 0): Tapped on element 'Object Repository/Parte2/Ajustes cuenta/Chats/android.widget.ImageButton (2)'

2023-07-25 17:42:11 - [MESSAGE][WARNING] - Timeout '0' is invalid. Using default page load timeout: '30'

2023-07-25 17:42:12 - [MESSAGE][PASSED] - Tapped on element 'Object Repository/Parte2/Ajustes cuenta/Chats/android.widget.ImageButton (2)'

2023-07-25 17:42:12 - [TEST_STEP][PASSED] - tap(findTestObject("Parte2/Ajustes cuenta/Chats/android.widget.LinearLayout (1)"), 0): Tapped on element 'Object Repository/Parte2/Ajustes cuenta/Chats/android.widget.LinearLayout (1)'

2023-07-25 17:42:12 - [MESSAGE][WARNING] - Timeout '0' is invalid. Using default page load timeout: '30'

2023-07-25 17:42:13 - [MESSAGE][PASSED] - Tapped on element 'Object Repository/Parte2/Ajustes cuenta/Chats/android.widget.LinearLayout (1)'

2023-07-25 17:42:13 - [TEST_STEP][PASSED] - tap(findTestObject("Parte2/Ajustes cuenta/Chats/android.widget.LinearLayout (2)"), 0): Tapped on element 'Object Repository/Parte2/Ajustes cuenta/Chats/android.widget.LinearLayout (2)'

2023-07-25 17:42:13 - [MESSAGE][WARNING] - Timeout '0' is invalid. Using default page load timeout: '30'

2023-07-25 17:42:14 - [MESSAGE][PASSED] - Tapped on element 'Object Repository/Parte2/Ajustes cuenta/Chats/android.widget.LinearLayout (2)'

2023-07-25 17:42:14 - [TEST_STEP][PASSED] - delay(2, CONTINUE_ON_FAILURE): Delayed 2 second(s)

2023-07-25 17:42:16 - [MESSAGE][PASSED] - Delayed 2 second(s)

2023-07-25 17:42:16 - [TEST_STEP][PASSED] - pressBack(): Press back button successfully

2023-07-25 17:42:16 - [MESSAGE][PASSED] - Press back button successfully

2023-07-25 17:42:16 - [TEST_STEP][PASSED] - pressBack(): Press back button successfully

2023-07-25 17:42:17 - [MESSAGE][PASSED] - Press back button successfully

2023-07-25 17:42:17 - [TEST_STEP][PASSED] - tap(findTestObject("Parte2/Ajustes cuenta/Chats/android.widget.FrameLayout (1)"), 0): Tapped on element 'Object Repository/Parte2/Ajustes cuenta/Chats/android.widget.FrameLayout (1)'

2023-07-25 17:42:17 - [MESSAGE][WARNING] - Timeout '0' is invalid. Using default page load timeout: '30'

2023-07-25 17:42:18 - [MESSAGE][PASSED] - Tapped on element 'Object Repository/Parte2/Ajustes cuenta/Chats/android.widget.FrameLayout (1)']]></system-out>
         <system-err><![CDATA[]]></system-err>
      </testcase>
      <system-out><![CDATA[2023-07-25 17:40:30 - [TEST_SUITE][PASSED] - Crear_usuario: Test Cases/CPN208]]></system-out>
      <system-err><![CDATA[]]></system-err>
   </testsuite>
</testsuites>
