<?xml version="1.0" encoding="UTF-8"?>
<testsuites name="Crear_usuario" time="129.358" tests="2" failures="0" errors="0">
   <testsuite name="Crear_usuario" tests="2" failures="0" errors="0" time="129.358" skipped="0" timestamp="2023-08-18 11:09:28" hostname="Testing - DESKTOP-OBIGNLU" id="Test Suites/Crear_usuario">
      <properties>
         <property name="deviceName" value="samsung SM-A107M (Android 11)"/>
         <property name="devicePlatform" value=""/>
         <property name="logFolder" value="C:\\Users\\Testing\\Katalon Studio\\NN_Version2\\Reports\\20230818_110920\\Crear_usuario\\20230818_110920"/>
         <property name="logFiles" value="C:\\Users\\Testing\\Katalon Studio\\NN_Version2\\Reports\\20230818_110920\\Crear_usuario\\20230818_110920\\appium.log, C:\\Users\\Testing\\Katalon Studio\\NN_Version2\\Reports\\20230818_110920\\Crear_usuario\\20230818_110920\\execution0.log"/>
         <property name="attachments" value=""/>
         <property name="hostName" value="Testing - DESKTOP-OBIGNLU"/>
         <property name="os" value="Windows 10 64bit"/>
         <property name="appiumServerStatus" value="{&quot;value&quot;:{&quot;build&quot;:{&quot;version&quot;:&quot;1.22.3&quot;}},&quot;sessionId&quot;:null,&quot;status&quot;:0}"/>
         <property name="katalonVersion" value="8.6.5.208"/>
         <property name="deviceOS" value="Android"/>
         <property name="appiumVersion" value="1.22.3"/>
         <property name="deviceModel" value="SM-A107M"/>
         <property name="hostAddress" value="192.168.1.35"/>
         <property name="deviceManufacturer" value="samsung"/>
         <property name="deviceId" value="R9WN40KBXDJ"/>
         <property name="deviceName" value="samsung SM-A107M (Android 11)"/>
         <property name="deviceOSVersion" value="11"/>
      </properties>
      <testcase name="Test Cases/ingreso para prueba" time="82.5" classname="Test Cases/ingreso para prueba" status="PASSED">
         <system-out><![CDATA[2023-08-18 11:09:28 - [TEST_CASE][PASSED] - Test Cases/ingreso para prueba: Test Cases/ingreso para prueba

2023-08-18 11:09:28 - [TEST_STEP][PASSED] - startApplication("C:\Users\Testing\Desktop\katalon\Version QA ACTUALIZADA 14-08-23\app-qa.apk", true): Started app at: 'C:\Users\Testing\Desktop\katalon\Version QA ACTUALIZADA 14-08-23\app-qa.apk'

2023-08-18 11:09:29 - [MESSAGE][INFO] - User set preference: ['deviceId', '']

2023-08-18 11:09:29 - [MESSAGE][INFO] - Detected NodeJS location: "C:\Program Files\nodejs\node.exe"

2023-08-18 11:09:30 - [MESSAGE][INFO] - Appium server started on port 63.401

2023-08-18 11:10:03 - [MESSAGE][PASSED] - Started app at: 'C:\Users\Testing\Desktop\katalon\Version QA ACTUALIZADA 14-08-23\app-qa.apk'

2023-08-18 11:10:03 - [TEST_STEP][PASSED] - tap(findTestObject("Object Repository/Parte1/ingreso solo prueba/android.widget.TextView - Omitir"), 0): Tapped on element 'Object Repository/Parte1/ingreso solo prueba/android.widget.TextView - Omitir'

2023-08-18 11:10:03 - [MESSAGE][WARNING] - Timeout '0' is invalid. Using default page load timeout: '30'

2023-08-18 11:10:04 - [MESSAGE][PASSED] - Tapped on element 'Object Repository/Parte1/ingreso solo prueba/android.widget.TextView - Omitir'

2023-08-18 11:10:04 - [TEST_STEP][PASSED] - tap(findTestObject("Object Repository/Parte1/ingreso solo prueba/android.widget.Button - Crear Cuenta"), 0): Tapped on element 'Object Repository/Parte1/ingreso solo prueba/android.widget.Button - Crear Cuenta'

2023-08-18 11:10:04 - [MESSAGE][WARNING] - Timeout '0' is invalid. Using default page load timeout: '30'

2023-08-18 11:10:05 - [MESSAGE][PASSED] - Tapped on element 'Object Repository/Parte1/ingreso solo prueba/android.widget.Button - Crear Cuenta'

2023-08-18 11:10:05 - [TEST_STEP][PASSED] - tap(findTestObject("Object Repository/Parte1/ingreso solo prueba/android.widget.Button - Enviar cdigo de registro"), 0): Tapped on element 'Object Repository/Parte1/ingreso solo prueba/android.widget.Button - Enviar cdigo de registro'

2023-08-18 11:10:05 - [MESSAGE][WARNING] - Timeout '0' is invalid. Using default page load timeout: '30'

2023-08-18 11:10:07 - [MESSAGE][PASSED] - Tapped on element 'Object Repository/Parte1/ingreso solo prueba/android.widget.Button - Enviar cdigo de registro'

2023-08-18 11:10:07 - [TEST_STEP][PASSED] - tap(findTestObject("Object Repository/Parte1/ingreso solo prueba/android.widget.Button - Continuar"), 0): Tapped on element 'Object Repository/Parte1/ingreso solo prueba/android.widget.Button - Continuar'

2023-08-18 11:10:07 - [MESSAGE][WARNING] - Timeout '0' is invalid. Using default page load timeout: '30'

2023-08-18 11:10:14 - [MESSAGE][PASSED] - Tapped on element 'Object Repository/Parte1/ingreso solo prueba/android.widget.Button - Continuar'

2023-08-18 11:10:14 - [TEST_STEP][PASSED] - setText(findTestObject("Object Repository/Parte1/ingreso solo prueba/android.widget.EditText - Apodo"), "libre024", 0): Text 'libre024' has been set to element 'Object Repository/Parte1/ingreso solo prueba/android.widget.EditText - Apodo'

2023-08-18 11:10:14 - [MESSAGE][WARNING] - Timeout '0' is invalid. Using default page load timeout: '30'

2023-08-18 11:10:19 - [MESSAGE][PASSED] - Text 'libre024' has been set to element 'Object Repository/Parte1/ingreso solo prueba/android.widget.EditText - Apodo'

2023-08-18 11:10:19 - [TEST_STEP][PASSED] - tap(findTestObject("Object Repository/Parte1/ingreso solo prueba/android.widget.Button - Siguiente"), 0): Tapped on element 'Object Repository/Parte1/ingreso solo prueba/android.widget.Button - Siguiente'

2023-08-18 11:10:19 - [MESSAGE][WARNING] - Timeout '0' is invalid. Using default page load timeout: '30'

2023-08-18 11:10:20 - [MESSAGE][PASSED] - Tapped on element 'Object Repository/Parte1/ingreso solo prueba/android.widget.Button - Siguiente'

2023-08-18 11:10:20 - [TEST_STEP][PASSED] - setText(findTestObject("Object Repository/Parte1/ingreso solo prueba/android.widget.EditText - Pin de Acceso"), "0000", 0): Text '0000' has been set to element 'Object Repository/Parte1/ingreso solo prueba/android.widget.EditText - Pin de Acceso'

2023-08-18 11:10:20 - [MESSAGE][WARNING] - Timeout '0' is invalid. Using default page load timeout: '30'

2023-08-18 11:10:45 - [MESSAGE][PASSED] - Text '0000' has been set to element 'Object Repository/Parte1/ingreso solo prueba/android.widget.EditText - Pin de Acceso'

2023-08-18 11:10:45 - [TEST_STEP][PASSED] - setText(findTestObject("Object Repository/Parte1/ingreso solo prueba/android.widget.EditText - Confirmar nuevo pin de acceso"), "0000", 0): Text '0000' has been set to element 'Object Repository/Parte1/ingreso solo prueba/android.widget.EditText - Confirmar nuevo pin de acceso'

2023-08-18 11:10:45 - [MESSAGE][WARNING] - Timeout '0' is invalid. Using default page load timeout: '30'

2023-08-18 11:10:48 - [MESSAGE][PASSED] - Text '0000' has been set to element 'Object Repository/Parte1/ingreso solo prueba/android.widget.EditText - Confirmar nuevo pin de acceso'

2023-08-18 11:10:48 - [TEST_STEP][PASSED] - tap(findTestObject("Object Repository/Parte1/ingreso solo prueba/android.widget.Button - Crear Cuenta (1)"), 0): Tapped on element 'Object Repository/Parte1/ingreso solo prueba/android.widget.Button - Crear Cuenta (1)'

2023-08-18 11:10:48 - [MESSAGE][WARNING] - Timeout '0' is invalid. Using default page load timeout: '30'

2023-08-18 11:10:49 - [MESSAGE][PASSED] - Tapped on element 'Object Repository/Parte1/ingreso solo prueba/android.widget.Button - Crear Cuenta (1)'

2023-08-18 11:10:49 - [TEST_STEP][PASSED] - delay(2, CONTINUE_ON_FAILURE): Delayed 2 second(s)

2023-08-18 11:10:51 - [MESSAGE][PASSED] - Delayed 2 second(s)]]></system-out>
         <system-err><![CDATA[]]></system-err>
      </testcase>
      <testcase name="Test Cases/agregar1" time="46.587" classname="Test Cases/agregar1" status="PASSED">
         <system-out><![CDATA[2023-08-18 11:10:51 - [TEST_CASE][PASSED] - Test Cases/agregar1: Test Cases/agregar1

2023-08-18 11:10:51 - [TEST_STEP][PASSED] - delay(2, STOP_ON_FAILURE): Delayed 2 second(s)

2023-08-18 11:10:53 - [MESSAGE][PASSED] - Delayed 2 second(s)

2023-08-18 11:10:53 - [TEST_STEP][PASSED] - tap(findTestObject("Object Repository/agregar1/android.widget.FrameLayout"), 0): Tapped on element 'Object Repository/agregar1/android.widget.FrameLayout'

2023-08-18 11:10:53 - [MESSAGE][WARNING] - Timeout '0' is invalid. Using default page load timeout: '30'

2023-08-18 11:10:53 - [MESSAGE][PASSED] - Tapped on element 'Object Repository/agregar1/android.widget.FrameLayout'

2023-08-18 11:10:53 - [TEST_STEP][PASSED] - tap(findTestObject("Parte1/agregar/android.widget.ImageView (1)"), 0): Tapped on element 'Object Repository/Parte1/agregar/android.widget.ImageView (1)'

2023-08-18 11:10:53 - [MESSAGE][WARNING] - Timeout '0' is invalid. Using default page load timeout: '30'

2023-08-18 11:10:54 - [MESSAGE][PASSED] - Tapped on element 'Object Repository/Parte1/agregar/android.widget.ImageView (1)'

2023-08-18 11:10:54 - [TEST_STEP][PASSED] - tap(findTestObject("Object Repository/agregar1/android.widget.EditText - Busca por apodo"), 0): Tapped on element 'Object Repository/agregar1/android.widget.EditText - Busca por apodo'

2023-08-18 11:10:54 - [MESSAGE][WARNING] - Timeout '0' is invalid. Using default page load timeout: '30'

2023-08-18 11:11:08 - [MESSAGE][PASSED] - Tapped on element 'Object Repository/agregar1/android.widget.EditText - Busca por apodo'

2023-08-18 11:11:08 - [TEST_STEP][PASSED] - setText(findTestObject("agregar1/android.widget.EditText - Busca por apodo"), "prueba3217", 0): Text 'prueba3217' has been set to element 'Object Repository/agregar1/android.widget.EditText - Busca por apodo'

2023-08-18 11:11:08 - [MESSAGE][WARNING] - Timeout '0' is invalid. Using default page load timeout: '30'

2023-08-18 11:11:09 - [MESSAGE][PASSED] - Text 'prueba3217' has been set to element 'Object Repository/agregar1/android.widget.EditText - Busca por apodo'

2023-08-18 11:11:09 - [TEST_STEP][PASSED] - tap(findTestObject("Object Repository/agregar1/android.widget.Button - AGREGAR"), 0): Tapped on element 'Object Repository/agregar1/android.widget.Button - AGREGAR'

2023-08-18 11:11:09 - [MESSAGE][WARNING] - Timeout '0' is invalid. Using default page load timeout: '30'

2023-08-18 11:11:13 - [MESSAGE][PASSED] - Tapped on element 'Object Repository/agregar1/android.widget.Button - AGREGAR'

2023-08-18 11:11:13 - [TEST_STEP][PASSED] - delay(3, STOP_ON_FAILURE): Delayed 3 second(s)

2023-08-18 11:11:16 - [MESSAGE][PASSED] - Delayed 3 second(s)

2023-08-18 11:11:16 - [TEST_STEP][PASSED] - tap(findTestObject("agregar1/android.widget.Button"), 0): Tapped on element 'Object Repository/agregar1/android.widget.Button'

2023-08-18 11:11:16 - [MESSAGE][WARNING] - Timeout '0' is invalid. Using default page load timeout: '30'

2023-08-18 11:11:16 - [MESSAGE][PASSED] - Tapped on element 'Object Repository/agregar1/android.widget.Button'

2023-08-18 11:11:16 - [TEST_STEP][PASSED] - delay(3, STOP_ON_FAILURE): Delayed 3 second(s)

2023-08-18 11:11:19 - [MESSAGE][PASSED] - Delayed 3 second(s)

2023-08-18 11:11:19 - [TEST_STEP][PASSED] - tap(findTestObject("Object Repository/agregar1/android.widget.ImageButton"), 0): Tapped on element 'Object Repository/agregar1/android.widget.ImageButton'

2023-08-18 11:11:19 - [MESSAGE][WARNING] - Timeout '0' is invalid. Using default page load timeout: '30'

2023-08-18 11:11:19 - [MESSAGE][PASSED] - Tapped on element 'Object Repository/agregar1/android.widget.ImageButton'

2023-08-18 11:11:19 - [TEST_STEP][PASSED] - tap(findTestObject("Object Repository/agregar1/android.view.ViewGroup"), 0): Tapped on element 'Object Repository/agregar1/android.view.ViewGroup'

2023-08-18 11:11:19 - [MESSAGE][WARNING] - Timeout '0' is invalid. Using default page load timeout: '30'

2023-08-18 11:11:21 - [MESSAGE][PASSED] - Tapped on element 'Object Repository/agregar1/android.view.ViewGroup'

2023-08-18 11:11:21 - [TEST_STEP][PASSED] - tap(findTestObject("Object Repository/agregar1/android.widget.ImageButton (1)"), 0): Tapped on element 'Object Repository/agregar1/android.widget.ImageButton (1)'

2023-08-18 11:11:21 - [MESSAGE][WARNING] - Timeout '0' is invalid. Using default page load timeout: '30'

2023-08-18 11:11:23 - [MESSAGE][PASSED] - Tapped on element 'Object Repository/agregar1/android.widget.ImageButton (1)'

2023-08-18 11:11:23 - [TEST_STEP][PASSED] - delay(3, STOP_ON_FAILURE): Delayed 3 second(s)

2023-08-18 11:11:26 - [MESSAGE][PASSED] - Delayed 3 second(s)

2023-08-18 11:11:26 - [TEST_STEP][PASSED] - tapAndHold(findTestObject("agregar1/android.view.ViewGroup"), 3, 1): Tapped and held on element 'Object Repository/agregar1/android.view.ViewGroup' with duration 3

2023-08-18 11:11:31 - [MESSAGE][PASSED] - Tapped and held on element 'Object Repository/agregar1/android.view.ViewGroup' with duration 3

2023-08-18 11:11:31 - [TEST_STEP][PASSED] - tap(findTestObject("Object Repository/agregar1/android.widget.LinearLayout"), 0): Tapped on element 'Object Repository/agregar1/android.widget.LinearLayout'

2023-08-18 11:11:31 - [MESSAGE][WARNING] - Timeout '0' is invalid. Using default page load timeout: '30'

2023-08-18 11:11:32 - [MESSAGE][PASSED] - Tapped on element 'Object Repository/agregar1/android.widget.LinearLayout'

2023-08-18 11:11:32 - [TEST_STEP][PASSED] - tap(findTestObject("Object Repository/agregar1/android.widget.Button - Aceptar"), 0): Tapped on element 'Object Repository/agregar1/android.widget.Button - Aceptar'

2023-08-18 11:11:32 - [MESSAGE][WARNING] - Timeout '0' is invalid. Using default page load timeout: '30'

2023-08-18 11:11:33 - [MESSAGE][PASSED] - Tapped on element 'Object Repository/agregar1/android.widget.Button - Aceptar'

2023-08-18 11:11:33 - [TEST_STEP][PASSED] - tap(findTestObject("Object Repository/agregar1/android.widget.FrameLayout (1)"), 0): Tapped on element 'Object Repository/agregar1/android.widget.FrameLayout (1)'

2023-08-18 11:11:33 - [MESSAGE][WARNING] - Timeout '0' is invalid. Using default page load timeout: '30'

2023-08-18 11:11:34 - [MESSAGE][PASSED] - Tapped on element 'Object Repository/agregar1/android.widget.FrameLayout (1)'

2023-08-18 11:11:34 - [TEST_STEP][PASSED] - delay(3, STOP_ON_FAILURE): Delayed 3 second(s)

2023-08-18 11:11:37 - [MESSAGE][PASSED] - Delayed 3 second(s)

2023-08-18 11:11:37 - [TEST_STEP][PASSED] - tap(findTestObject("Object Repository/agregar1/android.widget.FrameLayout (2)"), 0): Tapped on element 'Object Repository/agregar1/android.widget.FrameLayout (2)'

2023-08-18 11:11:37 - [MESSAGE][WARNING] - Timeout '0' is invalid. Using default page load timeout: '30'

2023-08-18 11:11:37 - [MESSAGE][PASSED] - Tapped on element 'Object Repository/agregar1/android.widget.FrameLayout (2)']]></system-out>
         <system-err><![CDATA[]]></system-err>
      </testcase>
      <system-out><![CDATA[2023-08-18 11:09:28 - [TEST_SUITE][PASSED] - Crear_usuario: Test Cases/agregar1]]></system-out>
      <system-err><![CDATA[]]></system-err>
   </testsuite>
</testsuites>
