<?xml version="1.0" encoding="UTF-8"?>
<testsuites name="Recuperar cuenta" time="137.72" tests="4" failures="0" errors="0">
   <testsuite name="Recuperar cuenta" tests="4" failures="0" errors="0" time="137.72" skipped="0" timestamp="2023-09-22 10:32:45" hostname="Testing - DESKTOP-OBIGNLU" id="Test Suites/Recuperar cuenta">
      <properties>
         <property name="deviceName" value="samsung SM-A107M (Android 11)"/>
         <property name="devicePlatform" value=""/>
         <property name="logFolder" value="C:\\Users\\Testing\\Katalon Studio\\NN_Version2\\Reports\\20230922_103234\\Recuperar cuenta\\20230922_103234"/>
         <property name="logFiles" value="C:\\Users\\Testing\\Katalon Studio\\NN_Version2\\Reports\\20230922_103234\\Recuperar cuenta\\20230922_103234\\appium.log, C:\\Users\\Testing\\Katalon Studio\\NN_Version2\\Reports\\20230922_103234\\Recuperar cuenta\\20230922_103234\\execution0.log"/>
         <property name="attachments" value=""/>
         <property name="hostName" value="Testing - DESKTOP-OBIGNLU"/>
         <property name="os" value="Windows 10 64bit"/>
         <property name="appiumServerStatus" value="{&quot;value&quot;:{&quot;build&quot;:{&quot;version&quot;:&quot;1.22.3&quot;}},&quot;sessionId&quot;:null,&quot;status&quot;:0}"/>
         <property name="katalonVersion" value="8.6.8.208"/>
         <property name="deviceOS" value="Android"/>
         <property name="appiumVersion" value="1.22.3"/>
         <property name="deviceModel" value="SM-A107M"/>
         <property name="hostAddress" value="192.168.1.6"/>
         <property name="deviceManufacturer" value="samsung"/>
         <property name="deviceId" value="R9WN40KBXDJ"/>
         <property name="deviceName" value="samsung SM-A107M (Android 11)"/>
         <property name="deviceOSVersion" value="11"/>
      </properties>
      <testcase name="Test Cases/ingreso para prueba" time="47.201" classname="Test Cases/ingreso para prueba" status="PASSED">
         <system-out><![CDATA[2023-09-22 10:32:45 - [TEST_CASE][PASSED] - Test Cases/ingreso para prueba: Test Cases/ingreso para prueba

2023-09-22 10:32:46 - [TEST_STEP][PASSED] - startApplication("C:\Users\Testing\Desktop\katalon\Version QA ACTUALIZADA 14-08-23\app-qa.apk", true): Started app at: 'C:\Users\Testing\Desktop\katalon\Version QA ACTUALIZADA 14-08-23\app-qa.apk'

2023-09-22 10:32:46 - [MESSAGE][INFO] - User set preference: ['deviceId', '']

2023-09-22 10:32:46 - [MESSAGE][INFO] - Detected NodeJS location: "C:\Program Files\nodejs\node.exe"

2023-09-22 10:32:48 - [MESSAGE][INFO] - Appium server started on port 58.793

2023-09-22 10:33:31 - [MESSAGE][PASSED] - Started app at: 'C:\Users\Testing\Desktop\katalon\Version QA ACTUALIZADA 14-08-23\app-qa.apk'

2023-09-22 10:33:31 - [TEST_STEP][PASSED] - tap(findTestObject("Object Repository/Parte1/ingreso solo prueba/android.widget.TextView - Omitir"), 0): Tapped on element 'Object Repository/Parte1/ingreso solo prueba/android.widget.TextView - Omitir'

2023-09-22 10:33:31 - [MESSAGE][WARNING] - Timeout '0' is invalid. Using default page load timeout: '30'

2023-09-22 10:33:33 - [MESSAGE][PASSED] - Tapped on element 'Object Repository/Parte1/ingreso solo prueba/android.widget.TextView - Omitir']]></system-out>
         <system-err><![CDATA[]]></system-err>
      </testcase>
      <testcase name="Test Cases/Parte1/Iniciar_sesioncorrectamente/CPN22_23_24" time="72.506" classname="Test Cases/Parte1/Iniciar_sesioncorrectamente/CPN22_23_24" status="PASSED">
         <system-out><![CDATA[2023-09-22 10:33:33 - [TEST_CASE][PASSED] - Test Cases/Parte1/Iniciar_sesioncorrectamente/CPN22_23_24: Test Cases/Parte1/Iniciar_sesioncorrectamente/CPN22_23_24

2023-09-22 10:33:33 - [TEST_STEP][PASSED] - tap(findTestObject("Object Repository/Parte1/Iniciar_sesioncorrectamente/CPN22_23_24/android.widget.TextView - Iniciar sesin"), 0): Tapped on element 'Object Repository/Parte1/Iniciar_sesioncorrectamente/CPN22_23_24/android.widget.TextView - Iniciar sesin'

2023-09-22 10:33:33 - [MESSAGE][WARNING] - Timeout '0' is invalid. Using default page load timeout: '30'

2023-09-22 10:33:34 - [MESSAGE][PASSED] - Tapped on element 'Object Repository/Parte1/Iniciar_sesioncorrectamente/CPN22_23_24/android.widget.TextView - Iniciar sesin'

2023-09-22 10:33:34 - [TEST_STEP][PASSED] - waitForElementPresent(findTestObject("Object Repository/Parte1/Iniciar_sesioncorrectamente/CPN22_23_24/android.widget.TextView - Recuperar Cuenta"), 0): Element 'Object Repository/Parte1/Iniciar_sesioncorrectamente/CPN22_23_24/android.widget.TextView - Recuperar Cuenta' is present

2023-09-22 10:33:34 - [MESSAGE][WARNING] - Timeout '0' is invalid. Using default page load timeout: '30'

2023-09-22 10:33:36 - [MESSAGE][PASSED] - Element 'Object Repository/Parte1/Iniciar_sesioncorrectamente/CPN22_23_24/android.widget.TextView - Recuperar Cuenta' is present

2023-09-22 10:33:36 - [TEST_STEP][PASSED] - tap(findTestObject("Object Repository/Parte1/Iniciar_sesioncorrectamente/CPN22_23_24/android.widget.EditText - Apodo"), 0): Tapped on element 'Object Repository/Parte1/Iniciar_sesioncorrectamente/CPN22_23_24/android.widget.EditText - Apodo'

2023-09-22 10:33:36 - [MESSAGE][WARNING] - Timeout '0' is invalid. Using default page load timeout: '30'

2023-09-22 10:33:36 - [MESSAGE][PASSED] - Tapped on element 'Object Repository/Parte1/Iniciar_sesioncorrectamente/CPN22_23_24/android.widget.EditText - Apodo'

2023-09-22 10:33:36 - [TEST_STEP][PASSED] - setText(findTestObject("Object Repository/Parte1/Iniciar_sesioncorrectamente/CPN22_23_24/android.widget.EditText - Apodo (1)"), "edwin_1324", 0): Text 'edwin_1324' has been set to element 'Object Repository/Parte1/Iniciar_sesioncorrectamente/CPN22_23_24/android.widget.EditText - Apodo (1)'

2023-09-22 10:33:36 - [MESSAGE][WARNING] - Timeout '0' is invalid. Using default page load timeout: '30'

2023-09-22 10:33:39 - [MESSAGE][PASSED] - Text 'edwin_1324' has been set to element 'Object Repository/Parte1/Iniciar_sesioncorrectamente/CPN22_23_24/android.widget.EditText - Apodo (1)'

2023-09-22 10:33:39 - [TEST_STEP][PASSED] - hideKeyboard(): Keyboard is hidden

2023-09-22 10:33:43 - [MESSAGE][PASSED] - Keyboard is hidden

2023-09-22 10:33:43 - [TEST_STEP][PASSED] - tap(findTestObject("Object Repository/Parte1/Iniciar_sesioncorrectamente/CPN22_23_24/android.widget.Button - Recuperar"), 0): Tapped on element 'Object Repository/Parte1/Iniciar_sesioncorrectamente/CPN22_23_24/android.widget.Button - Recuperar'

2023-09-22 10:33:43 - [MESSAGE][WARNING] - Timeout '0' is invalid. Using default page load timeout: '30'

2023-09-22 10:33:44 - [MESSAGE][PASSED] - Tapped on element 'Object Repository/Parte1/Iniciar_sesioncorrectamente/CPN22_23_24/android.widget.Button - Recuperar'

2023-09-22 10:33:44 - [TEST_STEP][PASSED] - delay(5, STOP_ON_FAILURE): Delayed 5 second(s)

2023-09-22 10:33:49 - [MESSAGE][PASSED] - Delayed 5 second(s)

2023-09-22 10:33:49 - [TEST_STEP][PASSED] - i = 1: null

2023-09-22 10:33:49 - [TEST_STEP][PASSED] - while (i <= 5): null

2023-09-22 10:33:49 - [TEST_STEP][PASSED] - radioGroupObject = findTestObject("Object Repository/Parte1/Iniciar_sesioncorrectamente/CPN22_23_24/android.widget.RadioGroup"): null

2023-09-22 10:33:49 - [TEST_STEP][PASSED] - optionUnoObject = findTestObject("Object Repository/Parte1/Iniciar_sesioncorrectamente/CPN22_23_24/android.widget.RadioButton - Uno"): null

2023-09-22 10:33:49 - [TEST_STEP][PASSED] - optionDosObject = findTestObject("Object Repository/Parte1/Iniciar_sesioncorrectamente/CPN22_23_24/android.widget.RadioButton - Dos"): null

2023-09-22 10:33:49 - [TEST_STEP][PASSED] - optionTresObject = findTestObject("Object Repository/Parte1/Iniciar_sesioncorrectamente/CPN22_23_24/android.widget.RadioButton - Tres"): null

2023-09-22 10:33:49 - [TEST_STEP][PASSED] - siguienteButton = findTestObject("Parte1/Iniciar_sesioncorrectamente/CPN22_23_24/android.widget.Button - Siguiente"): null

2023-09-22 10:33:49 - [TEST_STEP][PASSED] - if (waitForElementPresent(radioGroupObject, 2)): null

2023-09-22 10:33:49 - [MESSAGE][PASSED] - Element 'Object Repository/Parte1/Iniciar_sesioncorrectamente/CPN22_23_24/android.widget.RadioGroup' is present

2023-09-22 10:33:49 - [TEST_STEP][PASSED] - if (waitForElementPresent(optionUnoObject, 2)): null

2023-09-22 10:33:50 - [MESSAGE][PASSED] - Element 'Object Repository/Parte1/Iniciar_sesioncorrectamente/CPN22_23_24/android.widget.RadioButton - Uno' is present

2023-09-22 10:33:50 - [TEST_STEP][PASSED] - tap(optionUnoObject, 2): Tapped on element 'Object Repository/Parte1/Iniciar_sesioncorrectamente/CPN22_23_24/android.widget.RadioButton - Uno'

2023-09-22 10:33:50 - [MESSAGE][PASSED] - Tapped on element 'Object Repository/Parte1/Iniciar_sesioncorrectamente/CPN22_23_24/android.widget.RadioButton - Uno'

2023-09-22 10:33:50 - [TEST_STEP][PASSED] - if (waitForElementPresent(siguienteButton, 2)): null

2023-09-22 10:33:51 - [MESSAGE][PASSED] - Element 'Object Repository/Parte1/Iniciar_sesioncorrectamente/CPN22_23_24/android.widget.Button - Siguiente' is present

2023-09-22 10:33:51 - [TEST_STEP][PASSED] - tap(siguienteButton, 0): Tapped on element 'Object Repository/Parte1/Iniciar_sesioncorrectamente/CPN22_23_24/android.widget.Button - Siguiente'

2023-09-22 10:33:51 - [MESSAGE][WARNING] - Timeout '0' is invalid. Using default page load timeout: '30'

2023-09-22 10:33:52 - [MESSAGE][PASSED] - Tapped on element 'Object Repository/Parte1/Iniciar_sesioncorrectamente/CPN22_23_24/android.widget.Button - Siguiente'

2023-09-22 10:33:52 - [TEST_STEP][PASSED] - (i++): null

2023-09-22 10:33:52 - [TEST_STEP][PASSED] - radioGroupObject = findTestObject("Object Repository/Parte1/Iniciar_sesioncorrectamente/CPN22_23_24/android.widget.RadioGroup"): null

2023-09-22 10:33:52 - [TEST_STEP][PASSED] - optionUnoObject = findTestObject("Object Repository/Parte1/Iniciar_sesioncorrectamente/CPN22_23_24/android.widget.RadioButton - Uno"): null

2023-09-22 10:33:52 - [TEST_STEP][PASSED] - optionDosObject = findTestObject("Object Repository/Parte1/Iniciar_sesioncorrectamente/CPN22_23_24/android.widget.RadioButton - Dos"): null

2023-09-22 10:33:52 - [TEST_STEP][PASSED] - optionTresObject = findTestObject("Object Repository/Parte1/Iniciar_sesioncorrectamente/CPN22_23_24/android.widget.RadioButton - Tres"): null

2023-09-22 10:33:52 - [TEST_STEP][PASSED] - siguienteButton = findTestObject("Parte1/Iniciar_sesioncorrectamente/CPN22_23_24/android.widget.Button - Siguiente"): null

2023-09-22 10:33:52 - [TEST_STEP][PASSED] - if (waitForElementPresent(radioGroupObject, 2)): null

2023-09-22 10:33:52 - [MESSAGE][PASSED] - Element 'Object Repository/Parte1/Iniciar_sesioncorrectamente/CPN22_23_24/android.widget.RadioGroup' is present

2023-09-22 10:33:52 - [TEST_STEP][PASSED] - if (waitForElementPresent(optionUnoObject, 2)): Object Object Repository/Parte1/Iniciar_sesioncorrectamente/CPN22_23_24/android.widget.RadioButton - Tres not found

2023-09-22 10:33:54 - [MESSAGE][WARNING] - Object Object Repository/Parte1/Iniciar_sesioncorrectamente/CPN22_23_24/android.widget.RadioButton - Uno not found

2023-09-22 10:33:56 - [MESSAGE][WARNING] - Object Object Repository/Parte1/Iniciar_sesioncorrectamente/CPN22_23_24/android.widget.RadioButton - Dos not found

2023-09-22 10:33:58 - [MESSAGE][WARNING] - Object Object Repository/Parte1/Iniciar_sesioncorrectamente/CPN22_23_24/android.widget.RadioButton - Tres not found

2023-09-22 10:33:58 - [TEST_STEP][PASSED] - else if (waitForElementPresent(optionDosObject, 2)): null

2023-09-22 10:33:58 - [TEST_STEP][PASSED] - else if (waitForElementPresent(optionTresObject, 2)): null

2023-09-22 10:33:58 - [TEST_STEP][PASSED] - else: Tapped on element 'Object Repository/Parte1/Iniciar_sesioncorrectamente/CPN22_23_24/android.widget.RadioButton - No eleg esta pregunta'

2023-09-22 10:33:58 - [TEST_STEP][PASSED] - tap(findTestObject("Parte1/Iniciar_sesioncorrectamente/CPN22_23_24/android.widget.RadioButton - No eleg esta pregunta"), 0): Tapped on element 'Object Repository/Parte1/Iniciar_sesioncorrectamente/CPN22_23_24/android.widget.RadioButton - No eleg esta pregunta'

2023-09-22 10:33:58 - [MESSAGE][WARNING] - Timeout '0' is invalid. Using default page load timeout: '30'

2023-09-22 10:33:59 - [MESSAGE][PASSED] - Tapped on element 'Object Repository/Parte1/Iniciar_sesioncorrectamente/CPN22_23_24/android.widget.RadioButton - No eleg esta pregunta'

2023-09-22 10:33:59 - [TEST_STEP][PASSED] - if (waitForElementPresent(siguienteButton, 2)): null

2023-09-22 10:33:59 - [MESSAGE][PASSED] - Element 'Object Repository/Parte1/Iniciar_sesioncorrectamente/CPN22_23_24/android.widget.Button - Siguiente' is present

2023-09-22 10:33:59 - [TEST_STEP][PASSED] - tap(siguienteButton, 0): Tapped on element 'Object Repository/Parte1/Iniciar_sesioncorrectamente/CPN22_23_24/android.widget.Button - Siguiente'

2023-09-22 10:33:59 - [MESSAGE][WARNING] - Timeout '0' is invalid. Using default page load timeout: '30'

2023-09-22 10:34:01 - [MESSAGE][PASSED] - Tapped on element 'Object Repository/Parte1/Iniciar_sesioncorrectamente/CPN22_23_24/android.widget.Button - Siguiente'

2023-09-22 10:34:01 - [TEST_STEP][PASSED] - (i++): null

2023-09-22 10:34:01 - [TEST_STEP][PASSED] - radioGroupObject = findTestObject("Object Repository/Parte1/Iniciar_sesioncorrectamente/CPN22_23_24/android.widget.RadioGroup"): null

2023-09-22 10:34:01 - [TEST_STEP][PASSED] - optionUnoObject = findTestObject("Object Repository/Parte1/Iniciar_sesioncorrectamente/CPN22_23_24/android.widget.RadioButton - Uno"): null

2023-09-22 10:34:01 - [TEST_STEP][PASSED] - optionDosObject = findTestObject("Object Repository/Parte1/Iniciar_sesioncorrectamente/CPN22_23_24/android.widget.RadioButton - Dos"): null

2023-09-22 10:34:01 - [TEST_STEP][PASSED] - optionTresObject = findTestObject("Object Repository/Parte1/Iniciar_sesioncorrectamente/CPN22_23_24/android.widget.RadioButton - Tres"): null

2023-09-22 10:34:01 - [TEST_STEP][PASSED] - siguienteButton = findTestObject("Parte1/Iniciar_sesioncorrectamente/CPN22_23_24/android.widget.Button - Siguiente"): null

2023-09-22 10:34:01 - [TEST_STEP][PASSED] - if (waitForElementPresent(radioGroupObject, 2)): null

2023-09-22 10:34:01 - [MESSAGE][PASSED] - Element 'Object Repository/Parte1/Iniciar_sesioncorrectamente/CPN22_23_24/android.widget.RadioGroup' is present

2023-09-22 10:34:01 - [TEST_STEP][PASSED] - if (waitForElementPresent(optionUnoObject, 2)): Element 'Object Repository/Parte1/Iniciar_sesioncorrectamente/CPN22_23_24/android.widget.RadioButton - Dos' is present

2023-09-22 10:34:03 - [MESSAGE][WARNING] - Object Object Repository/Parte1/Iniciar_sesioncorrectamente/CPN22_23_24/android.widget.RadioButton - Uno not found

2023-09-22 10:34:04 - [MESSAGE][PASSED] - Element 'Object Repository/Parte1/Iniciar_sesioncorrectamente/CPN22_23_24/android.widget.RadioButton - Dos' is present

2023-09-22 10:34:04 - [TEST_STEP][PASSED] - else if (waitForElementPresent(optionDosObject, 2)): Tapped on element 'Object Repository/Parte1/Iniciar_sesioncorrectamente/CPN22_23_24/android.widget.RadioButton - Dos'

2023-09-22 10:34:04 - [TEST_STEP][PASSED] - tap(optionDosObject, 2): Tapped on element 'Object Repository/Parte1/Iniciar_sesioncorrectamente/CPN22_23_24/android.widget.RadioButton - Dos'

2023-09-22 10:34:04 - [MESSAGE][PASSED] - Tapped on element 'Object Repository/Parte1/Iniciar_sesioncorrectamente/CPN22_23_24/android.widget.RadioButton - Dos'

2023-09-22 10:34:04 - [TEST_STEP][PASSED] - if (waitForElementPresent(siguienteButton, 2)): null

2023-09-22 10:34:05 - [MESSAGE][PASSED] - Element 'Object Repository/Parte1/Iniciar_sesioncorrectamente/CPN22_23_24/android.widget.Button - Siguiente' is present

2023-09-22 10:34:05 - [TEST_STEP][PASSED] - tap(siguienteButton, 0): Tapped on element 'Object Repository/Parte1/Iniciar_sesioncorrectamente/CPN22_23_24/android.widget.Button - Siguiente'

2023-09-22 10:34:05 - [MESSAGE][WARNING] - Timeout '0' is invalid. Using default page load timeout: '30'

2023-09-22 10:34:06 - [MESSAGE][PASSED] - Tapped on element 'Object Repository/Parte1/Iniciar_sesioncorrectamente/CPN22_23_24/android.widget.Button - Siguiente'

2023-09-22 10:34:06 - [TEST_STEP][PASSED] - (i++): null

2023-09-22 10:34:06 - [TEST_STEP][PASSED] - radioGroupObject = findTestObject("Object Repository/Parte1/Iniciar_sesioncorrectamente/CPN22_23_24/android.widget.RadioGroup"): null

2023-09-22 10:34:06 - [TEST_STEP][PASSED] - optionUnoObject = findTestObject("Object Repository/Parte1/Iniciar_sesioncorrectamente/CPN22_23_24/android.widget.RadioButton - Uno"): null

2023-09-22 10:34:06 - [TEST_STEP][PASSED] - optionDosObject = findTestObject("Object Repository/Parte1/Iniciar_sesioncorrectamente/CPN22_23_24/android.widget.RadioButton - Dos"): null

2023-09-22 10:34:06 - [TEST_STEP][PASSED] - optionTresObject = findTestObject("Object Repository/Parte1/Iniciar_sesioncorrectamente/CPN22_23_24/android.widget.RadioButton - Tres"): null

2023-09-22 10:34:06 - [TEST_STEP][PASSED] - siguienteButton = findTestObject("Parte1/Iniciar_sesioncorrectamente/CPN22_23_24/android.widget.Button - Siguiente"): null

2023-09-22 10:34:06 - [TEST_STEP][PASSED] - if (waitForElementPresent(radioGroupObject, 2)): null

2023-09-22 10:34:06 - [MESSAGE][PASSED] - Element 'Object Repository/Parte1/Iniciar_sesioncorrectamente/CPN22_23_24/android.widget.RadioGroup' is present

2023-09-22 10:34:06 - [TEST_STEP][PASSED] - if (waitForElementPresent(optionUnoObject, 2)): Object Object Repository/Parte1/Iniciar_sesioncorrectamente/CPN22_23_24/android.widget.RadioButton - Tres not found

2023-09-22 10:34:08 - [MESSAGE][WARNING] - Object Object Repository/Parte1/Iniciar_sesioncorrectamente/CPN22_23_24/android.widget.RadioButton - Uno not found

2023-09-22 10:34:10 - [MESSAGE][WARNING] - Object Object Repository/Parte1/Iniciar_sesioncorrectamente/CPN22_23_24/android.widget.RadioButton - Dos not found

2023-09-22 10:34:12 - [MESSAGE][WARNING] - Object Object Repository/Parte1/Iniciar_sesioncorrectamente/CPN22_23_24/android.widget.RadioButton - Tres not found

2023-09-22 10:34:12 - [TEST_STEP][PASSED] - else if (waitForElementPresent(optionDosObject, 2)): null

2023-09-22 10:34:12 - [TEST_STEP][PASSED] - else if (waitForElementPresent(optionTresObject, 2)): null

2023-09-22 10:34:12 - [TEST_STEP][PASSED] - else: Tapped on element 'Object Repository/Parte1/Iniciar_sesioncorrectamente/CPN22_23_24/android.widget.RadioButton - No eleg esta pregunta'

2023-09-22 10:34:12 - [TEST_STEP][PASSED] - tap(findTestObject("Parte1/Iniciar_sesioncorrectamente/CPN22_23_24/android.widget.RadioButton - No eleg esta pregunta"), 0): Tapped on element 'Object Repository/Parte1/Iniciar_sesioncorrectamente/CPN22_23_24/android.widget.RadioButton - No eleg esta pregunta'

2023-09-22 10:34:12 - [MESSAGE][WARNING] - Timeout '0' is invalid. Using default page load timeout: '30'

2023-09-22 10:34:13 - [MESSAGE][PASSED] - Tapped on element 'Object Repository/Parte1/Iniciar_sesioncorrectamente/CPN22_23_24/android.widget.RadioButton - No eleg esta pregunta'

2023-09-22 10:34:13 - [TEST_STEP][PASSED] - if (waitForElementPresent(siguienteButton, 2)): null

2023-09-22 10:34:13 - [MESSAGE][PASSED] - Element 'Object Repository/Parte1/Iniciar_sesioncorrectamente/CPN22_23_24/android.widget.Button - Siguiente' is present

2023-09-22 10:34:13 - [TEST_STEP][PASSED] - tap(siguienteButton, 0): Tapped on element 'Object Repository/Parte1/Iniciar_sesioncorrectamente/CPN22_23_24/android.widget.Button - Siguiente'

2023-09-22 10:34:13 - [MESSAGE][WARNING] - Timeout '0' is invalid. Using default page load timeout: '30'

2023-09-22 10:34:14 - [MESSAGE][PASSED] - Tapped on element 'Object Repository/Parte1/Iniciar_sesioncorrectamente/CPN22_23_24/android.widget.Button - Siguiente'

2023-09-22 10:34:14 - [TEST_STEP][PASSED] - (i++): null

2023-09-22 10:34:14 - [TEST_STEP][PASSED] - radioGroupObject = findTestObject("Object Repository/Parte1/Iniciar_sesioncorrectamente/CPN22_23_24/android.widget.RadioGroup"): null

2023-09-22 10:34:14 - [TEST_STEP][PASSED] - optionUnoObject = findTestObject("Object Repository/Parte1/Iniciar_sesioncorrectamente/CPN22_23_24/android.widget.RadioButton - Uno"): null

2023-09-22 10:34:14 - [TEST_STEP][PASSED] - optionDosObject = findTestObject("Object Repository/Parte1/Iniciar_sesioncorrectamente/CPN22_23_24/android.widget.RadioButton - Dos"): null

2023-09-22 10:34:14 - [TEST_STEP][PASSED] - optionTresObject = findTestObject("Object Repository/Parte1/Iniciar_sesioncorrectamente/CPN22_23_24/android.widget.RadioButton - Tres"): null

2023-09-22 10:34:14 - [TEST_STEP][PASSED] - siguienteButton = findTestObject("Parte1/Iniciar_sesioncorrectamente/CPN22_23_24/android.widget.Button - Siguiente"): null

2023-09-22 10:34:14 - [TEST_STEP][PASSED] - if (waitForElementPresent(radioGroupObject, 2)): null

2023-09-22 10:34:14 - [MESSAGE][PASSED] - Element 'Object Repository/Parte1/Iniciar_sesioncorrectamente/CPN22_23_24/android.widget.RadioGroup' is present

2023-09-22 10:34:14 - [TEST_STEP][PASSED] - if (waitForElementPresent(optionUnoObject, 2)): Element 'Object Repository/Parte1/Iniciar_sesioncorrectamente/CPN22_23_24/android.widget.RadioButton - Tres' is present

2023-09-22 10:34:17 - [MESSAGE][WARNING] - Object Object Repository/Parte1/Iniciar_sesioncorrectamente/CPN22_23_24/android.widget.RadioButton - Uno not found

2023-09-22 10:34:19 - [MESSAGE][WARNING] - Object Object Repository/Parte1/Iniciar_sesioncorrectamente/CPN22_23_24/android.widget.RadioButton - Dos not found

2023-09-22 10:34:19 - [MESSAGE][PASSED] - Element 'Object Repository/Parte1/Iniciar_sesioncorrectamente/CPN22_23_24/android.widget.RadioButton - Tres' is present

2023-09-22 10:34:19 - [TEST_STEP][PASSED] - else if (waitForElementPresent(optionDosObject, 2)): null

2023-09-22 10:34:19 - [TEST_STEP][PASSED] - else if (waitForElementPresent(optionTresObject, 2)): Tapped on element 'Object Repository/Parte1/Iniciar_sesioncorrectamente/CPN22_23_24/android.widget.RadioButton - Tres'

2023-09-22 10:34:19 - [TEST_STEP][PASSED] - tap(optionTresObject, 2): Tapped on element 'Object Repository/Parte1/Iniciar_sesioncorrectamente/CPN22_23_24/android.widget.RadioButton - Tres'

2023-09-22 10:34:19 - [MESSAGE][PASSED] - Tapped on element 'Object Repository/Parte1/Iniciar_sesioncorrectamente/CPN22_23_24/android.widget.RadioButton - Tres'

2023-09-22 10:34:19 - [TEST_STEP][PASSED] - if (waitForElementPresent(siguienteButton, 2)): Object Object Repository/Parte1/Iniciar_sesioncorrectamente/CPN22_23_24/android.widget.Button - Siguiente not found

2023-09-22 10:34:21 - [MESSAGE][WARNING] - Object Object Repository/Parte1/Iniciar_sesioncorrectamente/CPN22_23_24/android.widget.Button - Siguiente not found

2023-09-22 10:34:21 - [TEST_STEP][PASSED] - else: Tapped on element 'Object Repository/Parte1/Iniciar_sesioncorrectamente/CPN22_23_24/android.widget.Button - Finalizar'

2023-09-22 10:34:21 - [TEST_STEP][PASSED] - tap(findTestObject("Parte1/Iniciar_sesioncorrectamente/CPN22_23_24/android.widget.Button - Finalizar"), 0): Tapped on element 'Object Repository/Parte1/Iniciar_sesioncorrectamente/CPN22_23_24/android.widget.Button - Finalizar'

2023-09-22 10:34:21 - [MESSAGE][WARNING] - Timeout '0' is invalid. Using default page load timeout: '30'

2023-09-22 10:34:21 - [MESSAGE][PASSED] - Tapped on element 'Object Repository/Parte1/Iniciar_sesioncorrectamente/CPN22_23_24/android.widget.Button - Finalizar'

2023-09-22 10:34:21 - [TEST_STEP][PASSED] - (i++): null

2023-09-22 10:34:21 - [TEST_STEP][PASSED] - verifyElementVisible(findTestObject("Parte1/Iniciar_sesioncorrectamente/CPN22_23_24/android.widget.TextView - Tu cuenta ha sido recuperada. Gracias por recuperar tu cuenta, ahora puedes chatear de forma privada y segura con tus contactos"), 0): Element 'Object Repository/Parte1/Iniciar_sesioncorrectamente/CPN22_23_24/android.widget.TextView - Tu cuenta ha sido recuperada. Gracias por recuperar tu cuenta, ahora puedes chatear de forma privada y segura con tus contactos' is visible

2023-09-22 10:34:21 - [MESSAGE][WARNING] - Timeout '0' is invalid. Using default page load timeout: '30'

2023-09-22 10:34:25 - [MESSAGE][PASSED] - Element 'Object Repository/Parte1/Iniciar_sesioncorrectamente/CPN22_23_24/android.widget.TextView - Tu cuenta ha sido recuperada. Gracias por recuperar tu cuenta, ahora puedes chatear de forma privada y segura con tus contactos' is visible

2023-09-22 10:34:25 - [TEST_STEP][PASSED] - tap(findTestObject("Object Repository/Parte1/Iniciar_sesioncorrectamente/CPN22_23_24/android.widget.Button - Cerrar"), 0): Tapped on element 'Object Repository/Parte1/Iniciar_sesioncorrectamente/CPN22_23_24/android.widget.Button - Cerrar'

2023-09-22 10:34:25 - [MESSAGE][WARNING] - Timeout '0' is invalid. Using default page load timeout: '30'

2023-09-22 10:34:25 - [MESSAGE][PASSED] - Tapped on element 'Object Repository/Parte1/Iniciar_sesioncorrectamente/CPN22_23_24/android.widget.Button - Cerrar'

2023-09-22 10:34:25 - [TEST_STEP][PASSED] - tap(findTestObject("Object Repository/Parte1/Iniciar_sesioncorrectamente/CPN22_23_24/android.widget.EditText - Pin de Acceso"), 0): Tapped on element 'Object Repository/Parte1/Iniciar_sesioncorrectamente/CPN22_23_24/android.widget.EditText - Pin de Acceso'

2023-09-22 10:34:25 - [MESSAGE][WARNING] - Timeout '0' is invalid. Using default page load timeout: '30'

2023-09-22 10:34:29 - [MESSAGE][PASSED] - Tapped on element 'Object Repository/Parte1/Iniciar_sesioncorrectamente/CPN22_23_24/android.widget.EditText - Pin de Acceso'

2023-09-22 10:34:29 - [TEST_STEP][PASSED] - setText(findTestObject("Object Repository/Parte1/Iniciar_sesioncorrectamente/CPN22_23_24/android.widget.EditText - Pin de Acceso (1)"), "0000", 0): Text '0000' has been set to element 'Object Repository/Parte1/Iniciar_sesioncorrectamente/CPN22_23_24/android.widget.EditText - Pin de Acceso (1)'

2023-09-22 10:34:29 - [MESSAGE][WARNING] - Timeout '0' is invalid. Using default page load timeout: '30'

2023-09-22 10:34:32 - [MESSAGE][PASSED] - Text '0000' has been set to element 'Object Repository/Parte1/Iniciar_sesioncorrectamente/CPN22_23_24/android.widget.EditText - Pin de Acceso (1)'

2023-09-22 10:34:32 - [TEST_STEP][PASSED] - tap(findTestObject("Object Repository/Parte1/Iniciar_sesioncorrectamente/CPN22_23_24/android.widget.EditText - Confirmar nuevo pin de acceso"), 0): Tapped on element 'Object Repository/Parte1/Iniciar_sesioncorrectamente/CPN22_23_24/android.widget.EditText - Confirmar nuevo pin de acceso'

2023-09-22 10:34:32 - [MESSAGE][WARNING] - Timeout '0' is invalid. Using default page load timeout: '30'

2023-09-22 10:34:33 - [MESSAGE][PASSED] - Tapped on element 'Object Repository/Parte1/Iniciar_sesioncorrectamente/CPN22_23_24/android.widget.EditText - Confirmar nuevo pin de acceso'

2023-09-22 10:34:33 - [TEST_STEP][PASSED] - setText(findTestObject("Object Repository/Parte1/Iniciar_sesioncorrectamente/CPN22_23_24/android.widget.EditText - Confirmar nuevo pin de acceso (1)"), "0000", 0): Text '0000' has been set to element 'Object Repository/Parte1/Iniciar_sesioncorrectamente/CPN22_23_24/android.widget.EditText - Confirmar nuevo pin de acceso (1)'

2023-09-22 10:34:33 - [MESSAGE][WARNING] - Timeout '0' is invalid. Using default page load timeout: '30'

2023-09-22 10:34:36 - [MESSAGE][PASSED] - Text '0000' has been set to element 'Object Repository/Parte1/Iniciar_sesioncorrectamente/CPN22_23_24/android.widget.EditText - Confirmar nuevo pin de acceso (1)'

2023-09-22 10:34:36 - [TEST_STEP][PASSED] - hideKeyboard(): Keyboard is hidden

2023-09-22 10:34:39 - [MESSAGE][PASSED] - Keyboard is hidden

2023-09-22 10:34:39 - [TEST_STEP][PASSED] - tap(findTestObject("Object Repository/Parte1/Iniciar_sesioncorrectamente/CPN22_23_24/android.widget.Button - Recuperar cuenta"), 0): Tapped on element 'Object Repository/Parte1/Iniciar_sesioncorrectamente/CPN22_23_24/android.widget.Button - Recuperar cuenta'

2023-09-22 10:34:39 - [MESSAGE][WARNING] - Timeout '0' is invalid. Using default page load timeout: '30'

2023-09-22 10:34:39 - [MESSAGE][PASSED] - Tapped on element 'Object Repository/Parte1/Iniciar_sesioncorrectamente/CPN22_23_24/android.widget.Button - Recuperar cuenta'

2023-09-22 10:34:39 - [TEST_STEP][PASSED] - delay(6, STOP_ON_FAILURE): Delayed 6 second(s)

2023-09-22 10:34:45 - [MESSAGE][PASSED] - Delayed 6 second(s)]]></system-out>
         <system-err><![CDATA[]]></system-err>
      </testcase>
      <testcase name="Test Cases/Tutorial_nuevo" time="13.106" classname="Test Cases/Tutorial_nuevo" status="PASSED">
         <system-out><![CDATA[2023-09-22 10:34:45 - [TEST_CASE][PASSED] - Test Cases/Tutorial_nuevo: Test Cases/Tutorial_nuevo

2023-09-22 10:34:45 - [TEST_STEP][PASSED] - delay(4, STOP_ON_FAILURE): Delayed 4 second(s)

2023-09-22 10:34:49 - [MESSAGE][PASSED] - Delayed 4 second(s)

2023-09-22 10:34:49 - [TEST_STEP][PASSED] - tap(findTestObject("Object Repository/Parte1/Tutorial_nuevo/android.widget.FrameLayout"), 0): Tapped on element 'Object Repository/Parte1/Tutorial_nuevo/android.widget.FrameLayout'

2023-09-22 10:34:49 - [MESSAGE][WARNING] - Timeout '0' is invalid. Using default page load timeout: '30'

2023-09-22 10:34:50 - [MESSAGE][PASSED] - Tapped on element 'Object Repository/Parte1/Tutorial_nuevo/android.widget.FrameLayout'

2023-09-22 10:34:50 - [TEST_STEP][PASSED] - waitForElementPresent(findTestObject("Object Repository/Parte1/Tutorial_nuevo/android.widget.TextView - NapoleoN"), 0): Element 'Object Repository/Parte1/Tutorial_nuevo/android.widget.TextView - NapoleoN' is present

2023-09-22 10:34:50 - [MESSAGE][WARNING] - Timeout '0' is invalid. Using default page load timeout: '30'

2023-09-22 10:34:58 - [MESSAGE][PASSED] - Element 'Object Repository/Parte1/Tutorial_nuevo/android.widget.TextView - NapoleoN' is present]]></system-out>
         <system-err><![CDATA[]]></system-err>
      </testcase>
      <testcase name="Test Cases/Parte1/Recuperar_cuenta/CPN25" time="4.595" classname="Test Cases/Parte1/Recuperar_cuenta/CPN25" status="PASSED">
         <system-out><![CDATA[2023-09-22 10:34:58 - [TEST_CASE][PASSED] - Test Cases/Parte1/Recuperar_cuenta/CPN25: Test Cases/Parte1/Recuperar_cuenta/CPN25

2023-09-22 10:34:58 - [TEST_STEP][PASSED] - waitForElementPresent(findTestObject("Object Repository/Parte1/Recuperar_cuenta/android.widget.TextView - NapoleoN"), 0): Element 'Object Repository/Parte1/Recuperar_cuenta/android.widget.TextView - NapoleoN' is present

2023-09-22 10:34:58 - [MESSAGE][WARNING] - Timeout '0' is invalid. Using default page load timeout: '30'

2023-09-22 10:34:59 - [MESSAGE][PASSED] - Element 'Object Repository/Parte1/Recuperar_cuenta/android.widget.TextView - NapoleoN' is present

2023-09-22 10:34:59 - [TEST_STEP][PASSED] - tap(findTestObject("Object Repository/Parte1/Recuperar_cuenta/android.widget.FrameLayout"), 0): Tapped on element 'Object Repository/Parte1/Recuperar_cuenta/android.widget.FrameLayout'

2023-09-22 10:34:59 - [MESSAGE][WARNING] - Timeout '0' is invalid. Using default page load timeout: '30'

2023-09-22 10:34:59 - [MESSAGE][PASSED] - Tapped on element 'Object Repository/Parte1/Recuperar_cuenta/android.widget.FrameLayout'

2023-09-22 10:34:59 - [TEST_STEP][PASSED] - waitForElementPresent(findTestObject("Object Repository/Parte1/Recuperar_cuenta/android.widget.TextView - Cuenta"), 0): Element 'Object Repository/Parte1/Recuperar_cuenta/android.widget.TextView - Cuenta' is present

2023-09-22 10:34:59 - [MESSAGE][WARNING] - Timeout '0' is invalid. Using default page load timeout: '30'

2023-09-22 10:35:00 - [MESSAGE][PASSED] - Element 'Object Repository/Parte1/Recuperar_cuenta/android.widget.TextView - Cuenta' is present

2023-09-22 10:35:00 - [TEST_STEP][PASSED] - tap(findTestObject("Object Repository/Parte1/Recuperar_cuenta/android.widget.ImageView"), 0): Tapped on element 'Object Repository/Parte1/Recuperar_cuenta/android.widget.ImageView'

2023-09-22 10:35:00 - [MESSAGE][WARNING] - Timeout '0' is invalid. Using default page load timeout: '30'

2023-09-22 10:35:01 - [MESSAGE][PASSED] - Tapped on element 'Object Repository/Parte1/Recuperar_cuenta/android.widget.ImageView'

2023-09-22 10:35:01 - [TEST_STEP][PASSED] - waitForElementPresent(findTestObject("Object Repository/Parte1/Recuperar_cuenta/android.widget.ImageView (1)"), 0): Element 'Object Repository/Parte1/Recuperar_cuenta/android.widget.ImageView (1)' is present

2023-09-22 10:35:01 - [MESSAGE][WARNING] - Timeout '0' is invalid. Using default page load timeout: '30'

2023-09-22 10:35:01 - [MESSAGE][PASSED] - Element 'Object Repository/Parte1/Recuperar_cuenta/android.widget.ImageView (1)' is present

2023-09-22 10:35:01 - [TEST_STEP][PASSED] - tap(findTestObject("Object Repository/Parte1/Recuperar_cuenta/android.widget.ImageButton"), 0): Tapped on element 'Object Repository/Parte1/Recuperar_cuenta/android.widget.ImageButton'

2023-09-22 10:35:01 - [MESSAGE][WARNING] - Timeout '0' is invalid. Using default page load timeout: '30'

2023-09-22 10:35:02 - [MESSAGE][PASSED] - Tapped on element 'Object Repository/Parte1/Recuperar_cuenta/android.widget.ImageButton'

2023-09-22 10:35:02 - [TEST_STEP][PASSED] - waitForElementPresent(findTestObject("Object Repository/Parte1/Recuperar_cuenta/android.widget.TextView - Chats"), 0): Element 'Object Repository/Parte1/Recuperar_cuenta/android.widget.TextView - Chats' is present

2023-09-22 10:35:02 - [MESSAGE][WARNING] - Timeout '0' is invalid. Using default page load timeout: '30'

2023-09-22 10:35:02 - [MESSAGE][PASSED] - Element 'Object Repository/Parte1/Recuperar_cuenta/android.widget.TextView - Chats' is present

2023-09-22 10:35:02 - [TEST_STEP][PASSED] - tap(findTestObject("Object Repository/Parte1/Recuperar_cuenta/android.widget.FrameLayout (1)"), 0): Tapped on element 'Object Repository/Parte1/Recuperar_cuenta/android.widget.FrameLayout (1)'

2023-09-22 10:35:02 - [MESSAGE][WARNING] - Timeout '0' is invalid. Using default page load timeout: '30'

2023-09-22 10:35:03 - [MESSAGE][PASSED] - Tapped on element 'Object Repository/Parte1/Recuperar_cuenta/android.widget.FrameLayout (1)']]></system-out>
         <system-err><![CDATA[]]></system-err>
      </testcase>
      <system-out><![CDATA[2023-09-22 10:32:45 - [TEST_SUITE][PASSED] - Recuperar cuenta: Test Cases/Parte1/Recuperar_cuenta/CPN25]]></system-out>
      <system-err><![CDATA[]]></system-err>
   </testsuite>
</testsuites>
