<?xml version="1.0" encoding="UTF-8"?>
<testsuites name="Prueba integracion" time="104.769" tests="3" failures="0" errors="0">
   <testsuite name="Prueba integracion" tests="3" failures="0" errors="0" time="104.769" skipped="0" timestamp="2023-06-22 15:24:56" hostname="Testing - DESKTOP-OBIGNLU" id="Test Suites/Prueba integracion">
      <properties>
         <property name="deviceName" value="samsung SM-A107M (Android 11)"/>
         <property name="devicePlatform" value=""/>
         <property name="logFolder" value="C:\\Users\\Testing\\Katalon Studio\\NN_Version2\\Reports\\20230622_152450\\Prueba integracion\\20230622_152450"/>
         <property name="logFiles" value="C:\\Users\\Testing\\Katalon Studio\\NN_Version2\\Reports\\20230622_152450\\Prueba integracion\\20230622_152450\\appium.log, C:\\Users\\Testing\\Katalon Studio\\NN_Version2\\Reports\\20230622_152450\\Prueba integracion\\20230622_152450\\execution0.log"/>
         <property name="attachments" value=""/>
         <property name="hostName" value="Testing - DESKTOP-OBIGNLU"/>
         <property name="os" value="Windows 10 64bit"/>
         <property name="appiumServerStatus" value="{&quot;value&quot;:{&quot;build&quot;:{&quot;version&quot;:&quot;1.22.3&quot;}},&quot;sessionId&quot;:null,&quot;status&quot;:0}"/>
         <property name="katalonVersion" value="8.6.5.208"/>
         <property name="deviceOS" value="Android"/>
         <property name="appiumVersion" value="1.22.3"/>
         <property name="deviceModel" value="SM-A107M"/>
         <property name="hostAddress" value="192.168.1.3"/>
         <property name="deviceManufacturer" value="samsung"/>
         <property name="deviceId" value="R9WN40KBXDJ"/>
         <property name="deviceName" value="samsung SM-A107M (Android 11)"/>
         <property name="deviceOSVersion" value="11"/>
      </properties>
      <testcase name="Test Cases/ingreso para prueba" time="61.256" classname="Test Cases/ingreso para prueba" status="PASSED">
         <system-out><![CDATA[2023-06-22 15:24:57 - [TEST_CASE][PASSED] - Test Cases/ingreso para prueba: Test Cases/ingreso para prueba

2023-06-22 15:24:57 - [TEST_STEP][PASSED] - startApplication("C:\Users\Testing\Desktop\katalon\Version nueva\app-debug (2).apk", true): Started app at: 'C:\Users\Testing\Desktop\katalon\Version nueva\app-debug (2).apk'

2023-06-22 15:24:57 - [MESSAGE][INFO] - User set preference: ['deviceId', '']

2023-06-22 15:24:58 - [MESSAGE][INFO] - Detected NodeJS location: "C:\Program Files\nodejs\node.exe"

2023-06-22 15:24:59 - [MESSAGE][INFO] - Appium server started on port 53.344

2023-06-22 15:25:31 - [MESSAGE][PASSED] - Started app at: 'C:\Users\Testing\Desktop\katalon\Version nueva\app-debug (2).apk'

2023-06-22 15:25:31 - [TEST_STEP][PASSED] - tap(findTestObject("Object Repository/Parte1/ingreso solo prueba/android.widget.TextView - Omitir"), 0): Tapped on element 'Object Repository/Parte1/ingreso solo prueba/android.widget.TextView - Omitir'

2023-06-22 15:25:31 - [MESSAGE][WARNING] - Timeout '0' is invalid. Using default page load timeout: '30'

2023-06-22 15:25:33 - [MESSAGE][PASSED] - Tapped on element 'Object Repository/Parte1/ingreso solo prueba/android.widget.TextView - Omitir'

2023-06-22 15:25:33 - [TEST_STEP][PASSED] - tap(findTestObject("Object Repository/Parte1/ingreso solo prueba/android.widget.Button - Crear Cuenta"), 0): Tapped on element 'Object Repository/Parte1/ingreso solo prueba/android.widget.Button - Crear Cuenta'

2023-06-22 15:25:33 - [MESSAGE][WARNING] - Timeout '0' is invalid. Using default page load timeout: '30'

2023-06-22 15:25:34 - [MESSAGE][PASSED] - Tapped on element 'Object Repository/Parte1/ingreso solo prueba/android.widget.Button - Crear Cuenta'

2023-06-22 15:25:34 - [TEST_STEP][PASSED] - tap(findTestObject("Object Repository/Parte1/ingreso solo prueba/android.widget.Button - Enviar cdigo de registro"), 0): Tapped on element 'Object Repository/Parte1/ingreso solo prueba/android.widget.Button - Enviar cdigo de registro'

2023-06-22 15:25:34 - [MESSAGE][WARNING] - Timeout '0' is invalid. Using default page load timeout: '30'

2023-06-22 15:25:36 - [MESSAGE][PASSED] - Tapped on element 'Object Repository/Parte1/ingreso solo prueba/android.widget.Button - Enviar cdigo de registro'

2023-06-22 15:25:36 - [TEST_STEP][PASSED] - tap(findTestObject("Object Repository/Parte1/ingreso solo prueba/android.widget.Button - Continuar"), 0): Tapped on element 'Object Repository/Parte1/ingreso solo prueba/android.widget.Button - Continuar'

2023-06-22 15:25:36 - [MESSAGE][WARNING] - Timeout '0' is invalid. Using default page load timeout: '30'

2023-06-22 15:25:44 - [MESSAGE][PASSED] - Tapped on element 'Object Repository/Parte1/ingreso solo prueba/android.widget.Button - Continuar'

2023-06-22 15:25:44 - [TEST_STEP][PASSED] - setText(findTestObject("Object Repository/Parte1/ingreso solo prueba/android.widget.EditText - Apodo"), "libre024", 0): Text 'libre024' has been set to element 'Object Repository/Parte1/ingreso solo prueba/android.widget.EditText - Apodo'

2023-06-22 15:25:44 - [MESSAGE][WARNING] - Timeout '0' is invalid. Using default page load timeout: '30'

2023-06-22 15:25:48 - [MESSAGE][PASSED] - Text 'libre024' has been set to element 'Object Repository/Parte1/ingreso solo prueba/android.widget.EditText - Apodo'

2023-06-22 15:25:48 - [TEST_STEP][PASSED] - tap(findTestObject("Object Repository/Parte1/ingreso solo prueba/android.widget.Button - Siguiente"), 0): Tapped on element 'Object Repository/Parte1/ingreso solo prueba/android.widget.Button - Siguiente'

2023-06-22 15:25:48 - [MESSAGE][WARNING] - Timeout '0' is invalid. Using default page load timeout: '30'

2023-06-22 15:25:49 - [MESSAGE][PASSED] - Tapped on element 'Object Repository/Parte1/ingreso solo prueba/android.widget.Button - Siguiente'

2023-06-22 15:25:49 - [TEST_STEP][PASSED] - setText(findTestObject("Object Repository/Parte1/ingreso solo prueba/android.widget.EditText - Pin de Acceso"), "0000", 0): Text '0000' has been set to element 'Object Repository/Parte1/ingreso solo prueba/android.widget.EditText - Pin de Acceso'

2023-06-22 15:25:49 - [MESSAGE][WARNING] - Timeout '0' is invalid. Using default page load timeout: '30'

2023-06-22 15:25:53 - [MESSAGE][PASSED] - Text '0000' has been set to element 'Object Repository/Parte1/ingreso solo prueba/android.widget.EditText - Pin de Acceso'

2023-06-22 15:25:53 - [TEST_STEP][PASSED] - setText(findTestObject("Object Repository/Parte1/ingreso solo prueba/android.widget.EditText - Confirmar nuevo pin de acceso"), "0000", 0): Text '0000' has been set to element 'Object Repository/Parte1/ingreso solo prueba/android.widget.EditText - Confirmar nuevo pin de acceso'

2023-06-22 15:25:53 - [MESSAGE][WARNING] - Timeout '0' is invalid. Using default page load timeout: '30'

2023-06-22 15:25:55 - [MESSAGE][PASSED] - Text '0000' has been set to element 'Object Repository/Parte1/ingreso solo prueba/android.widget.EditText - Confirmar nuevo pin de acceso'

2023-06-22 15:25:55 - [TEST_STEP][PASSED] - tap(findTestObject("Object Repository/Parte1/ingreso solo prueba/android.widget.Button - Crear Cuenta (1)"), 0): Tapped on element 'Object Repository/Parte1/ingreso solo prueba/android.widget.Button - Crear Cuenta (1)'

2023-06-22 15:25:55 - [MESSAGE][WARNING] - Timeout '0' is invalid. Using default page load timeout: '30'

2023-06-22 15:25:56 - [MESSAGE][PASSED] - Tapped on element 'Object Repository/Parte1/ingreso solo prueba/android.widget.Button - Crear Cuenta (1)'

2023-06-22 15:25:56 - [TEST_STEP][PASSED] - delay(2, CONTINUE_ON_FAILURE): Delayed 2 second(s)

2023-06-22 15:25:58 - [MESSAGE][PASSED] - Delayed 2 second(s)]]></system-out>
         <system-err><![CDATA[]]></system-err>
      </testcase>
      <testcase name="Test Cases/Parte2/Ajustes/Cuenta/Tiempo Pin de Acceso/CPN169" time="19.439" classname="Test Cases/Parte2/Ajustes/Cuenta/Tiempo Pin de Acceso/CPN169" status="PASSED">
         <system-out><![CDATA[2023-06-22 15:25:58 - [TEST_CASE][PASSED] - Test Cases/Parte2/Ajustes/Cuenta/Tiempo Pin de Acceso/CPN169: Test Cases/Parte2/Ajustes/Cuenta/Tiempo Pin de Acceso/CPN169

2023-06-22 15:25:58 - [TEST_STEP][PASSED] - tap(findTestObject("Parte2/Ajustes cuenta/Cuenta/Solicitud Pin de Acceso/android.widget.TextView - Tiempo para solicitud de pin de acceso"), 0): Tapped on element 'Object Repository/Parte2/Ajustes cuenta/Cuenta/Solicitud Pin de Acceso/android.widget.TextView - Tiempo para solicitud de pin de acceso'

2023-06-22 15:25:58 - [MESSAGE][WARNING] - Timeout '0' is invalid. Using default page load timeout: '30'

2023-06-22 15:26:04 - [MESSAGE][PASSED] - Tapped on element 'Object Repository/Parte2/Ajustes cuenta/Cuenta/Solicitud Pin de Acceso/android.widget.TextView - Tiempo para solicitud de pin de acceso'

2023-06-22 15:26:04 - [TEST_STEP][PASSED] - tap(findTestObject("Parte2/Ajustes cuenta/Cuenta/Solicitud Pin de Acceso/android.widget.RadioButton - Inmediatamente"), 0): Tapped on element 'Object Repository/Parte2/Ajustes cuenta/Cuenta/Solicitud Pin de Acceso/android.widget.RadioButton - Inmediatamente'

2023-06-22 15:26:04 - [MESSAGE][WARNING] - Timeout '0' is invalid. Using default page load timeout: '30'

2023-06-22 15:26:05 - [MESSAGE][PASSED] - Tapped on element 'Object Repository/Parte2/Ajustes cuenta/Cuenta/Solicitud Pin de Acceso/android.widget.RadioButton - Inmediatamente'

2023-06-22 15:26:05 - [TEST_STEP][PASSED] - verifyElementExist(findTestObject("Parte2/Ajustes cuenta/Cuenta/Solicitud Pin de Acceso/android.view.ViewGroup (1)"), 0): Element 'Object Repository/Parte2/Ajustes cuenta/Cuenta/Solicitud Pin de Acceso/android.view.ViewGroup (1)' is exist

2023-06-22 15:26:05 - [MESSAGE][WARNING] - Timeout '0' is invalid. Using default page load timeout: '30'

2023-06-22 15:26:05 - [MESSAGE][PASSED] - Element 'Object Repository/Parte2/Ajustes cuenta/Cuenta/Solicitud Pin de Acceso/android.view.ViewGroup (1)' is exist

2023-06-22 15:26:05 - [TEST_STEP][PASSED] - tap(findTestObject("Parte2/Ajustes cuenta/Cuenta/Solicitud Pin de Acceso/android.widget.Button - Aceptar"), 0): Tapped on element 'Object Repository/Parte2/Ajustes cuenta/Cuenta/Solicitud Pin de Acceso/android.widget.Button - Aceptar'

2023-06-22 15:26:06 - [MESSAGE][WARNING] - Timeout '0' is invalid. Using default page load timeout: '30'

2023-06-22 15:26:06 - [MESSAGE][PASSED] - Tapped on element 'Object Repository/Parte2/Ajustes cuenta/Cuenta/Solicitud Pin de Acceso/android.widget.Button - Aceptar'

2023-06-22 15:26:06 - [TEST_STEP][PASSED] - verifyElementText(findTestObject("Parte2/Ajustes cuenta/Cuenta/Solicitud Pin de Acceso/android.widget.TextView - Inmediatamente"), "Inmediatamente"): Actual text and expected text of test object 'Object Repository/Parte2/Ajustes cuenta/Cuenta/Solicitud Pin de Acceso/android.widget.TextView - Inmediatamente' are matched.

2023-06-22 15:26:07 - [MESSAGE][PASSED] - Actual text and expected text of test object 'Object Repository/Parte2/Ajustes cuenta/Cuenta/Solicitud Pin de Acceso/android.widget.TextView - Inmediatamente' are matched.

2023-06-22 15:26:07 - [TEST_STEP][PASSED] - pressBack(): Press back button successfully

2023-06-22 15:26:07 - [MESSAGE][PASSED] - Press back button successfully

2023-06-22 15:26:07 - [TEST_STEP][PASSED] - pressBack(): Press back button successfully

2023-06-22 15:26:08 - [MESSAGE][PASSED] - Press back button successfully

2023-06-22 15:26:08 - [TEST_STEP][PASSED] - pressBack(): Press back button successfully

2023-06-22 15:26:09 - [MESSAGE][PASSED] - Press back button successfully

2023-06-22 15:26:09 - [TEST_STEP][PASSED] - tap(findTestObject("Parte2/Ajustes cuenta/Cuenta/Solicitud Pin de Acceso/android.widget.TextView - NapoleoN"), 0): Tapped on element 'Object Repository/Parte2/Ajustes cuenta/Cuenta/Solicitud Pin de Acceso/android.widget.TextView - NapoleoN'

2023-06-22 15:26:09 - [MESSAGE][WARNING] - Timeout '0' is invalid. Using default page load timeout: '30'

2023-06-22 15:26:10 - [MESSAGE][PASSED] - Tapped on element 'Object Repository/Parte2/Ajustes cuenta/Cuenta/Solicitud Pin de Acceso/android.widget.TextView - NapoleoN'

2023-06-22 15:26:10 - [TEST_STEP][PASSED] - verifyElementExist(findTestObject("Parte2/Ajustes cuenta/Cuenta/Solicitud Pin de Acceso/android.widget.FrameLayout (1)"), 0): Element 'Object Repository/Parte2/Ajustes cuenta/Cuenta/Solicitud Pin de Acceso/android.widget.FrameLayout (1)' is exist

2023-06-22 15:26:10 - [MESSAGE][WARNING] - Timeout '0' is invalid. Using default page load timeout: '30'

2023-06-22 15:26:12 - [MESSAGE][PASSED] - Element 'Object Repository/Parte2/Ajustes cuenta/Cuenta/Solicitud Pin de Acceso/android.widget.FrameLayout (1)' is exist

2023-06-22 15:26:12 - [TEST_STEP][PASSED] - tap(findTestObject("Parte2/Ajustes cuenta/Cuenta/Solicitud Pin de Acceso/android.widget.ImageButton (1)"), 0): Tapped on element 'Object Repository/Parte2/Ajustes cuenta/Cuenta/Solicitud Pin de Acceso/android.widget.ImageButton (1)'

2023-06-22 15:26:12 - [MESSAGE][WARNING] - Timeout '0' is invalid. Using default page load timeout: '30'

2023-06-22 15:26:12 - [MESSAGE][PASSED] - Tapped on element 'Object Repository/Parte2/Ajustes cuenta/Cuenta/Solicitud Pin de Acceso/android.widget.ImageButton (1)'

2023-06-22 15:26:12 - [TEST_STEP][PASSED] - tap(findTestObject("Parte2/Ajustes cuenta/Cuenta/Solicitud Pin de Acceso/android.widget.ImageButton (1)"), 0): Tapped on element 'Object Repository/Parte2/Ajustes cuenta/Cuenta/Solicitud Pin de Acceso/android.widget.ImageButton (1)'

2023-06-22 15:26:12 - [MESSAGE][WARNING] - Timeout '0' is invalid. Using default page load timeout: '30'

2023-06-22 15:26:13 - [MESSAGE][PASSED] - Tapped on element 'Object Repository/Parte2/Ajustes cuenta/Cuenta/Solicitud Pin de Acceso/android.widget.ImageButton (1)'

2023-06-22 15:26:13 - [TEST_STEP][PASSED] - tap(findTestObject("Parte2/Ajustes cuenta/Cuenta/Solicitud Pin de Acceso/android.widget.ImageButton (1)"), 0): Tapped on element 'Object Repository/Parte2/Ajustes cuenta/Cuenta/Solicitud Pin de Acceso/android.widget.ImageButton (1)'

2023-06-22 15:26:13 - [MESSAGE][WARNING] - Timeout '0' is invalid. Using default page load timeout: '30'

2023-06-22 15:26:14 - [MESSAGE][PASSED] - Tapped on element 'Object Repository/Parte2/Ajustes cuenta/Cuenta/Solicitud Pin de Acceso/android.widget.ImageButton (1)'

2023-06-22 15:26:14 - [TEST_STEP][PASSED] - tap(findTestObject("Parte2/Ajustes cuenta/Cuenta/Solicitud Pin de Acceso/android.widget.ImageButton (1)"), 0): Tapped on element 'Object Repository/Parte2/Ajustes cuenta/Cuenta/Solicitud Pin de Acceso/android.widget.ImageButton (1)'

2023-06-22 15:26:14 - [MESSAGE][WARNING] - Timeout '0' is invalid. Using default page load timeout: '30'

2023-06-22 15:26:14 - [MESSAGE][PASSED] - Tapped on element 'Object Repository/Parte2/Ajustes cuenta/Cuenta/Solicitud Pin de Acceso/android.widget.ImageButton (1)'

2023-06-22 15:26:14 - [TEST_STEP][PASSED] - verifyElementExist(findTestObject("Parte2/Ajustes cuenta/Cuenta/Solicitud Pin de Acceso/android.view.ViewGroup"), 0): Element 'Object Repository/Parte2/Ajustes cuenta/Cuenta/Solicitud Pin de Acceso/android.view.ViewGroup' is exist

2023-06-22 15:26:14 - [MESSAGE][WARNING] - Timeout '0' is invalid. Using default page load timeout: '30'

2023-06-22 15:26:18 - [MESSAGE][PASSED] - Element 'Object Repository/Parte2/Ajustes cuenta/Cuenta/Solicitud Pin de Acceso/android.view.ViewGroup' is exist]]></system-out>
         <system-err><![CDATA[]]></system-err>
      </testcase>
      <testcase name="Test Cases/Parte2/Ajustes/Cuenta/Tiempo Pin de Acceso/CPN170" time="23.753" classname="Test Cases/Parte2/Ajustes/Cuenta/Tiempo Pin de Acceso/CPN170" status="PASSED">
         <system-out><![CDATA[2023-06-22 15:26:18 - [TEST_CASE][PASSED] - Test Cases/Parte2/Ajustes/Cuenta/Tiempo Pin de Acceso/CPN170: Test Cases/Parte2/Ajustes/Cuenta/Tiempo Pin de Acceso/CPN170

2023-06-22 15:26:18 - [TEST_STEP][PASSED] - tap(findTestObject("Parte2/Ajustes cuenta/Cuenta/Solicitud Pin de Acceso/android.widget.FrameLayout"), 0): Tapped on element 'Object Repository/Parte2/Ajustes cuenta/Cuenta/Solicitud Pin de Acceso/android.widget.FrameLayout'

2023-06-22 15:26:18 - [MESSAGE][WARNING] - Timeout '0' is invalid. Using default page load timeout: '30'

2023-06-22 15:26:18 - [MESSAGE][PASSED] - Tapped on element 'Object Repository/Parte2/Ajustes cuenta/Cuenta/Solicitud Pin de Acceso/android.widget.FrameLayout'

2023-06-22 15:26:18 - [TEST_STEP][PASSED] - tap(findTestObject("Parte2/Ajustes cuenta/Cuenta/Solicitud Pin de Acceso/android.widget.LinearLayout"), 0): Tapped on element 'Object Repository/Parte2/Ajustes cuenta/Cuenta/Solicitud Pin de Acceso/android.widget.LinearLayout'

2023-06-22 15:26:18 - [MESSAGE][WARNING] - Timeout '0' is invalid. Using default page load timeout: '30'

2023-06-22 15:26:19 - [MESSAGE][PASSED] - Tapped on element 'Object Repository/Parte2/Ajustes cuenta/Cuenta/Solicitud Pin de Acceso/android.widget.LinearLayout'

2023-06-22 15:26:19 - [TEST_STEP][PASSED] - tap(findTestObject("Parte2/Ajustes cuenta/Cuenta/Solicitud Pin de Acceso/android.widget.TextView - Tiempo para solicitud de pin de acceso"), 0): Tapped on element 'Object Repository/Parte2/Ajustes cuenta/Cuenta/Solicitud Pin de Acceso/android.widget.TextView - Tiempo para solicitud de pin de acceso'

2023-06-22 15:26:19 - [MESSAGE][WARNING] - Timeout '0' is invalid. Using default page load timeout: '30'

2023-06-22 15:26:20 - [MESSAGE][PASSED] - Tapped on element 'Object Repository/Parte2/Ajustes cuenta/Cuenta/Solicitud Pin de Acceso/android.widget.TextView - Tiempo para solicitud de pin de acceso'

2023-06-22 15:26:20 - [TEST_STEP][PASSED] - tap(findTestObject("Parte2/Ajustes cuenta/Cuenta/Solicitud Pin de Acceso/android.widget.RadioButton - 10 Segundos"), 0): Tapped on element 'Object Repository/Parte2/Ajustes cuenta/Cuenta/Solicitud Pin de Acceso/android.widget.RadioButton - 10 Segundos'

2023-06-22 15:26:20 - [MESSAGE][WARNING] - Timeout '0' is invalid. Using default page load timeout: '30'

2023-06-22 15:26:21 - [MESSAGE][PASSED] - Tapped on element 'Object Repository/Parte2/Ajustes cuenta/Cuenta/Solicitud Pin de Acceso/android.widget.RadioButton - 10 Segundos'

2023-06-22 15:26:21 - [TEST_STEP][PASSED] - verifyElementExist(findTestObject("Parte2/Ajustes cuenta/Cuenta/Solicitud Pin de Acceso/android.view.ViewGroup (1)"), 0): Element 'Object Repository/Parte2/Ajustes cuenta/Cuenta/Solicitud Pin de Acceso/android.view.ViewGroup (1)' is exist

2023-06-22 15:26:21 - [MESSAGE][WARNING] - Timeout '0' is invalid. Using default page load timeout: '30'

2023-06-22 15:26:22 - [MESSAGE][PASSED] - Element 'Object Repository/Parte2/Ajustes cuenta/Cuenta/Solicitud Pin de Acceso/android.view.ViewGroup (1)' is exist

2023-06-22 15:26:22 - [TEST_STEP][PASSED] - tap(findTestObject("Parte2/Ajustes cuenta/Cuenta/Solicitud Pin de Acceso/android.widget.Button - Aceptar"), 0): Tapped on element 'Object Repository/Parte2/Ajustes cuenta/Cuenta/Solicitud Pin de Acceso/android.widget.Button - Aceptar'

2023-06-22 15:26:22 - [MESSAGE][WARNING] - Timeout '0' is invalid. Using default page load timeout: '30'

2023-06-22 15:26:22 - [MESSAGE][PASSED] - Tapped on element 'Object Repository/Parte2/Ajustes cuenta/Cuenta/Solicitud Pin de Acceso/android.widget.Button - Aceptar'

2023-06-22 15:26:22 - [TEST_STEP][PASSED] - verifyElementText(findTestObject("Parte2/Ajustes cuenta/Cuenta/Solicitud Pin de Acceso/android.widget.TextView - 10 Segundos"), "10 Segundos"): Actual text and expected text of test object 'Object Repository/Parte2/Ajustes cuenta/Cuenta/Solicitud Pin de Acceso/android.widget.TextView - 10 Segundos' are matched.

2023-06-22 15:26:23 - [MESSAGE][PASSED] - Actual text and expected text of test object 'Object Repository/Parte2/Ajustes cuenta/Cuenta/Solicitud Pin de Acceso/android.widget.TextView - 10 Segundos' are matched.

2023-06-22 15:26:23 - [TEST_STEP][PASSED] - pressBack(): Press back button successfully

2023-06-22 15:26:23 - [MESSAGE][PASSED] - Press back button successfully

2023-06-22 15:26:23 - [TEST_STEP][PASSED] - pressBack(): Press back button successfully

2023-06-22 15:26:24 - [MESSAGE][PASSED] - Press back button successfully

2023-06-22 15:26:24 - [TEST_STEP][PASSED] - pressBack(): Press back button successfully

2023-06-22 15:26:25 - [MESSAGE][PASSED] - Press back button successfully

2023-06-22 15:26:25 - [TEST_STEP][PASSED] - delay(10): Delayed 10 second(s)

2023-06-22 15:26:35 - [MESSAGE][PASSED] - Delayed 10 second(s)

2023-06-22 15:26:35 - [TEST_STEP][PASSED] - tap(findTestObject("Parte2/Ajustes cuenta/Cuenta/Solicitud Pin de Acceso/android.widget.TextView - NapoleoN"), 0): Tapped on element 'Object Repository/Parte2/Ajustes cuenta/Cuenta/Solicitud Pin de Acceso/android.widget.TextView - NapoleoN'

2023-06-22 15:26:35 - [MESSAGE][WARNING] - Timeout '0' is invalid. Using default page load timeout: '30'

2023-06-22 15:26:36 - [MESSAGE][PASSED] - Tapped on element 'Object Repository/Parte2/Ajustes cuenta/Cuenta/Solicitud Pin de Acceso/android.widget.TextView - NapoleoN'

2023-06-22 15:26:36 - [TEST_STEP][PASSED] - verifyElementExist(findTestObject("Parte2/Ajustes cuenta/Cuenta/Solicitud Pin de Acceso/android.widget.FrameLayout (1)"), 0): Element 'Object Repository/Parte2/Ajustes cuenta/Cuenta/Solicitud Pin de Acceso/android.widget.FrameLayout (1)' is exist

2023-06-22 15:26:36 - [MESSAGE][WARNING] - Timeout '0' is invalid. Using default page load timeout: '30'

2023-06-22 15:26:37 - [MESSAGE][PASSED] - Element 'Object Repository/Parte2/Ajustes cuenta/Cuenta/Solicitud Pin de Acceso/android.widget.FrameLayout (1)' is exist

2023-06-22 15:26:37 - [TEST_STEP][PASSED] - tap(findTestObject("Parte2/Ajustes cuenta/Cuenta/Solicitud Pin de Acceso/android.widget.ImageButton (1)"), 0): Tapped on element 'Object Repository/Parte2/Ajustes cuenta/Cuenta/Solicitud Pin de Acceso/android.widget.ImageButton (1)'

2023-06-22 15:26:37 - [MESSAGE][WARNING] - Timeout '0' is invalid. Using default page load timeout: '30'

2023-06-22 15:26:37 - [MESSAGE][PASSED] - Tapped on element 'Object Repository/Parte2/Ajustes cuenta/Cuenta/Solicitud Pin de Acceso/android.widget.ImageButton (1)'

2023-06-22 15:26:37 - [TEST_STEP][PASSED] - tap(findTestObject("Parte2/Ajustes cuenta/Cuenta/Solicitud Pin de Acceso/android.widget.ImageButton (1)"), 0): Tapped on element 'Object Repository/Parte2/Ajustes cuenta/Cuenta/Solicitud Pin de Acceso/android.widget.ImageButton (1)'

2023-06-22 15:26:37 - [MESSAGE][WARNING] - Timeout '0' is invalid. Using default page load timeout: '30'

2023-06-22 15:26:38 - [MESSAGE][PASSED] - Tapped on element 'Object Repository/Parte2/Ajustes cuenta/Cuenta/Solicitud Pin de Acceso/android.widget.ImageButton (1)'

2023-06-22 15:26:38 - [TEST_STEP][PASSED] - tap(findTestObject("Parte2/Ajustes cuenta/Cuenta/Solicitud Pin de Acceso/android.widget.ImageButton (1)"), 0): Tapped on element 'Object Repository/Parte2/Ajustes cuenta/Cuenta/Solicitud Pin de Acceso/android.widget.ImageButton (1)'

2023-06-22 15:26:38 - [MESSAGE][WARNING] - Timeout '0' is invalid. Using default page load timeout: '30'

2023-06-22 15:26:39 - [MESSAGE][PASSED] - Tapped on element 'Object Repository/Parte2/Ajustes cuenta/Cuenta/Solicitud Pin de Acceso/android.widget.ImageButton (1)'

2023-06-22 15:26:39 - [TEST_STEP][PASSED] - tap(findTestObject("Parte2/Ajustes cuenta/Cuenta/Solicitud Pin de Acceso/android.widget.ImageButton (1)"), 0): Tapped on element 'Object Repository/Parte2/Ajustes cuenta/Cuenta/Solicitud Pin de Acceso/android.widget.ImageButton (1)'

2023-06-22 15:26:39 - [MESSAGE][WARNING] - Timeout '0' is invalid. Using default page load timeout: '30'

2023-06-22 15:26:39 - [MESSAGE][PASSED] - Tapped on element 'Object Repository/Parte2/Ajustes cuenta/Cuenta/Solicitud Pin de Acceso/android.widget.ImageButton (1)'

2023-06-22 15:26:39 - [TEST_STEP][PASSED] - verifyElementExist(findTestObject("Parte2/Ajustes cuenta/Cuenta/Solicitud Pin de Acceso/android.view.ViewGroup"), 0): Element 'Object Repository/Parte2/Ajustes cuenta/Cuenta/Solicitud Pin de Acceso/android.view.ViewGroup' is exist

2023-06-22 15:26:40 - [MESSAGE][WARNING] - Timeout '0' is invalid. Using default page load timeout: '30'

2023-06-22 15:26:41 - [MESSAGE][PASSED] - Element 'Object Repository/Parte2/Ajustes cuenta/Cuenta/Solicitud Pin de Acceso/android.view.ViewGroup' is exist]]></system-out>
         <system-err><![CDATA[]]></system-err>
      </testcase>
      <system-out><![CDATA[2023-06-22 15:24:56 - [TEST_SUITE][PASSED] - Prueba integracion: Test Cases/Parte2/Ajustes/Cuenta/Tiempo Pin de Acceso/CPN170]]></system-out>
      <system-err><![CDATA[]]></system-err>
   </testsuite>
</testsuites>
