<?xml version="1.0" encoding="UTF-8"?>
<testsuites name="Integracion parte1 y parte 2" time="1085.787" tests="72" failures="1" errors="0">
   <testsuite name="Integracion parte1 y parte 2" tests="72" failures="1" errors="0" time="1085.787" skipped="0" timestamp="2023-09-22 08:27:53" hostname="Testing - DESKTOP-OBIGNLU" id="Test Suites/Integracion parte1 y parte 2">
      <properties>
         <property name="deviceName" value="samsung SM-A107M (Android 11)"/>
         <property name="devicePlatform" value=""/>
         <property name="logFolder" value="C:\\Users\\Testing\\Katalon Studio\\NN_Version2\\Reports\\20230922_082744\\Integracion parte1 y parte 2\\20230922_082744"/>
         <property name="logFiles" value="C:\\Users\\Testing\\Katalon Studio\\NN_Version2\\Reports\\20230922_082744\\Integracion parte1 y parte 2\\20230922_082744\\appium.log, C:\\Users\\Testing\\Katalon Studio\\NN_Version2\\Reports\\20230922_082744\\Integracion parte1 y parte 2\\20230922_082744\\execution0.log"/>
         <property name="attachments" value="C:\\Users\\Testing\\Katalon Studio\\NN_Version2\\Reports\\20230922_082744\\Integracion parte1 y parte 2\\20230922_082744\\1695389993874.png"/>
         <property name="hostName" value="Testing - DESKTOP-OBIGNLU"/>
         <property name="os" value="Windows 10 64bit"/>
         <property name="appiumServerStatus" value="{&quot;value&quot;:{&quot;build&quot;:{&quot;version&quot;:&quot;1.22.3&quot;}},&quot;sessionId&quot;:null,&quot;status&quot;:0}"/>
         <property name="katalonVersion" value="8.6.8.208"/>
         <property name="deviceOS" value="Android"/>
         <property name="appiumVersion" value="1.22.3"/>
         <property name="deviceModel" value="SM-A107M"/>
         <property name="hostAddress" value="192.168.1.6"/>
         <property name="deviceManufacturer" value="samsung"/>
         <property name="deviceId" value="R9WN40KBXDJ"/>
         <property name="deviceName" value="samsung SM-A107M (Android 11)"/>
         <property name="deviceOSVersion" value="11"/>
      </properties>
      <testcase name="Test Cases/Parte1/INICIAR APP/CPNTUTORIAL/CPNTUTORIAL" time="101.047" classname="Test Cases/Parte1/INICIAR APP/CPNTUTORIAL/CPNTUTORIAL" status="PASSED">
         <system-out><![CDATA[2023-09-22 08:27:53 - [TEST_CASE][PASSED] - Test Cases/Parte1/INICIAR APP/CPNTUTORIAL/CPNTUTORIAL: Test Cases/Parte1/INICIAR APP/CPNTUTORIAL/CPNTUTORIAL

2023-09-22 08:27:53 - [TEST_STEP][PASSED] - startApplication("C:\Users\Testing\Desktop\katalon\Apk actualizada Android 13\NapoleoN.apk", true): Started app at: 'C:\Users\Testing\Desktop\katalon\Apk actualizada Android 13\NapoleoN.apk'

2023-09-22 08:27:54 - [MESSAGE][INFO] - User set preference: ['deviceId', '']

2023-09-22 08:27:54 - [MESSAGE][INFO] - Detected NodeJS location: "C:\Program Files\nodejs\node.exe"

2023-09-22 08:27:55 - [MESSAGE][INFO] - Appium server started on port 51.710

2023-09-22 08:28:36 - [MESSAGE][PASSED] - Started app at: 'C:\Users\Testing\Desktop\katalon\Apk actualizada Android 13\NapoleoN.apk'

2023-09-22 08:28:36 - [TEST_STEP][PASSED] - verifyElementText(findTestObject("Object Repository/Parte1/INICIAR APP/CPNTUTORIAL/android.widget.FrameLayout (1)"), ""): Actual text and expected text of test object 'Object Repository/Parte1/INICIAR APP/CPNTUTORIAL/android.widget.FrameLayout (1)' are matched.

2023-09-22 08:28:38 - [MESSAGE][PASSED] - Actual text and expected text of test object 'Object Repository/Parte1/INICIAR APP/CPNTUTORIAL/android.widget.FrameLayout (1)' are matched.

2023-09-22 08:28:38 - [TEST_STEP][PASSED] - tap(findTestObject("Object Repository/Parte1/INICIAR APP/CPNTUTORIAL/android.widget.TextView - Omitir"), 1): Tapped on element 'Object Repository/Parte1/INICIAR APP/CPNTUTORIAL/android.widget.TextView - Omitir'

2023-09-22 08:28:38 - [MESSAGE][PASSED] - Tapped on element 'Object Repository/Parte1/INICIAR APP/CPNTUTORIAL/android.widget.TextView - Omitir'

2023-09-22 08:28:38 - [TEST_STEP][PASSED] - delay(2, STOP_ON_FAILURE): Delayed 2 second(s)

2023-09-22 08:28:40 - [MESSAGE][PASSED] - Delayed 2 second(s)

2023-09-22 08:28:40 - [TEST_STEP][PASSED] - pressBack(): Press back button successfully

2023-09-22 08:28:41 - [MESSAGE][PASSED] - Press back button successfully

2023-09-22 08:28:41 - [TEST_STEP][PASSED] - delay(2, STOP_ON_FAILURE): Delayed 2 second(s)

2023-09-22 08:28:43 - [MESSAGE][PASSED] - Delayed 2 second(s)

2023-09-22 08:28:43 - [TEST_STEP][PASSED] - startApplication("C:\Users\Testing\Desktop\katalon\Apk actualizada Android 13\NapoleoN.apk", true): Started app at: 'C:\Users\Testing\Desktop\katalon\Apk actualizada Android 13\NapoleoN.apk'

2023-09-22 08:28:43 - [MESSAGE][INFO] - User set preference: ['deviceId', '']

2023-09-22 08:29:24 - [MESSAGE][PASSED] - Started app at: 'C:\Users\Testing\Desktop\katalon\Apk actualizada Android 13\NapoleoN.apk'

2023-09-22 08:29:24 - [TEST_STEP][PASSED] - delay(2, STOP_ON_FAILURE): Delayed 2 second(s)

2023-09-22 08:29:26 - [MESSAGE][PASSED] - Delayed 2 second(s)

2023-09-22 08:29:26 - [TEST_STEP][PASSED] - toggleWifi("ON", STOP_ON_FAILURE): Toggled wifi

2023-09-22 08:29:27 - [MESSAGE][PASSED] - Toggled wifi

2023-09-22 08:29:27 - [TEST_STEP][PASSED] - tap(findTestObject("Object Repository/Parte1/INICIAR APP/CPNTUTORIAL/android.widget.TextView - Siguiente"), 1): Tapped on element 'Object Repository/Parte1/INICIAR APP/CPNTUTORIAL/android.widget.TextView - Siguiente'

2023-09-22 08:29:28 - [MESSAGE][PASSED] - Tapped on element 'Object Repository/Parte1/INICIAR APP/CPNTUTORIAL/android.widget.TextView - Siguiente'

2023-09-22 08:29:28 - [TEST_STEP][PASSED] - verifyElementText(findTestObject("Parte1/INICIAR APP/CPNTUTORIAL/android.widget.FrameLayout"), ""): Actual text and expected text of test object 'Object Repository/Parte1/INICIAR APP/CPNTUTORIAL/android.widget.FrameLayout' are matched.

2023-09-22 08:29:29 - [MESSAGE][PASSED] - Actual text and expected text of test object 'Object Repository/Parte1/INICIAR APP/CPNTUTORIAL/android.widget.FrameLayout' are matched.

2023-09-22 08:29:29 - [TEST_STEP][PASSED] - tap(findTestObject("Object Repository/Parte1/INICIAR APP/CPNTUTORIAL/android.widget.TextView - Siguiente (1)"), 500): Tapped on element 'Object Repository/Parte1/INICIAR APP/CPNTUTORIAL/android.widget.TextView - Siguiente (1)'

2023-09-22 08:29:29 - [MESSAGE][PASSED] - Tapped on element 'Object Repository/Parte1/INICIAR APP/CPNTUTORIAL/android.widget.TextView - Siguiente (1)'

2023-09-22 08:29:29 - [TEST_STEP][PASSED] - verifyElementText(findTestObject("Parte1/INICIAR APP/CPNTUTORIAL/android.widget.FrameLayout"), ""): Actual text and expected text of test object 'Object Repository/Parte1/INICIAR APP/CPNTUTORIAL/android.widget.FrameLayout' are matched.

2023-09-22 08:29:30 - [MESSAGE][PASSED] - Actual text and expected text of test object 'Object Repository/Parte1/INICIAR APP/CPNTUTORIAL/android.widget.FrameLayout' are matched.

2023-09-22 08:29:30 - [TEST_STEP][PASSED] - tap(findTestObject("Parte1/INICIAR APP/CPNTUTORIAL/android.widget.TextView - Siguiente (1)"), 500): Tapped on element 'Object Repository/Parte1/INICIAR APP/CPNTUTORIAL/android.widget.TextView - Siguiente (1)'

2023-09-22 08:29:31 - [MESSAGE][PASSED] - Tapped on element 'Object Repository/Parte1/INICIAR APP/CPNTUTORIAL/android.widget.TextView - Siguiente (1)'

2023-09-22 08:29:31 - [TEST_STEP][PASSED] - tap(findTestObject("Parte1/INICIAR APP/CPNTUTORIAL/android.widget.TextView - Siguiente (1)"), 100): Tapped on element 'Object Repository/Parte1/INICIAR APP/CPNTUTORIAL/android.widget.TextView - Siguiente (1)'

2023-09-22 08:29:32 - [MESSAGE][PASSED] - Tapped on element 'Object Repository/Parte1/INICIAR APP/CPNTUTORIAL/android.widget.TextView - Siguiente (1)'

2023-09-22 08:29:32 - [TEST_STEP][PASSED] - verifyElementText(findTestObject("Parte1/INICIAR APP/CPNTUTORIAL/android.widget.FrameLayout"), ""): Actual text and expected text of test object 'Object Repository/Parte1/INICIAR APP/CPNTUTORIAL/android.widget.FrameLayout' are matched.

2023-09-22 08:29:33 - [MESSAGE][PASSED] - Actual text and expected text of test object 'Object Repository/Parte1/INICIAR APP/CPNTUTORIAL/android.widget.FrameLayout' are matched.

2023-09-22 08:29:33 - [TEST_STEP][PASSED] - tap(findTestObject("Parte1/INICIAR APP/CPNTUTORIAL/android.widget.TextView - Siguiente (1)"), 1): Tapped on element 'Object Repository/Parte1/INICIAR APP/CPNTUTORIAL/android.widget.TextView - Siguiente (1)'

2023-09-22 08:29:33 - [MESSAGE][PASSED] - Tapped on element 'Object Repository/Parte1/INICIAR APP/CPNTUTORIAL/android.widget.TextView - Siguiente (1)'

2023-09-22 08:29:33 - [TEST_STEP][PASSED] - verifyElementText(findTestObject("Parte1/INICIAR APP/CPNTUTORIAL/android.widget.FrameLayout"), ""): Actual text and expected text of test object 'Object Repository/Parte1/INICIAR APP/CPNTUTORIAL/android.widget.FrameLayout' are matched.

2023-09-22 08:29:34 - [MESSAGE][PASSED] - Actual text and expected text of test object 'Object Repository/Parte1/INICIAR APP/CPNTUTORIAL/android.widget.FrameLayout' are matched.

2023-09-22 08:29:34 - [TEST_STEP][PASSED] - tap(findTestObject("Object Repository/Parte1/INICIAR APP/CPNTUTORIAL/android.widget.TextView - Empezar"), 100): Tapped on element 'Object Repository/Parte1/INICIAR APP/CPNTUTORIAL/android.widget.TextView - Empezar'

2023-09-22 08:29:34 - [MESSAGE][PASSED] - Tapped on element 'Object Repository/Parte1/INICIAR APP/CPNTUTORIAL/android.widget.TextView - Empezar']]></system-out>
         <system-err><![CDATA[]]></system-err>
      </testcase>
      <testcase name="Test Cases/Parte1/INICIAR APP/Abrir_App/CPN1" time="8.453" classname="Test Cases/Parte1/INICIAR APP/Abrir_App/CPN1" status="PASSED">
         <system-out><![CDATA[2023-09-22 08:29:34 - [TEST_CASE][PASSED] - Test Cases/Parte1/INICIAR APP/Abrir_App/CPN1: Test Cases/Parte1/INICIAR APP/Abrir_App/CPN1

2023-09-22 08:29:34 - [TEST_STEP][PASSED] - pressBack(): Press back button successfully

2023-09-22 08:29:37 - [MESSAGE][PASSED] - Press back button successfully

2023-09-22 08:29:37 - [TEST_STEP][PASSED] - pressBack(): Press back button successfully

2023-09-22 08:29:37 - [MESSAGE][PASSED] - Press back button successfully

2023-09-22 08:29:37 - [TEST_STEP][PASSED] - toggleWifi("OFF", STOP_ON_FAILURE): Toggled wifi

2023-09-22 08:29:38 - [MESSAGE][PASSED] - Toggled wifi

2023-09-22 08:29:38 - [TEST_STEP][PASSED] - tap(findTestObject("Object Repository/Parte1/INICIAR APP/Abrir_App/CPN1/android.widget.TextView - NapoleoN"), 3000): Tapped on element 'Object Repository/Parte1/INICIAR APP/Abrir_App/CPN1/android.widget.TextView - NapoleoN'

2023-09-22 08:29:39 - [MESSAGE][PASSED] - Tapped on element 'Object Repository/Parte1/INICIAR APP/Abrir_App/CPN1/android.widget.TextView - NapoleoN'

2023-09-22 08:29:39 - [TEST_STEP][PASSED] - delay(2): Delayed 2 second(s)

2023-09-22 08:29:41 - [MESSAGE][PASSED] - Delayed 2 second(s)

2023-09-22 08:29:41 - [TEST_STEP][PASSED] - toggleWifi("ON", STOP_ON_FAILURE): Toggled wifi

2023-09-22 08:29:43 - [MESSAGE][PASSED] - Toggled wifi]]></system-out>
         <system-err><![CDATA[]]></system-err>
      </testcase>
      <testcase name="Test Cases/Parte1/INICIAR APP/Abrir_App/CPN2" time="4.936" classname="Test Cases/Parte1/INICIAR APP/Abrir_App/CPN2" status="PASSED">
         <system-out><![CDATA[2023-09-22 08:29:43 - [TEST_CASE][PASSED] - Test Cases/Parte1/INICIAR APP/Abrir_App/CPN2: Test Cases/Parte1/INICIAR APP/Abrir_App/CPN2

2023-09-22 08:29:43 - [TEST_STEP][PASSED] - pressBack(): Press back button successfully

2023-09-22 08:29:44 - [MESSAGE][PASSED] - Press back button successfully

2023-09-22 08:29:44 - [TEST_STEP][PASSED] - pressBack(): Press back button successfully

2023-09-22 08:29:44 - [MESSAGE][PASSED] - Press back button successfully

2023-09-22 08:29:44 - [TEST_STEP][PASSED] - tap(findTestObject("Object Repository/Parte1/INICIAR APP/Abrir_App/CPN2/android.widget.TextView - NapoleoN"), 500): Tapped on element 'Object Repository/Parte1/INICIAR APP/Abrir_App/CPN2/android.widget.TextView - NapoleoN'

2023-09-22 08:29:45 - [MESSAGE][PASSED] - Tapped on element 'Object Repository/Parte1/INICIAR APP/Abrir_App/CPN2/android.widget.TextView - NapoleoN'

2023-09-22 08:29:45 - [TEST_STEP][PASSED] - toggleWifi("off", STOP_ON_FAILURE): Toggled wifi

2023-09-22 08:29:46 - [MESSAGE][PASSED] - Toggled wifi

2023-09-22 08:29:46 - [TEST_STEP][PASSED] - delay(2, STOP_ON_FAILURE): Delayed 2 second(s)

2023-09-22 08:29:48 - [MESSAGE][PASSED] - Delayed 2 second(s)]]></system-out>
         <system-err><![CDATA[]]></system-err>
      </testcase>
      <testcase name="Test Cases/Parte1/INICIAR APP/Abrir_App/CPN3" time="17.104" classname="Test Cases/Parte1/INICIAR APP/Abrir_App/CPN3" status="PASSED">
         <system-out><![CDATA[2023-09-22 08:29:48 - [TEST_CASE][PASSED] - Test Cases/Parte1/INICIAR APP/Abrir_App/CPN3: Test Cases/Parte1/INICIAR APP/Abrir_App/CPN3

2023-09-22 08:29:48 - [TEST_STEP][PASSED] - pressBack(): Press back button successfully

2023-09-22 08:29:49 - [MESSAGE][PASSED] - Press back button successfully

2023-09-22 08:29:49 - [TEST_STEP][PASSED] - pressBack(): Press back button successfully

2023-09-22 08:29:49 - [MESSAGE][PASSED] - Press back button successfully

2023-09-22 08:29:49 - [TEST_STEP][PASSED] - toggleWifi("ON", STOP_ON_FAILURE): Toggled wifi

2023-09-22 08:29:50 - [MESSAGE][PASSED] - Toggled wifi

2023-09-22 08:29:50 - [TEST_STEP][PASSED] - delay(4): Delayed 4 second(s)

2023-09-22 08:29:54 - [MESSAGE][PASSED] - Delayed 4 second(s)

2023-09-22 08:29:54 - [TEST_STEP][PASSED] - toggleWifi("OFF", STOP_ON_FAILURE): Toggled wifi

2023-09-22 08:29:55 - [MESSAGE][PASSED] - Toggled wifi

2023-09-22 08:29:55 - [TEST_STEP][PASSED] - tap(findTestObject("Parte1/INICIAR APP/Abrir_App/CPN1/android.widget.TextView - NapoleoN"), 0): Tapped on element 'Object Repository/Parte1/INICIAR APP/Abrir_App/CPN1/android.widget.TextView - NapoleoN'

2023-09-22 08:29:55 - [MESSAGE][WARNING] - Timeout '0' is invalid. Using default page load timeout: '30'

2023-09-22 08:29:56 - [MESSAGE][PASSED] - Tapped on element 'Object Repository/Parte1/INICIAR APP/Abrir_App/CPN1/android.widget.TextView - NapoleoN'

2023-09-22 08:29:56 - [TEST_STEP][PASSED] - tap(findTestObject("Parte1/INICIAR APP/Abrir_App/CPN3/android.widget.Button - Crear Cuenta"), 0): Tapped on element 'Object Repository/Parte1/INICIAR APP/Abrir_App/CPN3/android.widget.Button - Crear Cuenta'

2023-09-22 08:29:56 - [MESSAGE][WARNING] - Timeout '0' is invalid. Using default page load timeout: '30'

2023-09-22 08:29:58 - [MESSAGE][PASSED] - Tapped on element 'Object Repository/Parte1/INICIAR APP/Abrir_App/CPN3/android.widget.Button - Crear Cuenta'

2023-09-22 08:29:58 - [TEST_STEP][PASSED] - delay(3): Delayed 3 second(s)

2023-09-22 08:30:01 - [MESSAGE][PASSED] - Delayed 3 second(s)

2023-09-22 08:30:01 - [TEST_STEP][PASSED] - tap(findTestObject("Object Repository/Parte1/INICIAR APP/Abrir_App/CPN3/android.widget.Button - Enviar cdigo de registro"), 0): Tapped on element 'Object Repository/Parte1/INICIAR APP/Abrir_App/CPN3/android.widget.Button - Enviar cdigo de registro'

2023-09-22 08:30:01 - [MESSAGE][WARNING] - Timeout '0' is invalid. Using default page load timeout: '30'

2023-09-22 08:30:01 - [MESSAGE][PASSED] - Tapped on element 'Object Repository/Parte1/INICIAR APP/Abrir_App/CPN3/android.widget.Button - Enviar cdigo de registro'

2023-09-22 08:30:01 - [TEST_STEP][PASSED] - delay(2): Delayed 2 second(s)

2023-09-22 08:30:03 - [MESSAGE][PASSED] - Delayed 2 second(s)

2023-09-22 08:30:03 - [TEST_STEP][PASSED] - verifyElementVisible(findTestObject("Object Repository/Parte1/INICIAR APP/Abrir_App/CPN3/android.widget.FrameLayout"), 0): Element 'Object Repository/Parte1/INICIAR APP/Abrir_App/CPN3/android.widget.FrameLayout' is visible

2023-09-22 08:30:03 - [MESSAGE][WARNING] - Timeout '0' is invalid. Using default page load timeout: '30'

2023-09-22 08:30:03 - [MESSAGE][PASSED] - Element 'Object Repository/Parte1/INICIAR APP/Abrir_App/CPN3/android.widget.FrameLayout' is visible

2023-09-22 08:30:03 - [TEST_STEP][PASSED] - tap(findTestObject("Object Repository/Parte1/INICIAR APP/Abrir_App/CPN3/android.widget.Button - OK"), 0): Tapped on element 'Object Repository/Parte1/INICIAR APP/Abrir_App/CPN3/android.widget.Button - OK'

2023-09-22 08:30:03 - [MESSAGE][WARNING] - Timeout '0' is invalid. Using default page load timeout: '30'

2023-09-22 08:30:04 - [MESSAGE][PASSED] - Tapped on element 'Object Repository/Parte1/INICIAR APP/Abrir_App/CPN3/android.widget.Button - OK'

2023-09-22 08:30:04 - [TEST_STEP][PASSED] - toggleWifi("ON", STOP_ON_FAILURE): Toggled wifi

2023-09-22 08:30:05 - [MESSAGE][PASSED] - Toggled wifi]]></system-out>
         <system-err><![CDATA[]]></system-err>
      </testcase>
      <testcase name="Test Cases/Parte1/INICIA_SESION_APODO_INEXISTENTE3.1/CPN20" time="43.797" classname="Test Cases/Parte1/INICIA_SESION_APODO_INEXISTENTE3.1/CPN20" status="PASSED">
         <system-out><![CDATA[2023-09-22 08:30:05 - [TEST_CASE][PASSED] - Test Cases/Parte1/INICIA_SESION_APODO_INEXISTENTE3.1/CPN20: Test Cases/Parte1/INICIA_SESION_APODO_INEXISTENTE3.1/CPN20

2023-09-22 08:30:05 - [TEST_STEP][PASSED] - delay(4): Delayed 4 second(s)

2023-09-22 08:30:09 - [MESSAGE][PASSED] - Delayed 4 second(s)

2023-09-22 08:30:09 - [TEST_STEP][PASSED] - tap(findTestObject("Object Repository/Parte1/INICIA_SESION_APODO_INEXISTENTE/CPN20/android.widget.ImageButton"), 1): Tapped on element 'Object Repository/Parte1/INICIA_SESION_APODO_INEXISTENTE/CPN20/android.widget.ImageButton'

2023-09-22 08:30:09 - [MESSAGE][PASSED] - Tapped on element 'Object Repository/Parte1/INICIA_SESION_APODO_INEXISTENTE/CPN20/android.widget.ImageButton'

2023-09-22 08:30:09 - [TEST_STEP][PASSED] - tap(findTestObject("Object Repository/Parte1/INICIA_SESION_APODO_INEXISTENTE/CPN20/android.widget.TextView - Iniciar sesin"), 1): Tapped on element 'Object Repository/Parte1/INICIA_SESION_APODO_INEXISTENTE/CPN20/android.widget.TextView - Iniciar sesin'

2023-09-22 08:30:10 - [MESSAGE][PASSED] - Tapped on element 'Object Repository/Parte1/INICIA_SESION_APODO_INEXISTENTE/CPN20/android.widget.TextView - Iniciar sesin'

2023-09-22 08:30:10 - [TEST_STEP][PASSED] - verifyElementText(findTestObject("Object Repository/Parte1/INICIA_SESION_APODO_INEXISTENTE/CPN20/android.widget.TextView - Recuperar Cuenta"), "Recuperar Cuenta"): Actual text and expected text of test object 'Object Repository/Parte1/INICIA_SESION_APODO_INEXISTENTE/CPN20/android.widget.TextView - Recuperar Cuenta' are matched.

2023-09-22 08:30:12 - [MESSAGE][PASSED] - Actual text and expected text of test object 'Object Repository/Parte1/INICIA_SESION_APODO_INEXISTENTE/CPN20/android.widget.TextView - Recuperar Cuenta' are matched.

2023-09-22 08:30:12 - [TEST_STEP][PASSED] - tap(findTestObject("Object Repository/Parte1/INICIA_SESION_APODO_INEXISTENTE/CPN20/android.widget.EditText - Apodo"), 1): Tapped on element 'Object Repository/Parte1/INICIA_SESION_APODO_INEXISTENTE/CPN20/android.widget.EditText - Apodo'

2023-09-22 08:30:12 - [MESSAGE][PASSED] - Tapped on element 'Object Repository/Parte1/INICIA_SESION_APODO_INEXISTENTE/CPN20/android.widget.EditText - Apodo'

2023-09-22 08:30:12 - [TEST_STEP][PASSED] - setText(findTestObject("Object Repository/Parte1/INICIA_SESION_APODO_INEXISTENTE/CPN20/android.widget.EditText - Apodo (1)"), "AUTOMATIZACION", 0): Text 'AUTOMATIZACION' has been set to element 'Object Repository/Parte1/INICIA_SESION_APODO_INEXISTENTE/CPN20/android.widget.EditText - Apodo (1)'

2023-09-22 08:30:12 - [MESSAGE][WARNING] - Timeout '0' is invalid. Using default page load timeout: '30'

2023-09-22 08:30:15 - [MESSAGE][PASSED] - Text 'AUTOMATIZACION' has been set to element 'Object Repository/Parte1/INICIA_SESION_APODO_INEXISTENTE/CPN20/android.widget.EditText - Apodo (1)'

2023-09-22 08:30:15 - [TEST_STEP][PASSED] - hideKeyboard(): Keyboard is hidden

2023-09-22 08:30:18 - [MESSAGE][PASSED] - Keyboard is hidden

2023-09-22 08:30:18 - [TEST_STEP][PASSED] - tap(findTestObject("Object Repository/Parte1/INICIA_SESION_APODO_INEXISTENTE/CPN20/android.widget.Button - Recuperar"), 1): Tapped on element 'Object Repository/Parte1/INICIA_SESION_APODO_INEXISTENTE/CPN20/android.widget.Button - Recuperar'

2023-09-22 08:30:18 - [MESSAGE][PASSED] - Tapped on element 'Object Repository/Parte1/INICIA_SESION_APODO_INEXISTENTE/CPN20/android.widget.Button - Recuperar'

2023-09-22 08:30:18 - [TEST_STEP][PASSED] - tap(findTestObject("Object Repository/Parte1/INICIA_SESION_APODO_INEXISTENTE/CPN20/android.widget.RadioButton - No eleg esta pregunta"), 400): Tapped on element 'Object Repository/Parte1/INICIA_SESION_APODO_INEXISTENTE/CPN20/android.widget.RadioButton - No eleg esta pregunta'

2023-09-22 08:30:37 - [MESSAGE][PASSED] - Tapped on element 'Object Repository/Parte1/INICIA_SESION_APODO_INEXISTENTE/CPN20/android.widget.RadioButton - No eleg esta pregunta'

2023-09-22 08:30:37 - [TEST_STEP][PASSED] - tap(findTestObject("Object Repository/Parte1/INICIA_SESION_APODO_INEXISTENTE/CPN20/android.widget.Button - Siguiente"), 200): Tapped on element 'Object Repository/Parte1/INICIA_SESION_APODO_INEXISTENTE/CPN20/android.widget.Button - Siguiente'

2023-09-22 08:30:38 - [MESSAGE][PASSED] - Tapped on element 'Object Repository/Parte1/INICIA_SESION_APODO_INEXISTENTE/CPN20/android.widget.Button - Siguiente'

2023-09-22 08:30:38 - [TEST_STEP][PASSED] - tap(findTestObject("Object Repository/Parte1/INICIA_SESION_APODO_INEXISTENTE/CPN20/android.widget.Button - Siguiente (1)"), 200): Tapped on element 'Object Repository/Parte1/INICIA_SESION_APODO_INEXISTENTE/CPN20/android.widget.Button - Siguiente (1)'

2023-09-22 08:30:39 - [MESSAGE][PASSED] - Tapped on element 'Object Repository/Parte1/INICIA_SESION_APODO_INEXISTENTE/CPN20/android.widget.Button - Siguiente (1)'

2023-09-22 08:30:39 - [TEST_STEP][PASSED] - tap(findTestObject("Object Repository/Parte1/INICIA_SESION_APODO_INEXISTENTE/CPN20/android.widget.RadioGroup"), 100): Tapped on element 'Object Repository/Parte1/INICIA_SESION_APODO_INEXISTENTE/CPN20/android.widget.RadioGroup'

2023-09-22 08:30:39 - [MESSAGE][PASSED] - Tapped on element 'Object Repository/Parte1/INICIA_SESION_APODO_INEXISTENTE/CPN20/android.widget.RadioGroup'

2023-09-22 08:30:39 - [TEST_STEP][PASSED] - tap(findTestObject("Parte1/INICIA_SESION_APODO_INEXISTENTE/CPN20/android.widget.Button - Siguiente (1)"), 200): Tapped on element 'Object Repository/Parte1/INICIA_SESION_APODO_INEXISTENTE/CPN20/android.widget.Button - Siguiente (1)'

2023-09-22 08:30:40 - [MESSAGE][PASSED] - Tapped on element 'Object Repository/Parte1/INICIA_SESION_APODO_INEXISTENTE/CPN20/android.widget.Button - Siguiente (1)'

2023-09-22 08:30:40 - [TEST_STEP][PASSED] - tap(findTestObject("Object Repository/Parte1/INICIA_SESION_APODO_INEXISTENTE/CPN20/android.widget.RadioGroup (1)"), 1): Tapped on element 'Object Repository/Parte1/INICIA_SESION_APODO_INEXISTENTE/CPN20/android.widget.RadioGroup (1)'

2023-09-22 08:30:41 - [MESSAGE][PASSED] - Tapped on element 'Object Repository/Parte1/INICIA_SESION_APODO_INEXISTENTE/CPN20/android.widget.RadioGroup (1)'

2023-09-22 08:30:41 - [TEST_STEP][PASSED] - tap(findTestObject("Parte1/INICIA_SESION_APODO_INEXISTENTE/CPN20/android.widget.Button - Siguiente (1)"), 100): Tapped on element 'Object Repository/Parte1/INICIA_SESION_APODO_INEXISTENTE/CPN20/android.widget.Button - Siguiente (1)'

2023-09-22 08:30:42 - [MESSAGE][PASSED] - Tapped on element 'Object Repository/Parte1/INICIA_SESION_APODO_INEXISTENTE/CPN20/android.widget.Button - Siguiente (1)'

2023-09-22 08:30:42 - [TEST_STEP][PASSED] - tap(findTestObject("Parte1/INICIA_SESION_APODO_INEXISTENTE/CPN20/android.widget.Button - Siguiente (1)"), 400): Tapped on element 'Object Repository/Parte1/INICIA_SESION_APODO_INEXISTENTE/CPN20/android.widget.Button - Siguiente (1)'

2023-09-22 08:30:43 - [MESSAGE][PASSED] - Tapped on element 'Object Repository/Parte1/INICIA_SESION_APODO_INEXISTENTE/CPN20/android.widget.Button - Siguiente (1)'

2023-09-22 08:30:43 - [TEST_STEP][PASSED] - tap(findTestObject("Parte1/INICIA_SESION_APODO_INEXISTENTE/CPN20/android.widget.RadioGroup (1)"), 200): Tapped on element 'Object Repository/Parte1/INICIA_SESION_APODO_INEXISTENTE/CPN20/android.widget.RadioGroup (1)'

2023-09-22 08:30:43 - [MESSAGE][PASSED] - Tapped on element 'Object Repository/Parte1/INICIA_SESION_APODO_INEXISTENTE/CPN20/android.widget.RadioGroup (1)'

2023-09-22 08:30:43 - [TEST_STEP][PASSED] - tap(findTestObject("Parte1/INICIA_SESION_APODO_INEXISTENTE/CPN20/android.widget.Button - Siguiente (1)"), 400): Tapped on element 'Object Repository/Parte1/INICIA_SESION_APODO_INEXISTENTE/CPN20/android.widget.Button - Siguiente (1)'

2023-09-22 08:30:44 - [MESSAGE][PASSED] - Tapped on element 'Object Repository/Parte1/INICIA_SESION_APODO_INEXISTENTE/CPN20/android.widget.Button - Siguiente (1)'

2023-09-22 08:30:44 - [TEST_STEP][PASSED] - tap(findTestObject("Parte1/INICIA_SESION_APODO_INEXISTENTE/CPN20/android.widget.RadioGroup (1)"), 400): Tapped on element 'Object Repository/Parte1/INICIA_SESION_APODO_INEXISTENTE/CPN20/android.widget.RadioGroup (1)'

2023-09-22 08:30:45 - [MESSAGE][PASSED] - Tapped on element 'Object Repository/Parte1/INICIA_SESION_APODO_INEXISTENTE/CPN20/android.widget.RadioGroup (1)'

2023-09-22 08:30:45 - [TEST_STEP][PASSED] - tap(findTestObject("Object Repository/Parte1/INICIA_SESION_APODO_INEXISTENTE/CPN20/android.widget.Button - Finalizar"), 200): Tapped on element 'Object Repository/Parte1/INICIA_SESION_APODO_INEXISTENTE/CPN20/android.widget.Button - Finalizar'

2023-09-22 08:30:45 - [MESSAGE][PASSED] - Tapped on element 'Object Repository/Parte1/INICIA_SESION_APODO_INEXISTENTE/CPN20/android.widget.Button - Finalizar'

2023-09-22 08:30:45 - [TEST_STEP][PASSED] - verifyElementVisible(findTestObject("Object Repository/Parte1/INICIA_SESION_APODO_INEXISTENTE/CPN20/androidx.appcompat.widget.LinearLayoutCompat"), 200): Element 'Object Repository/Parte1/INICIA_SESION_APODO_INEXISTENTE/CPN20/androidx.appcompat.widget.LinearLayoutCompat' is visible

2023-09-22 08:30:47 - [MESSAGE][PASSED] - Element 'Object Repository/Parte1/INICIA_SESION_APODO_INEXISTENTE/CPN20/androidx.appcompat.widget.LinearLayoutCompat' is visible

2023-09-22 08:30:47 - [TEST_STEP][PASSED] - tap(findTestObject("Object Repository/Parte1/INICIA_SESION_APODO_INEXISTENTE/CPN20/android.widget.Button - Cerrar"), 200): Tapped on element 'Object Repository/Parte1/INICIA_SESION_APODO_INEXISTENTE/CPN20/android.widget.Button - Cerrar'

2023-09-22 08:30:47 - [MESSAGE][PASSED] - Tapped on element 'Object Repository/Parte1/INICIA_SESION_APODO_INEXISTENTE/CPN20/android.widget.Button - Cerrar'

2023-09-22 08:30:47 - [TEST_STEP][PASSED] - tap(findTestObject("Object Repository/Parte1/INICIA_SESION_APODO_INEXISTENTE/CPN20/android.widget.ImageButton (1)"), 0): Tapped on element 'Object Repository/Parte1/INICIA_SESION_APODO_INEXISTENTE/CPN20/android.widget.ImageButton (1)'

2023-09-22 08:30:47 - [MESSAGE][WARNING] - Timeout '0' is invalid. Using default page load timeout: '30'

2023-09-22 08:30:48 - [MESSAGE][PASSED] - Tapped on element 'Object Repository/Parte1/INICIA_SESION_APODO_INEXISTENTE/CPN20/android.widget.ImageButton (1)']]></system-out>
         <system-err><![CDATA[]]></system-err>
      </testcase>
      <testcase name="Test Cases/Parte1/INICIA_SESION_APODO_EXISTENTE3.2/CPN21" time="25.585" classname="Test Cases/Parte1/INICIA_SESION_APODO_EXISTENTE3.2/CPN21" status="PASSED">
         <system-out><![CDATA[2023-09-22 08:30:48 - [TEST_CASE][PASSED] - Test Cases/Parte1/INICIA_SESION_APODO_EXISTENTE3.2/CPN21: Test Cases/Parte1/INICIA_SESION_APODO_EXISTENTE3.2/CPN21

2023-09-22 08:30:49 - [TEST_STEP][PASSED] - tap(findTestObject("Object Repository/Parte1/INICIA_SESION_APODO_EXISTENTE/CPN21/android.widget.TextView - Iniciar sesin"), 0): Tapped on element 'Object Repository/Parte1/INICIA_SESION_APODO_EXISTENTE/CPN21/android.widget.TextView - Iniciar sesin'

2023-09-22 08:30:49 - [MESSAGE][WARNING] - Timeout '0' is invalid. Using default page load timeout: '30'

2023-09-22 08:30:49 - [MESSAGE][PASSED] - Tapped on element 'Object Repository/Parte1/INICIA_SESION_APODO_EXISTENTE/CPN21/android.widget.TextView - Iniciar sesin'

2023-09-22 08:30:49 - [TEST_STEP][PASSED] - waitForElementPresent(findTestObject("Object Repository/Parte1/INICIA_SESION_APODO_EXISTENTE/CPN21/android.widget.TextView - Recuperar Cuenta"), 0): Element 'Object Repository/Parte1/INICIA_SESION_APODO_EXISTENTE/CPN21/android.widget.TextView - Recuperar Cuenta' is present

2023-09-22 08:30:50 - [MESSAGE][WARNING] - Timeout '0' is invalid. Using default page load timeout: '30'

2023-09-22 08:30:51 - [MESSAGE][PASSED] - Element 'Object Repository/Parte1/INICIA_SESION_APODO_EXISTENTE/CPN21/android.widget.TextView - Recuperar Cuenta' is present

2023-09-22 08:30:51 - [TEST_STEP][PASSED] - verifyElementText(findTestObject("Parte1/INICIA_SESION_APODO_EXISTENTE/CPN21/android.widget.TextView - Recuperar Cuenta"), "Recuperar Cuenta"): Actual text and expected text of test object 'Object Repository/Parte1/INICIA_SESION_APODO_EXISTENTE/CPN21/android.widget.TextView - Recuperar Cuenta' are matched.

2023-09-22 08:30:51 - [MESSAGE][PASSED] - Actual text and expected text of test object 'Object Repository/Parte1/INICIA_SESION_APODO_EXISTENTE/CPN21/android.widget.TextView - Recuperar Cuenta' are matched.

2023-09-22 08:30:51 - [TEST_STEP][PASSED] - tap(findTestObject("Object Repository/Parte1/INICIA_SESION_APODO_EXISTENTE/CPN21/android.widget.EditText - Apodo"), 1): Tapped on element 'Object Repository/Parte1/INICIA_SESION_APODO_EXISTENTE/CPN21/android.widget.EditText - Apodo'

2023-09-22 08:30:51 - [MESSAGE][PASSED] - Tapped on element 'Object Repository/Parte1/INICIA_SESION_APODO_EXISTENTE/CPN21/android.widget.EditText - Apodo'

2023-09-22 08:30:51 - [TEST_STEP][PASSED] - setText(findTestObject("Object Repository/Parte1/INICIA_SESION_APODO_EXISTENTE/CPN21/android.widget.EditText - Apodo (1)"), "EDWIN_1324", 0): Text 'EDWIN_1324' has been set to element 'Object Repository/Parte1/INICIA_SESION_APODO_EXISTENTE/CPN21/android.widget.EditText - Apodo (1)'

2023-09-22 08:30:51 - [MESSAGE][WARNING] - Timeout '0' is invalid. Using default page load timeout: '30'

2023-09-22 08:30:55 - [MESSAGE][PASSED] - Text 'EDWIN_1324' has been set to element 'Object Repository/Parte1/INICIA_SESION_APODO_EXISTENTE/CPN21/android.widget.EditText - Apodo (1)'

2023-09-22 08:30:55 - [TEST_STEP][PASSED] - hideKeyboard(): Keyboard is hidden

2023-09-22 08:30:57 - [MESSAGE][PASSED] - Keyboard is hidden

2023-09-22 08:30:57 - [TEST_STEP][PASSED] - tap(findTestObject("Object Repository/Parte1/INICIA_SESION_APODO_EXISTENTE/CPN21/android.widget.Button - Recuperar"), 100): Tapped on element 'Object Repository/Parte1/INICIA_SESION_APODO_EXISTENTE/CPN21/android.widget.Button - Recuperar'

2023-09-22 08:30:57 - [MESSAGE][PASSED] - Tapped on element 'Object Repository/Parte1/INICIA_SESION_APODO_EXISTENTE/CPN21/android.widget.Button - Recuperar'

2023-09-22 08:30:57 - [TEST_STEP][PASSED] - delay(1, STOP_ON_FAILURE): Delayed 1 second(s)

2023-09-22 08:30:58 - [MESSAGE][PASSED] - Delayed 1 second(s)

2023-09-22 08:30:58 - [TEST_STEP][PASSED] - tap(findTestObject("Parte1/INICIA_SESION_APODO_EXISTENTE/CPN21/android.widget.RadioGroup"), 100): Tapped on element 'Object Repository/Parte1/INICIA_SESION_APODO_EXISTENTE/CPN21/android.widget.RadioGroup'

2023-09-22 08:30:59 - [MESSAGE][PASSED] - Tapped on element 'Object Repository/Parte1/INICIA_SESION_APODO_EXISTENTE/CPN21/android.widget.RadioGroup'

2023-09-22 08:30:59 - [TEST_STEP][PASSED] - delay(1, STOP_ON_FAILURE): Delayed 1 second(s)

2023-09-22 08:31:00 - [MESSAGE][PASSED] - Delayed 1 second(s)

2023-09-22 08:31:00 - [TEST_STEP][PASSED] - tap(findTestObject("Object Repository/Parte1/INICIA_SESION_APODO_EXISTENTE/CPN21/android.widget.Button - Siguiente"), 100): Tapped on element 'Object Repository/Parte1/INICIA_SESION_APODO_EXISTENTE/CPN21/android.widget.Button - Siguiente'

2023-09-22 08:31:00 - [MESSAGE][PASSED] - Tapped on element 'Object Repository/Parte1/INICIA_SESION_APODO_EXISTENTE/CPN21/android.widget.Button - Siguiente'

2023-09-22 08:31:00 - [TEST_STEP][PASSED] - delay(1, STOP_ON_FAILURE): Delayed 1 second(s)

2023-09-22 08:31:01 - [MESSAGE][PASSED] - Delayed 1 second(s)

2023-09-22 08:31:01 - [TEST_STEP][PASSED] - tap(findTestObject("Object Repository/Parte1/INICIA_SESION_APODO_EXISTENTE/CPN21/android.widget.Button - Siguiente (1)"), 100): Tapped on element 'Object Repository/Parte1/INICIA_SESION_APODO_EXISTENTE/CPN21/android.widget.Button - Siguiente (1)'

2023-09-22 08:31:02 - [MESSAGE][PASSED] - Tapped on element 'Object Repository/Parte1/INICIA_SESION_APODO_EXISTENTE/CPN21/android.widget.Button - Siguiente (1)'

2023-09-22 08:31:02 - [TEST_STEP][PASSED] - tap(findTestObject("Object Repository/Parte1/INICIA_SESION_APODO_EXISTENTE/CPN21/android.widget.RadioGroup (1)"), 100): Tapped on element 'Object Repository/Parte1/INICIA_SESION_APODO_EXISTENTE/CPN21/android.widget.RadioGroup (1)'

2023-09-22 08:31:02 - [MESSAGE][PASSED] - Tapped on element 'Object Repository/Parte1/INICIA_SESION_APODO_EXISTENTE/CPN21/android.widget.RadioGroup (1)'

2023-09-22 08:31:02 - [TEST_STEP][PASSED] - delay(1, STOP_ON_FAILURE): Delayed 1 second(s)

2023-09-22 08:31:03 - [MESSAGE][PASSED] - Delayed 1 second(s)

2023-09-22 08:31:03 - [TEST_STEP][PASSED] - tap(findTestObject("Parte1/INICIA_SESION_APODO_EXISTENTE/CPN21/android.widget.Button - Siguiente (1)"), 100): Tapped on element 'Object Repository/Parte1/INICIA_SESION_APODO_EXISTENTE/CPN21/android.widget.Button - Siguiente (1)'

2023-09-22 08:31:03 - [MESSAGE][PASSED] - Tapped on element 'Object Repository/Parte1/INICIA_SESION_APODO_EXISTENTE/CPN21/android.widget.Button - Siguiente (1)'

2023-09-22 08:31:03 - [TEST_STEP][PASSED] - tap(findTestObject("Object Repository/Parte1/INICIA_SESION_APODO_EXISTENTE/CPN21/android.widget.RadioButton - No eleg esta pregunta"), 100): Tapped on element 'Object Repository/Parte1/INICIA_SESION_APODO_EXISTENTE/CPN21/android.widget.RadioButton - No eleg esta pregunta'

2023-09-22 08:31:04 - [MESSAGE][PASSED] - Tapped on element 'Object Repository/Parte1/INICIA_SESION_APODO_EXISTENTE/CPN21/android.widget.RadioButton - No eleg esta pregunta'

2023-09-22 08:31:04 - [TEST_STEP][PASSED] - tap(findTestObject("Parte1/INICIA_SESION_APODO_EXISTENTE/CPN21/android.widget.Button - Siguiente (1)"), 100): Tapped on element 'Object Repository/Parte1/INICIA_SESION_APODO_EXISTENTE/CPN21/android.widget.Button - Siguiente (1)'

2023-09-22 08:31:05 - [MESSAGE][PASSED] - Tapped on element 'Object Repository/Parte1/INICIA_SESION_APODO_EXISTENTE/CPN21/android.widget.Button - Siguiente (1)'

2023-09-22 08:31:05 - [TEST_STEP][PASSED] - delay(1, STOP_ON_FAILURE): Delayed 1 second(s)

2023-09-22 08:31:06 - [MESSAGE][PASSED] - Delayed 1 second(s)

2023-09-22 08:31:06 - [TEST_STEP][PASSED] - tap(findTestObject("Parte1/INICIA_SESION_APODO_EXISTENTE/CPN21/android.widget.RadioGroup"), 100): Tapped on element 'Object Repository/Parte1/INICIA_SESION_APODO_EXISTENTE/CPN21/android.widget.RadioGroup'

2023-09-22 08:31:06 - [MESSAGE][PASSED] - Tapped on element 'Object Repository/Parte1/INICIA_SESION_APODO_EXISTENTE/CPN21/android.widget.RadioGroup'

2023-09-22 08:31:06 - [TEST_STEP][PASSED] - tap(findTestObject("Parte1/INICIA_SESION_APODO_EXISTENTE/CPN21/android.widget.Button - Siguiente (1)"), 100): Tapped on element 'Object Repository/Parte1/INICIA_SESION_APODO_EXISTENTE/CPN21/android.widget.Button - Siguiente (1)'

2023-09-22 08:31:08 - [MESSAGE][PASSED] - Tapped on element 'Object Repository/Parte1/INICIA_SESION_APODO_EXISTENTE/CPN21/android.widget.Button - Siguiente (1)'

2023-09-22 08:31:08 - [TEST_STEP][PASSED] - tap(findTestObject("Parte1/INICIA_SESION_APODO_EXISTENTE/CPN21/android.widget.RadioGroup"), 100): Tapped on element 'Object Repository/Parte1/INICIA_SESION_APODO_EXISTENTE/CPN21/android.widget.RadioGroup'

2023-09-22 08:31:08 - [MESSAGE][PASSED] - Tapped on element 'Object Repository/Parte1/INICIA_SESION_APODO_EXISTENTE/CPN21/android.widget.RadioGroup'

2023-09-22 08:31:08 - [TEST_STEP][PASSED] - delay(1, STOP_ON_FAILURE): Delayed 1 second(s)

2023-09-22 08:31:09 - [MESSAGE][PASSED] - Delayed 1 second(s)

2023-09-22 08:31:09 - [TEST_STEP][PASSED] - tap(findTestObject("Object Repository/Parte1/INICIA_SESION_APODO_EXISTENTE/CPN21/android.widget.Button - Finalizar"), 100): Tapped on element 'Object Repository/Parte1/INICIA_SESION_APODO_EXISTENTE/CPN21/android.widget.Button - Finalizar'

2023-09-22 08:31:09 - [MESSAGE][PASSED] - Tapped on element 'Object Repository/Parte1/INICIA_SESION_APODO_EXISTENTE/CPN21/android.widget.Button - Finalizar'

2023-09-22 08:31:09 - [TEST_STEP][PASSED] - verifyElementVisible(findTestObject("Object Repository/Parte1/INICIA_SESION_APODO_EXISTENTE/CPN21/androidx.appcompat.widget.LinearLayoutCompat"), 100): Element 'Object Repository/Parte1/INICIA_SESION_APODO_EXISTENTE/CPN21/androidx.appcompat.widget.LinearLayoutCompat' is visible

2023-09-22 08:31:10 - [MESSAGE][PASSED] - Element 'Object Repository/Parte1/INICIA_SESION_APODO_EXISTENTE/CPN21/androidx.appcompat.widget.LinearLayoutCompat' is visible

2023-09-22 08:31:10 - [TEST_STEP][PASSED] - delay(1, STOP_ON_FAILURE): Delayed 1 second(s)

2023-09-22 08:31:11 - [MESSAGE][PASSED] - Delayed 1 second(s)

2023-09-22 08:31:11 - [TEST_STEP][PASSED] - tap(findTestObject("Object Repository/Parte1/INICIA_SESION_APODO_EXISTENTE/CPN21/android.widget.Button - Cerrar"), 100): Tapped on element 'Object Repository/Parte1/INICIA_SESION_APODO_EXISTENTE/CPN21/android.widget.Button - Cerrar'

2023-09-22 08:31:12 - [MESSAGE][PASSED] - Tapped on element 'Object Repository/Parte1/INICIA_SESION_APODO_EXISTENTE/CPN21/android.widget.Button - Cerrar'

2023-09-22 08:31:12 - [TEST_STEP][PASSED] - tap(findTestObject("Object Repository/Parte1/INICIA_SESION_APODO_EXISTENTE/CPN21/android.widget.ImageButton"), 100): Tapped on element 'Object Repository/Parte1/INICIA_SESION_APODO_EXISTENTE/CPN21/android.widget.ImageButton'

2023-09-22 08:31:13 - [MESSAGE][PASSED] - Tapped on element 'Object Repository/Parte1/INICIA_SESION_APODO_EXISTENTE/CPN21/android.widget.ImageButton'

2023-09-22 08:31:13 - [TEST_STEP][PASSED] - delay(1, STOP_ON_FAILURE): Delayed 1 second(s)

2023-09-22 08:31:14 - [MESSAGE][PASSED] - Delayed 1 second(s)]]></system-out>
         <system-err><![CDATA[]]></system-err>
      </testcase>
      <testcase name="Test Cases/Parte1/INICIAR APP/Abrir_App/CPN4" time="7.214" classname="Test Cases/Parte1/INICIAR APP/Abrir_App/CPN4" status="PASSED">
         <system-out><![CDATA[2023-09-22 08:31:14 - [TEST_CASE][PASSED] - Test Cases/Parte1/INICIAR APP/Abrir_App/CPN4: Test Cases/Parte1/INICIAR APP/Abrir_App/CPN4

2023-09-22 08:31:14 - [TEST_STEP][PASSED] - toggleWifi("off", STOP_ON_FAILURE): Toggled wifi

2023-09-22 08:31:15 - [MESSAGE][PASSED] - Toggled wifi

2023-09-22 08:31:15 - [TEST_STEP][PASSED] - toggleWifi("on", STOP_ON_FAILURE): Toggled wifi

2023-09-22 08:31:16 - [MESSAGE][PASSED] - Toggled wifi

2023-09-22 08:31:16 - [TEST_STEP][PASSED] - delay(5): Delayed 5 second(s)

2023-09-22 08:31:21 - [MESSAGE][PASSED] - Delayed 5 second(s)]]></system-out>
         <system-err><![CDATA[]]></system-err>
      </testcase>
      <testcase name="Test Cases/Parte1/Crear cuenta/CPN5" time="7.0" classname="Test Cases/Parte1/Crear cuenta/CPN5" status="PASSED">
         <system-out><![CDATA[2023-09-22 08:31:21 - [TEST_CASE][PASSED] - Test Cases/Parte1/Crear cuenta/CPN5: Test Cases/Parte1/Crear cuenta/CPN5

2023-09-22 08:31:22 - [TEST_STEP][PASSED] - tap(findTestObject("Object Repository/Parte1/Crear_cuenta/CPN5/android.widget.Button - Crear Cuenta"), 100): Tapped on element 'Object Repository/Parte1/Crear_cuenta/CPN5/android.widget.Button - Crear Cuenta'

2023-09-22 08:31:22 - [MESSAGE][PASSED] - Tapped on element 'Object Repository/Parte1/Crear_cuenta/CPN5/android.widget.Button - Crear Cuenta'

2023-09-22 08:31:22 - [TEST_STEP][PASSED] - verifyElementText(findTestObject("Parte1/Crear_cuenta/CPN5/android.widget.FrameLayout"), ""): Actual text and expected text of test object 'Object Repository/Parte1/Crear_cuenta/CPN5/android.widget.FrameLayout' are matched.

2023-09-22 08:31:23 - [MESSAGE][PASSED] - Actual text and expected text of test object 'Object Repository/Parte1/Crear_cuenta/CPN5/android.widget.FrameLayout' are matched.

2023-09-22 08:31:23 - [TEST_STEP][PASSED] - tap(findTestObject("Object Repository/Parte1/Crear_cuenta/CPN5/android.widget.Button - Enviar cdigo de registro"), 200): Tapped on element 'Object Repository/Parte1/Crear_cuenta/CPN5/android.widget.Button - Enviar cdigo de registro'

2023-09-22 08:31:23 - [MESSAGE][PASSED] - Tapped on element 'Object Repository/Parte1/Crear_cuenta/CPN5/android.widget.Button - Enviar cdigo de registro'

2023-09-22 08:31:23 - [TEST_STEP][PASSED] - delay(2, STOP_ON_FAILURE): Delayed 2 second(s)

2023-09-22 08:31:25 - [MESSAGE][PASSED] - Delayed 2 second(s)

2023-09-22 08:31:25 - [TEST_STEP][PASSED] - verifyElementText(findTestObject("Object Repository/Parte1/Crear_cuenta/CPN5/android.widget.TextView - Bienvenido a NapoleoN Chat"), "Bienvenido a NapoleoN Chat"): Actual text and expected text of test object 'Object Repository/Parte1/Crear_cuenta/CPN5/android.widget.TextView - Bienvenido a NapoleoN Chat' are matched.

2023-09-22 08:31:28 - [MESSAGE][PASSED] - Actual text and expected text of test object 'Object Repository/Parte1/Crear_cuenta/CPN5/android.widget.TextView - Bienvenido a NapoleoN Chat' are matched.

2023-09-22 08:31:28 - [TEST_STEP][PASSED] - verifyElementVisible(findTestObject("Object Repository/Parte1/Crear_cuenta/CPN5/android.widget.LinearLayout"), 0): Element 'Object Repository/Parte1/Crear_cuenta/CPN5/android.widget.LinearLayout' is visible

2023-09-22 08:31:28 - [MESSAGE][WARNING] - Timeout '0' is invalid. Using default page load timeout: '30'

2023-09-22 08:31:28 - [MESSAGE][PASSED] - Element 'Object Repository/Parte1/Crear_cuenta/CPN5/android.widget.LinearLayout' is visible]]></system-out>
         <system-err><![CDATA[]]></system-err>
      </testcase>
      <testcase name="Test Cases/Parte1/Crear cuenta/CPN6-7" time="32.375" classname="Test Cases/Parte1/Crear cuenta/CPN6-7" status="PASSED">
         <system-out><![CDATA[2023-09-22 08:31:28 - [TEST_CASE][PASSED] - Test Cases/Parte1/Crear cuenta/CPN6-7: Test Cases/Parte1/Crear cuenta/CPN6-7

2023-09-22 08:31:29 - [TEST_STEP][PASSED] - verifyElementVisible(findTestObject("Parte1/Crear_cuenta/CPN6-7/android.widget.LinearLayout"), 1): Element 'Object Repository/Parte1/Crear_cuenta/CPN6-7/android.widget.LinearLayout' is visible

2023-09-22 08:31:29 - [MESSAGE][PASSED] - Element 'Object Repository/Parte1/Crear_cuenta/CPN6-7/android.widget.LinearLayout' is visible

2023-09-22 08:31:29 - [TEST_STEP][PASSED] - tap(findTestObject("Object Repository/Parte1/Crear_cuenta/CPN6-7/android.widget.Button - Reenviar cdigo"), 1): Tapped on element 'Object Repository/Parte1/Crear_cuenta/CPN6-7/android.widget.Button - Reenviar cdigo'

2023-09-22 08:31:30 - [MESSAGE][PASSED] - Tapped on element 'Object Repository/Parte1/Crear_cuenta/CPN6-7/android.widget.Button - Reenviar cdigo'

2023-09-22 08:31:30 - [TEST_STEP][PASSED] - delay(1): Delayed 1 second(s)

2023-09-22 08:31:31 - [MESSAGE][PASSED] - Delayed 1 second(s)

2023-09-22 08:31:31 - [TEST_STEP][PASSED] - verifyElementVisible(findTestObject("Parte1/Crear_cuenta/CPN6-7/android.widget.LinearLayout"), 1): Element 'Object Repository/Parte1/Crear_cuenta/CPN6-7/android.widget.LinearLayout' is visible

2023-09-22 08:31:31 - [MESSAGE][PASSED] - Element 'Object Repository/Parte1/Crear_cuenta/CPN6-7/android.widget.LinearLayout' is visible

2023-09-22 08:31:31 - [TEST_STEP][PASSED] - tap(findTestObject("Parte1/Crear_cuenta/CPN6-7/android.widget.Button - Reenviar cdigo (1)"), 1): Tapped on element 'Object Repository/Parte1/Crear_cuenta/CPN6-7/android.widget.Button - Reenviar cdigo (1)'

2023-09-22 08:31:32 - [MESSAGE][PASSED] - Tapped on element 'Object Repository/Parte1/Crear_cuenta/CPN6-7/android.widget.Button - Reenviar cdigo (1)'

2023-09-22 08:31:32 - [TEST_STEP][PASSED] - delay(24): Delayed 24 second(s)

2023-09-22 08:31:56 - [MESSAGE][PASSED] - Delayed 24 second(s)

2023-09-22 08:31:56 - [TEST_STEP][PASSED] - tap(findTestObject("Parte1/Crear_cuenta/CPN6-7/android.widget.Button - Reenviar cdigo (1)"), 1): Tapped on element 'Object Repository/Parte1/Crear_cuenta/CPN6-7/android.widget.Button - Reenviar cdigo (1)'

2023-09-22 08:31:57 - [MESSAGE][PASSED] - Tapped on element 'Object Repository/Parte1/Crear_cuenta/CPN6-7/android.widget.Button - Reenviar cdigo (1)'

2023-09-22 08:31:57 - [TEST_STEP][PASSED] - waitForElementPresent(findTestObject("Object Repository/Parte1/Crear_cuenta/CPN6-7/android.widget.LinearLayout (1)"), 0): Element 'Object Repository/Parte1/Crear_cuenta/CPN6-7/android.widget.LinearLayout (1)' is present

2023-09-22 08:31:57 - [MESSAGE][WARNING] - Timeout '0' is invalid. Using default page load timeout: '30'

2023-09-22 08:32:01 - [MESSAGE][PASSED] - Element 'Object Repository/Parte1/Crear_cuenta/CPN6-7/android.widget.LinearLayout (1)' is present]]></system-out>
         <system-err><![CDATA[]]></system-err>
      </testcase>
      <testcase name="Test Cases/Parte1/Crear cuenta/CPN9" time="14.915" classname="Test Cases/Parte1/Crear cuenta/CPN9" status="PASSED">
         <system-out><![CDATA[2023-09-22 08:32:01 - [TEST_CASE][PASSED] - Test Cases/Parte1/Crear cuenta/CPN9: Test Cases/Parte1/Crear cuenta/CPN9

2023-09-22 08:32:01 - [TEST_STEP][PASSED] - tap(findTestObject("Object Repository/Parte1/Crear_cuenta/CPN9/android.widget.Button - Continuar"), 0): Tapped on element 'Object Repository/Parte1/Crear_cuenta/CPN9/android.widget.Button - Continuar'

2023-09-22 08:32:01 - [MESSAGE][WARNING] - Timeout '0' is invalid. Using default page load timeout: '30'

2023-09-22 08:32:04 - [MESSAGE][PASSED] - Tapped on element 'Object Repository/Parte1/Crear_cuenta/CPN9/android.widget.Button - Continuar'

2023-09-22 08:32:04 - [TEST_STEP][PASSED] - delay(4, STOP_ON_FAILURE): Delayed 4 second(s)

2023-09-22 08:32:08 - [MESSAGE][PASSED] - Delayed 4 second(s)

2023-09-22 08:32:08 - [TEST_STEP][PASSED] - verifyElementText(findTestObject("Object Repository/Parte1/Crear_cuenta/CPN9/android.view.ViewGroup"), ""): Actual text and expected text of test object 'Object Repository/Parte1/Crear_cuenta/CPN9/android.view.ViewGroup' are matched.

2023-09-22 08:32:08 - [MESSAGE][PASSED] - Actual text and expected text of test object 'Object Repository/Parte1/Crear_cuenta/CPN9/android.view.ViewGroup' are matched.

2023-09-22 08:32:08 - [TEST_STEP][PASSED] - tap(findTestObject("Object Repository/Parte1/Crear_cuenta/CPN9/android.widget.EditText - Apodo"), 0): Tapped on element 'Object Repository/Parte1/Crear_cuenta/CPN9/android.widget.EditText - Apodo'

2023-09-22 08:32:08 - [MESSAGE][WARNING] - Timeout '0' is invalid. Using default page load timeout: '30'

2023-09-22 08:32:09 - [MESSAGE][PASSED] - Tapped on element 'Object Repository/Parte1/Crear_cuenta/CPN9/android.widget.EditText - Apodo'

2023-09-22 08:32:09 - [TEST_STEP][PASSED] - setText(findTestObject("Object Repository/Parte1/Crear_cuenta/CPN9/android.widget.EditText - Apodo (1)"), "PRUEBA", 0): Text 'PRUEBA' has been set to element 'Object Repository/Parte1/Crear_cuenta/CPN9/android.widget.EditText - Apodo (1)'

2023-09-22 08:32:09 - [MESSAGE][WARNING] - Timeout '0' is invalid. Using default page load timeout: '30'

2023-09-22 08:32:12 - [MESSAGE][PASSED] - Text 'PRUEBA' has been set to element 'Object Repository/Parte1/Crear_cuenta/CPN9/android.widget.EditText - Apodo (1)'

2023-09-22 08:32:12 - [TEST_STEP][PASSED] - clearText(findTestObject("Object Repository/Parte1/Crear_cuenta/CPN9/android.widget.EditText - PRUEBA"), 0): Element 'Object Repository/Parte1/Crear_cuenta/CPN9/android.widget.EditText - PRUEBA' text is cleared

2023-09-22 08:32:12 - [MESSAGE][WARNING] - Timeout '0' is invalid. Using default page load timeout: '30'

2023-09-22 08:32:13 - [MESSAGE][PASSED] - Element 'Object Repository/Parte1/Crear_cuenta/CPN9/android.widget.EditText - PRUEBA' text is cleared

2023-09-22 08:32:13 - [TEST_STEP][PASSED] - hideKeyboard(): Keyboard is hidden

2023-09-22 08:32:15 - [MESSAGE][PASSED] - Keyboard is hidden

2023-09-22 08:32:15 - [TEST_STEP][PASSED] - verifyElementText(findTestObject("Object Repository/Parte1/Crear_cuenta/CPN9/android.widget.TextView - El Apodo es obligatorio"), "El Apodo es obligatorio"): Actual text and expected text of test object 'Object Repository/Parte1/Crear_cuenta/CPN9/android.widget.TextView - El Apodo es obligatorio' are matched.

2023-09-22 08:32:16 - [MESSAGE][PASSED] - Actual text and expected text of test object 'Object Repository/Parte1/Crear_cuenta/CPN9/android.widget.TextView - El Apodo es obligatorio' are matched.]]></system-out>
         <system-err><![CDATA[]]></system-err>
      </testcase>
      <testcase name="Test Cases/Parte1/Crear cuenta/CPN10" time="6.59" classname="Test Cases/Parte1/Crear cuenta/CPN10" status="PASSED">
         <system-out><![CDATA[2023-09-22 08:32:16 - [TEST_CASE][PASSED] - Test Cases/Parte1/Crear cuenta/CPN10: Test Cases/Parte1/Crear cuenta/CPN10

2023-09-22 08:32:16 - [TEST_STEP][PASSED] - tap(findTestObject("Object Repository/Parte1/Crear_cuenta/CPN10/android.widget.EditText - Apodo"), 0): Tapped on element 'Object Repository/Parte1/Crear_cuenta/CPN10/android.widget.EditText - Apodo'

2023-09-22 08:32:16 - [MESSAGE][WARNING] - Timeout '0' is invalid. Using default page load timeout: '30'

2023-09-22 08:32:16 - [MESSAGE][PASSED] - Tapped on element 'Object Repository/Parte1/Crear_cuenta/CPN10/android.widget.EditText - Apodo'

2023-09-22 08:32:16 - [TEST_STEP][PASSED] - setText(findTestObject("Object Repository/Parte1/Crear_cuenta/CPN10/android.widget.EditText - Apodo (1)"), "0123456789", 0): Text '0123456789' has been set to element 'Object Repository/Parte1/Crear_cuenta/CPN10/android.widget.EditText - Apodo (1)'

2023-09-22 08:32:16 - [MESSAGE][WARNING] - Timeout '0' is invalid. Using default page load timeout: '30'

2023-09-22 08:32:19 - [MESSAGE][PASSED] - Text '0123456789' has been set to element 'Object Repository/Parte1/Crear_cuenta/CPN10/android.widget.EditText - Apodo (1)'

2023-09-22 08:32:19 - [TEST_STEP][PASSED] - verifyElementText(findTestObject("Object Repository/Parte1/Crear_cuenta/CPN10/android.widget.TextView - El Apodo debe comenzar con una letra"), "El Apodo debe comenzar con una letra"): Actual text and expected text of test object 'Object Repository/Parte1/Crear_cuenta/CPN10/android.widget.TextView - El Apodo debe comenzar con una letra' are matched.

2023-09-22 08:32:20 - [MESSAGE][PASSED] - Actual text and expected text of test object 'Object Repository/Parte1/Crear_cuenta/CPN10/android.widget.TextView - El Apodo debe comenzar con una letra' are matched.

2023-09-22 08:32:20 - [TEST_STEP][PASSED] - hideKeyboard(): Keyboard is hidden

2023-09-22 08:32:22 - [MESSAGE][PASSED] - Keyboard is hidden

2023-09-22 08:32:22 - [TEST_STEP][PASSED] - tap(findTestObject("Object Repository/Parte1/Crear_cuenta/CPN10/android.widget.Button - Siguiente"), 0): Tapped on element 'Object Repository/Parte1/Crear_cuenta/CPN10/android.widget.Button - Siguiente'

2023-09-22 08:32:22 - [MESSAGE][WARNING] - Timeout '0' is invalid. Using default page load timeout: '30'

2023-09-22 08:32:22 - [MESSAGE][PASSED] - Tapped on element 'Object Repository/Parte1/Crear_cuenta/CPN10/android.widget.Button - Siguiente']]></system-out>
         <system-err><![CDATA[]]></system-err>
      </testcase>
      <testcase name="Test Cases/Parte1/Crear cuenta/CPN11" time="7.784" classname="Test Cases/Parte1/Crear cuenta/CPN11" status="PASSED">
         <system-out><![CDATA[2023-09-22 08:32:22 - [TEST_CASE][PASSED] - Test Cases/Parte1/Crear cuenta/CPN11: Test Cases/Parte1/Crear cuenta/CPN11

2023-09-22 08:32:22 - [TEST_STEP][PASSED] - clearText(findTestObject("Object Repository/Parte1/Crear_cuenta/CPN11/android.widget.EditText - 0123456789"), 100): Element 'Object Repository/Parte1/Crear_cuenta/CPN11/android.widget.EditText - 0123456789' text is cleared

2023-09-22 08:32:23 - [MESSAGE][PASSED] - Element 'Object Repository/Parte1/Crear_cuenta/CPN11/android.widget.EditText - 0123456789' text is cleared

2023-09-22 08:32:23 - [TEST_STEP][PASSED] - tap(findTestObject("Object Repository/Parte1/Crear_cuenta/CPN11/android.widget.EditText - Apodo"), 100): Tapped on element 'Object Repository/Parte1/Crear_cuenta/CPN11/android.widget.EditText - Apodo'

2023-09-22 08:32:24 - [MESSAGE][PASSED] - Tapped on element 'Object Repository/Parte1/Crear_cuenta/CPN11/android.widget.EditText - Apodo'

2023-09-22 08:32:24 - [TEST_STEP][PASSED] - setText(findTestObject("Object Repository/Parte1/Crear_cuenta/CPN11/android.widget.EditText - Apodo (1)"), "abcde", 0): Text 'abcde' has been set to element 'Object Repository/Parte1/Crear_cuenta/CPN11/android.widget.EditText - Apodo (1)'

2023-09-22 08:32:24 - [MESSAGE][WARNING] - Timeout '0' is invalid. Using default page load timeout: '30'

2023-09-22 08:32:27 - [MESSAGE][PASSED] - Text 'abcde' has been set to element 'Object Repository/Parte1/Crear_cuenta/CPN11/android.widget.EditText - Apodo (1)'

2023-09-22 08:32:27 - [TEST_STEP][PASSED] - verifyElementText(findTestObject("Object Repository/Parte1/Crear_cuenta/CPN11/android.widget.TextView - El apodo debe contener al menos un nmero"), "El apodo debe contener al menos un número"): Actual text and expected text of test object 'Object Repository/Parte1/Crear_cuenta/CPN11/android.widget.TextView - El apodo debe contener al menos un nmero' are matched.

2023-09-22 08:32:28 - [MESSAGE][PASSED] - Actual text and expected text of test object 'Object Repository/Parte1/Crear_cuenta/CPN11/android.widget.TextView - El apodo debe contener al menos un nmero' are matched.

2023-09-22 08:32:28 - [TEST_STEP][PASSED] - hideKeyboard(): Keyboard is hidden

2023-09-22 08:32:30 - [MESSAGE][PASSED] - Keyboard is hidden

2023-09-22 08:32:30 - [TEST_STEP][PASSED] - tap(findTestObject("Object Repository/Parte1/Crear_cuenta/CPN11/android.widget.Button - Siguiente"), 1): Tapped on element 'Object Repository/Parte1/Crear_cuenta/CPN11/android.widget.Button - Siguiente'

2023-09-22 08:32:30 - [MESSAGE][PASSED] - Tapped on element 'Object Repository/Parte1/Crear_cuenta/CPN11/android.widget.Button - Siguiente'

2023-09-22 08:32:30 - [TEST_STEP][PASSED] - clearText(findTestObject("Object Repository/Parte1/Crear_cuenta/CPN11/android.widget.EditText - abcde"), 100): Element 'Object Repository/Parte1/Crear_cuenta/CPN11/android.widget.EditText - abcde' text is cleared

2023-09-22 08:32:30 - [MESSAGE][PASSED] - Element 'Object Repository/Parte1/Crear_cuenta/CPN11/android.widget.EditText - abcde' text is cleared]]></system-out>
         <system-err><![CDATA[]]></system-err>
      </testcase>
      <testcase name="Test Cases/Parte1/Crear cuenta/CPN12" time="4.645" classname="Test Cases/Parte1/Crear cuenta/CPN12" status="PASSED">
         <system-out><![CDATA[2023-09-22 08:32:30 - [TEST_CASE][PASSED] - Test Cases/Parte1/Crear cuenta/CPN12: Test Cases/Parte1/Crear cuenta/CPN12

2023-09-22 08:32:30 - [TEST_STEP][PASSED] - setText(findTestObject("Object Repository/Parte1/Crear_cuenta/CPN12/android.widget.EditText - Apodo"), "0123456789012345678901", 0): Text '0123456789012345678901' has been set to element 'Object Repository/Parte1/Crear_cuenta/CPN12/android.widget.EditText - Apodo'

2023-09-22 08:32:30 - [MESSAGE][WARNING] - Timeout '0' is invalid. Using default page load timeout: '30'

2023-09-22 08:32:33 - [MESSAGE][PASSED] - Text '0123456789012345678901' has been set to element 'Object Repository/Parte1/Crear_cuenta/CPN12/android.widget.EditText - Apodo'

2023-09-22 08:32:33 - [TEST_STEP][PASSED] - hideKeyboard(): Keyboard is hidden

2023-09-22 08:32:33 - [MESSAGE][PASSED] - Keyboard is hidden

2023-09-22 08:32:33 - [TEST_STEP][PASSED] - clearText(findTestObject("Object Repository/Parte1/Crear_cuenta/CPN12/android.widget.EditText - 01234567890123456789"), 0): Element 'Object Repository/Parte1/Crear_cuenta/CPN12/android.widget.EditText - 01234567890123456789' text is cleared

2023-09-22 08:32:33 - [MESSAGE][WARNING] - Timeout '0' is invalid. Using default page load timeout: '30'

2023-09-22 08:32:34 - [MESSAGE][PASSED] - Element 'Object Repository/Parte1/Crear_cuenta/CPN12/android.widget.EditText - 01234567890123456789' text is cleared

2023-09-22 08:32:34 - [TEST_STEP][PASSED] - tap(findTestObject("Object Repository/Parte1/Crear_cuenta/CPN12/android.widget.Button - Siguiente"), 0): Tapped on element 'Object Repository/Parte1/Crear_cuenta/CPN12/android.widget.Button - Siguiente'

2023-09-22 08:32:34 - [MESSAGE][WARNING] - Timeout '0' is invalid. Using default page load timeout: '30'

2023-09-22 08:32:35 - [MESSAGE][PASSED] - Tapped on element 'Object Repository/Parte1/Crear_cuenta/CPN12/android.widget.Button - Siguiente']]></system-out>
         <system-err><![CDATA[]]></system-err>
      </testcase>
      <testcase name="Test Cases/Parte1/Crear cuenta/CPN13" time="7.039" classname="Test Cases/Parte1/Crear cuenta/CPN13" status="PASSED">
         <system-out><![CDATA[2023-09-22 08:32:35 - [TEST_CASE][PASSED] - Test Cases/Parte1/Crear cuenta/CPN13: Test Cases/Parte1/Crear cuenta/CPN13

2023-09-22 08:32:35 - [TEST_STEP][PASSED] - tap(findTestObject("Object Repository/Parte1/Crear_cuenta/CPN13/android.widget.EditText - Apodo"), 0): Tapped on element 'Object Repository/Parte1/Crear_cuenta/CPN13/android.widget.EditText - Apodo'

2023-09-22 08:32:35 - [MESSAGE][WARNING] - Timeout '0' is invalid. Using default page load timeout: '30'

2023-09-22 08:32:35 - [MESSAGE][PASSED] - Tapped on element 'Object Repository/Parte1/Crear_cuenta/CPN13/android.widget.EditText - Apodo'

2023-09-22 08:32:35 - [TEST_STEP][PASSED] - setText(findTestObject("Object Repository/Parte1/Crear_cuenta/CPN13/android.widget.EditText - Apodo (1)"), "HO", 0): Text 'HO' has been set to element 'Object Repository/Parte1/Crear_cuenta/CPN13/android.widget.EditText - Apodo (1)'

2023-09-22 08:32:35 - [MESSAGE][WARNING] - Timeout '0' is invalid. Using default page load timeout: '30'

2023-09-22 08:32:38 - [MESSAGE][PASSED] - Text 'HO' has been set to element 'Object Repository/Parte1/Crear_cuenta/CPN13/android.widget.EditText - Apodo (1)'

2023-09-22 08:32:38 - [TEST_STEP][PASSED] - verifyElementText(findTestObject("Object Repository/Parte1/Crear_cuenta/CPN13/android.widget.TextView - El Apodo debe contener mnimo 3 caracteres y 1 nmero"), "El Apodo debe contener mínimo 3 caracteres y 1 número"): Actual text and expected text of test object 'Object Repository/Parte1/Crear_cuenta/CPN13/android.widget.TextView - El Apodo debe contener mnimo 3 caracteres y 1 nmero' are matched.

2023-09-22 08:32:39 - [MESSAGE][PASSED] - Actual text and expected text of test object 'Object Repository/Parte1/Crear_cuenta/CPN13/android.widget.TextView - El Apodo debe contener mnimo 3 caracteres y 1 nmero' are matched.

2023-09-22 08:32:39 - [TEST_STEP][PASSED] - hideKeyboard(): Keyboard is hidden

2023-09-22 08:32:41 - [MESSAGE][PASSED] - Keyboard is hidden

2023-09-22 08:32:41 - [TEST_STEP][PASSED] - tap(findTestObject("Object Repository/Parte1/Crear_cuenta/CPN13/android.widget.Button - Siguiente"), 0): Tapped on element 'Object Repository/Parte1/Crear_cuenta/CPN13/android.widget.Button - Siguiente'

2023-09-22 08:32:41 - [MESSAGE][WARNING] - Timeout '0' is invalid. Using default page load timeout: '30'

2023-09-22 08:32:41 - [MESSAGE][PASSED] - Tapped on element 'Object Repository/Parte1/Crear_cuenta/CPN13/android.widget.Button - Siguiente'

2023-09-22 08:32:41 - [TEST_STEP][PASSED] - clearText(findTestObject("Object Repository/Parte1/Crear_cuenta/CPN13/android.widget.EditText - HO"), 0): Element 'Object Repository/Parte1/Crear_cuenta/CPN13/android.widget.EditText - HO' text is cleared

2023-09-22 08:32:41 - [MESSAGE][WARNING] - Timeout '0' is invalid. Using default page load timeout: '30'

2023-09-22 08:32:42 - [MESSAGE][PASSED] - Element 'Object Repository/Parte1/Crear_cuenta/CPN13/android.widget.EditText - HO' text is cleared]]></system-out>
         <system-err><![CDATA[]]></system-err>
      </testcase>
      <testcase name="Test Cases/Parte1/Crear cuenta/CPN14" time="12.189" classname="Test Cases/Parte1/Crear cuenta/CPN14" status="PASSED">
         <system-out><![CDATA[2023-09-22 08:32:42 - [TEST_CASE][PASSED] - Test Cases/Parte1/Crear cuenta/CPN14: Test Cases/Parte1/Crear cuenta/CPN14

2023-09-22 08:32:42 - [TEST_STEP][PASSED] - tap(findTestObject("Object Repository/Parte1/Crear_cuenta/CPN14/android.widget.EditText - Nombre a mostrar (opcional)"), 0): Tapped on element 'Object Repository/Parte1/Crear_cuenta/CPN14/android.widget.EditText - Nombre a mostrar (opcional)'

2023-09-22 08:32:42 - [MESSAGE][WARNING] - Timeout '0' is invalid. Using default page load timeout: '30'

2023-09-22 08:32:43 - [MESSAGE][PASSED] - Tapped on element 'Object Repository/Parte1/Crear_cuenta/CPN14/android.widget.EditText - Nombre a mostrar (opcional)'

2023-09-22 08:32:43 - [TEST_STEP][PASSED] - setText(findTestObject("Object Repository/Parte1/Crear_cuenta/CPN14/android.widget.EditText - Nombre a mostrar (opcional) (1)"), "Opcional", 0): Text 'Opcional' has been set to element 'Object Repository/Parte1/Crear_cuenta/CPN14/android.widget.EditText - Nombre a mostrar (opcional) (1)'

2023-09-22 08:32:43 - [MESSAGE][WARNING] - Timeout '0' is invalid. Using default page load timeout: '30'

2023-09-22 08:32:46 - [MESSAGE][PASSED] - Text 'Opcional' has been set to element 'Object Repository/Parte1/Crear_cuenta/CPN14/android.widget.EditText - Nombre a mostrar (opcional) (1)'

2023-09-22 08:32:46 - [TEST_STEP][PASSED] - hideKeyboard(): Keyboard is hidden

2023-09-22 08:32:48 - [MESSAGE][PASSED] - Keyboard is hidden

2023-09-22 08:32:48 - [TEST_STEP][PASSED] - tap(findTestObject("Object Repository/Parte1/Crear_cuenta/CPN14/android.widget.Button - Siguiente"), 0): Tapped on element 'Object Repository/Parte1/Crear_cuenta/CPN14/android.widget.Button - Siguiente'

2023-09-22 08:32:48 - [MESSAGE][WARNING] - Timeout '0' is invalid. Using default page load timeout: '30'

2023-09-22 08:32:48 - [MESSAGE][PASSED] - Tapped on element 'Object Repository/Parte1/Crear_cuenta/CPN14/android.widget.Button - Siguiente'

2023-09-22 08:32:48 - [TEST_STEP][PASSED] - tap(findTestObject("Object Repository/Parte1/Crear_cuenta/CPN14/android.widget.EditText - Apodo"), 0): Tapped on element 'Object Repository/Parte1/Crear_cuenta/CPN14/android.widget.EditText - Apodo'

2023-09-22 08:32:48 - [MESSAGE][WARNING] - Timeout '0' is invalid. Using default page load timeout: '30'

2023-09-22 08:32:48 - [MESSAGE][PASSED] - Tapped on element 'Object Repository/Parte1/Crear_cuenta/CPN14/android.widget.EditText - Apodo'

2023-09-22 08:32:48 - [TEST_STEP][PASSED] - setText(findTestObject("Parte1/Crear_cuenta/CPN14/android.widget.EditText - Apodo (1)"), "angello16", 0): Text 'angello16' has been set to element 'Object Repository/Parte1/Crear_cuenta/CPN14/android.widget.EditText - Apodo (1)'

2023-09-22 08:32:48 - [MESSAGE][WARNING] - Timeout '0' is invalid. Using default page load timeout: '30'

2023-09-22 08:32:51 - [MESSAGE][PASSED] - Text 'angello16' has been set to element 'Object Repository/Parte1/Crear_cuenta/CPN14/android.widget.EditText - Apodo (1)'

2023-09-22 08:32:51 - [TEST_STEP][PASSED] - hideKeyboard(): Keyboard is hidden

2023-09-22 08:32:53 - [MESSAGE][PASSED] - Keyboard is hidden

2023-09-22 08:32:53 - [TEST_STEP][PASSED] - verifyElementText(findTestObject("Object Repository/Parte1/Crear_cuenta/CPN14/android.widget.TextView - Apodo no disponible"), "Apodo no disponible"): Actual text and expected text of test object 'Object Repository/Parte1/Crear_cuenta/CPN14/android.widget.TextView - Apodo no disponible' are matched.

2023-09-22 08:32:53 - [MESSAGE][PASSED] - Actual text and expected text of test object 'Object Repository/Parte1/Crear_cuenta/CPN14/android.widget.TextView - Apodo no disponible' are matched.

2023-09-22 08:32:53 - [TEST_STEP][PASSED] - verifyElementVisible(findTestObject("Parte1/Crear_cuenta/CPN14/android.widget.ImageButton"), 0): Element 'Object Repository/Parte1/Crear_cuenta/CPN14/android.widget.ImageButton' is visible

2023-09-22 08:32:53 - [MESSAGE][WARNING] - Timeout '0' is invalid. Using default page load timeout: '30'

2023-09-22 08:32:54 - [MESSAGE][PASSED] - Element 'Object Repository/Parte1/Crear_cuenta/CPN14/android.widget.ImageButton' is visible

2023-09-22 08:32:54 - [TEST_STEP][PASSED] - tap(findTestObject("Parte1/Crear_cuenta/CPN14/android.widget.Button - Siguiente"), 0): Tapped on element 'Object Repository/Parte1/Crear_cuenta/CPN14/android.widget.Button - Siguiente'

2023-09-22 08:32:54 - [MESSAGE][WARNING] - Timeout '0' is invalid. Using default page load timeout: '30'

2023-09-22 08:32:54 - [MESSAGE][PASSED] - Tapped on element 'Object Repository/Parte1/Crear_cuenta/CPN14/android.widget.Button - Siguiente']]></system-out>
         <system-err><![CDATA[]]></system-err>
      </testcase>
      <testcase name="Test Cases/Parte1/Crear cuenta/CPN15" time="8.725" classname="Test Cases/Parte1/Crear cuenta/CPN15" status="PASSED">
         <system-out><![CDATA[2023-09-22 08:32:54 - [TEST_CASE][PASSED] - Test Cases/Parte1/Crear cuenta/CPN15: Test Cases/Parte1/Crear cuenta/CPN15

2023-09-22 08:32:54 - [TEST_STEP][PASSED] - clearText(findTestObject("Object Repository/Parte1/Crear_cuenta/CPN15/android.widget.EditText - angello16"), 0): Element 'Object Repository/Parte1/Crear_cuenta/CPN15/android.widget.EditText - angello16' text is cleared

2023-09-22 08:32:54 - [MESSAGE][WARNING] - Timeout '0' is invalid. Using default page load timeout: '30'

2023-09-22 08:32:55 - [MESSAGE][PASSED] - Element 'Object Repository/Parte1/Crear_cuenta/CPN15/android.widget.EditText - angello16' text is cleared

2023-09-22 08:32:55 - [TEST_STEP][PASSED] - tap(findTestObject("Object Repository/Parte1/Crear_cuenta/CPN15/android.widget.EditText - Apodo"), 0): Tapped on element 'Object Repository/Parte1/Crear_cuenta/CPN15/android.widget.EditText - Apodo'

2023-09-22 08:32:55 - [MESSAGE][WARNING] - Timeout '0' is invalid. Using default page load timeout: '30'

2023-09-22 08:32:56 - [MESSAGE][PASSED] - Tapped on element 'Object Repository/Parte1/Crear_cuenta/CPN15/android.widget.EditText - Apodo'

2023-09-22 08:32:56 - [TEST_STEP][PASSED] - setText(findTestObject("Object Repository/Parte1/Crear_cuenta/CPN15/android.widget.EditText - P000"), "LIBRE02", 0): Text 'LIBRE02' has been set to element 'Object Repository/Parte1/Crear_cuenta/CPN15/android.widget.EditText - P000'

2023-09-22 08:32:56 - [MESSAGE][WARNING] - Timeout '0' is invalid. Using default page load timeout: '30'

2023-09-22 08:32:59 - [MESSAGE][PASSED] - Text 'LIBRE02' has been set to element 'Object Repository/Parte1/Crear_cuenta/CPN15/android.widget.EditText - P000'

2023-09-22 08:32:59 - [TEST_STEP][PASSED] - verifyElementText(findTestObject("Object Repository/Parte1/Crear_cuenta/CPN15/android.widget.TextView - El apodo te servir para identificarse en NapoleoN Chat, no lo podrs cambiar despes"), "El apodo te servirá para identificarse en NapoleoN Chat, no lo podrás cambiar despúes"): Actual text and expected text of test object 'Object Repository/Parte1/Crear_cuenta/CPN15/android.widget.TextView - El apodo te servir para identificarse en NapoleoN Chat, no lo podrs cambiar despes' are matched.

2023-09-22 08:33:00 - [MESSAGE][PASSED] - Actual text and expected text of test object 'Object Repository/Parte1/Crear_cuenta/CPN15/android.widget.TextView - El apodo te servir para identificarse en NapoleoN Chat, no lo podrs cambiar despes' are matched.

2023-09-22 08:33:00 - [TEST_STEP][PASSED] - clearText(findTestObject("Object Repository/Parte1/Crear_cuenta/CPN15/android.widget.EditText - Opcional"), 0): Element 'Object Repository/Parte1/Crear_cuenta/CPN15/android.widget.EditText - Opcional' text is cleared

2023-09-22 08:33:00 - [MESSAGE][WARNING] - Timeout '0' is invalid. Using default page load timeout: '30'

2023-09-22 08:33:00 - [MESSAGE][PASSED] - Element 'Object Repository/Parte1/Crear_cuenta/CPN15/android.widget.EditText - Opcional' text is cleared

2023-09-22 08:33:00 - [TEST_STEP][PASSED] - hideKeyboard(): Keyboard is hidden

2023-09-22 08:33:02 - [MESSAGE][PASSED] - Keyboard is hidden

2023-09-22 08:33:02 - [TEST_STEP][PASSED] - tap(findTestObject("Object Repository/Parte1/Crear_cuenta/CPN15/android.widget.Button - Siguiente"), 0): Tapped on element 'Object Repository/Parte1/Crear_cuenta/CPN15/android.widget.Button - Siguiente'

2023-09-22 08:33:02 - [MESSAGE][WARNING] - Timeout '0' is invalid. Using default page load timeout: '30'

2023-09-22 08:33:03 - [MESSAGE][PASSED] - Tapped on element 'Object Repository/Parte1/Crear_cuenta/CPN15/android.widget.Button - Siguiente']]></system-out>
         <system-err><![CDATA[]]></system-err>
      </testcase>
      <testcase name="Test Cases/Parte1/Crear cuenta/CPN16-17" time="10.846" classname="Test Cases/Parte1/Crear cuenta/CPN16-17" status="PASSED">
         <system-out><![CDATA[2023-09-22 08:33:03 - [TEST_CASE][PASSED] - Test Cases/Parte1/Crear cuenta/CPN16-17: Test Cases/Parte1/Crear cuenta/CPN16-17

2023-09-22 08:33:03 - [TEST_STEP][PASSED] - tap(findTestObject("Object Repository/Parte1/Crear_cuenta/CPN16-17/android.widget.EditText - Pin de Acceso"), 200): Tapped on element 'Object Repository/Parte1/Crear_cuenta/CPN16-17/android.widget.EditText - Pin de Acceso'

2023-09-22 08:33:04 - [MESSAGE][PASSED] - Tapped on element 'Object Repository/Parte1/Crear_cuenta/CPN16-17/android.widget.EditText - Pin de Acceso'

2023-09-22 08:33:04 - [TEST_STEP][PASSED] - setText(findTestObject("Object Repository/Parte1/Crear_cuenta/CPN16-17/android.widget.EditText - Pin de Acceso (1)"), "00000", 200): Text '00000' has been set to element 'Object Repository/Parte1/Crear_cuenta/CPN16-17/android.widget.EditText - Pin de Acceso (1)'

2023-09-22 08:33:07 - [MESSAGE][PASSED] - Text '00000' has been set to element 'Object Repository/Parte1/Crear_cuenta/CPN16-17/android.widget.EditText - Pin de Acceso (1)'

2023-09-22 08:33:07 - [TEST_STEP][PASSED] - setText(findTestObject("Object Repository/Parte1/Crear_cuenta/CPN16-17/android.widget.EditText - Confirmar nuevo pin de acceso"), "1234", 200): Text '1234' has been set to element 'Object Repository/Parte1/Crear_cuenta/CPN16-17/android.widget.EditText - Confirmar nuevo pin de acceso'

2023-09-22 08:33:09 - [MESSAGE][PASSED] - Text '1234' has been set to element 'Object Repository/Parte1/Crear_cuenta/CPN16-17/android.widget.EditText - Confirmar nuevo pin de acceso'

2023-09-22 08:33:09 - [TEST_STEP][PASSED] - delay(2, STOP_ON_FAILURE): Delayed 2 second(s)

2023-09-22 08:33:11 - [MESSAGE][PASSED] - Delayed 2 second(s)

2023-09-22 08:33:11 - [TEST_STEP][PASSED] - hideKeyboard(): Keyboard is hidden

2023-09-22 08:33:13 - [MESSAGE][PASSED] - Keyboard is hidden

2023-09-22 08:33:13 - [TEST_STEP][PASSED] - verifyElementText(findTestObject("Object Repository/Parte1/Crear_cuenta/CPN16-17/android.widget.TextView - El pin de acceso no coincide"), "El pin de acceso no coincide"): Actual text and expected text of test object 'Object Repository/Parte1/Crear_cuenta/CPN16-17/android.widget.TextView - El pin de acceso no coincide' are matched.

2023-09-22 08:33:13 - [MESSAGE][PASSED] - Actual text and expected text of test object 'Object Repository/Parte1/Crear_cuenta/CPN16-17/android.widget.TextView - El pin de acceso no coincide' are matched.

2023-09-22 08:33:13 - [TEST_STEP][PASSED] - verifyElementText(findTestObject("Object Repository/Parte1/Crear_cuenta/CPN16-17/android.widget.TextView - El pin de acceso no coincide (1)"), "El pin de acceso no coincide"): Actual text and expected text of test object 'Object Repository/Parte1/Crear_cuenta/CPN16-17/android.widget.TextView - El pin de acceso no coincide (1)' are matched.

2023-09-22 08:33:13 - [MESSAGE][PASSED] - Actual text and expected text of test object 'Object Repository/Parte1/Crear_cuenta/CPN16-17/android.widget.TextView - El pin de acceso no coincide (1)' are matched.]]></system-out>
         <system-err><![CDATA[]]></system-err>
      </testcase>
      <testcase name="Test Cases/Parte1/Crear cuenta/CPN18-19" time="19.603" classname="Test Cases/Parte1/Crear cuenta/CPN18-19" status="PASSED">
         <system-out><![CDATA[2023-09-22 08:33:13 - [TEST_CASE][PASSED] - Test Cases/Parte1/Crear cuenta/CPN18-19: Test Cases/Parte1/Crear cuenta/CPN18-19

2023-09-22 08:33:14 - [TEST_STEP][PASSED] - tap(findTestObject("Object Repository/Parte1/Crear_cuenta/CPN18-19/android.widget.EditText - 0000"), 1): Tapped on element 'Object Repository/Parte1/Crear_cuenta/CPN18-19/android.widget.EditText - 0000'

2023-09-22 08:33:14 - [MESSAGE][PASSED] - Tapped on element 'Object Repository/Parte1/Crear_cuenta/CPN18-19/android.widget.EditText - 0000'

2023-09-22 08:33:14 - [TEST_STEP][PASSED] - clearText(findTestObject("Object Repository/Parte1/Crear_cuenta/CPN18-19/android.widget.EditText - 0000 (1)"), 1): Element 'Object Repository/Parte1/Crear_cuenta/CPN18-19/android.widget.EditText - 0000 (1)' text is cleared

2023-09-22 08:33:15 - [MESSAGE][PASSED] - Element 'Object Repository/Parte1/Crear_cuenta/CPN18-19/android.widget.EditText - 0000 (1)' text is cleared

2023-09-22 08:33:15 - [TEST_STEP][PASSED] - clearText(findTestObject("Object Repository/Parte1/Crear_cuenta/CPN18-19/android.widget.EditText - 1234"), 1): Element 'Object Repository/Parte1/Crear_cuenta/CPN18-19/android.widget.EditText - 1234' text is cleared

2023-09-22 08:33:16 - [MESSAGE][PASSED] - Element 'Object Repository/Parte1/Crear_cuenta/CPN18-19/android.widget.EditText - 1234' text is cleared

2023-09-22 08:33:16 - [TEST_STEP][PASSED] - setText(findTestObject("Object Repository/Parte1/Crear_cuenta/CPN18-19/android.widget.EditText - Pin de Acceso"), "0000", 0): Text '0000' has been set to element 'Object Repository/Parte1/Crear_cuenta/CPN18-19/android.widget.EditText - Pin de Acceso'

2023-09-22 08:33:16 - [MESSAGE][WARNING] - Timeout '0' is invalid. Using default page load timeout: '30'

2023-09-22 08:33:19 - [MESSAGE][PASSED] - Text '0000' has been set to element 'Object Repository/Parte1/Crear_cuenta/CPN18-19/android.widget.EditText - Pin de Acceso'

2023-09-22 08:33:19 - [TEST_STEP][PASSED] - setText(findTestObject("Object Repository/Parte1/Crear_cuenta/CPN18-19/android.widget.EditText - Confirmar nuevo pin de acceso"), "1111", 0): Text '1111' has been set to element 'Object Repository/Parte1/Crear_cuenta/CPN18-19/android.widget.EditText - Confirmar nuevo pin de acceso'

2023-09-22 08:33:19 - [MESSAGE][WARNING] - Timeout '0' is invalid. Using default page load timeout: '30'

2023-09-22 08:33:21 - [MESSAGE][PASSED] - Text '1111' has been set to element 'Object Repository/Parte1/Crear_cuenta/CPN18-19/android.widget.EditText - Confirmar nuevo pin de acceso'

2023-09-22 08:33:21 - [TEST_STEP][PASSED] - clearText(findTestObject("Object Repository/Parte1/Crear_cuenta/CPN18-19/android.widget.EditText - 1111"), 1): Element 'Object Repository/Parte1/Crear_cuenta/CPN18-19/android.widget.EditText - 1111' text is cleared

2023-09-22 08:33:22 - [MESSAGE][PASSED] - Element 'Object Repository/Parte1/Crear_cuenta/CPN18-19/android.widget.EditText - 1111' text is cleared

2023-09-22 08:33:22 - [TEST_STEP][PASSED] - delay(2, STOP_ON_FAILURE): Delayed 2 second(s)

2023-09-22 08:33:24 - [MESSAGE][PASSED] - Delayed 2 second(s)

2023-09-22 08:33:24 - [TEST_STEP][PASSED] - setText(findTestObject("Parte1/Crear_cuenta/CPN18-19/android.widget.EditText - Confirmar nuevo pin de acceso"), "0000", 0): Text '0000' has been set to element 'Object Repository/Parte1/Crear_cuenta/CPN18-19/android.widget.EditText - Confirmar nuevo pin de acceso'

2023-09-22 08:33:25 - [MESSAGE][WARNING] - Timeout '0' is invalid. Using default page load timeout: '30'

2023-09-22 08:33:26 - [MESSAGE][PASSED] - Text '0000' has been set to element 'Object Repository/Parte1/Crear_cuenta/CPN18-19/android.widget.EditText - Confirmar nuevo pin de acceso'

2023-09-22 08:33:26 - [TEST_STEP][PASSED] - hideKeyboard(): Keyboard is hidden

2023-09-22 08:33:28 - [MESSAGE][PASSED] - Keyboard is hidden

2023-09-22 08:33:28 - [TEST_STEP][PASSED] - tap(findTestObject("Object Repository/Parte1/Crear_cuenta/CPN18-19/android.widget.Button - Crear Cuenta"), 1): Tapped on element 'Object Repository/Parte1/Crear_cuenta/CPN18-19/android.widget.Button - Crear Cuenta'

2023-09-22 08:33:29 - [MESSAGE][PASSED] - Tapped on element 'Object Repository/Parte1/Crear_cuenta/CPN18-19/android.widget.Button - Crear Cuenta'

2023-09-22 08:33:29 - [TEST_STEP][PASSED] - delay(3, STOP_ON_FAILURE): Delayed 3 second(s)

2023-09-22 08:33:32 - [MESSAGE][PASSED] - Delayed 3 second(s)

2023-09-22 08:33:32 - [TEST_STEP][PASSED] - waitForElementPresent(findTestObject("Object Repository/Parte1/Crear_cuenta/CPN18-19/android.widget.FrameLayout (1)"), 0): Element 'Object Repository/Parte1/Crear_cuenta/CPN18-19/android.widget.FrameLayout (1)' is present

2023-09-22 08:33:32 - [MESSAGE][WARNING] - Timeout '0' is invalid. Using default page load timeout: '30'

2023-09-22 08:33:33 - [MESSAGE][PASSED] - Element 'Object Repository/Parte1/Crear_cuenta/CPN18-19/android.widget.FrameLayout (1)' is present]]></system-out>
         <system-err><![CDATA[]]></system-err>
      </testcase>
      <testcase name="Test Cases/Tutorial_nuevo" time="5.904" classname="Test Cases/Tutorial_nuevo" status="PASSED">
         <system-out><![CDATA[2023-09-22 08:33:33 - [TEST_CASE][PASSED] - Test Cases/Tutorial_nuevo: Test Cases/Tutorial_nuevo

2023-09-22 08:33:33 - [TEST_STEP][PASSED] - delay(4, STOP_ON_FAILURE): Delayed 4 second(s)

2023-09-22 08:33:37 - [MESSAGE][PASSED] - Delayed 4 second(s)

2023-09-22 08:33:37 - [TEST_STEP][PASSED] - tap(findTestObject("Object Repository/Parte1/Tutorial_nuevo/android.widget.FrameLayout"), 0): Tapped on element 'Object Repository/Parte1/Tutorial_nuevo/android.widget.FrameLayout'

2023-09-22 08:33:37 - [MESSAGE][WARNING] - Timeout '0' is invalid. Using default page load timeout: '30'

2023-09-22 08:33:39 - [MESSAGE][PASSED] - Tapped on element 'Object Repository/Parte1/Tutorial_nuevo/android.widget.FrameLayout'

2023-09-22 08:33:39 - [TEST_STEP][PASSED] - waitForElementPresent(findTestObject("Object Repository/Parte1/Tutorial_nuevo/android.widget.TextView - NapoleoN"), 0): Element 'Object Repository/Parte1/Tutorial_nuevo/android.widget.TextView - NapoleoN' is present

2023-09-22 08:33:39 - [MESSAGE][WARNING] - Timeout '0' is invalid. Using default page load timeout: '30'

2023-09-22 08:33:39 - [MESSAGE][PASSED] - Element 'Object Repository/Parte1/Tutorial_nuevo/android.widget.TextView - NapoleoN' is present]]></system-out>
         <system-err><![CDATA[]]></system-err>
      </testcase>
      <testcase name="Test Cases/Parte1/Agregar contacto/agregar" time="95.645" classname="Test Cases/Parte1/Agregar contacto/agregar" status="PASSED">
         <system-out><![CDATA[2023-09-22 08:33:39 - [TEST_CASE][PASSED] - Test Cases/Parte1/Agregar contacto/agregar: Test Cases/Parte1/Agregar contacto/agregar

2023-09-22 08:33:39 - [TEST_STEP][PASSED] - delay(6, CONTINUE_ON_FAILURE): Delayed 6 second(s)

2023-09-22 08:33:45 - [MESSAGE][PASSED] - Delayed 6 second(s)

2023-09-22 08:33:45 - [TEST_STEP][PASSED] - verifyElementExist(findTestObject("Object Repository/Parte1/agregar/android.widget.FrameLayout (2)"), 0): Element 'Object Repository/Parte1/agregar/android.widget.FrameLayout (2)' is exist

2023-09-22 08:33:45 - [MESSAGE][WARNING] - Timeout '0' is invalid. Using default page load timeout: '30'

2023-09-22 08:33:45 - [MESSAGE][PASSED] - Element 'Object Repository/Parte1/agregar/android.widget.FrameLayout (2)' is exist

2023-09-22 08:33:45 - [TEST_STEP][PASSED] - tap(findTestObject("Parte1/agregar/android.widget.ImageView (2)"), 0): Tapped on element 'Object Repository/Parte1/agregar/android.widget.ImageView (2)'

2023-09-22 08:33:45 - [MESSAGE][WARNING] - Timeout '0' is invalid. Using default page load timeout: '30'

2023-09-22 08:33:46 - [MESSAGE][PASSED] - Tapped on element 'Object Repository/Parte1/agregar/android.widget.ImageView (2)'

2023-09-22 08:33:46 - [TEST_STEP][PASSED] - setText(findTestObject("Object Repository/Parte1/agregar/android.widget.EditText - Busca por apodo"), "elpromax11", 1): Text 'elpromax11' has been set to element 'Object Repository/Parte1/agregar/android.widget.EditText - Busca por apodo'

2023-09-22 08:33:50 - [MESSAGE][PASSED] - Text 'elpromax11' has been set to element 'Object Repository/Parte1/agregar/android.widget.EditText - Busca por apodo'

2023-09-22 08:33:50 - [TEST_STEP][PASSED] - tap(findTestObject("Object Repository/Parte1/agregar/android.widget.Button - AGREGAR"), 1): Tapped on element 'Object Repository/Parte1/agregar/android.widget.Button - AGREGAR'

2023-09-22 08:33:52 - [MESSAGE][PASSED] - Tapped on element 'Object Repository/Parte1/agregar/android.widget.Button - AGREGAR'

2023-09-22 08:33:52 - [TEST_STEP][PASSED] - delay(3, CONTINUE_ON_FAILURE): Delayed 3 second(s)

2023-09-22 08:33:55 - [MESSAGE][PASSED] - Delayed 3 second(s)

2023-09-22 08:33:55 - [TEST_STEP][PASSED] - tap(findTestObject("Parte1/agregar/android.widget.Button"), 1): Tapped on element 'Object Repository/Parte1/agregar/android.widget.Button'

2023-09-22 08:33:55 - [MESSAGE][PASSED] - Tapped on element 'Object Repository/Parte1/agregar/android.widget.Button'

2023-09-22 08:33:55 - [TEST_STEP][PASSED] - delay(3, CONTINUE_ON_FAILURE): Delayed 3 second(s)

2023-09-22 08:33:58 - [MESSAGE][PASSED] - Delayed 3 second(s)

2023-09-22 08:33:58 - [TEST_STEP][PASSED] - tap(findTestObject("Object Repository/Parte1/agregar/android.widget.ImageButton"), 0): Tapped on element 'Object Repository/Parte1/agregar/android.widget.ImageButton'

2023-09-22 08:33:58 - [MESSAGE][WARNING] - Timeout '0' is invalid. Using default page load timeout: '30'

2023-09-22 08:33:58 - [MESSAGE][PASSED] - Tapped on element 'Object Repository/Parte1/agregar/android.widget.ImageButton'

2023-09-22 08:33:58 - [TEST_STEP][PASSED] - waitForElementPresent(findTestObject("Object Repository/Parte1/agregar/androidx.recyclerview.widget.RecyclerView"), 0): Element 'Object Repository/Parte1/agregar/androidx.recyclerview.widget.RecyclerView' is present

2023-09-22 08:33:59 - [MESSAGE][WARNING] - Timeout '0' is invalid. Using default page load timeout: '30'

2023-09-22 08:34:15 - [MESSAGE][PASSED] - Element 'Object Repository/Parte1/agregar/androidx.recyclerview.widget.RecyclerView' is present

2023-09-22 08:34:15 - [TEST_STEP][PASSED] - tap(findTestObject("Parte1/agregar/android.view.ViewGroup (2)"), 0): Tapped on element 'Object Repository/Parte1/agregar/android.view.ViewGroup (2)'

2023-09-22 08:34:15 - [MESSAGE][WARNING] - Timeout '0' is invalid. Using default page load timeout: '30'

2023-09-22 08:34:15 - [MESSAGE][PASSED] - Tapped on element 'Object Repository/Parte1/agregar/android.view.ViewGroup (2)'

2023-09-22 08:34:15 - [TEST_STEP][PASSED] - tap(findTestObject("Object Repository/Parte1/agregar/android.widget.ImageButton (1)"), 0): Tapped on element 'Object Repository/Parte1/agregar/android.widget.ImageButton (1)'

2023-09-22 08:34:15 - [MESSAGE][WARNING] - Timeout '0' is invalid. Using default page load timeout: '30'

2023-09-22 08:34:59 - [MESSAGE][PASSED] - Tapped on element 'Object Repository/Parte1/agregar/android.widget.ImageButton (1)'

2023-09-22 08:34:59 - [TEST_STEP][PASSED] - delay(3, CONTINUE_ON_FAILURE): Delayed 3 second(s)

2023-09-22 08:35:02 - [MESSAGE][PASSED] - Delayed 3 second(s)

2023-09-22 08:35:02 - [TEST_STEP][PASSED] - tap(findTestObject("Parte1/agregar/android.widget.FrameLayout"), 1): Tapped on element 'Object Repository/Parte1/agregar/android.widget.FrameLayout'

2023-09-22 08:35:03 - [MESSAGE][PASSED] - Tapped on element 'Object Repository/Parte1/agregar/android.widget.FrameLayout'

2023-09-22 08:35:03 - [TEST_STEP][PASSED] - tapAndHold(findTestObject("Parte1/agregar/android.view.ViewGroup (1)"), 3, 1): Tapped and held on element 'Object Repository/Parte1/agregar/android.view.ViewGroup (1)' with duration 3

2023-09-22 08:35:08 - [MESSAGE][PASSED] - Tapped and held on element 'Object Repository/Parte1/agregar/android.view.ViewGroup (1)' with duration 3

2023-09-22 08:35:08 - [TEST_STEP][PASSED] - tap(findTestObject("Object Repository/Parte1/agregar/android.widget.LinearLayout"), 0): Tapped on element 'Object Repository/Parte1/agregar/android.widget.LinearLayout'

2023-09-22 08:35:08 - [MESSAGE][WARNING] - Timeout '0' is invalid. Using default page load timeout: '30'

2023-09-22 08:35:09 - [MESSAGE][PASSED] - Tapped on element 'Object Repository/Parte1/agregar/android.widget.LinearLayout'

2023-09-22 08:35:09 - [TEST_STEP][PASSED] - delay(2, STOP_ON_FAILURE): Delayed 2 second(s)

2023-09-22 08:35:11 - [MESSAGE][PASSED] - Delayed 2 second(s)

2023-09-22 08:35:11 - [TEST_STEP][PASSED] - tap(findTestObject("Object Repository/Parte1/agregar/android.widget.Button - Aceptar"), 1): Tapped on element 'Object Repository/Parte1/agregar/android.widget.Button - Aceptar'

2023-09-22 08:35:11 - [MESSAGE][PASSED] - Tapped on element 'Object Repository/Parte1/agregar/android.widget.Button - Aceptar'

2023-09-22 08:35:11 - [TEST_STEP][PASSED] - tap(findTestObject("Object Repository/Parte1/agregar/android.widget.FrameLayout (1)"), 1): Tapped on element 'Object Repository/Parte1/agregar/android.widget.FrameLayout (1)'

2023-09-22 08:35:13 - [MESSAGE][PASSED] - Tapped on element 'Object Repository/Parte1/agregar/android.widget.FrameLayout (1)'

2023-09-22 08:35:13 - [TEST_STEP][PASSED] - delay(2, STOP_ON_FAILURE): Delayed 2 second(s)

2023-09-22 08:35:15 - [MESSAGE][PASSED] - Delayed 2 second(s)]]></system-out>
         <system-err><![CDATA[]]></system-err>
      </testcase>
      <testcase name="Test Cases/Parte1/Envio de mensajes/CPN40" time="24.634" classname="Test Cases/Parte1/Envio de mensajes/CPN40" status="PASSED">
         <system-out><![CDATA[2023-09-22 08:35:15 - [TEST_CASE][PASSED] - Test Cases/Parte1/Envio de mensajes/CPN40: Test Cases/Parte1/Envio de mensajes/CPN40

2023-09-22 08:35:15 - [TEST_STEP][PASSED] - tap(findTestObject("Object Repository/Parte1/Envio de mensajes/CPN40/android.view.ViewGroup (2)"), 0): Tapped on element 'Object Repository/Parte1/Envio de mensajes/CPN40/android.view.ViewGroup (2)'

2023-09-22 08:35:15 - [MESSAGE][WARNING] - Timeout '0' is invalid. Using default page load timeout: '30'

2023-09-22 08:35:15 - [MESSAGE][PASSED] - Tapped on element 'Object Repository/Parte1/Envio de mensajes/CPN40/android.view.ViewGroup (2)'

2023-09-22 08:35:15 - [TEST_STEP][PASSED] - tap(findTestObject("Object Repository/Parte1/Envio de mensajes/CPN40/android.widget.FrameLayout (2)"), 0): Tapped on element 'Object Repository/Parte1/Envio de mensajes/CPN40/android.widget.FrameLayout (2)'

2023-09-22 08:35:15 - [MESSAGE][WARNING] - Timeout '0' is invalid. Using default page load timeout: '30'

2023-09-22 08:35:16 - [MESSAGE][PASSED] - Tapped on element 'Object Repository/Parte1/Envio de mensajes/CPN40/android.widget.FrameLayout (2)'

2023-09-22 08:35:16 - [TEST_STEP][PASSED] - tap(findTestObject("Object Repository/Parte1/Envio de mensajes/CPN40/android.widget.RadioButton - 1 minuto"), 100): Tapped on element 'Object Repository/Parte1/Envio de mensajes/CPN40/android.widget.RadioButton - 1 minuto'

2023-09-22 08:35:17 - [MESSAGE][PASSED] - Tapped on element 'Object Repository/Parte1/Envio de mensajes/CPN40/android.widget.RadioButton - 1 minuto'

2023-09-22 08:35:17 - [TEST_STEP][PASSED] - tap(findTestObject("Object Repository/Parte1/Envio de mensajes/CPN40/android.widget.Button - Aceptar"), 100): Tapped on element 'Object Repository/Parte1/Envio de mensajes/CPN40/android.widget.Button - Aceptar'

2023-09-22 08:35:18 - [MESSAGE][PASSED] - Tapped on element 'Object Repository/Parte1/Envio de mensajes/CPN40/android.widget.Button - Aceptar'

2023-09-22 08:35:18 - [TEST_STEP][PASSED] - tap(findTestObject("Object Repository/Parte1/Envio de mensajes/CPN40/android.widget.EditText - Escribir mensaje"), 100): Tapped on element 'Object Repository/Parte1/Envio de mensajes/CPN40/android.widget.EditText - Escribir mensaje'

2023-09-22 08:35:20 - [MESSAGE][PASSED] - Tapped on element 'Object Repository/Parte1/Envio de mensajes/CPN40/android.widget.EditText - Escribir mensaje'

2023-09-22 08:35:20 - [TEST_STEP][PASSED] - setText(findTestObject("Object Repository/Parte1/Envio de mensajes/CPN40/android.widget.EditText - Escribir mensaje (1)"), "mensaje1", 0): Text 'mensaje1' has been set to element 'Object Repository/Parte1/Envio de mensajes/CPN40/android.widget.EditText - Escribir mensaje (1)'

2023-09-22 08:35:20 - [MESSAGE][WARNING] - Timeout '0' is invalid. Using default page load timeout: '30'

2023-09-22 08:35:23 - [MESSAGE][PASSED] - Text 'mensaje1' has been set to element 'Object Repository/Parte1/Envio de mensajes/CPN40/android.widget.EditText - Escribir mensaje (1)'

2023-09-22 08:35:23 - [TEST_STEP][PASSED] - tap(findTestObject("Object Repository/Parte1/Envio de mensajes/CPN40/android.widget.ImageButton"), 100): Tapped on element 'Object Repository/Parte1/Envio de mensajes/CPN40/android.widget.ImageButton'

2023-09-22 08:35:23 - [MESSAGE][PASSED] - Tapped on element 'Object Repository/Parte1/Envio de mensajes/CPN40/android.widget.ImageButton'

2023-09-22 08:35:23 - [TEST_STEP][PASSED] - delay(2, STOP_ON_FAILURE): Delayed 2 second(s)

2023-09-22 08:35:25 - [MESSAGE][PASSED] - Delayed 2 second(s)

2023-09-22 08:35:25 - [TEST_STEP][PASSED] - setText(findTestObject("Parte1/Envio de mensajes/CPN40/android.widget.EditText - Escribir mensaje (1)"), "mensaje2", 0): Text 'mensaje2' has been set to element 'Object Repository/Parte1/Envio de mensajes/CPN40/android.widget.EditText - Escribir mensaje (1)'

2023-09-22 08:35:25 - [MESSAGE][WARNING] - Timeout '0' is invalid. Using default page load timeout: '30'

2023-09-22 08:35:27 - [MESSAGE][PASSED] - Text 'mensaje2' has been set to element 'Object Repository/Parte1/Envio de mensajes/CPN40/android.widget.EditText - Escribir mensaje (1)'

2023-09-22 08:35:27 - [TEST_STEP][PASSED] - tap(findTestObject("Parte1/Envio de mensajes/CPN40/android.widget.ImageButton"), 100): Tapped on element 'Object Repository/Parte1/Envio de mensajes/CPN40/android.widget.ImageButton'

2023-09-22 08:35:28 - [MESSAGE][PASSED] - Tapped on element 'Object Repository/Parte1/Envio de mensajes/CPN40/android.widget.ImageButton'

2023-09-22 08:35:28 - [TEST_STEP][PASSED] - delay(2, STOP_ON_FAILURE): Delayed 2 second(s)

2023-09-22 08:35:30 - [MESSAGE][PASSED] - Delayed 2 second(s)

2023-09-22 08:35:30 - [TEST_STEP][PASSED] - setText(findTestObject("Parte1/Envio de mensajes/CPN40/android.widget.EditText - Escribir mensaje (1)"), "mensaje3", 0): Text 'mensaje3' has been set to element 'Object Repository/Parte1/Envio de mensajes/CPN40/android.widget.EditText - Escribir mensaje (1)'

2023-09-22 08:35:30 - [MESSAGE][WARNING] - Timeout '0' is invalid. Using default page load timeout: '30'

2023-09-22 08:35:31 - [MESSAGE][PASSED] - Text 'mensaje3' has been set to element 'Object Repository/Parte1/Envio de mensajes/CPN40/android.widget.EditText - Escribir mensaje (1)'

2023-09-22 08:35:31 - [TEST_STEP][PASSED] - tap(findTestObject("Parte1/Envio de mensajes/CPN40/android.widget.ImageButton"), 100): Tapped on element 'Object Repository/Parte1/Envio de mensajes/CPN40/android.widget.ImageButton'

2023-09-22 08:35:32 - [MESSAGE][PASSED] - Tapped on element 'Object Repository/Parte1/Envio de mensajes/CPN40/android.widget.ImageButton'

2023-09-22 08:35:32 - [TEST_STEP][PASSED] - delay(2, STOP_ON_FAILURE): Delayed 2 second(s)

2023-09-22 08:35:34 - [MESSAGE][PASSED] - Delayed 2 second(s)

2023-09-22 08:35:34 - [TEST_STEP][PASSED] - setText(findTestObject("Parte1/Envio de mensajes/CPN40/android.widget.EditText - Escribir mensaje (1)"), "mensaje4", 0): Text 'mensaje4' has been set to element 'Object Repository/Parte1/Envio de mensajes/CPN40/android.widget.EditText - Escribir mensaje (1)'

2023-09-22 08:35:34 - [MESSAGE][WARNING] - Timeout '0' is invalid. Using default page load timeout: '30'

2023-09-22 08:35:35 - [MESSAGE][PASSED] - Text 'mensaje4' has been set to element 'Object Repository/Parte1/Envio de mensajes/CPN40/android.widget.EditText - Escribir mensaje (1)'

2023-09-22 08:35:35 - [TEST_STEP][PASSED] - tap(findTestObject("Parte1/Envio de mensajes/CPN40/android.widget.ImageButton"), 100): Tapped on element 'Object Repository/Parte1/Envio de mensajes/CPN40/android.widget.ImageButton'

2023-09-22 08:35:36 - [MESSAGE][PASSED] - Tapped on element 'Object Repository/Parte1/Envio de mensajes/CPN40/android.widget.ImageButton'

2023-09-22 08:35:36 - [TEST_STEP][PASSED] - tap(findTestObject("Object Repository/Parte1/Envio de mensajes/CPN40/android.widget.ImageButton (1)"), 100): Tapped on element 'Object Repository/Parte1/Envio de mensajes/CPN40/android.widget.ImageButton (1)'

2023-09-22 08:35:37 - [MESSAGE][PASSED] - Tapped on element 'Object Repository/Parte1/Envio de mensajes/CPN40/android.widget.ImageButton (1)'

2023-09-22 08:35:37 - [TEST_STEP][PASSED] - delay(2, STOP_ON_FAILURE): Delayed 2 second(s)

2023-09-22 08:35:39 - [MESSAGE][PASSED] - Delayed 2 second(s)]]></system-out>
         <system-err><![CDATA[]]></system-err>
      </testcase>
      <testcase name="Test Cases/Parte1/Envio de mensajes/CPN76" time="33.972" classname="Test Cases/Parte1/Envio de mensajes/CPN76" status="PASSED">
         <system-out><![CDATA[2023-09-22 08:35:39 - [TEST_CASE][PASSED] - Test Cases/Parte1/Envio de mensajes/CPN76: Test Cases/Parte1/Envio de mensajes/CPN76

2023-09-22 08:35:39 - [TEST_STEP][PASSED] - tap(findTestObject("Object Repository/Parte1/Envio de mensajes/CPN76/android.widget.FrameLayout"), 1): Tapped on element 'Object Repository/Parte1/Envio de mensajes/CPN76/android.widget.FrameLayout'

2023-09-22 08:35:40 - [MESSAGE][PASSED] - Tapped on element 'Object Repository/Parte1/Envio de mensajes/CPN76/android.widget.FrameLayout'

2023-09-22 08:35:40 - [TEST_STEP][PASSED] - delay(3, CONTINUE_ON_FAILURE): Delayed 3 second(s)

2023-09-22 08:35:43 - [MESSAGE][PASSED] - Delayed 3 second(s)

2023-09-22 08:35:43 - [TEST_STEP][PASSED] - tap(findTestObject("Parte1/Envio de mensajes/CPN76/android.view.ViewGroup"), 0): Tapped on element 'Object Repository/Parte1/Envio de mensajes/CPN76/android.view.ViewGroup'

2023-09-22 08:35:43 - [MESSAGE][WARNING] - Timeout '0' is invalid. Using default page load timeout: '30'

2023-09-22 08:35:44 - [MESSAGE][PASSED] - Tapped on element 'Object Repository/Parte1/Envio de mensajes/CPN76/android.view.ViewGroup'

2023-09-22 08:35:44 - [TEST_STEP][PASSED] - tapAndHold(findTestObject("Parte1/Envio de mensajes/CPN76/android.widget.ImageButton"), 8, 0): Tapped and held on element 'Object Repository/Parte1/Envio de mensajes/CPN76/android.widget.ImageButton' with duration 8

2023-09-22 08:35:44 - [MESSAGE][WARNING] - Timeout '0' is invalid. Using default page load timeout: '30'

2023-09-22 08:35:54 - [MESSAGE][PASSED] - Tapped and held on element 'Object Repository/Parte1/Envio de mensajes/CPN76/android.widget.ImageButton' with duration 8

2023-09-22 08:35:54 - [TEST_STEP][PASSED] - tapAndHold(findTestObject("Parte1/Envio de mensajes/CPN76/android.widget.ImageButton"), 15, 0): Tapped and held on element 'Object Repository/Parte1/Envio de mensajes/CPN76/android.widget.ImageButton' with duration 15

2023-09-22 08:35:54 - [MESSAGE][WARNING] - Timeout '0' is invalid. Using default page load timeout: '30'

2023-09-22 08:36:12 - [MESSAGE][PASSED] - Tapped and held on element 'Object Repository/Parte1/Envio de mensajes/CPN76/android.widget.ImageButton' with duration 15

2023-09-22 08:36:12 - [TEST_STEP][PASSED] - tap(findTestObject("Parte1/Envio de mensajes/CPN76/android.widget.ImageButton (1)"), 0): Tapped on element 'Object Repository/Parte1/Envio de mensajes/CPN76/android.widget.ImageButton (1)'

2023-09-22 08:36:12 - [MESSAGE][WARNING] - Timeout '0' is invalid. Using default page load timeout: '30'

2023-09-22 08:36:13 - [MESSAGE][PASSED] - Tapped on element 'Object Repository/Parte1/Envio de mensajes/CPN76/android.widget.ImageButton (1)']]></system-out>
         <system-err><![CDATA[]]></system-err>
      </testcase>
      <testcase name="Test Cases/Parte1/Envio de mensajes/CPN85" time="40.6" classname="Test Cases/Parte1/Envio de mensajes/CPN85" status="PASSED">
         <system-out><![CDATA[2023-09-22 08:36:13 - [TEST_CASE][PASSED] - Test Cases/Parte1/Envio de mensajes/CPN85: Test Cases/Parte1/Envio de mensajes/CPN85

2023-09-22 08:36:13 - [TEST_STEP][PASSED] - delay(4, CONTINUE_ON_FAILURE): Delayed 4 second(s)

2023-09-22 08:36:17 - [MESSAGE][PASSED] - Delayed 4 second(s)

2023-09-22 08:36:17 - [TEST_STEP][PASSED] - tap(findTestObject("Object Repository/Parte1/Envio de mensajes/CPN85/android.view.ViewGroup"), 0): Tapped on element 'Object Repository/Parte1/Envio de mensajes/CPN85/android.view.ViewGroup'

2023-09-22 08:36:17 - [MESSAGE][WARNING] - Timeout '0' is invalid. Using default page load timeout: '30'

2023-09-22 08:36:20 - [MESSAGE][PASSED] - Tapped on element 'Object Repository/Parte1/Envio de mensajes/CPN85/android.view.ViewGroup'

2023-09-22 08:36:20 - [TEST_STEP][PASSED] - tap(findTestObject("Object Repository/Parte1/Envio de mensajes/CPN85/android.widget.ImageButton"), 1): Tapped on element 'Object Repository/Parte1/Envio de mensajes/CPN85/android.widget.ImageButton'

2023-09-22 08:36:21 - [MESSAGE][PASSED] - Tapped on element 'Object Repository/Parte1/Envio de mensajes/CPN85/android.widget.ImageButton'

2023-09-22 08:36:21 - [TEST_STEP][PASSED] - tap(findTestObject("Object Repository/Parte1/Envio de mensajes/CPN85/android.widget.SeekBar - 0.0"), 0): Tapped on element 'Object Repository/Parte1/Envio de mensajes/CPN85/android.widget.SeekBar - 0.0'

2023-09-22 08:36:21 - [MESSAGE][WARNING] - Timeout '0' is invalid. Using default page load timeout: '30'

2023-09-22 08:36:22 - [MESSAGE][PASSED] - Tapped on element 'Object Repository/Parte1/Envio de mensajes/CPN85/android.widget.SeekBar - 0.0'

2023-09-22 08:36:22 - [TEST_STEP][PASSED] - tap(findTestObject("Object Repository/Parte1/Envio de mensajes/CPN85/android.widget.ImageButton (1)"), 1): Tapped on element 'Object Repository/Parte1/Envio de mensajes/CPN85/android.widget.ImageButton (1)'

2023-09-22 08:36:23 - [MESSAGE][PASSED] - Tapped on element 'Object Repository/Parte1/Envio de mensajes/CPN85/android.widget.ImageButton (1)'

2023-09-22 08:36:23 - [TEST_STEP][PASSED] - tap(findTestObject("Object Repository/Parte1/Envio de mensajes/CPN85/android.widget.ImageButton (2)"), 0): Tapped on element 'Object Repository/Parte1/Envio de mensajes/CPN85/android.widget.ImageButton (2)'

2023-09-22 08:36:23 - [MESSAGE][WARNING] - Timeout '0' is invalid. Using default page load timeout: '30'

2023-09-22 08:36:27 - [MESSAGE][PASSED] - Tapped on element 'Object Repository/Parte1/Envio de mensajes/CPN85/android.widget.ImageButton (2)'

2023-09-22 08:36:27 - [TEST_STEP][PASSED] - tap(findTestObject("Parte1/Envio de mensajes/CPN85/android.widget.ImageButton"), 1): Tapped on element 'Object Repository/Parte1/Envio de mensajes/CPN85/android.widget.ImageButton'

2023-09-22 08:36:29 - [MESSAGE][PASSED] - Tapped on element 'Object Repository/Parte1/Envio de mensajes/CPN85/android.widget.ImageButton'

2023-09-22 08:36:29 - [TEST_STEP][PASSED] - tap(findTestObject("Object Repository/Parte1/Envio de mensajes/CPN85/android.widget.ImageButton (3)"), 0): Tapped on element 'Object Repository/Parte1/Envio de mensajes/CPN85/android.widget.ImageButton (3)'

2023-09-22 08:36:29 - [MESSAGE][WARNING] - Timeout '0' is invalid. Using default page load timeout: '30'

2023-09-22 08:36:30 - [MESSAGE][PASSED] - Tapped on element 'Object Repository/Parte1/Envio de mensajes/CPN85/android.widget.ImageButton (3)'

2023-09-22 08:36:30 - [TEST_STEP][PASSED] - tap(findTestObject("Parte1/Envio de mensajes/CPN85/android.widget.SeekBar - 0.0"), 0): Tapped on element 'Object Repository/Parte1/Envio de mensajes/CPN85/android.widget.SeekBar - 0.0'

2023-09-22 08:36:30 - [MESSAGE][WARNING] - Timeout '0' is invalid. Using default page load timeout: '30'

2023-09-22 08:36:31 - [MESSAGE][PASSED] - Tapped on element 'Object Repository/Parte1/Envio de mensajes/CPN85/android.widget.SeekBar - 0.0'

2023-09-22 08:36:31 - [TEST_STEP][PASSED] - tap(findTestObject("Parte1/Envio de mensajes/CPN85/android.widget.ImageButton (1)"), 1): Tapped on element 'Object Repository/Parte1/Envio de mensajes/CPN85/android.widget.ImageButton (1)'

2023-09-22 08:36:31 - [MESSAGE][PASSED] - Tapped on element 'Object Repository/Parte1/Envio de mensajes/CPN85/android.widget.ImageButton (1)'

2023-09-22 08:36:31 - [TEST_STEP][PASSED] - tap(findTestObject("Parte1/Envio de mensajes/CPN85/android.widget.ImageButton (2)"), 0): Tapped on element 'Object Repository/Parte1/Envio de mensajes/CPN85/android.widget.ImageButton (2)'

2023-09-22 08:36:31 - [MESSAGE][WARNING] - Timeout '0' is invalid. Using default page load timeout: '30'

2023-09-22 08:36:35 - [MESSAGE][PASSED] - Tapped on element 'Object Repository/Parte1/Envio de mensajes/CPN85/android.widget.ImageButton (2)'

2023-09-22 08:36:35 - [TEST_STEP][PASSED] - tap(findTestObject("Parte1/Envio de mensajes/CPN85/android.widget.ImageButton"), 1): Tapped on element 'Object Repository/Parte1/Envio de mensajes/CPN85/android.widget.ImageButton'

2023-09-22 08:36:37 - [MESSAGE][PASSED] - Tapped on element 'Object Repository/Parte1/Envio de mensajes/CPN85/android.widget.ImageButton'

2023-09-22 08:36:37 - [TEST_STEP][PASSED] - tap(findTestObject("Object Repository/Parte1/Envio de mensajes/CPN85/android.widget.ImageButton (4)"), 0): Tapped on element 'Object Repository/Parte1/Envio de mensajes/CPN85/android.widget.ImageButton (4)'

2023-09-22 08:36:38 - [MESSAGE][WARNING] - Timeout '0' is invalid. Using default page load timeout: '30'

2023-09-22 08:36:38 - [MESSAGE][PASSED] - Tapped on element 'Object Repository/Parte1/Envio de mensajes/CPN85/android.widget.ImageButton (4)'

2023-09-22 08:36:38 - [TEST_STEP][PASSED] - delay(1, CONTINUE_ON_FAILURE): Delayed 1 second(s)

2023-09-22 08:36:39 - [MESSAGE][PASSED] - Delayed 1 second(s)

2023-09-22 08:36:39 - [TEST_STEP][PASSED] - tap(findTestObject("Parte1/Envio de mensajes/CPN85/android.widget.ImageButton (1)"), 1): Tapped on element 'Object Repository/Parte1/Envio de mensajes/CPN85/android.widget.ImageButton (1)'

2023-09-22 08:36:39 - [MESSAGE][PASSED] - Tapped on element 'Object Repository/Parte1/Envio de mensajes/CPN85/android.widget.ImageButton (1)'

2023-09-22 08:36:39 - [TEST_STEP][PASSED] - delay(1, CONTINUE_ON_FAILURE): Delayed 1 second(s)

2023-09-22 08:36:40 - [MESSAGE][PASSED] - Delayed 1 second(s)

2023-09-22 08:36:40 - [TEST_STEP][PASSED] - tap(findTestObject("Parte1/Envio de mensajes/CPN85/android.widget.ImageButton (2)"), 0): Tapped on element 'Object Repository/Parte1/Envio de mensajes/CPN85/android.widget.ImageButton (2)'

2023-09-22 08:36:40 - [MESSAGE][WARNING] - Timeout '0' is invalid. Using default page load timeout: '30'

2023-09-22 08:36:41 - [MESSAGE][PASSED] - Tapped on element 'Object Repository/Parte1/Envio de mensajes/CPN85/android.widget.ImageButton (2)'

2023-09-22 08:36:41 - [TEST_STEP][PASSED] - tap(findTestObject("Parte1/Envio de mensajes/CPN85/android.widget.ImageButton"), 1): Tapped on element 'Object Repository/Parte1/Envio de mensajes/CPN85/android.widget.ImageButton'

2023-09-22 08:36:42 - [MESSAGE][PASSED] - Tapped on element 'Object Repository/Parte1/Envio de mensajes/CPN85/android.widget.ImageButton'

2023-09-22 08:36:42 - [TEST_STEP][PASSED] - tap(findTestObject("Parte1/Envio de mensajes/CPN85/android.widget.ImageButton (4)"), 1): Tapped on element 'Object Repository/Parte1/Envio de mensajes/CPN85/android.widget.ImageButton (4)'

2023-09-22 08:36:44 - [MESSAGE][PASSED] - Tapped on element 'Object Repository/Parte1/Envio de mensajes/CPN85/android.widget.ImageButton (4)'

2023-09-22 08:36:44 - [TEST_STEP][PASSED] - tap(findTestObject("Parte1/Envio de mensajes/CPN85/android.widget.ImageButton (3)"), 0): Tapped on element 'Object Repository/Parte1/Envio de mensajes/CPN85/android.widget.ImageButton (3)'

2023-09-22 08:36:44 - [MESSAGE][WARNING] - Timeout '0' is invalid. Using default page load timeout: '30'

2023-09-22 08:36:45 - [MESSAGE][PASSED] - Tapped on element 'Object Repository/Parte1/Envio de mensajes/CPN85/android.widget.ImageButton (3)'

2023-09-22 08:36:45 - [TEST_STEP][PASSED] - tap(findTestObject("Parte1/Envio de mensajes/CPN85/android.widget.ImageButton (1)"), 1): Tapped on element 'Object Repository/Parte1/Envio de mensajes/CPN85/android.widget.ImageButton (1)'

2023-09-22 08:36:46 - [MESSAGE][PASSED] - Tapped on element 'Object Repository/Parte1/Envio de mensajes/CPN85/android.widget.ImageButton (1)'

2023-09-22 08:36:46 - [TEST_STEP][PASSED] - tap(findTestObject("Parte1/Envio de mensajes/CPN85/android.widget.ImageButton (2)"), 0): Tapped on element 'Object Repository/Parte1/Envio de mensajes/CPN85/android.widget.ImageButton (2)'

2023-09-22 08:36:46 - [MESSAGE][WARNING] - Timeout '0' is invalid. Using default page load timeout: '30'

2023-09-22 08:36:48 - [MESSAGE][PASSED] - Tapped on element 'Object Repository/Parte1/Envio de mensajes/CPN85/android.widget.ImageButton (2)'

2023-09-22 08:36:48 - [TEST_STEP][PASSED] - delay(3, CONTINUE_ON_FAILURE): Delayed 3 second(s)

2023-09-22 08:36:51 - [MESSAGE][PASSED] - Delayed 3 second(s)

2023-09-22 08:36:51 - [TEST_STEP][PASSED] - tap(findTestObject("Object Repository/Parte1/Envio de mensajes/CPN85/android.widget.ImageButton (5)"), 0): Tapped on element 'Object Repository/Parte1/Envio de mensajes/CPN85/android.widget.ImageButton (5)'

2023-09-22 08:36:51 - [MESSAGE][WARNING] - Timeout '0' is invalid. Using default page load timeout: '30'

2023-09-22 08:36:54 - [MESSAGE][PASSED] - Tapped on element 'Object Repository/Parte1/Envio de mensajes/CPN85/android.widget.ImageButton (5)']]></system-out>
         <system-err><![CDATA[]]></system-err>
      </testcase>
      <testcase name="Test Cases/Parte1/Envio de mensajes/CPN94" time="90.525" classname="Test Cases/Parte1/Envio de mensajes/CPN94" status="PASSED">
         <system-out><![CDATA[2023-09-22 08:36:54 - [TEST_CASE][PASSED] - Test Cases/Parte1/Envio de mensajes/CPN94: Test Cases/Parte1/Envio de mensajes/CPN94

2023-09-22 08:36:54 - [TEST_STEP][PASSED] - delay(3, CONTINUE_ON_FAILURE): Delayed 3 second(s)

2023-09-22 08:36:57 - [MESSAGE][PASSED] - Delayed 3 second(s)

2023-09-22 08:36:57 - [TEST_STEP][PASSED] - tap(findTestObject("Parte1/Envio de mensajes/CPN94/android.view.ViewGroup"), 0): Tapped on element 'Object Repository/Parte1/Envio de mensajes/CPN94/android.view.ViewGroup'

2023-09-22 08:36:57 - [MESSAGE][WARNING] - Timeout '0' is invalid. Using default page load timeout: '30'

2023-09-22 08:36:57 - [MESSAGE][PASSED] - Tapped on element 'Object Repository/Parte1/Envio de mensajes/CPN94/android.view.ViewGroup'

2023-09-22 08:36:57 - [TEST_STEP][PASSED] - tap(findTestObject("Object Repository/Parte1/Envio de mensajes/CPN94/android.widget.ImageButton"), 1): Tapped on element 'Object Repository/Parte1/Envio de mensajes/CPN94/android.widget.ImageButton'

2023-09-22 08:36:59 - [MESSAGE][PASSED] - Tapped on element 'Object Repository/Parte1/Envio de mensajes/CPN94/android.widget.ImageButton'

2023-09-22 08:36:59 - [TEST_STEP][PASSED] - tapAndHold(findTestObject("Object Repository/Parte1/Envio de mensajes/CPN94/android.widget.ImageButton (1)"), 6, 0): Tapped and held on element 'Object Repository/Parte1/Envio de mensajes/CPN94/android.widget.ImageButton (1)' with duration 6

2023-09-22 08:36:59 - [MESSAGE][WARNING] - Timeout '0' is invalid. Using default page load timeout: '30'

2023-09-22 08:37:08 - [MESSAGE][PASSED] - Tapped and held on element 'Object Repository/Parte1/Envio de mensajes/CPN94/android.widget.ImageButton (1)' with duration 6

2023-09-22 08:37:08 - [TEST_STEP][PASSED] - tap(findTestObject("Object Repository/Parte1/Envio de mensajes/CPN94/android.widget.ImageButton (2)"), 1): Tapped on element 'Object Repository/Parte1/Envio de mensajes/CPN94/android.widget.ImageButton (2)'

2023-09-22 08:37:08 - [MESSAGE][PASSED] - Tapped on element 'Object Repository/Parte1/Envio de mensajes/CPN94/android.widget.ImageButton (2)'

2023-09-22 08:37:08 - [TEST_STEP][PASSED] - tap(findTestObject("Parte1/Envio de mensajes/CPN94/android.widget.ImageButton"), 1): Tapped on element 'Object Repository/Parte1/Envio de mensajes/CPN94/android.widget.ImageButton'

2023-09-22 08:37:11 - [MESSAGE][PASSED] - Tapped on element 'Object Repository/Parte1/Envio de mensajes/CPN94/android.widget.ImageButton'

2023-09-22 08:37:11 - [TEST_STEP][PASSED] - tap(findTestObject("Object Repository/Parte1/Envio de mensajes/CPN94/android.widget.ImageButton (3)"), 600): Tapped on element 'Object Repository/Parte1/Envio de mensajes/CPN94/android.widget.ImageButton (3)'

2023-09-22 08:37:12 - [MESSAGE][PASSED] - Tapped on element 'Object Repository/Parte1/Envio de mensajes/CPN94/android.widget.ImageButton (3)'

2023-09-22 08:37:12 - [TEST_STEP][PASSED] - tap(findTestObject("Object Repository/Parte1/Envio de mensajes/CPN94/android.widget.SeekBar - 0.0"), 0): Tapped on element 'Object Repository/Parte1/Envio de mensajes/CPN94/android.widget.SeekBar - 0.0'

2023-09-22 08:37:12 - [MESSAGE][WARNING] - Timeout '0' is invalid. Using default page load timeout: '30'

2023-09-22 08:37:12 - [MESSAGE][PASSED] - Tapped on element 'Object Repository/Parte1/Envio de mensajes/CPN94/android.widget.SeekBar - 0.0'

2023-09-22 08:37:12 - [TEST_STEP][PASSED] - tapAndHold(findTestObject("Parte1/Envio de mensajes/CPN94/android.widget.ImageButton (1)"), 8, 0): Tapped and held on element 'Object Repository/Parte1/Envio de mensajes/CPN94/android.widget.ImageButton (1)' with duration 8

2023-09-22 08:37:12 - [MESSAGE][WARNING] - Timeout '0' is invalid. Using default page load timeout: '30'

2023-09-22 08:37:23 - [MESSAGE][PASSED] - Tapped and held on element 'Object Repository/Parte1/Envio de mensajes/CPN94/android.widget.ImageButton (1)' with duration 8

2023-09-22 08:37:23 - [TEST_STEP][PASSED] - tap(findTestObject("Object Repository/Parte1/Envio de mensajes/CPN94/android.widget.EditText - Escribir mensaje"), 0): Tapped on element 'Object Repository/Parte1/Envio de mensajes/CPN94/android.widget.EditText - Escribir mensaje'

2023-09-22 08:37:23 - [MESSAGE][WARNING] - Timeout '0' is invalid. Using default page load timeout: '30'

2023-09-22 08:37:25 - [MESSAGE][PASSED] - Tapped on element 'Object Repository/Parte1/Envio de mensajes/CPN94/android.widget.EditText - Escribir mensaje'

2023-09-22 08:37:25 - [TEST_STEP][PASSED] - setText(findTestObject("Object Repository/Parte1/Envio de mensajes/CPN94/android.widget.EditText - Escribir mensaje (1)"), "Prueba video", 0): Text 'Prueba video' has been set to element 'Object Repository/Parte1/Envio de mensajes/CPN94/android.widget.EditText - Escribir mensaje (1)'

2023-09-22 08:37:25 - [MESSAGE][WARNING] - Timeout '0' is invalid. Using default page load timeout: '30'

2023-09-22 08:37:26 - [MESSAGE][PASSED] - Text 'Prueba video' has been set to element 'Object Repository/Parte1/Envio de mensajes/CPN94/android.widget.EditText - Escribir mensaje (1)'

2023-09-22 08:37:26 - [TEST_STEP][PASSED] - hideKeyboard(): Keyboard is hidden

2023-09-22 08:37:29 - [MESSAGE][PASSED] - Keyboard is hidden

2023-09-22 08:37:29 - [TEST_STEP][PASSED] - tap(findTestObject("Parte1/Envio de mensajes/CPN94/android.widget.ImageButton (2)"), 0): Tapped on element 'Object Repository/Parte1/Envio de mensajes/CPN94/android.widget.ImageButton (2)'

2023-09-22 08:37:29 - [MESSAGE][WARNING] - Timeout '0' is invalid. Using default page load timeout: '30'

2023-09-22 08:37:29 - [MESSAGE][PASSED] - Tapped on element 'Object Repository/Parte1/Envio de mensajes/CPN94/android.widget.ImageButton (2)'

2023-09-22 08:37:29 - [TEST_STEP][PASSED] - tap(findTestObject("Parte1/Envio de mensajes/CPN94/android.widget.ImageButton"), 0): Tapped on element 'Object Repository/Parte1/Envio de mensajes/CPN94/android.widget.ImageButton'

2023-09-22 08:37:29 - [MESSAGE][WARNING] - Timeout '0' is invalid. Using default page load timeout: '30'

2023-09-22 08:37:32 - [MESSAGE][PASSED] - Tapped on element 'Object Repository/Parte1/Envio de mensajes/CPN94/android.widget.ImageButton'

2023-09-22 08:37:32 - [TEST_STEP][PASSED] - tap(findTestObject("Object Repository/Parte1/Envio de mensajes/CPN94/android.widget.ImageButton (4)"), 0): Tapped on element 'Object Repository/Parte1/Envio de mensajes/CPN94/android.widget.ImageButton (4)'

2023-09-22 08:37:32 - [MESSAGE][WARNING] - Timeout '0' is invalid. Using default page load timeout: '30'

2023-09-22 08:37:33 - [MESSAGE][PASSED] - Tapped on element 'Object Repository/Parte1/Envio de mensajes/CPN94/android.widget.ImageButton (4)'

2023-09-22 08:37:33 - [TEST_STEP][PASSED] - tapAndHold(findTestObject("Parte1/Envio de mensajes/CPN94/android.widget.ImageButton (1)"), 5, 0): Tapped and held on element 'Object Repository/Parte1/Envio de mensajes/CPN94/android.widget.ImageButton (1)' with duration 5

2023-09-22 08:37:33 - [MESSAGE][WARNING] - Timeout '0' is invalid. Using default page load timeout: '30'

2023-09-22 08:37:40 - [MESSAGE][PASSED] - Tapped and held on element 'Object Repository/Parte1/Envio de mensajes/CPN94/android.widget.ImageButton (1)' with duration 5

2023-09-22 08:37:40 - [TEST_STEP][PASSED] - tap(findTestObject("Parte1/Envio de mensajes/CPN94/android.widget.ImageButton (2)"), 0): Tapped on element 'Object Repository/Parte1/Envio de mensajes/CPN94/android.widget.ImageButton (2)'

2023-09-22 08:37:40 - [MESSAGE][WARNING] - Timeout '0' is invalid. Using default page load timeout: '30'

2023-09-22 08:37:42 - [MESSAGE][PASSED] - Tapped on element 'Object Repository/Parte1/Envio de mensajes/CPN94/android.widget.ImageButton (2)'

2023-09-22 08:37:42 - [TEST_STEP][PASSED] - tap(findTestObject("Parte1/Envio de mensajes/CPN94/android.widget.ImageButton"), 0): Tapped on element 'Object Repository/Parte1/Envio de mensajes/CPN94/android.widget.ImageButton'

2023-09-22 08:37:42 - [MESSAGE][WARNING] - Timeout '0' is invalid. Using default page load timeout: '30'

2023-09-22 08:37:44 - [MESSAGE][PASSED] - Tapped on element 'Object Repository/Parte1/Envio de mensajes/CPN94/android.widget.ImageButton'

2023-09-22 08:37:44 - [TEST_STEP][PASSED] - tap(findTestObject("Parte1/Envio de mensajes/CPN94/android.widget.ImageButton (4)"), 0): Tapped on element 'Object Repository/Parte1/Envio de mensajes/CPN94/android.widget.ImageButton (4)'

2023-09-22 08:37:44 - [MESSAGE][WARNING] - Timeout '0' is invalid. Using default page load timeout: '30'

2023-09-22 08:37:45 - [MESSAGE][PASSED] - Tapped on element 'Object Repository/Parte1/Envio de mensajes/CPN94/android.widget.ImageButton (4)'

2023-09-22 08:37:45 - [TEST_STEP][PASSED] - tapAndHold(findTestObject("Parte1/Envio de mensajes/CPN94/android.widget.ImageButton (1)"), 10, 0): Tapped and held on element 'Object Repository/Parte1/Envio de mensajes/CPN94/android.widget.ImageButton (1)' with duration 10

2023-09-22 08:37:45 - [MESSAGE][WARNING] - Timeout '0' is invalid. Using default page load timeout: '30'

2023-09-22 08:37:58 - [MESSAGE][PASSED] - Tapped and held on element 'Object Repository/Parte1/Envio de mensajes/CPN94/android.widget.ImageButton (1)' with duration 10

2023-09-22 08:37:58 - [TEST_STEP][PASSED] - tap(findTestObject("Parte1/Envio de mensajes/CPN94/android.widget.ImageButton (2)"), 0): Tapped on element 'Object Repository/Parte1/Envio de mensajes/CPN94/android.widget.ImageButton (2)'

2023-09-22 08:37:58 - [MESSAGE][WARNING] - Timeout '0' is invalid. Using default page load timeout: '30'

2023-09-22 08:37:59 - [MESSAGE][PASSED] - Tapped on element 'Object Repository/Parte1/Envio de mensajes/CPN94/android.widget.ImageButton (2)'

2023-09-22 08:37:59 - [TEST_STEP][PASSED] - tap(findTestObject("Parte1/Envio de mensajes/CPN94/android.widget.ImageButton"), 0): Tapped on element 'Object Repository/Parte1/Envio de mensajes/CPN94/android.widget.ImageButton'

2023-09-22 08:37:59 - [MESSAGE][WARNING] - Timeout '0' is invalid. Using default page load timeout: '30'

2023-09-22 08:38:01 - [MESSAGE][PASSED] - Tapped on element 'Object Repository/Parte1/Envio de mensajes/CPN94/android.widget.ImageButton'

2023-09-22 08:38:01 - [TEST_STEP][PASSED] - delay(3, STOP_ON_FAILURE): Delayed 3 second(s)

2023-09-22 08:38:04 - [MESSAGE][PASSED] - Delayed 3 second(s)

2023-09-22 08:38:04 - [TEST_STEP][PASSED] - tap(findTestObject("Parte1/Envio de mensajes/CPN94/android.widget.ImageButton (4)"), 0): Tapped on element 'Object Repository/Parte1/Envio de mensajes/CPN94/android.widget.ImageButton (4)'

2023-09-22 08:38:04 - [MESSAGE][WARNING] - Timeout '0' is invalid. Using default page load timeout: '30'

2023-09-22 08:38:04 - [MESSAGE][PASSED] - Tapped on element 'Object Repository/Parte1/Envio de mensajes/CPN94/android.widget.ImageButton (4)'

2023-09-22 08:38:04 - [TEST_STEP][PASSED] - tapAndHold(findTestObject("Parte1/Envio de mensajes/CPN94/android.widget.ImageButton (1)"), 15, 0): Tapped and held on element 'Object Repository/Parte1/Envio de mensajes/CPN94/android.widget.ImageButton (1)' with duration 15

2023-09-22 08:38:04 - [MESSAGE][WARNING] - Timeout '0' is invalid. Using default page load timeout: '30'

2023-09-22 08:38:22 - [MESSAGE][PASSED] - Tapped and held on element 'Object Repository/Parte1/Envio de mensajes/CPN94/android.widget.ImageButton (1)' with duration 15

2023-09-22 08:38:22 - [TEST_STEP][PASSED] - tap(findTestObject("Parte1/Envio de mensajes/CPN94/android.widget.ImageButton (2)"), 0): Tapped on element 'Object Repository/Parte1/Envio de mensajes/CPN94/android.widget.ImageButton (2)'

2023-09-22 08:38:22 - [MESSAGE][WARNING] - Timeout '0' is invalid. Using default page load timeout: '30'

2023-09-22 08:38:23 - [MESSAGE][PASSED] - Tapped on element 'Object Repository/Parte1/Envio de mensajes/CPN94/android.widget.ImageButton (2)'

2023-09-22 08:38:23 - [TEST_STEP][PASSED] - tap(findTestObject("Parte1/Envio de mensajes/CPN94/android.widget.ImageButton (6)"), 0): Tapped on element 'Object Repository/Parte1/Envio de mensajes/CPN94/android.widget.ImageButton (6)'

2023-09-22 08:38:23 - [MESSAGE][WARNING] - Timeout '0' is invalid. Using default page load timeout: '30'

2023-09-22 08:38:24 - [MESSAGE][PASSED] - Tapped on element 'Object Repository/Parte1/Envio de mensajes/CPN94/android.widget.ImageButton (6)']]></system-out>
         <system-err><![CDATA[]]></system-err>
      </testcase>
      <testcase name="Test Cases/Parte1/Envio de mensajes/CPN103" time="18.001" classname="Test Cases/Parte1/Envio de mensajes/CPN103" status="PASSED">
         <system-out><![CDATA[2023-09-22 08:38:24 - [TEST_CASE][PASSED] - Test Cases/Parte1/Envio de mensajes/CPN103: Test Cases/Parte1/Envio de mensajes/CPN103

2023-09-22 08:38:25 - [TEST_STEP][PASSED] - delay(3, CONTINUE_ON_FAILURE): Delayed 3 second(s)

2023-09-22 08:38:28 - [MESSAGE][PASSED] - Delayed 3 second(s)

2023-09-22 08:38:28 - [TEST_STEP][PASSED] - tap(findTestObject("Parte1/Envio de mensajes/CPN103/android.view.ViewGroup"), 0): Tapped on element 'Object Repository/Parte1/Envio de mensajes/CPN103/android.view.ViewGroup'

2023-09-22 08:38:28 - [MESSAGE][WARNING] - Timeout '0' is invalid. Using default page load timeout: '30'

2023-09-22 08:38:28 - [MESSAGE][PASSED] - Tapped on element 'Object Repository/Parte1/Envio de mensajes/CPN103/android.view.ViewGroup'

2023-09-22 08:38:28 - [TEST_STEP][PASSED] - tap(findTestObject("Object Repository/Parte1/Envio de mensajes/CPN103/android.widget.ImageButton"), 0): Tapped on element 'Object Repository/Parte1/Envio de mensajes/CPN103/android.widget.ImageButton'

2023-09-22 08:38:28 - [MESSAGE][WARNING] - Timeout '0' is invalid. Using default page load timeout: '30'

2023-09-22 08:38:29 - [MESSAGE][PASSED] - Tapped on element 'Object Repository/Parte1/Envio de mensajes/CPN103/android.widget.ImageButton'

2023-09-22 08:38:29 - [TEST_STEP][PASSED] - tap(findTestObject("Object Repository/Parte1/Envio de mensajes/CPN103/android.widget.LinearLayout"), 0): Tapped on element 'Object Repository/Parte1/Envio de mensajes/CPN103/android.widget.LinearLayout'

2023-09-22 08:38:29 - [MESSAGE][WARNING] - Timeout '0' is invalid. Using default page load timeout: '30'

2023-09-22 08:38:30 - [MESSAGE][PASSED] - Tapped on element 'Object Repository/Parte1/Envio de mensajes/CPN103/android.widget.LinearLayout'

2023-09-22 08:38:30 - [TEST_STEP][PASSED] - tap(findTestObject("Object Repository/Parte1/Envio de mensajes/CPN103/android.widget.ImageView (2)"), 0): Tapped on element 'Object Repository/Parte1/Envio de mensajes/CPN103/android.widget.ImageView (2)'

2023-09-22 08:38:30 - [MESSAGE][WARNING] - Timeout '0' is invalid. Using default page load timeout: '30'

2023-09-22 08:38:35 - [MESSAGE][PASSED] - Tapped on element 'Object Repository/Parte1/Envio de mensajes/CPN103/android.widget.ImageView (2)'

2023-09-22 08:38:35 - [TEST_STEP][PASSED] - tap(findTestObject("Parte1/Envio de mensajes/CPN103/android.widget.ImageButton"), 0): Tapped on element 'Object Repository/Parte1/Envio de mensajes/CPN103/android.widget.ImageButton'

2023-09-22 08:38:35 - [MESSAGE][WARNING] - Timeout '0' is invalid. Using default page load timeout: '30'

2023-09-22 08:38:37 - [MESSAGE][PASSED] - Tapped on element 'Object Repository/Parte1/Envio de mensajes/CPN103/android.widget.ImageButton'

2023-09-22 08:38:37 - [TEST_STEP][PASSED] - tap(findTestObject("Parte1/Envio de mensajes/CPN103/android.widget.LinearLayout"), 0): Tapped on element 'Object Repository/Parte1/Envio de mensajes/CPN103/android.widget.LinearLayout'

2023-09-22 08:38:37 - [MESSAGE][WARNING] - Timeout '0' is invalid. Using default page load timeout: '30'

2023-09-22 08:38:38 - [MESSAGE][PASSED] - Tapped on element 'Object Repository/Parte1/Envio de mensajes/CPN103/android.widget.LinearLayout'

2023-09-22 08:38:38 - [TEST_STEP][PASSED] - tap(findTestObject("Parte1/Envio de mensajes/CPN103/android.widget.ImageView (2)"), 0): Tapped on element 'Object Repository/Parte1/Envio de mensajes/CPN103/android.widget.ImageView (2)'

2023-09-22 08:38:38 - [MESSAGE][WARNING] - Timeout '0' is invalid. Using default page load timeout: '30'

2023-09-22 08:38:40 - [MESSAGE][PASSED] - Tapped on element 'Object Repository/Parte1/Envio de mensajes/CPN103/android.widget.ImageView (2)'

2023-09-22 08:38:40 - [TEST_STEP][PASSED] - tap(findTestObject("Object Repository/Parte1/Envio de mensajes/CPN103/android.widget.ImageButton (1)"), 0): Tapped on element 'Object Repository/Parte1/Envio de mensajes/CPN103/android.widget.ImageButton (1)'

2023-09-22 08:38:40 - [MESSAGE][WARNING] - Timeout '0' is invalid. Using default page load timeout: '30'

2023-09-22 08:38:42 - [MESSAGE][PASSED] - Tapped on element 'Object Repository/Parte1/Envio de mensajes/CPN103/android.widget.ImageButton (1)']]></system-out>
         <system-err><![CDATA[]]></system-err>
      </testcase>
      <testcase name="Test Cases/Parte1/Envio de mensajes/CPN104" time="25.682" classname="Test Cases/Parte1/Envio de mensajes/CPN104" status="PASSED">
         <system-out><![CDATA[2023-09-22 08:38:42 - [TEST_CASE][PASSED] - Test Cases/Parte1/Envio de mensajes/CPN104: Test Cases/Parte1/Envio de mensajes/CPN104

2023-09-22 08:38:43 - [TEST_STEP][PASSED] - delay(3, CONTINUE_ON_FAILURE): Delayed 3 second(s)

2023-09-22 08:38:46 - [MESSAGE][PASSED] - Delayed 3 second(s)

2023-09-22 08:38:46 - [TEST_STEP][PASSED] - tap(findTestObject("Parte1/Envio de mensajes/CPN104/android.view.ViewGroup"), 0): Tapped on element 'Object Repository/Parte1/Envio de mensajes/CPN104/android.view.ViewGroup'

2023-09-22 08:38:46 - [MESSAGE][WARNING] - Timeout '0' is invalid. Using default page load timeout: '30'

2023-09-22 08:38:47 - [MESSAGE][PASSED] - Tapped on element 'Object Repository/Parte1/Envio de mensajes/CPN104/android.view.ViewGroup'

2023-09-22 08:38:47 - [TEST_STEP][PASSED] - tap(findTestObject("Object Repository/Parte1/Envio de mensajes/CPN104/android.widget.ImageButton"), 100): Tapped on element 'Object Repository/Parte1/Envio de mensajes/CPN104/android.widget.ImageButton'

2023-09-22 08:38:47 - [MESSAGE][PASSED] - Tapped on element 'Object Repository/Parte1/Envio de mensajes/CPN104/android.widget.ImageButton'

2023-09-22 08:38:47 - [TEST_STEP][PASSED] - tap(findTestObject("Object Repository/Parte1/Envio de mensajes/CPN104/android.widget.LinearLayout"), 100): Tapped on element 'Object Repository/Parte1/Envio de mensajes/CPN104/android.widget.LinearLayout'

2023-09-22 08:38:48 - [MESSAGE][PASSED] - Tapped on element 'Object Repository/Parte1/Envio de mensajes/CPN104/android.widget.LinearLayout'

2023-09-22 08:38:48 - [TEST_STEP][PASSED] - tap(findTestObject("Object Repository/Parte1/Envio de mensajes/CPN104/android.view.ViewGroup (1)"), 0): Tapped on element 'Object Repository/Parte1/Envio de mensajes/CPN104/android.view.ViewGroup (1)'

2023-09-22 08:38:48 - [MESSAGE][WARNING] - Timeout '0' is invalid. Using default page load timeout: '30'

2023-09-22 08:38:50 - [MESSAGE][PASSED] - Tapped on element 'Object Repository/Parte1/Envio de mensajes/CPN104/android.view.ViewGroup (1)'

2023-09-22 08:38:50 - [TEST_STEP][PASSED] - tap(findTestObject("Object Repository/Parte1/Envio de mensajes/CPN104/android.widget.ImageView"), 100): Tapped on element 'Object Repository/Parte1/Envio de mensajes/CPN104/android.widget.ImageView'

2023-09-22 08:38:51 - [MESSAGE][PASSED] - Tapped on element 'Object Repository/Parte1/Envio de mensajes/CPN104/android.widget.ImageView'

2023-09-22 08:38:51 - [TEST_STEP][PASSED] - tap(findTestObject("Object Repository/Parte1/Envio de mensajes/CPN104/android.widget.ImageView (1)"), 100): Tapped on element 'Object Repository/Parte1/Envio de mensajes/CPN104/android.widget.ImageView (1)'

2023-09-22 08:38:52 - [MESSAGE][PASSED] - Tapped on element 'Object Repository/Parte1/Envio de mensajes/CPN104/android.widget.ImageView (1)'

2023-09-22 08:38:52 - [TEST_STEP][PASSED] - delay(8, STOP_ON_FAILURE): Delayed 8 second(s)

2023-09-22 08:39:00 - [MESSAGE][PASSED] - Delayed 8 second(s)

2023-09-22 08:39:00 - [TEST_STEP][PASSED] - tap(findTestObject("Object Repository/Parte1/Envio de mensajes/CPN104/android.widget.ImageView (2)"), 100): Tapped on element 'Object Repository/Parte1/Envio de mensajes/CPN104/android.widget.ImageView (2)'

2023-09-22 08:39:00 - [MESSAGE][PASSED] - Tapped on element 'Object Repository/Parte1/Envio de mensajes/CPN104/android.widget.ImageView (2)'

2023-09-22 08:39:00 - [TEST_STEP][PASSED] - tap(findTestObject("Object Repository/Parte1/Envio de mensajes/CPN104/android.widget.ImageButton (1)"), 100): Tapped on element 'Object Repository/Parte1/Envio de mensajes/CPN104/android.widget.ImageButton (1)'

2023-09-22 08:39:02 - [MESSAGE][PASSED] - Tapped on element 'Object Repository/Parte1/Envio de mensajes/CPN104/android.widget.ImageButton (1)'

2023-09-22 08:39:02 - [TEST_STEP][PASSED] - delay(3, STOP_ON_FAILURE): Delayed 3 second(s)

2023-09-22 08:39:05 - [MESSAGE][PASSED] - Delayed 3 second(s)

2023-09-22 08:39:05 - [TEST_STEP][PASSED] - tap(findTestObject("Object Repository/Parte1/Envio de mensajes/CPN104/android.widget.ImageButton (2)"), 100): Tapped on element 'Object Repository/Parte1/Envio de mensajes/CPN104/android.widget.ImageButton (2)'

2023-09-22 08:39:05 - [MESSAGE][PASSED] - Tapped on element 'Object Repository/Parte1/Envio de mensajes/CPN104/android.widget.ImageButton (2)'

2023-09-22 08:39:05 - [TEST_STEP][PASSED] - delay(3, CONTINUE_ON_FAILURE): Delayed 3 second(s)

2023-09-22 08:39:08 - [MESSAGE][PASSED] - Delayed 3 second(s)]]></system-out>
         <system-err><![CDATA[]]></system-err>
      </testcase>
      <testcase name="Test Cases/Parte1/Envio de mensajes/CPN105" time="40.982" classname="Test Cases/Parte1/Envio de mensajes/CPN105" status="PASSED">
         <system-out><![CDATA[2023-09-22 08:39:08 - [TEST_CASE][PASSED] - Test Cases/Parte1/Envio de mensajes/CPN105: Test Cases/Parte1/Envio de mensajes/CPN105

2023-09-22 08:39:08 - [TEST_STEP][PASSED] - waitForElementPresent(findTestObject("Object Repository/Parte1/Envio de mensajes/CPN105/android.widget.ScrollView"), 0): Element 'Object Repository/Parte1/Envio de mensajes/CPN105/android.widget.ScrollView' is present

2023-09-22 08:39:08 - [MESSAGE][WARNING] - Timeout '0' is invalid. Using default page load timeout: '30'

2023-09-22 08:39:08 - [MESSAGE][PASSED] - Element 'Object Repository/Parte1/Envio de mensajes/CPN105/android.widget.ScrollView' is present

2023-09-22 08:39:08 - [TEST_STEP][PASSED] - tap(findTestObject("Object Repository/Parte1/Envio de mensajes/CPN105/android.view.ViewGroup"), 0): Tapped on element 'Object Repository/Parte1/Envio de mensajes/CPN105/android.view.ViewGroup'

2023-09-22 08:39:09 - [MESSAGE][WARNING] - Timeout '0' is invalid. Using default page load timeout: '30'

2023-09-22 08:39:09 - [MESSAGE][PASSED] - Tapped on element 'Object Repository/Parte1/Envio de mensajes/CPN105/android.view.ViewGroup'

2023-09-22 08:39:09 - [TEST_STEP][PASSED] - tap(findTestObject("Object Repository/Parte1/Envio de mensajes/CPN105/android.widget.ImageButton"), 100): Tapped on element 'Object Repository/Parte1/Envio de mensajes/CPN105/android.widget.ImageButton'

2023-09-22 08:39:10 - [MESSAGE][PASSED] - Tapped on element 'Object Repository/Parte1/Envio de mensajes/CPN105/android.widget.ImageButton'

2023-09-22 08:39:10 - [TEST_STEP][PASSED] - tap(findTestObject("Object Repository/Parte1/Envio de mensajes/CPN105/android.widget.LinearLayout"), 100): Tapped on element 'Object Repository/Parte1/Envio de mensajes/CPN105/android.widget.LinearLayout'

2023-09-22 08:39:11 - [MESSAGE][PASSED] - Tapped on element 'Object Repository/Parte1/Envio de mensajes/CPN105/android.widget.LinearLayout'

2023-09-22 08:39:11 - [TEST_STEP][PASSED] - tap(findTestObject("Object Repository/Parte1/Envio de mensajes/CPN105/android.widget.ImageButton (1)"), 100): Tapped on element 'Object Repository/Parte1/Envio de mensajes/CPN105/android.widget.ImageButton (1)'

2023-09-22 08:39:14 - [MESSAGE][PASSED] - Tapped on element 'Object Repository/Parte1/Envio de mensajes/CPN105/android.widget.ImageButton (1)'

2023-09-22 08:39:14 - [TEST_STEP][PASSED] - delay(3, STOP_ON_FAILURE): Delayed 3 second(s)

2023-09-22 08:39:17 - [MESSAGE][PASSED] - Delayed 3 second(s)

2023-09-22 08:39:17 - [TEST_STEP][PASSED] - tap(findTestObject("Parte1/Envio de mensajes/CPN105/android.widget.ImageButton"), 100): Tapped on element 'Object Repository/Parte1/Envio de mensajes/CPN105/android.widget.ImageButton'

2023-09-22 08:39:20 - [MESSAGE][PASSED] - Tapped on element 'Object Repository/Parte1/Envio de mensajes/CPN105/android.widget.ImageButton'

2023-09-22 08:39:20 - [TEST_STEP][PASSED] - tap(findTestObject("Parte1/Envio de mensajes/CPN105/android.widget.LinearLayout"), 100): Tapped on element 'Object Repository/Parte1/Envio de mensajes/CPN105/android.widget.LinearLayout'

2023-09-22 08:39:21 - [MESSAGE][PASSED] - Tapped on element 'Object Repository/Parte1/Envio de mensajes/CPN105/android.widget.LinearLayout'

2023-09-22 08:39:21 - [TEST_STEP][PASSED] - tap(findTestObject("Object Repository/Parte1/Envio de mensajes/CPN105/android.widget.Button"), 0): Tapped on element 'Object Repository/Parte1/Envio de mensajes/CPN105/android.widget.Button'

2023-09-22 08:39:21 - [MESSAGE][WARNING] - Timeout '0' is invalid. Using default page load timeout: '30'

2023-09-22 08:39:22 - [MESSAGE][PASSED] - Tapped on element 'Object Repository/Parte1/Envio de mensajes/CPN105/android.widget.Button'

2023-09-22 08:39:22 - [TEST_STEP][PASSED] - setText(findTestObject("Object Repository/Parte1/Envio de mensajes/CPN105/android.widget.EditText - NapoleoN"), "Valenci", 0): Text 'Valenci' has been set to element 'Object Repository/Parte1/Envio de mensajes/CPN105/android.widget.EditText - NapoleoN'

2023-09-22 08:39:22 - [MESSAGE][WARNING] - Timeout '0' is invalid. Using default page load timeout: '30'

2023-09-22 08:39:26 - [MESSAGE][PASSED] - Text 'Valenci' has been set to element 'Object Repository/Parte1/Envio de mensajes/CPN105/android.widget.EditText - NapoleoN'

2023-09-22 08:39:26 - [TEST_STEP][PASSED] - tap(findTestObject("Parte1/Envio de mensajes/CPN105/android.view.ViewGroup (1)"), 0): Tapped on element 'Object Repository/Parte1/Envio de mensajes/CPN105/android.view.ViewGroup (1)'

2023-09-22 08:39:26 - [MESSAGE][WARNING] - Timeout '0' is invalid. Using default page load timeout: '30'

2023-09-22 08:39:28 - [MESSAGE][PASSED] - Tapped on element 'Object Repository/Parte1/Envio de mensajes/CPN105/android.view.ViewGroup (1)'

2023-09-22 08:39:28 - [TEST_STEP][PASSED] - tap(findTestObject("Parte1/Envio de mensajes/CPN105/android.widget.ImageButton (1)"), 100): Tapped on element 'Object Repository/Parte1/Envio de mensajes/CPN105/android.widget.ImageButton (1)'

2023-09-22 08:39:32 - [MESSAGE][PASSED] - Tapped on element 'Object Repository/Parte1/Envio de mensajes/CPN105/android.widget.ImageButton (1)'

2023-09-22 08:39:32 - [TEST_STEP][PASSED] - tap(findTestObject("Object Repository/Parte1/Envio de mensajes/CPN105/android.widget.ImageButton"), 100): Tapped on element 'Object Repository/Parte1/Envio de mensajes/CPN105/android.widget.ImageButton'

2023-09-22 08:39:36 - [MESSAGE][PASSED] - Tapped on element 'Object Repository/Parte1/Envio de mensajes/CPN105/android.widget.ImageButton'

2023-09-22 08:39:36 - [TEST_STEP][PASSED] - tap(findTestObject("Object Repository/Parte1/Envio de mensajes/CPN105/android.widget.LinearLayout"), 100): Tapped on element 'Object Repository/Parte1/Envio de mensajes/CPN105/android.widget.LinearLayout'

2023-09-22 08:39:37 - [MESSAGE][PASSED] - Tapped on element 'Object Repository/Parte1/Envio de mensajes/CPN105/android.widget.LinearLayout'

2023-09-22 08:39:37 - [TEST_STEP][PASSED] - tap(findTestObject("Parte1/Envio de mensajes/CPN105/android.widget.Button"), 100): Tapped on element 'Object Repository/Parte1/Envio de mensajes/CPN105/android.widget.Button'

2023-09-22 08:39:39 - [MESSAGE][PASSED] - Tapped on element 'Object Repository/Parte1/Envio de mensajes/CPN105/android.widget.Button'

2023-09-22 08:39:39 - [TEST_STEP][PASSED] - setText(findTestObject("Parte1/Envio de mensajes/CPN105/android.widget.EditText - NapoleoN"), "ikonos", 0): Text 'ikonos' has been set to element 'Object Repository/Parte1/Envio de mensajes/CPN105/android.widget.EditText - NapoleoN'

2023-09-22 08:39:39 - [MESSAGE][WARNING] - Timeout '0' is invalid. Using default page load timeout: '30'

2023-09-22 08:39:42 - [MESSAGE][PASSED] - Text 'ikonos' has been set to element 'Object Repository/Parte1/Envio de mensajes/CPN105/android.widget.EditText - NapoleoN'

2023-09-22 08:39:42 - [TEST_STEP][PASSED] - tap(findTestObject("Parte1/Envio de mensajes/CPN105/android.view.ViewGroup (1)"), 0): Tapped on element 'Object Repository/Parte1/Envio de mensajes/CPN105/android.view.ViewGroup (1)'

2023-09-22 08:39:42 - [MESSAGE][WARNING] - Timeout '0' is invalid. Using default page load timeout: '30'

2023-09-22 08:39:43 - [MESSAGE][PASSED] - Tapped on element 'Object Repository/Parte1/Envio de mensajes/CPN105/android.view.ViewGroup (1)'

2023-09-22 08:39:43 - [TEST_STEP][PASSED] - tap(findTestObject("Object Repository/Parte1/Envio de mensajes/CPN105/android.widget.ImageButton (2)"), 100): Tapped on element 'Object Repository/Parte1/Envio de mensajes/CPN105/android.widget.ImageButton (2)'

2023-09-22 08:39:46 - [MESSAGE][PASSED] - Tapped on element 'Object Repository/Parte1/Envio de mensajes/CPN105/android.widget.ImageButton (2)'

2023-09-22 08:39:46 - [TEST_STEP][PASSED] - tap(findTestObject("Object Repository/Parte1/Envio de mensajes/CPN105/android.widget.ImageButton (3)"), 100): Tapped on element 'Object Repository/Parte1/Envio de mensajes/CPN105/android.widget.ImageButton (3)'

2023-09-22 08:39:49 - [MESSAGE][PASSED] - Tapped on element 'Object Repository/Parte1/Envio de mensajes/CPN105/android.widget.ImageButton (3)']]></system-out>
         <system-err><![CDATA[]]></system-err>
      </testcase>
      <testcase name="Test Cases/Parte1/Envio de mensajes/CPN105.1" time="5.635" classname="Test Cases/Parte1/Envio de mensajes/CPN105.1" status="FAILED">
         <failure type="FAILED" message="Test Cases/Parte1/Envio de mensajes/CPN105.1 FAILED.
Reason:
com.kms.katalon.core.exception.StepFailedException: Failed to tap on element 'Object Repository/Parte1/Envio de mensajes/CPN105.1/android.view.ViewGroup' (Root cause: org.openqa.selenium.StaleElementReferenceException: Cached elements 'By.xpath: //*[@class = 'android.view.ViewGroup' and @resource-id = 'com.naposystems.napoleonchat:id/constrainsLayout_conversation' and (@text = '' or . = '')]' do not exist in DOM anymore
For documentation on this error, please visit: https://www.seleniumhq.org/exceptions/stale_element_reference.html
Build info: version: '3.141.59', revision: 'e82be7d358', time: '2018-11-14T08:25:53'
System info: host: 'DESKTOP-OBIGNLU', ip: '192.168.1.6', os.name: 'Windows 10', os.arch: 'amd64', os.version: '10.0', java.version: '1.8.0_282'
Driver info: com.kms.katalon.core.appium.driver.SwipeableAndroidDriver
Capabilities {app: C:\Users\Testing\Desktop\ka..., appPackage: com.naposystems.napoleonchat, autoGrantPermissions: true, automationName: uiautomator2, chromedriverPort: 51711, databaseEnabled: false, desired: {app: C:\Users\Testing\Desktop\ka..., autoGrantPermissions: true, automationName: uiautomator2, chromedriverPort: 51711, deviceId: , deviceName: samsung SM-A107M (Android 11), fullReset: true, newCommandTimeout: 1800, noReset: false, platform: ANDROID, platformName: android, platformVersion: 11, systemPort: 51913, udid: R9WN40KBXDJ}, deviceApiLevel: 30, deviceId: , deviceManufacturer: samsung, deviceModel: SM-A107M, deviceName: R9WN40KBXDJ, deviceScreenDensity: 280, deviceScreenSize: 720x1520, deviceUDID: R9WN40KBXDJ, fullReset: true, javascriptEnabled: true, locationContextEnabled: false, networkConnectionEnabled: true, newCommandTimeout: 1800, noReset: false, pixelRatio: 1.75, platform: ANDROID, platformName: Android, platformVersion: 11, statBarHeight: 57, systemPort: 51913, takesScreenshot: true, udid: R9WN40KBXDJ, viewportRect: {height: 1324, left: 0, top: 57, width: 720}, warnings: {}, webStorageEnabled: false}
Session ID: 0e8f6176-bbdd-47e5-9ff8-f6c587e3c368
	at org.openqa.selenium.remote.http.W3CHttpResponseCodec.createException(W3CHttpResponseCodec.java:187)
	at org.openqa.selenium.remote.http.W3CHttpResponseCodec.decode(W3CHttpResponseCodec.java:122)
	at org.openqa.selenium.remote.http.W3CHttpResponseCodec.decode(W3CHttpResponseCodec.java:49)
	at org.openqa.selenium.remote.HttpCommandExecutor.execute(HttpCommandExecutor.java:158)
	at io.appium.java_client.remote.AppiumCommandExecutor.execute(AppiumCommandExecutor.java:239)
	at org.openqa.selenium.remote.RemoteWebDriver.execute(RemoteWebDriver.java:552)
	at io.appium.java_client.DefaultGenericMobileDriver.execute(DefaultGenericMobileDriver.java:42)
	at io.appium.java_client.AppiumDriver.execute(AppiumDriver.java:1)
	at io.appium.java_client.android.AndroidDriver.execute(AndroidDriver.java:1)
	at com.kms.katalon.core.appium.driver.SwipeableAndroidDriver.execute(SwipeableAndroidDriver.java:1)
	at org.openqa.selenium.remote.RemoteWebElement.execute(RemoteWebElement.java:285)
	at io.appium.java_client.DefaultGenericMobileElement.execute(DefaultGenericMobileElement.java:45)
	at io.appium.java_client.MobileElement.execute(MobileElement.java:1)
	at io.appium.java_client.android.AndroidElement.execute(AndroidElement.java:1)
	at org.openqa.selenium.remote.RemoteWebElement.click(RemoteWebElement.java:84)
	at com.kms.katalon.core.mobile.keyword.builtin.TapKeyword$_tap_closure1.doCall(TapKeyword.groovy:82)
	at com.kms.katalon.core.mobile.keyword.builtin.TapKeyword$_tap_closure1.call(TapKeyword.groovy)
	at com.kms.katalon.core.mobile.keyword.internal.MobileKeywordMain.runKeyword(MobileKeywordMain.groovy:21)
	at com.kms.katalon.core.mobile.keyword.builtin.TapKeyword.tap(TapKeyword.groovy:84)
	at com.kms.katalon.core.mobile.keyword.builtin.TapKeyword.execute(TapKeyword.groovy:68)
	at com.kms.katalon.core.keyword.internal.KeywordExecutor.executeKeywordForPlatform(KeywordExecutor.groovy:74)
	at com.kms.katalon.core.mobile.keyword.MobileBuiltInKeywords.tap(MobileBuiltInKeywords.groovy:1490)
	at com.kms.katalon.core.mobile.keyword.MobileBuiltInKeywords$tap$1.call(Unknown Source)
	at CPN105.1.run(CPN105.1:22)
	at com.kms.katalon.core.main.ScriptEngine.run(ScriptEngine.java:194)
	at com.kms.katalon.core.main.ScriptEngine.runScriptAsRawText(ScriptEngine.java:119)
	at com.kms.katalon.core.main.TestCaseExecutor.runScript(TestCaseExecutor.java:448)
	at com.kms.katalon.core.main.TestCaseExecutor.doExecute(TestCaseExecutor.java:439)
	at com.kms.katalon.core.main.TestCaseExecutor.processExecutionPhase(TestCaseExecutor.java:418)
	at com.kms.katalon.core.main.TestCaseExecutor.accessMainPhase(TestCaseExecutor.java:410)
	at com.kms.katalon.core.main.TestCaseExecutor.execute(TestCaseExecutor.java:285)
	at com.kms.katalon.core.common.CommonExecutor.accessTestCaseMainPhase(CommonExecutor.java:65)
	at com.kms.katalon.core.main.TestSuiteExecutor.accessTestSuiteMainPhase(TestSuiteExecutor.java:148)
	at com.kms.katalon.core.main.TestSuiteExecutor.execute(TestSuiteExecutor.java:106)
	at com.kms.katalon.core.main.TestCaseMain.startTestSuite(TestCaseMain.java:187)
	at com.kms.katalon.core.main.TestCaseMain$startTestSuite$0.call(Unknown Source)
	at TempTestSuite1695389264389.run(TempTestSuite1695389264389.groovy:36)
)
	at com.kms.katalon.core.keyword.internal.KeywordMain.stepFailed(KeywordMain.groovy:51)
	at com.kms.katalon.core.mobile.keyword.internal.MobileKeywordMain.stepFailed(MobileKeywordMain.groovy:40)
	at com.kms.katalon.core.mobile.keyword.internal.MobileKeywordMain.runKeyword(MobileKeywordMain.groovy:23)
	at com.kms.katalon.core.mobile.keyword.builtin.TapKeyword.tap(TapKeyword.groovy:84)
	at com.kms.katalon.core.mobile.keyword.builtin.TapKeyword.execute(TapKeyword.groovy:68)
	at com.kms.katalon.core.keyword.internal.KeywordExecutor.executeKeywordForPlatform(KeywordExecutor.groovy:74)
	at com.kms.katalon.core.mobile.keyword.MobileBuiltInKeywords.tap(MobileBuiltInKeywords.groovy:1490)
	at com.kms.katalon.core.mobile.keyword.MobileBuiltInKeywords$tap$1.call(Unknown Source)
	at CPN105.1.run(CPN105.1:22)
	at com.kms.katalon.core.main.ScriptEngine.run(ScriptEngine.java:194)
	at com.kms.katalon.core.main.ScriptEngine.runScriptAsRawText(ScriptEngine.java:119)
	at com.kms.katalon.core.main.TestCaseExecutor.runScript(TestCaseExecutor.java:448)
	at com.kms.katalon.core.main.TestCaseExecutor.doExecute(TestCaseExecutor.java:439)
	at com.kms.katalon.core.main.TestCaseExecutor.processExecutionPhase(TestCaseExecutor.java:418)
	at com.kms.katalon.core.main.TestCaseExecutor.accessMainPhase(TestCaseExecutor.java:410)
	at com.kms.katalon.core.main.TestCaseExecutor.execute(TestCaseExecutor.java:285)
	at com.kms.katalon.core.common.CommonExecutor.accessTestCaseMainPhase(CommonExecutor.java:65)
	at com.kms.katalon.core.main.TestSuiteExecutor.accessTestSuiteMainPhase(TestSuiteExecutor.java:148)
	at com.kms.katalon.core.main.TestSuiteExecutor.execute(TestSuiteExecutor.java:106)
	at com.kms.katalon.core.main.TestCaseMain.startTestSuite(TestCaseMain.java:187)
	at com.kms.katalon.core.main.TestCaseMain$startTestSuite$0.call(Unknown Source)
	at TempTestSuite1695389264389.run(TempTestSuite1695389264389.groovy:36)
Caused by: org.openqa.selenium.StaleElementReferenceException: Cached elements 'By.xpath: //*[@class = 'android.view.ViewGroup' and @resource-id = 'com.naposystems.napoleonchat:id/constrainsLayout_conversation' and (@text = '' or . = '')]' do not exist in DOM anymore
For documentation on this error, please visit: https://www.seleniumhq.org/exceptions/stale_element_reference.html
Build info: version: '3.141.59', revision: 'e82be7d358', time: '2018-11-14T08:25:53'
System info: host: 'DESKTOP-OBIGNLU', ip: '192.168.1.6', os.name: 'Windows 10', os.arch: 'amd64', os.version: '10.0', java.version: '1.8.0_282'
Driver info: com.kms.katalon.core.appium.driver.SwipeableAndroidDriver
Capabilities {app: C:\Users\Testing\Desktop\ka..., appPackage: com.naposystems.napoleonchat, autoGrantPermissions: true, automationName: uiautomator2, chromedriverPort: 51711, databaseEnabled: false, desired: {app: C:\Users\Testing\Desktop\ka..., autoGrantPermissions: true, automationName: uiautomator2, chromedriverPort: 51711, deviceId: , deviceName: samsung SM-A107M (Android 11), fullReset: true, newCommandTimeout: 1800, noReset: false, platform: ANDROID, platformName: android, platformVersion: 11, systemPort: 51913, udid: R9WN40KBXDJ}, deviceApiLevel: 30, deviceId: , deviceManufacturer: samsung, deviceModel: SM-A107M, deviceName: R9WN40KBXDJ, deviceScreenDensity: 280, deviceScreenSize: 720x1520, deviceUDID: R9WN40KBXDJ, fullReset: true, javascriptEnabled: true, locationContextEnabled: false, networkConnectionEnabled: true, newCommandTimeout: 1800, noReset: false, pixelRatio: 1.75, platform: ANDROID, platformName: Android, platformVersion: 11, statBarHeight: 57, systemPort: 51913, takesScreenshot: true, udid: R9WN40KBXDJ, viewportRect: {height: 1324, left: 0, top: 57, width: 720}, warnings: {}, webStorageEnabled: false}
Session ID: 0e8f6176-bbdd-47e5-9ff8-f6c587e3c368
	at org.openqa.selenium.remote.http.W3CHttpResponseCodec.createException(W3CHttpResponseCodec.java:187)
	at org.openqa.selenium.remote.http.W3CHttpResponseCodec.decode(W3CHttpResponseCodec.java:122)
	at org.openqa.selenium.remote.http.W3CHttpResponseCodec.decode(W3CHttpResponseCodec.java:49)
	at org.openqa.selenium.remote.HttpCommandExecutor.execute(HttpCommandExecutor.java:158)
	at io.appium.java_client.remote.AppiumCommandExecutor.execute(AppiumCommandExecutor.java:239)
	at org.openqa.selenium.remote.RemoteWebDriver.execute(RemoteWebDriver.java:552)
	at io.appium.java_client.DefaultGenericMobileDriver.execute(DefaultGenericMobileDriver.java:42)
	at io.appium.java_client.AppiumDriver.execute(AppiumDriver.java:1)
	at io.appium.java_client.android.AndroidDriver.execute(AndroidDriver.java:1)
	at com.kms.katalon.core.appium.driver.SwipeableAndroidDriver.execute(SwipeableAndroidDriver.java:1)
	at org.openqa.selenium.remote.RemoteWebElement.execute(RemoteWebElement.java:285)
	at io.appium.java_client.DefaultGenericMobileElement.execute(DefaultGenericMobileElement.java:45)
	at io.appium.java_client.MobileElement.execute(MobileElement.java:1)
	at io.appium.java_client.android.AndroidElement.execute(AndroidElement.java:1)
	at org.openqa.selenium.remote.RemoteWebElement.click(RemoteWebElement.java:84)
	at com.kms.katalon.core.mobile.keyword.builtin.TapKeyword$_tap_closure1.doCall(TapKeyword.groovy:82)
	at com.kms.katalon.core.mobile.keyword.builtin.TapKeyword$_tap_closure1.call(TapKeyword.groovy)
	at com.kms.katalon.core.mobile.keyword.internal.MobileKeywordMain.runKeyword(MobileKeywordMain.groovy:21)
	... 19 more
"/>
         <system-out><![CDATA[2023-09-22 08:39:49 - [TEST_CASE][FAILED] - Test Cases/Parte1/Envio de mensajes/CPN105.1: Test Cases/Parte1/Envio de mensajes/CPN105.1 FAILED.
Reason:
com.kms.katalon.core.exception.StepFailedException: Failed to tap on element 'Object Repository/Parte1/Envio de mensajes/CPN105.1/android.view.ViewGroup' (Root cause: org.openqa.selenium.StaleElementReferenceException: Cached elements 'By.xpath: //*[@class = 'android.view.ViewGroup' and @resource-id = 'com.naposystems.napoleonchat:id/constrainsLayout_conversation' and (@text = '' or . = '')]' do not exist in DOM anymore
For documentation on this error, please visit: https://www.seleniumhq.org/exceptions/stale_element_reference.html
Build info: version: '3.141.59', revision: 'e82be7d358', time: '2018-11-14T08:25:53'
System info: host: 'DESKTOP-OBIGNLU', ip: '192.168.1.6', os.name: 'Windows 10', os.arch: 'amd64', os.version: '10.0', java.version: '1.8.0_282'
Driver info: com.kms.katalon.core.appium.driver.SwipeableAndroidDriver
Capabilities {app: C:\Users\Testing\Desktop\ka..., appPackage: com.naposystems.napoleonchat, autoGrantPermissions: true, automationName: uiautomator2, chromedriverPort: 51711, databaseEnabled: false, desired: {app: C:\Users\Testing\Desktop\ka..., autoGrantPermissions: true, automationName: uiautomator2, chromedriverPort: 51711, deviceId: , deviceName: samsung SM-A107M (Android 11), fullReset: true, newCommandTimeout: 1800, noReset: false, platform: ANDROID, platformName: android, platformVersion: 11, systemPort: 51913, udid: R9WN40KBXDJ}, deviceApiLevel: 30, deviceId: , deviceManufacturer: samsung, deviceModel: SM-A107M, deviceName: R9WN40KBXDJ, deviceScreenDensity: 280, deviceScreenSize: 720x1520, deviceUDID: R9WN40KBXDJ, fullReset: true, javascriptEnabled: true, locationContextEnabled: false, networkConnectionEnabled: true, newCommandTimeout: 1800, noReset: false, pixelRatio: 1.75, platform: ANDROID, platformName: Android, platformVersion: 11, statBarHeight: 57, systemPort: 51913, takesScreenshot: true, udid: R9WN40KBXDJ, viewportRect: {height: 1324, left: 0, top: 57, width: 720}, warnings: {}, webStorageEnabled: false}
Session ID: 0e8f6176-bbdd-47e5-9ff8-f6c587e3c368
	at org.openqa.selenium.remote.http.W3CHttpResponseCodec.createException(W3CHttpResponseCodec.java:187)
	at org.openqa.selenium.remote.http.W3CHttpResponseCodec.decode(W3CHttpResponseCodec.java:122)
	at org.openqa.selenium.remote.http.W3CHttpResponseCodec.decode(W3CHttpResponseCodec.java:49)
	at org.openqa.selenium.remote.HttpCommandExecutor.execute(HttpCommandExecutor.java:158)
	at io.appium.java_client.remote.AppiumCommandExecutor.execute(AppiumCommandExecutor.java:239)
	at org.openqa.selenium.remote.RemoteWebDriver.execute(RemoteWebDriver.java:552)
	at io.appium.java_client.DefaultGenericMobileDriver.execute(DefaultGenericMobileDriver.java:42)
	at io.appium.java_client.AppiumDriver.execute(AppiumDriver.java:1)
	at io.appium.java_client.android.AndroidDriver.execute(AndroidDriver.java:1)
	at com.kms.katalon.core.appium.driver.SwipeableAndroidDriver.execute(SwipeableAndroidDriver.java:1)
	at org.openqa.selenium.remote.RemoteWebElement.execute(RemoteWebElement.java:285)
	at io.appium.java_client.DefaultGenericMobileElement.execute(DefaultGenericMobileElement.java:45)
	at io.appium.java_client.MobileElement.execute(MobileElement.java:1)
	at io.appium.java_client.android.AndroidElement.execute(AndroidElement.java:1)
	at org.openqa.selenium.remote.RemoteWebElement.click(RemoteWebElement.java:84)
	at com.kms.katalon.core.mobile.keyword.builtin.TapKeyword$_tap_closure1.doCall(TapKeyword.groovy:82)
	at com.kms.katalon.core.mobile.keyword.builtin.TapKeyword$_tap_closure1.call(TapKeyword.groovy)
	at com.kms.katalon.core.mobile.keyword.internal.MobileKeywordMain.runKeyword(MobileKeywordMain.groovy:21)
	at com.kms.katalon.core.mobile.keyword.builtin.TapKeyword.tap(TapKeyword.groovy:84)
	at com.kms.katalon.core.mobile.keyword.builtin.TapKeyword.execute(TapKeyword.groovy:68)
	at com.kms.katalon.core.keyword.internal.KeywordExecutor.executeKeywordForPlatform(KeywordExecutor.groovy:74)
	at com.kms.katalon.core.mobile.keyword.MobileBuiltInKeywords.tap(MobileBuiltInKeywords.groovy:1490)
	at com.kms.katalon.core.mobile.keyword.MobileBuiltInKeywords$tap$1.call(Unknown Source)
	at CPN105.1.run(CPN105.1:22)
	at com.kms.katalon.core.main.ScriptEngine.run(ScriptEngine.java:194)
	at com.kms.katalon.core.main.ScriptEngine.runScriptAsRawText(ScriptEngine.java:119)
	at com.kms.katalon.core.main.TestCaseExecutor.runScript(TestCaseExecutor.java:448)
	at com.kms.katalon.core.main.TestCaseExecutor.doExecute(TestCaseExecutor.java:439)
	at com.kms.katalon.core.main.TestCaseExecutor.processExecutionPhase(TestCaseExecutor.java:418)
	at com.kms.katalon.core.main.TestCaseExecutor.accessMainPhase(TestCaseExecutor.java:410)
	at com.kms.katalon.core.main.TestCaseExecutor.execute(TestCaseExecutor.java:285)
	at com.kms.katalon.core.common.CommonExecutor.accessTestCaseMainPhase(CommonExecutor.java:65)
	at com.kms.katalon.core.main.TestSuiteExecutor.accessTestSuiteMainPhase(TestSuiteExecutor.java:148)
	at com.kms.katalon.core.main.TestSuiteExecutor.execute(TestSuiteExecutor.java:106)
	at com.kms.katalon.core.main.TestCaseMain.startTestSuite(TestCaseMain.java:187)
	at com.kms.katalon.core.main.TestCaseMain$startTestSuite$0.call(Unknown Source)
	at TempTestSuite1695389264389.run(TempTestSuite1695389264389.groovy:36)
)
	at com.kms.katalon.core.keyword.internal.KeywordMain.stepFailed(KeywordMain.groovy:51)
	at com.kms.katalon.core.mobile.keyword.internal.MobileKeywordMain.stepFailed(MobileKeywordMain.groovy:40)
	at com.kms.katalon.core.mobile.keyword.internal.MobileKeywordMain.runKeyword(MobileKeywordMain.groovy:23)
	at com.kms.katalon.core.mobile.keyword.builtin.TapKeyword.tap(TapKeyword.groovy:84)
	at com.kms.katalon.core.mobile.keyword.builtin.TapKeyword.execute(TapKeyword.groovy:68)
	at com.kms.katalon.core.keyword.internal.KeywordExecutor.executeKeywordForPlatform(KeywordExecutor.groovy:74)
	at com.kms.katalon.core.mobile.keyword.MobileBuiltInKeywords.tap(MobileBuiltInKeywords.groovy:1490)
	at com.kms.katalon.core.mobile.keyword.MobileBuiltInKeywords$tap$1.call(Unknown Source)
	at CPN105.1.run(CPN105.1:22)
	at com.kms.katalon.core.main.ScriptEngine.run(ScriptEngine.java:194)
	at com.kms.katalon.core.main.ScriptEngine.runScriptAsRawText(ScriptEngine.java:119)
	at com.kms.katalon.core.main.TestCaseExecutor.runScript(TestCaseExecutor.java:448)
	at com.kms.katalon.core.main.TestCaseExecutor.doExecute(TestCaseExecutor.java:439)
	at com.kms.katalon.core.main.TestCaseExecutor.processExecutionPhase(TestCaseExecutor.java:418)
	at com.kms.katalon.core.main.TestCaseExecutor.accessMainPhase(TestCaseExecutor.java:410)
	at com.kms.katalon.core.main.TestCaseExecutor.execute(TestCaseExecutor.java:285)
	at com.kms.katalon.core.common.CommonExecutor.accessTestCaseMainPhase(CommonExecutor.java:65)
	at com.kms.katalon.core.main.TestSuiteExecutor.accessTestSuiteMainPhase(TestSuiteExecutor.java:148)
	at com.kms.katalon.core.main.TestSuiteExecutor.execute(TestSuiteExecutor.java:106)
	at com.kms.katalon.core.main.TestCaseMain.startTestSuite(TestCaseMain.java:187)
	at com.kms.katalon.core.main.TestCaseMain$startTestSuite$0.call(Unknown Source)
	at TempTestSuite1695389264389.run(TempTestSuite1695389264389.groovy:36)
Caused by: org.openqa.selenium.StaleElementReferenceException: Cached elements 'By.xpath: //*[@class = 'android.view.ViewGroup' and @resource-id = 'com.naposystems.napoleonchat:id/constrainsLayout_conversation' and (@text = '' or . = '')]' do not exist in DOM anymore
For documentation on this error, please visit: https://www.seleniumhq.org/exceptions/stale_element_reference.html
Build info: version: '3.141.59', revision: 'e82be7d358', time: '2018-11-14T08:25:53'
System info: host: 'DESKTOP-OBIGNLU', ip: '192.168.1.6', os.name: 'Windows 10', os.arch: 'amd64', os.version: '10.0', java.version: '1.8.0_282'
Driver info: com.kms.katalon.core.appium.driver.SwipeableAndroidDriver
Capabilities {app: C:\Users\Testing\Desktop\ka..., appPackage: com.naposystems.napoleonchat, autoGrantPermissions: true, automationName: uiautomator2, chromedriverPort: 51711, databaseEnabled: false, desired: {app: C:\Users\Testing\Desktop\ka..., autoGrantPermissions: true, automationName: uiautomator2, chromedriverPort: 51711, deviceId: , deviceName: samsung SM-A107M (Android 11), fullReset: true, newCommandTimeout: 1800, noReset: false, platform: ANDROID, platformName: android, platformVersion: 11, systemPort: 51913, udid: R9WN40KBXDJ}, deviceApiLevel: 30, deviceId: , deviceManufacturer: samsung, deviceModel: SM-A107M, deviceName: R9WN40KBXDJ, deviceScreenDensity: 280, deviceScreenSize: 720x1520, deviceUDID: R9WN40KBXDJ, fullReset: true, javascriptEnabled: true, locationContextEnabled: false, networkConnectionEnabled: true, newCommandTimeout: 1800, noReset: false, pixelRatio: 1.75, platform: ANDROID, platformName: Android, platformVersion: 11, statBarHeight: 57, systemPort: 51913, takesScreenshot: true, udid: R9WN40KBXDJ, viewportRect: {height: 1324, left: 0, top: 57, width: 720}, warnings: {}, webStorageEnabled: false}
Session ID: 0e8f6176-bbdd-47e5-9ff8-f6c587e3c368
	at org.openqa.selenium.remote.http.W3CHttpResponseCodec.createException(W3CHttpResponseCodec.java:187)
	at org.openqa.selenium.remote.http.W3CHttpResponseCodec.decode(W3CHttpResponseCodec.java:122)
	at org.openqa.selenium.remote.http.W3CHttpResponseCodec.decode(W3CHttpResponseCodec.java:49)
	at org.openqa.selenium.remote.HttpCommandExecutor.execute(HttpCommandExecutor.java:158)
	at io.appium.java_client.remote.AppiumCommandExecutor.execute(AppiumCommandExecutor.java:239)
	at org.openqa.selenium.remote.RemoteWebDriver.execute(RemoteWebDriver.java:552)
	at io.appium.java_client.DefaultGenericMobileDriver.execute(DefaultGenericMobileDriver.java:42)
	at io.appium.java_client.AppiumDriver.execute(AppiumDriver.java:1)
	at io.appium.java_client.android.AndroidDriver.execute(AndroidDriver.java:1)
	at com.kms.katalon.core.appium.driver.SwipeableAndroidDriver.execute(SwipeableAndroidDriver.java:1)
	at org.openqa.selenium.remote.RemoteWebElement.execute(RemoteWebElement.java:285)
	at io.appium.java_client.DefaultGenericMobileElement.execute(DefaultGenericMobileElement.java:45)
	at io.appium.java_client.MobileElement.execute(MobileElement.java:1)
	at io.appium.java_client.android.AndroidElement.execute(AndroidElement.java:1)
	at org.openqa.selenium.remote.RemoteWebElement.click(RemoteWebElement.java:84)
	at com.kms.katalon.core.mobile.keyword.builtin.TapKeyword$_tap_closure1.doCall(TapKeyword.groovy:82)
	at com.kms.katalon.core.mobile.keyword.builtin.TapKeyword$_tap_closure1.call(TapKeyword.groovy)
	at com.kms.katalon.core.mobile.keyword.internal.MobileKeywordMain.runKeyword(MobileKeywordMain.groovy:21)
	... 19 more


2023-09-22 08:39:49 - [TEST_STEP][PASSED] - delay(2, CONTINUE_ON_FAILURE): Delayed 2 second(s)

2023-09-22 08:39:51 - [MESSAGE][PASSED] - Delayed 2 second(s)

2023-09-22 08:39:51 - [TEST_STEP][FAILED] - tap(findTestObject("Parte1/Envio de mensajes/CPN105.1/android.view.ViewGroup"), 0): Failed to tap on element 'Object Repository/Parte1/Envio de mensajes/CPN105.1/android.view.ViewGroup' (Root cause: org.openqa.selenium.StaleElementReferenceException: Cached elements 'By.xpath: //*[@class = 'android.view.ViewGroup' and @resource-id = 'com.naposystems.napoleonchat:id/constrainsLayout_conversation' and (@text = '' or . = '')]' do not exist in DOM anymore
For documentation on this error, please visit: https://www.seleniumhq.org/exceptions/stale_element_reference.html
Build info: version: '3.141.59', revision: 'e82be7d358', time: '2018-11-14T08:25:53'
System info: host: 'DESKTOP-OBIGNLU', ip: '192.168.1.6', os.name: 'Windows 10', os.arch: 'amd64', os.version: '10.0', java.version: '1.8.0_282'
Driver info: com.kms.katalon.core.appium.driver.SwipeableAndroidDriver
Capabilities {app: C:\Users\Testing\Desktop\ka..., appPackage: com.naposystems.napoleonchat, autoGrantPermissions: true, automationName: uiautomator2, chromedriverPort: 51711, databaseEnabled: false, desired: {app: C:\Users\Testing\Desktop\ka..., autoGrantPermissions: true, automationName: uiautomator2, chromedriverPort: 51711, deviceId: , deviceName: samsung SM-A107M (Android 11), fullReset: true, newCommandTimeout: 1800, noReset: false, platform: ANDROID, platformName: android, platformVersion: 11, systemPort: 51913, udid: R9WN40KBXDJ}, deviceApiLevel: 30, deviceId: , deviceManufacturer: samsung, deviceModel: SM-A107M, deviceName: R9WN40KBXDJ, deviceScreenDensity: 280, deviceScreenSize: 720x1520, deviceUDID: R9WN40KBXDJ, fullReset: true, javascriptEnabled: true, locationContextEnabled: false, networkConnectionEnabled: true, newCommandTimeout: 1800, noReset: false, pixelRatio: 1.75, platform: ANDROID, platformName: Android, platformVersion: 11, statBarHeight: 57, systemPort: 51913, takesScreenshot: true, udid: R9WN40KBXDJ, viewportRect: {height: 1324, left: 0, top: 57, width: 720}, warnings: {}, webStorageEnabled: false}
Session ID: 0e8f6176-bbdd-47e5-9ff8-f6c587e3c368
	at org.openqa.selenium.remote.http.W3CHttpResponseCodec.createException(W3CHttpResponseCodec.java:187)
	at org.openqa.selenium.remote.http.W3CHttpResponseCodec.decode(W3CHttpResponseCodec.java:122)
	at org.openqa.selenium.remote.http.W3CHttpResponseCodec.decode(W3CHttpResponseCodec.java:49)
	at org.openqa.selenium.remote.HttpCommandExecutor.execute(HttpCommandExecutor.java:158)
	at io.appium.java_client.remote.AppiumCommandExecutor.execute(AppiumCommandExecutor.java:239)
	at org.openqa.selenium.remote.RemoteWebDriver.execute(RemoteWebDriver.java:552)
	at io.appium.java_client.DefaultGenericMobileDriver.execute(DefaultGenericMobileDriver.java:42)
	at io.appium.java_client.AppiumDriver.execute(AppiumDriver.java:1)
	at io.appium.java_client.android.AndroidDriver.execute(AndroidDriver.java:1)
	at com.kms.katalon.core.appium.driver.SwipeableAndroidDriver.execute(SwipeableAndroidDriver.java:1)
	at org.openqa.selenium.remote.RemoteWebElement.execute(RemoteWebElement.java:285)
	at io.appium.java_client.DefaultGenericMobileElement.execute(DefaultGenericMobileElement.java:45)
	at io.appium.java_client.MobileElement.execute(MobileElement.java:1)
	at io.appium.java_client.android.AndroidElement.execute(AndroidElement.java:1)
	at org.openqa.selenium.remote.RemoteWebElement.click(RemoteWebElement.java:84)
	at com.kms.katalon.core.mobile.keyword.builtin.TapKeyword$_tap_closure1.doCall(TapKeyword.groovy:82)
	at com.kms.katalon.core.mobile.keyword.builtin.TapKeyword$_tap_closure1.call(TapKeyword.groovy)
	at com.kms.katalon.core.mobile.keyword.internal.MobileKeywordMain.runKeyword(MobileKeywordMain.groovy:21)
	at com.kms.katalon.core.mobile.keyword.builtin.TapKeyword.tap(TapKeyword.groovy:84)
	at com.kms.katalon.core.mobile.keyword.builtin.TapKeyword.execute(TapKeyword.groovy:68)
	at com.kms.katalon.core.keyword.internal.KeywordExecutor.executeKeywordForPlatform(KeywordExecutor.groovy:74)
	at com.kms.katalon.core.mobile.keyword.MobileBuiltInKeywords.tap(MobileBuiltInKeywords.groovy:1490)
	at com.kms.katalon.core.mobile.keyword.MobileBuiltInKeywords$tap$1.call(Unknown Source)
	at CPN105.1.run(CPN105.1:22)
	at com.kms.katalon.core.main.ScriptEngine.run(ScriptEngine.java:194)
	at com.kms.katalon.core.main.ScriptEngine.runScriptAsRawText(ScriptEngine.java:119)
	at com.kms.katalon.core.main.TestCaseExecutor.runScript(TestCaseExecutor.java:448)
	at com.kms.katalon.core.main.TestCaseExecutor.doExecute(TestCaseExecutor.java:439)
	at com.kms.katalon.core.main.TestCaseExecutor.processExecutionPhase(TestCaseExecutor.java:418)
	at com.kms.katalon.core.main.TestCaseExecutor.accessMainPhase(TestCaseExecutor.java:410)
	at com.kms.katalon.core.main.TestCaseExecutor.execute(TestCaseExecutor.java:285)
	at com.kms.katalon.core.common.CommonExecutor.accessTestCaseMainPhase(CommonExecutor.java:65)
	at com.kms.katalon.core.main.TestSuiteExecutor.accessTestSuiteMainPhase(TestSuiteExecutor.java:148)
	at com.kms.katalon.core.main.TestSuiteExecutor.execute(TestSuiteExecutor.java:106)
	at com.kms.katalon.core.main.TestCaseMain.startTestSuite(TestCaseMain.java:187)
	at com.kms.katalon.core.main.TestCaseMain$startTestSuite$0.call(Unknown Source)
	at TempTestSuite1695389264389.run(TempTestSuite1695389264389.groovy:36)
)

2023-09-22 08:39:51 - [MESSAGE][WARNING] - Timeout '0' is invalid. Using default page load timeout: '30'

2023-09-22 08:39:55 - [MESSAGE][FAILED] - Failed to tap on element 'Object Repository/Parte1/Envio de mensajes/CPN105.1/android.view.ViewGroup' (Root cause: org.openqa.selenium.StaleElementReferenceException: Cached elements 'By.xpath: //*[@class = 'android.view.ViewGroup' and @resource-id = 'com.naposystems.napoleonchat:id/constrainsLayout_conversation' and (@text = '' or . = '')]' do not exist in DOM anymore
For documentation on this error, please visit: https://www.seleniumhq.org/exceptions/stale_element_reference.html
Build info: version: '3.141.59', revision: 'e82be7d358', time: '2018-11-14T08:25:53'
System info: host: 'DESKTOP-OBIGNLU', ip: '192.168.1.6', os.name: 'Windows 10', os.arch: 'amd64', os.version: '10.0', java.version: '1.8.0_282'
Driver info: com.kms.katalon.core.appium.driver.SwipeableAndroidDriver
Capabilities {app: C:\Users\Testing\Desktop\ka..., appPackage: com.naposystems.napoleonchat, autoGrantPermissions: true, automationName: uiautomator2, chromedriverPort: 51711, databaseEnabled: false, desired: {app: C:\Users\Testing\Desktop\ka..., autoGrantPermissions: true, automationName: uiautomator2, chromedriverPort: 51711, deviceId: , deviceName: samsung SM-A107M (Android 11), fullReset: true, newCommandTimeout: 1800, noReset: false, platform: ANDROID, platformName: android, platformVersion: 11, systemPort: 51913, udid: R9WN40KBXDJ}, deviceApiLevel: 30, deviceId: , deviceManufacturer: samsung, deviceModel: SM-A107M, deviceName: R9WN40KBXDJ, deviceScreenDensity: 280, deviceScreenSize: 720x1520, deviceUDID: R9WN40KBXDJ, fullReset: true, javascriptEnabled: true, locationContextEnabled: false, networkConnectionEnabled: true, newCommandTimeout: 1800, noReset: false, pixelRatio: 1.75, platform: ANDROID, platformName: Android, platformVersion: 11, statBarHeight: 57, systemPort: 51913, takesScreenshot: true, udid: R9WN40KBXDJ, viewportRect: {height: 1324, left: 0, top: 57, width: 720}, warnings: {}, webStorageEnabled: false}
Session ID: 0e8f6176-bbdd-47e5-9ff8-f6c587e3c368
	at org.openqa.selenium.remote.http.W3CHttpResponseCodec.createException(W3CHttpResponseCodec.java:187)
	at org.openqa.selenium.remote.http.W3CHttpResponseCodec.decode(W3CHttpResponseCodec.java:122)
	at org.openqa.selenium.remote.http.W3CHttpResponseCodec.decode(W3CHttpResponseCodec.java:49)
	at org.openqa.selenium.remote.HttpCommandExecutor.execute(HttpCommandExecutor.java:158)
	at io.appium.java_client.remote.AppiumCommandExecutor.execute(AppiumCommandExecutor.java:239)
	at org.openqa.selenium.remote.RemoteWebDriver.execute(RemoteWebDriver.java:552)
	at io.appium.java_client.DefaultGenericMobileDriver.execute(DefaultGenericMobileDriver.java:42)
	at io.appium.java_client.AppiumDriver.execute(AppiumDriver.java:1)
	at io.appium.java_client.android.AndroidDriver.execute(AndroidDriver.java:1)
	at com.kms.katalon.core.appium.driver.SwipeableAndroidDriver.execute(SwipeableAndroidDriver.java:1)
	at org.openqa.selenium.remote.RemoteWebElement.execute(RemoteWebElement.java:285)
	at io.appium.java_client.DefaultGenericMobileElement.execute(DefaultGenericMobileElement.java:45)
	at io.appium.java_client.MobileElement.execute(MobileElement.java:1)
	at io.appium.java_client.android.AndroidElement.execute(AndroidElement.java:1)
	at org.openqa.selenium.remote.RemoteWebElement.click(RemoteWebElement.java:84)
	at com.kms.katalon.core.mobile.keyword.builtin.TapKeyword$_tap_closure1.doCall(TapKeyword.groovy:82)
	at com.kms.katalon.core.mobile.keyword.builtin.TapKeyword$_tap_closure1.call(TapKeyword.groovy)
	at com.kms.katalon.core.mobile.keyword.internal.MobileKeywordMain.runKeyword(MobileKeywordMain.groovy:21)
	at com.kms.katalon.core.mobile.keyword.builtin.TapKeyword.tap(TapKeyword.groovy:84)
	at com.kms.katalon.core.mobile.keyword.builtin.TapKeyword.execute(TapKeyword.groovy:68)
	at com.kms.katalon.core.keyword.internal.KeywordExecutor.executeKeywordForPlatform(KeywordExecutor.groovy:74)
	at com.kms.katalon.core.mobile.keyword.MobileBuiltInKeywords.tap(MobileBuiltInKeywords.groovy:1490)
	at com.kms.katalon.core.mobile.keyword.MobileBuiltInKeywords$tap$1.call(Unknown Source)
	at CPN105.1.run(CPN105.1:22)
	at com.kms.katalon.core.main.ScriptEngine.run(ScriptEngine.java:194)
	at com.kms.katalon.core.main.ScriptEngine.runScriptAsRawText(ScriptEngine.java:119)
	at com.kms.katalon.core.main.TestCaseExecutor.runScript(TestCaseExecutor.java:448)
	at com.kms.katalon.core.main.TestCaseExecutor.doExecute(TestCaseExecutor.java:439)
	at com.kms.katalon.core.main.TestCaseExecutor.processExecutionPhase(TestCaseExecutor.java:418)
	at com.kms.katalon.core.main.TestCaseExecutor.accessMainPhase(TestCaseExecutor.java:410)
	at com.kms.katalon.core.main.TestCaseExecutor.execute(TestCaseExecutor.java:285)
	at com.kms.katalon.core.common.CommonExecutor.accessTestCaseMainPhase(CommonExecutor.java:65)
	at com.kms.katalon.core.main.TestSuiteExecutor.accessTestSuiteMainPhase(TestSuiteExecutor.java:148)
	at com.kms.katalon.core.main.TestSuiteExecutor.execute(TestSuiteExecutor.java:106)
	at com.kms.katalon.core.main.TestCaseMain.startTestSuite(TestCaseMain.java:187)
	at com.kms.katalon.core.main.TestCaseMain$startTestSuite$0.call(Unknown Source)
	at TempTestSuite1695389264389.run(TempTestSuite1695389264389.groovy:36)
)
[[ATTACHMENT|C:\\Users\\Testing\\Katalon Studio\\NN_Version2\\Reports\\20230922_082744\\Integracion parte1 y parte 2\\20230922_082744\\1695389993874.png]]]]></system-out>
         <system-err><![CDATA[2023-09-22 08:39:49 - [TEST_CASE][FAILED] - Test Cases/Parte1/Envio de mensajes/CPN105.1: Test Cases/Parte1/Envio de mensajes/CPN105.1 FAILED.
Reason:
com.kms.katalon.core.exception.StepFailedException: Failed to tap on element 'Object Repository/Parte1/Envio de mensajes/CPN105.1/android.view.ViewGroup' (Root cause: org.openqa.selenium.StaleElementReferenceException: Cached elements 'By.xpath: //*[@class = 'android.view.ViewGroup' and @resource-id = 'com.naposystems.napoleonchat:id/constrainsLayout_conversation' and (@text = '' or . = '')]' do not exist in DOM anymore
For documentation on this error, please visit: https://www.seleniumhq.org/exceptions/stale_element_reference.html
Build info: version: '3.141.59', revision: 'e82be7d358', time: '2018-11-14T08:25:53'
System info: host: 'DESKTOP-OBIGNLU', ip: '192.168.1.6', os.name: 'Windows 10', os.arch: 'amd64', os.version: '10.0', java.version: '1.8.0_282'
Driver info: com.kms.katalon.core.appium.driver.SwipeableAndroidDriver
Capabilities {app: C:\Users\Testing\Desktop\ka..., appPackage: com.naposystems.napoleonchat, autoGrantPermissions: true, automationName: uiautomator2, chromedriverPort: 51711, databaseEnabled: false, desired: {app: C:\Users\Testing\Desktop\ka..., autoGrantPermissions: true, automationName: uiautomator2, chromedriverPort: 51711, deviceId: , deviceName: samsung SM-A107M (Android 11), fullReset: true, newCommandTimeout: 1800, noReset: false, platform: ANDROID, platformName: android, platformVersion: 11, systemPort: 51913, udid: R9WN40KBXDJ}, deviceApiLevel: 30, deviceId: , deviceManufacturer: samsung, deviceModel: SM-A107M, deviceName: R9WN40KBXDJ, deviceScreenDensity: 280, deviceScreenSize: 720x1520, deviceUDID: R9WN40KBXDJ, fullReset: true, javascriptEnabled: true, locationContextEnabled: false, networkConnectionEnabled: true, newCommandTimeout: 1800, noReset: false, pixelRatio: 1.75, platform: ANDROID, platformName: Android, platformVersion: 11, statBarHeight: 57, systemPort: 51913, takesScreenshot: true, udid: R9WN40KBXDJ, viewportRect: {height: 1324, left: 0, top: 57, width: 720}, warnings: {}, webStorageEnabled: false}
Session ID: 0e8f6176-bbdd-47e5-9ff8-f6c587e3c368
	at org.openqa.selenium.remote.http.W3CHttpResponseCodec.createException(W3CHttpResponseCodec.java:187)
	at org.openqa.selenium.remote.http.W3CHttpResponseCodec.decode(W3CHttpResponseCodec.java:122)
	at org.openqa.selenium.remote.http.W3CHttpResponseCodec.decode(W3CHttpResponseCodec.java:49)
	at org.openqa.selenium.remote.HttpCommandExecutor.execute(HttpCommandExecutor.java:158)
	at io.appium.java_client.remote.AppiumCommandExecutor.execute(AppiumCommandExecutor.java:239)
	at org.openqa.selenium.remote.RemoteWebDriver.execute(RemoteWebDriver.java:552)
	at io.appium.java_client.DefaultGenericMobileDriver.execute(DefaultGenericMobileDriver.java:42)
	at io.appium.java_client.AppiumDriver.execute(AppiumDriver.java:1)
	at io.appium.java_client.android.AndroidDriver.execute(AndroidDriver.java:1)
	at com.kms.katalon.core.appium.driver.SwipeableAndroidDriver.execute(SwipeableAndroidDriver.java:1)
	at org.openqa.selenium.remote.RemoteWebElement.execute(RemoteWebElement.java:285)
	at io.appium.java_client.DefaultGenericMobileElement.execute(DefaultGenericMobileElement.java:45)
	at io.appium.java_client.MobileElement.execute(MobileElement.java:1)
	at io.appium.java_client.android.AndroidElement.execute(AndroidElement.java:1)
	at org.openqa.selenium.remote.RemoteWebElement.click(RemoteWebElement.java:84)
	at com.kms.katalon.core.mobile.keyword.builtin.TapKeyword$_tap_closure1.doCall(TapKeyword.groovy:82)
	at com.kms.katalon.core.mobile.keyword.builtin.TapKeyword$_tap_closure1.call(TapKeyword.groovy)
	at com.kms.katalon.core.mobile.keyword.internal.MobileKeywordMain.runKeyword(MobileKeywordMain.groovy:21)
	at com.kms.katalon.core.mobile.keyword.builtin.TapKeyword.tap(TapKeyword.groovy:84)
	at com.kms.katalon.core.mobile.keyword.builtin.TapKeyword.execute(TapKeyword.groovy:68)
	at com.kms.katalon.core.keyword.internal.KeywordExecutor.executeKeywordForPlatform(KeywordExecutor.groovy:74)
	at com.kms.katalon.core.mobile.keyword.MobileBuiltInKeywords.tap(MobileBuiltInKeywords.groovy:1490)
	at com.kms.katalon.core.mobile.keyword.MobileBuiltInKeywords$tap$1.call(Unknown Source)
	at CPN105.1.run(CPN105.1:22)
	at com.kms.katalon.core.main.ScriptEngine.run(ScriptEngine.java:194)
	at com.kms.katalon.core.main.ScriptEngine.runScriptAsRawText(ScriptEngine.java:119)
	at com.kms.katalon.core.main.TestCaseExecutor.runScript(TestCaseExecutor.java:448)
	at com.kms.katalon.core.main.TestCaseExecutor.doExecute(TestCaseExecutor.java:439)
	at com.kms.katalon.core.main.TestCaseExecutor.processExecutionPhase(TestCaseExecutor.java:418)
	at com.kms.katalon.core.main.TestCaseExecutor.accessMainPhase(TestCaseExecutor.java:410)
	at com.kms.katalon.core.main.TestCaseExecutor.execute(TestCaseExecutor.java:285)
	at com.kms.katalon.core.common.CommonExecutor.accessTestCaseMainPhase(CommonExecutor.java:65)
	at com.kms.katalon.core.main.TestSuiteExecutor.accessTestSuiteMainPhase(TestSuiteExecutor.java:148)
	at com.kms.katalon.core.main.TestSuiteExecutor.execute(TestSuiteExecutor.java:106)
	at com.kms.katalon.core.main.TestCaseMain.startTestSuite(TestCaseMain.java:187)
	at com.kms.katalon.core.main.TestCaseMain$startTestSuite$0.call(Unknown Source)
	at TempTestSuite1695389264389.run(TempTestSuite1695389264389.groovy:36)
)
	at com.kms.katalon.core.keyword.internal.KeywordMain.stepFailed(KeywordMain.groovy:51)
	at com.kms.katalon.core.mobile.keyword.internal.MobileKeywordMain.stepFailed(MobileKeywordMain.groovy:40)
	at com.kms.katalon.core.mobile.keyword.internal.MobileKeywordMain.runKeyword(MobileKeywordMain.groovy:23)
	at com.kms.katalon.core.mobile.keyword.builtin.TapKeyword.tap(TapKeyword.groovy:84)
	at com.kms.katalon.core.mobile.keyword.builtin.TapKeyword.execute(TapKeyword.groovy:68)
	at com.kms.katalon.core.keyword.internal.KeywordExecutor.executeKeywordForPlatform(KeywordExecutor.groovy:74)
	at com.kms.katalon.core.mobile.keyword.MobileBuiltInKeywords.tap(MobileBuiltInKeywords.groovy:1490)
	at com.kms.katalon.core.mobile.keyword.MobileBuiltInKeywords$tap$1.call(Unknown Source)
	at CPN105.1.run(CPN105.1:22)
	at com.kms.katalon.core.main.ScriptEngine.run(ScriptEngine.java:194)
	at com.kms.katalon.core.main.ScriptEngine.runScriptAsRawText(ScriptEngine.java:119)
	at com.kms.katalon.core.main.TestCaseExecutor.runScript(TestCaseExecutor.java:448)
	at com.kms.katalon.core.main.TestCaseExecutor.doExecute(TestCaseExecutor.java:439)
	at com.kms.katalon.core.main.TestCaseExecutor.processExecutionPhase(TestCaseExecutor.java:418)
	at com.kms.katalon.core.main.TestCaseExecutor.accessMainPhase(TestCaseExecutor.java:410)
	at com.kms.katalon.core.main.TestCaseExecutor.execute(TestCaseExecutor.java:285)
	at com.kms.katalon.core.common.CommonExecutor.accessTestCaseMainPhase(CommonExecutor.java:65)
	at com.kms.katalon.core.main.TestSuiteExecutor.accessTestSuiteMainPhase(TestSuiteExecutor.java:148)
	at com.kms.katalon.core.main.TestSuiteExecutor.execute(TestSuiteExecutor.java:106)
	at com.kms.katalon.core.main.TestCaseMain.startTestSuite(TestCaseMain.java:187)
	at com.kms.katalon.core.main.TestCaseMain$startTestSuite$0.call(Unknown Source)
	at TempTestSuite1695389264389.run(TempTestSuite1695389264389.groovy:36)
Caused by: org.openqa.selenium.StaleElementReferenceException: Cached elements 'By.xpath: //*[@class = 'android.view.ViewGroup' and @resource-id = 'com.naposystems.napoleonchat:id/constrainsLayout_conversation' and (@text = '' or . = '')]' do not exist in DOM anymore
For documentation on this error, please visit: https://www.seleniumhq.org/exceptions/stale_element_reference.html
Build info: version: '3.141.59', revision: 'e82be7d358', time: '2018-11-14T08:25:53'
System info: host: 'DESKTOP-OBIGNLU', ip: '192.168.1.6', os.name: 'Windows 10', os.arch: 'amd64', os.version: '10.0', java.version: '1.8.0_282'
Driver info: com.kms.katalon.core.appium.driver.SwipeableAndroidDriver
Capabilities {app: C:\Users\Testing\Desktop\ka..., appPackage: com.naposystems.napoleonchat, autoGrantPermissions: true, automationName: uiautomator2, chromedriverPort: 51711, databaseEnabled: false, desired: {app: C:\Users\Testing\Desktop\ka..., autoGrantPermissions: true, automationName: uiautomator2, chromedriverPort: 51711, deviceId: , deviceName: samsung SM-A107M (Android 11), fullReset: true, newCommandTimeout: 1800, noReset: false, platform: ANDROID, platformName: android, platformVersion: 11, systemPort: 51913, udid: R9WN40KBXDJ}, deviceApiLevel: 30, deviceId: , deviceManufacturer: samsung, deviceModel: SM-A107M, deviceName: R9WN40KBXDJ, deviceScreenDensity: 280, deviceScreenSize: 720x1520, deviceUDID: R9WN40KBXDJ, fullReset: true, javascriptEnabled: true, locationContextEnabled: false, networkConnectionEnabled: true, newCommandTimeout: 1800, noReset: false, pixelRatio: 1.75, platform: ANDROID, platformName: Android, platformVersion: 11, statBarHeight: 57, systemPort: 51913, takesScreenshot: true, udid: R9WN40KBXDJ, viewportRect: {height: 1324, left: 0, top: 57, width: 720}, warnings: {}, webStorageEnabled: false}
Session ID: 0e8f6176-bbdd-47e5-9ff8-f6c587e3c368
	at org.openqa.selenium.remote.http.W3CHttpResponseCodec.createException(W3CHttpResponseCodec.java:187)
	at org.openqa.selenium.remote.http.W3CHttpResponseCodec.decode(W3CHttpResponseCodec.java:122)
	at org.openqa.selenium.remote.http.W3CHttpResponseCodec.decode(W3CHttpResponseCodec.java:49)
	at org.openqa.selenium.remote.HttpCommandExecutor.execute(HttpCommandExecutor.java:158)
	at io.appium.java_client.remote.AppiumCommandExecutor.execute(AppiumCommandExecutor.java:239)
	at org.openqa.selenium.remote.RemoteWebDriver.execute(RemoteWebDriver.java:552)
	at io.appium.java_client.DefaultGenericMobileDriver.execute(DefaultGenericMobileDriver.java:42)
	at io.appium.java_client.AppiumDriver.execute(AppiumDriver.java:1)
	at io.appium.java_client.android.AndroidDriver.execute(AndroidDriver.java:1)
	at com.kms.katalon.core.appium.driver.SwipeableAndroidDriver.execute(SwipeableAndroidDriver.java:1)
	at org.openqa.selenium.remote.RemoteWebElement.execute(RemoteWebElement.java:285)
	at io.appium.java_client.DefaultGenericMobileElement.execute(DefaultGenericMobileElement.java:45)
	at io.appium.java_client.MobileElement.execute(MobileElement.java:1)
	at io.appium.java_client.android.AndroidElement.execute(AndroidElement.java:1)
	at org.openqa.selenium.remote.RemoteWebElement.click(RemoteWebElement.java:84)
	at com.kms.katalon.core.mobile.keyword.builtin.TapKeyword$_tap_closure1.doCall(TapKeyword.groovy:82)
	at com.kms.katalon.core.mobile.keyword.builtin.TapKeyword$_tap_closure1.call(TapKeyword.groovy)
	at com.kms.katalon.core.mobile.keyword.internal.MobileKeywordMain.runKeyword(MobileKeywordMain.groovy:21)
	... 19 more]]></system-err>
      </testcase>
      <testcase name="Test Cases/Eliminar_conversacion" time="16.022" classname="Test Cases/Eliminar_conversacion" status="PASSED">
         <system-out><![CDATA[2023-09-22 08:39:55 - [TEST_CASE][PASSED] - Test Cases/Eliminar_conversacion: Test Cases/Eliminar_conversacion

2023-09-22 08:39:55 - [TEST_STEP][PASSED] - delay(5, CONTINUE_ON_FAILURE): Delayed 5 second(s)

2023-09-22 08:40:00 - [MESSAGE][PASSED] - Delayed 5 second(s)

2023-09-22 08:40:00 - [TEST_STEP][PASSED] - tapAndHold(findTestObject("Parte1/Eliminar_conversacion/android.view.ViewGroup"), 4, 1): Tapped and held on element 'Object Repository/Parte1/Eliminar_conversacion/android.view.ViewGroup' with duration 4

2023-09-22 08:40:06 - [MESSAGE][PASSED] - Tapped and held on element 'Object Repository/Parte1/Eliminar_conversacion/android.view.ViewGroup' with duration 4

2023-09-22 08:40:06 - [TEST_STEP][PASSED] - waitForElementPresent(findTestObject("Object Repository/Parte1/Eliminar_conversacion/android.widget.FrameLayout"), 0): Element 'Object Repository/Parte1/Eliminar_conversacion/android.widget.FrameLayout' is present

2023-09-22 08:40:06 - [MESSAGE][WARNING] - Timeout '0' is invalid. Using default page load timeout: '30'

2023-09-22 08:40:06 - [MESSAGE][PASSED] - Element 'Object Repository/Parte1/Eliminar_conversacion/android.widget.FrameLayout' is present

2023-09-22 08:40:06 - [TEST_STEP][PASSED] - tap(findTestObject("Object Repository/Parte1/Eliminar_conversacion/android.widget.LinearLayout"), 0): Tapped on element 'Object Repository/Parte1/Eliminar_conversacion/android.widget.LinearLayout'

2023-09-22 08:40:06 - [MESSAGE][WARNING] - Timeout '0' is invalid. Using default page load timeout: '30'

2023-09-22 08:40:07 - [MESSAGE][PASSED] - Tapped on element 'Object Repository/Parte1/Eliminar_conversacion/android.widget.LinearLayout'

2023-09-22 08:40:07 - [TEST_STEP][PASSED] - waitForElementPresent(findTestObject("Object Repository/Parte1/Eliminar_conversacion/android.view.ViewGroup (1)"), 0): Element 'Object Repository/Parte1/Eliminar_conversacion/android.view.ViewGroup (1)' is present

2023-09-22 08:40:07 - [MESSAGE][WARNING] - Timeout '0' is invalid. Using default page load timeout: '30'

2023-09-22 08:40:07 - [MESSAGE][PASSED] - Element 'Object Repository/Parte1/Eliminar_conversacion/android.view.ViewGroup (1)' is present

2023-09-22 08:40:07 - [TEST_STEP][PASSED] - tap(findTestObject("Object Repository/Parte1/Eliminar_conversacion/android.widget.Button - Aceptar"), 1): Tapped on element 'Object Repository/Parte1/Eliminar_conversacion/android.widget.Button - Aceptar'

2023-09-22 08:40:07 - [MESSAGE][PASSED] - Tapped on element 'Object Repository/Parte1/Eliminar_conversacion/android.widget.Button - Aceptar'

2023-09-22 08:40:07 - [TEST_STEP][PASSED] - waitForElementPresent(findTestObject("Object Repository/Parte1/Eliminar_conversacion/android.widget.TextView - NapoleoN"), 0): Element 'Object Repository/Parte1/Eliminar_conversacion/android.widget.TextView - NapoleoN' is present

2023-09-22 08:40:07 - [MESSAGE][WARNING] - Timeout '0' is invalid. Using default page load timeout: '30'

2023-09-22 08:40:11 - [MESSAGE][PASSED] - Element 'Object Repository/Parte1/Eliminar_conversacion/android.widget.TextView - NapoleoN' is present]]></system-out>
         <system-err><![CDATA[]]></system-err>
      </testcase>
      <testcase name="Test Cases/Parte2/Ajustes/Cuenta/Pin de Acceso/CPN159" time="22.404" classname="Test Cases/Parte2/Ajustes/Cuenta/Pin de Acceso/CPN159" status="PASSED">
         <system-out><![CDATA[2023-09-22 08:40:11 - [TEST_CASE][PASSED] - Test Cases/Parte2/Ajustes/Cuenta/Pin de Acceso/CPN159: Test Cases/Parte2/Ajustes/Cuenta/Pin de Acceso/CPN159

2023-09-22 08:40:11 - [TEST_STEP][PASSED] - delay(0, STOP_ON_FAILURE): Delayed 0 second(s)

2023-09-22 08:40:11 - [MESSAGE][PASSED] - Delayed 0 second(s)

2023-09-22 08:40:11 - [TEST_STEP][PASSED] - tap(findTestObject("Parte2/Ajustes cuenta/Cuenta/Pin de Acceso/android.widget.FrameLayout (1)"), 0): Tapped on element 'Object Repository/Parte2/Ajustes cuenta/Cuenta/Pin de Acceso/android.widget.FrameLayout (1)'

2023-09-22 08:40:11 - [MESSAGE][WARNING] - Timeout '0' is invalid. Using default page load timeout: '30'

2023-09-22 08:40:21 - [MESSAGE][PASSED] - Tapped on element 'Object Repository/Parte2/Ajustes cuenta/Cuenta/Pin de Acceso/android.widget.FrameLayout (1)'

2023-09-22 08:40:21 - [TEST_STEP][PASSED] - tap(findTestObject("Parte2/Ajustes cuenta/Cuenta/Pin de Acceso/android.widget.LinearLayout"), 0): Tapped on element 'Object Repository/Parte2/Ajustes cuenta/Cuenta/Pin de Acceso/android.widget.LinearLayout'

2023-09-22 08:40:21 - [MESSAGE][WARNING] - Timeout '0' is invalid. Using default page load timeout: '30'

2023-09-22 08:40:23 - [MESSAGE][PASSED] - Tapped on element 'Object Repository/Parte2/Ajustes cuenta/Cuenta/Pin de Acceso/android.widget.LinearLayout'

2023-09-22 08:40:23 - [TEST_STEP][PASSED] - tap(findTestObject("Parte2/Ajustes cuenta/Cuenta/Pin de Acceso/android.widget.LinearLayout (1)"), 0): Tapped on element 'Object Repository/Parte2/Ajustes cuenta/Cuenta/Pin de Acceso/android.widget.LinearLayout (1)'

2023-09-22 08:40:23 - [MESSAGE][WARNING] - Timeout '0' is invalid. Using default page load timeout: '30'

2023-09-22 08:40:24 - [MESSAGE][PASSED] - Tapped on element 'Object Repository/Parte2/Ajustes cuenta/Cuenta/Pin de Acceso/android.widget.LinearLayout (1)'

2023-09-22 08:40:24 - [TEST_STEP][PASSED] - setText(findTestObject("Parte2/Ajustes cuenta/Cuenta/Pin de Acceso/android.widget.EditText - Pin de acceso antiguo"), "0000", 0): Text '0000' has been set to element 'Object Repository/Parte2/Ajustes cuenta/Cuenta/Pin de Acceso/android.widget.EditText - Pin de acceso antiguo'

2023-09-22 08:40:24 - [MESSAGE][WARNING] - Timeout '0' is invalid. Using default page load timeout: '30'

2023-09-22 08:40:26 - [MESSAGE][PASSED] - Text '0000' has been set to element 'Object Repository/Parte2/Ajustes cuenta/Cuenta/Pin de Acceso/android.widget.EditText - Pin de acceso antiguo'

2023-09-22 08:40:26 - [TEST_STEP][PASSED] - setText(findTestObject("Parte2/Ajustes cuenta/Cuenta/Pin de Acceso/android.widget.EditText - Nuevo pin de acceso"), "1234", 0): Text '1234' has been set to element 'Object Repository/Parte2/Ajustes cuenta/Cuenta/Pin de Acceso/android.widget.EditText - Nuevo pin de acceso'

2023-09-22 08:40:26 - [MESSAGE][WARNING] - Timeout '0' is invalid. Using default page load timeout: '30'

2023-09-22 08:40:28 - [MESSAGE][PASSED] - Text '1234' has been set to element 'Object Repository/Parte2/Ajustes cuenta/Cuenta/Pin de Acceso/android.widget.EditText - Nuevo pin de acceso'

2023-09-22 08:40:28 - [TEST_STEP][PASSED] - setText(findTestObject("Parte2/Ajustes cuenta/Cuenta/Pin de Acceso/android.widget.EditText - Confirmar nuevo pin de acceso"), "4321", 0): Text '4321' has been set to element 'Object Repository/Parte2/Ajustes cuenta/Cuenta/Pin de Acceso/android.widget.EditText - Confirmar nuevo pin de acceso'

2023-09-22 08:40:28 - [MESSAGE][WARNING] - Timeout '0' is invalid. Using default page load timeout: '30'

2023-09-22 08:40:30 - [MESSAGE][PASSED] - Text '4321' has been set to element 'Object Repository/Parte2/Ajustes cuenta/Cuenta/Pin de Acceso/android.widget.EditText - Confirmar nuevo pin de acceso'

2023-09-22 08:40:30 - [TEST_STEP][PASSED] - tap(findTestObject("Parte2/Ajustes cuenta/Cuenta/Pin de Acceso/android.widget.Button - Editar"), 0): Tapped on element 'Object Repository/Parte2/Ajustes cuenta/Cuenta/Pin de Acceso/android.widget.Button - Editar'

2023-09-22 08:40:30 - [MESSAGE][WARNING] - Timeout '0' is invalid. Using default page load timeout: '30'

2023-09-22 08:40:30 - [MESSAGE][PASSED] - Tapped on element 'Object Repository/Parte2/Ajustes cuenta/Cuenta/Pin de Acceso/android.widget.Button - Editar'

2023-09-22 08:40:30 - [TEST_STEP][PASSED] - verifyElementText(findTestObject("Parte2/Ajustes cuenta/Cuenta/Pin de Acceso/android.widget.TextView - El pin de acceso no coincide"), "El pin de acceso no coincide"): Actual text and expected text of test object 'Object Repository/Parte2/Ajustes cuenta/Cuenta/Pin de Acceso/android.widget.TextView - El pin de acceso no coincide' are matched.

2023-09-22 08:40:31 - [MESSAGE][PASSED] - Actual text and expected text of test object 'Object Repository/Parte2/Ajustes cuenta/Cuenta/Pin de Acceso/android.widget.TextView - El pin de acceso no coincide' are matched.

2023-09-22 08:40:31 - [TEST_STEP][PASSED] - verifyElementText(findTestObject("Parte2/Ajustes cuenta/Cuenta/Pin de Acceso/android.widget.TextView - El pin de acceso no coincide (1)"), "El pin de acceso no coincide"): Actual text and expected text of test object 'Object Repository/Parte2/Ajustes cuenta/Cuenta/Pin de Acceso/android.widget.TextView - El pin de acceso no coincide (1)' are matched.

2023-09-22 08:40:32 - [MESSAGE][PASSED] - Actual text and expected text of test object 'Object Repository/Parte2/Ajustes cuenta/Cuenta/Pin de Acceso/android.widget.TextView - El pin de acceso no coincide (1)' are matched.

2023-09-22 08:40:32 - [TEST_STEP][PASSED] - tap(findTestObject("Parte2/Ajustes cuenta/Cuenta/Pin de Acceso/android.widget.ImageButton"), 0): Tapped on element 'Object Repository/Parte2/Ajustes cuenta/Cuenta/Pin de Acceso/android.widget.ImageButton'

2023-09-22 08:40:32 - [MESSAGE][WARNING] - Timeout '0' is invalid. Using default page load timeout: '30'

2023-09-22 08:40:32 - [MESSAGE][PASSED] - Tapped on element 'Object Repository/Parte2/Ajustes cuenta/Cuenta/Pin de Acceso/android.widget.ImageButton'

2023-09-22 08:40:32 - [TEST_STEP][PASSED] - tap(findTestObject("Parte2/Ajustes cuenta/Cuenta/Pin de Acceso/android.widget.LinearLayout (1)"), 0): Tapped on element 'Object Repository/Parte2/Ajustes cuenta/Cuenta/Pin de Acceso/android.widget.LinearLayout (1)'

2023-09-22 08:40:32 - [MESSAGE][WARNING] - Timeout '0' is invalid. Using default page load timeout: '30'

2023-09-22 08:40:33 - [MESSAGE][PASSED] - Tapped on element 'Object Repository/Parte2/Ajustes cuenta/Cuenta/Pin de Acceso/android.widget.LinearLayout (1)']]></system-out>
         <system-err><![CDATA[]]></system-err>
      </testcase>
      <testcase name="Test Cases/Parte2/Ajustes/Cuenta/Pin de Acceso/CPN160" time="9.44" classname="Test Cases/Parte2/Ajustes/Cuenta/Pin de Acceso/CPN160" status="PASSED">
         <system-out><![CDATA[2023-09-22 08:40:33 - [TEST_CASE][PASSED] - Test Cases/Parte2/Ajustes/Cuenta/Pin de Acceso/CPN160: Test Cases/Parte2/Ajustes/Cuenta/Pin de Acceso/CPN160

2023-09-22 08:40:33 - [TEST_STEP][PASSED] - setText(findTestObject("Parte2/Ajustes cuenta/Cuenta/Pin de Acceso/android.widget.EditText - Pin de acceso antiguo"), "1234", 0): Text '1234' has been set to element 'Object Repository/Parte2/Ajustes cuenta/Cuenta/Pin de Acceso/android.widget.EditText - Pin de acceso antiguo'

2023-09-22 08:40:33 - [MESSAGE][WARNING] - Timeout '0' is invalid. Using default page load timeout: '30'

2023-09-22 08:40:36 - [MESSAGE][PASSED] - Text '1234' has been set to element 'Object Repository/Parte2/Ajustes cuenta/Cuenta/Pin de Acceso/android.widget.EditText - Pin de acceso antiguo'

2023-09-22 08:40:36 - [TEST_STEP][PASSED] - setText(findTestObject("Parte2/Ajustes cuenta/Cuenta/Pin de Acceso/android.widget.EditText - Nuevo pin de acceso"), "1111", 0): Text '1111' has been set to element 'Object Repository/Parte2/Ajustes cuenta/Cuenta/Pin de Acceso/android.widget.EditText - Nuevo pin de acceso'

2023-09-22 08:40:36 - [MESSAGE][WARNING] - Timeout '0' is invalid. Using default page load timeout: '30'

2023-09-22 08:40:38 - [MESSAGE][PASSED] - Text '1111' has been set to element 'Object Repository/Parte2/Ajustes cuenta/Cuenta/Pin de Acceso/android.widget.EditText - Nuevo pin de acceso'

2023-09-22 08:40:38 - [TEST_STEP][PASSED] - setText(findTestObject("Parte2/Ajustes cuenta/Cuenta/Pin de Acceso/android.widget.EditText - Confirmar nuevo pin de acceso"), "1111", 0): Text '1111' has been set to element 'Object Repository/Parte2/Ajustes cuenta/Cuenta/Pin de Acceso/android.widget.EditText - Confirmar nuevo pin de acceso'

2023-09-22 08:40:38 - [MESSAGE][WARNING] - Timeout '0' is invalid. Using default page load timeout: '30'

2023-09-22 08:40:39 - [MESSAGE][PASSED] - Text '1111' has been set to element 'Object Repository/Parte2/Ajustes cuenta/Cuenta/Pin de Acceso/android.widget.EditText - Confirmar nuevo pin de acceso'

2023-09-22 08:40:39 - [TEST_STEP][PASSED] - tap(findTestObject("Parte2/Ajustes cuenta/Cuenta/Pin de Acceso/android.widget.Button - Editar"), 0): Tapped on element 'Object Repository/Parte2/Ajustes cuenta/Cuenta/Pin de Acceso/android.widget.Button - Editar'

2023-09-22 08:40:39 - [MESSAGE][WARNING] - Timeout '0' is invalid. Using default page load timeout: '30'

2023-09-22 08:40:40 - [MESSAGE][PASSED] - Tapped on element 'Object Repository/Parte2/Ajustes cuenta/Cuenta/Pin de Acceso/android.widget.Button - Editar'

2023-09-22 08:40:40 - [TEST_STEP][PASSED] - verifyElementText(findTestObject("Parte2/Ajustes cuenta/Cuenta/Pin de Acceso/android.widget.TextView - Pin de acceso no corresponde"), "Pin de acceso no corresponde"): Actual text and expected text of test object 'Object Repository/Parte2/Ajustes cuenta/Cuenta/Pin de Acceso/android.widget.TextView - Pin de acceso no corresponde' are matched.

2023-09-22 08:40:41 - [MESSAGE][PASSED] - Actual text and expected text of test object 'Object Repository/Parte2/Ajustes cuenta/Cuenta/Pin de Acceso/android.widget.TextView - Pin de acceso no corresponde' are matched.

2023-09-22 08:40:41 - [TEST_STEP][PASSED] - tap(findTestObject("Parte2/Ajustes cuenta/Cuenta/Pin de Acceso/android.widget.ImageButton"), 0, STOP_ON_FAILURE): Tapped on element 'Object Repository/Parte2/Ajustes cuenta/Cuenta/Pin de Acceso/android.widget.ImageButton'

2023-09-22 08:40:41 - [MESSAGE][WARNING] - Timeout '0' is invalid. Using default page load timeout: '30'

2023-09-22 08:40:41 - [MESSAGE][PASSED] - Tapped on element 'Object Repository/Parte2/Ajustes cuenta/Cuenta/Pin de Acceso/android.widget.ImageButton'

2023-09-22 08:40:41 - [TEST_STEP][PASSED] - tap(findTestObject("Parte2/Ajustes cuenta/Cuenta/Pin de Acceso/android.widget.LinearLayout (1)"), 0): Tapped on element 'Object Repository/Parte2/Ajustes cuenta/Cuenta/Pin de Acceso/android.widget.LinearLayout (1)'

2023-09-22 08:40:41 - [MESSAGE][WARNING] - Timeout '0' is invalid. Using default page load timeout: '30'

2023-09-22 08:40:43 - [MESSAGE][PASSED] - Tapped on element 'Object Repository/Parte2/Ajustes cuenta/Cuenta/Pin de Acceso/android.widget.LinearLayout (1)']]></system-out>
         <system-err><![CDATA[]]></system-err>
      </testcase>
      <testcase name="Test Cases/Parte2/Ajustes/Cuenta/Pin de Acceso/CPN161" time="9.211" classname="Test Cases/Parte2/Ajustes/Cuenta/Pin de Acceso/CPN161" status="PASSED">
         <system-out><![CDATA[2023-09-22 08:40:43 - [TEST_CASE][PASSED] - Test Cases/Parte2/Ajustes/Cuenta/Pin de Acceso/CPN161: Test Cases/Parte2/Ajustes/Cuenta/Pin de Acceso/CPN161

2023-09-22 08:40:43 - [TEST_STEP][PASSED] - delay(3, STOP_ON_FAILURE): Delayed 3 second(s)

2023-09-22 08:40:46 - [MESSAGE][PASSED] - Delayed 3 second(s)

2023-09-22 08:40:46 - [TEST_STEP][PASSED] - setText(findTestObject("Parte2/Ajustes cuenta/Cuenta/Pin de Acceso/android.widget.EditText - Pin de acceso antiguo"), "0000", 0): Text '0000' has been set to element 'Object Repository/Parte2/Ajustes cuenta/Cuenta/Pin de Acceso/android.widget.EditText - Pin de acceso antiguo'

2023-09-22 08:40:46 - [MESSAGE][WARNING] - Timeout '0' is invalid. Using default page load timeout: '30'

2023-09-22 08:40:48 - [MESSAGE][PASSED] - Text '0000' has been set to element 'Object Repository/Parte2/Ajustes cuenta/Cuenta/Pin de Acceso/android.widget.EditText - Pin de acceso antiguo'

2023-09-22 08:40:48 - [TEST_STEP][PASSED] - setText(findTestObject("Parte2/Ajustes cuenta/Cuenta/Pin de Acceso/android.widget.EditText - Nuevo pin de acceso"), "1111", 0): Text '1111' has been set to element 'Object Repository/Parte2/Ajustes cuenta/Cuenta/Pin de Acceso/android.widget.EditText - Nuevo pin de acceso'

2023-09-22 08:40:48 - [MESSAGE][WARNING] - Timeout '0' is invalid. Using default page load timeout: '30'

2023-09-22 08:40:49 - [MESSAGE][PASSED] - Text '1111' has been set to element 'Object Repository/Parte2/Ajustes cuenta/Cuenta/Pin de Acceso/android.widget.EditText - Nuevo pin de acceso'

2023-09-22 08:40:49 - [TEST_STEP][PASSED] - setText(findTestObject("Parte2/Ajustes cuenta/Cuenta/Pin de Acceso/android.widget.EditText - Confirmar nuevo pin de acceso (1)"), "1111", 0): Text '1111' has been set to element 'Object Repository/Parte2/Ajustes cuenta/Cuenta/Pin de Acceso/android.widget.EditText - Confirmar nuevo pin de acceso (1)'

2023-09-22 08:40:49 - [MESSAGE][WARNING] - Timeout '0' is invalid. Using default page load timeout: '30'

2023-09-22 08:40:51 - [MESSAGE][PASSED] - Text '1111' has been set to element 'Object Repository/Parte2/Ajustes cuenta/Cuenta/Pin de Acceso/android.widget.EditText - Confirmar nuevo pin de acceso (1)'

2023-09-22 08:40:51 - [TEST_STEP][PASSED] - tap(findTestObject("Parte2/Ajustes cuenta/Cuenta/Pin de Acceso/android.widget.Button - Editar"), 0): Tapped on element 'Object Repository/Parte2/Ajustes cuenta/Cuenta/Pin de Acceso/android.widget.Button - Editar'

2023-09-22 08:40:51 - [MESSAGE][WARNING] - Timeout '0' is invalid. Using default page load timeout: '30'

2023-09-22 08:40:52 - [MESSAGE][PASSED] - Tapped on element 'Object Repository/Parte2/Ajustes cuenta/Cuenta/Pin de Acceso/android.widget.Button - Editar']]></system-out>
         <system-err><![CDATA[]]></system-err>
      </testcase>
      <testcase name="Test Cases/Parte2/Ajustes/Cuenta/Opciones de desbloqueo/CPN162" time="7.189" classname="Test Cases/Parte2/Ajustes/Cuenta/Opciones de desbloqueo/CPN162" status="PASSED">
         <system-out><![CDATA[2023-09-22 08:40:52 - [TEST_CASE][PASSED] - Test Cases/Parte2/Ajustes/Cuenta/Opciones de desbloqueo/CPN162: Test Cases/Parte2/Ajustes/Cuenta/Opciones de desbloqueo/CPN162

2023-09-22 08:40:52 - [TEST_STEP][PASSED] - tap(findTestObject("Parte2/Ajustes cuenta/Cuenta/Opciones de desbloqueo/android.widget.TextView - Opciones de desbloqueo"), 0): Tapped on element 'Object Repository/Parte2/Ajustes cuenta/Cuenta/Opciones de desbloqueo/android.widget.TextView - Opciones de desbloqueo'

2023-09-22 08:40:52 - [MESSAGE][WARNING] - Timeout '0' is invalid. Using default page load timeout: '30'

2023-09-22 08:40:53 - [MESSAGE][PASSED] - Tapped on element 'Object Repository/Parte2/Ajustes cuenta/Cuenta/Opciones de desbloqueo/android.widget.TextView - Opciones de desbloqueo'

2023-09-22 08:40:53 - [TEST_STEP][PASSED] - verifyElementExist(findTestObject("Parte2/Ajustes cuenta/Cuenta/Opciones de desbloqueo/android.widget.RadioGroup"), 0): Element 'Object Repository/Parte2/Ajustes cuenta/Cuenta/Opciones de desbloqueo/android.widget.RadioGroup' is exist

2023-09-22 08:40:53 - [MESSAGE][WARNING] - Timeout '0' is invalid. Using default page load timeout: '30'

2023-09-22 08:40:54 - [MESSAGE][PASSED] - Element 'Object Repository/Parte2/Ajustes cuenta/Cuenta/Opciones de desbloqueo/android.widget.RadioGroup' is exist

2023-09-22 08:40:54 - [TEST_STEP][PASSED] - delay(5, STOP_ON_FAILURE): Delayed 5 second(s)

2023-09-22 08:40:59 - [MESSAGE][PASSED] - Delayed 5 second(s)]]></system-out>
         <system-err><![CDATA[]]></system-err>
      </testcase>
      <testcase name="Test Cases/Parte2/Ajustes/Cuenta/Opciones de desbloqueo/CPN163" time="6.437" classname="Test Cases/Parte2/Ajustes/Cuenta/Opciones de desbloqueo/CPN163" status="PASSED">
         <system-out><![CDATA[2023-09-22 08:40:59 - [TEST_CASE][PASSED] - Test Cases/Parte2/Ajustes/Cuenta/Opciones de desbloqueo/CPN163: Test Cases/Parte2/Ajustes/Cuenta/Opciones de desbloqueo/CPN163

2023-09-22 08:40:59 - [TEST_STEP][PASSED] - tap(findTestObject("Parte2/Ajustes cuenta/Cuenta/Opciones de desbloqueo/android.widget.RadioButton - Pin  Huella dactilar"), 0): Tapped on element 'Object Repository/Parte2/Ajustes cuenta/Cuenta/Opciones de desbloqueo/android.widget.RadioButton - Pin  Huella dactilar'

2023-09-22 08:40:59 - [MESSAGE][WARNING] - Timeout '0' is invalid. Using default page load timeout: '30'

2023-09-22 08:40:59 - [MESSAGE][PASSED] - Tapped on element 'Object Repository/Parte2/Ajustes cuenta/Cuenta/Opciones de desbloqueo/android.widget.RadioButton - Pin  Huella dactilar'

2023-09-22 08:40:59 - [TEST_STEP][PASSED] - tap(findTestObject("Parte2/Ajustes cuenta/Cuenta/Opciones de desbloqueo/android.widget.Button - Aceptar"), 0): Tapped on element 'Object Repository/Parte2/Ajustes cuenta/Cuenta/Opciones de desbloqueo/android.widget.Button - Aceptar'

2023-09-22 08:41:00 - [MESSAGE][WARNING] - Timeout '0' is invalid. Using default page load timeout: '30'

2023-09-22 08:41:00 - [MESSAGE][PASSED] - Tapped on element 'Object Repository/Parte2/Ajustes cuenta/Cuenta/Opciones de desbloqueo/android.widget.Button - Aceptar'

2023-09-22 08:41:00 - [TEST_STEP][PASSED] - delay(5, STOP_ON_FAILURE): Delayed 5 second(s)

2023-09-22 08:41:05 - [MESSAGE][PASSED] - Delayed 5 second(s)]]></system-out>
         <system-err><![CDATA[]]></system-err>
      </testcase>
      <testcase name="Test Cases/Parte2/Ajustes/Cuenta/Tiempo Pin de Acceso/CPN169" time="19.192" classname="Test Cases/Parte2/Ajustes/Cuenta/Tiempo Pin de Acceso/CPN169" status="PASSED">
         <system-out><![CDATA[2023-09-22 08:41:05 - [TEST_CASE][PASSED] - Test Cases/Parte2/Ajustes/Cuenta/Tiempo Pin de Acceso/CPN169: Test Cases/Parte2/Ajustes/Cuenta/Tiempo Pin de Acceso/CPN169

2023-09-22 08:41:06 - [TEST_STEP][PASSED] - tap(findTestObject("Parte2/Ajustes cuenta/Cuenta/Tiempo Pin de Acceso/android.widget.TextView - Tiempo para solicitud de pin de acceso"), 0): Tapped on element 'Object Repository/Parte2/Ajustes cuenta/Cuenta/Tiempo Pin de Acceso/android.widget.TextView - Tiempo para solicitud de pin de acceso'

2023-09-22 08:41:06 - [MESSAGE][WARNING] - Timeout '0' is invalid. Using default page load timeout: '30'

2023-09-22 08:41:06 - [MESSAGE][PASSED] - Tapped on element 'Object Repository/Parte2/Ajustes cuenta/Cuenta/Tiempo Pin de Acceso/android.widget.TextView - Tiempo para solicitud de pin de acceso'

2023-09-22 08:41:06 - [TEST_STEP][PASSED] - tap(findTestObject("Parte2/Ajustes cuenta/Cuenta/Tiempo Pin de Acceso/android.widget.RadioButton - Inmediatamente"), 0): Tapped on element 'Object Repository/Parte2/Ajustes cuenta/Cuenta/Tiempo Pin de Acceso/android.widget.RadioButton - Inmediatamente'

2023-09-22 08:41:06 - [MESSAGE][WARNING] - Timeout '0' is invalid. Using default page load timeout: '30'

2023-09-22 08:41:07 - [MESSAGE][PASSED] - Tapped on element 'Object Repository/Parte2/Ajustes cuenta/Cuenta/Tiempo Pin de Acceso/android.widget.RadioButton - Inmediatamente'

2023-09-22 08:41:07 - [TEST_STEP][PASSED] - verifyElementExist(findTestObject("Parte2/Ajustes cuenta/Cuenta/Tiempo Pin de Acceso/android.view.ViewGroup (1)"), 0): Element 'Object Repository/Parte2/Ajustes cuenta/Cuenta/Tiempo Pin de Acceso/android.view.ViewGroup (1)' is exist

2023-09-22 08:41:07 - [MESSAGE][WARNING] - Timeout '0' is invalid. Using default page load timeout: '30'

2023-09-22 08:41:08 - [MESSAGE][PASSED] - Element 'Object Repository/Parte2/Ajustes cuenta/Cuenta/Tiempo Pin de Acceso/android.view.ViewGroup (1)' is exist

2023-09-22 08:41:08 - [TEST_STEP][PASSED] - tap(findTestObject("Parte2/Ajustes cuenta/Cuenta/Tiempo Pin de Acceso/android.widget.Button - Aceptar"), 0): Tapped on element 'Object Repository/Parte2/Ajustes cuenta/Cuenta/Tiempo Pin de Acceso/android.widget.Button - Aceptar'

2023-09-22 08:41:08 - [MESSAGE][WARNING] - Timeout '0' is invalid. Using default page load timeout: '30'

2023-09-22 08:41:08 - [MESSAGE][PASSED] - Tapped on element 'Object Repository/Parte2/Ajustes cuenta/Cuenta/Tiempo Pin de Acceso/android.widget.Button - Aceptar'

2023-09-22 08:41:08 - [TEST_STEP][PASSED] - verifyElementText(findTestObject("Parte2/Ajustes cuenta/Cuenta/Tiempo Pin de Acceso/android.widget.TextView - Inmediatamente"), "Inmediatamente"): Actual text and expected text of test object 'Object Repository/Parte2/Ajustes cuenta/Cuenta/Tiempo Pin de Acceso/android.widget.TextView - Inmediatamente' are matched.

2023-09-22 08:41:09 - [MESSAGE][PASSED] - Actual text and expected text of test object 'Object Repository/Parte2/Ajustes cuenta/Cuenta/Tiempo Pin de Acceso/android.widget.TextView - Inmediatamente' are matched.

2023-09-22 08:41:09 - [TEST_STEP][PASSED] - pressBack(): Press back button successfully

2023-09-22 08:41:09 - [MESSAGE][PASSED] - Press back button successfully

2023-09-22 08:41:09 - [TEST_STEP][PASSED] - pressBack(): Press back button successfully

2023-09-22 08:41:10 - [MESSAGE][PASSED] - Press back button successfully

2023-09-22 08:41:10 - [TEST_STEP][PASSED] - pressBack(): Press back button successfully

2023-09-22 08:41:12 - [MESSAGE][PASSED] - Press back button successfully

2023-09-22 08:41:12 - [TEST_STEP][PASSED] - delay(5, CONTINUE_ON_FAILURE): Delayed 5 second(s)

2023-09-22 08:41:17 - [MESSAGE][PASSED] - Delayed 5 second(s)

2023-09-22 08:41:17 - [TEST_STEP][PASSED] - tap(findTestObject("Parte2/Ajustes cuenta/Cuenta/Tiempo Pin de Acceso/android.widget.TextView - NapoleoN"), 0): Tapped on element 'Object Repository/Parte2/Ajustes cuenta/Cuenta/Tiempo Pin de Acceso/android.widget.TextView - NapoleoN'

2023-09-22 08:41:17 - [MESSAGE][WARNING] - Timeout '0' is invalid. Using default page load timeout: '30'

2023-09-22 08:41:17 - [MESSAGE][PASSED] - Tapped on element 'Object Repository/Parte2/Ajustes cuenta/Cuenta/Tiempo Pin de Acceso/android.widget.TextView - NapoleoN'

2023-09-22 08:41:17 - [TEST_STEP][PASSED] - pressBack(): Press back button successfully

2023-09-22 08:41:18 - [MESSAGE][PASSED] - Press back button successfully

2023-09-22 08:41:18 - [TEST_STEP][PASSED] - tap(findTestObject("Parte2/Ajustes cuenta/Cuenta/Tiempo Pin de Acceso/android.widget.TextView - NapoleoN"), 0): Tapped on element 'Object Repository/Parte2/Ajustes cuenta/Cuenta/Tiempo Pin de Acceso/android.widget.TextView - NapoleoN'

2023-09-22 08:41:18 - [MESSAGE][WARNING] - Timeout '0' is invalid. Using default page load timeout: '30'

2023-09-22 08:41:19 - [MESSAGE][PASSED] - Tapped on element 'Object Repository/Parte2/Ajustes cuenta/Cuenta/Tiempo Pin de Acceso/android.widget.TextView - NapoleoN'

2023-09-22 08:41:19 - [TEST_STEP][PASSED] - tap(findTestObject("Parte2/Ajustes cuenta/Cuenta/Tiempo Pin de Acceso/android.widget.ImageButton (1)"), 0): Tapped on element 'Object Repository/Parte2/Ajustes cuenta/Cuenta/Tiempo Pin de Acceso/android.widget.ImageButton (1)'

2023-09-22 08:41:20 - [MESSAGE][WARNING] - Timeout '0' is invalid. Using default page load timeout: '30'

2023-09-22 08:41:21 - [MESSAGE][PASSED] - Tapped on element 'Object Repository/Parte2/Ajustes cuenta/Cuenta/Tiempo Pin de Acceso/android.widget.ImageButton (1)'

2023-09-22 08:41:21 - [TEST_STEP][PASSED] - tap(findTestObject("Parte2/Ajustes cuenta/Cuenta/Tiempo Pin de Acceso/android.widget.ImageButton (1)"), 0): Tapped on element 'Object Repository/Parte2/Ajustes cuenta/Cuenta/Tiempo Pin de Acceso/android.widget.ImageButton (1)'

2023-09-22 08:41:21 - [MESSAGE][WARNING] - Timeout '0' is invalid. Using default page load timeout: '30'

2023-09-22 08:41:22 - [MESSAGE][PASSED] - Tapped on element 'Object Repository/Parte2/Ajustes cuenta/Cuenta/Tiempo Pin de Acceso/android.widget.ImageButton (1)'

2023-09-22 08:41:22 - [TEST_STEP][PASSED] - tap(findTestObject("Parte2/Ajustes cuenta/Cuenta/Tiempo Pin de Acceso/android.widget.ImageButton (1)"), 0): Tapped on element 'Object Repository/Parte2/Ajustes cuenta/Cuenta/Tiempo Pin de Acceso/android.widget.ImageButton (1)'

2023-09-22 08:41:22 - [MESSAGE][WARNING] - Timeout '0' is invalid. Using default page load timeout: '30'

2023-09-22 08:41:22 - [MESSAGE][PASSED] - Tapped on element 'Object Repository/Parte2/Ajustes cuenta/Cuenta/Tiempo Pin de Acceso/android.widget.ImageButton (1)'

2023-09-22 08:41:22 - [TEST_STEP][PASSED] - tap(findTestObject("Parte2/Ajustes cuenta/Cuenta/Tiempo Pin de Acceso/android.widget.ImageButton (1)"), 0): Tapped on element 'Object Repository/Parte2/Ajustes cuenta/Cuenta/Tiempo Pin de Acceso/android.widget.ImageButton (1)'

2023-09-22 08:41:22 - [MESSAGE][WARNING] - Timeout '0' is invalid. Using default page load timeout: '30'

2023-09-22 08:41:23 - [MESSAGE][PASSED] - Tapped on element 'Object Repository/Parte2/Ajustes cuenta/Cuenta/Tiempo Pin de Acceso/android.widget.ImageButton (1)'

2023-09-22 08:41:23 - [TEST_STEP][PASSED] - verifyElementExist(findTestObject("Parte2/Ajustes cuenta/Cuenta/Tiempo Pin de Acceso/android.view.ViewGroup"), 0): Element 'Object Repository/Parte2/Ajustes cuenta/Cuenta/Tiempo Pin de Acceso/android.view.ViewGroup' is exist

2023-09-22 08:41:23 - [MESSAGE][WARNING] - Timeout '0' is invalid. Using default page load timeout: '30'

2023-09-22 08:41:25 - [MESSAGE][PASSED] - Element 'Object Repository/Parte2/Ajustes cuenta/Cuenta/Tiempo Pin de Acceso/android.view.ViewGroup' is exist]]></system-out>
         <system-err><![CDATA[]]></system-err>
      </testcase>
      <testcase name="Test Cases/Parte2/Ajustes/Cuenta/Tiempo Pin de Acceso/CPN170" time="22.923" classname="Test Cases/Parte2/Ajustes/Cuenta/Tiempo Pin de Acceso/CPN170" status="PASSED">
         <system-out><![CDATA[2023-09-22 08:41:25 - [TEST_CASE][PASSED] - Test Cases/Parte2/Ajustes/Cuenta/Tiempo Pin de Acceso/CPN170: Test Cases/Parte2/Ajustes/Cuenta/Tiempo Pin de Acceso/CPN170

2023-09-22 08:41:25 - [TEST_STEP][PASSED] - tap(findTestObject("Parte2/Ajustes cuenta/Cuenta/Tiempo Pin de Acceso/android.widget.FrameLayout"), 0): Tapped on element 'Object Repository/Parte2/Ajustes cuenta/Cuenta/Tiempo Pin de Acceso/android.widget.FrameLayout'

2023-09-22 08:41:25 - [MESSAGE][WARNING] - Timeout '0' is invalid. Using default page load timeout: '30'

2023-09-22 08:41:25 - [MESSAGE][PASSED] - Tapped on element 'Object Repository/Parte2/Ajustes cuenta/Cuenta/Tiempo Pin de Acceso/android.widget.FrameLayout'

2023-09-22 08:41:25 - [TEST_STEP][PASSED] - tap(findTestObject("Parte2/Ajustes cuenta/Cuenta/Tiempo Pin de Acceso/android.widget.LinearLayout"), 0): Tapped on element 'Object Repository/Parte2/Ajustes cuenta/Cuenta/Tiempo Pin de Acceso/android.widget.LinearLayout'

2023-09-22 08:41:25 - [MESSAGE][WARNING] - Timeout '0' is invalid. Using default page load timeout: '30'

2023-09-22 08:41:26 - [MESSAGE][PASSED] - Tapped on element 'Object Repository/Parte2/Ajustes cuenta/Cuenta/Tiempo Pin de Acceso/android.widget.LinearLayout'

2023-09-22 08:41:26 - [TEST_STEP][PASSED] - tap(findTestObject("Parte2/Ajustes cuenta/Cuenta/Tiempo Pin de Acceso/android.widget.TextView - Tiempo para solicitud de pin de acceso"), 0): Tapped on element 'Object Repository/Parte2/Ajustes cuenta/Cuenta/Tiempo Pin de Acceso/android.widget.TextView - Tiempo para solicitud de pin de acceso'

2023-09-22 08:41:26 - [MESSAGE][WARNING] - Timeout '0' is invalid. Using default page load timeout: '30'

2023-09-22 08:41:27 - [MESSAGE][PASSED] - Tapped on element 'Object Repository/Parte2/Ajustes cuenta/Cuenta/Tiempo Pin de Acceso/android.widget.TextView - Tiempo para solicitud de pin de acceso'

2023-09-22 08:41:27 - [TEST_STEP][PASSED] - tap(findTestObject("Parte2/Ajustes cuenta/Cuenta/Tiempo Pin de Acceso/android.widget.RadioButton - 10 Segundos"), 0): Tapped on element 'Object Repository/Parte2/Ajustes cuenta/Cuenta/Tiempo Pin de Acceso/android.widget.RadioButton - 10 Segundos'

2023-09-22 08:41:27 - [MESSAGE][WARNING] - Timeout '0' is invalid. Using default page load timeout: '30'

2023-09-22 08:41:28 - [MESSAGE][PASSED] - Tapped on element 'Object Repository/Parte2/Ajustes cuenta/Cuenta/Tiempo Pin de Acceso/android.widget.RadioButton - 10 Segundos'

2023-09-22 08:41:28 - [TEST_STEP][PASSED] - verifyElementExist(findTestObject("Parte2/Ajustes cuenta/Cuenta/Tiempo Pin de Acceso/android.view.ViewGroup (1)"), 0): Element 'Object Repository/Parte2/Ajustes cuenta/Cuenta/Tiempo Pin de Acceso/android.view.ViewGroup (1)' is exist

2023-09-22 08:41:28 - [MESSAGE][WARNING] - Timeout '0' is invalid. Using default page load timeout: '30'

2023-09-22 08:41:29 - [MESSAGE][PASSED] - Element 'Object Repository/Parte2/Ajustes cuenta/Cuenta/Tiempo Pin de Acceso/android.view.ViewGroup (1)' is exist

2023-09-22 08:41:29 - [TEST_STEP][PASSED] - tap(findTestObject("Parte2/Ajustes cuenta/Cuenta/Tiempo Pin de Acceso/android.widget.Button - Aceptar"), 0): Tapped on element 'Object Repository/Parte2/Ajustes cuenta/Cuenta/Tiempo Pin de Acceso/android.widget.Button - Aceptar'

2023-09-22 08:41:29 - [MESSAGE][WARNING] - Timeout '0' is invalid. Using default page load timeout: '30'

2023-09-22 08:41:29 - [MESSAGE][PASSED] - Tapped on element 'Object Repository/Parte2/Ajustes cuenta/Cuenta/Tiempo Pin de Acceso/android.widget.Button - Aceptar'

2023-09-22 08:41:29 - [TEST_STEP][PASSED] - verifyElementText(findTestObject("Parte2/Ajustes cuenta/Cuenta/Tiempo Pin de Acceso/android.widget.TextView - 10 Segundos"), "10 Segundos"): Actual text and expected text of test object 'Object Repository/Parte2/Ajustes cuenta/Cuenta/Tiempo Pin de Acceso/android.widget.TextView - 10 Segundos' are matched.

2023-09-22 08:41:30 - [MESSAGE][PASSED] - Actual text and expected text of test object 'Object Repository/Parte2/Ajustes cuenta/Cuenta/Tiempo Pin de Acceso/android.widget.TextView - 10 Segundos' are matched.

2023-09-22 08:41:30 - [TEST_STEP][PASSED] - pressBack(): Press back button successfully

2023-09-22 08:41:30 - [MESSAGE][PASSED] - Press back button successfully

2023-09-22 08:41:30 - [TEST_STEP][PASSED] - pressBack(): Press back button successfully

2023-09-22 08:41:31 - [MESSAGE][PASSED] - Press back button successfully

2023-09-22 08:41:31 - [TEST_STEP][PASSED] - pressBack(): Press back button successfully

2023-09-22 08:41:32 - [MESSAGE][PASSED] - Press back button successfully

2023-09-22 08:41:32 - [TEST_STEP][PASSED] - delay(10): Delayed 10 second(s)

2023-09-22 08:41:42 - [MESSAGE][PASSED] - Delayed 10 second(s)

2023-09-22 08:41:42 - [TEST_STEP][PASSED] - tap(findTestObject("Parte2/Ajustes cuenta/Cuenta/Tiempo Pin de Acceso/android.widget.TextView - NapoleoN"), 0): Tapped on element 'Object Repository/Parte2/Ajustes cuenta/Cuenta/Tiempo Pin de Acceso/android.widget.TextView - NapoleoN'

2023-09-22 08:41:42 - [MESSAGE][WARNING] - Timeout '0' is invalid. Using default page load timeout: '30'

2023-09-22 08:41:42 - [MESSAGE][PASSED] - Tapped on element 'Object Repository/Parte2/Ajustes cuenta/Cuenta/Tiempo Pin de Acceso/android.widget.TextView - NapoleoN'

2023-09-22 08:41:42 - [TEST_STEP][PASSED] - verifyElementExist(findTestObject("Parte2/Ajustes cuenta/Cuenta/Tiempo Pin de Acceso/android.widget.FrameLayout (1)"), 0): Element 'Object Repository/Parte2/Ajustes cuenta/Cuenta/Tiempo Pin de Acceso/android.widget.FrameLayout (1)' is exist

2023-09-22 08:41:42 - [MESSAGE][WARNING] - Timeout '0' is invalid. Using default page load timeout: '30'

2023-09-22 08:41:44 - [MESSAGE][PASSED] - Element 'Object Repository/Parte2/Ajustes cuenta/Cuenta/Tiempo Pin de Acceso/android.widget.FrameLayout (1)' is exist

2023-09-22 08:41:44 - [TEST_STEP][PASSED] - tap(findTestObject("Parte2/Ajustes cuenta/Cuenta/Tiempo Pin de Acceso/android.widget.ImageButton (1)"), 0): Tapped on element 'Object Repository/Parte2/Ajustes cuenta/Cuenta/Tiempo Pin de Acceso/android.widget.ImageButton (1)'

2023-09-22 08:41:44 - [MESSAGE][WARNING] - Timeout '0' is invalid. Using default page load timeout: '30'

2023-09-22 08:41:44 - [MESSAGE][PASSED] - Tapped on element 'Object Repository/Parte2/Ajustes cuenta/Cuenta/Tiempo Pin de Acceso/android.widget.ImageButton (1)'

2023-09-22 08:41:44 - [TEST_STEP][PASSED] - tap(findTestObject("Parte2/Ajustes cuenta/Cuenta/Tiempo Pin de Acceso/android.widget.ImageButton (1)"), 0): Tapped on element 'Object Repository/Parte2/Ajustes cuenta/Cuenta/Tiempo Pin de Acceso/android.widget.ImageButton (1)'

2023-09-22 08:41:44 - [MESSAGE][WARNING] - Timeout '0' is invalid. Using default page load timeout: '30'

2023-09-22 08:41:45 - [MESSAGE][PASSED] - Tapped on element 'Object Repository/Parte2/Ajustes cuenta/Cuenta/Tiempo Pin de Acceso/android.widget.ImageButton (1)'

2023-09-22 08:41:45 - [TEST_STEP][PASSED] - tap(findTestObject("Parte2/Ajustes cuenta/Cuenta/Tiempo Pin de Acceso/android.widget.ImageButton (1)"), 0): Tapped on element 'Object Repository/Parte2/Ajustes cuenta/Cuenta/Tiempo Pin de Acceso/android.widget.ImageButton (1)'

2023-09-22 08:41:45 - [MESSAGE][WARNING] - Timeout '0' is invalid. Using default page load timeout: '30'

2023-09-22 08:41:45 - [MESSAGE][PASSED] - Tapped on element 'Object Repository/Parte2/Ajustes cuenta/Cuenta/Tiempo Pin de Acceso/android.widget.ImageButton (1)'

2023-09-22 08:41:45 - [TEST_STEP][PASSED] - tap(findTestObject("Parte2/Ajustes cuenta/Cuenta/Tiempo Pin de Acceso/android.widget.ImageButton (1)"), 0): Tapped on element 'Object Repository/Parte2/Ajustes cuenta/Cuenta/Tiempo Pin de Acceso/android.widget.ImageButton (1)'

2023-09-22 08:41:45 - [MESSAGE][WARNING] - Timeout '0' is invalid. Using default page load timeout: '30'

2023-09-22 08:41:46 - [MESSAGE][PASSED] - Tapped on element 'Object Repository/Parte2/Ajustes cuenta/Cuenta/Tiempo Pin de Acceso/android.widget.ImageButton (1)'

2023-09-22 08:41:46 - [TEST_STEP][PASSED] - verifyElementExist(findTestObject("Parte2/Ajustes cuenta/Cuenta/Tiempo Pin de Acceso/android.view.ViewGroup"), 0): Element 'Object Repository/Parte2/Ajustes cuenta/Cuenta/Tiempo Pin de Acceso/android.view.ViewGroup' is exist

2023-09-22 08:41:46 - [MESSAGE][WARNING] - Timeout '0' is invalid. Using default page load timeout: '30'

2023-09-22 08:41:48 - [MESSAGE][PASSED] - Element 'Object Repository/Parte2/Ajustes cuenta/Cuenta/Tiempo Pin de Acceso/android.view.ViewGroup' is exist]]></system-out>
         <system-err><![CDATA[]]></system-err>
      </testcase>
      <testcase name="Test Cases/Parte2/Ajustes/Cuenta/Tiempo Pin de Acceso/CPN171" time="43.104" classname="Test Cases/Parte2/Ajustes/Cuenta/Tiempo Pin de Acceso/CPN171" status="PASSED">
         <system-out><![CDATA[2023-09-22 08:41:48 - [TEST_CASE][PASSED] - Test Cases/Parte2/Ajustes/Cuenta/Tiempo Pin de Acceso/CPN171: Test Cases/Parte2/Ajustes/Cuenta/Tiempo Pin de Acceso/CPN171

2023-09-22 08:41:48 - [TEST_STEP][PASSED] - tap(findTestObject("Parte2/Ajustes cuenta/Cuenta/Tiempo Pin de Acceso/android.widget.FrameLayout"), 0): Tapped on element 'Object Repository/Parte2/Ajustes cuenta/Cuenta/Tiempo Pin de Acceso/android.widget.FrameLayout'

2023-09-22 08:41:48 - [MESSAGE][WARNING] - Timeout '0' is invalid. Using default page load timeout: '30'

2023-09-22 08:41:48 - [MESSAGE][PASSED] - Tapped on element 'Object Repository/Parte2/Ajustes cuenta/Cuenta/Tiempo Pin de Acceso/android.widget.FrameLayout'

2023-09-22 08:41:48 - [TEST_STEP][PASSED] - tap(findTestObject("Parte2/Ajustes cuenta/Cuenta/Tiempo Pin de Acceso/android.widget.LinearLayout"), 0): Tapped on element 'Object Repository/Parte2/Ajustes cuenta/Cuenta/Tiempo Pin de Acceso/android.widget.LinearLayout'

2023-09-22 08:41:48 - [MESSAGE][WARNING] - Timeout '0' is invalid. Using default page load timeout: '30'

2023-09-22 08:41:49 - [MESSAGE][PASSED] - Tapped on element 'Object Repository/Parte2/Ajustes cuenta/Cuenta/Tiempo Pin de Acceso/android.widget.LinearLayout'

2023-09-22 08:41:49 - [TEST_STEP][PASSED] - tap(findTestObject("Parte2/Ajustes cuenta/Cuenta/Tiempo Pin de Acceso/android.widget.TextView - Tiempo para solicitud de pin de acceso"), 0): Tapped on element 'Object Repository/Parte2/Ajustes cuenta/Cuenta/Tiempo Pin de Acceso/android.widget.TextView - Tiempo para solicitud de pin de acceso'

2023-09-22 08:41:49 - [MESSAGE][WARNING] - Timeout '0' is invalid. Using default page load timeout: '30'

2023-09-22 08:41:50 - [MESSAGE][PASSED] - Tapped on element 'Object Repository/Parte2/Ajustes cuenta/Cuenta/Tiempo Pin de Acceso/android.widget.TextView - Tiempo para solicitud de pin de acceso'

2023-09-22 08:41:50 - [TEST_STEP][PASSED] - tap(findTestObject("Parte2/Ajustes cuenta/Cuenta/Tiempo Pin de Acceso/android.widget.RadioButton - 30 segundos"), 0): Tapped on element 'Object Repository/Parte2/Ajustes cuenta/Cuenta/Tiempo Pin de Acceso/android.widget.RadioButton - 30 segundos'

2023-09-22 08:41:50 - [MESSAGE][WARNING] - Timeout '0' is invalid. Using default page load timeout: '30'

2023-09-22 08:41:51 - [MESSAGE][PASSED] - Tapped on element 'Object Repository/Parte2/Ajustes cuenta/Cuenta/Tiempo Pin de Acceso/android.widget.RadioButton - 30 segundos'

2023-09-22 08:41:51 - [TEST_STEP][PASSED] - verifyElementExist(findTestObject("Parte2/Ajustes cuenta/Cuenta/Tiempo Pin de Acceso/android.view.ViewGroup (1)"), 0): Element 'Object Repository/Parte2/Ajustes cuenta/Cuenta/Tiempo Pin de Acceso/android.view.ViewGroup (1)' is exist

2023-09-22 08:41:51 - [MESSAGE][WARNING] - Timeout '0' is invalid. Using default page load timeout: '30'

2023-09-22 08:41:52 - [MESSAGE][PASSED] - Element 'Object Repository/Parte2/Ajustes cuenta/Cuenta/Tiempo Pin de Acceso/android.view.ViewGroup (1)' is exist

2023-09-22 08:41:52 - [TEST_STEP][PASSED] - tap(findTestObject("Parte2/Ajustes cuenta/Cuenta/Tiempo Pin de Acceso/android.widget.Button - Aceptar"), 0): Tapped on element 'Object Repository/Parte2/Ajustes cuenta/Cuenta/Tiempo Pin de Acceso/android.widget.Button - Aceptar'

2023-09-22 08:41:52 - [MESSAGE][WARNING] - Timeout '0' is invalid. Using default page load timeout: '30'

2023-09-22 08:41:52 - [MESSAGE][PASSED] - Tapped on element 'Object Repository/Parte2/Ajustes cuenta/Cuenta/Tiempo Pin de Acceso/android.widget.Button - Aceptar'

2023-09-22 08:41:52 - [TEST_STEP][PASSED] - verifyElementText(findTestObject("Parte2/Ajustes cuenta/Cuenta/Tiempo Pin de Acceso/android.widget.TextView - 30 segundos"), "30 segundos"): Actual text and expected text of test object 'Object Repository/Parte2/Ajustes cuenta/Cuenta/Tiempo Pin de Acceso/android.widget.TextView - 30 segundos' are matched.

2023-09-22 08:41:53 - [MESSAGE][PASSED] - Actual text and expected text of test object 'Object Repository/Parte2/Ajustes cuenta/Cuenta/Tiempo Pin de Acceso/android.widget.TextView - 30 segundos' are matched.

2023-09-22 08:41:53 - [TEST_STEP][PASSED] - pressBack(): Press back button successfully

2023-09-22 08:41:53 - [MESSAGE][PASSED] - Press back button successfully

2023-09-22 08:41:53 - [TEST_STEP][PASSED] - pressBack(): Press back button successfully

2023-09-22 08:41:53 - [MESSAGE][PASSED] - Press back button successfully

2023-09-22 08:41:53 - [TEST_STEP][PASSED] - pressBack(): Press back button successfully

2023-09-22 08:41:55 - [MESSAGE][PASSED] - Press back button successfully

2023-09-22 08:41:55 - [TEST_STEP][PASSED] - delay(30): Delayed 30 second(s)

2023-09-22 08:42:25 - [MESSAGE][PASSED] - Delayed 30 second(s)

2023-09-22 08:42:25 - [TEST_STEP][PASSED] - tap(findTestObject("Parte2/Ajustes cuenta/Cuenta/Tiempo Pin de Acceso/android.widget.TextView - NapoleoN"), 0): Tapped on element 'Object Repository/Parte2/Ajustes cuenta/Cuenta/Tiempo Pin de Acceso/android.widget.TextView - NapoleoN'

2023-09-22 08:42:25 - [MESSAGE][WARNING] - Timeout '0' is invalid. Using default page load timeout: '30'

2023-09-22 08:42:26 - [MESSAGE][PASSED] - Tapped on element 'Object Repository/Parte2/Ajustes cuenta/Cuenta/Tiempo Pin de Acceso/android.widget.TextView - NapoleoN'

2023-09-22 08:42:26 - [TEST_STEP][PASSED] - verifyElementExist(findTestObject("Parte2/Ajustes cuenta/Cuenta/Tiempo Pin de Acceso/android.widget.FrameLayout (1)"), 2): Element 'Object Repository/Parte2/Ajustes cuenta/Cuenta/Tiempo Pin de Acceso/android.widget.FrameLayout (1)' is exist

2023-09-22 08:42:27 - [MESSAGE][PASSED] - Element 'Object Repository/Parte2/Ajustes cuenta/Cuenta/Tiempo Pin de Acceso/android.widget.FrameLayout (1)' is exist

2023-09-22 08:42:27 - [TEST_STEP][PASSED] - tap(findTestObject("Parte2/Ajustes cuenta/Cuenta/Tiempo Pin de Acceso/android.widget.ImageButton (1)"), 0): Tapped on element 'Object Repository/Parte2/Ajustes cuenta/Cuenta/Tiempo Pin de Acceso/android.widget.ImageButton (1)'

2023-09-22 08:42:27 - [MESSAGE][WARNING] - Timeout '0' is invalid. Using default page load timeout: '30'

2023-09-22 08:42:27 - [MESSAGE][PASSED] - Tapped on element 'Object Repository/Parte2/Ajustes cuenta/Cuenta/Tiempo Pin de Acceso/android.widget.ImageButton (1)'

2023-09-22 08:42:27 - [TEST_STEP][PASSED] - tap(findTestObject("Parte2/Ajustes cuenta/Cuenta/Tiempo Pin de Acceso/android.widget.ImageButton (1)"), 0): Tapped on element 'Object Repository/Parte2/Ajustes cuenta/Cuenta/Tiempo Pin de Acceso/android.widget.ImageButton (1)'

2023-09-22 08:42:27 - [MESSAGE][WARNING] - Timeout '0' is invalid. Using default page load timeout: '30'

2023-09-22 08:42:28 - [MESSAGE][PASSED] - Tapped on element 'Object Repository/Parte2/Ajustes cuenta/Cuenta/Tiempo Pin de Acceso/android.widget.ImageButton (1)'

2023-09-22 08:42:28 - [TEST_STEP][PASSED] - tap(findTestObject("Parte2/Ajustes cuenta/Cuenta/Tiempo Pin de Acceso/android.widget.ImageButton (1)"), 0): Tapped on element 'Object Repository/Parte2/Ajustes cuenta/Cuenta/Tiempo Pin de Acceso/android.widget.ImageButton (1)'

2023-09-22 08:42:28 - [MESSAGE][WARNING] - Timeout '0' is invalid. Using default page load timeout: '30'

2023-09-22 08:42:29 - [MESSAGE][PASSED] - Tapped on element 'Object Repository/Parte2/Ajustes cuenta/Cuenta/Tiempo Pin de Acceso/android.widget.ImageButton (1)'

2023-09-22 08:42:29 - [TEST_STEP][PASSED] - tap(findTestObject("Parte2/Ajustes cuenta/Cuenta/Tiempo Pin de Acceso/android.widget.ImageButton (1)"), 0): Tapped on element 'Object Repository/Parte2/Ajustes cuenta/Cuenta/Tiempo Pin de Acceso/android.widget.ImageButton (1)'

2023-09-22 08:42:29 - [MESSAGE][WARNING] - Timeout '0' is invalid. Using default page load timeout: '30'

2023-09-22 08:42:29 - [MESSAGE][PASSED] - Tapped on element 'Object Repository/Parte2/Ajustes cuenta/Cuenta/Tiempo Pin de Acceso/android.widget.ImageButton (1)'

2023-09-22 08:42:29 - [TEST_STEP][PASSED] - verifyElementExist(findTestObject("Parte2/Ajustes cuenta/Cuenta/Tiempo Pin de Acceso/android.view.ViewGroup"), 0): Element 'Object Repository/Parte2/Ajustes cuenta/Cuenta/Tiempo Pin de Acceso/android.view.ViewGroup' is exist

2023-09-22 08:42:29 - [MESSAGE][WARNING] - Timeout '0' is invalid. Using default page load timeout: '30'

2023-09-22 08:42:31 - [MESSAGE][PASSED] - Element 'Object Repository/Parte2/Ajustes cuenta/Cuenta/Tiempo Pin de Acceso/android.view.ViewGroup' is exist]]></system-out>
         <system-err><![CDATA[]]></system-err>
      </testcase>
      <testcase name="Test Cases/Parte2/Ajustes/Cuenta/Tiempo Pin de Acceso/CPN172" time="4.891" classname="Test Cases/Parte2/Ajustes/Cuenta/Tiempo Pin de Acceso/CPN172" status="PASSED">
         <system-out><![CDATA[2023-09-22 08:42:31 - [TEST_CASE][PASSED] - Test Cases/Parte2/Ajustes/Cuenta/Tiempo Pin de Acceso/CPN172: Test Cases/Parte2/Ajustes/Cuenta/Tiempo Pin de Acceso/CPN172

2023-09-22 08:42:31 - [TEST_STEP][PASSED] - tap(findTestObject("Parte2/Ajustes cuenta/Cuenta/Tiempo Pin de Acceso/android.widget.FrameLayout"), 0): Tapped on element 'Object Repository/Parte2/Ajustes cuenta/Cuenta/Tiempo Pin de Acceso/android.widget.FrameLayout'

2023-09-22 08:42:31 - [MESSAGE][WARNING] - Timeout '0' is invalid. Using default page load timeout: '30'

2023-09-22 08:42:31 - [MESSAGE][PASSED] - Tapped on element 'Object Repository/Parte2/Ajustes cuenta/Cuenta/Tiempo Pin de Acceso/android.widget.FrameLayout'

2023-09-22 08:42:31 - [TEST_STEP][PASSED] - tap(findTestObject("Parte2/Ajustes cuenta/Cuenta/Tiempo Pin de Acceso/android.widget.LinearLayout"), 0): Tapped on element 'Object Repository/Parte2/Ajustes cuenta/Cuenta/Tiempo Pin de Acceso/android.widget.LinearLayout'

2023-09-22 08:42:31 - [MESSAGE][WARNING] - Timeout '0' is invalid. Using default page load timeout: '30'

2023-09-22 08:42:32 - [MESSAGE][PASSED] - Tapped on element 'Object Repository/Parte2/Ajustes cuenta/Cuenta/Tiempo Pin de Acceso/android.widget.LinearLayout'

2023-09-22 08:42:32 - [TEST_STEP][PASSED] - tap(findTestObject("Parte2/Ajustes cuenta/Cuenta/Tiempo Pin de Acceso/android.widget.TextView - Tiempo para solicitud de pin de acceso"), 0): Tapped on element 'Object Repository/Parte2/Ajustes cuenta/Cuenta/Tiempo Pin de Acceso/android.widget.TextView - Tiempo para solicitud de pin de acceso'

2023-09-22 08:42:32 - [MESSAGE][WARNING] - Timeout '0' is invalid. Using default page load timeout: '30'

2023-09-22 08:42:33 - [MESSAGE][PASSED] - Tapped on element 'Object Repository/Parte2/Ajustes cuenta/Cuenta/Tiempo Pin de Acceso/android.widget.TextView - Tiempo para solicitud de pin de acceso'

2023-09-22 08:42:33 - [TEST_STEP][PASSED] - tap(findTestObject("Parte2/Ajustes cuenta/Cuenta/Tiempo Pin de Acceso/android.widget.RadioButton - 1 minuto"), 0): Tapped on element 'Object Repository/Parte2/Ajustes cuenta/Cuenta/Tiempo Pin de Acceso/android.widget.RadioButton - 1 minuto'

2023-09-22 08:42:33 - [MESSAGE][WARNING] - Timeout '0' is invalid. Using default page load timeout: '30'

2023-09-22 08:42:34 - [MESSAGE][PASSED] - Tapped on element 'Object Repository/Parte2/Ajustes cuenta/Cuenta/Tiempo Pin de Acceso/android.widget.RadioButton - 1 minuto'

2023-09-22 08:42:34 - [TEST_STEP][PASSED] - verifyElementExist(findTestObject("Parte2/Ajustes cuenta/Cuenta/Tiempo Pin de Acceso/android.view.ViewGroup (1)"), 0): Element 'Object Repository/Parte2/Ajustes cuenta/Cuenta/Tiempo Pin de Acceso/android.view.ViewGroup (1)' is exist

2023-09-22 08:42:34 - [MESSAGE][WARNING] - Timeout '0' is invalid. Using default page load timeout: '30'

2023-09-22 08:42:35 - [MESSAGE][PASSED] - Element 'Object Repository/Parte2/Ajustes cuenta/Cuenta/Tiempo Pin de Acceso/android.view.ViewGroup (1)' is exist

2023-09-22 08:42:35 - [TEST_STEP][PASSED] - tap(findTestObject("Parte2/Ajustes cuenta/Cuenta/Tiempo Pin de Acceso/android.widget.Button - Aceptar"), 0): Tapped on element 'Object Repository/Parte2/Ajustes cuenta/Cuenta/Tiempo Pin de Acceso/android.widget.Button - Aceptar'

2023-09-22 08:42:35 - [MESSAGE][WARNING] - Timeout '0' is invalid. Using default page load timeout: '30'

2023-09-22 08:42:35 - [MESSAGE][PASSED] - Tapped on element 'Object Repository/Parte2/Ajustes cuenta/Cuenta/Tiempo Pin de Acceso/android.widget.Button - Aceptar'

2023-09-22 08:42:35 - [TEST_STEP][PASSED] - verifyElementText(findTestObject("Parte2/Ajustes cuenta/Cuenta/Tiempo Pin de Acceso/android.widget.TextView - 1 minuto"), "1 minuto"): Actual text and expected text of test object 'Object Repository/Parte2/Ajustes cuenta/Cuenta/Tiempo Pin de Acceso/android.widget.TextView - 1 minuto' are matched.

2023-09-22 08:42:36 - [MESSAGE][PASSED] - Actual text and expected text of test object 'Object Repository/Parte2/Ajustes cuenta/Cuenta/Tiempo Pin de Acceso/android.widget.TextView - 1 minuto' are matched.]]></system-out>
         <system-err><![CDATA[]]></system-err>
      </testcase>
      <testcase name="Test Cases/Parte2/Ajustes/Cuenta/Tiempo Pin de Acceso/CPN173" time="2.909" classname="Test Cases/Parte2/Ajustes/Cuenta/Tiempo Pin de Acceso/CPN173" status="PASSED">
         <system-out><![CDATA[2023-09-22 08:42:36 - [TEST_CASE][PASSED] - Test Cases/Parte2/Ajustes/Cuenta/Tiempo Pin de Acceso/CPN173: Test Cases/Parte2/Ajustes/Cuenta/Tiempo Pin de Acceso/CPN173

2023-09-22 08:42:36 - [TEST_STEP][PASSED] - tap(findTestObject("Parte2/Ajustes cuenta/Cuenta/Tiempo Pin de Acceso/android.widget.TextView - Tiempo para solicitud de pin de acceso"), 0): Tapped on element 'Object Repository/Parte2/Ajustes cuenta/Cuenta/Tiempo Pin de Acceso/android.widget.TextView - Tiempo para solicitud de pin de acceso'

2023-09-22 08:42:36 - [MESSAGE][WARNING] - Timeout '0' is invalid. Using default page load timeout: '30'

2023-09-22 08:42:36 - [MESSAGE][PASSED] - Tapped on element 'Object Repository/Parte2/Ajustes cuenta/Cuenta/Tiempo Pin de Acceso/android.widget.TextView - Tiempo para solicitud de pin de acceso'

2023-09-22 08:42:36 - [TEST_STEP][PASSED] - checkElement(findTestObject("Parte2/Ajustes cuenta/Cuenta/Tiempo Pin de Acceso/android.widget.RadioButton - 5 minutos"), 0): Element 'Object Repository/Parte2/Ajustes cuenta/Cuenta/Tiempo Pin de Acceso/android.widget.RadioButton - 5 minutos' is checked

2023-09-22 08:42:36 - [MESSAGE][WARNING] - Timeout '0' is invalid. Using default page load timeout: '30'

2023-09-22 08:42:37 - [MESSAGE][PASSED] - Element 'Object Repository/Parte2/Ajustes cuenta/Cuenta/Tiempo Pin de Acceso/android.widget.RadioButton - 5 minutos' is checked

2023-09-22 08:42:37 - [TEST_STEP][PASSED] - tap(findTestObject("Parte2/Ajustes cuenta/Cuenta/Tiempo Pin de Acceso/android.widget.Button - Aceptar"), 0): Tapped on element 'Object Repository/Parte2/Ajustes cuenta/Cuenta/Tiempo Pin de Acceso/android.widget.Button - Aceptar'

2023-09-22 08:42:37 - [MESSAGE][WARNING] - Timeout '0' is invalid. Using default page load timeout: '30'

2023-09-22 08:42:38 - [MESSAGE][PASSED] - Tapped on element 'Object Repository/Parte2/Ajustes cuenta/Cuenta/Tiempo Pin de Acceso/android.widget.Button - Aceptar'

2023-09-22 08:42:38 - [TEST_STEP][PASSED] - verifyElementText(findTestObject("Parte2/Ajustes cuenta/Cuenta/Tiempo Pin de Acceso/android.widget.TextView - 5 minutos"), "5 minutos"): Actual text and expected text of test object 'Object Repository/Parte2/Ajustes cuenta/Cuenta/Tiempo Pin de Acceso/android.widget.TextView - 5 minutos' are matched.

2023-09-22 08:42:38 - [MESSAGE][PASSED] - Actual text and expected text of test object 'Object Repository/Parte2/Ajustes cuenta/Cuenta/Tiempo Pin de Acceso/android.widget.TextView - 5 minutos' are matched.]]></system-out>
         <system-err><![CDATA[]]></system-err>
      </testcase>
      <testcase name="Test Cases/Parte2/Ajustes/Cuenta/Tiempo Pin de Acceso/CPN174" time="2.878" classname="Test Cases/Parte2/Ajustes/Cuenta/Tiempo Pin de Acceso/CPN174" status="PASSED">
         <system-out><![CDATA[2023-09-22 08:42:38 - [TEST_CASE][PASSED] - Test Cases/Parte2/Ajustes/Cuenta/Tiempo Pin de Acceso/CPN174: Test Cases/Parte2/Ajustes/Cuenta/Tiempo Pin de Acceso/CPN174

2023-09-22 08:42:39 - [TEST_STEP][PASSED] - tap(findTestObject("Parte2/Ajustes cuenta/Cuenta/Tiempo Pin de Acceso/android.widget.TextView - Tiempo para solicitud de pin de acceso"), 0): Tapped on element 'Object Repository/Parte2/Ajustes cuenta/Cuenta/Tiempo Pin de Acceso/android.widget.TextView - Tiempo para solicitud de pin de acceso'

2023-09-22 08:42:39 - [MESSAGE][WARNING] - Timeout '0' is invalid. Using default page load timeout: '30'

2023-09-22 08:42:39 - [MESSAGE][PASSED] - Tapped on element 'Object Repository/Parte2/Ajustes cuenta/Cuenta/Tiempo Pin de Acceso/android.widget.TextView - Tiempo para solicitud de pin de acceso'

2023-09-22 08:42:39 - [TEST_STEP][PASSED] - checkElement(findTestObject("Parte2/Ajustes cuenta/Cuenta/Tiempo Pin de Acceso/android.widget.RadioButton - 1 hora"), 0): Element 'Object Repository/Parte2/Ajustes cuenta/Cuenta/Tiempo Pin de Acceso/android.widget.RadioButton - 1 hora' is checked

2023-09-22 08:42:39 - [MESSAGE][WARNING] - Timeout '0' is invalid. Using default page load timeout: '30'

2023-09-22 08:42:40 - [MESSAGE][PASSED] - Element 'Object Repository/Parte2/Ajustes cuenta/Cuenta/Tiempo Pin de Acceso/android.widget.RadioButton - 1 hora' is checked

2023-09-22 08:42:40 - [TEST_STEP][PASSED] - tap(findTestObject("Parte2/Ajustes cuenta/Cuenta/Tiempo Pin de Acceso/android.widget.Button - Aceptar"), 0): Tapped on element 'Object Repository/Parte2/Ajustes cuenta/Cuenta/Tiempo Pin de Acceso/android.widget.Button - Aceptar'

2023-09-22 08:42:40 - [MESSAGE][WARNING] - Timeout '0' is invalid. Using default page load timeout: '30'

2023-09-22 08:42:41 - [MESSAGE][PASSED] - Tapped on element 'Object Repository/Parte2/Ajustes cuenta/Cuenta/Tiempo Pin de Acceso/android.widget.Button - Aceptar'

2023-09-22 08:42:41 - [TEST_STEP][PASSED] - verifyElementText(findTestObject("Parte2/Ajustes cuenta/Cuenta/Tiempo Pin de Acceso/android.widget.TextView - 1 hora"), "1 hora"): Actual text and expected text of test object 'Object Repository/Parte2/Ajustes cuenta/Cuenta/Tiempo Pin de Acceso/android.widget.TextView - 1 hora' are matched.

2023-09-22 08:42:41 - [MESSAGE][PASSED] - Actual text and expected text of test object 'Object Repository/Parte2/Ajustes cuenta/Cuenta/Tiempo Pin de Acceso/android.widget.TextView - 1 hora' are matched.]]></system-out>
         <system-err><![CDATA[]]></system-err>
      </testcase>
      <testcase name="Test Cases/Parte2/Ajustes/Cuenta/Tiempo Pin de Acceso/CPN175" time="5.589" classname="Test Cases/Parte2/Ajustes/Cuenta/Tiempo Pin de Acceso/CPN175" status="PASSED">
         <system-out><![CDATA[2023-09-22 08:42:41 - [TEST_CASE][PASSED] - Test Cases/Parte2/Ajustes/Cuenta/Tiempo Pin de Acceso/CPN175: Test Cases/Parte2/Ajustes/Cuenta/Tiempo Pin de Acceso/CPN175

2023-09-22 08:42:42 - [TEST_STEP][PASSED] - tap(findTestObject("Parte2/Ajustes cuenta/Cuenta/Tiempo Pin de Acceso/android.widget.TextView - Tiempo para solicitud de pin de acceso"), 0): Tapped on element 'Object Repository/Parte2/Ajustes cuenta/Cuenta/Tiempo Pin de Acceso/android.widget.TextView - Tiempo para solicitud de pin de acceso'

2023-09-22 08:42:42 - [MESSAGE][WARNING] - Timeout '0' is invalid. Using default page load timeout: '30'

2023-09-22 08:42:42 - [MESSAGE][PASSED] - Tapped on element 'Object Repository/Parte2/Ajustes cuenta/Cuenta/Tiempo Pin de Acceso/android.widget.TextView - Tiempo para solicitud de pin de acceso'

2023-09-22 08:42:42 - [TEST_STEP][PASSED] - scrollToText("1 día", STOP_ON_FAILURE): Scrolling to text '1 día' successfully

2023-09-22 08:42:45 - [MESSAGE][PASSED] - Scrolling to text '1 día' successfully

2023-09-22 08:42:45 - [TEST_STEP][PASSED] - checkElement(findTestObject("Parte2/Ajustes cuenta/Cuenta/Tiempo Pin de Acceso/android.widget.RadioButton - 1 da"), 0): Element 'Object Repository/Parte2/Ajustes cuenta/Cuenta/Tiempo Pin de Acceso/android.widget.RadioButton - 1 da' is checked

2023-09-22 08:42:45 - [MESSAGE][WARNING] - Timeout '0' is invalid. Using default page load timeout: '30'

2023-09-22 08:42:45 - [MESSAGE][PASSED] - Element 'Object Repository/Parte2/Ajustes cuenta/Cuenta/Tiempo Pin de Acceso/android.widget.RadioButton - 1 da' is checked

2023-09-22 08:42:45 - [TEST_STEP][PASSED] - tap(findTestObject("Parte2/Ajustes cuenta/Cuenta/Tiempo Pin de Acceso/android.widget.Button - Aceptar"), 0): Tapped on element 'Object Repository/Parte2/Ajustes cuenta/Cuenta/Tiempo Pin de Acceso/android.widget.Button - Aceptar'

2023-09-22 08:42:45 - [MESSAGE][WARNING] - Timeout '0' is invalid. Using default page load timeout: '30'

2023-09-22 08:42:46 - [MESSAGE][PASSED] - Tapped on element 'Object Repository/Parte2/Ajustes cuenta/Cuenta/Tiempo Pin de Acceso/android.widget.Button - Aceptar'

2023-09-22 08:42:46 - [TEST_STEP][PASSED] - verifyElementText(findTestObject("Parte2/Ajustes cuenta/Cuenta/Tiempo Pin de Acceso/android.widget.TextView - 1 da"), "1 día"): Actual text and expected text of test object 'Object Repository/Parte2/Ajustes cuenta/Cuenta/Tiempo Pin de Acceso/android.widget.TextView - 1 da' are matched.

2023-09-22 08:42:47 - [MESSAGE][PASSED] - Actual text and expected text of test object 'Object Repository/Parte2/Ajustes cuenta/Cuenta/Tiempo Pin de Acceso/android.widget.TextView - 1 da' are matched.]]></system-out>
         <system-err><![CDATA[]]></system-err>
      </testcase>
      <testcase name="Test Cases/Parte2/Ajustes/Cuenta/Tiempo Pin de Acceso/CPN176" time="10.741" classname="Test Cases/Parte2/Ajustes/Cuenta/Tiempo Pin de Acceso/CPN176" status="PASSED">
         <system-out><![CDATA[2023-09-22 08:42:47 - [TEST_CASE][PASSED] - Test Cases/Parte2/Ajustes/Cuenta/Tiempo Pin de Acceso/CPN176: Test Cases/Parte2/Ajustes/Cuenta/Tiempo Pin de Acceso/CPN176

2023-09-22 08:42:47 - [TEST_STEP][PASSED] - tap(findTestObject("Parte2/Ajustes cuenta/Cuenta/Tiempo Pin de Acceso/android.widget.TextView - Tiempo para solicitud de pin de acceso"), 0): Tapped on element 'Object Repository/Parte2/Ajustes cuenta/Cuenta/Tiempo Pin de Acceso/android.widget.TextView - Tiempo para solicitud de pin de acceso'

2023-09-22 08:42:47 - [MESSAGE][WARNING] - Timeout '0' is invalid. Using default page load timeout: '30'

2023-09-22 08:42:47 - [MESSAGE][PASSED] - Tapped on element 'Object Repository/Parte2/Ajustes cuenta/Cuenta/Tiempo Pin de Acceso/android.widget.TextView - Tiempo para solicitud de pin de acceso'

2023-09-22 08:42:47 - [TEST_STEP][PASSED] - scrollToText("Nunca", STOP_ON_FAILURE): Scrolling to text 'Nunca' successfully

2023-09-22 08:42:51 - [MESSAGE][PASSED] - Scrolling to text 'Nunca' successfully

2023-09-22 08:42:51 - [TEST_STEP][PASSED] - tap(findTestObject("Parte2/Ajustes cuenta/Cuenta/Tiempo Pin de Acceso/android.widget.RadioButton - Nunca"), 0): Tapped on element 'Object Repository/Parte2/Ajustes cuenta/Cuenta/Tiempo Pin de Acceso/android.widget.RadioButton - Nunca'

2023-09-22 08:42:51 - [MESSAGE][WARNING] - Timeout '0' is invalid. Using default page load timeout: '30'

2023-09-22 08:42:51 - [MESSAGE][PASSED] - Tapped on element 'Object Repository/Parte2/Ajustes cuenta/Cuenta/Tiempo Pin de Acceso/android.widget.RadioButton - Nunca'

2023-09-22 08:42:51 - [TEST_STEP][PASSED] - tap(findTestObject("Parte2/Ajustes cuenta/Cuenta/Tiempo Pin de Acceso/android.widget.Button - Aceptar"), 0): Tapped on element 'Object Repository/Parte2/Ajustes cuenta/Cuenta/Tiempo Pin de Acceso/android.widget.Button - Aceptar'

2023-09-22 08:42:51 - [MESSAGE][WARNING] - Timeout '0' is invalid. Using default page load timeout: '30'

2023-09-22 08:42:52 - [MESSAGE][PASSED] - Tapped on element 'Object Repository/Parte2/Ajustes cuenta/Cuenta/Tiempo Pin de Acceso/android.widget.Button - Aceptar'

2023-09-22 08:42:52 - [TEST_STEP][PASSED] - verifyElementText(findTestObject("Parte2/Ajustes cuenta/Cuenta/Tiempo Pin de Acceso/android.widget.TextView - Nunca"), "Nunca"): Actual text and expected text of test object 'Object Repository/Parte2/Ajustes cuenta/Cuenta/Tiempo Pin de Acceso/android.widget.TextView - Nunca' are matched.

2023-09-22 08:42:53 - [MESSAGE][PASSED] - Actual text and expected text of test object 'Object Repository/Parte2/Ajustes cuenta/Cuenta/Tiempo Pin de Acceso/android.widget.TextView - Nunca' are matched.

2023-09-22 08:42:53 - [TEST_STEP][PASSED] - pressBack(): Press back button successfully

2023-09-22 08:42:53 - [MESSAGE][PASSED] - Press back button successfully

2023-09-22 08:42:53 - [TEST_STEP][PASSED] - pressBack(): Press back button successfully

2023-09-22 08:42:54 - [MESSAGE][PASSED] - Press back button successfully

2023-09-22 08:42:54 - [TEST_STEP][PASSED] - pressBack(): Press back button successfully

2023-09-22 08:42:55 - [MESSAGE][PASSED] - Press back button successfully

2023-09-22 08:42:55 - [TEST_STEP][PASSED] - tap(findTestObject("Parte2/Ajustes cuenta/Cuenta/Tiempo Pin de Acceso/android.widget.TextView - NapoleoN"), 0): Tapped on element 'Object Repository/Parte2/Ajustes cuenta/Cuenta/Tiempo Pin de Acceso/android.widget.TextView - NapoleoN'

2023-09-22 08:42:55 - [MESSAGE][WARNING] - Timeout '0' is invalid. Using default page load timeout: '30'

2023-09-22 08:42:56 - [MESSAGE][PASSED] - Tapped on element 'Object Repository/Parte2/Ajustes cuenta/Cuenta/Tiempo Pin de Acceso/android.widget.TextView - NapoleoN'

2023-09-22 08:42:56 - [TEST_STEP][PASSED] - verifyElementExist(findTestObject("Parte2/Ajustes cuenta/Cuenta/Tiempo Pin de Acceso/android.widget.FrameLayout (1)"), 0): Element 'Object Repository/Parte2/Ajustes cuenta/Cuenta/Tiempo Pin de Acceso/android.widget.FrameLayout (1)' is exist

2023-09-22 08:42:56 - [MESSAGE][WARNING] - Timeout '0' is invalid. Using default page load timeout: '30'

2023-09-22 08:42:58 - [MESSAGE][PASSED] - Element 'Object Repository/Parte2/Ajustes cuenta/Cuenta/Tiempo Pin de Acceso/android.widget.FrameLayout (1)' is exist]]></system-out>
         <system-err><![CDATA[]]></system-err>
      </testcase>
      <testcase name="Test Cases/Parte2/Ajustes/Cuenta/Tiempo Pin de Acceso/CPN177" time="7.665" classname="Test Cases/Parte2/Ajustes/Cuenta/Tiempo Pin de Acceso/CPN177" status="PASSED">
         <system-out><![CDATA[2023-09-22 08:42:58 - [TEST_CASE][PASSED] - Test Cases/Parte2/Ajustes/Cuenta/Tiempo Pin de Acceso/CPN177: Test Cases/Parte2/Ajustes/Cuenta/Tiempo Pin de Acceso/CPN177

2023-09-22 08:42:58 - [TEST_STEP][PASSED] - tap(findTestObject("Parte2/Ajustes cuenta/Cuenta/Tiempo Pin de Acceso/android.widget.FrameLayout"), 0): Tapped on element 'Object Repository/Parte2/Ajustes cuenta/Cuenta/Tiempo Pin de Acceso/android.widget.FrameLayout'

2023-09-22 08:42:58 - [MESSAGE][WARNING] - Timeout '0' is invalid. Using default page load timeout: '30'

2023-09-22 08:42:58 - [MESSAGE][PASSED] - Tapped on element 'Object Repository/Parte2/Ajustes cuenta/Cuenta/Tiempo Pin de Acceso/android.widget.FrameLayout'

2023-09-22 08:42:58 - [TEST_STEP][PASSED] - tap(findTestObject("Parte2/Ajustes cuenta/Cuenta/Tiempo Pin de Acceso/android.widget.LinearLayout"), 0): Tapped on element 'Object Repository/Parte2/Ajustes cuenta/Cuenta/Tiempo Pin de Acceso/android.widget.LinearLayout'

2023-09-22 08:42:58 - [MESSAGE][WARNING] - Timeout '0' is invalid. Using default page load timeout: '30'

2023-09-22 08:42:59 - [MESSAGE][PASSED] - Tapped on element 'Object Repository/Parte2/Ajustes cuenta/Cuenta/Tiempo Pin de Acceso/android.widget.LinearLayout'

2023-09-22 08:42:59 - [TEST_STEP][PASSED] - tap(findTestObject("Parte2/Ajustes cuenta/Cuenta/Tiempo Pin de Acceso/android.widget.TextView - Tiempo para solicitud de pin de acceso"), 0): Tapped on element 'Object Repository/Parte2/Ajustes cuenta/Cuenta/Tiempo Pin de Acceso/android.widget.TextView - Tiempo para solicitud de pin de acceso'

2023-09-22 08:42:59 - [MESSAGE][WARNING] - Timeout '0' is invalid. Using default page load timeout: '30'

2023-09-22 08:43:00 - [MESSAGE][PASSED] - Tapped on element 'Object Repository/Parte2/Ajustes cuenta/Cuenta/Tiempo Pin de Acceso/android.widget.TextView - Tiempo para solicitud de pin de acceso'

2023-09-22 08:43:00 - [TEST_STEP][PASSED] - tap(findTestObject("Parte2/Ajustes cuenta/Cuenta/Tiempo Pin de Acceso/android.widget.RadioButton - Inmediatamente"), 0): Tapped on element 'Object Repository/Parte2/Ajustes cuenta/Cuenta/Tiempo Pin de Acceso/android.widget.RadioButton - Inmediatamente'

2023-09-22 08:43:00 - [MESSAGE][WARNING] - Timeout '0' is invalid. Using default page load timeout: '30'

2023-09-22 08:43:01 - [MESSAGE][PASSED] - Tapped on element 'Object Repository/Parte2/Ajustes cuenta/Cuenta/Tiempo Pin de Acceso/android.widget.RadioButton - Inmediatamente'

2023-09-22 08:43:01 - [TEST_STEP][PASSED] - tap(findTestObject("Parte2/Ajustes cuenta/Cuenta/Tiempo Pin de Acceso/android.widget.Button - Aceptar"), 0): Tapped on element 'Object Repository/Parte2/Ajustes cuenta/Cuenta/Tiempo Pin de Acceso/android.widget.Button - Aceptar'

2023-09-22 08:43:01 - [MESSAGE][WARNING] - Timeout '0' is invalid. Using default page load timeout: '30'

2023-09-22 08:43:02 - [MESSAGE][PASSED] - Tapped on element 'Object Repository/Parte2/Ajustes cuenta/Cuenta/Tiempo Pin de Acceso/android.widget.Button - Aceptar'

2023-09-22 08:43:02 - [TEST_STEP][PASSED] - verifyElementText(findTestObject("Parte2/Ajustes cuenta/Cuenta/Tiempo Pin de Acceso/android.widget.TextView - Inmediatamente"), "Inmediatamente"): Actual text and expected text of test object 'Object Repository/Parte2/Ajustes cuenta/Cuenta/Tiempo Pin de Acceso/android.widget.TextView - Inmediatamente' are matched.

2023-09-22 08:43:03 - [MESSAGE][PASSED] - Actual text and expected text of test object 'Object Repository/Parte2/Ajustes cuenta/Cuenta/Tiempo Pin de Acceso/android.widget.TextView - Inmediatamente' are matched.

2023-09-22 08:43:03 - [TEST_STEP][PASSED] - tap(findTestObject("Parte2/Ajustes cuenta/Cuenta/Tiempo Pin de Acceso/android.widget.TextView - Tiempo para solicitud de pin de acceso"), 0): Tapped on element 'Object Repository/Parte2/Ajustes cuenta/Cuenta/Tiempo Pin de Acceso/android.widget.TextView - Tiempo para solicitud de pin de acceso'

2023-09-22 08:43:03 - [MESSAGE][WARNING] - Timeout '0' is invalid. Using default page load timeout: '30'

2023-09-22 08:43:03 - [MESSAGE][PASSED] - Tapped on element 'Object Repository/Parte2/Ajustes cuenta/Cuenta/Tiempo Pin de Acceso/android.widget.TextView - Tiempo para solicitud de pin de acceso'

2023-09-22 08:43:03 - [TEST_STEP][PASSED] - tap(findTestObject("Parte2/Ajustes cuenta/Cuenta/Tiempo Pin de Acceso/android.widget.RadioButton - 10 Segundos"), 0): Tapped on element 'Object Repository/Parte2/Ajustes cuenta/Cuenta/Tiempo Pin de Acceso/android.widget.RadioButton - 10 Segundos'

2023-09-22 08:43:03 - [MESSAGE][WARNING] - Timeout '0' is invalid. Using default page load timeout: '30'

2023-09-22 08:43:04 - [MESSAGE][PASSED] - Tapped on element 'Object Repository/Parte2/Ajustes cuenta/Cuenta/Tiempo Pin de Acceso/android.widget.RadioButton - 10 Segundos'

2023-09-22 08:43:04 - [TEST_STEP][PASSED] - tap(findTestObject("Parte2/Ajustes cuenta/Cuenta/Tiempo Pin de Acceso/android.widget.Button - Cancelar"), 0): Tapped on element 'Object Repository/Parte2/Ajustes cuenta/Cuenta/Tiempo Pin de Acceso/android.widget.Button - Cancelar'

2023-09-22 08:43:04 - [MESSAGE][WARNING] - Timeout '0' is invalid. Using default page load timeout: '30'

2023-09-22 08:43:05 - [MESSAGE][PASSED] - Tapped on element 'Object Repository/Parte2/Ajustes cuenta/Cuenta/Tiempo Pin de Acceso/android.widget.Button - Cancelar'

2023-09-22 08:43:05 - [TEST_STEP][PASSED] - verifyElementText(findTestObject("Parte2/Ajustes cuenta/Cuenta/Tiempo Pin de Acceso/android.widget.TextView - Inmediatamente"), "Inmediatamente"): Actual text and expected text of test object 'Object Repository/Parte2/Ajustes cuenta/Cuenta/Tiempo Pin de Acceso/android.widget.TextView - Inmediatamente' are matched.

2023-09-22 08:43:05 - [MESSAGE][PASSED] - Actual text and expected text of test object 'Object Repository/Parte2/Ajustes cuenta/Cuenta/Tiempo Pin de Acceso/android.widget.TextView - Inmediatamente' are matched.]]></system-out>
         <system-err><![CDATA[]]></system-err>
      </testcase>
      <testcase name="Test Cases/Parte2/Ajustes/Cuenta/Tiempo Pin de Acceso/CPN178" time="2.782" classname="Test Cases/Parte2/Ajustes/Cuenta/Tiempo Pin de Acceso/CPN178" status="PASSED">
         <system-out><![CDATA[2023-09-22 08:43:05 - [TEST_CASE][PASSED] - Test Cases/Parte2/Ajustes/Cuenta/Tiempo Pin de Acceso/CPN178: Test Cases/Parte2/Ajustes/Cuenta/Tiempo Pin de Acceso/CPN178

2023-09-22 08:43:06 - [TEST_STEP][PASSED] - tap(findTestObject("Parte2/Ajustes cuenta/Cuenta/Tiempo Pin de Acceso/android.widget.TextView - Tiempo para solicitud de pin de acceso"), 0): Tapped on element 'Object Repository/Parte2/Ajustes cuenta/Cuenta/Tiempo Pin de Acceso/android.widget.TextView - Tiempo para solicitud de pin de acceso'

2023-09-22 08:43:06 - [MESSAGE][WARNING] - Timeout '0' is invalid. Using default page load timeout: '30'

2023-09-22 08:43:06 - [MESSAGE][PASSED] - Tapped on element 'Object Repository/Parte2/Ajustes cuenta/Cuenta/Tiempo Pin de Acceso/android.widget.TextView - Tiempo para solicitud de pin de acceso'

2023-09-22 08:43:06 - [TEST_STEP][PASSED] - tap(findTestObject("Parte2/Ajustes cuenta/Cuenta/Tiempo Pin de Acceso/android.widget.RadioButton - 30 segundos"), 0): Tapped on element 'Object Repository/Parte2/Ajustes cuenta/Cuenta/Tiempo Pin de Acceso/android.widget.RadioButton - 30 segundos'

2023-09-22 08:43:06 - [MESSAGE][WARNING] - Timeout '0' is invalid. Using default page load timeout: '30'

2023-09-22 08:43:07 - [MESSAGE][PASSED] - Tapped on element 'Object Repository/Parte2/Ajustes cuenta/Cuenta/Tiempo Pin de Acceso/android.widget.RadioButton - 30 segundos'

2023-09-22 08:43:07 - [TEST_STEP][PASSED] - tap(findTestObject("Parte2/Ajustes cuenta/Cuenta/Tiempo Pin de Acceso/android.widget.Button - Cancelar"), 0): Tapped on element 'Object Repository/Parte2/Ajustes cuenta/Cuenta/Tiempo Pin de Acceso/android.widget.Button - Cancelar'

2023-09-22 08:43:07 - [MESSAGE][WARNING] - Timeout '0' is invalid. Using default page load timeout: '30'

2023-09-22 08:43:07 - [MESSAGE][PASSED] - Tapped on element 'Object Repository/Parte2/Ajustes cuenta/Cuenta/Tiempo Pin de Acceso/android.widget.Button - Cancelar'

2023-09-22 08:43:07 - [TEST_STEP][PASSED] - verifyElementText(findTestObject("Parte2/Ajustes cuenta/Cuenta/Tiempo Pin de Acceso/android.widget.TextView - Inmediatamente"), "Inmediatamente"): Actual text and expected text of test object 'Object Repository/Parte2/Ajustes cuenta/Cuenta/Tiempo Pin de Acceso/android.widget.TextView - Inmediatamente' are matched.

2023-09-22 08:43:08 - [MESSAGE][PASSED] - Actual text and expected text of test object 'Object Repository/Parte2/Ajustes cuenta/Cuenta/Tiempo Pin de Acceso/android.widget.TextView - Inmediatamente' are matched.]]></system-out>
         <system-err><![CDATA[]]></system-err>
      </testcase>
      <testcase name="Test Cases/Parte2/Ajustes/Cuenta/Tiempo Pin de Acceso/CPN179" time="2.822" classname="Test Cases/Parte2/Ajustes/Cuenta/Tiempo Pin de Acceso/CPN179" status="PASSED">
         <system-out><![CDATA[2023-09-22 08:43:08 - [TEST_CASE][PASSED] - Test Cases/Parte2/Ajustes/Cuenta/Tiempo Pin de Acceso/CPN179: Test Cases/Parte2/Ajustes/Cuenta/Tiempo Pin de Acceso/CPN179

2023-09-22 08:43:08 - [TEST_STEP][PASSED] - tap(findTestObject("Parte2/Ajustes cuenta/Cuenta/Tiempo Pin de Acceso/android.widget.TextView - Tiempo para solicitud de pin de acceso"), 0): Tapped on element 'Object Repository/Parte2/Ajustes cuenta/Cuenta/Tiempo Pin de Acceso/android.widget.TextView - Tiempo para solicitud de pin de acceso'

2023-09-22 08:43:08 - [MESSAGE][WARNING] - Timeout '0' is invalid. Using default page load timeout: '30'

2023-09-22 08:43:09 - [MESSAGE][PASSED] - Tapped on element 'Object Repository/Parte2/Ajustes cuenta/Cuenta/Tiempo Pin de Acceso/android.widget.TextView - Tiempo para solicitud de pin de acceso'

2023-09-22 08:43:09 - [TEST_STEP][PASSED] - tap(findTestObject("Parte2/Ajustes cuenta/Cuenta/Tiempo Pin de Acceso/android.widget.RadioButton - 1 minuto"), 0): Tapped on element 'Object Repository/Parte2/Ajustes cuenta/Cuenta/Tiempo Pin de Acceso/android.widget.RadioButton - 1 minuto'

2023-09-22 08:43:09 - [MESSAGE][WARNING] - Timeout '0' is invalid. Using default page load timeout: '30'

2023-09-22 08:43:09 - [MESSAGE][PASSED] - Tapped on element 'Object Repository/Parte2/Ajustes cuenta/Cuenta/Tiempo Pin de Acceso/android.widget.RadioButton - 1 minuto'

2023-09-22 08:43:09 - [TEST_STEP][PASSED] - tap(findTestObject("Parte2/Ajustes cuenta/Cuenta/Tiempo Pin de Acceso/android.widget.Button - Cancelar"), 0): Tapped on element 'Object Repository/Parte2/Ajustes cuenta/Cuenta/Tiempo Pin de Acceso/android.widget.Button - Cancelar'

2023-09-22 08:43:09 - [MESSAGE][WARNING] - Timeout '0' is invalid. Using default page load timeout: '30'

2023-09-22 08:43:10 - [MESSAGE][PASSED] - Tapped on element 'Object Repository/Parte2/Ajustes cuenta/Cuenta/Tiempo Pin de Acceso/android.widget.Button - Cancelar'

2023-09-22 08:43:10 - [TEST_STEP][PASSED] - verifyElementText(findTestObject("Parte2/Ajustes cuenta/Cuenta/Tiempo Pin de Acceso/android.widget.TextView - Inmediatamente"), "Inmediatamente"): Actual text and expected text of test object 'Object Repository/Parte2/Ajustes cuenta/Cuenta/Tiempo Pin de Acceso/android.widget.TextView - Inmediatamente' are matched.

2023-09-22 08:43:11 - [MESSAGE][PASSED] - Actual text and expected text of test object 'Object Repository/Parte2/Ajustes cuenta/Cuenta/Tiempo Pin de Acceso/android.widget.TextView - Inmediatamente' are matched.]]></system-out>
         <system-err><![CDATA[]]></system-err>
      </testcase>
      <testcase name="Test Cases/Parte2/Ajustes/Cuenta/Tiempo Pin de Acceso/CPN180" time="2.714" classname="Test Cases/Parte2/Ajustes/Cuenta/Tiempo Pin de Acceso/CPN180" status="PASSED">
         <system-out><![CDATA[2023-09-22 08:43:11 - [TEST_CASE][PASSED] - Test Cases/Parte2/Ajustes/Cuenta/Tiempo Pin de Acceso/CPN180: Test Cases/Parte2/Ajustes/Cuenta/Tiempo Pin de Acceso/CPN180

2023-09-22 08:43:11 - [TEST_STEP][PASSED] - tap(findTestObject("Parte2/Ajustes cuenta/Cuenta/Tiempo Pin de Acceso/android.widget.TextView - Tiempo para solicitud de pin de acceso"), 0): Tapped on element 'Object Repository/Parte2/Ajustes cuenta/Cuenta/Tiempo Pin de Acceso/android.widget.TextView - Tiempo para solicitud de pin de acceso'

2023-09-22 08:43:11 - [MESSAGE][WARNING] - Timeout '0' is invalid. Using default page load timeout: '30'

2023-09-22 08:43:11 - [MESSAGE][PASSED] - Tapped on element 'Object Repository/Parte2/Ajustes cuenta/Cuenta/Tiempo Pin de Acceso/android.widget.TextView - Tiempo para solicitud de pin de acceso'

2023-09-22 08:43:11 - [TEST_STEP][PASSED] - tap(findTestObject("Parte2/Ajustes cuenta/Cuenta/Tiempo Pin de Acceso/android.widget.RadioButton - 5 minutos"), 0): Tapped on element 'Object Repository/Parte2/Ajustes cuenta/Cuenta/Tiempo Pin de Acceso/android.widget.RadioButton - 5 minutos'

2023-09-22 08:43:11 - [MESSAGE][WARNING] - Timeout '0' is invalid. Using default page load timeout: '30'

2023-09-22 08:43:12 - [MESSAGE][PASSED] - Tapped on element 'Object Repository/Parte2/Ajustes cuenta/Cuenta/Tiempo Pin de Acceso/android.widget.RadioButton - 5 minutos'

2023-09-22 08:43:12 - [TEST_STEP][PASSED] - tap(findTestObject("Parte2/Ajustes cuenta/Cuenta/Tiempo Pin de Acceso/android.widget.Button - Cancelar"), 0): Tapped on element 'Object Repository/Parte2/Ajustes cuenta/Cuenta/Tiempo Pin de Acceso/android.widget.Button - Cancelar'

2023-09-22 08:43:12 - [MESSAGE][WARNING] - Timeout '0' is invalid. Using default page load timeout: '30'

2023-09-22 08:43:13 - [MESSAGE][PASSED] - Tapped on element 'Object Repository/Parte2/Ajustes cuenta/Cuenta/Tiempo Pin de Acceso/android.widget.Button - Cancelar'

2023-09-22 08:43:13 - [TEST_STEP][PASSED] - verifyElementText(findTestObject("Parte2/Ajustes cuenta/Cuenta/Tiempo Pin de Acceso/android.widget.TextView - Inmediatamente"), "Inmediatamente"): Actual text and expected text of test object 'Object Repository/Parte2/Ajustes cuenta/Cuenta/Tiempo Pin de Acceso/android.widget.TextView - Inmediatamente' are matched.

2023-09-22 08:43:14 - [MESSAGE][PASSED] - Actual text and expected text of test object 'Object Repository/Parte2/Ajustes cuenta/Cuenta/Tiempo Pin de Acceso/android.widget.TextView - Inmediatamente' are matched.]]></system-out>
         <system-err><![CDATA[]]></system-err>
      </testcase>
      <testcase name="Test Cases/Parte2/Ajustes/Cuenta/Tiempo Pin de Acceso/CPN181" time="2.814" classname="Test Cases/Parte2/Ajustes/Cuenta/Tiempo Pin de Acceso/CPN181" status="PASSED">
         <system-out><![CDATA[2023-09-22 08:43:14 - [TEST_CASE][PASSED] - Test Cases/Parte2/Ajustes/Cuenta/Tiempo Pin de Acceso/CPN181: Test Cases/Parte2/Ajustes/Cuenta/Tiempo Pin de Acceso/CPN181

2023-09-22 08:43:14 - [TEST_STEP][PASSED] - tap(findTestObject("Parte2/Ajustes cuenta/Cuenta/Tiempo Pin de Acceso/android.widget.TextView - Tiempo para solicitud de pin de acceso"), 0): Tapped on element 'Object Repository/Parte2/Ajustes cuenta/Cuenta/Tiempo Pin de Acceso/android.widget.TextView - Tiempo para solicitud de pin de acceso'

2023-09-22 08:43:14 - [MESSAGE][WARNING] - Timeout '0' is invalid. Using default page load timeout: '30'

2023-09-22 08:43:14 - [MESSAGE][PASSED] - Tapped on element 'Object Repository/Parte2/Ajustes cuenta/Cuenta/Tiempo Pin de Acceso/android.widget.TextView - Tiempo para solicitud de pin de acceso'

2023-09-22 08:43:14 - [TEST_STEP][PASSED] - tap(findTestObject("Parte2/Ajustes cuenta/Cuenta/Tiempo Pin de Acceso/android.widget.RadioButton - 1 hora"), 0): Tapped on element 'Object Repository/Parte2/Ajustes cuenta/Cuenta/Tiempo Pin de Acceso/android.widget.RadioButton - 1 hora'

2023-09-22 08:43:14 - [MESSAGE][WARNING] - Timeout '0' is invalid. Using default page load timeout: '30'

2023-09-22 08:43:15 - [MESSAGE][PASSED] - Tapped on element 'Object Repository/Parte2/Ajustes cuenta/Cuenta/Tiempo Pin de Acceso/android.widget.RadioButton - 1 hora'

2023-09-22 08:43:15 - [TEST_STEP][PASSED] - tap(findTestObject("Parte2/Ajustes cuenta/Cuenta/Tiempo Pin de Acceso/android.widget.Button - Cancelar"), 0): Tapped on element 'Object Repository/Parte2/Ajustes cuenta/Cuenta/Tiempo Pin de Acceso/android.widget.Button - Cancelar'

2023-09-22 08:43:15 - [MESSAGE][WARNING] - Timeout '0' is invalid. Using default page load timeout: '30'

2023-09-22 08:43:16 - [MESSAGE][PASSED] - Tapped on element 'Object Repository/Parte2/Ajustes cuenta/Cuenta/Tiempo Pin de Acceso/android.widget.Button - Cancelar'

2023-09-22 08:43:16 - [TEST_STEP][PASSED] - verifyElementText(findTestObject("Parte2/Ajustes cuenta/Cuenta/Tiempo Pin de Acceso/android.widget.TextView - Inmediatamente"), "Inmediatamente"): Actual text and expected text of test object 'Object Repository/Parte2/Ajustes cuenta/Cuenta/Tiempo Pin de Acceso/android.widget.TextView - Inmediatamente' are matched.

2023-09-22 08:43:16 - [MESSAGE][PASSED] - Actual text and expected text of test object 'Object Repository/Parte2/Ajustes cuenta/Cuenta/Tiempo Pin de Acceso/android.widget.TextView - Inmediatamente' are matched.]]></system-out>
         <system-err><![CDATA[]]></system-err>
      </testcase>
      <testcase name="Test Cases/Parte2/Ajustes/Cuenta/Tiempo Pin de Acceso/CPN182" time="5.512" classname="Test Cases/Parte2/Ajustes/Cuenta/Tiempo Pin de Acceso/CPN182" status="PASSED">
         <system-out><![CDATA[2023-09-22 08:43:16 - [TEST_CASE][PASSED] - Test Cases/Parte2/Ajustes/Cuenta/Tiempo Pin de Acceso/CPN182: Test Cases/Parte2/Ajustes/Cuenta/Tiempo Pin de Acceso/CPN182

2023-09-22 08:43:17 - [TEST_STEP][PASSED] - tap(findTestObject("Parte2/Ajustes cuenta/Cuenta/Tiempo Pin de Acceso/android.widget.TextView - Tiempo para solicitud de pin de acceso"), 0): Tapped on element 'Object Repository/Parte2/Ajustes cuenta/Cuenta/Tiempo Pin de Acceso/android.widget.TextView - Tiempo para solicitud de pin de acceso'

2023-09-22 08:43:17 - [MESSAGE][WARNING] - Timeout '0' is invalid. Using default page load timeout: '30'

2023-09-22 08:43:17 - [MESSAGE][PASSED] - Tapped on element 'Object Repository/Parte2/Ajustes cuenta/Cuenta/Tiempo Pin de Acceso/android.widget.TextView - Tiempo para solicitud de pin de acceso'

2023-09-22 08:43:17 - [TEST_STEP][PASSED] - scrollToText("1 día", STOP_ON_FAILURE): Scrolling to text '1 día' successfully

2023-09-22 08:43:20 - [MESSAGE][PASSED] - Scrolling to text '1 día' successfully

2023-09-22 08:43:20 - [TEST_STEP][PASSED] - tap(findTestObject("Parte2/Ajustes cuenta/Cuenta/Tiempo Pin de Acceso/android.widget.RadioButton - 1 da"), 0): Tapped on element 'Object Repository/Parte2/Ajustes cuenta/Cuenta/Tiempo Pin de Acceso/android.widget.RadioButton - 1 da'

2023-09-22 08:43:20 - [MESSAGE][WARNING] - Timeout '0' is invalid. Using default page load timeout: '30'

2023-09-22 08:43:20 - [MESSAGE][PASSED] - Tapped on element 'Object Repository/Parte2/Ajustes cuenta/Cuenta/Tiempo Pin de Acceso/android.widget.RadioButton - 1 da'

2023-09-22 08:43:20 - [TEST_STEP][PASSED] - tap(findTestObject("Parte2/Ajustes cuenta/Cuenta/Tiempo Pin de Acceso/android.widget.Button - Cancelar"), 0): Tapped on element 'Object Repository/Parte2/Ajustes cuenta/Cuenta/Tiempo Pin de Acceso/android.widget.Button - Cancelar'

2023-09-22 08:43:20 - [MESSAGE][WARNING] - Timeout '0' is invalid. Using default page load timeout: '30'

2023-09-22 08:43:21 - [MESSAGE][PASSED] - Tapped on element 'Object Repository/Parte2/Ajustes cuenta/Cuenta/Tiempo Pin de Acceso/android.widget.Button - Cancelar'

2023-09-22 08:43:21 - [TEST_STEP][PASSED] - verifyElementText(findTestObject("Parte2/Ajustes cuenta/Cuenta/Tiempo Pin de Acceso/android.widget.TextView - Inmediatamente"), "Inmediatamente"): Actual text and expected text of test object 'Object Repository/Parte2/Ajustes cuenta/Cuenta/Tiempo Pin de Acceso/android.widget.TextView - Inmediatamente' are matched.

2023-09-22 08:43:22 - [MESSAGE][PASSED] - Actual text and expected text of test object 'Object Repository/Parte2/Ajustes cuenta/Cuenta/Tiempo Pin de Acceso/android.widget.TextView - Inmediatamente' are matched.

2023-09-22 08:43:22 - [TEST_STEP][PASSED] - waitForElementPresent(findTestObject("Object Repository/Parte2/Ajustes cuenta/Cuenta/Tiempo Pin de Acceso/android.widget.TextView - Configuracin de cuenta"), 0): Element 'Object Repository/Parte2/Ajustes cuenta/Cuenta/Tiempo Pin de Acceso/android.widget.TextView - Configuracin de cuenta' is present

2023-09-22 08:43:22 - [MESSAGE][WARNING] - Timeout '0' is invalid. Using default page load timeout: '30'

2023-09-22 08:43:22 - [MESSAGE][PASSED] - Element 'Object Repository/Parte2/Ajustes cuenta/Cuenta/Tiempo Pin de Acceso/android.widget.TextView - Configuracin de cuenta' is present]]></system-out>
         <system-err><![CDATA[]]></system-err>
      </testcase>
      <testcase name="Test Cases/Parte2/Ajustes/Cuenta/Tiempo Pin de Acceso/CPN183" time="7.055" classname="Test Cases/Parte2/Ajustes/Cuenta/Tiempo Pin de Acceso/CPN183" status="PASSED">
         <system-out><![CDATA[2023-09-22 08:43:22 - [TEST_CASE][PASSED] - Test Cases/Parte2/Ajustes/Cuenta/Tiempo Pin de Acceso/CPN183: Test Cases/Parte2/Ajustes/Cuenta/Tiempo Pin de Acceso/CPN183

2023-09-22 08:43:22 - [TEST_STEP][PASSED] - tap(findTestObject("Parte2/Ajustes cuenta/Cuenta/Tiempo Pin de Acceso/android.widget.TextView - Tiempo para solicitud de pin de acceso"), 0): Tapped on element 'Object Repository/Parte2/Ajustes cuenta/Cuenta/Tiempo Pin de Acceso/android.widget.TextView - Tiempo para solicitud de pin de acceso'

2023-09-22 08:43:22 - [MESSAGE][WARNING] - Timeout '0' is invalid. Using default page load timeout: '30'

2023-09-22 08:43:22 - [MESSAGE][PASSED] - Tapped on element 'Object Repository/Parte2/Ajustes cuenta/Cuenta/Tiempo Pin de Acceso/android.widget.TextView - Tiempo para solicitud de pin de acceso'

2023-09-22 08:43:22 - [TEST_STEP][PASSED] - scrollToText("Nunca", STOP_ON_FAILURE): Scrolling to text 'Nunca' successfully

2023-09-22 08:43:25 - [MESSAGE][PASSED] - Scrolling to text 'Nunca' successfully

2023-09-22 08:43:25 - [TEST_STEP][PASSED] - tap(findTestObject("Parte2/Ajustes cuenta/Cuenta/Tiempo Pin de Acceso/android.widget.RadioButton - Nunca"), 0): Tapped on element 'Object Repository/Parte2/Ajustes cuenta/Cuenta/Tiempo Pin de Acceso/android.widget.RadioButton - Nunca'

2023-09-22 08:43:26 - [MESSAGE][WARNING] - Timeout '0' is invalid. Using default page load timeout: '30'

2023-09-22 08:43:26 - [MESSAGE][PASSED] - Tapped on element 'Object Repository/Parte2/Ajustes cuenta/Cuenta/Tiempo Pin de Acceso/android.widget.RadioButton - Nunca'

2023-09-22 08:43:26 - [TEST_STEP][PASSED] - tap(findTestObject("Parte2/Ajustes cuenta/Cuenta/Tiempo Pin de Acceso/android.widget.Button - Cancelar"), 0): Tapped on element 'Object Repository/Parte2/Ajustes cuenta/Cuenta/Tiempo Pin de Acceso/android.widget.Button - Cancelar'

2023-09-22 08:43:26 - [MESSAGE][WARNING] - Timeout '0' is invalid. Using default page load timeout: '30'

2023-09-22 08:43:27 - [MESSAGE][PASSED] - Tapped on element 'Object Repository/Parte2/Ajustes cuenta/Cuenta/Tiempo Pin de Acceso/android.widget.Button - Cancelar'

2023-09-22 08:43:27 - [TEST_STEP][PASSED] - verifyElementText(findTestObject("Parte2/Ajustes cuenta/Cuenta/Tiempo Pin de Acceso/android.widget.TextView - Inmediatamente"), "Inmediatamente"): Actual text and expected text of test object 'Object Repository/Parte2/Ajustes cuenta/Cuenta/Tiempo Pin de Acceso/android.widget.TextView - Inmediatamente' are matched.

2023-09-22 08:43:27 - [MESSAGE][PASSED] - Actual text and expected text of test object 'Object Repository/Parte2/Ajustes cuenta/Cuenta/Tiempo Pin de Acceso/android.widget.TextView - Inmediatamente' are matched.

2023-09-22 08:43:27 - [TEST_STEP][PASSED] - tap(findTestObject("Parte2/Ajustes cuenta/Cuenta/Tiempo Pin de Acceso/android.widget.TextView - Tiempo para solicitud de pin de acceso"), 0): Tapped on element 'Object Repository/Parte2/Ajustes cuenta/Cuenta/Tiempo Pin de Acceso/android.widget.TextView - Tiempo para solicitud de pin de acceso'

2023-09-22 08:43:27 - [MESSAGE][WARNING] - Timeout '0' is invalid. Using default page load timeout: '30'

2023-09-22 08:43:28 - [MESSAGE][PASSED] - Tapped on element 'Object Repository/Parte2/Ajustes cuenta/Cuenta/Tiempo Pin de Acceso/android.widget.TextView - Tiempo para solicitud de pin de acceso'

2023-09-22 08:43:28 - [TEST_STEP][PASSED] - tap(findTestObject("Parte2/Ajustes cuenta/Cuenta/Tiempo Pin de Acceso/android.widget.RadioButton - 30 segundos"), 0): Tapped on element 'Object Repository/Parte2/Ajustes cuenta/Cuenta/Tiempo Pin de Acceso/android.widget.RadioButton - 30 segundos'

2023-09-22 08:43:28 - [MESSAGE][WARNING] - Timeout '0' is invalid. Using default page load timeout: '30'

2023-09-22 08:43:28 - [MESSAGE][PASSED] - Tapped on element 'Object Repository/Parte2/Ajustes cuenta/Cuenta/Tiempo Pin de Acceso/android.widget.RadioButton - 30 segundos'

2023-09-22 08:43:28 - [TEST_STEP][PASSED] - tap(findTestObject("Parte2/Ajustes cuenta/Cuenta/Tiempo Pin de Acceso/android.widget.Button - Aceptar"), 0): Tapped on element 'Object Repository/Parte2/Ajustes cuenta/Cuenta/Tiempo Pin de Acceso/android.widget.Button - Aceptar'

2023-09-22 08:43:28 - [MESSAGE][WARNING] - Timeout '0' is invalid. Using default page load timeout: '30'

2023-09-22 08:43:29 - [MESSAGE][PASSED] - Tapped on element 'Object Repository/Parte2/Ajustes cuenta/Cuenta/Tiempo Pin de Acceso/android.widget.Button - Aceptar']]></system-out>
         <system-err><![CDATA[]]></system-err>
      </testcase>
      <testcase name="Test Cases/Parte2/Ajustes/Cuenta/Contactos Bloqueados/CPN184" time="1.754" classname="Test Cases/Parte2/Ajustes/Cuenta/Contactos Bloqueados/CPN184" status="PASSED">
         <system-out><![CDATA[2023-09-22 08:43:29 - [TEST_CASE][PASSED] - Test Cases/Parte2/Ajustes/Cuenta/Contactos Bloqueados/CPN184: Test Cases/Parte2/Ajustes/Cuenta/Contactos Bloqueados/CPN184

2023-09-22 08:43:29 - [TEST_STEP][PASSED] - tap(findTestObject("Parte2/Ajustes cuenta/Cuenta/Contactos Bloqueados/android.widget.TextView - Contactos bloqueados"), 0): Tapped on element 'Object Repository/Parte2/Ajustes cuenta/Cuenta/Contactos Bloqueados/android.widget.TextView - Contactos bloqueados'

2023-09-22 08:43:29 - [MESSAGE][WARNING] - Timeout '0' is invalid. Using default page load timeout: '30'

2023-09-22 08:43:30 - [MESSAGE][PASSED] - Tapped on element 'Object Repository/Parte2/Ajustes cuenta/Cuenta/Contactos Bloqueados/android.widget.TextView - Contactos bloqueados'

2023-09-22 08:43:30 - [TEST_STEP][PASSED] - verifyElementExist(findTestObject("Parte2/Ajustes cuenta/Cuenta/Contactos Bloqueados/android.view.ViewGroup"), 0): Element 'Object Repository/Parte2/Ajustes cuenta/Cuenta/Contactos Bloqueados/android.view.ViewGroup' is exist

2023-09-22 08:43:30 - [MESSAGE][WARNING] - Timeout '0' is invalid. Using default page load timeout: '30'

2023-09-22 08:43:31 - [MESSAGE][PASSED] - Element 'Object Repository/Parte2/Ajustes cuenta/Cuenta/Contactos Bloqueados/android.view.ViewGroup' is exist

2023-09-22 08:43:31 - [TEST_STEP][PASSED] - tap(findTestObject("Parte2/Ajustes cuenta/Cuenta/Contactos Bloqueados/android.widget.ImageButton"), 0): Tapped on element 'Object Repository/Parte2/Ajustes cuenta/Cuenta/Contactos Bloqueados/android.widget.ImageButton'

2023-09-22 08:43:31 - [MESSAGE][WARNING] - Timeout '0' is invalid. Using default page load timeout: '30'

2023-09-22 08:43:31 - [MESSAGE][PASSED] - Tapped on element 'Object Repository/Parte2/Ajustes cuenta/Cuenta/Contactos Bloqueados/android.widget.ImageButton']]></system-out>
         <system-err><![CDATA[]]></system-err>
      </testcase>
      <testcase name="Test Cases/Parte2/Ajustes/Cuenta/Idioma/CPN187" time="3.765" classname="Test Cases/Parte2/Ajustes/Cuenta/Idioma/CPN187" status="PASSED">
         <system-out><![CDATA[2023-09-22 08:43:31 - [TEST_CASE][PASSED] - Test Cases/Parte2/Ajustes/Cuenta/Idioma/CPN187: Test Cases/Parte2/Ajustes/Cuenta/Idioma/CPN187

2023-09-22 08:43:31 - [TEST_STEP][PASSED] - tap(findTestObject("Parte2/Ajustes cuenta/Cuenta/Idioma/android.widget.TextView - Idioma"), 0): Tapped on element 'Object Repository/Parte2/Ajustes cuenta/Cuenta/Idioma/android.widget.TextView - Idioma'

2023-09-22 08:43:31 - [MESSAGE][WARNING] - Timeout '0' is invalid. Using default page load timeout: '30'

2023-09-22 08:43:32 - [MESSAGE][PASSED] - Tapped on element 'Object Repository/Parte2/Ajustes cuenta/Cuenta/Idioma/android.widget.TextView - Idioma'

2023-09-22 08:43:32 - [TEST_STEP][PASSED] - tap(findTestObject("Parte2/Ajustes cuenta/Cuenta/Idioma/android.widget.TextView - Deutsch"), 0): Tapped on element 'Object Repository/Parte2/Ajustes cuenta/Cuenta/Idioma/android.widget.TextView - Deutsch'

2023-09-22 08:43:32 - [MESSAGE][WARNING] - Timeout '0' is invalid. Using default page load timeout: '30'

2023-09-22 08:43:33 - [MESSAGE][PASSED] - Tapped on element 'Object Repository/Parte2/Ajustes cuenta/Cuenta/Idioma/android.widget.TextView - Deutsch'

2023-09-22 08:43:33 - [TEST_STEP][PASSED] - verifyElementExist(findTestObject("Parte2/Ajustes cuenta/Cuenta/Idioma/android.view.ViewGroup"), 0): Element 'Object Repository/Parte2/Ajustes cuenta/Cuenta/Idioma/android.view.ViewGroup' is exist

2023-09-22 08:43:33 - [MESSAGE][WARNING] - Timeout '0' is invalid. Using default page load timeout: '30'

2023-09-22 08:43:34 - [MESSAGE][PASSED] - Element 'Object Repository/Parte2/Ajustes cuenta/Cuenta/Idioma/android.view.ViewGroup' is exist

2023-09-22 08:43:34 - [TEST_STEP][PASSED] - tap(findTestObject("Parte2/Ajustes cuenta/Cuenta/Idioma/android.widget.TextView - Sprache"), 0): Tapped on element 'Object Repository/Parte2/Ajustes cuenta/Cuenta/Idioma/android.widget.TextView - Sprache'

2023-09-22 08:43:34 - [MESSAGE][WARNING] - Timeout '0' is invalid. Using default page load timeout: '30'

2023-09-22 08:43:35 - [MESSAGE][PASSED] - Tapped on element 'Object Repository/Parte2/Ajustes cuenta/Cuenta/Idioma/android.widget.TextView - Sprache']]></system-out>
         <system-err><![CDATA[]]></system-err>
      </testcase>
      <testcase name="Test Cases/Parte2/Ajustes/Cuenta/Idioma/CPN188" time="2.536" classname="Test Cases/Parte2/Ajustes/Cuenta/Idioma/CPN188" status="PASSED">
         <system-out><![CDATA[2023-09-22 08:43:35 - [TEST_CASE][PASSED] - Test Cases/Parte2/Ajustes/Cuenta/Idioma/CPN188: Test Cases/Parte2/Ajustes/Cuenta/Idioma/CPN188

2023-09-22 08:43:35 - [TEST_STEP][PASSED] - tap(findTestObject("Parte2/Ajustes cuenta/Cuenta/Idioma/android.widget.TextView - Franais"), 0): Tapped on element 'Object Repository/Parte2/Ajustes cuenta/Cuenta/Idioma/android.widget.TextView - Franais'

2023-09-22 08:43:35 - [MESSAGE][WARNING] - Timeout '0' is invalid. Using default page load timeout: '30'

2023-09-22 08:43:36 - [MESSAGE][PASSED] - Tapped on element 'Object Repository/Parte2/Ajustes cuenta/Cuenta/Idioma/android.widget.TextView - Franais'

2023-09-22 08:43:36 - [TEST_STEP][PASSED] - verifyElementExist(findTestObject("Parte2/Ajustes cuenta/Cuenta/Idioma/android.view.ViewGroup (1)"), 0): Element 'Object Repository/Parte2/Ajustes cuenta/Cuenta/Idioma/android.view.ViewGroup (1)' is exist

2023-09-22 08:43:36 - [MESSAGE][WARNING] - Timeout '0' is invalid. Using default page load timeout: '30'

2023-09-22 08:43:37 - [MESSAGE][PASSED] - Element 'Object Repository/Parte2/Ajustes cuenta/Cuenta/Idioma/android.view.ViewGroup (1)' is exist

2023-09-22 08:43:37 - [TEST_STEP][PASSED] - tap(findTestObject("Parte2/Ajustes cuenta/Cuenta/Idioma/android.widget.TextView - Langage"), 0): Tapped on element 'Object Repository/Parte2/Ajustes cuenta/Cuenta/Idioma/android.widget.TextView - Langage'

2023-09-22 08:43:37 - [MESSAGE][WARNING] - Timeout '0' is invalid. Using default page load timeout: '30'

2023-09-22 08:43:37 - [MESSAGE][PASSED] - Tapped on element 'Object Repository/Parte2/Ajustes cuenta/Cuenta/Idioma/android.widget.TextView - Langage']]></system-out>
         <system-err><![CDATA[]]></system-err>
      </testcase>
      <testcase name="Test Cases/Parte2/Ajustes/Cuenta/Idioma/CPN189" time="2.465" classname="Test Cases/Parte2/Ajustes/Cuenta/Idioma/CPN189" status="PASSED">
         <system-out><![CDATA[2023-09-22 08:43:37 - [TEST_CASE][PASSED] - Test Cases/Parte2/Ajustes/Cuenta/Idioma/CPN189: Test Cases/Parte2/Ajustes/Cuenta/Idioma/CPN189

2023-09-22 08:43:37 - [TEST_STEP][PASSED] - tap(findTestObject("Parte2/Ajustes cuenta/Cuenta/Idioma/android.widget.TextView - English"), 0): Tapped on element 'Object Repository/Parte2/Ajustes cuenta/Cuenta/Idioma/android.widget.TextView - English'

2023-09-22 08:43:37 - [MESSAGE][WARNING] - Timeout '0' is invalid. Using default page load timeout: '30'

2023-09-22 08:43:38 - [MESSAGE][PASSED] - Tapped on element 'Object Repository/Parte2/Ajustes cuenta/Cuenta/Idioma/android.widget.TextView - English'

2023-09-22 08:43:38 - [TEST_STEP][PASSED] - verifyElementExist(findTestObject("Parte2/Ajustes cuenta/Cuenta/Idioma/android.view.ViewGroup (1)"), 0): Element 'Object Repository/Parte2/Ajustes cuenta/Cuenta/Idioma/android.view.ViewGroup (1)' is exist

2023-09-22 08:43:38 - [MESSAGE][WARNING] - Timeout '0' is invalid. Using default page load timeout: '30'

2023-09-22 08:43:39 - [MESSAGE][PASSED] - Element 'Object Repository/Parte2/Ajustes cuenta/Cuenta/Idioma/android.view.ViewGroup (1)' is exist

2023-09-22 08:43:39 - [TEST_STEP][PASSED] - tap(findTestObject("Parte2/Ajustes cuenta/Cuenta/Idioma/android.widget.TextView - Language"), 0): Tapped on element 'Object Repository/Parte2/Ajustes cuenta/Cuenta/Idioma/android.widget.TextView - Language'

2023-09-22 08:43:39 - [MESSAGE][WARNING] - Timeout '0' is invalid. Using default page load timeout: '30'

2023-09-22 08:43:40 - [MESSAGE][PASSED] - Tapped on element 'Object Repository/Parte2/Ajustes cuenta/Cuenta/Idioma/android.widget.TextView - Language']]></system-out>
         <system-err><![CDATA[]]></system-err>
      </testcase>
      <testcase name="Test Cases/Parte2/Ajustes/Cuenta/Idioma/CPN190" time="2.684" classname="Test Cases/Parte2/Ajustes/Cuenta/Idioma/CPN190" status="PASSED">
         <system-out><![CDATA[2023-09-22 08:43:40 - [TEST_CASE][PASSED] - Test Cases/Parte2/Ajustes/Cuenta/Idioma/CPN190: Test Cases/Parte2/Ajustes/Cuenta/Idioma/CPN190

2023-09-22 08:43:40 - [TEST_STEP][PASSED] - tap(findTestObject("Parte2/Ajustes cuenta/Cuenta/Idioma/android.widget.TextView - Italiano"), 0): Tapped on element 'Object Repository/Parte2/Ajustes cuenta/Cuenta/Idioma/android.widget.TextView - Italiano'

2023-09-22 08:43:40 - [MESSAGE][WARNING] - Timeout '0' is invalid. Using default page load timeout: '30'

2023-09-22 08:43:42 - [MESSAGE][PASSED] - Tapped on element 'Object Repository/Parte2/Ajustes cuenta/Cuenta/Idioma/android.widget.TextView - Italiano'

2023-09-22 08:43:42 - [TEST_STEP][PASSED] - verifyElementExist(findTestObject("Parte2/Ajustes cuenta/Cuenta/Idioma/android.view.ViewGroup (1)"), 0): Element 'Object Repository/Parte2/Ajustes cuenta/Cuenta/Idioma/android.view.ViewGroup (1)' is exist

2023-09-22 08:43:42 - [MESSAGE][WARNING] - Timeout '0' is invalid. Using default page load timeout: '30'

2023-09-22 08:43:42 - [MESSAGE][PASSED] - Element 'Object Repository/Parte2/Ajustes cuenta/Cuenta/Idioma/android.view.ViewGroup (1)' is exist

2023-09-22 08:43:42 - [TEST_STEP][PASSED] - tap(findTestObject("Parte2/Ajustes cuenta/Cuenta/Idioma/android.widget.TextView - Lingua"), 0): Tapped on element 'Object Repository/Parte2/Ajustes cuenta/Cuenta/Idioma/android.widget.TextView - Lingua'

2023-09-22 08:43:42 - [MESSAGE][WARNING] - Timeout '0' is invalid. Using default page load timeout: '30'

2023-09-22 08:43:42 - [MESSAGE][PASSED] - Tapped on element 'Object Repository/Parte2/Ajustes cuenta/Cuenta/Idioma/android.widget.TextView - Lingua']]></system-out>
         <system-err><![CDATA[]]></system-err>
      </testcase>
      <testcase name="Test Cases/Parte2/Ajustes/Cuenta/Idioma/CPN191" time="2.425" classname="Test Cases/Parte2/Ajustes/Cuenta/Idioma/CPN191" status="PASSED">
         <system-out><![CDATA[2023-09-22 08:43:42 - [TEST_CASE][PASSED] - Test Cases/Parte2/Ajustes/Cuenta/Idioma/CPN191: Test Cases/Parte2/Ajustes/Cuenta/Idioma/CPN191

2023-09-22 08:43:42 - [TEST_STEP][PASSED] - tap(findTestObject("Parte2/Ajustes cuenta/Cuenta/Idioma/android.widget.TextView - Portugus"), 0): Tapped on element 'Object Repository/Parte2/Ajustes cuenta/Cuenta/Idioma/android.widget.TextView - Portugus'

2023-09-22 08:43:43 - [MESSAGE][WARNING] - Timeout '0' is invalid. Using default page load timeout: '30'

2023-09-22 08:43:43 - [MESSAGE][PASSED] - Tapped on element 'Object Repository/Parte2/Ajustes cuenta/Cuenta/Idioma/android.widget.TextView - Portugus'

2023-09-22 08:43:43 - [TEST_STEP][PASSED] - verifyElementExist(findTestObject("Parte2/Ajustes cuenta/Cuenta/Idioma/android.view.ViewGroup (1)"), 0): Element 'Object Repository/Parte2/Ajustes cuenta/Cuenta/Idioma/android.view.ViewGroup (1)' is exist

2023-09-22 08:43:43 - [MESSAGE][WARNING] - Timeout '0' is invalid. Using default page load timeout: '30'

2023-09-22 08:43:44 - [MESSAGE][PASSED] - Element 'Object Repository/Parte2/Ajustes cuenta/Cuenta/Idioma/android.view.ViewGroup (1)' is exist

2023-09-22 08:43:44 - [TEST_STEP][PASSED] - tap(findTestObject("Parte2/Ajustes cuenta/Cuenta/Idioma/android.widget.TextView - Idioma (1)"), 0): Tapped on element 'Object Repository/Parte2/Ajustes cuenta/Cuenta/Idioma/android.widget.TextView - Idioma (1)'

2023-09-22 08:43:44 - [MESSAGE][WARNING] - Timeout '0' is invalid. Using default page load timeout: '30'

2023-09-22 08:43:45 - [MESSAGE][PASSED] - Tapped on element 'Object Repository/Parte2/Ajustes cuenta/Cuenta/Idioma/android.widget.TextView - Idioma (1)']]></system-out>
         <system-err><![CDATA[]]></system-err>
      </testcase>
      <testcase name="Test Cases/Parte2/Ajustes/Cuenta/Idioma/CPN192" time="2.147" classname="Test Cases/Parte2/Ajustes/Cuenta/Idioma/CPN192" status="PASSED">
         <system-out><![CDATA[2023-09-22 08:43:45 - [TEST_CASE][PASSED] - Test Cases/Parte2/Ajustes/Cuenta/Idioma/CPN192: Test Cases/Parte2/Ajustes/Cuenta/Idioma/CPN192

2023-09-22 08:43:45 - [TEST_STEP][PASSED] - tap(findTestObject("Parte2/Ajustes cuenta/Cuenta/Idioma/android.widget.TextView - Espaol"), 0): Tapped on element 'Object Repository/Parte2/Ajustes cuenta/Cuenta/Idioma/android.widget.TextView - Espaol'

2023-09-22 08:43:45 - [MESSAGE][WARNING] - Timeout '0' is invalid. Using default page load timeout: '30'

2023-09-22 08:43:46 - [MESSAGE][PASSED] - Tapped on element 'Object Repository/Parte2/Ajustes cuenta/Cuenta/Idioma/android.widget.TextView - Espaol'

2023-09-22 08:43:46 - [TEST_STEP][PASSED] - verifyElementExist(findTestObject("Parte2/Ajustes cuenta/Cuenta/Idioma/android.view.ViewGroup (1)"), 0): Element 'Object Repository/Parte2/Ajustes cuenta/Cuenta/Idioma/android.view.ViewGroup (1)' is exist

2023-09-22 08:43:46 - [MESSAGE][WARNING] - Timeout '0' is invalid. Using default page load timeout: '30'

2023-09-22 08:43:47 - [MESSAGE][PASSED] - Element 'Object Repository/Parte2/Ajustes cuenta/Cuenta/Idioma/android.view.ViewGroup (1)' is exist]]></system-out>
         <system-err><![CDATA[]]></system-err>
      </testcase>
      <testcase name="Test Cases/Parte2/Ajustes/Cuenta/Recuperar Cuenta/CPN193" time="12.158" classname="Test Cases/Parte2/Ajustes/Cuenta/Recuperar Cuenta/CPN193" status="PASSED">
         <system-out><![CDATA[2023-09-22 08:43:47 - [TEST_CASE][PASSED] - Test Cases/Parte2/Ajustes/Cuenta/Recuperar Cuenta/CPN193: Test Cases/Parte2/Ajustes/Cuenta/Recuperar Cuenta/CPN193

2023-09-22 08:43:47 - [TEST_STEP][PASSED] - tap(findTestObject("Parte2/Ajustes cuenta/Cuenta/Recuperar Cuenta/android.widget.TextView - Recuperar Cuenta"), 0): Tapped on element 'Object Repository/Parte2/Ajustes cuenta/Cuenta/Recuperar Cuenta/android.widget.TextView - Recuperar Cuenta'

2023-09-22 08:43:47 - [MESSAGE][WARNING] - Timeout '0' is invalid. Using default page load timeout: '30'

2023-09-22 08:43:47 - [MESSAGE][PASSED] - Tapped on element 'Object Repository/Parte2/Ajustes cuenta/Cuenta/Recuperar Cuenta/android.widget.TextView - Recuperar Cuenta'

2023-09-22 08:43:47 - [TEST_STEP][PASSED] - tap(findTestObject("Parte2/Ajustes cuenta/Cuenta/Recuperar Cuenta/android.widget.TextView - trminos, condiciones y polticas de privacidad"), 0): Tapped on element 'Object Repository/Parte2/Ajustes cuenta/Cuenta/Recuperar Cuenta/android.widget.TextView - trminos, condiciones y polticas de privacidad'

2023-09-22 08:43:47 - [MESSAGE][WARNING] - Timeout '0' is invalid. Using default page load timeout: '30'

2023-09-22 08:43:48 - [MESSAGE][PASSED] - Tapped on element 'Object Repository/Parte2/Ajustes cuenta/Cuenta/Recuperar Cuenta/android.widget.TextView - trminos, condiciones y polticas de privacidad'

2023-09-22 08:43:48 - [TEST_STEP][PASSED] - delay(10, STOP_ON_FAILURE): Delayed 10 second(s)

2023-09-22 08:43:58 - [MESSAGE][PASSED] - Delayed 10 second(s)

2023-09-22 08:43:58 - [TEST_STEP][PASSED] - verifyElementExist(findTestObject("Parte2/Ajustes cuenta/Cuenta/Recuperar Cuenta/android.widget.TextView - Trminos, condiciones y polticas de privacidad de datos de la app Napoleon chat"), 0): Element 'Object Repository/Parte2/Ajustes cuenta/Cuenta/Recuperar Cuenta/android.widget.TextView - Trminos, condiciones y polticas de privacidad de datos de la app Napoleon chat' is exist

2023-09-22 08:43:58 - [MESSAGE][WARNING] - Timeout '0' is invalid. Using default page load timeout: '30'

2023-09-22 08:43:59 - [MESSAGE][PASSED] - Element 'Object Repository/Parte2/Ajustes cuenta/Cuenta/Recuperar Cuenta/android.widget.TextView - Trminos, condiciones y polticas de privacidad de datos de la app Napoleon chat' is exist

2023-09-22 08:43:59 - [TEST_STEP][PASSED] - pressBack(): Press back button successfully

2023-09-22 08:43:59 - [MESSAGE][PASSED] - Press back button successfully]]></system-out>
         <system-err><![CDATA[]]></system-err>
      </testcase>
      <testcase name="Test Cases/Parte2/Ajustes/Cuenta/Recuperar Cuenta/CPN194" time="26.147" classname="Test Cases/Parte2/Ajustes/Cuenta/Recuperar Cuenta/CPN194" status="PASSED">
         <system-out><![CDATA[2023-09-22 08:43:59 - [TEST_CASE][PASSED] - Test Cases/Parte2/Ajustes/Cuenta/Recuperar Cuenta/CPN194: Test Cases/Parte2/Ajustes/Cuenta/Recuperar Cuenta/CPN194

2023-09-22 08:43:59 - [TEST_STEP][PASSED] - toggleWifi("off", STOP_ON_FAILURE): Toggled wifi

2023-09-22 08:44:00 - [MESSAGE][PASSED] - Toggled wifi

2023-09-22 08:44:01 - [TEST_STEP][PASSED] - delay(10, STOP_ON_FAILURE): Delayed 10 second(s)

2023-09-22 08:44:11 - [MESSAGE][PASSED] - Delayed 10 second(s)

2023-09-22 08:44:11 - [TEST_STEP][PASSED] - tap(findTestObject("Parte2/Ajustes cuenta/Cuenta/Recuperar Cuenta/android.widget.Button - Registrar"), 0): Tapped on element 'Object Repository/Parte2/Ajustes cuenta/Cuenta/Recuperar Cuenta/android.widget.Button - Registrar'

2023-09-22 08:44:11 - [MESSAGE][WARNING] - Timeout '0' is invalid. Using default page load timeout: '30'

2023-09-22 08:44:11 - [MESSAGE][PASSED] - Tapped on element 'Object Repository/Parte2/Ajustes cuenta/Cuenta/Recuperar Cuenta/android.widget.Button - Registrar'

2023-09-22 08:44:11 - [TEST_STEP][PASSED] - verifyElementExist(findTestObject("Parte2/Ajustes cuenta/Cuenta/Recuperar Cuenta/android.view.ViewGroup"), 0): Element 'Object Repository/Parte2/Ajustes cuenta/Cuenta/Recuperar Cuenta/android.view.ViewGroup' is exist

2023-09-22 08:44:11 - [MESSAGE][WARNING] - Timeout '0' is invalid. Using default page load timeout: '30'

2023-09-22 08:44:12 - [MESSAGE][PASSED] - Element 'Object Repository/Parte2/Ajustes cuenta/Cuenta/Recuperar Cuenta/android.view.ViewGroup' is exist

2023-09-22 08:44:12 - [TEST_STEP][PASSED] - tap(findTestObject("Parte2/Ajustes cuenta/Cuenta/Recuperar Cuenta/android.widget.Button - Cancelar"), 0): Tapped on element 'Object Repository/Parte2/Ajustes cuenta/Cuenta/Recuperar Cuenta/android.widget.Button - Cancelar'

2023-09-22 08:44:12 - [MESSAGE][WARNING] - Timeout '0' is invalid. Using default page load timeout: '30'

2023-09-22 08:44:12 - [MESSAGE][PASSED] - Tapped on element 'Object Repository/Parte2/Ajustes cuenta/Cuenta/Recuperar Cuenta/android.widget.Button - Cancelar'

2023-09-22 08:44:12 - [TEST_STEP][PASSED] - verifyElementExist(findTestObject("Parte2/Ajustes cuenta/Cuenta/Recuperar Cuenta/android.view.ViewGroup (2)"), 0): Element 'Object Repository/Parte2/Ajustes cuenta/Cuenta/Recuperar Cuenta/android.view.ViewGroup (2)' is exist

2023-09-22 08:44:12 - [MESSAGE][WARNING] - Timeout '0' is invalid. Using default page load timeout: '30'

2023-09-22 08:44:13 - [MESSAGE][PASSED] - Element 'Object Repository/Parte2/Ajustes cuenta/Cuenta/Recuperar Cuenta/android.view.ViewGroup (2)' is exist

2023-09-22 08:44:13 - [TEST_STEP][PASSED] - tap(findTestObject("Parte2/Ajustes cuenta/Cuenta/Recuperar Cuenta/android.widget.Button - Confirmar"), 0): Tapped on element 'Object Repository/Parte2/Ajustes cuenta/Cuenta/Recuperar Cuenta/android.widget.Button - Confirmar'

2023-09-22 08:44:13 - [MESSAGE][WARNING] - Timeout '0' is invalid. Using default page load timeout: '30'

2023-09-22 08:44:14 - [MESSAGE][PASSED] - Tapped on element 'Object Repository/Parte2/Ajustes cuenta/Cuenta/Recuperar Cuenta/android.widget.Button - Confirmar'

2023-09-22 08:44:14 - [TEST_STEP][PASSED] - toggleWifi("on", STOP_ON_FAILURE): Toggled wifi

2023-09-22 08:44:15 - [MESSAGE][PASSED] - Toggled wifi

2023-09-22 08:44:15 - [TEST_STEP][PASSED] - delay(10): Delayed 10 second(s)

2023-09-22 08:44:25 - [MESSAGE][PASSED] - Delayed 10 second(s)]]></system-out>
         <system-err><![CDATA[]]></system-err>
      </testcase>
      <testcase name="Test Cases/Parte2/Ajustes/Cuenta/Recuperar Cuenta/CPN195" time="25.917" classname="Test Cases/Parte2/Ajustes/Cuenta/Recuperar Cuenta/CPN195" status="PASSED">
         <system-out><![CDATA[2023-09-22 08:44:25 - [TEST_CASE][PASSED] - Test Cases/Parte2/Ajustes/Cuenta/Recuperar Cuenta/CPN195: Test Cases/Parte2/Ajustes/Cuenta/Recuperar Cuenta/CPN195

2023-09-22 08:44:25 - [TEST_STEP][PASSED] - delay(10, STOP_ON_FAILURE): Delayed 10 second(s)

2023-09-22 08:44:35 - [MESSAGE][PASSED] - Delayed 10 second(s)

2023-09-22 08:44:35 - [TEST_STEP][PASSED] - tap(findTestObject("Parte2/Ajustes cuenta/Cuenta/Recuperar Cuenta/android.widget.Button - Registrar (1)"), 0): Tapped on element 'Object Repository/Parte2/Ajustes cuenta/Cuenta/Recuperar Cuenta/android.widget.Button - Registrar (1)'

2023-09-22 08:44:35 - [MESSAGE][WARNING] - Timeout '0' is invalid. Using default page load timeout: '30'

2023-09-22 08:44:36 - [MESSAGE][PASSED] - Tapped on element 'Object Repository/Parte2/Ajustes cuenta/Cuenta/Recuperar Cuenta/android.widget.Button - Registrar (1)'

2023-09-22 08:44:36 - [TEST_STEP][PASSED] - tap(findTestObject("Parte2/Ajustes cuenta/Cuenta/Recuperar Cuenta/android.widget.TextView - Elige una pregunta"), 0): Tapped on element 'Object Repository/Parte2/Ajustes cuenta/Cuenta/Recuperar Cuenta/android.widget.TextView - Elige una pregunta'

2023-09-22 08:44:36 - [MESSAGE][WARNING] - Timeout '0' is invalid. Using default page load timeout: '30'

2023-09-22 08:44:37 - [MESSAGE][PASSED] - Tapped on element 'Object Repository/Parte2/Ajustes cuenta/Cuenta/Recuperar Cuenta/android.widget.TextView - Elige una pregunta'

2023-09-22 08:44:37 - [TEST_STEP][PASSED] - tap(findTestObject("Parte2/Ajustes cuenta/Cuenta/Recuperar Cuenta/android.widget.TextView - Cul es el mes de nacimiento de tu padre"), 0): Tapped on element 'Object Repository/Parte2/Ajustes cuenta/Cuenta/Recuperar Cuenta/android.widget.TextView - Cul es el mes de nacimiento de tu padre'

2023-09-22 08:44:37 - [MESSAGE][WARNING] - Timeout '0' is invalid. Using default page load timeout: '30'

2023-09-22 08:44:39 - [MESSAGE][PASSED] - Tapped on element 'Object Repository/Parte2/Ajustes cuenta/Cuenta/Recuperar Cuenta/android.widget.TextView - Cul es el mes de nacimiento de tu padre'

2023-09-22 08:44:39 - [TEST_STEP][PASSED] - setText(findTestObject("Parte2/Ajustes cuenta/Cuenta/Recuperar Cuenta/android.widget.EditText - Respuesta"), "test1", 0): Text 'test1' has been set to element 'Object Repository/Parte2/Ajustes cuenta/Cuenta/Recuperar Cuenta/android.widget.EditText - Respuesta'

2023-09-22 08:44:39 - [MESSAGE][WARNING] - Timeout '0' is invalid. Using default page load timeout: '30'

2023-09-22 08:44:39 - [MESSAGE][PASSED] - Text 'test1' has been set to element 'Object Repository/Parte2/Ajustes cuenta/Cuenta/Recuperar Cuenta/android.widget.EditText - Respuesta'

2023-09-22 08:44:39 - [TEST_STEP][PASSED] - tap(findTestObject("Parte2/Ajustes cuenta/Cuenta/Recuperar Cuenta/android.widget.Button - Siguiente (1)"), 0): Tapped on element 'Object Repository/Parte2/Ajustes cuenta/Cuenta/Recuperar Cuenta/android.widget.Button - Siguiente (1)'

2023-09-22 08:44:39 - [MESSAGE][WARNING] - Timeout '0' is invalid. Using default page load timeout: '30'

2023-09-22 08:44:40 - [MESSAGE][PASSED] - Tapped on element 'Object Repository/Parte2/Ajustes cuenta/Cuenta/Recuperar Cuenta/android.widget.Button - Siguiente (1)'

2023-09-22 08:44:40 - [TEST_STEP][PASSED] - tap(findTestObject("Parte2/Ajustes cuenta/Cuenta/Recuperar Cuenta/android.widget.TextView - Elige una pregunta"), 0): Tapped on element 'Object Repository/Parte2/Ajustes cuenta/Cuenta/Recuperar Cuenta/android.widget.TextView - Elige una pregunta'

2023-09-22 08:44:40 - [MESSAGE][WARNING] - Timeout '0' is invalid. Using default page load timeout: '30'

2023-09-22 08:44:41 - [MESSAGE][PASSED] - Tapped on element 'Object Repository/Parte2/Ajustes cuenta/Cuenta/Recuperar Cuenta/android.widget.TextView - Elige una pregunta'

2023-09-22 08:44:41 - [TEST_STEP][PASSED] - tap(findTestObject("Parte2/Ajustes cuenta/Cuenta/Recuperar Cuenta/android.widget.TextView - Cul es la marca de tu computador"), 0): Tapped on element 'Object Repository/Parte2/Ajustes cuenta/Cuenta/Recuperar Cuenta/android.widget.TextView - Cul es la marca de tu computador'

2023-09-22 08:44:41 - [MESSAGE][WARNING] - Timeout '0' is invalid. Using default page load timeout: '30'

2023-09-22 08:44:43 - [MESSAGE][PASSED] - Tapped on element 'Object Repository/Parte2/Ajustes cuenta/Cuenta/Recuperar Cuenta/android.widget.TextView - Cul es la marca de tu computador'

2023-09-22 08:44:43 - [TEST_STEP][PASSED] - setText(findTestObject("Parte2/Ajustes cuenta/Cuenta/Recuperar Cuenta/android.widget.EditText - Respuesta (1)"), "test2", 0): Text 'test2' has been set to element 'Object Repository/Parte2/Ajustes cuenta/Cuenta/Recuperar Cuenta/android.widget.EditText - Respuesta (1)'

2023-09-22 08:44:43 - [MESSAGE][WARNING] - Timeout '0' is invalid. Using default page load timeout: '30'

2023-09-22 08:44:44 - [MESSAGE][PASSED] - Text 'test2' has been set to element 'Object Repository/Parte2/Ajustes cuenta/Cuenta/Recuperar Cuenta/android.widget.EditText - Respuesta (1)'

2023-09-22 08:44:44 - [TEST_STEP][PASSED] - tap(findTestObject("Parte2/Ajustes cuenta/Cuenta/Recuperar Cuenta/android.widget.Button - Siguiente (1)"), 0): Tapped on element 'Object Repository/Parte2/Ajustes cuenta/Cuenta/Recuperar Cuenta/android.widget.Button - Siguiente (1)'

2023-09-22 08:44:44 - [MESSAGE][WARNING] - Timeout '0' is invalid. Using default page load timeout: '30'

2023-09-22 08:44:45 - [MESSAGE][PASSED] - Tapped on element 'Object Repository/Parte2/Ajustes cuenta/Cuenta/Recuperar Cuenta/android.widget.Button - Siguiente (1)'

2023-09-22 08:44:45 - [TEST_STEP][PASSED] - tap(findTestObject("Parte2/Ajustes cuenta/Cuenta/Recuperar Cuenta/android.widget.TextView - Elige una pregunta (1)"), 0): Tapped on element 'Object Repository/Parte2/Ajustes cuenta/Cuenta/Recuperar Cuenta/android.widget.TextView - Elige una pregunta (1)'

2023-09-22 08:44:45 - [MESSAGE][WARNING] - Timeout '0' is invalid. Using default page load timeout: '30'

2023-09-22 08:44:45 - [MESSAGE][PASSED] - Tapped on element 'Object Repository/Parte2/Ajustes cuenta/Cuenta/Recuperar Cuenta/android.widget.TextView - Elige una pregunta (1)'

2023-09-22 08:44:45 - [TEST_STEP][PASSED] - tap(findTestObject("Parte2/Ajustes cuenta/Cuenta/Recuperar Cuenta/android.widget.TextView - Cul es tu profesin"), 0): Tapped on element 'Object Repository/Parte2/Ajustes cuenta/Cuenta/Recuperar Cuenta/android.widget.TextView - Cul es tu profesin'

2023-09-22 08:44:45 - [MESSAGE][WARNING] - Timeout '0' is invalid. Using default page load timeout: '30'

2023-09-22 08:44:47 - [MESSAGE][PASSED] - Tapped on element 'Object Repository/Parte2/Ajustes cuenta/Cuenta/Recuperar Cuenta/android.widget.TextView - Cul es tu profesin'

2023-09-22 08:44:47 - [TEST_STEP][PASSED] - setText(findTestObject("Parte2/Ajustes cuenta/Cuenta/Recuperar Cuenta/android.widget.EditText - Respuesta (1)"), "test3", 0): Text 'test3' has been set to element 'Object Repository/Parte2/Ajustes cuenta/Cuenta/Recuperar Cuenta/android.widget.EditText - Respuesta (1)'

2023-09-22 08:44:47 - [MESSAGE][WARNING] - Timeout '0' is invalid. Using default page load timeout: '30'

2023-09-22 08:44:48 - [MESSAGE][PASSED] - Text 'test3' has been set to element 'Object Repository/Parte2/Ajustes cuenta/Cuenta/Recuperar Cuenta/android.widget.EditText - Respuesta (1)'

2023-09-22 08:44:48 - [TEST_STEP][PASSED] - scrollToText("Finalizar", STOP_ON_FAILURE): Scrolling to text 'Finalizar' successfully

2023-09-22 08:44:49 - [MESSAGE][PASSED] - Scrolling to text 'Finalizar' successfully

2023-09-22 08:44:49 - [TEST_STEP][PASSED] - tap(findTestObject("Parte2/Ajustes cuenta/Cuenta/Recuperar Cuenta/android.widget.Button - Finalizar"), 0): Tapped on element 'Object Repository/Parte2/Ajustes cuenta/Cuenta/Recuperar Cuenta/android.widget.Button - Finalizar'

2023-09-22 08:44:49 - [MESSAGE][WARNING] - Timeout '0' is invalid. Using default page load timeout: '30'

2023-09-22 08:44:49 - [MESSAGE][PASSED] - Tapped on element 'Object Repository/Parte2/Ajustes cuenta/Cuenta/Recuperar Cuenta/android.widget.Button - Finalizar'

2023-09-22 08:44:49 - [TEST_STEP][PASSED] - verifyElementText(findTestObject("Parte2/Ajustes cuenta/Cuenta/Recuperar Cuenta/android.widget.Button - Editar"), "Editar"): Actual text and expected text of test object 'Object Repository/Parte2/Ajustes cuenta/Cuenta/Recuperar Cuenta/android.widget.Button - Editar' are matched.

2023-09-22 08:44:51 - [MESSAGE][PASSED] - Actual text and expected text of test object 'Object Repository/Parte2/Ajustes cuenta/Cuenta/Recuperar Cuenta/android.widget.Button - Editar' are matched.]]></system-out>
         <system-err><![CDATA[]]></system-err>
      </testcase>
      <testcase name="Test Cases/Parte2/Ajustes/Cuenta/Recuperar Cuenta/CPN196" time="1.071" classname="Test Cases/Parte2/Ajustes/Cuenta/Recuperar Cuenta/CPN196" status="PASSED">
         <system-out><![CDATA[2023-09-22 08:44:51 - [TEST_CASE][PASSED] - Test Cases/Parte2/Ajustes/Cuenta/Recuperar Cuenta/CPN196: Test Cases/Parte2/Ajustes/Cuenta/Recuperar Cuenta/CPN196

2023-09-22 08:44:51 - [TEST_STEP][PASSED] - tap(findTestObject("Parte2/Ajustes cuenta/Cuenta/Recuperar Cuenta/android.widget.Button - Editar"), 0): Tapped on element 'Object Repository/Parte2/Ajustes cuenta/Cuenta/Recuperar Cuenta/android.widget.Button - Editar'

2023-09-22 08:44:51 - [MESSAGE][WARNING] - Timeout '0' is invalid. Using default page load timeout: '30'

2023-09-22 08:44:52 - [MESSAGE][PASSED] - Tapped on element 'Object Repository/Parte2/Ajustes cuenta/Cuenta/Recuperar Cuenta/android.widget.Button - Editar'

2023-09-22 08:44:52 - [TEST_STEP][PASSED] - verifyElementExist(findTestObject("Parte2/Ajustes cuenta/Cuenta/Recuperar Cuenta/android.view.ViewGroup (3)"), 0): Element 'Object Repository/Parte2/Ajustes cuenta/Cuenta/Recuperar Cuenta/android.view.ViewGroup (3)' is exist

2023-09-22 08:44:52 - [MESSAGE][WARNING] - Timeout '0' is invalid. Using default page load timeout: '30'

2023-09-22 08:44:52 - [MESSAGE][PASSED] - Element 'Object Repository/Parte2/Ajustes cuenta/Cuenta/Recuperar Cuenta/android.view.ViewGroup (3)' is exist]]></system-out>
         <system-err><![CDATA[]]></system-err>
      </testcase>
      <testcase name="Test Cases/Parte2/Ajustes/Cuenta/Recuperar Cuenta/CPN197" time="0.435" classname="Test Cases/Parte2/Ajustes/Cuenta/Recuperar Cuenta/CPN197" status="PASSED">
         <system-out><![CDATA[2023-09-22 08:44:52 - [TEST_CASE][PASSED] - Test Cases/Parte2/Ajustes/Cuenta/Recuperar Cuenta/CPN197: Test Cases/Parte2/Ajustes/Cuenta/Recuperar Cuenta/CPN197

2023-09-22 08:44:52 - [TEST_STEP][PASSED] - tap(findTestObject("Parte2/Ajustes cuenta/Cuenta/Recuperar Cuenta/android.widget.Button - Cancelar"), 0): Tapped on element 'Object Repository/Parte2/Ajustes cuenta/Cuenta/Recuperar Cuenta/android.widget.Button - Cancelar'

2023-09-22 08:44:52 - [MESSAGE][WARNING] - Timeout '0' is invalid. Using default page load timeout: '30'

2023-09-22 08:44:53 - [MESSAGE][PASSED] - Tapped on element 'Object Repository/Parte2/Ajustes cuenta/Cuenta/Recuperar Cuenta/android.widget.Button - Cancelar']]></system-out>
         <system-err><![CDATA[]]></system-err>
      </testcase>
      <testcase name="Test Cases/Parte2/Ajustes/Cuenta/Recuperar Cuenta/CPN198" time="2.982" classname="Test Cases/Parte2/Ajustes/Cuenta/Recuperar Cuenta/CPN198" status="PASSED">
         <system-out><![CDATA[2023-09-22 08:44:53 - [TEST_CASE][PASSED] - Test Cases/Parte2/Ajustes/Cuenta/Recuperar Cuenta/CPN198: Test Cases/Parte2/Ajustes/Cuenta/Recuperar Cuenta/CPN198

2023-09-22 08:44:53 - [TEST_STEP][PASSED] - tap(findTestObject("Parte2/Ajustes cuenta/Cuenta/Recuperar Cuenta/android.widget.Button - Editar"), 0): Tapped on element 'Object Repository/Parte2/Ajustes cuenta/Cuenta/Recuperar Cuenta/android.widget.Button - Editar'

2023-09-22 08:44:53 - [MESSAGE][WARNING] - Timeout '0' is invalid. Using default page load timeout: '30'

2023-09-22 08:44:53 - [MESSAGE][PASSED] - Tapped on element 'Object Repository/Parte2/Ajustes cuenta/Cuenta/Recuperar Cuenta/android.widget.Button - Editar'

2023-09-22 08:44:53 - [TEST_STEP][PASSED] - tap(findTestObject("Parte2/Ajustes cuenta/Cuenta/Recuperar Cuenta/android.widget.Button - Aceptar"), 0): Tapped on element 'Object Repository/Parte2/Ajustes cuenta/Cuenta/Recuperar Cuenta/android.widget.Button - Aceptar'

2023-09-22 08:44:53 - [MESSAGE][WARNING] - Timeout '0' is invalid. Using default page load timeout: '30'

2023-09-22 08:44:54 - [MESSAGE][PASSED] - Tapped on element 'Object Repository/Parte2/Ajustes cuenta/Cuenta/Recuperar Cuenta/android.widget.Button - Aceptar'

2023-09-22 08:44:54 - [TEST_STEP][PASSED] - verifyElementExist(findTestObject("Parte2/Ajustes cuenta/Cuenta/Recuperar Cuenta/android.widget.FrameLayout (1)"), 0): Element 'Object Repository/Parte2/Ajustes cuenta/Cuenta/Recuperar Cuenta/android.widget.FrameLayout (1)' is exist

2023-09-22 08:44:54 - [MESSAGE][WARNING] - Timeout '0' is invalid. Using default page load timeout: '30'

2023-09-22 08:44:56 - [MESSAGE][PASSED] - Element 'Object Repository/Parte2/Ajustes cuenta/Cuenta/Recuperar Cuenta/android.widget.FrameLayout (1)' is exist]]></system-out>
         <system-err><![CDATA[]]></system-err>
      </testcase>
      <testcase name="Test Cases/Parte2/Ajustes/Cuenta/Recuperar Cuenta/CPN199" time="0.487" classname="Test Cases/Parte2/Ajustes/Cuenta/Recuperar Cuenta/CPN199" status="PASSED">
         <system-out><![CDATA[2023-09-22 08:44:56 - [TEST_CASE][PASSED] - Test Cases/Parte2/Ajustes/Cuenta/Recuperar Cuenta/CPN199: Test Cases/Parte2/Ajustes/Cuenta/Recuperar Cuenta/CPN199

2023-09-22 08:44:56 - [TEST_STEP][PASSED] - tap(findTestObject("Parte2/Ajustes cuenta/Cuenta/Recuperar Cuenta/android.widget.Button - Siguiente"), 0): Tapped on element 'Object Repository/Parte2/Ajustes cuenta/Cuenta/Recuperar Cuenta/android.widget.Button - Siguiente'

2023-09-22 08:44:56 - [MESSAGE][WARNING] - Timeout '0' is invalid. Using default page load timeout: '30'

2023-09-22 08:44:56 - [MESSAGE][PASSED] - Tapped on element 'Object Repository/Parte2/Ajustes cuenta/Cuenta/Recuperar Cuenta/android.widget.Button - Siguiente']]></system-out>
         <system-err><![CDATA[]]></system-err>
      </testcase>
      <testcase name="Test Cases/cpn198.1" time="8.225" classname="Test Cases/cpn198.1" status="PASSED">
         <system-out><![CDATA[2023-09-22 08:44:56 - [TEST_CASE][PASSED] - Test Cases/cpn198.1: Test Cases/cpn198.1

2023-09-22 08:44:56 - [TEST_STEP][PASSED] - delay(8, CONTINUE_ON_FAILURE): Delayed 8 second(s)

2023-09-22 08:45:04 - [MESSAGE][PASSED] - Delayed 8 second(s)]]></system-out>
         <system-err><![CDATA[]]></system-err>
      </testcase>
      <testcase name="Test Cases/Parte2/Ajustes/Cuenta/Recuperar Cuenta/CPN200" time="3.423" classname="Test Cases/Parte2/Ajustes/Cuenta/Recuperar Cuenta/CPN200" status="PASSED">
         <system-out><![CDATA[2023-09-22 08:45:04 - [TEST_CASE][PASSED] - Test Cases/Parte2/Ajustes/Cuenta/Recuperar Cuenta/CPN200: Test Cases/Parte2/Ajustes/Cuenta/Recuperar Cuenta/CPN200

2023-09-22 08:45:04 - [TEST_STEP][PASSED] - tap(findTestObject("Parte2/Ajustes cuenta/Cuenta/Recuperar Cuenta/android.widget.TextView - Elige una pregunta"), 0): Tapped on element 'Object Repository/Parte2/Ajustes cuenta/Cuenta/Recuperar Cuenta/android.widget.TextView - Elige una pregunta'

2023-09-22 08:45:05 - [MESSAGE][WARNING] - Timeout '0' is invalid. Using default page load timeout: '30'

2023-09-22 08:45:05 - [MESSAGE][PASSED] - Tapped on element 'Object Repository/Parte2/Ajustes cuenta/Cuenta/Recuperar Cuenta/android.widget.TextView - Elige una pregunta'

2023-09-22 08:45:05 - [TEST_STEP][PASSED] - tap(findTestObject("Parte2/Ajustes cuenta/Cuenta/Recuperar Cuenta/android.widget.TextView - Cul es tu tipo de comida favorita"), 0): Tapped on element 'Object Repository/Parte2/Ajustes cuenta/Cuenta/Recuperar Cuenta/android.widget.TextView - Cul es tu tipo de comida favorita'

2023-09-22 08:45:05 - [MESSAGE][WARNING] - Timeout '0' is invalid. Using default page load timeout: '30'

2023-09-22 08:45:06 - [MESSAGE][PASSED] - Tapped on element 'Object Repository/Parte2/Ajustes cuenta/Cuenta/Recuperar Cuenta/android.widget.TextView - Cul es tu tipo de comida favorita'

2023-09-22 08:45:06 - [TEST_STEP][PASSED] - tap(findTestObject("Parte2/Ajustes cuenta/Cuenta/Recuperar Cuenta/android.widget.Button - Siguiente"), 0): Tapped on element 'Object Repository/Parte2/Ajustes cuenta/Cuenta/Recuperar Cuenta/android.widget.Button - Siguiente'

2023-09-22 08:45:06 - [MESSAGE][WARNING] - Timeout '0' is invalid. Using default page load timeout: '30'

2023-09-22 08:45:08 - [MESSAGE][PASSED] - Tapped on element 'Object Repository/Parte2/Ajustes cuenta/Cuenta/Recuperar Cuenta/android.widget.Button - Siguiente'

2023-09-22 08:45:08 - [TEST_STEP][PASSED] - verifyElementText(findTestObject("Parte2/Ajustes cuenta/Cuenta/Recuperar Cuenta/android.widget.TextView - El campo no puede estar vaco"), "El campo no puede estar vacío"): Actual text and expected text of test object 'Object Repository/Parte2/Ajustes cuenta/Cuenta/Recuperar Cuenta/android.widget.TextView - El campo no puede estar vaco' are matched.

2023-09-22 08:45:08 - [MESSAGE][PASSED] - Actual text and expected text of test object 'Object Repository/Parte2/Ajustes cuenta/Cuenta/Recuperar Cuenta/android.widget.TextView - El campo no puede estar vaco' are matched.]]></system-out>
         <system-err><![CDATA[]]></system-err>
      </testcase>
      <testcase name="Test Cases/Parte2/Ajustes/Cuenta/Recuperar Cuenta/CPN201" time="1.123" classname="Test Cases/Parte2/Ajustes/Cuenta/Recuperar Cuenta/CPN201" status="PASSED">
         <system-out><![CDATA[2023-09-22 08:45:08 - [TEST_CASE][PASSED] - Test Cases/Parte2/Ajustes/Cuenta/Recuperar Cuenta/CPN201: Test Cases/Parte2/Ajustes/Cuenta/Recuperar Cuenta/CPN201

2023-09-22 08:45:08 - [TEST_STEP][PASSED] - tap(findTestObject("Parte2/Ajustes cuenta/Cuenta/Recuperar Cuenta/android.widget.Button - Cancelar"), 0): Tapped on element 'Object Repository/Parte2/Ajustes cuenta/Cuenta/Recuperar Cuenta/android.widget.Button - Cancelar'

2023-09-22 08:45:08 - [MESSAGE][WARNING] - Timeout '0' is invalid. Using default page load timeout: '30'

2023-09-22 08:45:08 - [MESSAGE][PASSED] - Tapped on element 'Object Repository/Parte2/Ajustes cuenta/Cuenta/Recuperar Cuenta/android.widget.Button - Cancelar'

2023-09-22 08:45:08 - [TEST_STEP][PASSED] - verifyElementExist(findTestObject("Parte2/Ajustes cuenta/Cuenta/Recuperar Cuenta/android.view.ViewGroup (3)"), 0): Element 'Object Repository/Parte2/Ajustes cuenta/Cuenta/Recuperar Cuenta/android.view.ViewGroup (3)' is exist

2023-09-22 08:45:08 - [MESSAGE][WARNING] - Timeout '0' is invalid. Using default page load timeout: '30'

2023-09-22 08:45:09 - [MESSAGE][PASSED] - Element 'Object Repository/Parte2/Ajustes cuenta/Cuenta/Recuperar Cuenta/android.view.ViewGroup (3)' is exist]]></system-out>
         <system-err><![CDATA[]]></system-err>
      </testcase>
      <testcase name="Test Cases/Parte2/Ajustes/Cuenta/Recuperar Cuenta/CPN202" time="0.417" classname="Test Cases/Parte2/Ajustes/Cuenta/Recuperar Cuenta/CPN202" status="PASSED">
         <system-out><![CDATA[2023-09-22 08:45:09 - [TEST_CASE][PASSED] - Test Cases/Parte2/Ajustes/Cuenta/Recuperar Cuenta/CPN202: Test Cases/Parte2/Ajustes/Cuenta/Recuperar Cuenta/CPN202

2023-09-22 08:45:09 - [TEST_STEP][PASSED] - tap(findTestObject("Parte2/Ajustes cuenta/Cuenta/Recuperar Cuenta/android.widget.Button - Cerrar"), 0): Tapped on element 'Object Repository/Parte2/Ajustes cuenta/Cuenta/Recuperar Cuenta/android.widget.Button - Cerrar'

2023-09-22 08:45:09 - [MESSAGE][WARNING] - Timeout '0' is invalid. Using default page load timeout: '30'

2023-09-22 08:45:09 - [MESSAGE][PASSED] - Tapped on element 'Object Repository/Parte2/Ajustes cuenta/Cuenta/Recuperar Cuenta/android.widget.Button - Cerrar']]></system-out>
         <system-err><![CDATA[]]></system-err>
      </testcase>
      <testcase name="Test Cases/Parte2/Ajustes/Cuenta/Recuperar Cuenta/CPN203" time="10.055" classname="Test Cases/Parte2/Ajustes/Cuenta/Recuperar Cuenta/CPN203" status="PASSED">
         <system-out><![CDATA[2023-09-22 08:45:09 - [TEST_CASE][PASSED] - Test Cases/Parte2/Ajustes/Cuenta/Recuperar Cuenta/CPN203: Test Cases/Parte2/Ajustes/Cuenta/Recuperar Cuenta/CPN203

2023-09-22 08:45:09 - [TEST_STEP][PASSED] - waitForElementPresent(findTestObject("Object Repository/Parte2/Ajustes cuenta/Cuenta/Recuperar Cuenta/android.widget.TextView - Registrar"), 0): Element 'Object Repository/Parte2/Ajustes cuenta/Cuenta/Recuperar Cuenta/android.widget.TextView - Registrar' is present

2023-09-22 08:45:10 - [MESSAGE][WARNING] - Timeout '0' is invalid. Using default page load timeout: '30'

2023-09-22 08:45:10 - [MESSAGE][PASSED] - Element 'Object Repository/Parte2/Ajustes cuenta/Cuenta/Recuperar Cuenta/android.widget.TextView - Registrar' is present

2023-09-22 08:45:10 - [TEST_STEP][PASSED] - tap(findTestObject("Parte2/Ajustes cuenta/Cuenta/Recuperar Cuenta/android.widget.Button - Cancelar"), 0): Tapped on element 'Object Repository/Parte2/Ajustes cuenta/Cuenta/Recuperar Cuenta/android.widget.Button - Cancelar'

2023-09-22 08:45:10 - [MESSAGE][WARNING] - Timeout '0' is invalid. Using default page load timeout: '30'

2023-09-22 08:45:10 - [MESSAGE][PASSED] - Tapped on element 'Object Repository/Parte2/Ajustes cuenta/Cuenta/Recuperar Cuenta/android.widget.Button - Cancelar'

2023-09-22 08:45:10 - [TEST_STEP][PASSED] - tap(findTestObject("Parte2/Ajustes cuenta/Cuenta/Recuperar Cuenta/android.widget.Button - Confirmar (1)"), 0): Tapped on element 'Object Repository/Parte2/Ajustes cuenta/Cuenta/Recuperar Cuenta/android.widget.Button - Confirmar (1)'

2023-09-22 08:45:10 - [MESSAGE][WARNING] - Timeout '0' is invalid. Using default page load timeout: '30'

2023-09-22 08:45:11 - [MESSAGE][PASSED] - Tapped on element 'Object Repository/Parte2/Ajustes cuenta/Cuenta/Recuperar Cuenta/android.widget.Button - Confirmar (1)'

2023-09-22 08:45:11 - [TEST_STEP][PASSED] - waitForElementPresent(findTestObject("Object Repository/Parte2/Ajustes cuenta/Cuenta/Recuperar Cuenta/android.widget.TextView - Recuperacin de cuenta"), 0): Element 'Object Repository/Parte2/Ajustes cuenta/Cuenta/Recuperar Cuenta/android.widget.TextView - Recuperacin de cuenta' is present

2023-09-22 08:45:11 - [MESSAGE][WARNING] - Timeout '0' is invalid. Using default page load timeout: '30'

2023-09-22 08:45:12 - [MESSAGE][PASSED] - Element 'Object Repository/Parte2/Ajustes cuenta/Cuenta/Recuperar Cuenta/android.widget.TextView - Recuperacin de cuenta' is present

2023-09-22 08:45:12 - [TEST_STEP][PASSED] - tap(findTestObject("Object Repository/Parte2/Ajustes cuenta/Cuenta/Recuperar Cuenta/android.widget.ImageButton (2)"), 0): Tapped on element 'Object Repository/Parte2/Ajustes cuenta/Cuenta/Recuperar Cuenta/android.widget.ImageButton (2)'

2023-09-22 08:45:12 - [MESSAGE][WARNING] - Timeout '0' is invalid. Using default page load timeout: '30'

2023-09-22 08:45:12 - [MESSAGE][PASSED] - Tapped on element 'Object Repository/Parte2/Ajustes cuenta/Cuenta/Recuperar Cuenta/android.widget.ImageButton (2)'

2023-09-22 08:45:12 - [TEST_STEP][PASSED] - waitForElementPresent(findTestObject("Object Repository/Parte2/Ajustes cuenta/Cuenta/Recuperar Cuenta/android.widget.TextView - Configuracin de cuenta"), 0): Element 'Object Repository/Parte2/Ajustes cuenta/Cuenta/Recuperar Cuenta/android.widget.TextView - Configuracin de cuenta' is present

2023-09-22 08:45:12 - [MESSAGE][WARNING] - Timeout '0' is invalid. Using default page load timeout: '30'

2023-09-22 08:45:13 - [MESSAGE][PASSED] - Element 'Object Repository/Parte2/Ajustes cuenta/Cuenta/Recuperar Cuenta/android.widget.TextView - Configuracin de cuenta' is present

2023-09-22 08:45:13 - [TEST_STEP][PASSED] - delay(3, STOP_ON_FAILURE): Delayed 3 second(s)

2023-09-22 08:45:16 - [MESSAGE][PASSED] - Delayed 3 second(s)

2023-09-22 08:45:16 - [TEST_STEP][PASSED] - pressBack(): Press back button successfully

2023-09-22 08:45:16 - [MESSAGE][PASSED] - Press back button successfully

2023-09-22 08:45:16 - [TEST_STEP][PASSED] - waitForElementPresent(findTestObject("Object Repository/Parte2/Ajustes cuenta/Cuenta/Recuperar Cuenta/android.widget.TextView - Cuenta (1)"), 0): Element 'Object Repository/Parte2/Ajustes cuenta/Cuenta/Recuperar Cuenta/android.widget.TextView - Cuenta (1)' is present

2023-09-22 08:45:16 - [MESSAGE][WARNING] - Timeout '0' is invalid. Using default page load timeout: '30'

2023-09-22 08:45:17 - [MESSAGE][PASSED] - Element 'Object Repository/Parte2/Ajustes cuenta/Cuenta/Recuperar Cuenta/android.widget.TextView - Cuenta (1)' is present

2023-09-22 08:45:17 - [TEST_STEP][PASSED] - pressBack(): Press back button successfully

2023-09-22 08:45:18 - [MESSAGE][PASSED] - Press back button successfully

2023-09-22 08:45:18 - [TEST_STEP][PASSED] - waitForElementPresent(findTestObject("Object Repository/Parte2/Ajustes cuenta/Cuenta/Recuperar Cuenta/android.widget.TextView - NapoleoN"), 0): Element 'Object Repository/Parte2/Ajustes cuenta/Cuenta/Recuperar Cuenta/android.widget.TextView - NapoleoN' is present

2023-09-22 08:45:18 - [MESSAGE][WARNING] - Timeout '0' is invalid. Using default page load timeout: '30'

2023-09-22 08:45:19 - [MESSAGE][PASSED] - Element 'Object Repository/Parte2/Ajustes cuenta/Cuenta/Recuperar Cuenta/android.widget.TextView - NapoleoN' is present]]></system-out>
         <system-err><![CDATA[]]></system-err>
      </testcase>
      <testcase name="Test Cases/Parte2/Ajustes/Cuenta/Eliminar Cuenta/CPN204" time="2.994" classname="Test Cases/Parte2/Ajustes/Cuenta/Eliminar Cuenta/CPN204" status="PASSED">
         <system-out><![CDATA[2023-09-22 08:45:19 - [TEST_CASE][PASSED] - Test Cases/Parte2/Ajustes/Cuenta/Eliminar Cuenta/CPN204: Test Cases/Parte2/Ajustes/Cuenta/Eliminar Cuenta/CPN204

2023-09-22 08:45:20 - [TEST_STEP][PASSED] - tap(findTestObject("Object Repository/Parte2/Ajustes cuenta/Cuenta/Eliminar Cuenta/android.widget.FrameLayout (1)"), 0): Tapped on element 'Object Repository/Parte2/Ajustes cuenta/Cuenta/Eliminar Cuenta/android.widget.FrameLayout (1)'

2023-09-22 08:45:20 - [MESSAGE][WARNING] - Timeout '0' is invalid. Using default page load timeout: '30'

2023-09-22 08:45:20 - [MESSAGE][PASSED] - Tapped on element 'Object Repository/Parte2/Ajustes cuenta/Cuenta/Eliminar Cuenta/android.widget.FrameLayout (1)'

2023-09-22 08:45:20 - [TEST_STEP][PASSED] - tap(findTestObject("Object Repository/Parte2/Ajustes cuenta/Cuenta/Eliminar Cuenta/android.widget.LinearLayout"), 0): Tapped on element 'Object Repository/Parte2/Ajustes cuenta/Cuenta/Eliminar Cuenta/android.widget.LinearLayout'

2023-09-22 08:45:20 - [MESSAGE][WARNING] - Timeout '0' is invalid. Using default page load timeout: '30'

2023-09-22 08:45:21 - [MESSAGE][PASSED] - Tapped on element 'Object Repository/Parte2/Ajustes cuenta/Cuenta/Eliminar Cuenta/android.widget.LinearLayout'

2023-09-22 08:45:21 - [TEST_STEP][PASSED] - tap(findTestObject("Parte2/Ajustes cuenta/Cuenta/Eliminar Cuenta/android.widget.TextView - Eliminar cuenta"), 0): Tapped on element 'Object Repository/Parte2/Ajustes cuenta/Cuenta/Eliminar Cuenta/android.widget.TextView - Eliminar cuenta'

2023-09-22 08:45:21 - [MESSAGE][WARNING] - Timeout '0' is invalid. Using default page load timeout: '30'

2023-09-22 08:45:22 - [MESSAGE][PASSED] - Tapped on element 'Object Repository/Parte2/Ajustes cuenta/Cuenta/Eliminar Cuenta/android.widget.TextView - Eliminar cuenta'

2023-09-22 08:45:22 - [TEST_STEP][PASSED] - verifyElementExist(findTestObject("Parte2/Ajustes cuenta/Cuenta/Eliminar Cuenta/android.view.ViewGroup"), 0): Element 'Object Repository/Parte2/Ajustes cuenta/Cuenta/Eliminar Cuenta/android.view.ViewGroup' is exist

2023-09-22 08:45:22 - [MESSAGE][WARNING] - Timeout '0' is invalid. Using default page load timeout: '30'

2023-09-22 08:45:22 - [MESSAGE][PASSED] - Element 'Object Repository/Parte2/Ajustes cuenta/Cuenta/Eliminar Cuenta/android.view.ViewGroup' is exist]]></system-out>
         <system-err><![CDATA[]]></system-err>
      </testcase>
      <testcase name="Test Cases/Parte2/Ajustes/Cuenta/Eliminar Cuenta/CPN205" time="0.424" classname="Test Cases/Parte2/Ajustes/Cuenta/Eliminar Cuenta/CPN205" status="PASSED">
         <system-out><![CDATA[2023-09-22 08:45:22 - [TEST_CASE][PASSED] - Test Cases/Parte2/Ajustes/Cuenta/Eliminar Cuenta/CPN205: Test Cases/Parte2/Ajustes/Cuenta/Eliminar Cuenta/CPN205

2023-09-22 08:45:23 - [TEST_STEP][PASSED] - tap(findTestObject("Parte2/Ajustes cuenta/Cuenta/Eliminar Cuenta/android.widget.Button - Cancelar"), 0): Tapped on element 'Object Repository/Parte2/Ajustes cuenta/Cuenta/Eliminar Cuenta/android.widget.Button - Cancelar'

2023-09-22 08:45:23 - [MESSAGE][WARNING] - Timeout '0' is invalid. Using default page load timeout: '30'

2023-09-22 08:45:23 - [MESSAGE][PASSED] - Tapped on element 'Object Repository/Parte2/Ajustes cuenta/Cuenta/Eliminar Cuenta/android.widget.Button - Cancelar']]></system-out>
         <system-err><![CDATA[]]></system-err>
      </testcase>
      <testcase name="Test Cases/Parte2/Ajustes/Cuenta/Eliminar Cuenta/CPN206" time="24.412" classname="Test Cases/Parte2/Ajustes/Cuenta/Eliminar Cuenta/CPN206" status="PASSED">
         <system-out><![CDATA[2023-09-22 08:45:23 - [TEST_CASE][PASSED] - Test Cases/Parte2/Ajustes/Cuenta/Eliminar Cuenta/CPN206: Test Cases/Parte2/Ajustes/Cuenta/Eliminar Cuenta/CPN206

2023-09-22 08:45:23 - [TEST_STEP][PASSED] - toggleWifi("off", STOP_ON_FAILURE): Toggled wifi

2023-09-22 08:45:24 - [MESSAGE][PASSED] - Toggled wifi

2023-09-22 08:45:24 - [TEST_STEP][PASSED] - delay(10, STOP_ON_FAILURE): Delayed 10 second(s)

2023-09-22 08:45:34 - [MESSAGE][PASSED] - Delayed 10 second(s)

2023-09-22 08:45:34 - [TEST_STEP][PASSED] - tap(findTestObject("Parte2/Ajustes cuenta/Cuenta/Eliminar Cuenta/android.widget.TextView - Eliminar cuenta"), 0): Tapped on element 'Object Repository/Parte2/Ajustes cuenta/Cuenta/Eliminar Cuenta/android.widget.TextView - Eliminar cuenta'

2023-09-22 08:45:34 - [MESSAGE][WARNING] - Timeout '0' is invalid. Using default page load timeout: '30'

2023-09-22 08:45:34 - [MESSAGE][PASSED] - Tapped on element 'Object Repository/Parte2/Ajustes cuenta/Cuenta/Eliminar Cuenta/android.widget.TextView - Eliminar cuenta'

2023-09-22 08:45:34 - [TEST_STEP][PASSED] - tap(findTestObject("Parte2/Ajustes cuenta/Cuenta/Eliminar Cuenta/android.widget.Button - Confirmar"), 0): Tapped on element 'Object Repository/Parte2/Ajustes cuenta/Cuenta/Eliminar Cuenta/android.widget.Button - Confirmar'

2023-09-22 08:45:34 - [MESSAGE][WARNING] - Timeout '0' is invalid. Using default page load timeout: '30'

2023-09-22 08:45:35 - [MESSAGE][PASSED] - Tapped on element 'Object Repository/Parte2/Ajustes cuenta/Cuenta/Eliminar Cuenta/android.widget.Button - Confirmar'

2023-09-22 08:45:35 - [TEST_STEP][PASSED] - toggleWifi("on", STOP_ON_FAILURE): Toggled wifi

2023-09-22 08:45:37 - [MESSAGE][PASSED] - Toggled wifi

2023-09-22 08:45:37 - [TEST_STEP][PASSED] - delay(10, STOP_ON_FAILURE): Delayed 10 second(s)

2023-09-22 08:45:47 - [MESSAGE][PASSED] - Delayed 10 second(s)]]></system-out>
         <system-err><![CDATA[]]></system-err>
      </testcase>
      <testcase name="Test Cases/Parte2/Ajustes/Cuenta/Eliminar Cuenta/CPN207" time="11.5" classname="Test Cases/Parte2/Ajustes/Cuenta/Eliminar Cuenta/CPN207" status="PASSED">
         <system-out><![CDATA[2023-09-22 08:45:47 - [TEST_CASE][PASSED] - Test Cases/Parte2/Ajustes/Cuenta/Eliminar Cuenta/CPN207: Test Cases/Parte2/Ajustes/Cuenta/Eliminar Cuenta/CPN207

2023-09-22 08:45:47 - [TEST_STEP][PASSED] - tap(findTestObject("Parte2/Ajustes cuenta/Cuenta/Eliminar Cuenta/android.widget.TextView - Eliminar cuenta"), 0): Tapped on element 'Object Repository/Parte2/Ajustes cuenta/Cuenta/Eliminar Cuenta/android.widget.TextView - Eliminar cuenta'

2023-09-22 08:45:47 - [MESSAGE][WARNING] - Timeout '0' is invalid. Using default page load timeout: '30'

2023-09-22 08:45:48 - [MESSAGE][PASSED] - Tapped on element 'Object Repository/Parte2/Ajustes cuenta/Cuenta/Eliminar Cuenta/android.widget.TextView - Eliminar cuenta'

2023-09-22 08:45:48 - [TEST_STEP][PASSED] - delay(5, STOP_ON_FAILURE): Delayed 5 second(s)

2023-09-22 08:45:53 - [MESSAGE][PASSED] - Delayed 5 second(s)

2023-09-22 08:45:53 - [TEST_STEP][PASSED] - tap(findTestObject("Parte2/Ajustes cuenta/Cuenta/Eliminar Cuenta/android.widget.Button - Confirmar"), 0): Tapped on element 'Object Repository/Parte2/Ajustes cuenta/Cuenta/Eliminar Cuenta/android.widget.Button - Confirmar'

2023-09-22 08:45:53 - [MESSAGE][WARNING] - Timeout '0' is invalid. Using default page load timeout: '30'

2023-09-22 08:45:53 - [MESSAGE][PASSED] - Tapped on element 'Object Repository/Parte2/Ajustes cuenta/Cuenta/Eliminar Cuenta/android.widget.Button - Confirmar'

2023-09-22 08:45:53 - [TEST_STEP][PASSED] - verifyElementExist(findTestObject("Parte2/Ajustes cuenta/Cuenta/Eliminar Cuenta/android.widget.FrameLayout"), 0): Element 'Object Repository/Parte2/Ajustes cuenta/Cuenta/Eliminar Cuenta/android.widget.FrameLayout' is exist

2023-09-22 08:45:53 - [MESSAGE][WARNING] - Timeout '0' is invalid. Using default page load timeout: '30'

2023-09-22 08:45:54 - [MESSAGE][PASSED] - Element 'Object Repository/Parte2/Ajustes cuenta/Cuenta/Eliminar Cuenta/android.widget.FrameLayout' is exist

2023-09-22 08:45:54 - [TEST_STEP][PASSED] - delay(5, STOP_ON_FAILURE): Delayed 5 second(s)

2023-09-22 08:45:59 - [MESSAGE][PASSED] - Delayed 5 second(s)]]></system-out>
         <system-err><![CDATA[]]></system-err>
      </testcase>
      <system-out><![CDATA[2023-09-22 08:27:53 - [TEST_SUITE][FAILED] - Integracion parte1 y parte 2: Test Cases/Parte1/Envio de mensajes/CPN105.1 FAILED.
Reason:
com.kms.katalon.core.exception.StepFailedException: Failed to tap on element 'Object Repository/Parte1/Envio de mensajes/CPN105.1/android.view.ViewGroup' (Root cause: org.openqa.selenium.StaleElementReferenceException: Cached elements 'By.xpath: //*[@class = 'android.view.ViewGroup' and @resource-id = 'com.naposystems.napoleonchat:id/constrainsLayout_conversation' and (@text = '' or . = '')]' do not exist in DOM anymore
For documentation on this error, please visit: https://www.seleniumhq.org/exceptions/stale_element_reference.html
Build info: version: '3.141.59', revision: 'e82be7d358', time: '2018-11-14T08:25:53'
System info: host: 'DESKTOP-OBIGNLU', ip: '192.168.1.6', os.name: 'Windows 10', os.arch: 'amd64', os.version: '10.0', java.version: '1.8.0_282'
Driver info: com.kms.katalon.core.appium.driver.SwipeableAndroidDriver
Capabilities {app: C:\Users\Testing\Desktop\ka..., appPackage: com.naposystems.napoleonchat, autoGrantPermissions: true, automationName: uiautomator2, chromedriverPort: 51711, databaseEnabled: false, desired: {app: C:\Users\Testing\Desktop\ka..., autoGrantPermissions: true, automationName: uiautomator2, chromedriverPort: 51711, deviceId: , deviceName: samsung SM-A107M (Android 11), fullReset: true, newCommandTimeout: 1800, noReset: false, platform: ANDROID, platformName: android, platformVersion: 11, systemPort: 51913, udid: R9WN40KBXDJ}, deviceApiLevel: 30, deviceId: , deviceManufacturer: samsung, deviceModel: SM-A107M, deviceName: R9WN40KBXDJ, deviceScreenDensity: 280, deviceScreenSize: 720x1520, deviceUDID: R9WN40KBXDJ, fullReset: true, javascriptEnabled: true, locationContextEnabled: false, networkConnectionEnabled: true, newCommandTimeout: 1800, noReset: false, pixelRatio: 1.75, platform: ANDROID, platformName: Android, platformVersion: 11, statBarHeight: 57, systemPort: 51913, takesScreenshot: true, udid: R9WN40KBXDJ, viewportRect: {height: 1324, left: 0, top: 57, width: 720}, warnings: {}, webStorageEnabled: false}
Session ID: 0e8f6176-bbdd-47e5-9ff8-f6c587e3c368
	at org.openqa.selenium.remote.http.W3CHttpResponseCodec.createException(W3CHttpResponseCodec.java:187)
	at org.openqa.selenium.remote.http.W3CHttpResponseCodec.decode(W3CHttpResponseCodec.java:122)
	at org.openqa.selenium.remote.http.W3CHttpResponseCodec.decode(W3CHttpResponseCodec.java:49)
	at org.openqa.selenium.remote.HttpCommandExecutor.execute(HttpCommandExecutor.java:158)
	at io.appium.java_client.remote.AppiumCommandExecutor.execute(AppiumCommandExecutor.java:239)
	at org.openqa.selenium.remote.RemoteWebDriver.execute(RemoteWebDriver.java:552)
	at io.appium.java_client.DefaultGenericMobileDriver.execute(DefaultGenericMobileDriver.java:42)
	at io.appium.java_client.AppiumDriver.execute(AppiumDriver.java:1)
	at io.appium.java_client.android.AndroidDriver.execute(AndroidDriver.java:1)
	at com.kms.katalon.core.appium.driver.SwipeableAndroidDriver.execute(SwipeableAndroidDriver.java:1)
	at org.openqa.selenium.remote.RemoteWebElement.execute(RemoteWebElement.java:285)
	at io.appium.java_client.DefaultGenericMobileElement.execute(DefaultGenericMobileElement.java:45)
	at io.appium.java_client.MobileElement.execute(MobileElement.java:1)
	at io.appium.java_client.android.AndroidElement.execute(AndroidElement.java:1)
	at org.openqa.selenium.remote.RemoteWebElement.click(RemoteWebElement.java:84)
	at com.kms.katalon.core.mobile.keyword.builtin.TapKeyword$_tap_closure1.doCall(TapKeyword.groovy:82)
	at com.kms.katalon.core.mobile.keyword.builtin.TapKeyword$_tap_closure1.call(TapKeyword.groovy)
	at com.kms.katalon.core.mobile.keyword.internal.MobileKeywordMain.runKeyword(MobileKeywordMain.groovy:21)
	at com.kms.katalon.core.mobile.keyword.builtin.TapKeyword.tap(TapKeyword.groovy:84)
	at com.kms.katalon.core.mobile.keyword.builtin.TapKeyword.execute(TapKeyword.groovy:68)
	at com.kms.katalon.core.keyword.internal.KeywordExecutor.executeKeywordForPlatform(KeywordExecutor.groovy:74)
	at com.kms.katalon.core.mobile.keyword.MobileBuiltInKeywords.tap(MobileBuiltInKeywords.groovy:1490)
	at com.kms.katalon.core.mobile.keyword.MobileBuiltInKeywords$tap$1.call(Unknown Source)
	at CPN105.1.run(CPN105.1:22)
	at com.kms.katalon.core.main.ScriptEngine.run(ScriptEngine.java:194)
	at com.kms.katalon.core.main.ScriptEngine.runScriptAsRawText(ScriptEngine.java:119)
	at com.kms.katalon.core.main.TestCaseExecutor.runScript(TestCaseExecutor.java:448)
	at com.kms.katalon.core.main.TestCaseExecutor.doExecute(TestCaseExecutor.java:439)
	at com.kms.katalon.core.main.TestCaseExecutor.processExecutionPhase(TestCaseExecutor.java:418)
	at com.kms.katalon.core.main.TestCaseExecutor.accessMainPhase(TestCaseExecutor.java:410)
	at com.kms.katalon.core.main.TestCaseExecutor.execute(TestCaseExecutor.java:285)
	at com.kms.katalon.core.common.CommonExecutor.accessTestCaseMainPhase(CommonExecutor.java:65)
	at com.kms.katalon.core.main.TestSuiteExecutor.accessTestSuiteMainPhase(TestSuiteExecutor.java:148)
	at com.kms.katalon.core.main.TestSuiteExecutor.execute(TestSuiteExecutor.java:106)
	at com.kms.katalon.core.main.TestCaseMain.startTestSuite(TestCaseMain.java:187)
	at com.kms.katalon.core.main.TestCaseMain$startTestSuite$0.call(Unknown Source)
	at TempTestSuite1695389264389.run(TempTestSuite1695389264389.groovy:36)
)
	at com.kms.katalon.core.keyword.internal.KeywordMain.stepFailed(KeywordMain.groovy:51)
	at com.kms.katalon.core.mobile.keyword.internal.MobileKeywordMain.stepFailed(MobileKeywordMain.groovy:40)
	at com.kms.katalon.core.mobile.keyword.internal.MobileKeywordMain.runKeyword(MobileKeywordMain.groovy:23)
	at com.kms.katalon.core.mobile.keyword.builtin.TapKeyword.tap(TapKeyword.groovy:84)
	at com.kms.katalon.core.mobile.keyword.builtin.TapKeyword.execute(TapKeyword.groovy:68)
	at com.kms.katalon.core.keyword.internal.KeywordExecutor.executeKeywordForPlatform(KeywordExecutor.groovy:74)
	at com.kms.katalon.core.mobile.keyword.MobileBuiltInKeywords.tap(MobileBuiltInKeywords.groovy:1490)
	at com.kms.katalon.core.mobile.keyword.MobileBuiltInKeywords$tap$1.call(Unknown Source)
	at CPN105.1.run(CPN105.1:22)
	at com.kms.katalon.core.main.ScriptEngine.run(ScriptEngine.java:194)
	at com.kms.katalon.core.main.ScriptEngine.runScriptAsRawText(ScriptEngine.java:119)
	at com.kms.katalon.core.main.TestCaseExecutor.runScript(TestCaseExecutor.java:448)
	at com.kms.katalon.core.main.TestCaseExecutor.doExecute(TestCaseExecutor.java:439)
	at com.kms.katalon.core.main.TestCaseExecutor.processExecutionPhase(TestCaseExecutor.java:418)
	at com.kms.katalon.core.main.TestCaseExecutor.accessMainPhase(TestCaseExecutor.java:410)
	at com.kms.katalon.core.main.TestCaseExecutor.execute(TestCaseExecutor.java:285)
	at com.kms.katalon.core.common.CommonExecutor.accessTestCaseMainPhase(CommonExecutor.java:65)
	at com.kms.katalon.core.main.TestSuiteExecutor.accessTestSuiteMainPhase(TestSuiteExecutor.java:148)
	at com.kms.katalon.core.main.TestSuiteExecutor.execute(TestSuiteExecutor.java:106)
	at com.kms.katalon.core.main.TestCaseMain.startTestSuite(TestCaseMain.java:187)
	at com.kms.katalon.core.main.TestCaseMain$startTestSuite$0.call(Unknown Source)
	at TempTestSuite1695389264389.run(TempTestSuite1695389264389.groovy:36)
Caused by: org.openqa.selenium.StaleElementReferenceException: Cached elements 'By.xpath: //*[@class = 'android.view.ViewGroup' and @resource-id = 'com.naposystems.napoleonchat:id/constrainsLayout_conversation' and (@text = '' or . = '')]' do not exist in DOM anymore
For documentation on this error, please visit: https://www.seleniumhq.org/exceptions/stale_element_reference.html
Build info: version: '3.141.59', revision: 'e82be7d358', time: '2018-11-14T08:25:53'
System info: host: 'DESKTOP-OBIGNLU', ip: '192.168.1.6', os.name: 'Windows 10', os.arch: 'amd64', os.version: '10.0', java.version: '1.8.0_282'
Driver info: com.kms.katalon.core.appium.driver.SwipeableAndroidDriver
Capabilities {app: C:\Users\Testing\Desktop\ka..., appPackage: com.naposystems.napoleonchat, autoGrantPermissions: true, automationName: uiautomator2, chromedriverPort: 51711, databaseEnabled: false, desired: {app: C:\Users\Testing\Desktop\ka..., autoGrantPermissions: true, automationName: uiautomator2, chromedriverPort: 51711, deviceId: , deviceName: samsung SM-A107M (Android 11), fullReset: true, newCommandTimeout: 1800, noReset: false, platform: ANDROID, platformName: android, platformVersion: 11, systemPort: 51913, udid: R9WN40KBXDJ}, deviceApiLevel: 30, deviceId: , deviceManufacturer: samsung, deviceModel: SM-A107M, deviceName: R9WN40KBXDJ, deviceScreenDensity: 280, deviceScreenSize: 720x1520, deviceUDID: R9WN40KBXDJ, fullReset: true, javascriptEnabled: true, locationContextEnabled: false, networkConnectionEnabled: true, newCommandTimeout: 1800, noReset: false, pixelRatio: 1.75, platform: ANDROID, platformName: Android, platformVersion: 11, statBarHeight: 57, systemPort: 51913, takesScreenshot: true, udid: R9WN40KBXDJ, viewportRect: {height: 1324, left: 0, top: 57, width: 720}, warnings: {}, webStorageEnabled: false}
Session ID: 0e8f6176-bbdd-47e5-9ff8-f6c587e3c368
	at org.openqa.selenium.remote.http.W3CHttpResponseCodec.createException(W3CHttpResponseCodec.java:187)
	at org.openqa.selenium.remote.http.W3CHttpResponseCodec.decode(W3CHttpResponseCodec.java:122)
	at org.openqa.selenium.remote.http.W3CHttpResponseCodec.decode(W3CHttpResponseCodec.java:49)
	at org.openqa.selenium.remote.HttpCommandExecutor.execute(HttpCommandExecutor.java:158)
	at io.appium.java_client.remote.AppiumCommandExecutor.execute(AppiumCommandExecutor.java:239)
	at org.openqa.selenium.remote.RemoteWebDriver.execute(RemoteWebDriver.java:552)
	at io.appium.java_client.DefaultGenericMobileDriver.execute(DefaultGenericMobileDriver.java:42)
	at io.appium.java_client.AppiumDriver.execute(AppiumDriver.java:1)
	at io.appium.java_client.android.AndroidDriver.execute(AndroidDriver.java:1)
	at com.kms.katalon.core.appium.driver.SwipeableAndroidDriver.execute(SwipeableAndroidDriver.java:1)
	at org.openqa.selenium.remote.RemoteWebElement.execute(RemoteWebElement.java:285)
	at io.appium.java_client.DefaultGenericMobileElement.execute(DefaultGenericMobileElement.java:45)
	at io.appium.java_client.MobileElement.execute(MobileElement.java:1)
	at io.appium.java_client.android.AndroidElement.execute(AndroidElement.java:1)
	at org.openqa.selenium.remote.RemoteWebElement.click(RemoteWebElement.java:84)
	at com.kms.katalon.core.mobile.keyword.builtin.TapKeyword$_tap_closure1.doCall(TapKeyword.groovy:82)
	at com.kms.katalon.core.mobile.keyword.builtin.TapKeyword$_tap_closure1.call(TapKeyword.groovy)
	at com.kms.katalon.core.mobile.keyword.internal.MobileKeywordMain.runKeyword(MobileKeywordMain.groovy:21)
	... 19 more]]></system-out>
      <system-err><![CDATA[2023-09-22 08:27:53 - [TEST_SUITE][FAILED] - Integracion parte1 y parte 2: Test Cases/Parte1/Envio de mensajes/CPN105.1 FAILED.
Reason:
com.kms.katalon.core.exception.StepFailedException: Failed to tap on element 'Object Repository/Parte1/Envio de mensajes/CPN105.1/android.view.ViewGroup' (Root cause: org.openqa.selenium.StaleElementReferenceException: Cached elements 'By.xpath: //*[@class = 'android.view.ViewGroup' and @resource-id = 'com.naposystems.napoleonchat:id/constrainsLayout_conversation' and (@text = '' or . = '')]' do not exist in DOM anymore
For documentation on this error, please visit: https://www.seleniumhq.org/exceptions/stale_element_reference.html
Build info: version: '3.141.59', revision: 'e82be7d358', time: '2018-11-14T08:25:53'
System info: host: 'DESKTOP-OBIGNLU', ip: '192.168.1.6', os.name: 'Windows 10', os.arch: 'amd64', os.version: '10.0', java.version: '1.8.0_282'
Driver info: com.kms.katalon.core.appium.driver.SwipeableAndroidDriver
Capabilities {app: C:\Users\Testing\Desktop\ka..., appPackage: com.naposystems.napoleonchat, autoGrantPermissions: true, automationName: uiautomator2, chromedriverPort: 51711, databaseEnabled: false, desired: {app: C:\Users\Testing\Desktop\ka..., autoGrantPermissions: true, automationName: uiautomator2, chromedriverPort: 51711, deviceId: , deviceName: samsung SM-A107M (Android 11), fullReset: true, newCommandTimeout: 1800, noReset: false, platform: ANDROID, platformName: android, platformVersion: 11, systemPort: 51913, udid: R9WN40KBXDJ}, deviceApiLevel: 30, deviceId: , deviceManufacturer: samsung, deviceModel: SM-A107M, deviceName: R9WN40KBXDJ, deviceScreenDensity: 280, deviceScreenSize: 720x1520, deviceUDID: R9WN40KBXDJ, fullReset: true, javascriptEnabled: true, locationContextEnabled: false, networkConnectionEnabled: true, newCommandTimeout: 1800, noReset: false, pixelRatio: 1.75, platform: ANDROID, platformName: Android, platformVersion: 11, statBarHeight: 57, systemPort: 51913, takesScreenshot: true, udid: R9WN40KBXDJ, viewportRect: {height: 1324, left: 0, top: 57, width: 720}, warnings: {}, webStorageEnabled: false}
Session ID: 0e8f6176-bbdd-47e5-9ff8-f6c587e3c368
	at org.openqa.selenium.remote.http.W3CHttpResponseCodec.createException(W3CHttpResponseCodec.java:187)
	at org.openqa.selenium.remote.http.W3CHttpResponseCodec.decode(W3CHttpResponseCodec.java:122)
	at org.openqa.selenium.remote.http.W3CHttpResponseCodec.decode(W3CHttpResponseCodec.java:49)
	at org.openqa.selenium.remote.HttpCommandExecutor.execute(HttpCommandExecutor.java:158)
	at io.appium.java_client.remote.AppiumCommandExecutor.execute(AppiumCommandExecutor.java:239)
	at org.openqa.selenium.remote.RemoteWebDriver.execute(RemoteWebDriver.java:552)
	at io.appium.java_client.DefaultGenericMobileDriver.execute(DefaultGenericMobileDriver.java:42)
	at io.appium.java_client.AppiumDriver.execute(AppiumDriver.java:1)
	at io.appium.java_client.android.AndroidDriver.execute(AndroidDriver.java:1)
	at com.kms.katalon.core.appium.driver.SwipeableAndroidDriver.execute(SwipeableAndroidDriver.java:1)
	at org.openqa.selenium.remote.RemoteWebElement.execute(RemoteWebElement.java:285)
	at io.appium.java_client.DefaultGenericMobileElement.execute(DefaultGenericMobileElement.java:45)
	at io.appium.java_client.MobileElement.execute(MobileElement.java:1)
	at io.appium.java_client.android.AndroidElement.execute(AndroidElement.java:1)
	at org.openqa.selenium.remote.RemoteWebElement.click(RemoteWebElement.java:84)
	at com.kms.katalon.core.mobile.keyword.builtin.TapKeyword$_tap_closure1.doCall(TapKeyword.groovy:82)
	at com.kms.katalon.core.mobile.keyword.builtin.TapKeyword$_tap_closure1.call(TapKeyword.groovy)
	at com.kms.katalon.core.mobile.keyword.internal.MobileKeywordMain.runKeyword(MobileKeywordMain.groovy:21)
	at com.kms.katalon.core.mobile.keyword.builtin.TapKeyword.tap(TapKeyword.groovy:84)
	at com.kms.katalon.core.mobile.keyword.builtin.TapKeyword.execute(TapKeyword.groovy:68)
	at com.kms.katalon.core.keyword.internal.KeywordExecutor.executeKeywordForPlatform(KeywordExecutor.groovy:74)
	at com.kms.katalon.core.mobile.keyword.MobileBuiltInKeywords.tap(MobileBuiltInKeywords.groovy:1490)
	at com.kms.katalon.core.mobile.keyword.MobileBuiltInKeywords$tap$1.call(Unknown Source)
	at CPN105.1.run(CPN105.1:22)
	at com.kms.katalon.core.main.ScriptEngine.run(ScriptEngine.java:194)
	at com.kms.katalon.core.main.ScriptEngine.runScriptAsRawText(ScriptEngine.java:119)
	at com.kms.katalon.core.main.TestCaseExecutor.runScript(TestCaseExecutor.java:448)
	at com.kms.katalon.core.main.TestCaseExecutor.doExecute(TestCaseExecutor.java:439)
	at com.kms.katalon.core.main.TestCaseExecutor.processExecutionPhase(TestCaseExecutor.java:418)
	at com.kms.katalon.core.main.TestCaseExecutor.accessMainPhase(TestCaseExecutor.java:410)
	at com.kms.katalon.core.main.TestCaseExecutor.execute(TestCaseExecutor.java:285)
	at com.kms.katalon.core.common.CommonExecutor.accessTestCaseMainPhase(CommonExecutor.java:65)
	at com.kms.katalon.core.main.TestSuiteExecutor.accessTestSuiteMainPhase(TestSuiteExecutor.java:148)
	at com.kms.katalon.core.main.TestSuiteExecutor.execute(TestSuiteExecutor.java:106)
	at com.kms.katalon.core.main.TestCaseMain.startTestSuite(TestCaseMain.java:187)
	at com.kms.katalon.core.main.TestCaseMain$startTestSuite$0.call(Unknown Source)
	at TempTestSuite1695389264389.run(TempTestSuite1695389264389.groovy:36)
)
	at com.kms.katalon.core.keyword.internal.KeywordMain.stepFailed(KeywordMain.groovy:51)
	at com.kms.katalon.core.mobile.keyword.internal.MobileKeywordMain.stepFailed(MobileKeywordMain.groovy:40)
	at com.kms.katalon.core.mobile.keyword.internal.MobileKeywordMain.runKeyword(MobileKeywordMain.groovy:23)
	at com.kms.katalon.core.mobile.keyword.builtin.TapKeyword.tap(TapKeyword.groovy:84)
	at com.kms.katalon.core.mobile.keyword.builtin.TapKeyword.execute(TapKeyword.groovy:68)
	at com.kms.katalon.core.keyword.internal.KeywordExecutor.executeKeywordForPlatform(KeywordExecutor.groovy:74)
	at com.kms.katalon.core.mobile.keyword.MobileBuiltInKeywords.tap(MobileBuiltInKeywords.groovy:1490)
	at com.kms.katalon.core.mobile.keyword.MobileBuiltInKeywords$tap$1.call(Unknown Source)
	at CPN105.1.run(CPN105.1:22)
	at com.kms.katalon.core.main.ScriptEngine.run(ScriptEngine.java:194)
	at com.kms.katalon.core.main.ScriptEngine.runScriptAsRawText(ScriptEngine.java:119)
	at com.kms.katalon.core.main.TestCaseExecutor.runScript(TestCaseExecutor.java:448)
	at com.kms.katalon.core.main.TestCaseExecutor.doExecute(TestCaseExecutor.java:439)
	at com.kms.katalon.core.main.TestCaseExecutor.processExecutionPhase(TestCaseExecutor.java:418)
	at com.kms.katalon.core.main.TestCaseExecutor.accessMainPhase(TestCaseExecutor.java:410)
	at com.kms.katalon.core.main.TestCaseExecutor.execute(TestCaseExecutor.java:285)
	at com.kms.katalon.core.common.CommonExecutor.accessTestCaseMainPhase(CommonExecutor.java:65)
	at com.kms.katalon.core.main.TestSuiteExecutor.accessTestSuiteMainPhase(TestSuiteExecutor.java:148)
	at com.kms.katalon.core.main.TestSuiteExecutor.execute(TestSuiteExecutor.java:106)
	at com.kms.katalon.core.main.TestCaseMain.startTestSuite(TestCaseMain.java:187)
	at com.kms.katalon.core.main.TestCaseMain$startTestSuite$0.call(Unknown Source)
	at TempTestSuite1695389264389.run(TempTestSuite1695389264389.groovy:36)
Caused by: org.openqa.selenium.StaleElementReferenceException: Cached elements 'By.xpath: //*[@class = 'android.view.ViewGroup' and @resource-id = 'com.naposystems.napoleonchat:id/constrainsLayout_conversation' and (@text = '' or . = '')]' do not exist in DOM anymore
For documentation on this error, please visit: https://www.seleniumhq.org/exceptions/stale_element_reference.html
Build info: version: '3.141.59', revision: 'e82be7d358', time: '2018-11-14T08:25:53'
System info: host: 'DESKTOP-OBIGNLU', ip: '192.168.1.6', os.name: 'Windows 10', os.arch: 'amd64', os.version: '10.0', java.version: '1.8.0_282'
Driver info: com.kms.katalon.core.appium.driver.SwipeableAndroidDriver
Capabilities {app: C:\Users\Testing\Desktop\ka..., appPackage: com.naposystems.napoleonchat, autoGrantPermissions: true, automationName: uiautomator2, chromedriverPort: 51711, databaseEnabled: false, desired: {app: C:\Users\Testing\Desktop\ka..., autoGrantPermissions: true, automationName: uiautomator2, chromedriverPort: 51711, deviceId: , deviceName: samsung SM-A107M (Android 11), fullReset: true, newCommandTimeout: 1800, noReset: false, platform: ANDROID, platformName: android, platformVersion: 11, systemPort: 51913, udid: R9WN40KBXDJ}, deviceApiLevel: 30, deviceId: , deviceManufacturer: samsung, deviceModel: SM-A107M, deviceName: R9WN40KBXDJ, deviceScreenDensity: 280, deviceScreenSize: 720x1520, deviceUDID: R9WN40KBXDJ, fullReset: true, javascriptEnabled: true, locationContextEnabled: false, networkConnectionEnabled: true, newCommandTimeout: 1800, noReset: false, pixelRatio: 1.75, platform: ANDROID, platformName: Android, platformVersion: 11, statBarHeight: 57, systemPort: 51913, takesScreenshot: true, udid: R9WN40KBXDJ, viewportRect: {height: 1324, left: 0, top: 57, width: 720}, warnings: {}, webStorageEnabled: false}
Session ID: 0e8f6176-bbdd-47e5-9ff8-f6c587e3c368
	at org.openqa.selenium.remote.http.W3CHttpResponseCodec.createException(W3CHttpResponseCodec.java:187)
	at org.openqa.selenium.remote.http.W3CHttpResponseCodec.decode(W3CHttpResponseCodec.java:122)
	at org.openqa.selenium.remote.http.W3CHttpResponseCodec.decode(W3CHttpResponseCodec.java:49)
	at org.openqa.selenium.remote.HttpCommandExecutor.execute(HttpCommandExecutor.java:158)
	at io.appium.java_client.remote.AppiumCommandExecutor.execute(AppiumCommandExecutor.java:239)
	at org.openqa.selenium.remote.RemoteWebDriver.execute(RemoteWebDriver.java:552)
	at io.appium.java_client.DefaultGenericMobileDriver.execute(DefaultGenericMobileDriver.java:42)
	at io.appium.java_client.AppiumDriver.execute(AppiumDriver.java:1)
	at io.appium.java_client.android.AndroidDriver.execute(AndroidDriver.java:1)
	at com.kms.katalon.core.appium.driver.SwipeableAndroidDriver.execute(SwipeableAndroidDriver.java:1)
	at org.openqa.selenium.remote.RemoteWebElement.execute(RemoteWebElement.java:285)
	at io.appium.java_client.DefaultGenericMobileElement.execute(DefaultGenericMobileElement.java:45)
	at io.appium.java_client.MobileElement.execute(MobileElement.java:1)
	at io.appium.java_client.android.AndroidElement.execute(AndroidElement.java:1)
	at org.openqa.selenium.remote.RemoteWebElement.click(RemoteWebElement.java:84)
	at com.kms.katalon.core.mobile.keyword.builtin.TapKeyword$_tap_closure1.doCall(TapKeyword.groovy:82)
	at com.kms.katalon.core.mobile.keyword.builtin.TapKeyword$_tap_closure1.call(TapKeyword.groovy)
	at com.kms.katalon.core.mobile.keyword.internal.MobileKeywordMain.runKeyword(MobileKeywordMain.groovy:21)
	... 19 more]]></system-err>
   </testsuite>
</testsuites>
