<?xml version="1.0" encoding="UTF-8"?>
<testsuites name="prueba" time="76.659" tests="2" failures="0" errors="0">
   <testsuite name="prueba" tests="2" failures="0" errors="0" time="76.659" skipped="0" timestamp="2023-05-23 14:47:40" hostname="Testing - DESKTOP-OBIGNLU" id="Test Suites/prueba">
      <properties>
         <property name="deviceName" value="samsung SM-A107M (Android 11)"/>
         <property name="devicePlatform" value=""/>
         <property name="logFolder" value="C:\\Users\\Testing\\Katalon Studio\\NN_Version2\\Reports\\20230523_144734\\prueba\\20230523_144734"/>
         <property name="logFiles" value="C:\\Users\\Testing\\Katalon Studio\\NN_Version2\\Reports\\20230523_144734\\prueba\\20230523_144734\\appium.log, C:\\Users\\Testing\\Katalon Studio\\NN_Version2\\Reports\\20230523_144734\\prueba\\20230523_144734\\execution0.log"/>
         <property name="attachments" value=""/>
         <property name="hostName" value="Testing - DESKTOP-OBIGNLU"/>
         <property name="os" value="Windows 10 64bit"/>
         <property name="appiumServerStatus" value="{&quot;value&quot;:{&quot;build&quot;:{&quot;version&quot;:&quot;1.22.3&quot;}},&quot;sessionId&quot;:null,&quot;status&quot;:0}"/>
         <property name="katalonVersion" value="8.5.5.208"/>
         <property name="deviceOS" value="Android"/>
         <property name="appiumVersion" value="1.22.3"/>
         <property name="deviceModel" value="SM-A107M"/>
         <property name="hostAddress" value="192.168.1.5"/>
         <property name="deviceManufacturer" value="samsung"/>
         <property name="deviceId" value="R9WN40KBXDJ"/>
         <property name="deviceName" value="samsung SM-A107M (Android 11)"/>
         <property name="deviceOSVersion" value="11"/>
      </properties>
      <testcase name="Test Cases/ingreso" time="64.252" classname="Test Cases/ingreso" status="PASSED">
         <system-out><![CDATA[2023-05-23 14:47:40 - [TEST_CASE][PASSED] - Test Cases/ingreso: Test Cases/ingreso

2023-05-23 14:47:40 - [TEST_STEP][PASSED] - startApplication("C:\Users\Testing\Desktop\katalon\Version nueva\app-debug (2).apk", true): Started app at: 'C:\Users\Testing\Desktop\katalon\Version nueva\app-debug (2).apk'

2023-05-23 14:47:41 - [MESSAGE][INFO] - Detected NodeJS location: "C:\Program Files\nodejs\node.exe"

2023-05-23 14:47:42 - [MESSAGE][INFO] - Appium server started on port 56.279

2023-05-23 14:48:19 - [MESSAGE][PASSED] - Started app at: 'C:\Users\Testing\Desktop\katalon\Version nueva\app-debug (2).apk'

2023-05-23 14:48:19 - [TEST_STEP][PASSED] - tap(findTestObject("Object Repository/ingreso/android.widget.TextView - Omitir"), 0): Tapped on element 'Object Repository/ingreso/android.widget.TextView - Omitir'

2023-05-23 14:48:19 - [MESSAGE][WARNING] - Timeout '0' is invalid. Using default page load timeout: '30'

2023-05-23 14:48:20 - [MESSAGE][PASSED] - Tapped on element 'Object Repository/ingreso/android.widget.TextView - Omitir'

2023-05-23 14:48:20 - [TEST_STEP][PASSED] - tap(findTestObject("Object Repository/ingreso/android.widget.Button - Crear Cuenta"), 0): Tapped on element 'Object Repository/ingreso/android.widget.Button - Crear Cuenta'

2023-05-23 14:48:20 - [MESSAGE][WARNING] - Timeout '0' is invalid. Using default page load timeout: '30'

2023-05-23 14:48:21 - [MESSAGE][PASSED] - Tapped on element 'Object Repository/ingreso/android.widget.Button - Crear Cuenta'

2023-05-23 14:48:21 - [TEST_STEP][PASSED] - tap(findTestObject("Object Repository/ingreso/android.widget.Button - Enviar cdigo de registro"), 0): Tapped on element 'Object Repository/ingreso/android.widget.Button - Enviar cdigo de registro'

2023-05-23 14:48:22 - [MESSAGE][WARNING] - Timeout '0' is invalid. Using default page load timeout: '30'

2023-05-23 14:48:23 - [MESSAGE][PASSED] - Tapped on element 'Object Repository/ingreso/android.widget.Button - Enviar cdigo de registro'

2023-05-23 14:48:23 - [TEST_STEP][PASSED] - tap(findTestObject("Object Repository/ingreso/android.widget.Button - Continuar"), 0): Tapped on element 'Object Repository/ingreso/android.widget.Button - Continuar'

2023-05-23 14:48:23 - [MESSAGE][WARNING] - Timeout '0' is invalid. Using default page load timeout: '30'

2023-05-23 14:48:30 - [MESSAGE][PASSED] - Tapped on element 'Object Repository/ingreso/android.widget.Button - Continuar'

2023-05-23 14:48:30 - [TEST_STEP][PASSED] - setText(findTestObject("Object Repository/ingreso/android.widget.EditText - Apodo"), "libre02", 0): Text 'libre02' has been set to element 'Object Repository/ingreso/android.widget.EditText - Apodo'

2023-05-23 14:48:30 - [MESSAGE][WARNING] - Timeout '0' is invalid. Using default page load timeout: '30'

2023-05-23 14:48:36 - [MESSAGE][PASSED] - Text 'libre02' has been set to element 'Object Repository/ingreso/android.widget.EditText - Apodo'

2023-05-23 14:48:36 - [TEST_STEP][PASSED] - tap(findTestObject("Object Repository/ingreso/android.widget.Button - Siguiente"), 0): Tapped on element 'Object Repository/ingreso/android.widget.Button - Siguiente'

2023-05-23 14:48:36 - [MESSAGE][WARNING] - Timeout '0' is invalid. Using default page load timeout: '30'

2023-05-23 14:48:38 - [MESSAGE][PASSED] - Tapped on element 'Object Repository/ingreso/android.widget.Button - Siguiente'

2023-05-23 14:48:38 - [TEST_STEP][PASSED] - setText(findTestObject("Object Repository/ingreso/android.widget.EditText - Pin de Acceso"), "0000", 0): Text '0000' has been set to element 'Object Repository/ingreso/android.widget.EditText - Pin de Acceso'

2023-05-23 14:48:38 - [MESSAGE][WARNING] - Timeout '0' is invalid. Using default page load timeout: '30'

2023-05-23 14:48:41 - [MESSAGE][PASSED] - Text '0000' has been set to element 'Object Repository/ingreso/android.widget.EditText - Pin de Acceso'

2023-05-23 14:48:41 - [TEST_STEP][PASSED] - setText(findTestObject("Object Repository/ingreso/android.widget.EditText - Confirmar nuevo pin de acceso"), "0000", 0): Text '0000' has been set to element 'Object Repository/ingreso/android.widget.EditText - Confirmar nuevo pin de acceso'

2023-05-23 14:48:41 - [MESSAGE][WARNING] - Timeout '0' is invalid. Using default page load timeout: '30'

2023-05-23 14:48:43 - [MESSAGE][PASSED] - Text '0000' has been set to element 'Object Repository/ingreso/android.widget.EditText - Confirmar nuevo pin de acceso'

2023-05-23 14:48:43 - [TEST_STEP][PASSED] - tap(findTestObject("Object Repository/ingreso/android.widget.Button - Crear Cuenta (1)"), 0): Tapped on element 'Object Repository/ingreso/android.widget.Button - Crear Cuenta (1)'

2023-05-23 14:48:43 - [MESSAGE][WARNING] - Timeout '0' is invalid. Using default page load timeout: '30'

2023-05-23 14:48:44 - [MESSAGE][PASSED] - Tapped on element 'Object Repository/ingreso/android.widget.Button - Crear Cuenta (1)']]></system-out>
         <system-err><![CDATA[]]></system-err>
      </testcase>
      <testcase name="Test Cases/agregar" time="12.16" classname="Test Cases/agregar" status="PASSED">
         <system-out><![CDATA[2023-05-23 14:48:44 - [TEST_CASE][PASSED] - Test Cases/agregar: Test Cases/agregar

2023-05-23 14:48:45 - [TEST_STEP][PASSED] - tap(findTestObject("Object Repository/agregar/android.widget.ImageView"), 0): Tapped on element 'Object Repository/agregar/android.widget.ImageView'

2023-05-23 14:48:45 - [MESSAGE][WARNING] - Timeout '0' is invalid. Using default page load timeout: '30'

2023-05-23 14:48:47 - [MESSAGE][PASSED] - Tapped on element 'Object Repository/agregar/android.widget.ImageView'

2023-05-23 14:48:47 - [TEST_STEP][PASSED] - tap(findTestObject("Object Repository/agregar/android.widget.Button - Agregar contactos"), 0): Tapped on element 'Object Repository/agregar/android.widget.Button - Agregar contactos'

2023-05-23 14:48:47 - [MESSAGE][WARNING] - Timeout '0' is invalid. Using default page load timeout: '30'

2023-05-23 14:48:48 - [MESSAGE][PASSED] - Tapped on element 'Object Repository/agregar/android.widget.Button - Agregar contactos'

2023-05-23 14:48:48 - [TEST_STEP][PASSED] - setText(findTestObject("Object Repository/agregar/android.widget.EditText - Busca por apodo"), "prueba2134", 0): Text 'prueba2134' has been set to element 'Object Repository/agregar/android.widget.EditText - Busca por apodo'

2023-05-23 14:48:48 - [MESSAGE][WARNING] - Timeout '0' is invalid. Using default page load timeout: '30'

2023-05-23 14:48:53 - [MESSAGE][PASSED] - Text 'prueba2134' has been set to element 'Object Repository/agregar/android.widget.EditText - Busca por apodo'

2023-05-23 14:48:53 - [TEST_STEP][PASSED] - tap(findTestObject("Object Repository/agregar/android.widget.Button - AGREGAR"), 0): Tapped on element 'Object Repository/agregar/android.widget.Button - AGREGAR'

2023-05-23 14:48:53 - [MESSAGE][WARNING] - Timeout '0' is invalid. Using default page load timeout: '30'

2023-05-23 14:48:55 - [MESSAGE][PASSED] - Tapped on element 'Object Repository/agregar/android.widget.Button - AGREGAR'

2023-05-23 14:48:55 - [TEST_STEP][PASSED] - tap(findTestObject("Object Repository/agregar/android.widget.TextView"), 0): Tapped on element 'Object Repository/agregar/android.widget.TextView'

2023-05-23 14:48:56 - [MESSAGE][WARNING] - Timeout '0' is invalid. Using default page load timeout: '30'

2023-05-23 14:48:56 - [MESSAGE][PASSED] - Tapped on element 'Object Repository/agregar/android.widget.TextView'

2023-05-23 14:48:56 - [TEST_STEP][PASSED] - pressBack(): Press back button successfully

2023-05-23 14:48:56 - [MESSAGE][PASSED] - Press back button successfully]]></system-out>
         <system-err><![CDATA[]]></system-err>
      </testcase>
      <system-out><![CDATA[2023-05-23 14:47:40 - [TEST_SUITE][PASSED] - prueba: Test Cases/agregar]]></system-out>
      <system-err><![CDATA[]]></system-err>
   </testsuite>
</testsuites>
