<?xml version="1.0" encoding="UTF-8"?>
<testsuites name="PRUEBA" time="54.244" tests="2" failures="0" errors="0">
   <testsuite name="PRUEBA" tests="2" failures="0" errors="0" time="54.244" skipped="0" timestamp="2023-06-01 10:46:07" hostname="Testing - DESKTOP-OBIGNLU" id="Test Suites/PRUEBA">
      <properties>
         <property name="deviceName" value="samsung SM-A107M (Android 11)"/>
         <property name="devicePlatform" value=""/>
         <property name="logFolder" value="C:\\Users\\Testing\\Katalon Studio\\NN_Version2\\Reports\\20230601_104602\\PRUEBA\\20230601_104602"/>
         <property name="logFiles" value="C:\\Users\\Testing\\Katalon Studio\\NN_Version2\\Reports\\20230601_104602\\PRUEBA\\20230601_104602\\appium.log, C:\\Users\\Testing\\Katalon Studio\\NN_Version2\\Reports\\20230601_104602\\PRUEBA\\20230601_104602\\execution0.log"/>
         <property name="attachments" value=""/>
         <property name="hostName" value="Testing - DESKTOP-OBIGNLU"/>
         <property name="os" value="Windows 10 64bit"/>
         <property name="appiumServerStatus" value="{&quot;value&quot;:{&quot;build&quot;:{&quot;version&quot;:&quot;1.22.3&quot;}},&quot;sessionId&quot;:null,&quot;status&quot;:0}"/>
         <property name="katalonVersion" value="8.5.5.208"/>
         <property name="deviceOS" value="Android"/>
         <property name="appiumVersion" value="1.22.3"/>
         <property name="deviceModel" value="SM-A107M"/>
         <property name="hostAddress" value="192.168.1.6"/>
         <property name="deviceManufacturer" value="samsung"/>
         <property name="deviceId" value="R9WN40KBXDJ"/>
         <property name="deviceName" value="samsung SM-A107M (Android 11)"/>
         <property name="deviceOSVersion" value="11"/>
      </properties>
      <testcase name="Test Cases/Abrir_App/CPN1" time="45.063" classname="Test Cases/Abrir_App/CPN1" status="PASSED">
         <system-out><![CDATA[2023-06-01 10:46:08 - [TEST_CASE][PASSED] - Test Cases/Abrir_App/CPN1: Test Cases/Abrir_App/CPN1

2023-06-01 10:46:08 - [TEST_STEP][PASSED] - startApplication("C:\Users\Testing\Desktop\katalon\Version nueva\app-debug (2).apk", true): Started app at: 'C:\Users\Testing\Desktop\katalon\Version nueva\app-debug (2).apk'

2023-06-01 10:46:08 - [MESSAGE][INFO] - Detected NodeJS location: "C:\Program Files\nodejs\node.exe"

2023-06-01 10:46:10 - [MESSAGE][INFO] - Appium server started on port 60.097

2023-06-01 10:46:48 - [MESSAGE][PASSED] - Started app at: 'C:\Users\Testing\Desktop\katalon\Version nueva\app-debug (2).apk'

2023-06-01 10:46:48 - [TEST_STEP][PASSED] - pressBack(): Press back button successfully

2023-06-01 10:46:48 - [MESSAGE][PASSED] - Press back button successfully

2023-06-01 10:46:48 - [TEST_STEP][PASSED] - toggleWifi("OFF", STOP_ON_FAILURE): Toggled wifi

2023-06-01 10:46:49 - [MESSAGE][PASSED] - Toggled wifi

2023-06-01 10:46:49 - [TEST_STEP][PASSED] - tap(findTestObject("Object Repository/Abrir_App/CPN1/android.widget.TextView - NapoleoN"), 0): Tapped on element 'Object Repository/Abrir_App/CPN1/android.widget.TextView - NapoleoN'

2023-06-01 10:46:49 - [MESSAGE][WARNING] - Timeout '0' is invalid. Using default page load timeout: '30'

2023-06-01 10:46:52 - [MESSAGE][PASSED] - Tapped on element 'Object Repository/Abrir_App/CPN1/android.widget.TextView - NapoleoN'

2023-06-01 10:46:52 - [TEST_STEP][PASSED] - delay(1): Delayed 1 second(s)

2023-06-01 10:46:53 - [MESSAGE][PASSED] - Delayed 1 second(s)]]></system-out>
         <system-err><![CDATA[]]></system-err>
      </testcase>
      <testcase name="Test Cases/Abrir_App/CPN2" time="8.92" classname="Test Cases/Abrir_App/CPN2" status="PASSED">
         <system-out><![CDATA[2023-06-01 10:46:53 - [TEST_CASE][PASSED] - Test Cases/Abrir_App/CPN2: Test Cases/Abrir_App/CPN2

2023-06-01 10:46:53 - [TEST_STEP][PASSED] - pressBack(): Press back button successfully

2023-06-01 10:46:54 - [MESSAGE][PASSED] - Press back button successfully

2023-06-01 10:46:54 - [TEST_STEP][PASSED] - tap(findTestObject("Object Repository/CPN2/android.widget.TextView - NapoleoN"), 0): Tapped on element 'Object Repository/CPN2/android.widget.TextView - NapoleoN'

2023-06-01 10:46:54 - [MESSAGE][WARNING] - Timeout '0' is invalid. Using default page load timeout: '30'

2023-06-01 10:46:55 - [MESSAGE][PASSED] - Tapped on element 'Object Repository/CPN2/android.widget.TextView - NapoleoN'

2023-06-01 10:46:55 - [TEST_STEP][PASSED] - tap(findTestObject("Object Repository/CPN2/android.widget.TextView - Omitir"), 0): Tapped on element 'Object Repository/CPN2/android.widget.TextView - Omitir'

2023-06-01 10:46:55 - [MESSAGE][WARNING] - Timeout '0' is invalid. Using default page load timeout: '30'

2023-06-01 10:46:57 - [MESSAGE][PASSED] - Tapped on element 'Object Repository/CPN2/android.widget.TextView - Omitir'

2023-06-01 10:46:57 - [TEST_STEP][PASSED] - verifyElementExist(findTestObject("Object Repository/CPN2/android.view.ViewGroup"), 0): Element 'Object Repository/CPN2/android.view.ViewGroup' is exist

2023-06-01 10:46:57 - [MESSAGE][WARNING] - Timeout '0' is invalid. Using default page load timeout: '30'

2023-06-01 10:46:58 - [MESSAGE][PASSED] - Element 'Object Repository/CPN2/android.view.ViewGroup' is exist

2023-06-01 10:46:58 - [TEST_STEP][PASSED] - toggleWifi("off", STOP_ON_FAILURE): Toggled wifi

2023-06-01 10:46:59 - [MESSAGE][PASSED] - Toggled wifi

2023-06-01 10:46:59 - [TEST_STEP][PASSED] - delay(3): Delayed 3 second(s)

2023-06-01 10:47:02 - [MESSAGE][PASSED] - Delayed 3 second(s)]]></system-out>
         <system-err><![CDATA[]]></system-err>
      </testcase>
      <system-out><![CDATA[2023-06-01 10:46:07 - [TEST_SUITE][PASSED] - PRUEBA: Test Cases/Abrir_App/CPN2]]></system-out>
      <system-err><![CDATA[]]></system-err>
   </testsuite>
</testsuites>
