<?xml version="1.0" encoding="UTF-8"?>
<testsuites name="Iniciar" time="96.085" tests="3" failures="0" errors="0">
   <testsuite name="Iniciar" tests="3" failures="0" errors="0" time="96.085" skipped="0" timestamp="2023-05-18 10:41:50" hostname="Testing - DESKTOP-OBIGNLU" id="Test Suites/Iniciar">
      <properties>
         <property name="deviceName" value="samsung SM-A107M (Android 11)"/>
         <property name="devicePlatform" value=""/>
         <property name="logFolder" value="C:\\Users\\Testing\\Katalon Studio\\NN_Version2\\Reports\\20230518_104140\\Iniciar\\20230518_104140"/>
         <property name="logFiles" value="C:\\Users\\Testing\\Katalon Studio\\NN_Version2\\Reports\\20230518_104140\\Iniciar\\20230518_104140\\appium.log, C:\\Users\\Testing\\Katalon Studio\\NN_Version2\\Reports\\20230518_104140\\Iniciar\\20230518_104140\\execution0.log"/>
         <property name="attachments" value=""/>
         <property name="hostName" value="Testing - DESKTOP-OBIGNLU"/>
         <property name="os" value="Windows 10 64bit"/>
         <property name="appiumServerStatus" value="{&quot;value&quot;:{&quot;build&quot;:{&quot;version&quot;:&quot;1.22.3&quot;}},&quot;sessionId&quot;:null,&quot;status&quot;:0}"/>
         <property name="katalonVersion" value="8.5.5.208"/>
         <property name="deviceOS" value="Android"/>
         <property name="appiumVersion" value="1.22.3"/>
         <property name="deviceModel" value="SM-A107M"/>
         <property name="hostAddress" value="192.168.1.5"/>
         <property name="deviceManufacturer" value="samsung"/>
         <property name="deviceId" value="R9WN40KBXDJ"/>
         <property name="deviceName" value="samsung SM-A107M (Android 11)"/>
         <property name="deviceOSVersion" value="11"/>
      </properties>
      <testcase name="Test Cases/CPNTUTORIAL/CPNTUTORIAL" time="51.595" classname="Test Cases/CPNTUTORIAL/CPNTUTORIAL" status="PASSED">
         <system-out><![CDATA[2023-05-18 10:41:51 - [TEST_CASE][PASSED] - Test Cases/CPNTUTORIAL/CPNTUTORIAL: Test Cases/CPNTUTORIAL/CPNTUTORIAL

2023-05-18 10:41:51 - [TEST_STEP][PASSED] - startApplication("C:\Users\Testing\Desktop\katalon\Version nueva\app-debug (2).apk", true): Started app at: 'C:\Users\Testing\Desktop\katalon\Version nueva\app-debug (2).apk'

2023-05-18 10:41:52 - [MESSAGE][INFO] - Detected NodeJS location: "C:\Program Files\nodejs\node.exe"

2023-05-18 10:41:53 - [MESSAGE][INFO] - Appium server started on port 56.769

2023-05-18 10:42:32 - [MESSAGE][PASSED] - Started app at: 'C:\Users\Testing\Desktop\katalon\Version nueva\app-debug (2).apk'

2023-05-18 10:42:32 - [TEST_STEP][PASSED] - verifyElementText(findTestObject("Object Repository/CPNTUTORIAL/android.widget.FrameLayout (1)"), ""): Actual text and expected text of test object 'Object Repository/CPNTUTORIAL/android.widget.FrameLayout (1)' are matched.

2023-05-18 10:42:34 - [MESSAGE][PASSED] - Actual text and expected text of test object 'Object Repository/CPNTUTORIAL/android.widget.FrameLayout (1)' are matched.

2023-05-18 10:42:34 - [TEST_STEP][PASSED] - tap(findTestObject("Object Repository/CPNTUTORIAL/android.widget.TextView - Omitir"), 0): Tapped on element 'Object Repository/CPNTUTORIAL/android.widget.TextView - Omitir'

2023-05-18 10:42:34 - [MESSAGE][WARNING] - Timeout '0' is invalid. Using default page load timeout: '30'

2023-05-18 10:42:34 - [MESSAGE][PASSED] - Tapped on element 'Object Repository/CPNTUTORIAL/android.widget.TextView - Omitir'

2023-05-18 10:42:34 - [TEST_STEP][PASSED] - pressBack(): Press back button successfully

2023-05-18 10:42:35 - [MESSAGE][PASSED] - Press back button successfully

2023-05-18 10:42:35 - [TEST_STEP][PASSED] - tap(findTestObject("Object Repository/CPNTUTORIAL/android.widget.TextView - Siguiente"), 0): Tapped on element 'Object Repository/CPNTUTORIAL/android.widget.TextView - Siguiente'

2023-05-18 10:42:35 - [MESSAGE][WARNING] - Timeout '0' is invalid. Using default page load timeout: '30'

2023-05-18 10:42:36 - [MESSAGE][PASSED] - Tapped on element 'Object Repository/CPNTUTORIAL/android.widget.TextView - Siguiente'

2023-05-18 10:42:36 - [TEST_STEP][PASSED] - verifyElementText(findTestObject("CPNTUTORIAL/android.widget.FrameLayout"), ""): Actual text and expected text of test object 'Object Repository/CPNTUTORIAL/android.widget.FrameLayout' are matched.

2023-05-18 10:42:37 - [MESSAGE][PASSED] - Actual text and expected text of test object 'Object Repository/CPNTUTORIAL/android.widget.FrameLayout' are matched.

2023-05-18 10:42:37 - [TEST_STEP][PASSED] - tap(findTestObject("Object Repository/CPNTUTORIAL/android.widget.TextView - Siguiente (1)"), 0): Tapped on element 'Object Repository/CPNTUTORIAL/android.widget.TextView - Siguiente (1)'

2023-05-18 10:42:37 - [MESSAGE][WARNING] - Timeout '0' is invalid. Using default page load timeout: '30'

2023-05-18 10:42:38 - [MESSAGE][PASSED] - Tapped on element 'Object Repository/CPNTUTORIAL/android.widget.TextView - Siguiente (1)'

2023-05-18 10:42:38 - [TEST_STEP][PASSED] - verifyElementText(findTestObject("CPNTUTORIAL/android.widget.FrameLayout"), ""): Actual text and expected text of test object 'Object Repository/CPNTUTORIAL/android.widget.FrameLayout' are matched.

2023-05-18 10:42:38 - [MESSAGE][PASSED] - Actual text and expected text of test object 'Object Repository/CPNTUTORIAL/android.widget.FrameLayout' are matched.

2023-05-18 10:42:38 - [TEST_STEP][PASSED] - tap(findTestObject("CPNTUTORIAL/android.widget.TextView - Siguiente (1)"), 0): Tapped on element 'Object Repository/CPNTUTORIAL/android.widget.TextView - Siguiente (1)'

2023-05-18 10:42:38 - [MESSAGE][WARNING] - Timeout '0' is invalid. Using default page load timeout: '30'

2023-05-18 10:42:39 - [MESSAGE][PASSED] - Tapped on element 'Object Repository/CPNTUTORIAL/android.widget.TextView - Siguiente (1)'

2023-05-18 10:42:39 - [TEST_STEP][PASSED] - tap(findTestObject("CPNTUTORIAL/android.widget.TextView - Siguiente (1)"), 0): Tapped on element 'Object Repository/CPNTUTORIAL/android.widget.TextView - Siguiente (1)'

2023-05-18 10:42:39 - [MESSAGE][WARNING] - Timeout '0' is invalid. Using default page load timeout: '30'

2023-05-18 10:42:40 - [MESSAGE][PASSED] - Tapped on element 'Object Repository/CPNTUTORIAL/android.widget.TextView - Siguiente (1)'

2023-05-18 10:42:40 - [TEST_STEP][PASSED] - verifyElementText(findTestObject("CPNTUTORIAL/android.widget.FrameLayout"), ""): Actual text and expected text of test object 'Object Repository/CPNTUTORIAL/android.widget.FrameLayout' are matched.

2023-05-18 10:42:41 - [MESSAGE][PASSED] - Actual text and expected text of test object 'Object Repository/CPNTUTORIAL/android.widget.FrameLayout' are matched.

2023-05-18 10:42:41 - [TEST_STEP][PASSED] - tap(findTestObject("CPNTUTORIAL/android.widget.TextView - Siguiente (1)"), 0): Tapped on element 'Object Repository/CPNTUTORIAL/android.widget.TextView - Siguiente (1)'

2023-05-18 10:42:41 - [MESSAGE][WARNING] - Timeout '0' is invalid. Using default page load timeout: '30'

2023-05-18 10:42:41 - [MESSAGE][PASSED] - Tapped on element 'Object Repository/CPNTUTORIAL/android.widget.TextView - Siguiente (1)'

2023-05-18 10:42:41 - [TEST_STEP][PASSED] - verifyElementText(findTestObject("CPNTUTORIAL/android.widget.FrameLayout"), ""): Actual text and expected text of test object 'Object Repository/CPNTUTORIAL/android.widget.FrameLayout' are matched.

2023-05-18 10:42:42 - [MESSAGE][PASSED] - Actual text and expected text of test object 'Object Repository/CPNTUTORIAL/android.widget.FrameLayout' are matched.

2023-05-18 10:42:42 - [TEST_STEP][PASSED] - tap(findTestObject("Object Repository/CPNTUTORIAL/android.widget.TextView - Empezar"), 0): Tapped on element 'Object Repository/CPNTUTORIAL/android.widget.TextView - Empezar'

2023-05-18 10:42:42 - [MESSAGE][WARNING] - Timeout '0' is invalid. Using default page load timeout: '30'

2023-05-18 10:42:42 - [MESSAGE][PASSED] - Tapped on element 'Object Repository/CPNTUTORIAL/android.widget.TextView - Empezar']]></system-out>
         <system-err><![CDATA[]]></system-err>
      </testcase>
      <testcase name="Test Cases/CPN21" time="23.617" classname="Test Cases/CPN21" status="PASSED">
         <system-out><![CDATA[2023-05-18 10:42:42 - [TEST_CASE][PASSED] - Test Cases/CPN21: Test Cases/CPN21

2023-05-18 10:42:43 - [TEST_STEP][PASSED] - tap(findTestObject("Object Repository/CPN21/android.widget.TextView - Iniciar sesin"), 0): Tapped on element 'Object Repository/CPN21/android.widget.TextView - Iniciar sesin'

2023-05-18 10:42:43 - [MESSAGE][WARNING] - Timeout '0' is invalid. Using default page load timeout: '30'

2023-05-18 10:42:43 - [MESSAGE][PASSED] - Tapped on element 'Object Repository/CPN21/android.widget.TextView - Iniciar sesin'

2023-05-18 10:42:43 - [TEST_STEP][PASSED] - verifyElementText(findTestObject("Object Repository/CPN21/android.widget.TextView - Recuperar Cuenta"), "Recuperar Cuenta"): Actual text and expected text of test object 'Object Repository/CPN21/android.widget.TextView - Recuperar Cuenta' are matched.

2023-05-18 10:42:45 - [MESSAGE][PASSED] - Actual text and expected text of test object 'Object Repository/CPN21/android.widget.TextView - Recuperar Cuenta' are matched.

2023-05-18 10:42:45 - [TEST_STEP][PASSED] - tap(findTestObject("Object Repository/CPN21/android.widget.EditText - Apodo"), 0): Tapped on element 'Object Repository/CPN21/android.widget.EditText - Apodo'

2023-05-18 10:42:45 - [MESSAGE][WARNING] - Timeout '0' is invalid. Using default page load timeout: '30'

2023-05-18 10:42:46 - [MESSAGE][PASSED] - Tapped on element 'Object Repository/CPN21/android.widget.EditText - Apodo'

2023-05-18 10:42:46 - [TEST_STEP][PASSED] - setText(findTestObject("Object Repository/CPN21/android.widget.EditText - Apodo (1)"), "AUTOMATIZACION", 0): Text 'AUTOMATIZACION' has been set to element 'Object Repository/CPN21/android.widget.EditText - Apodo (1)'

2023-05-18 10:42:46 - [MESSAGE][WARNING] - Timeout '0' is invalid. Using default page load timeout: '30'

2023-05-18 10:42:49 - [MESSAGE][PASSED] - Text 'AUTOMATIZACION' has been set to element 'Object Repository/CPN21/android.widget.EditText - Apodo (1)'

2023-05-18 10:42:49 - [TEST_STEP][PASSED] - hideKeyboard(): Keyboard is hidden

2023-05-18 10:42:52 - [MESSAGE][PASSED] - Keyboard is hidden

2023-05-18 10:42:52 - [TEST_STEP][PASSED] - tap(findTestObject("Object Repository/CPN21/android.widget.Button - Recuperar"), 0): Tapped on element 'Object Repository/CPN21/android.widget.Button - Recuperar'

2023-05-18 10:42:52 - [MESSAGE][WARNING] - Timeout '0' is invalid. Using default page load timeout: '30'

2023-05-18 10:42:52 - [MESSAGE][PASSED] - Tapped on element 'Object Repository/CPN21/android.widget.Button - Recuperar'

2023-05-18 10:42:52 - [TEST_STEP][PASSED] - tap(findTestObject("Object Repository/CPN21/android.widget.RadioButton - No eleg esta pregunta"), 0): Tapped on element 'Object Repository/CPN21/android.widget.RadioButton - No eleg esta pregunta'

2023-05-18 10:42:52 - [MESSAGE][WARNING] - Timeout '0' is invalid. Using default page load timeout: '30'

2023-05-18 10:42:55 - [MESSAGE][PASSED] - Tapped on element 'Object Repository/CPN21/android.widget.RadioButton - No eleg esta pregunta'

2023-05-18 10:42:55 - [TEST_STEP][PASSED] - tap(findTestObject("Object Repository/CPN21/android.widget.Button - Siguiente"), 0): Tapped on element 'Object Repository/CPN21/android.widget.Button - Siguiente'

2023-05-18 10:42:55 - [MESSAGE][WARNING] - Timeout '0' is invalid. Using default page load timeout: '30'

2023-05-18 10:42:56 - [MESSAGE][PASSED] - Tapped on element 'Object Repository/CPN21/android.widget.Button - Siguiente'

2023-05-18 10:42:56 - [TEST_STEP][PASSED] - tap(findTestObject("Object Repository/CPN21/android.widget.Button - Siguiente (1)"), 0): Tapped on element 'Object Repository/CPN21/android.widget.Button - Siguiente (1)'

2023-05-18 10:42:56 - [MESSAGE][WARNING] - Timeout '0' is invalid. Using default page load timeout: '30'

2023-05-18 10:42:57 - [MESSAGE][PASSED] - Tapped on element 'Object Repository/CPN21/android.widget.Button - Siguiente (1)'

2023-05-18 10:42:57 - [TEST_STEP][PASSED] - tap(findTestObject("Object Repository/CPN21/android.widget.RadioGroup"), 0): Tapped on element 'Object Repository/CPN21/android.widget.RadioGroup'

2023-05-18 10:42:57 - [MESSAGE][WARNING] - Timeout '0' is invalid. Using default page load timeout: '30'

2023-05-18 10:42:58 - [MESSAGE][PASSED] - Tapped on element 'Object Repository/CPN21/android.widget.RadioGroup'

2023-05-18 10:42:58 - [TEST_STEP][PASSED] - tap(findTestObject("CPN21/android.widget.Button - Siguiente (1)"), 0): Tapped on element 'Object Repository/CPN21/android.widget.Button - Siguiente (1)'

2023-05-18 10:42:58 - [MESSAGE][WARNING] - Timeout '0' is invalid. Using default page load timeout: '30'

2023-05-18 10:42:59 - [MESSAGE][PASSED] - Tapped on element 'Object Repository/CPN21/android.widget.Button - Siguiente (1)'

2023-05-18 10:42:59 - [TEST_STEP][PASSED] - tap(findTestObject("Object Repository/CPN21/android.widget.RadioGroup (1)"), 0): Tapped on element 'Object Repository/CPN21/android.widget.RadioGroup (1)'

2023-05-18 10:42:59 - [MESSAGE][WARNING] - Timeout '0' is invalid. Using default page load timeout: '30'

2023-05-18 10:43:00 - [MESSAGE][PASSED] - Tapped on element 'Object Repository/CPN21/android.widget.RadioGroup (1)'

2023-05-18 10:43:00 - [TEST_STEP][PASSED] - tap(findTestObject("CPN21/android.widget.Button - Siguiente (1)"), 0): Tapped on element 'Object Repository/CPN21/android.widget.Button - Siguiente (1)'

2023-05-18 10:43:00 - [MESSAGE][WARNING] - Timeout '0' is invalid. Using default page load timeout: '30'

2023-05-18 10:43:01 - [MESSAGE][PASSED] - Tapped on element 'Object Repository/CPN21/android.widget.Button - Siguiente (1)'

2023-05-18 10:43:01 - [TEST_STEP][PASSED] - tap(findTestObject("CPN21/android.widget.Button - Siguiente (1)"), 0): Tapped on element 'Object Repository/CPN21/android.widget.Button - Siguiente (1)'

2023-05-18 10:43:01 - [MESSAGE][WARNING] - Timeout '0' is invalid. Using default page load timeout: '30'

2023-05-18 10:43:01 - [MESSAGE][PASSED] - Tapped on element 'Object Repository/CPN21/android.widget.Button - Siguiente (1)'

2023-05-18 10:43:01 - [TEST_STEP][PASSED] - tap(findTestObject("CPN21/android.widget.RadioGroup (1)"), 0): Tapped on element 'Object Repository/CPN21/android.widget.RadioGroup (1)'

2023-05-18 10:43:01 - [MESSAGE][WARNING] - Timeout '0' is invalid. Using default page load timeout: '30'

2023-05-18 10:43:02 - [MESSAGE][PASSED] - Tapped on element 'Object Repository/CPN21/android.widget.RadioGroup (1)'

2023-05-18 10:43:02 - [TEST_STEP][PASSED] - tap(findTestObject("CPN21/android.widget.Button - Siguiente (1)"), 0): Tapped on element 'Object Repository/CPN21/android.widget.Button - Siguiente (1)'

2023-05-18 10:43:02 - [MESSAGE][WARNING] - Timeout '0' is invalid. Using default page load timeout: '30'

2023-05-18 10:43:03 - [MESSAGE][PASSED] - Tapped on element 'Object Repository/CPN21/android.widget.Button - Siguiente (1)'

2023-05-18 10:43:03 - [TEST_STEP][PASSED] - tap(findTestObject("CPN21/android.widget.RadioGroup (1)"), 0): Tapped on element 'Object Repository/CPN21/android.widget.RadioGroup (1)'

2023-05-18 10:43:03 - [MESSAGE][WARNING] - Timeout '0' is invalid. Using default page load timeout: '30'

2023-05-18 10:43:03 - [MESSAGE][PASSED] - Tapped on element 'Object Repository/CPN21/android.widget.RadioGroup (1)'

2023-05-18 10:43:03 - [TEST_STEP][PASSED] - tap(findTestObject("Object Repository/CPN21/android.widget.Button - Finalizar"), 0): Tapped on element 'Object Repository/CPN21/android.widget.Button - Finalizar'

2023-05-18 10:43:03 - [MESSAGE][WARNING] - Timeout '0' is invalid. Using default page load timeout: '30'

2023-05-18 10:43:04 - [MESSAGE][PASSED] - Tapped on element 'Object Repository/CPN21/android.widget.Button - Finalizar'

2023-05-18 10:43:04 - [TEST_STEP][PASSED] - verifyElementVisible(findTestObject("Object Repository/CPN21/androidx.appcompat.widget.LinearLayoutCompat"), 0): Element 'Object Repository/CPN21/androidx.appcompat.widget.LinearLayoutCompat' is visible

2023-05-18 10:43:04 - [MESSAGE][WARNING] - Timeout '0' is invalid. Using default page load timeout: '30'

2023-05-18 10:43:06 - [MESSAGE][PASSED] - Element 'Object Repository/CPN21/androidx.appcompat.widget.LinearLayoutCompat' is visible

2023-05-18 10:43:06 - [TEST_STEP][PASSED] - tap(findTestObject("Object Repository/CPN21/android.widget.Button - Cerrar"), 0): Tapped on element 'Object Repository/CPN21/android.widget.Button - Cerrar'

2023-05-18 10:43:06 - [MESSAGE][WARNING] - Timeout '0' is invalid. Using default page load timeout: '30'

2023-05-18 10:43:06 - [MESSAGE][PASSED] - Tapped on element 'Object Repository/CPN21/android.widget.Button - Cerrar']]></system-out>
         <system-err><![CDATA[]]></system-err>
      </testcase>
      <testcase name="Test Cases/INICIA_SESION_APODO_EXISTENTE/CPN22" time="20.487" classname="Test Cases/INICIA_SESION_APODO_EXISTENTE/CPN22" status="PASSED">
         <system-out><![CDATA[2023-05-18 10:43:06 - [TEST_CASE][PASSED] - Test Cases/INICIA_SESION_APODO_EXISTENTE/CPN22: Test Cases/INICIA_SESION_APODO_EXISTENTE/CPN22

2023-05-18 10:43:06 - [TEST_STEP][PASSED] - tap(findTestObject("Object Repository/INICIA_SESION_APODO_EXISTENTE/CPN22/android.widget.EditText - Apodo"), 0): Tapped on element 'Object Repository/INICIA_SESION_APODO_EXISTENTE/CPN22/android.widget.EditText - Apodo'

2023-05-18 10:43:06 - [MESSAGE][WARNING] - Timeout '0' is invalid. Using default page load timeout: '30'

2023-05-18 10:43:09 - [MESSAGE][PASSED] - Tapped on element 'Object Repository/INICIA_SESION_APODO_EXISTENTE/CPN22/android.widget.EditText - Apodo'

2023-05-18 10:43:09 - [TEST_STEP][PASSED] - setText(findTestObject("Object Repository/INICIA_SESION_APODO_EXISTENTE/CPN22/android.widget.EditText - Apodo (1)"), "angello16", 0): Text 'angello16' has been set to element 'Object Repository/INICIA_SESION_APODO_EXISTENTE/CPN22/android.widget.EditText - Apodo (1)'

2023-05-18 10:43:09 - [MESSAGE][WARNING] - Timeout '0' is invalid. Using default page load timeout: '30'

2023-05-18 10:43:10 - [MESSAGE][PASSED] - Text 'angello16' has been set to element 'Object Repository/INICIA_SESION_APODO_EXISTENTE/CPN22/android.widget.EditText - Apodo (1)'

2023-05-18 10:43:10 - [TEST_STEP][PASSED] - hideKeyboard(): Keyboard is hidden

2023-05-18 10:43:12 - [MESSAGE][PASSED] - Keyboard is hidden

2023-05-18 10:43:12 - [TEST_STEP][PASSED] - tap(findTestObject("Object Repository/INICIA_SESION_APODO_EXISTENTE/CPN22/android.widget.Button - Recuperar"), 0): Tapped on element 'Object Repository/INICIA_SESION_APODO_EXISTENTE/CPN22/android.widget.Button - Recuperar'

2023-05-18 10:43:13 - [MESSAGE][WARNING] - Timeout '0' is invalid. Using default page load timeout: '30'

2023-05-18 10:43:13 - [MESSAGE][PASSED] - Tapped on element 'Object Repository/INICIA_SESION_APODO_EXISTENTE/CPN22/android.widget.Button - Recuperar'

2023-05-18 10:43:13 - [TEST_STEP][PASSED] - tap(findTestObject("INICIA_SESION_APODO_EXISTENTE/CPN22/android.widget.RadioGroup"), 0): Tapped on element 'Object Repository/INICIA_SESION_APODO_EXISTENTE/CPN22/android.widget.RadioGroup'

2023-05-18 10:43:13 - [MESSAGE][WARNING] - Timeout '0' is invalid. Using default page load timeout: '30'

2023-05-18 10:43:14 - [MESSAGE][PASSED] - Tapped on element 'Object Repository/INICIA_SESION_APODO_EXISTENTE/CPN22/android.widget.RadioGroup'

2023-05-18 10:43:14 - [TEST_STEP][PASSED] - tap(findTestObject("Object Repository/INICIA_SESION_APODO_EXISTENTE/CPN22/android.widget.Button - Siguiente"), 0): Tapped on element 'Object Repository/INICIA_SESION_APODO_EXISTENTE/CPN22/android.widget.Button - Siguiente'

2023-05-18 10:43:14 - [MESSAGE][WARNING] - Timeout '0' is invalid. Using default page load timeout: '30'

2023-05-18 10:43:15 - [MESSAGE][PASSED] - Tapped on element 'Object Repository/INICIA_SESION_APODO_EXISTENTE/CPN22/android.widget.Button - Siguiente'

2023-05-18 10:43:15 - [TEST_STEP][PASSED] - tap(findTestObject("Object Repository/INICIA_SESION_APODO_EXISTENTE/CPN22/android.widget.Button - Siguiente (1)"), 0): Tapped on element 'Object Repository/INICIA_SESION_APODO_EXISTENTE/CPN22/android.widget.Button - Siguiente (1)'

2023-05-18 10:43:15 - [MESSAGE][WARNING] - Timeout '0' is invalid. Using default page load timeout: '30'

2023-05-18 10:43:16 - [MESSAGE][PASSED] - Tapped on element 'Object Repository/INICIA_SESION_APODO_EXISTENTE/CPN22/android.widget.Button - Siguiente (1)'

2023-05-18 10:43:16 - [TEST_STEP][PASSED] - tap(findTestObject("Object Repository/INICIA_SESION_APODO_EXISTENTE/CPN22/android.widget.RadioGroup (1)"), 0): Tapped on element 'Object Repository/INICIA_SESION_APODO_EXISTENTE/CPN22/android.widget.RadioGroup (1)'

2023-05-18 10:43:16 - [MESSAGE][WARNING] - Timeout '0' is invalid. Using default page load timeout: '30'

2023-05-18 10:43:16 - [MESSAGE][PASSED] - Tapped on element 'Object Repository/INICIA_SESION_APODO_EXISTENTE/CPN22/android.widget.RadioGroup (1)'

2023-05-18 10:43:16 - [TEST_STEP][PASSED] - tap(findTestObject("INICIA_SESION_APODO_EXISTENTE/CPN22/android.widget.Button - Siguiente (1)"), 0): Tapped on element 'Object Repository/INICIA_SESION_APODO_EXISTENTE/CPN22/android.widget.Button - Siguiente (1)'

2023-05-18 10:43:16 - [MESSAGE][WARNING] - Timeout '0' is invalid. Using default page load timeout: '30'

2023-05-18 10:43:17 - [MESSAGE][PASSED] - Tapped on element 'Object Repository/INICIA_SESION_APODO_EXISTENTE/CPN22/android.widget.Button - Siguiente (1)'

2023-05-18 10:43:17 - [TEST_STEP][PASSED] - tap(findTestObject("Object Repository/INICIA_SESION_APODO_EXISTENTE/CPN22/android.widget.RadioButton - No eleg esta pregunta"), 0): Tapped on element 'Object Repository/INICIA_SESION_APODO_EXISTENTE/CPN22/android.widget.RadioButton - No eleg esta pregunta'

2023-05-18 10:43:17 - [MESSAGE][WARNING] - Timeout '0' is invalid. Using default page load timeout: '30'

2023-05-18 10:43:18 - [MESSAGE][PASSED] - Tapped on element 'Object Repository/INICIA_SESION_APODO_EXISTENTE/CPN22/android.widget.RadioButton - No eleg esta pregunta'

2023-05-18 10:43:18 - [TEST_STEP][PASSED] - tap(findTestObject("INICIA_SESION_APODO_EXISTENTE/CPN22/android.widget.Button - Siguiente (1)"), 0): Tapped on element 'Object Repository/INICIA_SESION_APODO_EXISTENTE/CPN22/android.widget.Button - Siguiente (1)'

2023-05-18 10:43:18 - [MESSAGE][WARNING] - Timeout '0' is invalid. Using default page load timeout: '30'

2023-05-18 10:43:19 - [MESSAGE][PASSED] - Tapped on element 'Object Repository/INICIA_SESION_APODO_EXISTENTE/CPN22/android.widget.Button - Siguiente (1)'

2023-05-18 10:43:19 - [TEST_STEP][PASSED] - tap(findTestObject("INICIA_SESION_APODO_EXISTENTE/CPN22/android.widget.RadioGroup"), 0): Tapped on element 'Object Repository/INICIA_SESION_APODO_EXISTENTE/CPN22/android.widget.RadioGroup'

2023-05-18 10:43:19 - [MESSAGE][WARNING] - Timeout '0' is invalid. Using default page load timeout: '30'

2023-05-18 10:43:20 - [MESSAGE][PASSED] - Tapped on element 'Object Repository/INICIA_SESION_APODO_EXISTENTE/CPN22/android.widget.RadioGroup'

2023-05-18 10:43:20 - [TEST_STEP][PASSED] - tap(findTestObject("INICIA_SESION_APODO_EXISTENTE/CPN22/android.widget.Button - Siguiente (1)"), 0): Tapped on element 'Object Repository/INICIA_SESION_APODO_EXISTENTE/CPN22/android.widget.Button - Siguiente (1)'

2023-05-18 10:43:20 - [MESSAGE][WARNING] - Timeout '0' is invalid. Using default page load timeout: '30'

2023-05-18 10:43:21 - [MESSAGE][PASSED] - Tapped on element 'Object Repository/INICIA_SESION_APODO_EXISTENTE/CPN22/android.widget.Button - Siguiente (1)'

2023-05-18 10:43:21 - [TEST_STEP][PASSED] - tap(findTestObject("INICIA_SESION_APODO_EXISTENTE/CPN22/android.widget.RadioGroup"), 0): Tapped on element 'Object Repository/INICIA_SESION_APODO_EXISTENTE/CPN22/android.widget.RadioGroup'

2023-05-18 10:43:21 - [MESSAGE][WARNING] - Timeout '0' is invalid. Using default page load timeout: '30'

2023-05-18 10:43:21 - [MESSAGE][PASSED] - Tapped on element 'Object Repository/INICIA_SESION_APODO_EXISTENTE/CPN22/android.widget.RadioGroup'

2023-05-18 10:43:21 - [TEST_STEP][PASSED] - tap(findTestObject("Object Repository/INICIA_SESION_APODO_EXISTENTE/CPN22/android.widget.Button - Finalizar"), 0): Tapped on element 'Object Repository/INICIA_SESION_APODO_EXISTENTE/CPN22/android.widget.Button - Finalizar'

2023-05-18 10:43:22 - [MESSAGE][WARNING] - Timeout '0' is invalid. Using default page load timeout: '30'

2023-05-18 10:43:22 - [MESSAGE][PASSED] - Tapped on element 'Object Repository/INICIA_SESION_APODO_EXISTENTE/CPN22/android.widget.Button - Finalizar'

2023-05-18 10:43:22 - [TEST_STEP][PASSED] - verifyElementVisible(findTestObject("Object Repository/INICIA_SESION_APODO_EXISTENTE/CPN22/androidx.appcompat.widget.LinearLayoutCompat"), 0): Element 'Object Repository/INICIA_SESION_APODO_EXISTENTE/CPN22/androidx.appcompat.widget.LinearLayoutCompat' is visible

2023-05-18 10:43:22 - [MESSAGE][WARNING] - Timeout '0' is invalid. Using default page load timeout: '30'

2023-05-18 10:43:23 - [MESSAGE][PASSED] - Element 'Object Repository/INICIA_SESION_APODO_EXISTENTE/CPN22/androidx.appcompat.widget.LinearLayoutCompat' is visible

2023-05-18 10:43:23 - [TEST_STEP][PASSED] - tap(findTestObject("Object Repository/INICIA_SESION_APODO_EXISTENTE/CPN22/android.widget.Button - Cerrar"), 0): Tapped on element 'Object Repository/INICIA_SESION_APODO_EXISTENTE/CPN22/android.widget.Button - Cerrar'

2023-05-18 10:43:24 - [MESSAGE][WARNING] - Timeout '0' is invalid. Using default page load timeout: '30'

2023-05-18 10:43:24 - [MESSAGE][PASSED] - Tapped on element 'Object Repository/INICIA_SESION_APODO_EXISTENTE/CPN22/android.widget.Button - Cerrar'

2023-05-18 10:43:24 - [TEST_STEP][PASSED] - closeApplication(): Close app successfully

2023-05-18 10:43:26 - [MESSAGE][PASSED] - Close app successfully]]></system-out>
         <system-err><![CDATA[]]></system-err>
      </testcase>
      <system-out><![CDATA[2023-05-18 10:41:50 - [TEST_SUITE][PASSED] - Iniciar: Test Cases/INICIA_SESION_APODO_EXISTENTE/CPN22]]></system-out>
      <system-err><![CDATA[]]></system-err>
   </testsuite>
</testsuites>
