<?xml version="1.0" encoding="UTF-8"?>
<testsuites name="Crear_usuario" time="106.994" tests="2" failures="0" errors="0">
   <testsuite name="Crear_usuario" tests="2" failures="0" errors="0" time="106.994" skipped="0" timestamp="2023-07-26 12:12:59" hostname="Testing - DESKTOP-OBIGNLU" id="Test Suites/Crear_usuario">
      <properties>
         <property name="deviceName" value="samsung SM-A107M (Android 11)"/>
         <property name="devicePlatform" value=""/>
         <property name="logFolder" value="C:\\Users\\Testing\\Katalon Studio\\NN_Version2\\Reports\\20230726_121250\\Crear_usuario\\20230726_121250"/>
         <property name="logFiles" value="C:\\Users\\Testing\\Katalon Studio\\NN_Version2\\Reports\\20230726_121250\\Crear_usuario\\20230726_121250\\appium.log, C:\\Users\\Testing\\Katalon Studio\\NN_Version2\\Reports\\20230726_121250\\Crear_usuario\\20230726_121250\\execution0.log"/>
         <property name="attachments" value=""/>
         <property name="hostName" value="Testing - DESKTOP-OBIGNLU"/>
         <property name="os" value="Windows 10 64bit"/>
         <property name="appiumServerStatus" value="{&quot;value&quot;:{&quot;build&quot;:{&quot;version&quot;:&quot;1.22.3&quot;}},&quot;sessionId&quot;:null,&quot;status&quot;:0}"/>
         <property name="katalonVersion" value="8.6.5.208"/>
         <property name="deviceOS" value="Android"/>
         <property name="appiumVersion" value="1.22.3"/>
         <property name="deviceModel" value="SM-A107M"/>
         <property name="hostAddress" value="192.168.1.4"/>
         <property name="deviceManufacturer" value="samsung"/>
         <property name="deviceId" value="R9WN40KBXDJ"/>
         <property name="deviceName" value="samsung SM-A107M (Android 11)"/>
         <property name="deviceOSVersion" value="11"/>
      </properties>
      <testcase name="Test Cases/ingreso para prueba" time="61.73" classname="Test Cases/ingreso para prueba" status="PASSED">
         <system-out><![CDATA[2023-07-26 12:12:59 - [TEST_CASE][PASSED] - Test Cases/ingreso para prueba: Test Cases/ingreso para prueba

2023-07-26 12:13:00 - [TEST_STEP][PASSED] - startApplication("C:\Users\Testing\Desktop\katalon\Version QA ACTUALIZADA 25-07-23\app-qa.apk", true): Started app at: 'C:\Users\Testing\Desktop\katalon\Version QA ACTUALIZADA 25-07-23\app-qa.apk'

2023-07-26 12:13:00 - [MESSAGE][INFO] - User set preference: ['deviceId', '']

2023-07-26 12:13:00 - [MESSAGE][INFO] - Detected NodeJS location: "C:\Program Files\nodejs\node.exe"

2023-07-26 12:13:02 - [MESSAGE][INFO] - Appium server started on port 56.165

2023-07-26 12:13:36 - [MESSAGE][PASSED] - Started app at: 'C:\Users\Testing\Desktop\katalon\Version QA ACTUALIZADA 25-07-23\app-qa.apk'

2023-07-26 12:13:36 - [TEST_STEP][PASSED] - tap(findTestObject("Object Repository/Parte1/ingreso solo prueba/android.widget.TextView - Omitir"), 0): Tapped on element 'Object Repository/Parte1/ingreso solo prueba/android.widget.TextView - Omitir'

2023-07-26 12:13:36 - [MESSAGE][WARNING] - Timeout '0' is invalid. Using default page load timeout: '30'

2023-07-26 12:13:37 - [MESSAGE][PASSED] - Tapped on element 'Object Repository/Parte1/ingreso solo prueba/android.widget.TextView - Omitir'

2023-07-26 12:13:37 - [TEST_STEP][PASSED] - tap(findTestObject("Object Repository/Parte1/ingreso solo prueba/android.widget.Button - Crear Cuenta"), 0): Tapped on element 'Object Repository/Parte1/ingreso solo prueba/android.widget.Button - Crear Cuenta'

2023-07-26 12:13:37 - [MESSAGE][WARNING] - Timeout '0' is invalid. Using default page load timeout: '30'

2023-07-26 12:13:38 - [MESSAGE][PASSED] - Tapped on element 'Object Repository/Parte1/ingreso solo prueba/android.widget.Button - Crear Cuenta'

2023-07-26 12:13:38 - [TEST_STEP][PASSED] - tap(findTestObject("Object Repository/Parte1/ingreso solo prueba/android.widget.Button - Enviar cdigo de registro"), 0): Tapped on element 'Object Repository/Parte1/ingreso solo prueba/android.widget.Button - Enviar cdigo de registro'

2023-07-26 12:13:38 - [MESSAGE][WARNING] - Timeout '0' is invalid. Using default page load timeout: '30'

2023-07-26 12:13:40 - [MESSAGE][PASSED] - Tapped on element 'Object Repository/Parte1/ingreso solo prueba/android.widget.Button - Enviar cdigo de registro'

2023-07-26 12:13:40 - [TEST_STEP][PASSED] - tap(findTestObject("Object Repository/Parte1/ingreso solo prueba/android.widget.Button - Continuar"), 0): Tapped on element 'Object Repository/Parte1/ingreso solo prueba/android.widget.Button - Continuar'

2023-07-26 12:13:40 - [MESSAGE][WARNING] - Timeout '0' is invalid. Using default page load timeout: '30'

2023-07-26 12:13:46 - [MESSAGE][PASSED] - Tapped on element 'Object Repository/Parte1/ingreso solo prueba/android.widget.Button - Continuar'

2023-07-26 12:13:46 - [TEST_STEP][PASSED] - setText(findTestObject("Object Repository/Parte1/ingreso solo prueba/android.widget.EditText - Apodo"), "libre024", 0): Text 'libre024' has been set to element 'Object Repository/Parte1/ingreso solo prueba/android.widget.EditText - Apodo'

2023-07-26 12:13:46 - [MESSAGE][WARNING] - Timeout '0' is invalid. Using default page load timeout: '30'

2023-07-26 12:13:51 - [MESSAGE][PASSED] - Text 'libre024' has been set to element 'Object Repository/Parte1/ingreso solo prueba/android.widget.EditText - Apodo'

2023-07-26 12:13:51 - [TEST_STEP][PASSED] - tap(findTestObject("Object Repository/Parte1/ingreso solo prueba/android.widget.Button - Siguiente"), 0): Tapped on element 'Object Repository/Parte1/ingreso solo prueba/android.widget.Button - Siguiente'

2023-07-26 12:13:51 - [MESSAGE][WARNING] - Timeout '0' is invalid. Using default page load timeout: '30'

2023-07-26 12:13:52 - [MESSAGE][PASSED] - Tapped on element 'Object Repository/Parte1/ingreso solo prueba/android.widget.Button - Siguiente'

2023-07-26 12:13:52 - [TEST_STEP][PASSED] - setText(findTestObject("Object Repository/Parte1/ingreso solo prueba/android.widget.EditText - Pin de Acceso"), "0000", 0): Text '0000' has been set to element 'Object Repository/Parte1/ingreso solo prueba/android.widget.EditText - Pin de Acceso'

2023-07-26 12:13:52 - [MESSAGE][WARNING] - Timeout '0' is invalid. Using default page load timeout: '30'

2023-07-26 12:13:55 - [MESSAGE][PASSED] - Text '0000' has been set to element 'Object Repository/Parte1/ingreso solo prueba/android.widget.EditText - Pin de Acceso'

2023-07-26 12:13:55 - [TEST_STEP][PASSED] - setText(findTestObject("Object Repository/Parte1/ingreso solo prueba/android.widget.EditText - Confirmar nuevo pin de acceso"), "0000", 0): Text '0000' has been set to element 'Object Repository/Parte1/ingreso solo prueba/android.widget.EditText - Confirmar nuevo pin de acceso'

2023-07-26 12:13:56 - [MESSAGE][WARNING] - Timeout '0' is invalid. Using default page load timeout: '30'

2023-07-26 12:13:58 - [MESSAGE][PASSED] - Text '0000' has been set to element 'Object Repository/Parte1/ingreso solo prueba/android.widget.EditText - Confirmar nuevo pin de acceso'

2023-07-26 12:13:58 - [TEST_STEP][PASSED] - tap(findTestObject("Object Repository/Parte1/ingreso solo prueba/android.widget.Button - Crear Cuenta (1)"), 0): Tapped on element 'Object Repository/Parte1/ingreso solo prueba/android.widget.Button - Crear Cuenta (1)'

2023-07-26 12:13:58 - [MESSAGE][WARNING] - Timeout '0' is invalid. Using default page load timeout: '30'

2023-07-26 12:13:59 - [MESSAGE][PASSED] - Tapped on element 'Object Repository/Parte1/ingreso solo prueba/android.widget.Button - Crear Cuenta (1)'

2023-07-26 12:13:59 - [TEST_STEP][PASSED] - delay(2, CONTINUE_ON_FAILURE): Delayed 2 second(s)

2023-07-26 12:14:01 - [MESSAGE][PASSED] - Delayed 2 second(s)]]></system-out>
         <system-err><![CDATA[]]></system-err>
      </testcase>
      <testcase name="Test Cases/CPN208" time="44.987" classname="Test Cases/CPN208" status="PASSED">
         <system-out><![CDATA[2023-07-26 12:14:01 - [TEST_CASE][PASSED] - Test Cases/CPN208: Test Cases/CPN208

2023-07-26 12:14:01 - [TEST_STEP][PASSED] - tap(findTestObject("Parte2/Ajustes cuenta/Chats/android.widget.FrameLayout"), 0): Tapped on element 'Object Repository/Parte2/Ajustes cuenta/Chats/android.widget.FrameLayout'

2023-07-26 12:14:01 - [MESSAGE][WARNING] - Timeout '0' is invalid. Using default page load timeout: '30'

2023-07-26 12:14:03 - [MESSAGE][PASSED] - Tapped on element 'Object Repository/Parte2/Ajustes cuenta/Chats/android.widget.FrameLayout'

2023-07-26 12:14:03 - [TEST_STEP][PASSED] - tap(findTestObject("Parte2/Ajustes cuenta/Chats/android.widget.LinearLayout"), 0): Tapped on element 'Object Repository/Parte2/Ajustes cuenta/Chats/android.widget.LinearLayout'

2023-07-26 12:14:03 - [MESSAGE][WARNING] - Timeout '0' is invalid. Using default page load timeout: '30'

2023-07-26 12:14:04 - [MESSAGE][PASSED] - Tapped on element 'Object Repository/Parte2/Ajustes cuenta/Chats/android.widget.LinearLayout'

2023-07-26 12:14:04 - [TEST_STEP][PASSED] - tap(findTestObject("Parte2/Ajustes cuenta/Chats/android.widget.LinearLayout (1)"), 0): Tapped on element 'Object Repository/Parte2/Ajustes cuenta/Chats/android.widget.LinearLayout (1)'

2023-07-26 12:14:05 - [MESSAGE][WARNING] - Timeout '0' is invalid. Using default page load timeout: '30'

2023-07-26 12:14:07 - [MESSAGE][PASSED] - Tapped on element 'Object Repository/Parte2/Ajustes cuenta/Chats/android.widget.LinearLayout (1)'

2023-07-26 12:14:07 - [TEST_STEP][PASSED] - tap(findTestObject("Parte2/Ajustes cuenta/Chats/android.widget.LinearLayout (2)"), 0): Tapped on element 'Object Repository/Parte2/Ajustes cuenta/Chats/android.widget.LinearLayout (2)'

2023-07-26 12:14:07 - [MESSAGE][WARNING] - Timeout '0' is invalid. Using default page load timeout: '30'

2023-07-26 12:14:08 - [MESSAGE][PASSED] - Tapped on element 'Object Repository/Parte2/Ajustes cuenta/Chats/android.widget.LinearLayout (2)'

2023-07-26 12:14:08 - [TEST_STEP][PASSED] - verifyElementVisible(findTestObject("Parte2/Ajustes cuenta/Chats/android.widget.ImageButton"), 0): Element 'Object Repository/Parte2/Ajustes cuenta/Chats/android.widget.ImageButton' is visible

2023-07-26 12:14:08 - [MESSAGE][WARNING] - Timeout '0' is invalid. Using default page load timeout: '30'

2023-07-26 12:14:09 - [MESSAGE][PASSED] - Element 'Object Repository/Parte2/Ajustes cuenta/Chats/android.widget.ImageButton' is visible

2023-07-26 12:14:09 - [TEST_STEP][PASSED] - delay(2, CONTINUE_ON_FAILURE): Delayed 2 second(s)

2023-07-26 12:14:11 - [MESSAGE][PASSED] - Delayed 2 second(s)

2023-07-26 12:14:11 - [TEST_STEP][PASSED] - tap(findTestObject("Parte2/Ajustes cuenta/Chats/android.widget.ImageButton"), 0): Tapped on element 'Object Repository/Parte2/Ajustes cuenta/Chats/android.widget.ImageButton'

2023-07-26 12:14:11 - [MESSAGE][WARNING] - Timeout '0' is invalid. Using default page load timeout: '30'

2023-07-26 12:14:12 - [MESSAGE][PASSED] - Tapped on element 'Object Repository/Parte2/Ajustes cuenta/Chats/android.widget.ImageButton'

2023-07-26 12:14:12 - [TEST_STEP][PASSED] - verifyElementVisible(findTestObject("Parte2/Ajustes cuenta/Chats/android.widget.ImageButton"), 0): Element 'Object Repository/Parte2/Ajustes cuenta/Chats/android.widget.ImageButton' is visible

2023-07-26 12:14:12 - [MESSAGE][WARNING] - Timeout '0' is invalid. Using default page load timeout: '30'

2023-07-26 12:14:12 - [MESSAGE][PASSED] - Element 'Object Repository/Parte2/Ajustes cuenta/Chats/android.widget.ImageButton' is visible

2023-07-26 12:14:12 - [TEST_STEP][PASSED] - tap(findTestObject("Object Repository/Parte2/Ajustes cuenta/Chats/android.widget.ImageButton (1)"), 0): Tapped on element 'Object Repository/Parte2/Ajustes cuenta/Chats/android.widget.ImageButton (1)'

2023-07-26 12:14:12 - [MESSAGE][WARNING] - Timeout '0' is invalid. Using default page load timeout: '30'

2023-07-26 12:14:13 - [MESSAGE][PASSED] - Tapped on element 'Object Repository/Parte2/Ajustes cuenta/Chats/android.widget.ImageButton (1)'

2023-07-26 12:14:13 - [TEST_STEP][PASSED] - delay(3, CONTINUE_ON_FAILURE): Delayed 3 second(s)

2023-07-26 12:14:16 - [MESSAGE][PASSED] - Delayed 3 second(s)

2023-07-26 12:14:16 - [TEST_STEP][PASSED] - tap(findTestObject("Object Repository/Parte2/Ajustes cuenta/Chats/android.widget.ImageButton (2)"), 0): Tapped on element 'Object Repository/Parte2/Ajustes cuenta/Chats/android.widget.ImageButton (2)'

2023-07-26 12:14:16 - [MESSAGE][WARNING] - Timeout '0' is invalid. Using default page load timeout: '30'

2023-07-26 12:14:17 - [MESSAGE][PASSED] - Tapped on element 'Object Repository/Parte2/Ajustes cuenta/Chats/android.widget.ImageButton (2)'

2023-07-26 12:14:17 - [TEST_STEP][PASSED] - tap(findTestObject("Parte2/Ajustes cuenta/Chats/android.widget.LinearLayout (1)"), 0): Tapped on element 'Object Repository/Parte2/Ajustes cuenta/Chats/android.widget.LinearLayout (1)'

2023-07-26 12:14:17 - [MESSAGE][WARNING] - Timeout '0' is invalid. Using default page load timeout: '30'

2023-07-26 12:14:18 - [MESSAGE][PASSED] - Tapped on element 'Object Repository/Parte2/Ajustes cuenta/Chats/android.widget.LinearLayout (1)'

2023-07-26 12:14:18 - [TEST_STEP][PASSED] - tap(findTestObject("Parte2/Ajustes cuenta/Chats/android.widget.LinearLayout (2)"), 0): Tapped on element 'Object Repository/Parte2/Ajustes cuenta/Chats/android.widget.LinearLayout (2)'

2023-07-26 12:14:18 - [MESSAGE][WARNING] - Timeout '0' is invalid. Using default page load timeout: '30'

2023-07-26 12:14:19 - [MESSAGE][PASSED] - Tapped on element 'Object Repository/Parte2/Ajustes cuenta/Chats/android.widget.LinearLayout (2)'

2023-07-26 12:14:19 - [TEST_STEP][PASSED] - delay(2, CONTINUE_ON_FAILURE): Delayed 2 second(s)

2023-07-26 12:14:21 - [MESSAGE][PASSED] - Delayed 2 second(s)

2023-07-26 12:14:21 - [TEST_STEP][PASSED] - tap(findTestObject("Parte2/Ajustes cuenta/Chats/android.widget.ImageButton"), 0): Tapped on element 'Object Repository/Parte2/Ajustes cuenta/Chats/android.widget.ImageButton'

2023-07-26 12:14:21 - [MESSAGE][WARNING] - Timeout '0' is invalid. Using default page load timeout: '30'

2023-07-26 12:14:21 - [MESSAGE][PASSED] - Tapped on element 'Object Repository/Parte2/Ajustes cuenta/Chats/android.widget.ImageButton'

2023-07-26 12:14:21 - [TEST_STEP][PASSED] - tap(findTestObject("Parte2/Ajustes cuenta/Chats/android.widget.ImageButton"), 0): Tapped on element 'Object Repository/Parte2/Ajustes cuenta/Chats/android.widget.ImageButton'

2023-07-26 12:14:21 - [MESSAGE][WARNING] - Timeout '0' is invalid. Using default page load timeout: '30'

2023-07-26 12:14:23 - [MESSAGE][PASSED] - Tapped on element 'Object Repository/Parte2/Ajustes cuenta/Chats/android.widget.ImageButton'

2023-07-26 12:14:23 - [TEST_STEP][PASSED] - verifyElementVisible(findTestObject("Parte2/Ajustes cuenta/Chats/android.view.ViewGroup"), 0): Element 'Object Repository/Parte2/Ajustes cuenta/Chats/android.view.ViewGroup' is visible

2023-07-26 12:14:23 - [MESSAGE][WARNING] - Timeout '0' is invalid. Using default page load timeout: '30'

2023-07-26 12:14:23 - [MESSAGE][PASSED] - Element 'Object Repository/Parte2/Ajustes cuenta/Chats/android.view.ViewGroup' is visible

2023-07-26 12:14:23 - [TEST_STEP][PASSED] - tap(findTestObject("Object Repository/Parte2/Ajustes cuenta/Chats/android.widget.ImageButton (1)"), 0): Tapped on element 'Object Repository/Parte2/Ajustes cuenta/Chats/android.widget.ImageButton (1)'

2023-07-26 12:14:23 - [MESSAGE][WARNING] - Timeout '0' is invalid. Using default page load timeout: '30'

2023-07-26 12:14:23 - [MESSAGE][PASSED] - Tapped on element 'Object Repository/Parte2/Ajustes cuenta/Chats/android.widget.ImageButton (1)'

2023-07-26 12:14:23 - [TEST_STEP][PASSED] - delay(3, CONTINUE_ON_FAILURE): Delayed 3 second(s)

2023-07-26 12:14:26 - [MESSAGE][PASSED] - Delayed 3 second(s)

2023-07-26 12:14:26 - [TEST_STEP][PASSED] - tap(findTestObject("Object Repository/Parte2/Ajustes cuenta/Chats/android.widget.ImageButton (2)"), 0): Tapped on element 'Object Repository/Parte2/Ajustes cuenta/Chats/android.widget.ImageButton (2)'

2023-07-26 12:14:26 - [MESSAGE][WARNING] - Timeout '0' is invalid. Using default page load timeout: '30'

2023-07-26 12:14:27 - [MESSAGE][PASSED] - Tapped on element 'Object Repository/Parte2/Ajustes cuenta/Chats/android.widget.ImageButton (2)'

2023-07-26 12:14:27 - [TEST_STEP][PASSED] - tap(findTestObject("Parte2/Ajustes cuenta/Chats/android.widget.LinearLayout (1)"), 0): Tapped on element 'Object Repository/Parte2/Ajustes cuenta/Chats/android.widget.LinearLayout (1)'

2023-07-26 12:14:27 - [MESSAGE][WARNING] - Timeout '0' is invalid. Using default page load timeout: '30'

2023-07-26 12:14:28 - [MESSAGE][PASSED] - Tapped on element 'Object Repository/Parte2/Ajustes cuenta/Chats/android.widget.LinearLayout (1)'

2023-07-26 12:14:28 - [TEST_STEP][PASSED] - tap(findTestObject("Parte2/Ajustes cuenta/Chats/android.widget.LinearLayout (2)"), 0): Tapped on element 'Object Repository/Parte2/Ajustes cuenta/Chats/android.widget.LinearLayout (2)'

2023-07-26 12:14:28 - [MESSAGE][WARNING] - Timeout '0' is invalid. Using default page load timeout: '30'

2023-07-26 12:14:29 - [MESSAGE][PASSED] - Tapped on element 'Object Repository/Parte2/Ajustes cuenta/Chats/android.widget.LinearLayout (2)'

2023-07-26 12:14:29 - [TEST_STEP][PASSED] - delay(2, CONTINUE_ON_FAILURE): Delayed 2 second(s)

2023-07-26 12:14:31 - [MESSAGE][PASSED] - Delayed 2 second(s)

2023-07-26 12:14:31 - [TEST_STEP][PASSED] - tap(findTestObject("Parte2/Ajustes cuenta/Chats/android.widget.ImageButton"), 0): Tapped on element 'Object Repository/Parte2/Ajustes cuenta/Chats/android.widget.ImageButton'

2023-07-26 12:14:31 - [MESSAGE][WARNING] - Timeout '0' is invalid. Using default page load timeout: '30'

2023-07-26 12:14:32 - [MESSAGE][PASSED] - Tapped on element 'Object Repository/Parte2/Ajustes cuenta/Chats/android.widget.ImageButton'

2023-07-26 12:14:32 - [TEST_STEP][PASSED] - tap(findTestObject("Parte2/Ajustes cuenta/Chats/android.widget.ImageButton"), 0): Tapped on element 'Object Repository/Parte2/Ajustes cuenta/Chats/android.widget.ImageButton'

2023-07-26 12:14:32 - [MESSAGE][WARNING] - Timeout '0' is invalid. Using default page load timeout: '30'

2023-07-26 12:14:32 - [MESSAGE][PASSED] - Tapped on element 'Object Repository/Parte2/Ajustes cuenta/Chats/android.widget.ImageButton'

2023-07-26 12:14:32 - [TEST_STEP][PASSED] - tap(findTestObject("Parte2/Ajustes cuenta/Chats/android.widget.ImageButton"), 0): Tapped on element 'Object Repository/Parte2/Ajustes cuenta/Chats/android.widget.ImageButton'

2023-07-26 12:14:32 - [MESSAGE][WARNING] - Timeout '0' is invalid. Using default page load timeout: '30'

2023-07-26 12:14:33 - [MESSAGE][PASSED] - Tapped on element 'Object Repository/Parte2/Ajustes cuenta/Chats/android.widget.ImageButton'

2023-07-26 12:14:33 - [TEST_STEP][PASSED] - verifyElementVisible(findTestObject("Parte2/Ajustes cuenta/Chats/android.widget.ImageButton"), 0): Element 'Object Repository/Parte2/Ajustes cuenta/Chats/android.widget.ImageButton' is visible

2023-07-26 12:14:33 - [MESSAGE][WARNING] - Timeout '0' is invalid. Using default page load timeout: '30'

2023-07-26 12:14:33 - [MESSAGE][PASSED] - Element 'Object Repository/Parte2/Ajustes cuenta/Chats/android.widget.ImageButton' is visible

2023-07-26 12:14:33 - [TEST_STEP][PASSED] - tap(findTestObject("Object Repository/Parte2/Ajustes cuenta/Chats/android.widget.ImageButton (1)"), 0): Tapped on element 'Object Repository/Parte2/Ajustes cuenta/Chats/android.widget.ImageButton (1)'

2023-07-26 12:14:33 - [MESSAGE][WARNING] - Timeout '0' is invalid. Using default page load timeout: '30'

2023-07-26 12:14:33 - [MESSAGE][PASSED] - Tapped on element 'Object Repository/Parte2/Ajustes cuenta/Chats/android.widget.ImageButton (1)'

2023-07-26 12:14:33 - [TEST_STEP][PASSED] - delay(3, CONTINUE_ON_FAILURE): Delayed 3 second(s)

2023-07-26 12:14:37 - [MESSAGE][PASSED] - Delayed 3 second(s)

2023-07-26 12:14:37 - [TEST_STEP][PASSED] - tap(findTestObject("Object Repository/Parte2/Ajustes cuenta/Chats/android.widget.ImageButton (2)"), 0): Tapped on element 'Object Repository/Parte2/Ajustes cuenta/Chats/android.widget.ImageButton (2)'

2023-07-26 12:14:37 - [MESSAGE][WARNING] - Timeout '0' is invalid. Using default page load timeout: '30'

2023-07-26 12:14:37 - [MESSAGE][PASSED] - Tapped on element 'Object Repository/Parte2/Ajustes cuenta/Chats/android.widget.ImageButton (2)'

2023-07-26 12:14:37 - [TEST_STEP][PASSED] - tap(findTestObject("Parte2/Ajustes cuenta/Chats/android.widget.LinearLayout (1)"), 0): Tapped on element 'Object Repository/Parte2/Ajustes cuenta/Chats/android.widget.LinearLayout (1)'

2023-07-26 12:14:37 - [MESSAGE][WARNING] - Timeout '0' is invalid. Using default page load timeout: '30'

2023-07-26 12:14:38 - [MESSAGE][PASSED] - Tapped on element 'Object Repository/Parte2/Ajustes cuenta/Chats/android.widget.LinearLayout (1)'

2023-07-26 12:14:38 - [TEST_STEP][PASSED] - tap(findTestObject("Parte2/Ajustes cuenta/Chats/android.widget.LinearLayout (2)"), 0): Tapped on element 'Object Repository/Parte2/Ajustes cuenta/Chats/android.widget.LinearLayout (2)'

2023-07-26 12:14:38 - [MESSAGE][WARNING] - Timeout '0' is invalid. Using default page load timeout: '30'

2023-07-26 12:14:39 - [MESSAGE][PASSED] - Tapped on element 'Object Repository/Parte2/Ajustes cuenta/Chats/android.widget.LinearLayout (2)'

2023-07-26 12:14:39 - [TEST_STEP][PASSED] - delay(2, CONTINUE_ON_FAILURE): Delayed 2 second(s)

2023-07-26 12:14:41 - [MESSAGE][PASSED] - Delayed 2 second(s)

2023-07-26 12:14:41 - [TEST_STEP][PASSED] - pressBack(): Press back button successfully

2023-07-26 12:14:41 - [MESSAGE][PASSED] - Press back button successfully

2023-07-26 12:14:41 - [TEST_STEP][PASSED] - pressBack(): Press back button successfully

2023-07-26 12:14:42 - [MESSAGE][PASSED] - Press back button successfully

2023-07-26 12:14:42 - [TEST_STEP][PASSED] - tap(findTestObject("Parte2/Ajustes cuenta/Chats/android.widget.FrameLayout (1)"), 0): Tapped on element 'Object Repository/Parte2/Ajustes cuenta/Chats/android.widget.FrameLayout (1)'

2023-07-26 12:14:42 - [MESSAGE][WARNING] - Timeout '0' is invalid. Using default page load timeout: '30'

2023-07-26 12:14:43 - [MESSAGE][PASSED] - Tapped on element 'Object Repository/Parte2/Ajustes cuenta/Chats/android.widget.FrameLayout (1)'

2023-07-26 12:14:43 - [TEST_STEP][PASSED] - delay(3, CONTINUE_ON_FAILURE): Delayed 3 second(s)

2023-07-26 12:14:46 - [MESSAGE][PASSED] - Delayed 3 second(s)]]></system-out>
         <system-err><![CDATA[]]></system-err>
      </testcase>
      <system-out><![CDATA[2023-07-26 12:12:59 - [TEST_SUITE][PASSED] - Crear_usuario: Test Cases/CPN208]]></system-out>
      <system-err><![CDATA[]]></system-err>
   </testsuite>
</testsuites>
