<?xml version="1.0" encoding="UTF-8"?>
<testsuites name="Crear_usuario" time="95.827" tests="2" failures="0" errors="0">
   <testsuite name="Crear_usuario" tests="2" failures="0" errors="0" time="95.827" skipped="0" timestamp="2023-07-28 14:19:02" hostname="Testing - DESKTOP-OBIGNLU" id="Test Suites/Crear_usuario">
      <properties>
         <property name="deviceName" value="samsung SM-A107M (Android 11)"/>
         <property name="devicePlatform" value=""/>
         <property name="logFolder" value="C:\\Users\\Testing\\Katalon Studio\\NN_Version2\\Reports\\20230728_141854\\Crear_usuario\\20230728_141854"/>
         <property name="logFiles" value="C:\\Users\\Testing\\Katalon Studio\\NN_Version2\\Reports\\20230728_141854\\Crear_usuario\\20230728_141854\\appium.log, C:\\Users\\Testing\\Katalon Studio\\NN_Version2\\Reports\\20230728_141854\\Crear_usuario\\20230728_141854\\execution0.log"/>
         <property name="attachments" value=""/>
         <property name="hostName" value="Testing - DESKTOP-OBIGNLU"/>
         <property name="os" value="Windows 10 64bit"/>
         <property name="appiumServerStatus" value="{&quot;value&quot;:{&quot;build&quot;:{&quot;version&quot;:&quot;1.22.3&quot;}},&quot;sessionId&quot;:null,&quot;status&quot;:0}"/>
         <property name="katalonVersion" value="8.6.5.208"/>
         <property name="deviceOS" value="Android"/>
         <property name="appiumVersion" value="1.22.3"/>
         <property name="deviceModel" value="SM-A107M"/>
         <property name="hostAddress" value="192.168.1.7"/>
         <property name="deviceManufacturer" value="samsung"/>
         <property name="deviceId" value="R9WN40KBXDJ"/>
         <property name="deviceName" value="samsung SM-A107M (Android 11)"/>
         <property name="deviceOSVersion" value="11"/>
      </properties>
      <testcase name="Test Cases/ingreso para prueba" time="62.51" classname="Test Cases/ingreso para prueba" status="PASSED">
         <system-out><![CDATA[2023-07-28 14:19:02 - [TEST_CASE][PASSED] - Test Cases/ingreso para prueba: Test Cases/ingreso para prueba

2023-07-28 14:19:03 - [TEST_STEP][PASSED] - startApplication("C:\Users\Testing\Desktop\katalon\Version QA ACTUALIZADA 25-07-23\app-qa.apk", true): Started app at: 'C:\Users\Testing\Desktop\katalon\Version QA ACTUALIZADA 25-07-23\app-qa.apk'

2023-07-28 14:19:03 - [MESSAGE][INFO] - User set preference: ['deviceId', '']

2023-07-28 14:19:03 - [MESSAGE][INFO] - Detected NodeJS location: "C:\Program Files\nodejs\node.exe"

2023-07-28 14:19:05 - [MESSAGE][INFO] - Appium server started on port 63.406

2023-07-28 14:19:39 - [MESSAGE][PASSED] - Started app at: 'C:\Users\Testing\Desktop\katalon\Version QA ACTUALIZADA 25-07-23\app-qa.apk'

2023-07-28 14:19:39 - [TEST_STEP][PASSED] - tap(findTestObject("Object Repository/Parte1/ingreso solo prueba/android.widget.TextView - Omitir"), 0): Tapped on element 'Object Repository/Parte1/ingreso solo prueba/android.widget.TextView - Omitir'

2023-07-28 14:19:39 - [MESSAGE][WARNING] - Timeout '0' is invalid. Using default page load timeout: '30'

2023-07-28 14:19:41 - [MESSAGE][PASSED] - Tapped on element 'Object Repository/Parte1/ingreso solo prueba/android.widget.TextView - Omitir'

2023-07-28 14:19:41 - [TEST_STEP][PASSED] - tap(findTestObject("Object Repository/Parte1/ingreso solo prueba/android.widget.Button - Crear Cuenta"), 0): Tapped on element 'Object Repository/Parte1/ingreso solo prueba/android.widget.Button - Crear Cuenta'

2023-07-28 14:19:41 - [MESSAGE][WARNING] - Timeout '0' is invalid. Using default page load timeout: '30'

2023-07-28 14:19:42 - [MESSAGE][PASSED] - Tapped on element 'Object Repository/Parte1/ingreso solo prueba/android.widget.Button - Crear Cuenta'

2023-07-28 14:19:42 - [TEST_STEP][PASSED] - tap(findTestObject("Object Repository/Parte1/ingreso solo prueba/android.widget.Button - Enviar cdigo de registro"), 0): Tapped on element 'Object Repository/Parte1/ingreso solo prueba/android.widget.Button - Enviar cdigo de registro'

2023-07-28 14:19:42 - [MESSAGE][WARNING] - Timeout '0' is invalid. Using default page load timeout: '30'

2023-07-28 14:19:43 - [MESSAGE][PASSED] - Tapped on element 'Object Repository/Parte1/ingreso solo prueba/android.widget.Button - Enviar cdigo de registro'

2023-07-28 14:19:43 - [TEST_STEP][PASSED] - tap(findTestObject("Object Repository/Parte1/ingreso solo prueba/android.widget.Button - Continuar"), 0): Tapped on element 'Object Repository/Parte1/ingreso solo prueba/android.widget.Button - Continuar'

2023-07-28 14:19:43 - [MESSAGE][WARNING] - Timeout '0' is invalid. Using default page load timeout: '30'

2023-07-28 14:19:50 - [MESSAGE][PASSED] - Tapped on element 'Object Repository/Parte1/ingreso solo prueba/android.widget.Button - Continuar'

2023-07-28 14:19:50 - [TEST_STEP][PASSED] - setText(findTestObject("Object Repository/Parte1/ingreso solo prueba/android.widget.EditText - Apodo"), "libre024", 0): Text 'libre024' has been set to element 'Object Repository/Parte1/ingreso solo prueba/android.widget.EditText - Apodo'

2023-07-28 14:19:51 - [MESSAGE][WARNING] - Timeout '0' is invalid. Using default page load timeout: '30'

2023-07-28 14:19:55 - [MESSAGE][PASSED] - Text 'libre024' has been set to element 'Object Repository/Parte1/ingreso solo prueba/android.widget.EditText - Apodo'

2023-07-28 14:19:55 - [TEST_STEP][PASSED] - tap(findTestObject("Object Repository/Parte1/ingreso solo prueba/android.widget.Button - Siguiente"), 0): Tapped on element 'Object Repository/Parte1/ingreso solo prueba/android.widget.Button - Siguiente'

2023-07-28 14:19:55 - [MESSAGE][WARNING] - Timeout '0' is invalid. Using default page load timeout: '30'

2023-07-28 14:19:56 - [MESSAGE][PASSED] - Tapped on element 'Object Repository/Parte1/ingreso solo prueba/android.widget.Button - Siguiente'

2023-07-28 14:19:56 - [TEST_STEP][PASSED] - setText(findTestObject("Object Repository/Parte1/ingreso solo prueba/android.widget.EditText - Pin de Acceso"), "0000", 0): Text '0000' has been set to element 'Object Repository/Parte1/ingreso solo prueba/android.widget.EditText - Pin de Acceso'

2023-07-28 14:19:56 - [MESSAGE][WARNING] - Timeout '0' is invalid. Using default page load timeout: '30'

2023-07-28 14:19:59 - [MESSAGE][PASSED] - Text '0000' has been set to element 'Object Repository/Parte1/ingreso solo prueba/android.widget.EditText - Pin de Acceso'

2023-07-28 14:19:59 - [TEST_STEP][PASSED] - setText(findTestObject("Object Repository/Parte1/ingreso solo prueba/android.widget.EditText - Confirmar nuevo pin de acceso"), "0000", 0): Text '0000' has been set to element 'Object Repository/Parte1/ingreso solo prueba/android.widget.EditText - Confirmar nuevo pin de acceso'

2023-07-28 14:19:59 - [MESSAGE][WARNING] - Timeout '0' is invalid. Using default page load timeout: '30'

2023-07-28 14:20:02 - [MESSAGE][PASSED] - Text '0000' has been set to element 'Object Repository/Parte1/ingreso solo prueba/android.widget.EditText - Confirmar nuevo pin de acceso'

2023-07-28 14:20:02 - [TEST_STEP][PASSED] - tap(findTestObject("Object Repository/Parte1/ingreso solo prueba/android.widget.Button - Crear Cuenta (1)"), 0): Tapped on element 'Object Repository/Parte1/ingreso solo prueba/android.widget.Button - Crear Cuenta (1)'

2023-07-28 14:20:02 - [MESSAGE][WARNING] - Timeout '0' is invalid. Using default page load timeout: '30'

2023-07-28 14:20:03 - [MESSAGE][PASSED] - Tapped on element 'Object Repository/Parte1/ingreso solo prueba/android.widget.Button - Crear Cuenta (1)'

2023-07-28 14:20:03 - [TEST_STEP][PASSED] - delay(2, CONTINUE_ON_FAILURE): Delayed 2 second(s)

2023-07-28 14:20:05 - [MESSAGE][PASSED] - Delayed 2 second(s)]]></system-out>
         <system-err><![CDATA[]]></system-err>
      </testcase>
      <testcase name="Test Cases/prueba" time="32.967" classname="Test Cases/prueba" status="PASSED">
         <system-out><![CDATA[2023-07-28 14:20:05 - [TEST_CASE][PASSED] - Test Cases/prueba: Test Cases/prueba

2023-07-28 14:20:05 - [TEST_STEP][PASSED] - tap(findTestObject("Object Repository/prueba/android.widget.FrameLayout"), 0): Tapped on element 'Object Repository/prueba/android.widget.FrameLayout'

2023-07-28 14:20:05 - [MESSAGE][WARNING] - Timeout '0' is invalid. Using default page load timeout: '30'

2023-07-28 14:20:06 - [MESSAGE][PASSED] - Tapped on element 'Object Repository/prueba/android.widget.FrameLayout'

2023-07-28 14:20:06 - [TEST_STEP][PASSED] - tap(findTestObject("Object Repository/prueba/android.widget.LinearLayout"), 0): Tapped on element 'Object Repository/prueba/android.widget.LinearLayout'

2023-07-28 14:20:06 - [MESSAGE][WARNING] - Timeout '0' is invalid. Using default page load timeout: '30'

2023-07-28 14:20:08 - [MESSAGE][PASSED] - Tapped on element 'Object Repository/prueba/android.widget.LinearLayout'

2023-07-28 14:20:08 - [TEST_STEP][PASSED] - tap(findTestObject("Object Repository/prueba/android.widget.LinearLayout (1)"), 0): Tapped on element 'Object Repository/prueba/android.widget.LinearLayout (1)'

2023-07-28 14:20:08 - [MESSAGE][WARNING] - Timeout '0' is invalid. Using default page load timeout: '30'

2023-07-28 14:20:10 - [MESSAGE][PASSED] - Tapped on element 'Object Repository/prueba/android.widget.LinearLayout (1)'

2023-07-28 14:20:10 - [TEST_STEP][PASSED] - tap(findTestObject("Object Repository/prueba/android.widget.LinearLayout (2)"), 0): Tapped on element 'Object Repository/prueba/android.widget.LinearLayout (2)'

2023-07-28 14:20:10 - [MESSAGE][WARNING] - Timeout '0' is invalid. Using default page load timeout: '30'

2023-07-28 14:20:11 - [MESSAGE][PASSED] - Tapped on element 'Object Repository/prueba/android.widget.LinearLayout (2)'

2023-07-28 14:20:11 - [TEST_STEP][PASSED] - tap(findTestObject("Object Repository/prueba/android.widget.ImageButton"), 0): Tapped on element 'Object Repository/prueba/android.widget.ImageButton'

2023-07-28 14:20:11 - [MESSAGE][WARNING] - Timeout '0' is invalid. Using default page load timeout: '30'

2023-07-28 14:20:13 - [MESSAGE][PASSED] - Tapped on element 'Object Repository/prueba/android.widget.ImageButton'

2023-07-28 14:20:13 - [TEST_STEP][PASSED] - delay(3, STOP_ON_FAILURE): Delayed 3 second(s)

2023-07-28 14:20:16 - [MESSAGE][PASSED] - Delayed 3 second(s)

2023-07-28 14:20:16 - [TEST_STEP][PASSED] - tap(findTestObject("Object Repository/prueba/android.widget.LinearLayout (3)"), 0): Tapped on element 'Object Repository/prueba/android.widget.LinearLayout (3)'

2023-07-28 14:20:16 - [MESSAGE][WARNING] - Timeout '0' is invalid. Using default page load timeout: '30'

2023-07-28 14:20:16 - [MESSAGE][PASSED] - Tapped on element 'Object Repository/prueba/android.widget.LinearLayout (3)'

2023-07-28 14:20:16 - [TEST_STEP][PASSED] - delay(3, STOP_ON_FAILURE): Delayed 3 second(s)

2023-07-28 14:20:19 - [MESSAGE][PASSED] - Delayed 3 second(s)

2023-07-28 14:20:19 - [TEST_STEP][PASSED] - tap(findTestObject("Object Repository/prueba/android.view.View"), 0): Tapped on element 'Object Repository/prueba/android.view.View'

2023-07-28 14:20:19 - [MESSAGE][WARNING] - Timeout '0' is invalid. Using default page load timeout: '30'

2023-07-28 14:20:20 - [MESSAGE][PASSED] - Tapped on element 'Object Repository/prueba/android.view.View'

2023-07-28 14:20:20 - [TEST_STEP][PASSED] - delay(3, STOP_ON_FAILURE): Delayed 3 second(s)

2023-07-28 14:20:23 - [MESSAGE][PASSED] - Delayed 3 second(s)

2023-07-28 14:20:23 - [TEST_STEP][PASSED] - tap(findTestObject("Object Repository/prueba/android.widget.LinearLayout (4)"), 0): Tapped on element 'Object Repository/prueba/android.widget.LinearLayout (4)'

2023-07-28 14:20:23 - [MESSAGE][WARNING] - Timeout '0' is invalid. Using default page load timeout: '30'

2023-07-28 14:20:23 - [MESSAGE][PASSED] - Tapped on element 'Object Repository/prueba/android.widget.LinearLayout (4)'

2023-07-28 14:20:23 - [TEST_STEP][PASSED] - delay(3, STOP_ON_FAILURE): Delayed 3 second(s)

2023-07-28 14:20:26 - [MESSAGE][PASSED] - Delayed 3 second(s)

2023-07-28 14:20:26 - [TEST_STEP][PASSED] - tap(findTestObject("Object Repository/prueba/android.view.View (1)"), 0): Tapped on element 'Object Repository/prueba/android.view.View (1)'

2023-07-28 14:20:26 - [MESSAGE][WARNING] - Timeout '0' is invalid. Using default page load timeout: '30'

2023-07-28 14:20:26 - [MESSAGE][PASSED] - Tapped on element 'Object Repository/prueba/android.view.View (1)'

2023-07-28 14:20:26 - [TEST_STEP][PASSED] - delay(3, STOP_ON_FAILURE): Delayed 3 second(s)

2023-07-28 14:20:29 - [MESSAGE][PASSED] - Delayed 3 second(s)

2023-07-28 14:20:29 - [TEST_STEP][PASSED] - tap(findTestObject("prueba/android.view.View (1)"), 0): Tapped on element 'Object Repository/prueba/android.view.View (1)'

2023-07-28 14:20:29 - [MESSAGE][WARNING] - Timeout '0' is invalid. Using default page load timeout: '30'

2023-07-28 14:20:30 - [MESSAGE][PASSED] - Tapped on element 'Object Repository/prueba/android.view.View (1)'

2023-07-28 14:20:30 - [TEST_STEP][PASSED] - delay(3, STOP_ON_FAILURE): Delayed 3 second(s)

2023-07-28 14:20:33 - [MESSAGE][PASSED] - Delayed 3 second(s)

2023-07-28 14:20:33 - [TEST_STEP][PASSED] - swipe(0, 0, 0, 50): Swiped from 0,0 to 0,50

2023-07-28 14:20:35 - [MESSAGE][PASSED] - Swiped from 0,0 to 0,50

2023-07-28 14:20:35 - [TEST_STEP][PASSED] - delay(3, STOP_ON_FAILURE): Delayed 3 second(s)

2023-07-28 14:20:38 - [MESSAGE][PASSED] - Delayed 3 second(s)]]></system-out>
         <system-err><![CDATA[]]></system-err>
      </testcase>
      <system-out><![CDATA[2023-07-28 14:19:02 - [TEST_SUITE][PASSED] - Crear_usuario: Test Cases/prueba]]></system-out>
      <system-err><![CDATA[]]></system-err>
   </testsuite>
</testsuites>
