<?xml version="1.0" encoding="UTF-8"?>
<testsuites name="Prueba integracion" time="366.332" tests="40" failures="0" errors="0">
   <testsuite name="Prueba integracion" tests="40" failures="0" errors="0" time="366.332" skipped="0" timestamp="2023-06-23 11:51:44" hostname="Testing - DESKTOP-OBIGNLU" id="Test Suites/Prueba integracion">
      <properties>
         <property name="deviceName" value="samsung SM-A107M (Android 11)"/>
         <property name="devicePlatform" value=""/>
         <property name="logFolder" value="C:\\Users\\Testing\\Katalon Studio\\NN_Version2\\Reports\\20230623_115139\\Prueba integracion\\20230623_115139"/>
         <property name="logFiles" value="C:\\Users\\Testing\\Katalon Studio\\NN_Version2\\Reports\\20230623_115139\\Prueba integracion\\20230623_115139\\appium.log, C:\\Users\\Testing\\Katalon Studio\\NN_Version2\\Reports\\20230623_115139\\Prueba integracion\\20230623_115139\\execution0.log"/>
         <property name="attachments" value=""/>
         <property name="hostName" value="Testing - DESKTOP-OBIGNLU"/>
         <property name="os" value="Windows 10 64bit"/>
         <property name="appiumServerStatus" value="{&quot;value&quot;:{&quot;build&quot;:{&quot;version&quot;:&quot;1.22.3&quot;}},&quot;sessionId&quot;:null,&quot;status&quot;:0}"/>
         <property name="katalonVersion" value="8.6.5.208"/>
         <property name="deviceOS" value="Android"/>
         <property name="appiumVersion" value="1.22.3"/>
         <property name="deviceModel" value="SM-A107M"/>
         <property name="hostAddress" value="192.168.1.3"/>
         <property name="deviceManufacturer" value="samsung"/>
         <property name="deviceId" value="R9WN40KBXDJ"/>
         <property name="deviceName" value="samsung SM-A107M (Android 11)"/>
         <property name="deviceOSVersion" value="11"/>
      </properties>
      <testcase name="Test Cases/ingreso para prueba" time="86.505" classname="Test Cases/ingreso para prueba" status="PASSED">
         <system-out><![CDATA[2023-06-23 11:51:44 - [TEST_CASE][PASSED] - Test Cases/ingreso para prueba: Test Cases/ingreso para prueba

2023-06-23 11:51:44 - [TEST_STEP][PASSED] - startApplication("C:\Users\Testing\Desktop\katalon\Version nueva\app-debug (2).apk", true): Started app at: 'C:\Users\Testing\Desktop\katalon\Version nueva\app-debug (2).apk'

2023-06-23 11:51:45 - [MESSAGE][INFO] - User set preference: ['deviceId', '']

2023-06-23 11:51:45 - [MESSAGE][INFO] - Detected NodeJS location: "C:\Program Files\nodejs\node.exe"

2023-06-23 11:51:47 - [MESSAGE][INFO] - Appium server started on port 59.734

2023-06-23 11:52:26 - [MESSAGE][PASSED] - Started app at: 'C:\Users\Testing\Desktop\katalon\Version nueva\app-debug (2).apk'

2023-06-23 11:52:26 - [TEST_STEP][PASSED] - tap(findTestObject("Object Repository/Parte1/ingreso solo prueba/android.widget.TextView - Omitir"), 0): Tapped on element 'Object Repository/Parte1/ingreso solo prueba/android.widget.TextView - Omitir'

2023-06-23 11:52:26 - [MESSAGE][WARNING] - Timeout '0' is invalid. Using default page load timeout: '30'

2023-06-23 11:52:46 - [MESSAGE][PASSED] - Tapped on element 'Object Repository/Parte1/ingreso solo prueba/android.widget.TextView - Omitir'

2023-06-23 11:52:46 - [TEST_STEP][PASSED] - tap(findTestObject("Object Repository/Parte1/ingreso solo prueba/android.widget.Button - Crear Cuenta"), 0): Tapped on element 'Object Repository/Parte1/ingreso solo prueba/android.widget.Button - Crear Cuenta'

2023-06-23 11:52:46 - [MESSAGE][WARNING] - Timeout '0' is invalid. Using default page load timeout: '30'

2023-06-23 11:52:47 - [MESSAGE][PASSED] - Tapped on element 'Object Repository/Parte1/ingreso solo prueba/android.widget.Button - Crear Cuenta'

2023-06-23 11:52:47 - [TEST_STEP][PASSED] - tap(findTestObject("Object Repository/Parte1/ingreso solo prueba/android.widget.Button - Enviar cdigo de registro"), 0): Tapped on element 'Object Repository/Parte1/ingreso solo prueba/android.widget.Button - Enviar cdigo de registro'

2023-06-23 11:52:47 - [MESSAGE][WARNING] - Timeout '0' is invalid. Using default page load timeout: '30'

2023-06-23 11:52:48 - [MESSAGE][PASSED] - Tapped on element 'Object Repository/Parte1/ingreso solo prueba/android.widget.Button - Enviar cdigo de registro'

2023-06-23 11:52:48 - [TEST_STEP][PASSED] - tap(findTestObject("Object Repository/Parte1/ingreso solo prueba/android.widget.Button - Continuar"), 0): Tapped on element 'Object Repository/Parte1/ingreso solo prueba/android.widget.Button - Continuar'

2023-06-23 11:52:48 - [MESSAGE][WARNING] - Timeout '0' is invalid. Using default page load timeout: '30'

2023-06-23 11:52:56 - [MESSAGE][PASSED] - Tapped on element 'Object Repository/Parte1/ingreso solo prueba/android.widget.Button - Continuar'

2023-06-23 11:52:56 - [TEST_STEP][PASSED] - setText(findTestObject("Object Repository/Parte1/ingreso solo prueba/android.widget.EditText - Apodo"), "libre024", 0): Text 'libre024' has been set to element 'Object Repository/Parte1/ingreso solo prueba/android.widget.EditText - Apodo'

2023-06-23 11:52:56 - [MESSAGE][WARNING] - Timeout '0' is invalid. Using default page load timeout: '30'

2023-06-23 11:53:00 - [MESSAGE][PASSED] - Text 'libre024' has been set to element 'Object Repository/Parte1/ingreso solo prueba/android.widget.EditText - Apodo'

2023-06-23 11:53:00 - [TEST_STEP][PASSED] - tap(findTestObject("Object Repository/Parte1/ingreso solo prueba/android.widget.Button - Siguiente"), 0): Tapped on element 'Object Repository/Parte1/ingreso solo prueba/android.widget.Button - Siguiente'

2023-06-23 11:53:01 - [MESSAGE][WARNING] - Timeout '0' is invalid. Using default page load timeout: '30'

2023-06-23 11:53:02 - [MESSAGE][PASSED] - Tapped on element 'Object Repository/Parte1/ingreso solo prueba/android.widget.Button - Siguiente'

2023-06-23 11:53:02 - [TEST_STEP][PASSED] - setText(findTestObject("Object Repository/Parte1/ingreso solo prueba/android.widget.EditText - Pin de Acceso"), "0000", 0): Text '0000' has been set to element 'Object Repository/Parte1/ingreso solo prueba/android.widget.EditText - Pin de Acceso'

2023-06-23 11:53:02 - [MESSAGE][WARNING] - Timeout '0' is invalid. Using default page load timeout: '30'

2023-06-23 11:53:05 - [MESSAGE][PASSED] - Text '0000' has been set to element 'Object Repository/Parte1/ingreso solo prueba/android.widget.EditText - Pin de Acceso'

2023-06-23 11:53:05 - [TEST_STEP][PASSED] - setText(findTestObject("Object Repository/Parte1/ingreso solo prueba/android.widget.EditText - Confirmar nuevo pin de acceso"), "0000", 0): Text '0000' has been set to element 'Object Repository/Parte1/ingreso solo prueba/android.widget.EditText - Confirmar nuevo pin de acceso'

2023-06-23 11:53:05 - [MESSAGE][WARNING] - Timeout '0' is invalid. Using default page load timeout: '30'

2023-06-23 11:53:08 - [MESSAGE][PASSED] - Text '0000' has been set to element 'Object Repository/Parte1/ingreso solo prueba/android.widget.EditText - Confirmar nuevo pin de acceso'

2023-06-23 11:53:08 - [TEST_STEP][PASSED] - tap(findTestObject("Object Repository/Parte1/ingreso solo prueba/android.widget.Button - Crear Cuenta (1)"), 0): Tapped on element 'Object Repository/Parte1/ingreso solo prueba/android.widget.Button - Crear Cuenta (1)'

2023-06-23 11:53:08 - [MESSAGE][WARNING] - Timeout '0' is invalid. Using default page load timeout: '30'

2023-06-23 11:53:09 - [MESSAGE][PASSED] - Tapped on element 'Object Repository/Parte1/ingreso solo prueba/android.widget.Button - Crear Cuenta (1)'

2023-06-23 11:53:09 - [TEST_STEP][PASSED] - delay(2, CONTINUE_ON_FAILURE): Delayed 2 second(s)

2023-06-23 11:53:11 - [MESSAGE][PASSED] - Delayed 2 second(s)]]></system-out>
         <system-err><![CDATA[]]></system-err>
      </testcase>
      <testcase name="Test Cases/Parte2/Ajustes/Cuenta/Pin de Acceso/CPN159" time="14.216" classname="Test Cases/Parte2/Ajustes/Cuenta/Pin de Acceso/CPN159" status="PASSED">
         <system-out><![CDATA[2023-06-23 11:53:11 - [TEST_CASE][PASSED] - Test Cases/Parte2/Ajustes/Cuenta/Pin de Acceso/CPN159: Test Cases/Parte2/Ajustes/Cuenta/Pin de Acceso/CPN159

2023-06-23 11:53:11 - [TEST_STEP][PASSED] - tap(findTestObject("Parte2/Ajustes cuenta/Cuenta/Pin de Acceso/android.widget.FrameLayout (1)"), 0): Tapped on element 'Object Repository/Parte2/Ajustes cuenta/Cuenta/Pin de Acceso/android.widget.FrameLayout (1)'

2023-06-23 11:53:11 - [MESSAGE][WARNING] - Timeout '0' is invalid. Using default page load timeout: '30'

2023-06-23 11:53:12 - [MESSAGE][PASSED] - Tapped on element 'Object Repository/Parte2/Ajustes cuenta/Cuenta/Pin de Acceso/android.widget.FrameLayout (1)'

2023-06-23 11:53:12 - [TEST_STEP][PASSED] - tap(findTestObject("Parte2/Ajustes cuenta/Cuenta/Pin de Acceso/android.widget.LinearLayout"), 0): Tapped on element 'Object Repository/Parte2/Ajustes cuenta/Cuenta/Pin de Acceso/android.widget.LinearLayout'

2023-06-23 11:53:12 - [MESSAGE][WARNING] - Timeout '0' is invalid. Using default page load timeout: '30'

2023-06-23 11:53:14 - [MESSAGE][PASSED] - Tapped on element 'Object Repository/Parte2/Ajustes cuenta/Cuenta/Pin de Acceso/android.widget.LinearLayout'

2023-06-23 11:53:14 - [TEST_STEP][PASSED] - tap(findTestObject("Parte2/Ajustes cuenta/Cuenta/Pin de Acceso/android.widget.LinearLayout (1)"), 0): Tapped on element 'Object Repository/Parte2/Ajustes cuenta/Cuenta/Pin de Acceso/android.widget.LinearLayout (1)'

2023-06-23 11:53:14 - [MESSAGE][WARNING] - Timeout '0' is invalid. Using default page load timeout: '30'

2023-06-23 11:53:16 - [MESSAGE][PASSED] - Tapped on element 'Object Repository/Parte2/Ajustes cuenta/Cuenta/Pin de Acceso/android.widget.LinearLayout (1)'

2023-06-23 11:53:16 - [TEST_STEP][PASSED] - setText(findTestObject("Parte2/Ajustes cuenta/Cuenta/Pin de Acceso/android.widget.EditText - Pin de acceso antiguo"), "0000", 0): Text '0000' has been set to element 'Object Repository/Parte2/Ajustes cuenta/Cuenta/Pin de Acceso/android.widget.EditText - Pin de acceso antiguo'

2023-06-23 11:53:16 - [MESSAGE][WARNING] - Timeout '0' is invalid. Using default page load timeout: '30'

2023-06-23 11:53:18 - [MESSAGE][PASSED] - Text '0000' has been set to element 'Object Repository/Parte2/Ajustes cuenta/Cuenta/Pin de Acceso/android.widget.EditText - Pin de acceso antiguo'

2023-06-23 11:53:18 - [TEST_STEP][PASSED] - setText(findTestObject("Parte2/Ajustes cuenta/Cuenta/Pin de Acceso/android.widget.EditText - Nuevo pin de acceso"), "1234", 0): Text '1234' has been set to element 'Object Repository/Parte2/Ajustes cuenta/Cuenta/Pin de Acceso/android.widget.EditText - Nuevo pin de acceso'

2023-06-23 11:53:18 - [MESSAGE][WARNING] - Timeout '0' is invalid. Using default page load timeout: '30'

2023-06-23 11:53:20 - [MESSAGE][PASSED] - Text '1234' has been set to element 'Object Repository/Parte2/Ajustes cuenta/Cuenta/Pin de Acceso/android.widget.EditText - Nuevo pin de acceso'

2023-06-23 11:53:20 - [TEST_STEP][PASSED] - setText(findTestObject("Parte2/Ajustes cuenta/Cuenta/Pin de Acceso/android.widget.EditText - Confirmar nuevo pin de acceso"), "4321", 0): Text '4321' has been set to element 'Object Repository/Parte2/Ajustes cuenta/Cuenta/Pin de Acceso/android.widget.EditText - Confirmar nuevo pin de acceso'

2023-06-23 11:53:20 - [MESSAGE][WARNING] - Timeout '0' is invalid. Using default page load timeout: '30'

2023-06-23 11:53:22 - [MESSAGE][PASSED] - Text '4321' has been set to element 'Object Repository/Parte2/Ajustes cuenta/Cuenta/Pin de Acceso/android.widget.EditText - Confirmar nuevo pin de acceso'

2023-06-23 11:53:22 - [TEST_STEP][PASSED] - tap(findTestObject("Parte2/Ajustes cuenta/Cuenta/Pin de Acceso/android.widget.Button - Editar"), 0): Tapped on element 'Object Repository/Parte2/Ajustes cuenta/Cuenta/Pin de Acceso/android.widget.Button - Editar'

2023-06-23 11:53:22 - [MESSAGE][WARNING] - Timeout '0' is invalid. Using default page load timeout: '30'

2023-06-23 11:53:23 - [MESSAGE][PASSED] - Tapped on element 'Object Repository/Parte2/Ajustes cuenta/Cuenta/Pin de Acceso/android.widget.Button - Editar'

2023-06-23 11:53:23 - [TEST_STEP][PASSED] - verifyElementText(findTestObject("Parte2/Ajustes cuenta/Cuenta/Pin de Acceso/android.widget.TextView - El pin de acceso no coincide"), "El pin de acceso no coincide"): Actual text and expected text of test object 'Object Repository/Parte2/Ajustes cuenta/Cuenta/Pin de Acceso/android.widget.TextView - El pin de acceso no coincide' are matched.

2023-06-23 11:53:23 - [MESSAGE][PASSED] - Actual text and expected text of test object 'Object Repository/Parte2/Ajustes cuenta/Cuenta/Pin de Acceso/android.widget.TextView - El pin de acceso no coincide' are matched.

2023-06-23 11:53:23 - [TEST_STEP][PASSED] - verifyElementText(findTestObject("Parte2/Ajustes cuenta/Cuenta/Pin de Acceso/android.widget.TextView - El pin de acceso no coincide (1)"), "El pin de acceso no coincide"): Actual text and expected text of test object 'Object Repository/Parte2/Ajustes cuenta/Cuenta/Pin de Acceso/android.widget.TextView - El pin de acceso no coincide (1)' are matched.

2023-06-23 11:53:24 - [MESSAGE][PASSED] - Actual text and expected text of test object 'Object Repository/Parte2/Ajustes cuenta/Cuenta/Pin de Acceso/android.widget.TextView - El pin de acceso no coincide (1)' are matched.

2023-06-23 11:53:24 - [TEST_STEP][PASSED] - tap(findTestObject("Parte2/Ajustes cuenta/Cuenta/Pin de Acceso/android.widget.ImageButton"), 0): Tapped on element 'Object Repository/Parte2/Ajustes cuenta/Cuenta/Pin de Acceso/android.widget.ImageButton'

2023-06-23 11:53:24 - [MESSAGE][WARNING] - Timeout '0' is invalid. Using default page load timeout: '30'

2023-06-23 11:53:24 - [MESSAGE][PASSED] - Tapped on element 'Object Repository/Parte2/Ajustes cuenta/Cuenta/Pin de Acceso/android.widget.ImageButton'

2023-06-23 11:53:24 - [TEST_STEP][PASSED] - tap(findTestObject("Parte2/Ajustes cuenta/Cuenta/Pin de Acceso/android.widget.LinearLayout (1)"), 0): Tapped on element 'Object Repository/Parte2/Ajustes cuenta/Cuenta/Pin de Acceso/android.widget.LinearLayout (1)'

2023-06-23 11:53:24 - [MESSAGE][WARNING] - Timeout '0' is invalid. Using default page load timeout: '30'

2023-06-23 11:53:25 - [MESSAGE][PASSED] - Tapped on element 'Object Repository/Parte2/Ajustes cuenta/Cuenta/Pin de Acceso/android.widget.LinearLayout (1)']]></system-out>
         <system-err><![CDATA[]]></system-err>
      </testcase>
      <testcase name="Test Cases/Parte2/Ajustes/Cuenta/Pin de Acceso/CPN160" time="8.841" classname="Test Cases/Parte2/Ajustes/Cuenta/Pin de Acceso/CPN160" status="PASSED">
         <system-out><![CDATA[2023-06-23 11:53:25 - [TEST_CASE][PASSED] - Test Cases/Parte2/Ajustes/Cuenta/Pin de Acceso/CPN160: Test Cases/Parte2/Ajustes/Cuenta/Pin de Acceso/CPN160

2023-06-23 11:53:25 - [TEST_STEP][PASSED] - setText(findTestObject("Parte2/Ajustes cuenta/Cuenta/Pin de Acceso/android.widget.EditText - Pin de acceso antiguo"), "1234", 0): Text '1234' has been set to element 'Object Repository/Parte2/Ajustes cuenta/Cuenta/Pin de Acceso/android.widget.EditText - Pin de acceso antiguo'

2023-06-23 11:53:25 - [MESSAGE][WARNING] - Timeout '0' is invalid. Using default page load timeout: '30'

2023-06-23 11:53:27 - [MESSAGE][PASSED] - Text '1234' has been set to element 'Object Repository/Parte2/Ajustes cuenta/Cuenta/Pin de Acceso/android.widget.EditText - Pin de acceso antiguo'

2023-06-23 11:53:27 - [TEST_STEP][PASSED] - setText(findTestObject("Parte2/Ajustes cuenta/Cuenta/Pin de Acceso/android.widget.EditText - Nuevo pin de acceso"), "1111", 0): Text '1111' has been set to element 'Object Repository/Parte2/Ajustes cuenta/Cuenta/Pin de Acceso/android.widget.EditText - Nuevo pin de acceso'

2023-06-23 11:53:27 - [MESSAGE][WARNING] - Timeout '0' is invalid. Using default page load timeout: '30'

2023-06-23 11:53:29 - [MESSAGE][PASSED] - Text '1111' has been set to element 'Object Repository/Parte2/Ajustes cuenta/Cuenta/Pin de Acceso/android.widget.EditText - Nuevo pin de acceso'

2023-06-23 11:53:29 - [TEST_STEP][PASSED] - setText(findTestObject("Parte2/Ajustes cuenta/Cuenta/Pin de Acceso/android.widget.EditText - Confirmar nuevo pin de acceso"), "1111", 0): Text '1111' has been set to element 'Object Repository/Parte2/Ajustes cuenta/Cuenta/Pin de Acceso/android.widget.EditText - Confirmar nuevo pin de acceso'

2023-06-23 11:53:29 - [MESSAGE][WARNING] - Timeout '0' is invalid. Using default page load timeout: '30'

2023-06-23 11:53:31 - [MESSAGE][PASSED] - Text '1111' has been set to element 'Object Repository/Parte2/Ajustes cuenta/Cuenta/Pin de Acceso/android.widget.EditText - Confirmar nuevo pin de acceso'

2023-06-23 11:53:31 - [TEST_STEP][PASSED] - tap(findTestObject("Parte2/Ajustes cuenta/Cuenta/Pin de Acceso/android.widget.Button - Editar"), 0): Tapped on element 'Object Repository/Parte2/Ajustes cuenta/Cuenta/Pin de Acceso/android.widget.Button - Editar'

2023-06-23 11:53:31 - [MESSAGE][WARNING] - Timeout '0' is invalid. Using default page load timeout: '30'

2023-06-23 11:53:32 - [MESSAGE][PASSED] - Tapped on element 'Object Repository/Parte2/Ajustes cuenta/Cuenta/Pin de Acceso/android.widget.Button - Editar'

2023-06-23 11:53:32 - [TEST_STEP][PASSED] - verifyElementText(findTestObject("Parte2/Ajustes cuenta/Cuenta/Pin de Acceso/android.widget.TextView - Pin de acceso no corresponde"), "Pin de acceso no corresponde"): Actual text and expected text of test object 'Object Repository/Parte2/Ajustes cuenta/Cuenta/Pin de Acceso/android.widget.TextView - Pin de acceso no corresponde' are matched.

2023-06-23 11:53:33 - [MESSAGE][PASSED] - Actual text and expected text of test object 'Object Repository/Parte2/Ajustes cuenta/Cuenta/Pin de Acceso/android.widget.TextView - Pin de acceso no corresponde' are matched.

2023-06-23 11:53:33 - [TEST_STEP][PASSED] - tap(findTestObject("Parte2/Ajustes cuenta/Cuenta/Pin de Acceso/android.widget.ImageButton"), 0, STOP_ON_FAILURE): Tapped on element 'Object Repository/Parte2/Ajustes cuenta/Cuenta/Pin de Acceso/android.widget.ImageButton'

2023-06-23 11:53:33 - [MESSAGE][WARNING] - Timeout '0' is invalid. Using default page load timeout: '30'

2023-06-23 11:53:33 - [MESSAGE][PASSED] - Tapped on element 'Object Repository/Parte2/Ajustes cuenta/Cuenta/Pin de Acceso/android.widget.ImageButton'

2023-06-23 11:53:33 - [TEST_STEP][PASSED] - tap(findTestObject("Parte2/Ajustes cuenta/Cuenta/Pin de Acceso/android.widget.LinearLayout (1)"), 0): Tapped on element 'Object Repository/Parte2/Ajustes cuenta/Cuenta/Pin de Acceso/android.widget.LinearLayout (1)'

2023-06-23 11:53:33 - [MESSAGE][WARNING] - Timeout '0' is invalid. Using default page load timeout: '30'

2023-06-23 11:53:34 - [MESSAGE][PASSED] - Tapped on element 'Object Repository/Parte2/Ajustes cuenta/Cuenta/Pin de Acceso/android.widget.LinearLayout (1)']]></system-out>
         <system-err><![CDATA[]]></system-err>
      </testcase>
      <testcase name="Test Cases/Parte2/Ajustes/Cuenta/Pin de Acceso/CPN161" time="6.812" classname="Test Cases/Parte2/Ajustes/Cuenta/Pin de Acceso/CPN161" status="PASSED">
         <system-out><![CDATA[2023-06-23 11:53:34 - [TEST_CASE][PASSED] - Test Cases/Parte2/Ajustes/Cuenta/Pin de Acceso/CPN161: Test Cases/Parte2/Ajustes/Cuenta/Pin de Acceso/CPN161

2023-06-23 11:53:34 - [TEST_STEP][PASSED] - setText(findTestObject("Parte2/Ajustes cuenta/Cuenta/Pin de Acceso/android.widget.EditText - Pin de acceso antiguo"), "0000", 0): Text '0000' has been set to element 'Object Repository/Parte2/Ajustes cuenta/Cuenta/Pin de Acceso/android.widget.EditText - Pin de acceso antiguo'

2023-06-23 11:53:34 - [MESSAGE][WARNING] - Timeout '0' is invalid. Using default page load timeout: '30'

2023-06-23 11:53:36 - [MESSAGE][PASSED] - Text '0000' has been set to element 'Object Repository/Parte2/Ajustes cuenta/Cuenta/Pin de Acceso/android.widget.EditText - Pin de acceso antiguo'

2023-06-23 11:53:36 - [TEST_STEP][PASSED] - setText(findTestObject("Parte2/Ajustes cuenta/Cuenta/Pin de Acceso/android.widget.EditText - Nuevo pin de acceso"), "1111", 0): Text '1111' has been set to element 'Object Repository/Parte2/Ajustes cuenta/Cuenta/Pin de Acceso/android.widget.EditText - Nuevo pin de acceso'

2023-06-23 11:53:36 - [MESSAGE][WARNING] - Timeout '0' is invalid. Using default page load timeout: '30'

2023-06-23 11:53:38 - [MESSAGE][PASSED] - Text '1111' has been set to element 'Object Repository/Parte2/Ajustes cuenta/Cuenta/Pin de Acceso/android.widget.EditText - Nuevo pin de acceso'

2023-06-23 11:53:38 - [TEST_STEP][PASSED] - setText(findTestObject("Parte2/Ajustes cuenta/Cuenta/Pin de Acceso/android.widget.EditText - Confirmar nuevo pin de acceso (1)"), "1111", 0): Text '1111' has been set to element 'Object Repository/Parte2/Ajustes cuenta/Cuenta/Pin de Acceso/android.widget.EditText - Confirmar nuevo pin de acceso (1)'

2023-06-23 11:53:38 - [MESSAGE][WARNING] - Timeout '0' is invalid. Using default page load timeout: '30'

2023-06-23 11:53:40 - [MESSAGE][PASSED] - Text '1111' has been set to element 'Object Repository/Parte2/Ajustes cuenta/Cuenta/Pin de Acceso/android.widget.EditText - Confirmar nuevo pin de acceso (1)'

2023-06-23 11:53:40 - [TEST_STEP][PASSED] - tap(findTestObject("Parte2/Ajustes cuenta/Cuenta/Pin de Acceso/android.widget.Button - Editar"), 0): Tapped on element 'Object Repository/Parte2/Ajustes cuenta/Cuenta/Pin de Acceso/android.widget.Button - Editar'

2023-06-23 11:53:40 - [MESSAGE][WARNING] - Timeout '0' is invalid. Using default page load timeout: '30'

2023-06-23 11:53:40 - [MESSAGE][PASSED] - Tapped on element 'Object Repository/Parte2/Ajustes cuenta/Cuenta/Pin de Acceso/android.widget.Button - Editar']]></system-out>
         <system-err><![CDATA[]]></system-err>
      </testcase>
      <testcase name="Test Cases/Parte2/Ajustes/Cuenta/Opciones de desbloqueo/CPN162" time="6.645" classname="Test Cases/Parte2/Ajustes/Cuenta/Opciones de desbloqueo/CPN162" status="PASSED">
         <system-out><![CDATA[2023-06-23 11:53:40 - [TEST_CASE][PASSED] - Test Cases/Parte2/Ajustes/Cuenta/Opciones de desbloqueo/CPN162: Test Cases/Parte2/Ajustes/Cuenta/Opciones de desbloqueo/CPN162

2023-06-23 11:53:41 - [TEST_STEP][PASSED] - tap(findTestObject("Parte2/Ajustes cuenta/Cuenta/Opciones de desbloqueo/android.widget.TextView - Opciones de desbloqueo"), 0): Tapped on element 'Object Repository/Parte2/Ajustes cuenta/Cuenta/Opciones de desbloqueo/android.widget.TextView - Opciones de desbloqueo'

2023-06-23 11:53:41 - [MESSAGE][WARNING] - Timeout '0' is invalid. Using default page load timeout: '30'

2023-06-23 11:53:41 - [MESSAGE][PASSED] - Tapped on element 'Object Repository/Parte2/Ajustes cuenta/Cuenta/Opciones de desbloqueo/android.widget.TextView - Opciones de desbloqueo'

2023-06-23 11:53:41 - [TEST_STEP][PASSED] - verifyElementExist(findTestObject("Parte2/Ajustes cuenta/Cuenta/Opciones de desbloqueo/android.widget.RadioGroup"), 0): Element 'Object Repository/Parte2/Ajustes cuenta/Cuenta/Opciones de desbloqueo/android.widget.RadioGroup' is exist

2023-06-23 11:53:41 - [MESSAGE][WARNING] - Timeout '0' is invalid. Using default page load timeout: '30'

2023-06-23 11:53:42 - [MESSAGE][PASSED] - Element 'Object Repository/Parte2/Ajustes cuenta/Cuenta/Opciones de desbloqueo/android.widget.RadioGroup' is exist

2023-06-23 11:53:42 - [TEST_STEP][PASSED] - delay(5, STOP_ON_FAILURE): Delayed 5 second(s)

2023-06-23 11:53:47 - [MESSAGE][PASSED] - Delayed 5 second(s)]]></system-out>
         <system-err><![CDATA[]]></system-err>
      </testcase>
      <testcase name="Test Cases/Parte2/Ajustes/Cuenta/Opciones de desbloqueo/CPN163" time="6.33" classname="Test Cases/Parte2/Ajustes/Cuenta/Opciones de desbloqueo/CPN163" status="PASSED">
         <system-out><![CDATA[2023-06-23 11:53:47 - [TEST_CASE][PASSED] - Test Cases/Parte2/Ajustes/Cuenta/Opciones de desbloqueo/CPN163: Test Cases/Parte2/Ajustes/Cuenta/Opciones de desbloqueo/CPN163

2023-06-23 11:53:47 - [TEST_STEP][PASSED] - tap(findTestObject("Parte2/Ajustes cuenta/Cuenta/Opciones de desbloqueo/android.widget.RadioButton - Pin  Huella dactilar"), 0): Tapped on element 'Object Repository/Parte2/Ajustes cuenta/Cuenta/Opciones de desbloqueo/android.widget.RadioButton - Pin  Huella dactilar'

2023-06-23 11:53:47 - [MESSAGE][WARNING] - Timeout '0' is invalid. Using default page load timeout: '30'

2023-06-23 11:53:48 - [MESSAGE][PASSED] - Tapped on element 'Object Repository/Parte2/Ajustes cuenta/Cuenta/Opciones de desbloqueo/android.widget.RadioButton - Pin  Huella dactilar'

2023-06-23 11:53:48 - [TEST_STEP][PASSED] - tap(findTestObject("Parte2/Ajustes cuenta/Cuenta/Opciones de desbloqueo/android.widget.Button - Aceptar"), 0): Tapped on element 'Object Repository/Parte2/Ajustes cuenta/Cuenta/Opciones de desbloqueo/android.widget.Button - Aceptar'

2023-06-23 11:53:48 - [MESSAGE][WARNING] - Timeout '0' is invalid. Using default page load timeout: '30'

2023-06-23 11:53:48 - [MESSAGE][PASSED] - Tapped on element 'Object Repository/Parte2/Ajustes cuenta/Cuenta/Opciones de desbloqueo/android.widget.Button - Aceptar'

2023-06-23 11:53:48 - [TEST_STEP][PASSED] - delay(5, STOP_ON_FAILURE): Delayed 5 second(s)

2023-06-23 11:53:53 - [MESSAGE][PASSED] - Delayed 5 second(s)]]></system-out>
         <system-err><![CDATA[]]></system-err>
      </testcase>
      <testcase name="Test Cases/Parte2/Ajustes/Cuenta/Tiempo Pin de Acceso/CPN169" time="12.83" classname="Test Cases/Parte2/Ajustes/Cuenta/Tiempo Pin de Acceso/CPN169" status="PASSED">
         <system-out><![CDATA[2023-06-23 11:53:53 - [TEST_CASE][PASSED] - Test Cases/Parte2/Ajustes/Cuenta/Tiempo Pin de Acceso/CPN169: Test Cases/Parte2/Ajustes/Cuenta/Tiempo Pin de Acceso/CPN169

2023-06-23 11:53:54 - [TEST_STEP][PASSED] - tap(findTestObject("Parte2/Ajustes cuenta/Cuenta/Solicitud Pin de Acceso/android.widget.TextView - Tiempo para solicitud de pin de acceso"), 0): Tapped on element 'Object Repository/Parte2/Ajustes cuenta/Cuenta/Solicitud Pin de Acceso/android.widget.TextView - Tiempo para solicitud de pin de acceso'

2023-06-23 11:53:54 - [MESSAGE][WARNING] - Timeout '0' is invalid. Using default page load timeout: '30'

2023-06-23 11:53:54 - [MESSAGE][PASSED] - Tapped on element 'Object Repository/Parte2/Ajustes cuenta/Cuenta/Solicitud Pin de Acceso/android.widget.TextView - Tiempo para solicitud de pin de acceso'

2023-06-23 11:53:54 - [TEST_STEP][PASSED] - tap(findTestObject("Parte2/Ajustes cuenta/Cuenta/Solicitud Pin de Acceso/android.widget.RadioButton - Inmediatamente"), 0): Tapped on element 'Object Repository/Parte2/Ajustes cuenta/Cuenta/Solicitud Pin de Acceso/android.widget.RadioButton - Inmediatamente'

2023-06-23 11:53:54 - [MESSAGE][WARNING] - Timeout '0' is invalid. Using default page load timeout: '30'

2023-06-23 11:53:55 - [MESSAGE][PASSED] - Tapped on element 'Object Repository/Parte2/Ajustes cuenta/Cuenta/Solicitud Pin de Acceso/android.widget.RadioButton - Inmediatamente'

2023-06-23 11:53:55 - [TEST_STEP][PASSED] - verifyElementExist(findTestObject("Parte2/Ajustes cuenta/Cuenta/Solicitud Pin de Acceso/android.view.ViewGroup (1)"), 0): Element 'Object Repository/Parte2/Ajustes cuenta/Cuenta/Solicitud Pin de Acceso/android.view.ViewGroup (1)' is exist

2023-06-23 11:53:55 - [MESSAGE][WARNING] - Timeout '0' is invalid. Using default page load timeout: '30'

2023-06-23 11:53:56 - [MESSAGE][PASSED] - Element 'Object Repository/Parte2/Ajustes cuenta/Cuenta/Solicitud Pin de Acceso/android.view.ViewGroup (1)' is exist

2023-06-23 11:53:56 - [TEST_STEP][PASSED] - tap(findTestObject("Parte2/Ajustes cuenta/Cuenta/Solicitud Pin de Acceso/android.widget.Button - Aceptar"), 0): Tapped on element 'Object Repository/Parte2/Ajustes cuenta/Cuenta/Solicitud Pin de Acceso/android.widget.Button - Aceptar'

2023-06-23 11:53:56 - [MESSAGE][WARNING] - Timeout '0' is invalid. Using default page load timeout: '30'

2023-06-23 11:53:56 - [MESSAGE][PASSED] - Tapped on element 'Object Repository/Parte2/Ajustes cuenta/Cuenta/Solicitud Pin de Acceso/android.widget.Button - Aceptar'

2023-06-23 11:53:56 - [TEST_STEP][PASSED] - verifyElementText(findTestObject("Parte2/Ajustes cuenta/Cuenta/Solicitud Pin de Acceso/android.widget.TextView - Inmediatamente"), "Inmediatamente"): Actual text and expected text of test object 'Object Repository/Parte2/Ajustes cuenta/Cuenta/Solicitud Pin de Acceso/android.widget.TextView - Inmediatamente' are matched.

2023-06-23 11:53:57 - [MESSAGE][PASSED] - Actual text and expected text of test object 'Object Repository/Parte2/Ajustes cuenta/Cuenta/Solicitud Pin de Acceso/android.widget.TextView - Inmediatamente' are matched.

2023-06-23 11:53:57 - [TEST_STEP][PASSED] - pressBack(): Press back button successfully

2023-06-23 11:53:57 - [MESSAGE][PASSED] - Press back button successfully

2023-06-23 11:53:57 - [TEST_STEP][PASSED] - pressBack(): Press back button successfully

2023-06-23 11:53:58 - [MESSAGE][PASSED] - Press back button successfully

2023-06-23 11:53:58 - [TEST_STEP][PASSED] - pressBack(): Press back button successfully

2023-06-23 11:54:00 - [MESSAGE][PASSED] - Press back button successfully

2023-06-23 11:54:00 - [TEST_STEP][PASSED] - tap(findTestObject("Parte2/Ajustes cuenta/Cuenta/Solicitud Pin de Acceso/android.widget.TextView - NapoleoN"), 0): Tapped on element 'Object Repository/Parte2/Ajustes cuenta/Cuenta/Solicitud Pin de Acceso/android.widget.TextView - NapoleoN'

2023-06-23 11:54:00 - [MESSAGE][WARNING] - Timeout '0' is invalid. Using default page load timeout: '30'

2023-06-23 11:54:01 - [MESSAGE][PASSED] - Tapped on element 'Object Repository/Parte2/Ajustes cuenta/Cuenta/Solicitud Pin de Acceso/android.widget.TextView - NapoleoN'

2023-06-23 11:54:01 - [TEST_STEP][PASSED] - verifyElementExist(findTestObject("Parte2/Ajustes cuenta/Cuenta/Solicitud Pin de Acceso/android.widget.FrameLayout (1)"), 0): Element 'Object Repository/Parte2/Ajustes cuenta/Cuenta/Solicitud Pin de Acceso/android.widget.FrameLayout (1)' is exist

2023-06-23 11:54:01 - [MESSAGE][WARNING] - Timeout '0' is invalid. Using default page load timeout: '30'

2023-06-23 11:54:03 - [MESSAGE][PASSED] - Element 'Object Repository/Parte2/Ajustes cuenta/Cuenta/Solicitud Pin de Acceso/android.widget.FrameLayout (1)' is exist

2023-06-23 11:54:03 - [TEST_STEP][PASSED] - tap(findTestObject("Parte2/Ajustes cuenta/Cuenta/Solicitud Pin de Acceso/android.widget.ImageButton (1)"), 0): Tapped on element 'Object Repository/Parte2/Ajustes cuenta/Cuenta/Solicitud Pin de Acceso/android.widget.ImageButton (1)'

2023-06-23 11:54:03 - [MESSAGE][WARNING] - Timeout '0' is invalid. Using default page load timeout: '30'

2023-06-23 11:54:03 - [MESSAGE][PASSED] - Tapped on element 'Object Repository/Parte2/Ajustes cuenta/Cuenta/Solicitud Pin de Acceso/android.widget.ImageButton (1)'

2023-06-23 11:54:03 - [TEST_STEP][PASSED] - tap(findTestObject("Parte2/Ajustes cuenta/Cuenta/Solicitud Pin de Acceso/android.widget.ImageButton (1)"), 0): Tapped on element 'Object Repository/Parte2/Ajustes cuenta/Cuenta/Solicitud Pin de Acceso/android.widget.ImageButton (1)'

2023-06-23 11:54:03 - [MESSAGE][WARNING] - Timeout '0' is invalid. Using default page load timeout: '30'

2023-06-23 11:54:04 - [MESSAGE][PASSED] - Tapped on element 'Object Repository/Parte2/Ajustes cuenta/Cuenta/Solicitud Pin de Acceso/android.widget.ImageButton (1)'

2023-06-23 11:54:04 - [TEST_STEP][PASSED] - tap(findTestObject("Parte2/Ajustes cuenta/Cuenta/Solicitud Pin de Acceso/android.widget.ImageButton (1)"), 0): Tapped on element 'Object Repository/Parte2/Ajustes cuenta/Cuenta/Solicitud Pin de Acceso/android.widget.ImageButton (1)'

2023-06-23 11:54:04 - [MESSAGE][WARNING] - Timeout '0' is invalid. Using default page load timeout: '30'

2023-06-23 11:54:04 - [MESSAGE][PASSED] - Tapped on element 'Object Repository/Parte2/Ajustes cuenta/Cuenta/Solicitud Pin de Acceso/android.widget.ImageButton (1)'

2023-06-23 11:54:04 - [TEST_STEP][PASSED] - tap(findTestObject("Parte2/Ajustes cuenta/Cuenta/Solicitud Pin de Acceso/android.widget.ImageButton (1)"), 0): Tapped on element 'Object Repository/Parte2/Ajustes cuenta/Cuenta/Solicitud Pin de Acceso/android.widget.ImageButton (1)'

2023-06-23 11:54:04 - [MESSAGE][WARNING] - Timeout '0' is invalid. Using default page load timeout: '30'

2023-06-23 11:54:05 - [MESSAGE][PASSED] - Tapped on element 'Object Repository/Parte2/Ajustes cuenta/Cuenta/Solicitud Pin de Acceso/android.widget.ImageButton (1)'

2023-06-23 11:54:05 - [TEST_STEP][PASSED] - verifyElementExist(findTestObject("Parte2/Ajustes cuenta/Cuenta/Solicitud Pin de Acceso/android.view.ViewGroup"), 0): Element 'Object Repository/Parte2/Ajustes cuenta/Cuenta/Solicitud Pin de Acceso/android.view.ViewGroup' is exist

2023-06-23 11:54:05 - [MESSAGE][WARNING] - Timeout '0' is invalid. Using default page load timeout: '30'

2023-06-23 11:54:06 - [MESSAGE][PASSED] - Element 'Object Repository/Parte2/Ajustes cuenta/Cuenta/Solicitud Pin de Acceso/android.view.ViewGroup' is exist]]></system-out>
         <system-err><![CDATA[]]></system-err>
      </testcase>
      <testcase name="Test Cases/Parte2/Ajustes/Cuenta/Tiempo Pin de Acceso/CPN170" time="22.959" classname="Test Cases/Parte2/Ajustes/Cuenta/Tiempo Pin de Acceso/CPN170" status="PASSED">
         <system-out><![CDATA[2023-06-23 11:54:06 - [TEST_CASE][PASSED] - Test Cases/Parte2/Ajustes/Cuenta/Tiempo Pin de Acceso/CPN170: Test Cases/Parte2/Ajustes/Cuenta/Tiempo Pin de Acceso/CPN170

2023-06-23 11:54:06 - [TEST_STEP][PASSED] - tap(findTestObject("Parte2/Ajustes cuenta/Cuenta/Solicitud Pin de Acceso/android.widget.FrameLayout"), 0): Tapped on element 'Object Repository/Parte2/Ajustes cuenta/Cuenta/Solicitud Pin de Acceso/android.widget.FrameLayout'

2023-06-23 11:54:06 - [MESSAGE][WARNING] - Timeout '0' is invalid. Using default page load timeout: '30'

2023-06-23 11:54:07 - [MESSAGE][PASSED] - Tapped on element 'Object Repository/Parte2/Ajustes cuenta/Cuenta/Solicitud Pin de Acceso/android.widget.FrameLayout'

2023-06-23 11:54:07 - [TEST_STEP][PASSED] - tap(findTestObject("Parte2/Ajustes cuenta/Cuenta/Solicitud Pin de Acceso/android.widget.LinearLayout"), 0): Tapped on element 'Object Repository/Parte2/Ajustes cuenta/Cuenta/Solicitud Pin de Acceso/android.widget.LinearLayout'

2023-06-23 11:54:07 - [MESSAGE][WARNING] - Timeout '0' is invalid. Using default page load timeout: '30'

2023-06-23 11:54:08 - [MESSAGE][PASSED] - Tapped on element 'Object Repository/Parte2/Ajustes cuenta/Cuenta/Solicitud Pin de Acceso/android.widget.LinearLayout'

2023-06-23 11:54:08 - [TEST_STEP][PASSED] - tap(findTestObject("Parte2/Ajustes cuenta/Cuenta/Solicitud Pin de Acceso/android.widget.TextView - Tiempo para solicitud de pin de acceso"), 0): Tapped on element 'Object Repository/Parte2/Ajustes cuenta/Cuenta/Solicitud Pin de Acceso/android.widget.TextView - Tiempo para solicitud de pin de acceso'

2023-06-23 11:54:08 - [MESSAGE][WARNING] - Timeout '0' is invalid. Using default page load timeout: '30'

2023-06-23 11:54:09 - [MESSAGE][PASSED] - Tapped on element 'Object Repository/Parte2/Ajustes cuenta/Cuenta/Solicitud Pin de Acceso/android.widget.TextView - Tiempo para solicitud de pin de acceso'

2023-06-23 11:54:09 - [TEST_STEP][PASSED] - tap(findTestObject("Parte2/Ajustes cuenta/Cuenta/Solicitud Pin de Acceso/android.widget.RadioButton - 10 Segundos"), 0): Tapped on element 'Object Repository/Parte2/Ajustes cuenta/Cuenta/Solicitud Pin de Acceso/android.widget.RadioButton - 10 Segundos'

2023-06-23 11:54:09 - [MESSAGE][WARNING] - Timeout '0' is invalid. Using default page load timeout: '30'

2023-06-23 11:54:10 - [MESSAGE][PASSED] - Tapped on element 'Object Repository/Parte2/Ajustes cuenta/Cuenta/Solicitud Pin de Acceso/android.widget.RadioButton - 10 Segundos'

2023-06-23 11:54:10 - [TEST_STEP][PASSED] - verifyElementExist(findTestObject("Parte2/Ajustes cuenta/Cuenta/Solicitud Pin de Acceso/android.view.ViewGroup (1)"), 0): Element 'Object Repository/Parte2/Ajustes cuenta/Cuenta/Solicitud Pin de Acceso/android.view.ViewGroup (1)' is exist

2023-06-23 11:54:10 - [MESSAGE][WARNING] - Timeout '0' is invalid. Using default page load timeout: '30'

2023-06-23 11:54:10 - [MESSAGE][PASSED] - Element 'Object Repository/Parte2/Ajustes cuenta/Cuenta/Solicitud Pin de Acceso/android.view.ViewGroup (1)' is exist

2023-06-23 11:54:10 - [TEST_STEP][PASSED] - tap(findTestObject("Parte2/Ajustes cuenta/Cuenta/Solicitud Pin de Acceso/android.widget.Button - Aceptar"), 0): Tapped on element 'Object Repository/Parte2/Ajustes cuenta/Cuenta/Solicitud Pin de Acceso/android.widget.Button - Aceptar'

2023-06-23 11:54:10 - [MESSAGE][WARNING] - Timeout '0' is invalid. Using default page load timeout: '30'

2023-06-23 11:54:11 - [MESSAGE][PASSED] - Tapped on element 'Object Repository/Parte2/Ajustes cuenta/Cuenta/Solicitud Pin de Acceso/android.widget.Button - Aceptar'

2023-06-23 11:54:11 - [TEST_STEP][PASSED] - verifyElementText(findTestObject("Parte2/Ajustes cuenta/Cuenta/Solicitud Pin de Acceso/android.widget.TextView - 10 Segundos"), "10 Segundos"): Actual text and expected text of test object 'Object Repository/Parte2/Ajustes cuenta/Cuenta/Solicitud Pin de Acceso/android.widget.TextView - 10 Segundos' are matched.

2023-06-23 11:54:11 - [MESSAGE][PASSED] - Actual text and expected text of test object 'Object Repository/Parte2/Ajustes cuenta/Cuenta/Solicitud Pin de Acceso/android.widget.TextView - 10 Segundos' are matched.

2023-06-23 11:54:11 - [TEST_STEP][PASSED] - pressBack(): Press back button successfully

2023-06-23 11:54:12 - [MESSAGE][PASSED] - Press back button successfully

2023-06-23 11:54:12 - [TEST_STEP][PASSED] - pressBack(): Press back button successfully

2023-06-23 11:54:13 - [MESSAGE][PASSED] - Press back button successfully

2023-06-23 11:54:13 - [TEST_STEP][PASSED] - pressBack(): Press back button successfully

2023-06-23 11:54:14 - [MESSAGE][PASSED] - Press back button successfully

2023-06-23 11:54:14 - [TEST_STEP][PASSED] - delay(10): Delayed 10 second(s)

2023-06-23 11:54:24 - [MESSAGE][PASSED] - Delayed 10 second(s)

2023-06-23 11:54:24 - [TEST_STEP][PASSED] - tap(findTestObject("Parte2/Ajustes cuenta/Cuenta/Solicitud Pin de Acceso/android.widget.TextView - NapoleoN"), 0): Tapped on element 'Object Repository/Parte2/Ajustes cuenta/Cuenta/Solicitud Pin de Acceso/android.widget.TextView - NapoleoN'

2023-06-23 11:54:24 - [MESSAGE][WARNING] - Timeout '0' is invalid. Using default page load timeout: '30'

2023-06-23 11:54:24 - [MESSAGE][PASSED] - Tapped on element 'Object Repository/Parte2/Ajustes cuenta/Cuenta/Solicitud Pin de Acceso/android.widget.TextView - NapoleoN'

2023-06-23 11:54:24 - [TEST_STEP][PASSED] - verifyElementExist(findTestObject("Parte2/Ajustes cuenta/Cuenta/Solicitud Pin de Acceso/android.widget.FrameLayout (1)"), 0): Element 'Object Repository/Parte2/Ajustes cuenta/Cuenta/Solicitud Pin de Acceso/android.widget.FrameLayout (1)' is exist

2023-06-23 11:54:24 - [MESSAGE][WARNING] - Timeout '0' is invalid. Using default page load timeout: '30'

2023-06-23 11:54:26 - [MESSAGE][PASSED] - Element 'Object Repository/Parte2/Ajustes cuenta/Cuenta/Solicitud Pin de Acceso/android.widget.FrameLayout (1)' is exist

2023-06-23 11:54:26 - [TEST_STEP][PASSED] - tap(findTestObject("Parte2/Ajustes cuenta/Cuenta/Solicitud Pin de Acceso/android.widget.ImageButton (1)"), 0): Tapped on element 'Object Repository/Parte2/Ajustes cuenta/Cuenta/Solicitud Pin de Acceso/android.widget.ImageButton (1)'

2023-06-23 11:54:26 - [MESSAGE][WARNING] - Timeout '0' is invalid. Using default page load timeout: '30'

2023-06-23 11:54:26 - [MESSAGE][PASSED] - Tapped on element 'Object Repository/Parte2/Ajustes cuenta/Cuenta/Solicitud Pin de Acceso/android.widget.ImageButton (1)'

2023-06-23 11:54:26 - [TEST_STEP][PASSED] - tap(findTestObject("Parte2/Ajustes cuenta/Cuenta/Solicitud Pin de Acceso/android.widget.ImageButton (1)"), 0): Tapped on element 'Object Repository/Parte2/Ajustes cuenta/Cuenta/Solicitud Pin de Acceso/android.widget.ImageButton (1)'

2023-06-23 11:54:26 - [MESSAGE][WARNING] - Timeout '0' is invalid. Using default page load timeout: '30'

2023-06-23 11:54:27 - [MESSAGE][PASSED] - Tapped on element 'Object Repository/Parte2/Ajustes cuenta/Cuenta/Solicitud Pin de Acceso/android.widget.ImageButton (1)'

2023-06-23 11:54:27 - [TEST_STEP][PASSED] - tap(findTestObject("Parte2/Ajustes cuenta/Cuenta/Solicitud Pin de Acceso/android.widget.ImageButton (1)"), 0): Tapped on element 'Object Repository/Parte2/Ajustes cuenta/Cuenta/Solicitud Pin de Acceso/android.widget.ImageButton (1)'

2023-06-23 11:54:27 - [MESSAGE][WARNING] - Timeout '0' is invalid. Using default page load timeout: '30'

2023-06-23 11:54:27 - [MESSAGE][PASSED] - Tapped on element 'Object Repository/Parte2/Ajustes cuenta/Cuenta/Solicitud Pin de Acceso/android.widget.ImageButton (1)'

2023-06-23 11:54:27 - [TEST_STEP][PASSED] - tap(findTestObject("Parte2/Ajustes cuenta/Cuenta/Solicitud Pin de Acceso/android.widget.ImageButton (1)"), 0): Tapped on element 'Object Repository/Parte2/Ajustes cuenta/Cuenta/Solicitud Pin de Acceso/android.widget.ImageButton (1)'

2023-06-23 11:54:28 - [MESSAGE][WARNING] - Timeout '0' is invalid. Using default page load timeout: '30'

2023-06-23 11:54:28 - [MESSAGE][PASSED] - Tapped on element 'Object Repository/Parte2/Ajustes cuenta/Cuenta/Solicitud Pin de Acceso/android.widget.ImageButton (1)'

2023-06-23 11:54:28 - [TEST_STEP][PASSED] - verifyElementExist(findTestObject("Parte2/Ajustes cuenta/Cuenta/Solicitud Pin de Acceso/android.view.ViewGroup"), 0): Element 'Object Repository/Parte2/Ajustes cuenta/Cuenta/Solicitud Pin de Acceso/android.view.ViewGroup' is exist

2023-06-23 11:54:28 - [MESSAGE][WARNING] - Timeout '0' is invalid. Using default page load timeout: '30'

2023-06-23 11:54:29 - [MESSAGE][PASSED] - Element 'Object Repository/Parte2/Ajustes cuenta/Cuenta/Solicitud Pin de Acceso/android.view.ViewGroup' is exist]]></system-out>
         <system-err><![CDATA[]]></system-err>
      </testcase>
      <testcase name="Test Cases/Parte2/Ajustes/Cuenta/Tiempo Pin de Acceso/CPN171" time="42.454" classname="Test Cases/Parte2/Ajustes/Cuenta/Tiempo Pin de Acceso/CPN171" status="PASSED">
         <system-out><![CDATA[2023-06-23 11:54:29 - [TEST_CASE][PASSED] - Test Cases/Parte2/Ajustes/Cuenta/Tiempo Pin de Acceso/CPN171: Test Cases/Parte2/Ajustes/Cuenta/Tiempo Pin de Acceso/CPN171

2023-06-23 11:54:29 - [TEST_STEP][PASSED] - tap(findTestObject("Parte2/Ajustes cuenta/Cuenta/Solicitud Pin de Acceso/android.widget.FrameLayout"), 0): Tapped on element 'Object Repository/Parte2/Ajustes cuenta/Cuenta/Solicitud Pin de Acceso/android.widget.FrameLayout'

2023-06-23 11:54:29 - [MESSAGE][WARNING] - Timeout '0' is invalid. Using default page load timeout: '30'

2023-06-23 11:54:30 - [MESSAGE][PASSED] - Tapped on element 'Object Repository/Parte2/Ajustes cuenta/Cuenta/Solicitud Pin de Acceso/android.widget.FrameLayout'

2023-06-23 11:54:30 - [TEST_STEP][PASSED] - tap(findTestObject("Parte2/Ajustes cuenta/Cuenta/Solicitud Pin de Acceso/android.widget.LinearLayout"), 0): Tapped on element 'Object Repository/Parte2/Ajustes cuenta/Cuenta/Solicitud Pin de Acceso/android.widget.LinearLayout'

2023-06-23 11:54:30 - [MESSAGE][WARNING] - Timeout '0' is invalid. Using default page load timeout: '30'

2023-06-23 11:54:31 - [MESSAGE][PASSED] - Tapped on element 'Object Repository/Parte2/Ajustes cuenta/Cuenta/Solicitud Pin de Acceso/android.widget.LinearLayout'

2023-06-23 11:54:31 - [TEST_STEP][PASSED] - tap(findTestObject("Parte2/Ajustes cuenta/Cuenta/Solicitud Pin de Acceso/android.widget.TextView - Tiempo para solicitud de pin de acceso"), 0): Tapped on element 'Object Repository/Parte2/Ajustes cuenta/Cuenta/Solicitud Pin de Acceso/android.widget.TextView - Tiempo para solicitud de pin de acceso'

2023-06-23 11:54:31 - [MESSAGE][WARNING] - Timeout '0' is invalid. Using default page load timeout: '30'

2023-06-23 11:54:32 - [MESSAGE][PASSED] - Tapped on element 'Object Repository/Parte2/Ajustes cuenta/Cuenta/Solicitud Pin de Acceso/android.widget.TextView - Tiempo para solicitud de pin de acceso'

2023-06-23 11:54:32 - [TEST_STEP][PASSED] - tap(findTestObject("Parte2/Ajustes cuenta/Cuenta/Solicitud Pin de Acceso/android.widget.RadioButton - 30 segundos"), 0): Tapped on element 'Object Repository/Parte2/Ajustes cuenta/Cuenta/Solicitud Pin de Acceso/android.widget.RadioButton - 30 segundos'

2023-06-23 11:54:32 - [MESSAGE][WARNING] - Timeout '0' is invalid. Using default page load timeout: '30'

2023-06-23 11:54:32 - [MESSAGE][PASSED] - Tapped on element 'Object Repository/Parte2/Ajustes cuenta/Cuenta/Solicitud Pin de Acceso/android.widget.RadioButton - 30 segundos'

2023-06-23 11:54:32 - [TEST_STEP][PASSED] - verifyElementExist(findTestObject("Parte2/Ajustes cuenta/Cuenta/Solicitud Pin de Acceso/android.view.ViewGroup (1)"), 0): Element 'Object Repository/Parte2/Ajustes cuenta/Cuenta/Solicitud Pin de Acceso/android.view.ViewGroup (1)' is exist

2023-06-23 11:54:32 - [MESSAGE][WARNING] - Timeout '0' is invalid. Using default page load timeout: '30'

2023-06-23 11:54:33 - [MESSAGE][PASSED] - Element 'Object Repository/Parte2/Ajustes cuenta/Cuenta/Solicitud Pin de Acceso/android.view.ViewGroup (1)' is exist

2023-06-23 11:54:33 - [TEST_STEP][PASSED] - tap(findTestObject("Parte2/Ajustes cuenta/Cuenta/Solicitud Pin de Acceso/android.widget.Button - Aceptar"), 0): Tapped on element 'Object Repository/Parte2/Ajustes cuenta/Cuenta/Solicitud Pin de Acceso/android.widget.Button - Aceptar'

2023-06-23 11:54:33 - [MESSAGE][WARNING] - Timeout '0' is invalid. Using default page load timeout: '30'

2023-06-23 11:54:33 - [MESSAGE][PASSED] - Tapped on element 'Object Repository/Parte2/Ajustes cuenta/Cuenta/Solicitud Pin de Acceso/android.widget.Button - Aceptar'

2023-06-23 11:54:33 - [TEST_STEP][PASSED] - verifyElementText(findTestObject("Parte2/Ajustes cuenta/Cuenta/Solicitud Pin de Acceso/android.widget.TextView - 30 segundos"), "30 segundos"): Actual text and expected text of test object 'Object Repository/Parte2/Ajustes cuenta/Cuenta/Solicitud Pin de Acceso/android.widget.TextView - 30 segundos' are matched.

2023-06-23 11:54:34 - [MESSAGE][PASSED] - Actual text and expected text of test object 'Object Repository/Parte2/Ajustes cuenta/Cuenta/Solicitud Pin de Acceso/android.widget.TextView - 30 segundos' are matched.

2023-06-23 11:54:34 - [TEST_STEP][PASSED] - pressBack(): Press back button successfully

2023-06-23 11:54:34 - [MESSAGE][PASSED] - Press back button successfully

2023-06-23 11:54:34 - [TEST_STEP][PASSED] - pressBack(): Press back button successfully

2023-06-23 11:54:35 - [MESSAGE][PASSED] - Press back button successfully

2023-06-23 11:54:35 - [TEST_STEP][PASSED] - pressBack(): Press back button successfully

2023-06-23 11:54:37 - [MESSAGE][PASSED] - Press back button successfully

2023-06-23 11:54:37 - [TEST_STEP][PASSED] - delay(30): Delayed 30 second(s)

2023-06-23 11:55:07 - [MESSAGE][PASSED] - Delayed 30 second(s)

2023-06-23 11:55:07 - [TEST_STEP][PASSED] - tap(findTestObject("Parte2/Ajustes cuenta/Cuenta/Solicitud Pin de Acceso/android.widget.TextView - NapoleoN"), 0): Tapped on element 'Object Repository/Parte2/Ajustes cuenta/Cuenta/Solicitud Pin de Acceso/android.widget.TextView - NapoleoN'

2023-06-23 11:55:07 - [MESSAGE][WARNING] - Timeout '0' is invalid. Using default page load timeout: '30'

2023-06-23 11:55:07 - [MESSAGE][PASSED] - Tapped on element 'Object Repository/Parte2/Ajustes cuenta/Cuenta/Solicitud Pin de Acceso/android.widget.TextView - NapoleoN'

2023-06-23 11:55:07 - [TEST_STEP][PASSED] - verifyElementExist(findTestObject("Parte2/Ajustes cuenta/Cuenta/Solicitud Pin de Acceso/android.widget.FrameLayout (1)"), 0): Element 'Object Repository/Parte2/Ajustes cuenta/Cuenta/Solicitud Pin de Acceso/android.widget.FrameLayout (1)' is exist

2023-06-23 11:55:07 - [MESSAGE][WARNING] - Timeout '0' is invalid. Using default page load timeout: '30'

2023-06-23 11:55:08 - [MESSAGE][PASSED] - Element 'Object Repository/Parte2/Ajustes cuenta/Cuenta/Solicitud Pin de Acceso/android.widget.FrameLayout (1)' is exist

2023-06-23 11:55:08 - [TEST_STEP][PASSED] - tap(findTestObject("Parte2/Ajustes cuenta/Cuenta/Solicitud Pin de Acceso/android.widget.ImageButton (1)"), 0): Tapped on element 'Object Repository/Parte2/Ajustes cuenta/Cuenta/Solicitud Pin de Acceso/android.widget.ImageButton (1)'

2023-06-23 11:55:08 - [MESSAGE][WARNING] - Timeout '0' is invalid. Using default page load timeout: '30'

2023-06-23 11:55:08 - [MESSAGE][PASSED] - Tapped on element 'Object Repository/Parte2/Ajustes cuenta/Cuenta/Solicitud Pin de Acceso/android.widget.ImageButton (1)'

2023-06-23 11:55:08 - [TEST_STEP][PASSED] - tap(findTestObject("Parte2/Ajustes cuenta/Cuenta/Solicitud Pin de Acceso/android.widget.ImageButton (1)"), 0): Tapped on element 'Object Repository/Parte2/Ajustes cuenta/Cuenta/Solicitud Pin de Acceso/android.widget.ImageButton (1)'

2023-06-23 11:55:08 - [MESSAGE][WARNING] - Timeout '0' is invalid. Using default page load timeout: '30'

2023-06-23 11:55:09 - [MESSAGE][PASSED] - Tapped on element 'Object Repository/Parte2/Ajustes cuenta/Cuenta/Solicitud Pin de Acceso/android.widget.ImageButton (1)'

2023-06-23 11:55:09 - [TEST_STEP][PASSED] - tap(findTestObject("Parte2/Ajustes cuenta/Cuenta/Solicitud Pin de Acceso/android.widget.ImageButton (1)"), 0): Tapped on element 'Object Repository/Parte2/Ajustes cuenta/Cuenta/Solicitud Pin de Acceso/android.widget.ImageButton (1)'

2023-06-23 11:55:09 - [MESSAGE][WARNING] - Timeout '0' is invalid. Using default page load timeout: '30'

2023-06-23 11:55:10 - [MESSAGE][PASSED] - Tapped on element 'Object Repository/Parte2/Ajustes cuenta/Cuenta/Solicitud Pin de Acceso/android.widget.ImageButton (1)'

2023-06-23 11:55:10 - [TEST_STEP][PASSED] - tap(findTestObject("Parte2/Ajustes cuenta/Cuenta/Solicitud Pin de Acceso/android.widget.ImageButton (1)"), 0): Tapped on element 'Object Repository/Parte2/Ajustes cuenta/Cuenta/Solicitud Pin de Acceso/android.widget.ImageButton (1)'

2023-06-23 11:55:10 - [MESSAGE][WARNING] - Timeout '0' is invalid. Using default page load timeout: '30'

2023-06-23 11:55:11 - [MESSAGE][PASSED] - Tapped on element 'Object Repository/Parte2/Ajustes cuenta/Cuenta/Solicitud Pin de Acceso/android.widget.ImageButton (1)'

2023-06-23 11:55:11 - [TEST_STEP][PASSED] - verifyElementExist(findTestObject("Parte2/Ajustes cuenta/Cuenta/Solicitud Pin de Acceso/android.view.ViewGroup"), 0): Element 'Object Repository/Parte2/Ajustes cuenta/Cuenta/Solicitud Pin de Acceso/android.view.ViewGroup' is exist

2023-06-23 11:55:11 - [MESSAGE][WARNING] - Timeout '0' is invalid. Using default page load timeout: '30'

2023-06-23 11:55:12 - [MESSAGE][PASSED] - Element 'Object Repository/Parte2/Ajustes cuenta/Cuenta/Solicitud Pin de Acceso/android.view.ViewGroup' is exist]]></system-out>
         <system-err><![CDATA[]]></system-err>
      </testcase>
      <testcase name="Test Cases/Parte2/Ajustes/Cuenta/Tiempo Pin de Acceso/CPN172" time="4.778" classname="Test Cases/Parte2/Ajustes/Cuenta/Tiempo Pin de Acceso/CPN172" status="PASSED">
         <system-out><![CDATA[2023-06-23 11:55:12 - [TEST_CASE][PASSED] - Test Cases/Parte2/Ajustes/Cuenta/Tiempo Pin de Acceso/CPN172: Test Cases/Parte2/Ajustes/Cuenta/Tiempo Pin de Acceso/CPN172

2023-06-23 11:55:12 - [TEST_STEP][PASSED] - tap(findTestObject("Parte2/Ajustes cuenta/Cuenta/Solicitud Pin de Acceso/android.widget.FrameLayout"), 0): Tapped on element 'Object Repository/Parte2/Ajustes cuenta/Cuenta/Solicitud Pin de Acceso/android.widget.FrameLayout'

2023-06-23 11:55:12 - [MESSAGE][WARNING] - Timeout '0' is invalid. Using default page load timeout: '30'

2023-06-23 11:55:12 - [MESSAGE][PASSED] - Tapped on element 'Object Repository/Parte2/Ajustes cuenta/Cuenta/Solicitud Pin de Acceso/android.widget.FrameLayout'

2023-06-23 11:55:12 - [TEST_STEP][PASSED] - tap(findTestObject("Parte2/Ajustes cuenta/Cuenta/Solicitud Pin de Acceso/android.widget.LinearLayout"), 0): Tapped on element 'Object Repository/Parte2/Ajustes cuenta/Cuenta/Solicitud Pin de Acceso/android.widget.LinearLayout'

2023-06-23 11:55:12 - [MESSAGE][WARNING] - Timeout '0' is invalid. Using default page load timeout: '30'

2023-06-23 11:55:13 - [MESSAGE][PASSED] - Tapped on element 'Object Repository/Parte2/Ajustes cuenta/Cuenta/Solicitud Pin de Acceso/android.widget.LinearLayout'

2023-06-23 11:55:13 - [TEST_STEP][PASSED] - tap(findTestObject("Parte2/Ajustes cuenta/Cuenta/Solicitud Pin de Acceso/android.widget.TextView - Tiempo para solicitud de pin de acceso"), 0): Tapped on element 'Object Repository/Parte2/Ajustes cuenta/Cuenta/Solicitud Pin de Acceso/android.widget.TextView - Tiempo para solicitud de pin de acceso'

2023-06-23 11:55:13 - [MESSAGE][WARNING] - Timeout '0' is invalid. Using default page load timeout: '30'

2023-06-23 11:55:14 - [MESSAGE][PASSED] - Tapped on element 'Object Repository/Parte2/Ajustes cuenta/Cuenta/Solicitud Pin de Acceso/android.widget.TextView - Tiempo para solicitud de pin de acceso'

2023-06-23 11:55:14 - [TEST_STEP][PASSED] - tap(findTestObject("Parte2/Ajustes cuenta/Cuenta/Solicitud Pin de Acceso/android.widget.RadioButton - 1 minuto"), 0): Tapped on element 'Object Repository/Parte2/Ajustes cuenta/Cuenta/Solicitud Pin de Acceso/android.widget.RadioButton - 1 minuto'

2023-06-23 11:55:14 - [MESSAGE][WARNING] - Timeout '0' is invalid. Using default page load timeout: '30'

2023-06-23 11:55:15 - [MESSAGE][PASSED] - Tapped on element 'Object Repository/Parte2/Ajustes cuenta/Cuenta/Solicitud Pin de Acceso/android.widget.RadioButton - 1 minuto'

2023-06-23 11:55:15 - [TEST_STEP][PASSED] - verifyElementExist(findTestObject("Parte2/Ajustes cuenta/Cuenta/Solicitud Pin de Acceso/android.view.ViewGroup (1)"), 0): Element 'Object Repository/Parte2/Ajustes cuenta/Cuenta/Solicitud Pin de Acceso/android.view.ViewGroup (1)' is exist

2023-06-23 11:55:15 - [MESSAGE][WARNING] - Timeout '0' is invalid. Using default page load timeout: '30'

2023-06-23 11:55:15 - [MESSAGE][PASSED] - Element 'Object Repository/Parte2/Ajustes cuenta/Cuenta/Solicitud Pin de Acceso/android.view.ViewGroup (1)' is exist

2023-06-23 11:55:15 - [TEST_STEP][PASSED] - tap(findTestObject("Parte2/Ajustes cuenta/Cuenta/Solicitud Pin de Acceso/android.widget.Button - Aceptar"), 0): Tapped on element 'Object Repository/Parte2/Ajustes cuenta/Cuenta/Solicitud Pin de Acceso/android.widget.Button - Aceptar'

2023-06-23 11:55:16 - [MESSAGE][WARNING] - Timeout '0' is invalid. Using default page load timeout: '30'

2023-06-23 11:55:16 - [MESSAGE][PASSED] - Tapped on element 'Object Repository/Parte2/Ajustes cuenta/Cuenta/Solicitud Pin de Acceso/android.widget.Button - Aceptar'

2023-06-23 11:55:16 - [TEST_STEP][PASSED] - verifyElementText(findTestObject("Parte2/Ajustes cuenta/Cuenta/Solicitud Pin de Acceso/android.widget.TextView - 1 minuto"), "1 minuto"): Actual text and expected text of test object 'Object Repository/Parte2/Ajustes cuenta/Cuenta/Solicitud Pin de Acceso/android.widget.TextView - 1 minuto' are matched.

2023-06-23 11:55:16 - [MESSAGE][PASSED] - Actual text and expected text of test object 'Object Repository/Parte2/Ajustes cuenta/Cuenta/Solicitud Pin de Acceso/android.widget.TextView - 1 minuto' are matched.]]></system-out>
         <system-err><![CDATA[]]></system-err>
      </testcase>
      <testcase name="Test Cases/Parte2/Ajustes/Cuenta/Tiempo Pin de Acceso/CPN173" time="2.863" classname="Test Cases/Parte2/Ajustes/Cuenta/Tiempo Pin de Acceso/CPN173" status="PASSED">
         <system-out><![CDATA[2023-06-23 11:55:16 - [TEST_CASE][PASSED] - Test Cases/Parte2/Ajustes/Cuenta/Tiempo Pin de Acceso/CPN173: Test Cases/Parte2/Ajustes/Cuenta/Tiempo Pin de Acceso/CPN173

2023-06-23 11:55:17 - [TEST_STEP][PASSED] - tap(findTestObject("Parte2/Ajustes cuenta/Cuenta/Solicitud Pin de Acceso/android.widget.TextView - Tiempo para solicitud de pin de acceso"), 0): Tapped on element 'Object Repository/Parte2/Ajustes cuenta/Cuenta/Solicitud Pin de Acceso/android.widget.TextView - Tiempo para solicitud de pin de acceso'

2023-06-23 11:55:17 - [MESSAGE][WARNING] - Timeout '0' is invalid. Using default page load timeout: '30'

2023-06-23 11:55:17 - [MESSAGE][PASSED] - Tapped on element 'Object Repository/Parte2/Ajustes cuenta/Cuenta/Solicitud Pin de Acceso/android.widget.TextView - Tiempo para solicitud de pin de acceso'

2023-06-23 11:55:17 - [TEST_STEP][PASSED] - checkElement(findTestObject("Parte2/Ajustes cuenta/Cuenta/Solicitud Pin de Acceso/android.widget.RadioButton - 5 minutos"), 0): Element 'Object Repository/Parte2/Ajustes cuenta/Cuenta/Solicitud Pin de Acceso/android.widget.RadioButton - 5 minutos' is checked

2023-06-23 11:55:17 - [MESSAGE][WARNING] - Timeout '0' is invalid. Using default page load timeout: '30'

2023-06-23 11:55:18 - [MESSAGE][PASSED] - Element 'Object Repository/Parte2/Ajustes cuenta/Cuenta/Solicitud Pin de Acceso/android.widget.RadioButton - 5 minutos' is checked

2023-06-23 11:55:18 - [TEST_STEP][PASSED] - tap(findTestObject("Parte2/Ajustes cuenta/Cuenta/Solicitud Pin de Acceso/android.widget.Button - Aceptar"), 0): Tapped on element 'Object Repository/Parte2/Ajustes cuenta/Cuenta/Solicitud Pin de Acceso/android.widget.Button - Aceptar'

2023-06-23 11:55:18 - [MESSAGE][WARNING] - Timeout '0' is invalid. Using default page load timeout: '30'

2023-06-23 11:55:19 - [MESSAGE][PASSED] - Tapped on element 'Object Repository/Parte2/Ajustes cuenta/Cuenta/Solicitud Pin de Acceso/android.widget.Button - Aceptar'

2023-06-23 11:55:19 - [TEST_STEP][PASSED] - verifyElementText(findTestObject("Parte2/Ajustes cuenta/Cuenta/Solicitud Pin de Acceso/android.widget.TextView - 5 minutos"), "5 minutos"): Actual text and expected text of test object 'Object Repository/Parte2/Ajustes cuenta/Cuenta/Solicitud Pin de Acceso/android.widget.TextView - 5 minutos' are matched.

2023-06-23 11:55:19 - [MESSAGE][PASSED] - Actual text and expected text of test object 'Object Repository/Parte2/Ajustes cuenta/Cuenta/Solicitud Pin de Acceso/android.widget.TextView - 5 minutos' are matched.]]></system-out>
         <system-err><![CDATA[]]></system-err>
      </testcase>
      <testcase name="Test Cases/Parte2/Ajustes/Cuenta/Tiempo Pin de Acceso/CPN174" time="2.82" classname="Test Cases/Parte2/Ajustes/Cuenta/Tiempo Pin de Acceso/CPN174" status="PASSED">
         <system-out><![CDATA[2023-06-23 11:55:19 - [TEST_CASE][PASSED] - Test Cases/Parte2/Ajustes/Cuenta/Tiempo Pin de Acceso/CPN174: Test Cases/Parte2/Ajustes/Cuenta/Tiempo Pin de Acceso/CPN174

2023-06-23 11:55:20 - [TEST_STEP][PASSED] - tap(findTestObject("Parte2/Ajustes cuenta/Cuenta/Solicitud Pin de Acceso/android.widget.TextView - Tiempo para solicitud de pin de acceso"), 0): Tapped on element 'Object Repository/Parte2/Ajustes cuenta/Cuenta/Solicitud Pin de Acceso/android.widget.TextView - Tiempo para solicitud de pin de acceso'

2023-06-23 11:55:20 - [MESSAGE][WARNING] - Timeout '0' is invalid. Using default page load timeout: '30'

2023-06-23 11:55:20 - [MESSAGE][PASSED] - Tapped on element 'Object Repository/Parte2/Ajustes cuenta/Cuenta/Solicitud Pin de Acceso/android.widget.TextView - Tiempo para solicitud de pin de acceso'

2023-06-23 11:55:20 - [TEST_STEP][PASSED] - checkElement(findTestObject("Parte2/Ajustes cuenta/Cuenta/Solicitud Pin de Acceso/android.widget.RadioButton - 1 hora"), 0): Element 'Object Repository/Parte2/Ajustes cuenta/Cuenta/Solicitud Pin de Acceso/android.widget.RadioButton - 1 hora' is checked

2023-06-23 11:55:20 - [MESSAGE][WARNING] - Timeout '0' is invalid. Using default page load timeout: '30'

2023-06-23 11:55:21 - [MESSAGE][PASSED] - Element 'Object Repository/Parte2/Ajustes cuenta/Cuenta/Solicitud Pin de Acceso/android.widget.RadioButton - 1 hora' is checked

2023-06-23 11:55:21 - [TEST_STEP][PASSED] - tap(findTestObject("Parte2/Ajustes cuenta/Cuenta/Solicitud Pin de Acceso/android.widget.Button - Aceptar"), 0): Tapped on element 'Object Repository/Parte2/Ajustes cuenta/Cuenta/Solicitud Pin de Acceso/android.widget.Button - Aceptar'

2023-06-23 11:55:21 - [MESSAGE][WARNING] - Timeout '0' is invalid. Using default page load timeout: '30'

2023-06-23 11:55:21 - [MESSAGE][PASSED] - Tapped on element 'Object Repository/Parte2/Ajustes cuenta/Cuenta/Solicitud Pin de Acceso/android.widget.Button - Aceptar'

2023-06-23 11:55:21 - [TEST_STEP][PASSED] - verifyElementText(findTestObject("Parte2/Ajustes cuenta/Cuenta/Solicitud Pin de Acceso/android.widget.TextView - 1 hora"), "1 hora"): Actual text and expected text of test object 'Object Repository/Parte2/Ajustes cuenta/Cuenta/Solicitud Pin de Acceso/android.widget.TextView - 1 hora' are matched.

2023-06-23 11:55:22 - [MESSAGE][PASSED] - Actual text and expected text of test object 'Object Repository/Parte2/Ajustes cuenta/Cuenta/Solicitud Pin de Acceso/android.widget.TextView - 1 hora' are matched.]]></system-out>
         <system-err><![CDATA[]]></system-err>
      </testcase>
      <testcase name="Test Cases/Parte2/Ajustes/Cuenta/Tiempo Pin de Acceso/CPN175" time="5.881" classname="Test Cases/Parte2/Ajustes/Cuenta/Tiempo Pin de Acceso/CPN175" status="PASSED">
         <system-out><![CDATA[2023-06-23 11:55:22 - [TEST_CASE][PASSED] - Test Cases/Parte2/Ajustes/Cuenta/Tiempo Pin de Acceso/CPN175: Test Cases/Parte2/Ajustes/Cuenta/Tiempo Pin de Acceso/CPN175

2023-06-23 11:55:22 - [TEST_STEP][PASSED] - tap(findTestObject("Parte2/Ajustes cuenta/Cuenta/Solicitud Pin de Acceso/android.widget.TextView - Tiempo para solicitud de pin de acceso"), 0): Tapped on element 'Object Repository/Parte2/Ajustes cuenta/Cuenta/Solicitud Pin de Acceso/android.widget.TextView - Tiempo para solicitud de pin de acceso'

2023-06-23 11:55:22 - [MESSAGE][WARNING] - Timeout '0' is invalid. Using default page load timeout: '30'

2023-06-23 11:55:23 - [MESSAGE][PASSED] - Tapped on element 'Object Repository/Parte2/Ajustes cuenta/Cuenta/Solicitud Pin de Acceso/android.widget.TextView - Tiempo para solicitud de pin de acceso'

2023-06-23 11:55:23 - [TEST_STEP][PASSED] - scrollToText("1 día", STOP_ON_FAILURE): Scrolling to text '1 día' successfully

2023-06-23 11:55:26 - [MESSAGE][PASSED] - Scrolling to text '1 día' successfully

2023-06-23 11:55:26 - [TEST_STEP][PASSED] - checkElement(findTestObject("Parte2/Ajustes cuenta/Cuenta/Solicitud Pin de Acceso/android.widget.RadioButton - 1 da"), 0): Element 'Object Repository/Parte2/Ajustes cuenta/Cuenta/Solicitud Pin de Acceso/android.widget.RadioButton - 1 da' is checked

2023-06-23 11:55:26 - [MESSAGE][WARNING] - Timeout '0' is invalid. Using default page load timeout: '30'

2023-06-23 11:55:27 - [MESSAGE][PASSED] - Element 'Object Repository/Parte2/Ajustes cuenta/Cuenta/Solicitud Pin de Acceso/android.widget.RadioButton - 1 da' is checked

2023-06-23 11:55:27 - [TEST_STEP][PASSED] - tap(findTestObject("Parte2/Ajustes cuenta/Cuenta/Solicitud Pin de Acceso/android.widget.Button - Aceptar"), 0): Tapped on element 'Object Repository/Parte2/Ajustes cuenta/Cuenta/Solicitud Pin de Acceso/android.widget.Button - Aceptar'

2023-06-23 11:55:27 - [MESSAGE][WARNING] - Timeout '0' is invalid. Using default page load timeout: '30'

2023-06-23 11:55:27 - [MESSAGE][PASSED] - Tapped on element 'Object Repository/Parte2/Ajustes cuenta/Cuenta/Solicitud Pin de Acceso/android.widget.Button - Aceptar'

2023-06-23 11:55:27 - [TEST_STEP][PASSED] - verifyElementText(findTestObject("Parte2/Ajustes cuenta/Cuenta/Solicitud Pin de Acceso/android.widget.TextView - 1 da"), "1 día"): Actual text and expected text of test object 'Object Repository/Parte2/Ajustes cuenta/Cuenta/Solicitud Pin de Acceso/android.widget.TextView - 1 da' are matched.

2023-06-23 11:55:28 - [MESSAGE][PASSED] - Actual text and expected text of test object 'Object Repository/Parte2/Ajustes cuenta/Cuenta/Solicitud Pin de Acceso/android.widget.TextView - 1 da' are matched.]]></system-out>
         <system-err><![CDATA[]]></system-err>
      </testcase>
      <testcase name="Test Cases/Parte2/Ajustes/Cuenta/Tiempo Pin de Acceso/CPN176" time="9.958" classname="Test Cases/Parte2/Ajustes/Cuenta/Tiempo Pin de Acceso/CPN176" status="PASSED">
         <system-out><![CDATA[2023-06-23 11:55:28 - [TEST_CASE][PASSED] - Test Cases/Parte2/Ajustes/Cuenta/Tiempo Pin de Acceso/CPN176: Test Cases/Parte2/Ajustes/Cuenta/Tiempo Pin de Acceso/CPN176

2023-06-23 11:55:28 - [TEST_STEP][PASSED] - tap(findTestObject("Parte2/Ajustes cuenta/Cuenta/Solicitud Pin de Acceso/android.widget.TextView - Tiempo para solicitud de pin de acceso"), 0): Tapped on element 'Object Repository/Parte2/Ajustes cuenta/Cuenta/Solicitud Pin de Acceso/android.widget.TextView - Tiempo para solicitud de pin de acceso'

2023-06-23 11:55:28 - [MESSAGE][WARNING] - Timeout '0' is invalid. Using default page load timeout: '30'

2023-06-23 11:55:28 - [MESSAGE][PASSED] - Tapped on element 'Object Repository/Parte2/Ajustes cuenta/Cuenta/Solicitud Pin de Acceso/android.widget.TextView - Tiempo para solicitud de pin de acceso'

2023-06-23 11:55:28 - [TEST_STEP][PASSED] - scrollToText("Nunca", STOP_ON_FAILURE): Scrolling to text 'Nunca' successfully

2023-06-23 11:55:32 - [MESSAGE][PASSED] - Scrolling to text 'Nunca' successfully

2023-06-23 11:55:32 - [TEST_STEP][PASSED] - tap(findTestObject("Parte2/Ajustes cuenta/Cuenta/Solicitud Pin de Acceso/android.widget.RadioButton - Nunca"), 0): Tapped on element 'Object Repository/Parte2/Ajustes cuenta/Cuenta/Solicitud Pin de Acceso/android.widget.RadioButton - Nunca'

2023-06-23 11:55:32 - [MESSAGE][WARNING] - Timeout '0' is invalid. Using default page load timeout: '30'

2023-06-23 11:55:32 - [MESSAGE][PASSED] - Tapped on element 'Object Repository/Parte2/Ajustes cuenta/Cuenta/Solicitud Pin de Acceso/android.widget.RadioButton - Nunca'

2023-06-23 11:55:32 - [TEST_STEP][PASSED] - tap(findTestObject("Parte2/Ajustes cuenta/Cuenta/Solicitud Pin de Acceso/android.widget.Button - Aceptar"), 0): Tapped on element 'Object Repository/Parte2/Ajustes cuenta/Cuenta/Solicitud Pin de Acceso/android.widget.Button - Aceptar'

2023-06-23 11:55:32 - [MESSAGE][WARNING] - Timeout '0' is invalid. Using default page load timeout: '30'

2023-06-23 11:55:33 - [MESSAGE][PASSED] - Tapped on element 'Object Repository/Parte2/Ajustes cuenta/Cuenta/Solicitud Pin de Acceso/android.widget.Button - Aceptar'

2023-06-23 11:55:33 - [TEST_STEP][PASSED] - verifyElementText(findTestObject("Parte2/Ajustes cuenta/Cuenta/Solicitud Pin de Acceso/android.widget.TextView - Nunca"), "Nunca"): Actual text and expected text of test object 'Object Repository/Parte2/Ajustes cuenta/Cuenta/Solicitud Pin de Acceso/android.widget.TextView - Nunca' are matched.

2023-06-23 11:55:33 - [MESSAGE][PASSED] - Actual text and expected text of test object 'Object Repository/Parte2/Ajustes cuenta/Cuenta/Solicitud Pin de Acceso/android.widget.TextView - Nunca' are matched.

2023-06-23 11:55:33 - [TEST_STEP][PASSED] - pressBack(): Press back button successfully

2023-06-23 11:55:34 - [MESSAGE][PASSED] - Press back button successfully

2023-06-23 11:55:34 - [TEST_STEP][PASSED] - pressBack(): Press back button successfully

2023-06-23 11:55:35 - [MESSAGE][PASSED] - Press back button successfully

2023-06-23 11:55:35 - [TEST_STEP][PASSED] - pressBack(): Press back button successfully

2023-06-23 11:55:36 - [MESSAGE][PASSED] - Press back button successfully

2023-06-23 11:55:36 - [TEST_STEP][PASSED] - tap(findTestObject("Parte2/Ajustes cuenta/Cuenta/Solicitud Pin de Acceso/android.widget.TextView - NapoleoN"), 0): Tapped on element 'Object Repository/Parte2/Ajustes cuenta/Cuenta/Solicitud Pin de Acceso/android.widget.TextView - NapoleoN'

2023-06-23 11:55:36 - [MESSAGE][WARNING] - Timeout '0' is invalid. Using default page load timeout: '30'

2023-06-23 11:55:37 - [MESSAGE][PASSED] - Tapped on element 'Object Repository/Parte2/Ajustes cuenta/Cuenta/Solicitud Pin de Acceso/android.widget.TextView - NapoleoN'

2023-06-23 11:55:37 - [TEST_STEP][PASSED] - verifyElementExist(findTestObject("Parte2/Ajustes cuenta/Cuenta/Solicitud Pin de Acceso/android.widget.FrameLayout (1)"), 0): Element 'Object Repository/Parte2/Ajustes cuenta/Cuenta/Solicitud Pin de Acceso/android.widget.FrameLayout (1)' is exist

2023-06-23 11:55:37 - [MESSAGE][WARNING] - Timeout '0' is invalid. Using default page load timeout: '30'

2023-06-23 11:55:38 - [MESSAGE][PASSED] - Element 'Object Repository/Parte2/Ajustes cuenta/Cuenta/Solicitud Pin de Acceso/android.widget.FrameLayout (1)' is exist]]></system-out>
         <system-err><![CDATA[]]></system-err>
      </testcase>
      <testcase name="Test Cases/Parte2/Ajustes/Cuenta/Tiempo Pin de Acceso/CPN177" time="6.95" classname="Test Cases/Parte2/Ajustes/Cuenta/Tiempo Pin de Acceso/CPN177" status="PASSED">
         <system-out><![CDATA[2023-06-23 11:55:38 - [TEST_CASE][PASSED] - Test Cases/Parte2/Ajustes/Cuenta/Tiempo Pin de Acceso/CPN177: Test Cases/Parte2/Ajustes/Cuenta/Tiempo Pin de Acceso/CPN177

2023-06-23 11:55:38 - [TEST_STEP][PASSED] - tap(findTestObject("Parte2/Ajustes cuenta/Cuenta/Solicitud Pin de Acceso/android.widget.FrameLayout"), 0): Tapped on element 'Object Repository/Parte2/Ajustes cuenta/Cuenta/Solicitud Pin de Acceso/android.widget.FrameLayout'

2023-06-23 11:55:38 - [MESSAGE][WARNING] - Timeout '0' is invalid. Using default page load timeout: '30'

2023-06-23 11:55:38 - [MESSAGE][PASSED] - Tapped on element 'Object Repository/Parte2/Ajustes cuenta/Cuenta/Solicitud Pin de Acceso/android.widget.FrameLayout'

2023-06-23 11:55:38 - [TEST_STEP][PASSED] - tap(findTestObject("Parte2/Ajustes cuenta/Cuenta/Solicitud Pin de Acceso/android.widget.LinearLayout"), 0): Tapped on element 'Object Repository/Parte2/Ajustes cuenta/Cuenta/Solicitud Pin de Acceso/android.widget.LinearLayout'

2023-06-23 11:55:38 - [MESSAGE][WARNING] - Timeout '0' is invalid. Using default page load timeout: '30'

2023-06-23 11:55:39 - [MESSAGE][PASSED] - Tapped on element 'Object Repository/Parte2/Ajustes cuenta/Cuenta/Solicitud Pin de Acceso/android.widget.LinearLayout'

2023-06-23 11:55:39 - [TEST_STEP][PASSED] - tap(findTestObject("Parte2/Ajustes cuenta/Cuenta/Solicitud Pin de Acceso/android.widget.TextView - Tiempo para solicitud de pin de acceso"), 0): Tapped on element 'Object Repository/Parte2/Ajustes cuenta/Cuenta/Solicitud Pin de Acceso/android.widget.TextView - Tiempo para solicitud de pin de acceso'

2023-06-23 11:55:39 - [MESSAGE][WARNING] - Timeout '0' is invalid. Using default page load timeout: '30'

2023-06-23 11:55:40 - [MESSAGE][PASSED] - Tapped on element 'Object Repository/Parte2/Ajustes cuenta/Cuenta/Solicitud Pin de Acceso/android.widget.TextView - Tiempo para solicitud de pin de acceso'

2023-06-23 11:55:40 - [TEST_STEP][PASSED] - tap(findTestObject("Parte2/Ajustes cuenta/Cuenta/Solicitud Pin de Acceso/android.widget.RadioButton - Inmediatamente"), 0): Tapped on element 'Object Repository/Parte2/Ajustes cuenta/Cuenta/Solicitud Pin de Acceso/android.widget.RadioButton - Inmediatamente'

2023-06-23 11:55:40 - [MESSAGE][WARNING] - Timeout '0' is invalid. Using default page load timeout: '30'

2023-06-23 11:55:41 - [MESSAGE][PASSED] - Tapped on element 'Object Repository/Parte2/Ajustes cuenta/Cuenta/Solicitud Pin de Acceso/android.widget.RadioButton - Inmediatamente'

2023-06-23 11:55:41 - [TEST_STEP][PASSED] - tap(findTestObject("Parte2/Ajustes cuenta/Cuenta/Solicitud Pin de Acceso/android.widget.Button - Aceptar"), 0): Tapped on element 'Object Repository/Parte2/Ajustes cuenta/Cuenta/Solicitud Pin de Acceso/android.widget.Button - Aceptar'

2023-06-23 11:55:41 - [MESSAGE][WARNING] - Timeout '0' is invalid. Using default page load timeout: '30'

2023-06-23 11:55:42 - [MESSAGE][PASSED] - Tapped on element 'Object Repository/Parte2/Ajustes cuenta/Cuenta/Solicitud Pin de Acceso/android.widget.Button - Aceptar'

2023-06-23 11:55:42 - [TEST_STEP][PASSED] - verifyElementText(findTestObject("Parte2/Ajustes cuenta/Cuenta/Solicitud Pin de Acceso/android.widget.TextView - Inmediatamente"), "Inmediatamente"): Actual text and expected text of test object 'Object Repository/Parte2/Ajustes cuenta/Cuenta/Solicitud Pin de Acceso/android.widget.TextView - Inmediatamente' are matched.

2023-06-23 11:55:42 - [MESSAGE][PASSED] - Actual text and expected text of test object 'Object Repository/Parte2/Ajustes cuenta/Cuenta/Solicitud Pin de Acceso/android.widget.TextView - Inmediatamente' are matched.

2023-06-23 11:55:42 - [TEST_STEP][PASSED] - tap(findTestObject("Parte2/Ajustes cuenta/Cuenta/Solicitud Pin de Acceso/android.widget.TextView - Tiempo para solicitud de pin de acceso"), 0): Tapped on element 'Object Repository/Parte2/Ajustes cuenta/Cuenta/Solicitud Pin de Acceso/android.widget.TextView - Tiempo para solicitud de pin de acceso'

2023-06-23 11:55:43 - [MESSAGE][WARNING] - Timeout '0' is invalid. Using default page load timeout: '30'

2023-06-23 11:55:43 - [MESSAGE][PASSED] - Tapped on element 'Object Repository/Parte2/Ajustes cuenta/Cuenta/Solicitud Pin de Acceso/android.widget.TextView - Tiempo para solicitud de pin de acceso'

2023-06-23 11:55:43 - [TEST_STEP][PASSED] - tap(findTestObject("Parte2/Ajustes cuenta/Cuenta/Solicitud Pin de Acceso/android.widget.RadioButton - 10 Segundos"), 0): Tapped on element 'Object Repository/Parte2/Ajustes cuenta/Cuenta/Solicitud Pin de Acceso/android.widget.RadioButton - 10 Segundos'

2023-06-23 11:55:43 - [MESSAGE][WARNING] - Timeout '0' is invalid. Using default page load timeout: '30'

2023-06-23 11:55:43 - [MESSAGE][PASSED] - Tapped on element 'Object Repository/Parte2/Ajustes cuenta/Cuenta/Solicitud Pin de Acceso/android.widget.RadioButton - 10 Segundos'

2023-06-23 11:55:43 - [TEST_STEP][PASSED] - tap(findTestObject("Parte2/Ajustes cuenta/Cuenta/Solicitud Pin de Acceso/android.widget.Button - Cancelar"), 0): Tapped on element 'Object Repository/Parte2/Ajustes cuenta/Cuenta/Solicitud Pin de Acceso/android.widget.Button - Cancelar'

2023-06-23 11:55:44 - [MESSAGE][WARNING] - Timeout '0' is invalid. Using default page load timeout: '30'

2023-06-23 11:55:44 - [MESSAGE][PASSED] - Tapped on element 'Object Repository/Parte2/Ajustes cuenta/Cuenta/Solicitud Pin de Acceso/android.widget.Button - Cancelar'

2023-06-23 11:55:44 - [TEST_STEP][PASSED] - verifyElementText(findTestObject("Parte2/Ajustes cuenta/Cuenta/Solicitud Pin de Acceso/android.widget.TextView - Inmediatamente"), "Inmediatamente"): Actual text and expected text of test object 'Object Repository/Parte2/Ajustes cuenta/Cuenta/Solicitud Pin de Acceso/android.widget.TextView - Inmediatamente' are matched.

2023-06-23 11:55:45 - [MESSAGE][PASSED] - Actual text and expected text of test object 'Object Repository/Parte2/Ajustes cuenta/Cuenta/Solicitud Pin de Acceso/android.widget.TextView - Inmediatamente' are matched.]]></system-out>
         <system-err><![CDATA[]]></system-err>
      </testcase>
      <testcase name="Test Cases/Parte2/Ajustes/Cuenta/Tiempo Pin de Acceso/CPN178" time="2.816" classname="Test Cases/Parte2/Ajustes/Cuenta/Tiempo Pin de Acceso/CPN178" status="PASSED">
         <system-out><![CDATA[2023-06-23 11:55:45 - [TEST_CASE][PASSED] - Test Cases/Parte2/Ajustes/Cuenta/Tiempo Pin de Acceso/CPN178: Test Cases/Parte2/Ajustes/Cuenta/Tiempo Pin de Acceso/CPN178

2023-06-23 11:55:45 - [TEST_STEP][PASSED] - tap(findTestObject("Parte2/Ajustes cuenta/Cuenta/Solicitud Pin de Acceso/android.widget.TextView - Tiempo para solicitud de pin de acceso"), 0): Tapped on element 'Object Repository/Parte2/Ajustes cuenta/Cuenta/Solicitud Pin de Acceso/android.widget.TextView - Tiempo para solicitud de pin de acceso'

2023-06-23 11:55:45 - [MESSAGE][WARNING] - Timeout '0' is invalid. Using default page load timeout: '30'

2023-06-23 11:55:45 - [MESSAGE][PASSED] - Tapped on element 'Object Repository/Parte2/Ajustes cuenta/Cuenta/Solicitud Pin de Acceso/android.widget.TextView - Tiempo para solicitud de pin de acceso'

2023-06-23 11:55:45 - [TEST_STEP][PASSED] - tap(findTestObject("Parte2/Ajustes cuenta/Cuenta/Solicitud Pin de Acceso/android.widget.RadioButton - 30 segundos"), 0): Tapped on element 'Object Repository/Parte2/Ajustes cuenta/Cuenta/Solicitud Pin de Acceso/android.widget.RadioButton - 30 segundos'

2023-06-23 11:55:46 - [MESSAGE][WARNING] - Timeout '0' is invalid. Using default page load timeout: '30'

2023-06-23 11:55:46 - [MESSAGE][PASSED] - Tapped on element 'Object Repository/Parte2/Ajustes cuenta/Cuenta/Solicitud Pin de Acceso/android.widget.RadioButton - 30 segundos'

2023-06-23 11:55:46 - [TEST_STEP][PASSED] - tap(findTestObject("Parte2/Ajustes cuenta/Cuenta/Solicitud Pin de Acceso/android.widget.Button - Cancelar"), 0): Tapped on element 'Object Repository/Parte2/Ajustes cuenta/Cuenta/Solicitud Pin de Acceso/android.widget.Button - Cancelar'

2023-06-23 11:55:46 - [MESSAGE][WARNING] - Timeout '0' is invalid. Using default page load timeout: '30'

2023-06-23 11:55:47 - [MESSAGE][PASSED] - Tapped on element 'Object Repository/Parte2/Ajustes cuenta/Cuenta/Solicitud Pin de Acceso/android.widget.Button - Cancelar'

2023-06-23 11:55:47 - [TEST_STEP][PASSED] - verifyElementText(findTestObject("Parte2/Ajustes cuenta/Cuenta/Solicitud Pin de Acceso/android.widget.TextView - Inmediatamente"), "Inmediatamente"): Actual text and expected text of test object 'Object Repository/Parte2/Ajustes cuenta/Cuenta/Solicitud Pin de Acceso/android.widget.TextView - Inmediatamente' are matched.

2023-06-23 11:55:48 - [MESSAGE][PASSED] - Actual text and expected text of test object 'Object Repository/Parte2/Ajustes cuenta/Cuenta/Solicitud Pin de Acceso/android.widget.TextView - Inmediatamente' are matched.]]></system-out>
         <system-err><![CDATA[]]></system-err>
      </testcase>
      <testcase name="Test Cases/Parte2/Ajustes/Cuenta/Tiempo Pin de Acceso/CPN179" time="2.834" classname="Test Cases/Parte2/Ajustes/Cuenta/Tiempo Pin de Acceso/CPN179" status="PASSED">
         <system-out><![CDATA[2023-06-23 11:55:48 - [TEST_CASE][PASSED] - Test Cases/Parte2/Ajustes/Cuenta/Tiempo Pin de Acceso/CPN179: Test Cases/Parte2/Ajustes/Cuenta/Tiempo Pin de Acceso/CPN179

2023-06-23 11:55:48 - [TEST_STEP][PASSED] - tap(findTestObject("Parte2/Ajustes cuenta/Cuenta/Solicitud Pin de Acceso/android.widget.TextView - Tiempo para solicitud de pin de acceso"), 0): Tapped on element 'Object Repository/Parte2/Ajustes cuenta/Cuenta/Solicitud Pin de Acceso/android.widget.TextView - Tiempo para solicitud de pin de acceso'

2023-06-23 11:55:48 - [MESSAGE][WARNING] - Timeout '0' is invalid. Using default page load timeout: '30'

2023-06-23 11:55:48 - [MESSAGE][PASSED] - Tapped on element 'Object Repository/Parte2/Ajustes cuenta/Cuenta/Solicitud Pin de Acceso/android.widget.TextView - Tiempo para solicitud de pin de acceso'

2023-06-23 11:55:48 - [TEST_STEP][PASSED] - tap(findTestObject("Parte2/Ajustes cuenta/Cuenta/Solicitud Pin de Acceso/android.widget.RadioButton - 1 minuto"), 0): Tapped on element 'Object Repository/Parte2/Ajustes cuenta/Cuenta/Solicitud Pin de Acceso/android.widget.RadioButton - 1 minuto'

2023-06-23 11:55:48 - [MESSAGE][WARNING] - Timeout '0' is invalid. Using default page load timeout: '30'

2023-06-23 11:55:50 - [MESSAGE][PASSED] - Tapped on element 'Object Repository/Parte2/Ajustes cuenta/Cuenta/Solicitud Pin de Acceso/android.widget.RadioButton - 1 minuto'

2023-06-23 11:55:50 - [TEST_STEP][PASSED] - tap(findTestObject("Parte2/Ajustes cuenta/Cuenta/Solicitud Pin de Acceso/android.widget.Button - Cancelar"), 0): Tapped on element 'Object Repository/Parte2/Ajustes cuenta/Cuenta/Solicitud Pin de Acceso/android.widget.Button - Cancelar'

2023-06-23 11:55:50 - [MESSAGE][WARNING] - Timeout '0' is invalid. Using default page load timeout: '30'

2023-06-23 11:55:50 - [MESSAGE][PASSED] - Tapped on element 'Object Repository/Parte2/Ajustes cuenta/Cuenta/Solicitud Pin de Acceso/android.widget.Button - Cancelar'

2023-06-23 11:55:50 - [TEST_STEP][PASSED] - verifyElementText(findTestObject("Parte2/Ajustes cuenta/Cuenta/Solicitud Pin de Acceso/android.widget.TextView - Inmediatamente"), "Inmediatamente"): Actual text and expected text of test object 'Object Repository/Parte2/Ajustes cuenta/Cuenta/Solicitud Pin de Acceso/android.widget.TextView - Inmediatamente' are matched.

2023-06-23 11:55:51 - [MESSAGE][PASSED] - Actual text and expected text of test object 'Object Repository/Parte2/Ajustes cuenta/Cuenta/Solicitud Pin de Acceso/android.widget.TextView - Inmediatamente' are matched.]]></system-out>
         <system-err><![CDATA[]]></system-err>
      </testcase>
      <testcase name="Test Cases/Parte2/Ajustes/Cuenta/Tiempo Pin de Acceso/CPN180" time="3.118" classname="Test Cases/Parte2/Ajustes/Cuenta/Tiempo Pin de Acceso/CPN180" status="PASSED">
         <system-out><![CDATA[2023-06-23 11:55:51 - [TEST_CASE][PASSED] - Test Cases/Parte2/Ajustes/Cuenta/Tiempo Pin de Acceso/CPN180: Test Cases/Parte2/Ajustes/Cuenta/Tiempo Pin de Acceso/CPN180

2023-06-23 11:55:51 - [TEST_STEP][PASSED] - tap(findTestObject("Parte2/Ajustes cuenta/Cuenta/Solicitud Pin de Acceso/android.widget.TextView - Tiempo para solicitud de pin de acceso"), 0): Tapped on element 'Object Repository/Parte2/Ajustes cuenta/Cuenta/Solicitud Pin de Acceso/android.widget.TextView - Tiempo para solicitud de pin de acceso'

2023-06-23 11:55:51 - [MESSAGE][WARNING] - Timeout '0' is invalid. Using default page load timeout: '30'

2023-06-23 11:55:51 - [MESSAGE][PASSED] - Tapped on element 'Object Repository/Parte2/Ajustes cuenta/Cuenta/Solicitud Pin de Acceso/android.widget.TextView - Tiempo para solicitud de pin de acceso'

2023-06-23 11:55:51 - [TEST_STEP][PASSED] - tap(findTestObject("Parte2/Ajustes cuenta/Cuenta/Solicitud Pin de Acceso/android.widget.RadioButton - 5 minutos"), 0): Tapped on element 'Object Repository/Parte2/Ajustes cuenta/Cuenta/Solicitud Pin de Acceso/android.widget.RadioButton - 5 minutos'

2023-06-23 11:55:51 - [MESSAGE][WARNING] - Timeout '0' is invalid. Using default page load timeout: '30'

2023-06-23 11:55:52 - [MESSAGE][PASSED] - Tapped on element 'Object Repository/Parte2/Ajustes cuenta/Cuenta/Solicitud Pin de Acceso/android.widget.RadioButton - 5 minutos'

2023-06-23 11:55:52 - [TEST_STEP][PASSED] - tap(findTestObject("Parte2/Ajustes cuenta/Cuenta/Solicitud Pin de Acceso/android.widget.Button - Cancelar"), 0): Tapped on element 'Object Repository/Parte2/Ajustes cuenta/Cuenta/Solicitud Pin de Acceso/android.widget.Button - Cancelar'

2023-06-23 11:55:52 - [MESSAGE][WARNING] - Timeout '0' is invalid. Using default page load timeout: '30'

2023-06-23 11:55:53 - [MESSAGE][PASSED] - Tapped on element 'Object Repository/Parte2/Ajustes cuenta/Cuenta/Solicitud Pin de Acceso/android.widget.Button - Cancelar'

2023-06-23 11:55:53 - [TEST_STEP][PASSED] - verifyElementText(findTestObject("Parte2/Ajustes cuenta/Cuenta/Solicitud Pin de Acceso/android.widget.TextView - Inmediatamente"), "Inmediatamente"): Actual text and expected text of test object 'Object Repository/Parte2/Ajustes cuenta/Cuenta/Solicitud Pin de Acceso/android.widget.TextView - Inmediatamente' are matched.

2023-06-23 11:55:54 - [MESSAGE][PASSED] - Actual text and expected text of test object 'Object Repository/Parte2/Ajustes cuenta/Cuenta/Solicitud Pin de Acceso/android.widget.TextView - Inmediatamente' are matched.]]></system-out>
         <system-err><![CDATA[]]></system-err>
      </testcase>
      <testcase name="Test Cases/Parte2/Ajustes/Cuenta/Tiempo Pin de Acceso/CPN181" time="2.68" classname="Test Cases/Parte2/Ajustes/Cuenta/Tiempo Pin de Acceso/CPN181" status="PASSED">
         <system-out><![CDATA[2023-06-23 11:55:54 - [TEST_CASE][PASSED] - Test Cases/Parte2/Ajustes/Cuenta/Tiempo Pin de Acceso/CPN181: Test Cases/Parte2/Ajustes/Cuenta/Tiempo Pin de Acceso/CPN181

2023-06-23 11:55:54 - [TEST_STEP][PASSED] - tap(findTestObject("Parte2/Ajustes cuenta/Cuenta/Solicitud Pin de Acceso/android.widget.TextView - Tiempo para solicitud de pin de acceso"), 0): Tapped on element 'Object Repository/Parte2/Ajustes cuenta/Cuenta/Solicitud Pin de Acceso/android.widget.TextView - Tiempo para solicitud de pin de acceso'

2023-06-23 11:55:54 - [MESSAGE][WARNING] - Timeout '0' is invalid. Using default page load timeout: '30'

2023-06-23 11:55:54 - [MESSAGE][PASSED] - Tapped on element 'Object Repository/Parte2/Ajustes cuenta/Cuenta/Solicitud Pin de Acceso/android.widget.TextView - Tiempo para solicitud de pin de acceso'

2023-06-23 11:55:54 - [TEST_STEP][PASSED] - tap(findTestObject("Parte2/Ajustes cuenta/Cuenta/Solicitud Pin de Acceso/android.widget.RadioButton - 1 hora"), 0): Tapped on element 'Object Repository/Parte2/Ajustes cuenta/Cuenta/Solicitud Pin de Acceso/android.widget.RadioButton - 1 hora'

2023-06-23 11:55:54 - [MESSAGE][WARNING] - Timeout '0' is invalid. Using default page load timeout: '30'

2023-06-23 11:55:55 - [MESSAGE][PASSED] - Tapped on element 'Object Repository/Parte2/Ajustes cuenta/Cuenta/Solicitud Pin de Acceso/android.widget.RadioButton - 1 hora'

2023-06-23 11:55:55 - [TEST_STEP][PASSED] - tap(findTestObject("Parte2/Ajustes cuenta/Cuenta/Solicitud Pin de Acceso/android.widget.Button - Cancelar"), 0): Tapped on element 'Object Repository/Parte2/Ajustes cuenta/Cuenta/Solicitud Pin de Acceso/android.widget.Button - Cancelar'

2023-06-23 11:55:55 - [MESSAGE][WARNING] - Timeout '0' is invalid. Using default page load timeout: '30'

2023-06-23 11:55:56 - [MESSAGE][PASSED] - Tapped on element 'Object Repository/Parte2/Ajustes cuenta/Cuenta/Solicitud Pin de Acceso/android.widget.Button - Cancelar'

2023-06-23 11:55:56 - [TEST_STEP][PASSED] - verifyElementText(findTestObject("Parte2/Ajustes cuenta/Cuenta/Solicitud Pin de Acceso/android.widget.TextView - Inmediatamente"), "Inmediatamente"): Actual text and expected text of test object 'Object Repository/Parte2/Ajustes cuenta/Cuenta/Solicitud Pin de Acceso/android.widget.TextView - Inmediatamente' are matched.

2023-06-23 11:55:56 - [MESSAGE][PASSED] - Actual text and expected text of test object 'Object Repository/Parte2/Ajustes cuenta/Cuenta/Solicitud Pin de Acceso/android.widget.TextView - Inmediatamente' are matched.]]></system-out>
         <system-err><![CDATA[]]></system-err>
      </testcase>
      <testcase name="Test Cases/Parte2/Ajustes/Cuenta/Tiempo Pin de Acceso/CPN182" time="5.389" classname="Test Cases/Parte2/Ajustes/Cuenta/Tiempo Pin de Acceso/CPN182" status="PASSED">
         <system-out><![CDATA[2023-06-23 11:55:56 - [TEST_CASE][PASSED] - Test Cases/Parte2/Ajustes/Cuenta/Tiempo Pin de Acceso/CPN182: Test Cases/Parte2/Ajustes/Cuenta/Tiempo Pin de Acceso/CPN182

2023-06-23 11:55:57 - [TEST_STEP][PASSED] - tap(findTestObject("Parte2/Ajustes cuenta/Cuenta/Solicitud Pin de Acceso/android.widget.TextView - Tiempo para solicitud de pin de acceso"), 0): Tapped on element 'Object Repository/Parte2/Ajustes cuenta/Cuenta/Solicitud Pin de Acceso/android.widget.TextView - Tiempo para solicitud de pin de acceso'

2023-06-23 11:55:57 - [MESSAGE][WARNING] - Timeout '0' is invalid. Using default page load timeout: '30'

2023-06-23 11:55:57 - [MESSAGE][PASSED] - Tapped on element 'Object Repository/Parte2/Ajustes cuenta/Cuenta/Solicitud Pin de Acceso/android.widget.TextView - Tiempo para solicitud de pin de acceso'

2023-06-23 11:55:57 - [TEST_STEP][PASSED] - scrollToText("1 día", STOP_ON_FAILURE): Scrolling to text '1 día' successfully

2023-06-23 11:56:00 - [MESSAGE][PASSED] - Scrolling to text '1 día' successfully

2023-06-23 11:56:00 - [TEST_STEP][PASSED] - tap(findTestObject("Parte2/Ajustes cuenta/Cuenta/Solicitud Pin de Acceso/android.widget.RadioButton - 1 da"), 0): Tapped on element 'Object Repository/Parte2/Ajustes cuenta/Cuenta/Solicitud Pin de Acceso/android.widget.RadioButton - 1 da'

2023-06-23 11:56:00 - [MESSAGE][WARNING] - Timeout '0' is invalid. Using default page load timeout: '30'

2023-06-23 11:56:00 - [MESSAGE][PASSED] - Tapped on element 'Object Repository/Parte2/Ajustes cuenta/Cuenta/Solicitud Pin de Acceso/android.widget.RadioButton - 1 da'

2023-06-23 11:56:00 - [TEST_STEP][PASSED] - tap(findTestObject("Parte2/Ajustes cuenta/Cuenta/Solicitud Pin de Acceso/android.widget.Button - Cancelar"), 0): Tapped on element 'Object Repository/Parte2/Ajustes cuenta/Cuenta/Solicitud Pin de Acceso/android.widget.Button - Cancelar'

2023-06-23 11:56:00 - [MESSAGE][WARNING] - Timeout '0' is invalid. Using default page load timeout: '30'

2023-06-23 11:56:01 - [MESSAGE][PASSED] - Tapped on element 'Object Repository/Parte2/Ajustes cuenta/Cuenta/Solicitud Pin de Acceso/android.widget.Button - Cancelar'

2023-06-23 11:56:01 - [TEST_STEP][PASSED] - verifyElementText(findTestObject("Parte2/Ajustes cuenta/Cuenta/Solicitud Pin de Acceso/android.widget.TextView - Inmediatamente"), "Inmediatamente"): Actual text and expected text of test object 'Object Repository/Parte2/Ajustes cuenta/Cuenta/Solicitud Pin de Acceso/android.widget.TextView - Inmediatamente' are matched.

2023-06-23 11:56:02 - [MESSAGE][PASSED] - Actual text and expected text of test object 'Object Repository/Parte2/Ajustes cuenta/Cuenta/Solicitud Pin de Acceso/android.widget.TextView - Inmediatamente' are matched.]]></system-out>
         <system-err><![CDATA[]]></system-err>
      </testcase>
      <testcase name="Test Cases/Parte2/Ajustes/Cuenta/Tiempo Pin de Acceso/CPN183" time="7.529" classname="Test Cases/Parte2/Ajustes/Cuenta/Tiempo Pin de Acceso/CPN183" status="PASSED">
         <system-out><![CDATA[2023-06-23 11:56:02 - [TEST_CASE][PASSED] - Test Cases/Parte2/Ajustes/Cuenta/Tiempo Pin de Acceso/CPN183: Test Cases/Parte2/Ajustes/Cuenta/Tiempo Pin de Acceso/CPN183

2023-06-23 11:56:02 - [TEST_STEP][PASSED] - tap(findTestObject("Parte2/Ajustes cuenta/Cuenta/Solicitud Pin de Acceso/android.widget.TextView - Tiempo para solicitud de pin de acceso"), 0): Tapped on element 'Object Repository/Parte2/Ajustes cuenta/Cuenta/Solicitud Pin de Acceso/android.widget.TextView - Tiempo para solicitud de pin de acceso'

2023-06-23 11:56:02 - [MESSAGE][WARNING] - Timeout '0' is invalid. Using default page load timeout: '30'

2023-06-23 11:56:03 - [MESSAGE][PASSED] - Tapped on element 'Object Repository/Parte2/Ajustes cuenta/Cuenta/Solicitud Pin de Acceso/android.widget.TextView - Tiempo para solicitud de pin de acceso'

2023-06-23 11:56:03 - [TEST_STEP][PASSED] - scrollToText("Nunca", STOP_ON_FAILURE): Scrolling to text 'Nunca' successfully

2023-06-23 11:56:06 - [MESSAGE][PASSED] - Scrolling to text 'Nunca' successfully

2023-06-23 11:56:06 - [TEST_STEP][PASSED] - tap(findTestObject("Parte2/Ajustes cuenta/Cuenta/Solicitud Pin de Acceso/android.widget.RadioButton - Nunca"), 0): Tapped on element 'Object Repository/Parte2/Ajustes cuenta/Cuenta/Solicitud Pin de Acceso/android.widget.RadioButton - Nunca'

2023-06-23 11:56:06 - [MESSAGE][WARNING] - Timeout '0' is invalid. Using default page load timeout: '30'

2023-06-23 11:56:06 - [MESSAGE][PASSED] - Tapped on element 'Object Repository/Parte2/Ajustes cuenta/Cuenta/Solicitud Pin de Acceso/android.widget.RadioButton - Nunca'

2023-06-23 11:56:06 - [TEST_STEP][PASSED] - tap(findTestObject("Parte2/Ajustes cuenta/Cuenta/Solicitud Pin de Acceso/android.widget.Button - Cancelar"), 0): Tapped on element 'Object Repository/Parte2/Ajustes cuenta/Cuenta/Solicitud Pin de Acceso/android.widget.Button - Cancelar'

2023-06-23 11:56:06 - [MESSAGE][WARNING] - Timeout '0' is invalid. Using default page load timeout: '30'

2023-06-23 11:56:07 - [MESSAGE][PASSED] - Tapped on element 'Object Repository/Parte2/Ajustes cuenta/Cuenta/Solicitud Pin de Acceso/android.widget.Button - Cancelar'

2023-06-23 11:56:07 - [TEST_STEP][PASSED] - verifyElementText(findTestObject("Parte2/Ajustes cuenta/Cuenta/Solicitud Pin de Acceso/android.widget.TextView - Inmediatamente"), "Inmediatamente"): Actual text and expected text of test object 'Object Repository/Parte2/Ajustes cuenta/Cuenta/Solicitud Pin de Acceso/android.widget.TextView - Inmediatamente' are matched.

2023-06-23 11:56:08 - [MESSAGE][PASSED] - Actual text and expected text of test object 'Object Repository/Parte2/Ajustes cuenta/Cuenta/Solicitud Pin de Acceso/android.widget.TextView - Inmediatamente' are matched.

2023-06-23 11:56:08 - [TEST_STEP][PASSED] - tap(findTestObject("Parte2/Ajustes cuenta/Cuenta/Solicitud Pin de Acceso/android.widget.TextView - Tiempo para solicitud de pin de acceso"), 0): Tapped on element 'Object Repository/Parte2/Ajustes cuenta/Cuenta/Solicitud Pin de Acceso/android.widget.TextView - Tiempo para solicitud de pin de acceso'

2023-06-23 11:56:08 - [MESSAGE][WARNING] - Timeout '0' is invalid. Using default page load timeout: '30'

2023-06-23 11:56:08 - [MESSAGE][PASSED] - Tapped on element 'Object Repository/Parte2/Ajustes cuenta/Cuenta/Solicitud Pin de Acceso/android.widget.TextView - Tiempo para solicitud de pin de acceso'

2023-06-23 11:56:08 - [TEST_STEP][PASSED] - tap(findTestObject("Parte2/Ajustes cuenta/Cuenta/Solicitud Pin de Acceso/android.widget.RadioButton - 30 segundos"), 0): Tapped on element 'Object Repository/Parte2/Ajustes cuenta/Cuenta/Solicitud Pin de Acceso/android.widget.RadioButton - 30 segundos'

2023-06-23 11:56:08 - [MESSAGE][WARNING] - Timeout '0' is invalid. Using default page load timeout: '30'

2023-06-23 11:56:09 - [MESSAGE][PASSED] - Tapped on element 'Object Repository/Parte2/Ajustes cuenta/Cuenta/Solicitud Pin de Acceso/android.widget.RadioButton - 30 segundos'

2023-06-23 11:56:09 - [TEST_STEP][PASSED] - tap(findTestObject("Parte2/Ajustes cuenta/Cuenta/Solicitud Pin de Acceso/android.widget.Button - Aceptar"), 0): Tapped on element 'Object Repository/Parte2/Ajustes cuenta/Cuenta/Solicitud Pin de Acceso/android.widget.Button - Aceptar'

2023-06-23 11:56:09 - [MESSAGE][WARNING] - Timeout '0' is invalid. Using default page load timeout: '30'

2023-06-23 11:56:09 - [MESSAGE][PASSED] - Tapped on element 'Object Repository/Parte2/Ajustes cuenta/Cuenta/Solicitud Pin de Acceso/android.widget.Button - Aceptar']]></system-out>
         <system-err><![CDATA[]]></system-err>
      </testcase>
      <testcase name="Test Cases/Parte2/Ajustes/Cuenta/Contactos Bloqueados/CPN184" time="1.721" classname="Test Cases/Parte2/Ajustes/Cuenta/Contactos Bloqueados/CPN184" status="PASSED">
         <system-out><![CDATA[2023-06-23 11:56:09 - [TEST_CASE][PASSED] - Test Cases/Parte2/Ajustes/Cuenta/Contactos Bloqueados/CPN184: Test Cases/Parte2/Ajustes/Cuenta/Contactos Bloqueados/CPN184

2023-06-23 11:56:10 - [TEST_STEP][PASSED] - tap(findTestObject("Parte2/Ajustes cuenta/Cuenta/Contactos Bloqueados/android.widget.TextView - Contactos bloqueados"), 0): Tapped on element 'Object Repository/Parte2/Ajustes cuenta/Cuenta/Contactos Bloqueados/android.widget.TextView - Contactos bloqueados'

2023-06-23 11:56:10 - [MESSAGE][WARNING] - Timeout '0' is invalid. Using default page load timeout: '30'

2023-06-23 11:56:10 - [MESSAGE][PASSED] - Tapped on element 'Object Repository/Parte2/Ajustes cuenta/Cuenta/Contactos Bloqueados/android.widget.TextView - Contactos bloqueados'

2023-06-23 11:56:10 - [TEST_STEP][PASSED] - verifyElementExist(findTestObject("Parte2/Ajustes cuenta/Cuenta/Contactos Bloqueados/android.view.ViewGroup"), 0): Element 'Object Repository/Parte2/Ajustes cuenta/Cuenta/Contactos Bloqueados/android.view.ViewGroup' is exist

2023-06-23 11:56:10 - [MESSAGE][WARNING] - Timeout '0' is invalid. Using default page load timeout: '30'

2023-06-23 11:56:11 - [MESSAGE][PASSED] - Element 'Object Repository/Parte2/Ajustes cuenta/Cuenta/Contactos Bloqueados/android.view.ViewGroup' is exist

2023-06-23 11:56:11 - [TEST_STEP][PASSED] - tap(findTestObject("Parte2/Ajustes cuenta/Cuenta/Contactos Bloqueados/android.widget.ImageButton"), 0): Tapped on element 'Object Repository/Parte2/Ajustes cuenta/Cuenta/Contactos Bloqueados/android.widget.ImageButton'

2023-06-23 11:56:11 - [MESSAGE][WARNING] - Timeout '0' is invalid. Using default page load timeout: '30'

2023-06-23 11:56:11 - [MESSAGE][PASSED] - Tapped on element 'Object Repository/Parte2/Ajustes cuenta/Cuenta/Contactos Bloqueados/android.widget.ImageButton']]></system-out>
         <system-err><![CDATA[]]></system-err>
      </testcase>
      <testcase name="Test Cases/Parte2/Ajustes/Cuenta/Idioma/CPN187" time="3.442" classname="Test Cases/Parte2/Ajustes/Cuenta/Idioma/CPN187" status="PASSED">
         <system-out><![CDATA[2023-06-23 11:56:11 - [TEST_CASE][PASSED] - Test Cases/Parte2/Ajustes/Cuenta/Idioma/CPN187: Test Cases/Parte2/Ajustes/Cuenta/Idioma/CPN187

2023-06-23 11:56:11 - [TEST_STEP][PASSED] - tap(findTestObject("Parte2/Ajustes cuenta/Cuenta/Idioma/android.widget.TextView - Idioma"), 0): Tapped on element 'Object Repository/Parte2/Ajustes cuenta/Cuenta/Idioma/android.widget.TextView - Idioma'

2023-06-23 11:56:11 - [MESSAGE][WARNING] - Timeout '0' is invalid. Using default page load timeout: '30'

2023-06-23 11:56:12 - [MESSAGE][PASSED] - Tapped on element 'Object Repository/Parte2/Ajustes cuenta/Cuenta/Idioma/android.widget.TextView - Idioma'

2023-06-23 11:56:12 - [TEST_STEP][PASSED] - tap(findTestObject("Parte2/Ajustes cuenta/Cuenta/Idioma/android.widget.TextView - Deutsch"), 0): Tapped on element 'Object Repository/Parte2/Ajustes cuenta/Cuenta/Idioma/android.widget.TextView - Deutsch'

2023-06-23 11:56:12 - [MESSAGE][WARNING] - Timeout '0' is invalid. Using default page load timeout: '30'

2023-06-23 11:56:13 - [MESSAGE][PASSED] - Tapped on element 'Object Repository/Parte2/Ajustes cuenta/Cuenta/Idioma/android.widget.TextView - Deutsch'

2023-06-23 11:56:13 - [TEST_STEP][PASSED] - verifyElementExist(findTestObject("Parte2/Ajustes cuenta/Cuenta/Idioma/android.view.ViewGroup"), 0): Element 'Object Repository/Parte2/Ajustes cuenta/Cuenta/Idioma/android.view.ViewGroup' is exist

2023-06-23 11:56:13 - [MESSAGE][WARNING] - Timeout '0' is invalid. Using default page load timeout: '30'

2023-06-23 11:56:14 - [MESSAGE][PASSED] - Element 'Object Repository/Parte2/Ajustes cuenta/Cuenta/Idioma/android.view.ViewGroup' is exist

2023-06-23 11:56:14 - [TEST_STEP][PASSED] - tap(findTestObject("Parte2/Ajustes cuenta/Cuenta/Idioma/android.widget.TextView - Sprache"), 0): Tapped on element 'Object Repository/Parte2/Ajustes cuenta/Cuenta/Idioma/android.widget.TextView - Sprache'

2023-06-23 11:56:14 - [MESSAGE][WARNING] - Timeout '0' is invalid. Using default page load timeout: '30'

2023-06-23 11:56:14 - [MESSAGE][PASSED] - Tapped on element 'Object Repository/Parte2/Ajustes cuenta/Cuenta/Idioma/android.widget.TextView - Sprache']]></system-out>
         <system-err><![CDATA[]]></system-err>
      </testcase>
      <testcase name="Test Cases/Parte2/Ajustes/Cuenta/Idioma/CPN188" time="2.38" classname="Test Cases/Parte2/Ajustes/Cuenta/Idioma/CPN188" status="PASSED">
         <system-out><![CDATA[2023-06-23 11:56:14 - [TEST_CASE][PASSED] - Test Cases/Parte2/Ajustes/Cuenta/Idioma/CPN188: Test Cases/Parte2/Ajustes/Cuenta/Idioma/CPN188

2023-06-23 11:56:15 - [TEST_STEP][PASSED] - tap(findTestObject("Parte2/Ajustes cuenta/Cuenta/Idioma/android.widget.TextView - Franais"), 0): Tapped on element 'Object Repository/Parte2/Ajustes cuenta/Cuenta/Idioma/android.widget.TextView - Franais'

2023-06-23 11:56:15 - [MESSAGE][WARNING] - Timeout '0' is invalid. Using default page load timeout: '30'

2023-06-23 11:56:15 - [MESSAGE][PASSED] - Tapped on element 'Object Repository/Parte2/Ajustes cuenta/Cuenta/Idioma/android.widget.TextView - Franais'

2023-06-23 11:56:15 - [TEST_STEP][PASSED] - verifyElementExist(findTestObject("Parte2/Ajustes cuenta/Cuenta/Idioma/android.view.ViewGroup (1)"), 0): Element 'Object Repository/Parte2/Ajustes cuenta/Cuenta/Idioma/android.view.ViewGroup (1)' is exist

2023-06-23 11:56:16 - [MESSAGE][WARNING] - Timeout '0' is invalid. Using default page load timeout: '30'

2023-06-23 11:56:17 - [MESSAGE][PASSED] - Element 'Object Repository/Parte2/Ajustes cuenta/Cuenta/Idioma/android.view.ViewGroup (1)' is exist

2023-06-23 11:56:17 - [TEST_STEP][PASSED] - tap(findTestObject("Parte2/Ajustes cuenta/Cuenta/Idioma/android.widget.TextView - Langage"), 0): Tapped on element 'Object Repository/Parte2/Ajustes cuenta/Cuenta/Idioma/android.widget.TextView - Langage'

2023-06-23 11:56:17 - [MESSAGE][WARNING] - Timeout '0' is invalid. Using default page load timeout: '30'

2023-06-23 11:56:17 - [MESSAGE][PASSED] - Tapped on element 'Object Repository/Parte2/Ajustes cuenta/Cuenta/Idioma/android.widget.TextView - Langage']]></system-out>
         <system-err><![CDATA[]]></system-err>
      </testcase>
      <testcase name="Test Cases/Parte2/Ajustes/Cuenta/Idioma/CPN189" time="2.385" classname="Test Cases/Parte2/Ajustes/Cuenta/Idioma/CPN189" status="PASSED">
         <system-out><![CDATA[2023-06-23 11:56:17 - [TEST_CASE][PASSED] - Test Cases/Parte2/Ajustes/Cuenta/Idioma/CPN189: Test Cases/Parte2/Ajustes/Cuenta/Idioma/CPN189

2023-06-23 11:56:17 - [TEST_STEP][PASSED] - tap(findTestObject("Parte2/Ajustes cuenta/Cuenta/Idioma/android.widget.TextView - English"), 0): Tapped on element 'Object Repository/Parte2/Ajustes cuenta/Cuenta/Idioma/android.widget.TextView - English'

2023-06-23 11:56:17 - [MESSAGE][WARNING] - Timeout '0' is invalid. Using default page load timeout: '30'

2023-06-23 11:56:18 - [MESSAGE][PASSED] - Tapped on element 'Object Repository/Parte2/Ajustes cuenta/Cuenta/Idioma/android.widget.TextView - English'

2023-06-23 11:56:18 - [TEST_STEP][PASSED] - verifyElementExist(findTestObject("Parte2/Ajustes cuenta/Cuenta/Idioma/android.view.ViewGroup (1)"), 0): Element 'Object Repository/Parte2/Ajustes cuenta/Cuenta/Idioma/android.view.ViewGroup (1)' is exist

2023-06-23 11:56:18 - [MESSAGE][WARNING] - Timeout '0' is invalid. Using default page load timeout: '30'

2023-06-23 11:56:19 - [MESSAGE][PASSED] - Element 'Object Repository/Parte2/Ajustes cuenta/Cuenta/Idioma/android.view.ViewGroup (1)' is exist

2023-06-23 11:56:19 - [TEST_STEP][PASSED] - tap(findTestObject("Parte2/Ajustes cuenta/Cuenta/Idioma/android.widget.TextView - Language"), 0): Tapped on element 'Object Repository/Parte2/Ajustes cuenta/Cuenta/Idioma/android.widget.TextView - Language'

2023-06-23 11:56:19 - [MESSAGE][WARNING] - Timeout '0' is invalid. Using default page load timeout: '30'

2023-06-23 11:56:19 - [MESSAGE][PASSED] - Tapped on element 'Object Repository/Parte2/Ajustes cuenta/Cuenta/Idioma/android.widget.TextView - Language']]></system-out>
         <system-err><![CDATA[]]></system-err>
      </testcase>
      <testcase name="Test Cases/Parte2/Ajustes/Cuenta/Idioma/CPN190" time="2.431" classname="Test Cases/Parte2/Ajustes/Cuenta/Idioma/CPN190" status="PASSED">
         <system-out><![CDATA[2023-06-23 11:56:19 - [TEST_CASE][PASSED] - Test Cases/Parte2/Ajustes/Cuenta/Idioma/CPN190: Test Cases/Parte2/Ajustes/Cuenta/Idioma/CPN190

2023-06-23 11:56:19 - [TEST_STEP][PASSED] - tap(findTestObject("Parte2/Ajustes cuenta/Cuenta/Idioma/android.widget.TextView - Italiano"), 0): Tapped on element 'Object Repository/Parte2/Ajustes cuenta/Cuenta/Idioma/android.widget.TextView - Italiano'

2023-06-23 11:56:20 - [MESSAGE][WARNING] - Timeout '0' is invalid. Using default page load timeout: '30'

2023-06-23 11:56:20 - [MESSAGE][PASSED] - Tapped on element 'Object Repository/Parte2/Ajustes cuenta/Cuenta/Idioma/android.widget.TextView - Italiano'

2023-06-23 11:56:20 - [TEST_STEP][PASSED] - verifyElementExist(findTestObject("Parte2/Ajustes cuenta/Cuenta/Idioma/android.view.ViewGroup (1)"), 0): Element 'Object Repository/Parte2/Ajustes cuenta/Cuenta/Idioma/android.view.ViewGroup (1)' is exist

2023-06-23 11:56:20 - [MESSAGE][WARNING] - Timeout '0' is invalid. Using default page load timeout: '30'

2023-06-23 11:56:21 - [MESSAGE][PASSED] - Element 'Object Repository/Parte2/Ajustes cuenta/Cuenta/Idioma/android.view.ViewGroup (1)' is exist

2023-06-23 11:56:21 - [TEST_STEP][PASSED] - tap(findTestObject("Parte2/Ajustes cuenta/Cuenta/Idioma/android.widget.TextView - Lingua"), 0): Tapped on element 'Object Repository/Parte2/Ajustes cuenta/Cuenta/Idioma/android.widget.TextView - Lingua'

2023-06-23 11:56:21 - [MESSAGE][WARNING] - Timeout '0' is invalid. Using default page load timeout: '30'

2023-06-23 11:56:22 - [MESSAGE][PASSED] - Tapped on element 'Object Repository/Parte2/Ajustes cuenta/Cuenta/Idioma/android.widget.TextView - Lingua']]></system-out>
         <system-err><![CDATA[]]></system-err>
      </testcase>
      <testcase name="Test Cases/Parte2/Ajustes/Cuenta/Idioma/CPN191" time="2.415" classname="Test Cases/Parte2/Ajustes/Cuenta/Idioma/CPN191" status="PASSED">
         <system-out><![CDATA[2023-06-23 11:56:22 - [TEST_CASE][PASSED] - Test Cases/Parte2/Ajustes/Cuenta/Idioma/CPN191: Test Cases/Parte2/Ajustes/Cuenta/Idioma/CPN191

2023-06-23 11:56:22 - [TEST_STEP][PASSED] - tap(findTestObject("Parte2/Ajustes cuenta/Cuenta/Idioma/android.widget.TextView - Portugus"), 0): Tapped on element 'Object Repository/Parte2/Ajustes cuenta/Cuenta/Idioma/android.widget.TextView - Portugus'

2023-06-23 11:56:22 - [MESSAGE][WARNING] - Timeout '0' is invalid. Using default page load timeout: '30'

2023-06-23 11:56:24 - [MESSAGE][PASSED] - Tapped on element 'Object Repository/Parte2/Ajustes cuenta/Cuenta/Idioma/android.widget.TextView - Portugus'

2023-06-23 11:56:24 - [TEST_STEP][PASSED] - verifyElementExist(findTestObject("Parte2/Ajustes cuenta/Cuenta/Idioma/android.view.ViewGroup (1)"), 0): Element 'Object Repository/Parte2/Ajustes cuenta/Cuenta/Idioma/android.view.ViewGroup (1)' is exist

2023-06-23 11:56:24 - [MESSAGE][WARNING] - Timeout '0' is invalid. Using default page load timeout: '30'

2023-06-23 11:56:24 - [MESSAGE][PASSED] - Element 'Object Repository/Parte2/Ajustes cuenta/Cuenta/Idioma/android.view.ViewGroup (1)' is exist

2023-06-23 11:56:24 - [TEST_STEP][PASSED] - tap(findTestObject("Parte2/Ajustes cuenta/Cuenta/Idioma/android.widget.TextView - Idioma (1)"), 0): Tapped on element 'Object Repository/Parte2/Ajustes cuenta/Cuenta/Idioma/android.widget.TextView - Idioma (1)'

2023-06-23 11:56:24 - [MESSAGE][WARNING] - Timeout '0' is invalid. Using default page load timeout: '30'

2023-06-23 11:56:24 - [MESSAGE][PASSED] - Tapped on element 'Object Repository/Parte2/Ajustes cuenta/Cuenta/Idioma/android.widget.TextView - Idioma (1)']]></system-out>
         <system-err><![CDATA[]]></system-err>
      </testcase>
      <testcase name="Test Cases/Parte2/Ajustes/Cuenta/Idioma/CPN192" time="2.102" classname="Test Cases/Parte2/Ajustes/Cuenta/Idioma/CPN192" status="PASSED">
         <system-out><![CDATA[2023-06-23 11:56:24 - [TEST_CASE][PASSED] - Test Cases/Parte2/Ajustes/Cuenta/Idioma/CPN192: Test Cases/Parte2/Ajustes/Cuenta/Idioma/CPN192

2023-06-23 11:56:24 - [TEST_STEP][PASSED] - tap(findTestObject("Parte2/Ajustes cuenta/Cuenta/Idioma/android.widget.TextView - Espaol"), 0): Tapped on element 'Object Repository/Parte2/Ajustes cuenta/Cuenta/Idioma/android.widget.TextView - Espaol'

2023-06-23 11:56:24 - [MESSAGE][WARNING] - Timeout '0' is invalid. Using default page load timeout: '30'

2023-06-23 11:56:25 - [MESSAGE][PASSED] - Tapped on element 'Object Repository/Parte2/Ajustes cuenta/Cuenta/Idioma/android.widget.TextView - Espaol'

2023-06-23 11:56:25 - [TEST_STEP][PASSED] - verifyElementExist(findTestObject("Parte2/Ajustes cuenta/Cuenta/Idioma/android.view.ViewGroup (1)"), 0): Element 'Object Repository/Parte2/Ajustes cuenta/Cuenta/Idioma/android.view.ViewGroup (1)' is exist

2023-06-23 11:56:25 - [MESSAGE][WARNING] - Timeout '0' is invalid. Using default page load timeout: '30'

2023-06-23 11:56:26 - [MESSAGE][PASSED] - Element 'Object Repository/Parte2/Ajustes cuenta/Cuenta/Idioma/android.view.ViewGroup (1)' is exist]]></system-out>
         <system-err><![CDATA[]]></system-err>
      </testcase>
      <testcase name="Test Cases/Parte2/Ajustes/Cuenta/Recuperar Cuenta/CPN193" time="12.214" classname="Test Cases/Parte2/Ajustes/Cuenta/Recuperar Cuenta/CPN193" status="PASSED">
         <system-out><![CDATA[2023-06-23 11:56:26 - [TEST_CASE][PASSED] - Test Cases/Parte2/Ajustes/Cuenta/Recuperar Cuenta/CPN193: Test Cases/Parte2/Ajustes/Cuenta/Recuperar Cuenta/CPN193

2023-06-23 11:56:26 - [TEST_STEP][PASSED] - tap(findTestObject("Parte2/Ajustes cuenta/Cuenta/Recuperar Cuenta/android.widget.TextView - Recuperar Cuenta"), 0): Tapped on element 'Object Repository/Parte2/Ajustes cuenta/Cuenta/Recuperar Cuenta/android.widget.TextView - Recuperar Cuenta'

2023-06-23 11:56:26 - [MESSAGE][WARNING] - Timeout '0' is invalid. Using default page load timeout: '30'

2023-06-23 11:56:27 - [MESSAGE][PASSED] - Tapped on element 'Object Repository/Parte2/Ajustes cuenta/Cuenta/Recuperar Cuenta/android.widget.TextView - Recuperar Cuenta'

2023-06-23 11:56:27 - [TEST_STEP][PASSED] - tap(findTestObject("Parte2/Ajustes cuenta/Cuenta/Recuperar Cuenta/android.widget.TextView - trminos, condiciones y polticas de privacidad"), 0): Tapped on element 'Object Repository/Parte2/Ajustes cuenta/Cuenta/Recuperar Cuenta/android.widget.TextView - trminos, condiciones y polticas de privacidad'

2023-06-23 11:56:27 - [MESSAGE][WARNING] - Timeout '0' is invalid. Using default page load timeout: '30'

2023-06-23 11:56:28 - [MESSAGE][PASSED] - Tapped on element 'Object Repository/Parte2/Ajustes cuenta/Cuenta/Recuperar Cuenta/android.widget.TextView - trminos, condiciones y polticas de privacidad'

2023-06-23 11:56:28 - [TEST_STEP][PASSED] - delay(10, STOP_ON_FAILURE): Delayed 10 second(s)

2023-06-23 11:56:38 - [MESSAGE][PASSED] - Delayed 10 second(s)

2023-06-23 11:56:38 - [TEST_STEP][PASSED] - verifyElementExist(findTestObject("Parte2/Ajustes cuenta/Cuenta/Recuperar Cuenta/android.widget.TextView - Trminos, condiciones y polticas de privacidad de datos de la app Napoleon chat"), 0): Element 'Object Repository/Parte2/Ajustes cuenta/Cuenta/Recuperar Cuenta/android.widget.TextView - Trminos, condiciones y polticas de privacidad de datos de la app Napoleon chat' is exist

2023-06-23 11:56:38 - [MESSAGE][WARNING] - Timeout '0' is invalid. Using default page load timeout: '30'

2023-06-23 11:56:38 - [MESSAGE][PASSED] - Element 'Object Repository/Parte2/Ajustes cuenta/Cuenta/Recuperar Cuenta/android.widget.TextView - Trminos, condiciones y polticas de privacidad de datos de la app Napoleon chat' is exist

2023-06-23 11:56:38 - [TEST_STEP][PASSED] - pressBack(): Press back button successfully

2023-06-23 11:56:38 - [MESSAGE][PASSED] - Press back button successfully]]></system-out>
         <system-err><![CDATA[]]></system-err>
      </testcase>
      <testcase name="Test Cases/Parte2/Ajustes/Cuenta/Recuperar Cuenta/CPN194" time="35.243" classname="Test Cases/Parte2/Ajustes/Cuenta/Recuperar Cuenta/CPN194" status="PASSED">
         <system-out><![CDATA[2023-06-23 11:56:38 - [TEST_CASE][PASSED] - Test Cases/Parte2/Ajustes/Cuenta/Recuperar Cuenta/CPN194: Test Cases/Parte2/Ajustes/Cuenta/Recuperar Cuenta/CPN194

2023-06-23 11:56:39 - [TEST_STEP][PASSED] - toggleWifi("off", STOP_ON_FAILURE): Toggled wifi

2023-06-23 11:56:40 - [MESSAGE][PASSED] - Toggled wifi

2023-06-23 11:56:40 - [TEST_STEP][PASSED] - delay(10, STOP_ON_FAILURE): Delayed 10 second(s)

2023-06-23 11:56:50 - [MESSAGE][PASSED] - Delayed 10 second(s)

2023-06-23 11:56:50 - [TEST_STEP][PASSED] - tap(findTestObject("Parte2/Ajustes cuenta/Cuenta/Recuperar Cuenta/android.widget.Button - Registrar"), 0): Tapped on element 'Object Repository/Parte2/Ajustes cuenta/Cuenta/Recuperar Cuenta/android.widget.Button - Registrar'

2023-06-23 11:56:50 - [MESSAGE][WARNING] - Timeout '0' is invalid. Using default page load timeout: '30'

2023-06-23 11:56:50 - [MESSAGE][PASSED] - Tapped on element 'Object Repository/Parte2/Ajustes cuenta/Cuenta/Recuperar Cuenta/android.widget.Button - Registrar'

2023-06-23 11:56:50 - [TEST_STEP][PASSED] - verifyElementExist(findTestObject("Parte2/Ajustes cuenta/Cuenta/Recuperar Cuenta/android.view.ViewGroup"), 0): Element 'Object Repository/Parte2/Ajustes cuenta/Cuenta/Recuperar Cuenta/android.view.ViewGroup' is exist

2023-06-23 11:56:50 - [MESSAGE][WARNING] - Timeout '0' is invalid. Using default page load timeout: '30'

2023-06-23 11:56:51 - [MESSAGE][PASSED] - Element 'Object Repository/Parte2/Ajustes cuenta/Cuenta/Recuperar Cuenta/android.view.ViewGroup' is exist

2023-06-23 11:56:51 - [TEST_STEP][PASSED] - tap(findTestObject("Parte2/Ajustes cuenta/Cuenta/Recuperar Cuenta/android.widget.Button - Cancelar"), 0): Tapped on element 'Object Repository/Parte2/Ajustes cuenta/Cuenta/Recuperar Cuenta/android.widget.Button - Cancelar'

2023-06-23 11:56:51 - [MESSAGE][WARNING] - Timeout '0' is invalid. Using default page load timeout: '30'

2023-06-23 11:56:51 - [MESSAGE][PASSED] - Tapped on element 'Object Repository/Parte2/Ajustes cuenta/Cuenta/Recuperar Cuenta/android.widget.Button - Cancelar'

2023-06-23 11:56:51 - [TEST_STEP][PASSED] - verifyElementExist(findTestObject("Parte2/Ajustes cuenta/Cuenta/Recuperar Cuenta/android.view.ViewGroup (2)"), 0): Element 'Object Repository/Parte2/Ajustes cuenta/Cuenta/Recuperar Cuenta/android.view.ViewGroup (2)' is exist

2023-06-23 11:56:51 - [MESSAGE][WARNING] - Timeout '0' is invalid. Using default page load timeout: '30'

2023-06-23 11:56:52 - [MESSAGE][PASSED] - Element 'Object Repository/Parte2/Ajustes cuenta/Cuenta/Recuperar Cuenta/android.view.ViewGroup (2)' is exist

2023-06-23 11:56:52 - [TEST_STEP][PASSED] - tap(findTestObject("Parte2/Ajustes cuenta/Cuenta/Recuperar Cuenta/android.widget.Button - Confirmar"), 0): Tapped on element 'Object Repository/Parte2/Ajustes cuenta/Cuenta/Recuperar Cuenta/android.widget.Button - Confirmar'

2023-06-23 11:56:52 - [MESSAGE][WARNING] - Timeout '0' is invalid. Using default page load timeout: '30'

2023-06-23 11:56:53 - [MESSAGE][PASSED] - Tapped on element 'Object Repository/Parte2/Ajustes cuenta/Cuenta/Recuperar Cuenta/android.widget.Button - Confirmar'

2023-06-23 11:56:53 - [TEST_STEP][PASSED] - toggleWifi("on", STOP_ON_FAILURE): Toggled wifi

2023-06-23 11:56:54 - [MESSAGE][PASSED] - Toggled wifi

2023-06-23 11:56:54 - [TEST_STEP][PASSED] - delay(20): Delayed 20 second(s)

2023-06-23 11:57:14 - [MESSAGE][PASSED] - Delayed 20 second(s)]]></system-out>
         <system-err><![CDATA[]]></system-err>
      </testcase>
      <testcase name="Test Cases/Parte2/Ajustes/Cuenta/Recuperar Cuenta/CPN195" time="15.075" classname="Test Cases/Parte2/Ajustes/Cuenta/Recuperar Cuenta/CPN195" status="PASSED">
         <system-out><![CDATA[2023-06-23 11:57:14 - [TEST_CASE][PASSED] - Test Cases/Parte2/Ajustes/Cuenta/Recuperar Cuenta/CPN195: Test Cases/Parte2/Ajustes/Cuenta/Recuperar Cuenta/CPN195

2023-06-23 11:57:14 - [TEST_STEP][PASSED] - tap(findTestObject("Parte2/Ajustes cuenta/Cuenta/Recuperar Cuenta/android.widget.Button - Registrar (1)"), 0): Tapped on element 'Object Repository/Parte2/Ajustes cuenta/Cuenta/Recuperar Cuenta/android.widget.Button - Registrar (1)'

2023-06-23 11:57:14 - [MESSAGE][WARNING] - Timeout '0' is invalid. Using default page load timeout: '30'

2023-06-23 11:57:14 - [MESSAGE][PASSED] - Tapped on element 'Object Repository/Parte2/Ajustes cuenta/Cuenta/Recuperar Cuenta/android.widget.Button - Registrar (1)'

2023-06-23 11:57:14 - [TEST_STEP][PASSED] - tap(findTestObject("Parte2/Ajustes cuenta/Cuenta/Recuperar Cuenta/android.widget.TextView - Elige una pregunta"), 0): Tapped on element 'Object Repository/Parte2/Ajustes cuenta/Cuenta/Recuperar Cuenta/android.widget.TextView - Elige una pregunta'

2023-06-23 11:57:14 - [MESSAGE][WARNING] - Timeout '0' is invalid. Using default page load timeout: '30'

2023-06-23 11:57:15 - [MESSAGE][PASSED] - Tapped on element 'Object Repository/Parte2/Ajustes cuenta/Cuenta/Recuperar Cuenta/android.widget.TextView - Elige una pregunta'

2023-06-23 11:57:15 - [TEST_STEP][PASSED] - tap(findTestObject("Parte2/Ajustes cuenta/Cuenta/Recuperar Cuenta/android.widget.TextView - Cul es el mes de nacimiento de tu padre"), 0): Tapped on element 'Object Repository/Parte2/Ajustes cuenta/Cuenta/Recuperar Cuenta/android.widget.TextView - Cul es el mes de nacimiento de tu padre'

2023-06-23 11:57:15 - [MESSAGE][WARNING] - Timeout '0' is invalid. Using default page load timeout: '30'

2023-06-23 11:57:17 - [MESSAGE][PASSED] - Tapped on element 'Object Repository/Parte2/Ajustes cuenta/Cuenta/Recuperar Cuenta/android.widget.TextView - Cul es el mes de nacimiento de tu padre'

2023-06-23 11:57:17 - [TEST_STEP][PASSED] - setText(findTestObject("Parte2/Ajustes cuenta/Cuenta/Recuperar Cuenta/android.widget.EditText - Respuesta"), "test1", 0): Text 'test1' has been set to element 'Object Repository/Parte2/Ajustes cuenta/Cuenta/Recuperar Cuenta/android.widget.EditText - Respuesta'

2023-06-23 11:57:17 - [MESSAGE][WARNING] - Timeout '0' is invalid. Using default page load timeout: '30'

2023-06-23 11:57:18 - [MESSAGE][PASSED] - Text 'test1' has been set to element 'Object Repository/Parte2/Ajustes cuenta/Cuenta/Recuperar Cuenta/android.widget.EditText - Respuesta'

2023-06-23 11:57:18 - [TEST_STEP][PASSED] - tap(findTestObject("Parte2/Ajustes cuenta/Cuenta/Recuperar Cuenta/android.widget.Button - Siguiente (1)"), 0): Tapped on element 'Object Repository/Parte2/Ajustes cuenta/Cuenta/Recuperar Cuenta/android.widget.Button - Siguiente (1)'

2023-06-23 11:57:18 - [MESSAGE][WARNING] - Timeout '0' is invalid. Using default page load timeout: '30'

2023-06-23 11:57:19 - [MESSAGE][PASSED] - Tapped on element 'Object Repository/Parte2/Ajustes cuenta/Cuenta/Recuperar Cuenta/android.widget.Button - Siguiente (1)'

2023-06-23 11:57:19 - [TEST_STEP][PASSED] - tap(findTestObject("Parte2/Ajustes cuenta/Cuenta/Recuperar Cuenta/android.widget.TextView - Elige una pregunta"), 0): Tapped on element 'Object Repository/Parte2/Ajustes cuenta/Cuenta/Recuperar Cuenta/android.widget.TextView - Elige una pregunta'

2023-06-23 11:57:19 - [MESSAGE][WARNING] - Timeout '0' is invalid. Using default page load timeout: '30'

2023-06-23 11:57:19 - [MESSAGE][PASSED] - Tapped on element 'Object Repository/Parte2/Ajustes cuenta/Cuenta/Recuperar Cuenta/android.widget.TextView - Elige una pregunta'

2023-06-23 11:57:19 - [TEST_STEP][PASSED] - tap(findTestObject("Parte2/Ajustes cuenta/Cuenta/Recuperar Cuenta/android.widget.TextView - Cul es la marca de tu computador"), 0): Tapped on element 'Object Repository/Parte2/Ajustes cuenta/Cuenta/Recuperar Cuenta/android.widget.TextView - Cul es la marca de tu computador'

2023-06-23 11:57:19 - [MESSAGE][WARNING] - Timeout '0' is invalid. Using default page load timeout: '30'

2023-06-23 11:57:21 - [MESSAGE][PASSED] - Tapped on element 'Object Repository/Parte2/Ajustes cuenta/Cuenta/Recuperar Cuenta/android.widget.TextView - Cul es la marca de tu computador'

2023-06-23 11:57:21 - [TEST_STEP][PASSED] - setText(findTestObject("Parte2/Ajustes cuenta/Cuenta/Recuperar Cuenta/android.widget.EditText - Respuesta (1)"), "test2", 0): Text 'test2' has been set to element 'Object Repository/Parte2/Ajustes cuenta/Cuenta/Recuperar Cuenta/android.widget.EditText - Respuesta (1)'

2023-06-23 11:57:21 - [MESSAGE][WARNING] - Timeout '0' is invalid. Using default page load timeout: '30'

2023-06-23 11:57:22 - [MESSAGE][PASSED] - Text 'test2' has been set to element 'Object Repository/Parte2/Ajustes cuenta/Cuenta/Recuperar Cuenta/android.widget.EditText - Respuesta (1)'

2023-06-23 11:57:22 - [TEST_STEP][PASSED] - tap(findTestObject("Parte2/Ajustes cuenta/Cuenta/Recuperar Cuenta/android.widget.Button - Siguiente (1)"), 0): Tapped on element 'Object Repository/Parte2/Ajustes cuenta/Cuenta/Recuperar Cuenta/android.widget.Button - Siguiente (1)'

2023-06-23 11:57:22 - [MESSAGE][WARNING] - Timeout '0' is invalid. Using default page load timeout: '30'

2023-06-23 11:57:23 - [MESSAGE][PASSED] - Tapped on element 'Object Repository/Parte2/Ajustes cuenta/Cuenta/Recuperar Cuenta/android.widget.Button - Siguiente (1)'

2023-06-23 11:57:23 - [TEST_STEP][PASSED] - tap(findTestObject("Parte2/Ajustes cuenta/Cuenta/Recuperar Cuenta/android.widget.TextView - Elige una pregunta (1)"), 0): Tapped on element 'Object Repository/Parte2/Ajustes cuenta/Cuenta/Recuperar Cuenta/android.widget.TextView - Elige una pregunta (1)'

2023-06-23 11:57:23 - [MESSAGE][WARNING] - Timeout '0' is invalid. Using default page load timeout: '30'

2023-06-23 11:57:23 - [MESSAGE][PASSED] - Tapped on element 'Object Repository/Parte2/Ajustes cuenta/Cuenta/Recuperar Cuenta/android.widget.TextView - Elige una pregunta (1)'

2023-06-23 11:57:23 - [TEST_STEP][PASSED] - tap(findTestObject("Parte2/Ajustes cuenta/Cuenta/Recuperar Cuenta/android.widget.TextView - Cul es tu profesin"), 0): Tapped on element 'Object Repository/Parte2/Ajustes cuenta/Cuenta/Recuperar Cuenta/android.widget.TextView - Cul es tu profesin'

2023-06-23 11:57:23 - [MESSAGE][WARNING] - Timeout '0' is invalid. Using default page load timeout: '30'

2023-06-23 11:57:25 - [MESSAGE][PASSED] - Tapped on element 'Object Repository/Parte2/Ajustes cuenta/Cuenta/Recuperar Cuenta/android.widget.TextView - Cul es tu profesin'

2023-06-23 11:57:25 - [TEST_STEP][PASSED] - setText(findTestObject("Parte2/Ajustes cuenta/Cuenta/Recuperar Cuenta/android.widget.EditText - Respuesta (1)"), "test3", 0): Text 'test3' has been set to element 'Object Repository/Parte2/Ajustes cuenta/Cuenta/Recuperar Cuenta/android.widget.EditText - Respuesta (1)'

2023-06-23 11:57:25 - [MESSAGE][WARNING] - Timeout '0' is invalid. Using default page load timeout: '30'

2023-06-23 11:57:26 - [MESSAGE][PASSED] - Text 'test3' has been set to element 'Object Repository/Parte2/Ajustes cuenta/Cuenta/Recuperar Cuenta/android.widget.EditText - Respuesta (1)'

2023-06-23 11:57:26 - [TEST_STEP][PASSED] - scrollToText("Finalizar", STOP_ON_FAILURE): Scrolling to text 'Finalizar' successfully

2023-06-23 11:57:27 - [MESSAGE][PASSED] - Scrolling to text 'Finalizar' successfully

2023-06-23 11:57:27 - [TEST_STEP][PASSED] - tap(findTestObject("Parte2/Ajustes cuenta/Cuenta/Recuperar Cuenta/android.widget.Button - Finalizar"), 0): Tapped on element 'Object Repository/Parte2/Ajustes cuenta/Cuenta/Recuperar Cuenta/android.widget.Button - Finalizar'

2023-06-23 11:57:27 - [MESSAGE][WARNING] - Timeout '0' is invalid. Using default page load timeout: '30'

2023-06-23 11:57:28 - [MESSAGE][PASSED] - Tapped on element 'Object Repository/Parte2/Ajustes cuenta/Cuenta/Recuperar Cuenta/android.widget.Button - Finalizar'

2023-06-23 11:57:28 - [TEST_STEP][PASSED] - verifyElementText(findTestObject("Parte2/Ajustes cuenta/Cuenta/Recuperar Cuenta/android.widget.Button - Editar"), "Editar"): Actual text and expected text of test object 'Object Repository/Parte2/Ajustes cuenta/Cuenta/Recuperar Cuenta/android.widget.Button - Editar' are matched.

2023-06-23 11:57:29 - [MESSAGE][PASSED] - Actual text and expected text of test object 'Object Repository/Parte2/Ajustes cuenta/Cuenta/Recuperar Cuenta/android.widget.Button - Editar' are matched.]]></system-out>
         <system-err><![CDATA[]]></system-err>
      </testcase>
      <testcase name="Test Cases/Parte2/Ajustes/Cuenta/Recuperar Cuenta/CPN196" time="1.082" classname="Test Cases/Parte2/Ajustes/Cuenta/Recuperar Cuenta/CPN196" status="PASSED">
         <system-out><![CDATA[2023-06-23 11:57:29 - [TEST_CASE][PASSED] - Test Cases/Parte2/Ajustes/Cuenta/Recuperar Cuenta/CPN196: Test Cases/Parte2/Ajustes/Cuenta/Recuperar Cuenta/CPN196

2023-06-23 11:57:29 - [TEST_STEP][PASSED] - tap(findTestObject("Parte2/Ajustes cuenta/Cuenta/Recuperar Cuenta/android.widget.Button - Editar"), 0): Tapped on element 'Object Repository/Parte2/Ajustes cuenta/Cuenta/Recuperar Cuenta/android.widget.Button - Editar'

2023-06-23 11:57:29 - [MESSAGE][WARNING] - Timeout '0' is invalid. Using default page load timeout: '30'

2023-06-23 11:57:29 - [MESSAGE][PASSED] - Tapped on element 'Object Repository/Parte2/Ajustes cuenta/Cuenta/Recuperar Cuenta/android.widget.Button - Editar'

2023-06-23 11:57:29 - [TEST_STEP][PASSED] - verifyElementExist(findTestObject("Parte2/Ajustes cuenta/Cuenta/Recuperar Cuenta/android.view.ViewGroup (3)"), 0): Element 'Object Repository/Parte2/Ajustes cuenta/Cuenta/Recuperar Cuenta/android.view.ViewGroup (3)' is exist

2023-06-23 11:57:29 - [MESSAGE][WARNING] - Timeout '0' is invalid. Using default page load timeout: '30'

2023-06-23 11:57:30 - [MESSAGE][PASSED] - Element 'Object Repository/Parte2/Ajustes cuenta/Cuenta/Recuperar Cuenta/android.view.ViewGroup (3)' is exist]]></system-out>
         <system-err><![CDATA[]]></system-err>
      </testcase>
      <testcase name="Test Cases/Parte2/Ajustes/Cuenta/Recuperar Cuenta/CPN197" time="0.45" classname="Test Cases/Parte2/Ajustes/Cuenta/Recuperar Cuenta/CPN197" status="PASSED">
         <system-out><![CDATA[2023-06-23 11:57:30 - [TEST_CASE][PASSED] - Test Cases/Parte2/Ajustes/Cuenta/Recuperar Cuenta/CPN197: Test Cases/Parte2/Ajustes/Cuenta/Recuperar Cuenta/CPN197

2023-06-23 11:57:30 - [TEST_STEP][PASSED] - tap(findTestObject("Parte2/Ajustes cuenta/Cuenta/Recuperar Cuenta/android.widget.Button - Cancelar"), 0): Tapped on element 'Object Repository/Parte2/Ajustes cuenta/Cuenta/Recuperar Cuenta/android.widget.Button - Cancelar'

2023-06-23 11:57:30 - [MESSAGE][WARNING] - Timeout '0' is invalid. Using default page load timeout: '30'

2023-06-23 11:57:30 - [MESSAGE][PASSED] - Tapped on element 'Object Repository/Parte2/Ajustes cuenta/Cuenta/Recuperar Cuenta/android.widget.Button - Cancelar']]></system-out>
         <system-err><![CDATA[]]></system-err>
      </testcase>
      <testcase name="Test Cases/Parte2/Ajustes/Cuenta/Recuperar Cuenta/CPN198" time="3.36" classname="Test Cases/Parte2/Ajustes/Cuenta/Recuperar Cuenta/CPN198" status="PASSED">
         <system-out><![CDATA[2023-06-23 11:57:30 - [TEST_CASE][PASSED] - Test Cases/Parte2/Ajustes/Cuenta/Recuperar Cuenta/CPN198: Test Cases/Parte2/Ajustes/Cuenta/Recuperar Cuenta/CPN198

2023-06-23 11:57:31 - [TEST_STEP][PASSED] - tap(findTestObject("Parte2/Ajustes cuenta/Cuenta/Recuperar Cuenta/android.widget.Button - Editar"), 0): Tapped on element 'Object Repository/Parte2/Ajustes cuenta/Cuenta/Recuperar Cuenta/android.widget.Button - Editar'

2023-06-23 11:57:31 - [MESSAGE][WARNING] - Timeout '0' is invalid. Using default page load timeout: '30'

2023-06-23 11:57:31 - [MESSAGE][PASSED] - Tapped on element 'Object Repository/Parte2/Ajustes cuenta/Cuenta/Recuperar Cuenta/android.widget.Button - Editar'

2023-06-23 11:57:31 - [TEST_STEP][PASSED] - tap(findTestObject("Parte2/Ajustes cuenta/Cuenta/Recuperar Cuenta/android.widget.Button - Aceptar"), 0): Tapped on element 'Object Repository/Parte2/Ajustes cuenta/Cuenta/Recuperar Cuenta/android.widget.Button - Aceptar'

2023-06-23 11:57:31 - [MESSAGE][WARNING] - Timeout '0' is invalid. Using default page load timeout: '30'

2023-06-23 11:57:32 - [MESSAGE][PASSED] - Tapped on element 'Object Repository/Parte2/Ajustes cuenta/Cuenta/Recuperar Cuenta/android.widget.Button - Aceptar'

2023-06-23 11:57:32 - [TEST_STEP][PASSED] - verifyElementExist(findTestObject("Parte2/Ajustes cuenta/Cuenta/Recuperar Cuenta/android.widget.FrameLayout (1)"), 0): Element 'Object Repository/Parte2/Ajustes cuenta/Cuenta/Recuperar Cuenta/android.widget.FrameLayout (1)' is exist

2023-06-23 11:57:32 - [MESSAGE][WARNING] - Timeout '0' is invalid. Using default page load timeout: '30'

2023-06-23 11:57:34 - [MESSAGE][PASSED] - Element 'Object Repository/Parte2/Ajustes cuenta/Cuenta/Recuperar Cuenta/android.widget.FrameLayout (1)' is exist]]></system-out>
         <system-err><![CDATA[]]></system-err>
      </testcase>
      <testcase name="Test Cases/cpn198.1" time="8.197" classname="Test Cases/cpn198.1" status="PASSED">
         <system-out><![CDATA[2023-06-23 11:57:34 - [TEST_CASE][PASSED] - Test Cases/cpn198.1: Test Cases/cpn198.1

2023-06-23 11:57:34 - [TEST_STEP][PASSED] - delay(8, CONTINUE_ON_FAILURE): Delayed 8 second(s)

2023-06-23 11:57:42 - [MESSAGE][PASSED] - Delayed 8 second(s)]]></system-out>
         <system-err><![CDATA[]]></system-err>
      </testcase>
      <testcase name="Test Cases/Parte2/Ajustes/Cuenta/Recuperar Cuenta/CPN199" time="0.509" classname="Test Cases/Parte2/Ajustes/Cuenta/Recuperar Cuenta/CPN199" status="PASSED">
         <system-out><![CDATA[2023-06-23 11:57:42 - [TEST_CASE][PASSED] - Test Cases/Parte2/Ajustes/Cuenta/Recuperar Cuenta/CPN199: Test Cases/Parte2/Ajustes/Cuenta/Recuperar Cuenta/CPN199

2023-06-23 11:57:42 - [TEST_STEP][PASSED] - tap(findTestObject("Parte2/Ajustes cuenta/Cuenta/Recuperar Cuenta/android.widget.Button - Siguiente"), 0): Tapped on element 'Object Repository/Parte2/Ajustes cuenta/Cuenta/Recuperar Cuenta/android.widget.Button - Siguiente'

2023-06-23 11:57:42 - [MESSAGE][WARNING] - Timeout '0' is invalid. Using default page load timeout: '30'

2023-06-23 11:57:42 - [MESSAGE][PASSED] - Tapped on element 'Object Repository/Parte2/Ajustes cuenta/Cuenta/Recuperar Cuenta/android.widget.Button - Siguiente']]></system-out>
         <system-err><![CDATA[]]></system-err>
      </testcase>
      <testcase name="Test Cases/Parte2/Ajustes/Cuenta/Recuperar Cuenta/CPN200" time="3.631" classname="Test Cases/Parte2/Ajustes/Cuenta/Recuperar Cuenta/CPN200" status="PASSED">
         <system-out><![CDATA[2023-06-23 11:57:42 - [TEST_CASE][PASSED] - Test Cases/Parte2/Ajustes/Cuenta/Recuperar Cuenta/CPN200: Test Cases/Parte2/Ajustes/Cuenta/Recuperar Cuenta/CPN200

2023-06-23 11:57:43 - [TEST_STEP][PASSED] - tap(findTestObject("Parte2/Ajustes cuenta/Cuenta/Recuperar Cuenta/android.widget.TextView - Elige una pregunta"), 0): Tapped on element 'Object Repository/Parte2/Ajustes cuenta/Cuenta/Recuperar Cuenta/android.widget.TextView - Elige una pregunta'

2023-06-23 11:57:43 - [MESSAGE][WARNING] - Timeout '0' is invalid. Using default page load timeout: '30'

2023-06-23 11:57:43 - [MESSAGE][PASSED] - Tapped on element 'Object Repository/Parte2/Ajustes cuenta/Cuenta/Recuperar Cuenta/android.widget.TextView - Elige una pregunta'

2023-06-23 11:57:43 - [TEST_STEP][PASSED] - tap(findTestObject("Parte2/Ajustes cuenta/Cuenta/Recuperar Cuenta/android.widget.TextView - Cul es tu tipo de comida favorita"), 0): Tapped on element 'Object Repository/Parte2/Ajustes cuenta/Cuenta/Recuperar Cuenta/android.widget.TextView - Cul es tu tipo de comida favorita'

2023-06-23 11:57:43 - [MESSAGE][WARNING] - Timeout '0' is invalid. Using default page load timeout: '30'

2023-06-23 11:57:45 - [MESSAGE][PASSED] - Tapped on element 'Object Repository/Parte2/Ajustes cuenta/Cuenta/Recuperar Cuenta/android.widget.TextView - Cul es tu tipo de comida favorita'

2023-06-23 11:57:45 - [TEST_STEP][PASSED] - tap(findTestObject("Parte2/Ajustes cuenta/Cuenta/Recuperar Cuenta/android.widget.Button - Siguiente"), 0): Tapped on element 'Object Repository/Parte2/Ajustes cuenta/Cuenta/Recuperar Cuenta/android.widget.Button - Siguiente'

2023-06-23 11:57:45 - [MESSAGE][WARNING] - Timeout '0' is invalid. Using default page load timeout: '30'

2023-06-23 11:57:45 - [MESSAGE][PASSED] - Tapped on element 'Object Repository/Parte2/Ajustes cuenta/Cuenta/Recuperar Cuenta/android.widget.Button - Siguiente'

2023-06-23 11:57:45 - [TEST_STEP][PASSED] - verifyElementText(findTestObject("Parte2/Ajustes cuenta/Cuenta/Recuperar Cuenta/android.widget.TextView - El campo no puede estar vaco"), "El campo no puede estar vacío"): Actual text and expected text of test object 'Object Repository/Parte2/Ajustes cuenta/Cuenta/Recuperar Cuenta/android.widget.TextView - El campo no puede estar vaco' are matched.

2023-06-23 11:57:46 - [MESSAGE][PASSED] - Actual text and expected text of test object 'Object Repository/Parte2/Ajustes cuenta/Cuenta/Recuperar Cuenta/android.widget.TextView - El campo no puede estar vaco' are matched.]]></system-out>
         <system-err><![CDATA[]]></system-err>
      </testcase>
      <testcase name="Test Cases/Parte2/Ajustes/Cuenta/Recuperar Cuenta/CPN201" time="1.15" classname="Test Cases/Parte2/Ajustes/Cuenta/Recuperar Cuenta/CPN201" status="PASSED">
         <system-out><![CDATA[2023-06-23 11:57:46 - [TEST_CASE][PASSED] - Test Cases/Parte2/Ajustes/Cuenta/Recuperar Cuenta/CPN201: Test Cases/Parte2/Ajustes/Cuenta/Recuperar Cuenta/CPN201

2023-06-23 11:57:46 - [TEST_STEP][PASSED] - tap(findTestObject("Parte2/Ajustes cuenta/Cuenta/Recuperar Cuenta/android.widget.Button - Cancelar"), 0): Tapped on element 'Object Repository/Parte2/Ajustes cuenta/Cuenta/Recuperar Cuenta/android.widget.Button - Cancelar'

2023-06-23 11:57:46 - [MESSAGE][WARNING] - Timeout '0' is invalid. Using default page load timeout: '30'

2023-06-23 11:57:47 - [MESSAGE][PASSED] - Tapped on element 'Object Repository/Parte2/Ajustes cuenta/Cuenta/Recuperar Cuenta/android.widget.Button - Cancelar'

2023-06-23 11:57:47 - [TEST_STEP][PASSED] - verifyElementExist(findTestObject("Parte2/Ajustes cuenta/Cuenta/Recuperar Cuenta/android.view.ViewGroup (3)"), 0): Element 'Object Repository/Parte2/Ajustes cuenta/Cuenta/Recuperar Cuenta/android.view.ViewGroup (3)' is exist

2023-06-23 11:57:47 - [MESSAGE][WARNING] - Timeout '0' is invalid. Using default page load timeout: '30'

2023-06-23 11:57:47 - [MESSAGE][PASSED] - Element 'Object Repository/Parte2/Ajustes cuenta/Cuenta/Recuperar Cuenta/android.view.ViewGroup (3)' is exist]]></system-out>
         <system-err><![CDATA[]]></system-err>
      </testcase>
      <testcase name="Test Cases/Parte2/Ajustes/Cuenta/Recuperar Cuenta/CPN202" time="0.419" classname="Test Cases/Parte2/Ajustes/Cuenta/Recuperar Cuenta/CPN202" status="PASSED">
         <system-out><![CDATA[2023-06-23 11:57:47 - [TEST_CASE][PASSED] - Test Cases/Parte2/Ajustes/Cuenta/Recuperar Cuenta/CPN202: Test Cases/Parte2/Ajustes/Cuenta/Recuperar Cuenta/CPN202

2023-06-23 11:57:47 - [TEST_STEP][PASSED] - tap(findTestObject("Parte2/Ajustes cuenta/Cuenta/Recuperar Cuenta/android.widget.Button - Cerrar"), 0): Tapped on element 'Object Repository/Parte2/Ajustes cuenta/Cuenta/Recuperar Cuenta/android.widget.Button - Cerrar'

2023-06-23 11:57:47 - [MESSAGE][WARNING] - Timeout '0' is invalid. Using default page load timeout: '30'

2023-06-23 11:57:48 - [MESSAGE][PASSED] - Tapped on element 'Object Repository/Parte2/Ajustes cuenta/Cuenta/Recuperar Cuenta/android.widget.Button - Cerrar']]></system-out>
         <system-err><![CDATA[]]></system-err>
      </testcase>
      <testcase name="Test Cases/Parte2/Ajustes/Cuenta/Recuperar Cuenta/CPN203" time="2.48" classname="Test Cases/Parte2/Ajustes/Cuenta/Recuperar Cuenta/CPN203" status="PASSED">
         <system-out><![CDATA[2023-06-23 11:57:48 - [TEST_CASE][PASSED] - Test Cases/Parte2/Ajustes/Cuenta/Recuperar Cuenta/CPN203: Test Cases/Parte2/Ajustes/Cuenta/Recuperar Cuenta/CPN203

2023-06-23 11:57:48 - [TEST_STEP][PASSED] - tap(findTestObject("Parte2/Ajustes cuenta/Cuenta/Recuperar Cuenta/android.widget.Button - Cancelar"), 0): Tapped on element 'Object Repository/Parte2/Ajustes cuenta/Cuenta/Recuperar Cuenta/android.widget.Button - Cancelar'

2023-06-23 11:57:48 - [MESSAGE][WARNING] - Timeout '0' is invalid. Using default page load timeout: '30'

2023-06-23 11:57:48 - [MESSAGE][PASSED] - Tapped on element 'Object Repository/Parte2/Ajustes cuenta/Cuenta/Recuperar Cuenta/android.widget.Button - Cancelar'

2023-06-23 11:57:48 - [TEST_STEP][PASSED] - tap(findTestObject("Parte2/Ajustes cuenta/Cuenta/Recuperar Cuenta/android.widget.Button - Confirmar (1)"), 0): Tapped on element 'Object Repository/Parte2/Ajustes cuenta/Cuenta/Recuperar Cuenta/android.widget.Button - Confirmar (1)'

2023-06-23 11:57:48 - [MESSAGE][WARNING] - Timeout '0' is invalid. Using default page load timeout: '30'

2023-06-23 11:57:49 - [MESSAGE][PASSED] - Tapped on element 'Object Repository/Parte2/Ajustes cuenta/Cuenta/Recuperar Cuenta/android.widget.Button - Confirmar (1)'

2023-06-23 11:57:49 - [TEST_STEP][PASSED] - verifyElementText(findTestObject("Parte2/Ajustes cuenta/Cuenta/Recuperar Cuenta/android.widget.Button - Editar"), "Editar"): Actual text and expected text of test object 'Object Repository/Parte2/Ajustes cuenta/Cuenta/Recuperar Cuenta/android.widget.Button - Editar' are matched.

2023-06-23 11:57:50 - [MESSAGE][PASSED] - Actual text and expected text of test object 'Object Repository/Parte2/Ajustes cuenta/Cuenta/Recuperar Cuenta/android.widget.Button - Editar' are matched.

2023-06-23 11:57:50 - [TEST_STEP][PASSED] - tap(findTestObject("Parte2/Ajustes cuenta/Cuenta/Recuperar Cuenta/android.widget.ImageButton"), 0): Tapped on element 'Object Repository/Parte2/Ajustes cuenta/Cuenta/Recuperar Cuenta/android.widget.ImageButton'

2023-06-23 11:57:50 - [MESSAGE][WARNING] - Timeout '0' is invalid. Using default page load timeout: '30'

2023-06-23 11:57:50 - [MESSAGE][PASSED] - Tapped on element 'Object Repository/Parte2/Ajustes cuenta/Cuenta/Recuperar Cuenta/android.widget.ImageButton']]></system-out>
         <system-err><![CDATA[]]></system-err>
      </testcase>
      <system-out><![CDATA[2023-06-23 11:51:44 - [TEST_SUITE][PASSED] - Prueba integracion: Test Cases/Parte2/Ajustes/Cuenta/Recuperar Cuenta/CPN203]]></system-out>
      <system-err><![CDATA[]]></system-err>
   </testsuite>
</testsuites>
