<?xml version="1.0" encoding="UTF-8"?>
<testsuites name="Integracion parte1 y parte 2" time="980.319" tests="71" failures="1" errors="0">
   <testsuite name="Integracion parte1 y parte 2" tests="71" failures="1" errors="0" time="980.319" skipped="0" timestamp="2023-06-27 10:48:57" hostname="Testing - DESKTOP-OBIGNLU" id="Test Suites/Integracion parte1 y parte 2">
      <properties>
         <property name="deviceName" value="samsung SM-A107M (Android 11)"/>
         <property name="devicePlatform" value=""/>
         <property name="logFolder" value="C:\\Users\\Testing\\Katalon Studio\\NN_Version2\\Reports\\20230627_104852\\Integracion parte1 y parte 2\\20230627_104852"/>
         <property name="logFiles" value="C:\\Users\\Testing\\Katalon Studio\\NN_Version2\\Reports\\20230627_104852\\Integracion parte1 y parte 2\\20230627_104852\\appium.log, C:\\Users\\Testing\\Katalon Studio\\NN_Version2\\Reports\\20230627_104852\\Integracion parte1 y parte 2\\20230627_104852\\execution0.log"/>
         <property name="attachments" value="C:\\Users\\Testing\\Katalon Studio\\NN_Version2\\Reports\\20230627_104852\\Integracion parte1 y parte 2\\20230627_104852\\1687881578425.png"/>
         <property name="hostName" value="Testing - DESKTOP-OBIGNLU"/>
         <property name="os" value="Windows 10 64bit"/>
         <property name="appiumServerStatus" value="{&quot;value&quot;:{&quot;build&quot;:{&quot;version&quot;:&quot;1.22.3&quot;}},&quot;sessionId&quot;:null,&quot;status&quot;:0}"/>
         <property name="katalonVersion" value="8.6.5.208"/>
         <property name="deviceOS" value="Android"/>
         <property name="appiumVersion" value="1.22.3"/>
         <property name="deviceModel" value="SM-A107M"/>
         <property name="hostAddress" value="192.168.1.5"/>
         <property name="deviceManufacturer" value="samsung"/>
         <property name="deviceId" value="R9WN40KBXDJ"/>
         <property name="deviceName" value="samsung SM-A107M (Android 11)"/>
         <property name="deviceOSVersion" value="11"/>
      </properties>
      <testcase name="Test Cases/Parte1/INICIAR APP/CPNTUTORIAL/CPNTUTORIAL" time="52.234" classname="Test Cases/Parte1/INICIAR APP/CPNTUTORIAL/CPNTUTORIAL" status="PASSED">
         <system-out><![CDATA[2023-06-27 10:48:57 - [TEST_CASE][PASSED] - Test Cases/Parte1/INICIAR APP/CPNTUTORIAL/CPNTUTORIAL: Test Cases/Parte1/INICIAR APP/CPNTUTORIAL/CPNTUTORIAL

2023-06-27 10:48:58 - [TEST_STEP][PASSED] - startApplication("C:\Users\Testing\Desktop\katalon\APK SERVIDOR NUEVO\NapoleoN.apk", true): Started app at: 'C:\Users\Testing\Desktop\katalon\APK SERVIDOR NUEVO\NapoleoN.apk'

2023-06-27 10:48:58 - [MESSAGE][INFO] - User set preference: ['deviceId', '']

2023-06-27 10:48:58 - [MESSAGE][INFO] - Detected NodeJS location: "C:\Program Files\nodejs\node.exe"

2023-06-27 10:49:00 - [MESSAGE][INFO] - Appium server started on port 60.632

2023-06-27 10:49:37 - [MESSAGE][PASSED] - Started app at: 'C:\Users\Testing\Desktop\katalon\APK SERVIDOR NUEVO\NapoleoN.apk'

2023-06-27 10:49:37 - [TEST_STEP][PASSED] - verifyElementText(findTestObject("Object Repository/Parte1/INICIAR APP/CPNTUTORIAL/android.widget.FrameLayout (1)"), ""): Actual text and expected text of test object 'Object Repository/Parte1/INICIAR APP/CPNTUTORIAL/android.widget.FrameLayout (1)' are matched.

2023-06-27 10:49:39 - [MESSAGE][PASSED] - Actual text and expected text of test object 'Object Repository/Parte1/INICIAR APP/CPNTUTORIAL/android.widget.FrameLayout (1)' are matched.

2023-06-27 10:49:39 - [TEST_STEP][PASSED] - tap(findTestObject("Object Repository/Parte1/INICIAR APP/CPNTUTORIAL/android.widget.TextView - Omitir"), 1): Tapped on element 'Object Repository/Parte1/INICIAR APP/CPNTUTORIAL/android.widget.TextView - Omitir'

2023-06-27 10:49:39 - [MESSAGE][PASSED] - Tapped on element 'Object Repository/Parte1/INICIAR APP/CPNTUTORIAL/android.widget.TextView - Omitir'

2023-06-27 10:49:39 - [TEST_STEP][PASSED] - pressBack(): Press back button successfully

2023-06-27 10:49:40 - [MESSAGE][PASSED] - Press back button successfully

2023-06-27 10:49:40 - [TEST_STEP][PASSED] - toggleWifi("ON", STOP_ON_FAILURE): Toggled wifi

2023-06-27 10:49:41 - [MESSAGE][PASSED] - Toggled wifi

2023-06-27 10:49:41 - [TEST_STEP][PASSED] - tap(findTestObject("Object Repository/Parte1/INICIAR APP/CPNTUTORIAL/android.widget.TextView - Siguiente"), 1): Tapped on element 'Object Repository/Parte1/INICIAR APP/CPNTUTORIAL/android.widget.TextView - Siguiente'

2023-06-27 10:49:42 - [MESSAGE][PASSED] - Tapped on element 'Object Repository/Parte1/INICIAR APP/CPNTUTORIAL/android.widget.TextView - Siguiente'

2023-06-27 10:49:42 - [TEST_STEP][PASSED] - verifyElementText(findTestObject("Parte1/INICIAR APP/CPNTUTORIAL/android.widget.FrameLayout"), ""): Actual text and expected text of test object 'Object Repository/Parte1/INICIAR APP/CPNTUTORIAL/android.widget.FrameLayout' are matched.

2023-06-27 10:49:42 - [MESSAGE][PASSED] - Actual text and expected text of test object 'Object Repository/Parte1/INICIAR APP/CPNTUTORIAL/android.widget.FrameLayout' are matched.

2023-06-27 10:49:42 - [TEST_STEP][PASSED] - tap(findTestObject("Object Repository/Parte1/INICIAR APP/CPNTUTORIAL/android.widget.TextView - Siguiente (1)"), 500): Tapped on element 'Object Repository/Parte1/INICIAR APP/CPNTUTORIAL/android.widget.TextView - Siguiente (1)'

2023-06-27 10:49:43 - [MESSAGE][PASSED] - Tapped on element 'Object Repository/Parte1/INICIAR APP/CPNTUTORIAL/android.widget.TextView - Siguiente (1)'

2023-06-27 10:49:43 - [TEST_STEP][PASSED] - verifyElementText(findTestObject("Parte1/INICIAR APP/CPNTUTORIAL/android.widget.FrameLayout"), ""): Actual text and expected text of test object 'Object Repository/Parte1/INICIAR APP/CPNTUTORIAL/android.widget.FrameLayout' are matched.

2023-06-27 10:49:44 - [MESSAGE][PASSED] - Actual text and expected text of test object 'Object Repository/Parte1/INICIAR APP/CPNTUTORIAL/android.widget.FrameLayout' are matched.

2023-06-27 10:49:44 - [TEST_STEP][PASSED] - tap(findTestObject("Parte1/INICIAR APP/CPNTUTORIAL/android.widget.TextView - Siguiente (1)"), 500): Tapped on element 'Object Repository/Parte1/INICIAR APP/CPNTUTORIAL/android.widget.TextView - Siguiente (1)'

2023-06-27 10:49:45 - [MESSAGE][PASSED] - Tapped on element 'Object Repository/Parte1/INICIAR APP/CPNTUTORIAL/android.widget.TextView - Siguiente (1)'

2023-06-27 10:49:45 - [TEST_STEP][PASSED] - tap(findTestObject("Parte1/INICIAR APP/CPNTUTORIAL/android.widget.TextView - Siguiente (1)"), 100): Tapped on element 'Object Repository/Parte1/INICIAR APP/CPNTUTORIAL/android.widget.TextView - Siguiente (1)'

2023-06-27 10:49:46 - [MESSAGE][PASSED] - Tapped on element 'Object Repository/Parte1/INICIAR APP/CPNTUTORIAL/android.widget.TextView - Siguiente (1)'

2023-06-27 10:49:46 - [TEST_STEP][PASSED] - verifyElementText(findTestObject("Parte1/INICIAR APP/CPNTUTORIAL/android.widget.FrameLayout"), ""): Actual text and expected text of test object 'Object Repository/Parte1/INICIAR APP/CPNTUTORIAL/android.widget.FrameLayout' are matched.

2023-06-27 10:49:47 - [MESSAGE][PASSED] - Actual text and expected text of test object 'Object Repository/Parte1/INICIAR APP/CPNTUTORIAL/android.widget.FrameLayout' are matched.

2023-06-27 10:49:47 - [TEST_STEP][PASSED] - tap(findTestObject("Parte1/INICIAR APP/CPNTUTORIAL/android.widget.TextView - Siguiente (1)"), 1): Tapped on element 'Object Repository/Parte1/INICIAR APP/CPNTUTORIAL/android.widget.TextView - Siguiente (1)'

2023-06-27 10:49:48 - [MESSAGE][PASSED] - Tapped on element 'Object Repository/Parte1/INICIAR APP/CPNTUTORIAL/android.widget.TextView - Siguiente (1)'

2023-06-27 10:49:48 - [TEST_STEP][PASSED] - verifyElementText(findTestObject("Parte1/INICIAR APP/CPNTUTORIAL/android.widget.FrameLayout"), ""): Actual text and expected text of test object 'Object Repository/Parte1/INICIAR APP/CPNTUTORIAL/android.widget.FrameLayout' are matched.

2023-06-27 10:49:49 - [MESSAGE][PASSED] - Actual text and expected text of test object 'Object Repository/Parte1/INICIAR APP/CPNTUTORIAL/android.widget.FrameLayout' are matched.

2023-06-27 10:49:49 - [TEST_STEP][PASSED] - tap(findTestObject("Object Repository/Parte1/INICIAR APP/CPNTUTORIAL/android.widget.TextView - Empezar"), 100): Tapped on element 'Object Repository/Parte1/INICIAR APP/CPNTUTORIAL/android.widget.TextView - Empezar'

2023-06-27 10:49:49 - [MESSAGE][PASSED] - Tapped on element 'Object Repository/Parte1/INICIAR APP/CPNTUTORIAL/android.widget.TextView - Empezar']]></system-out>
         <system-err><![CDATA[]]></system-err>
      </testcase>
      <testcase name="Test Cases/Parte1/INICIAR APP/Abrir_App/CPN1" time="9.442" classname="Test Cases/Parte1/INICIAR APP/Abrir_App/CPN1" status="PASSED">
         <system-out><![CDATA[2023-06-27 10:49:49 - [TEST_CASE][PASSED] - Test Cases/Parte1/INICIAR APP/Abrir_App/CPN1: Test Cases/Parte1/INICIAR APP/Abrir_App/CPN1

2023-06-27 10:49:50 - [TEST_STEP][PASSED] - pressBack(): Press back button successfully

2023-06-27 10:49:52 - [MESSAGE][PASSED] - Press back button successfully

2023-06-27 10:49:52 - [TEST_STEP][PASSED] - pressBack(): Press back button successfully

2023-06-27 10:49:53 - [MESSAGE][PASSED] - Press back button successfully

2023-06-27 10:49:53 - [TEST_STEP][PASSED] - toggleWifi("OFF", STOP_ON_FAILURE): Toggled wifi

2023-06-27 10:49:55 - [MESSAGE][PASSED] - Toggled wifi

2023-06-27 10:49:55 - [TEST_STEP][PASSED] - tap(findTestObject("Object Repository/Parte1/INICIAR APP/Abrir_App/CPN1/android.widget.TextView - NapoleoN"), 3000): Tapped on element 'Object Repository/Parte1/INICIAR APP/Abrir_App/CPN1/android.widget.TextView - NapoleoN'

2023-06-27 10:49:56 - [MESSAGE][PASSED] - Tapped on element 'Object Repository/Parte1/INICIAR APP/Abrir_App/CPN1/android.widget.TextView - NapoleoN'

2023-06-27 10:49:56 - [TEST_STEP][PASSED] - delay(2): Delayed 2 second(s)

2023-06-27 10:49:58 - [MESSAGE][PASSED] - Delayed 2 second(s)

2023-06-27 10:49:58 - [TEST_STEP][PASSED] - toggleWifi("ON", STOP_ON_FAILURE): Toggled wifi

2023-06-27 10:49:59 - [MESSAGE][PASSED] - Toggled wifi]]></system-out>
         <system-err><![CDATA[]]></system-err>
      </testcase>
      <testcase name="Test Cases/Parte1/INICIAR APP/Abrir_App/CPN2" time="5.793" classname="Test Cases/Parte1/INICIAR APP/Abrir_App/CPN2" status="PASSED">
         <system-out><![CDATA[2023-06-27 10:49:59 - [TEST_CASE][PASSED] - Test Cases/Parte1/INICIAR APP/Abrir_App/CPN2: Test Cases/Parte1/INICIAR APP/Abrir_App/CPN2

2023-06-27 10:49:59 - [TEST_STEP][PASSED] - pressBack(): Press back button successfully

2023-06-27 10:49:59 - [MESSAGE][PASSED] - Press back button successfully

2023-06-27 10:49:59 - [TEST_STEP][PASSED] - pressBack(): Press back button successfully

2023-06-27 10:50:01 - [MESSAGE][PASSED] - Press back button successfully

2023-06-27 10:50:01 - [TEST_STEP][PASSED] - tap(findTestObject("Object Repository/Parte1/INICIAR APP/Abrir_App/CPN2/android.widget.TextView - NapoleoN"), 500): Tapped on element 'Object Repository/Parte1/INICIAR APP/Abrir_App/CPN2/android.widget.TextView - NapoleoN'

2023-06-27 10:50:01 - [MESSAGE][PASSED] - Tapped on element 'Object Repository/Parte1/INICIAR APP/Abrir_App/CPN2/android.widget.TextView - NapoleoN'

2023-06-27 10:50:01 - [TEST_STEP][PASSED] - toggleWifi("off", STOP_ON_FAILURE): Toggled wifi

2023-06-27 10:50:03 - [MESSAGE][PASSED] - Toggled wifi

2023-06-27 10:50:03 - [TEST_STEP][PASSED] - delay(2, STOP_ON_FAILURE): Delayed 2 second(s)

2023-06-27 10:50:05 - [MESSAGE][PASSED] - Delayed 2 second(s)]]></system-out>
         <system-err><![CDATA[]]></system-err>
      </testcase>
      <testcase name="Test Cases/Parte1/INICIAR APP/Abrir_App/CPN3" time="17.364" classname="Test Cases/Parte1/INICIAR APP/Abrir_App/CPN3" status="PASSED">
         <system-out><![CDATA[2023-06-27 10:50:05 - [TEST_CASE][PASSED] - Test Cases/Parte1/INICIAR APP/Abrir_App/CPN3: Test Cases/Parte1/INICIAR APP/Abrir_App/CPN3

2023-06-27 10:50:05 - [TEST_STEP][PASSED] - pressBack(): Press back button successfully

2023-06-27 10:50:05 - [MESSAGE][PASSED] - Press back button successfully

2023-06-27 10:50:05 - [TEST_STEP][PASSED] - pressBack(): Press back button successfully

2023-06-27 10:50:06 - [MESSAGE][PASSED] - Press back button successfully

2023-06-27 10:50:06 - [TEST_STEP][PASSED] - toggleWifi("ON", STOP_ON_FAILURE): Toggled wifi

2023-06-27 10:50:07 - [MESSAGE][PASSED] - Toggled wifi

2023-06-27 10:50:07 - [TEST_STEP][PASSED] - delay(4): Delayed 4 second(s)

2023-06-27 10:50:11 - [MESSAGE][PASSED] - Delayed 4 second(s)

2023-06-27 10:50:11 - [TEST_STEP][PASSED] - toggleWifi("OFF", STOP_ON_FAILURE): Toggled wifi

2023-06-27 10:50:12 - [MESSAGE][PASSED] - Toggled wifi

2023-06-27 10:50:12 - [TEST_STEP][PASSED] - tap(findTestObject("Parte1/INICIAR APP/Abrir_App/CPN1/android.widget.TextView - NapoleoN"), 0): Tapped on element 'Object Repository/Parte1/INICIAR APP/Abrir_App/CPN1/android.widget.TextView - NapoleoN'

2023-06-27 10:50:12 - [MESSAGE][WARNING] - Timeout '0' is invalid. Using default page load timeout: '30'

2023-06-27 10:50:13 - [MESSAGE][PASSED] - Tapped on element 'Object Repository/Parte1/INICIAR APP/Abrir_App/CPN1/android.widget.TextView - NapoleoN'

2023-06-27 10:50:13 - [TEST_STEP][PASSED] - tap(findTestObject("Parte1/INICIAR APP/Abrir_App/CPN3/android.widget.Button - Crear Cuenta"), 0): Tapped on element 'Object Repository/Parte1/INICIAR APP/Abrir_App/CPN3/android.widget.Button - Crear Cuenta'

2023-06-27 10:50:13 - [MESSAGE][WARNING] - Timeout '0' is invalid. Using default page load timeout: '30'

2023-06-27 10:50:15 - [MESSAGE][PASSED] - Tapped on element 'Object Repository/Parte1/INICIAR APP/Abrir_App/CPN3/android.widget.Button - Crear Cuenta'

2023-06-27 10:50:15 - [TEST_STEP][PASSED] - delay(3): Delayed 3 second(s)

2023-06-27 10:50:18 - [MESSAGE][PASSED] - Delayed 3 second(s)

2023-06-27 10:50:18 - [TEST_STEP][PASSED] - tap(findTestObject("Object Repository/Parte1/INICIAR APP/Abrir_App/CPN3/android.widget.Button - Enviar cdigo de registro"), 0): Tapped on element 'Object Repository/Parte1/INICIAR APP/Abrir_App/CPN3/android.widget.Button - Enviar cdigo de registro'

2023-06-27 10:50:18 - [MESSAGE][WARNING] - Timeout '0' is invalid. Using default page load timeout: '30'

2023-06-27 10:50:18 - [MESSAGE][PASSED] - Tapped on element 'Object Repository/Parte1/INICIAR APP/Abrir_App/CPN3/android.widget.Button - Enviar cdigo de registro'

2023-06-27 10:50:18 - [TEST_STEP][PASSED] - verifyElementVisible(findTestObject("Object Repository/Parte1/INICIAR APP/Abrir_App/CPN3/android.widget.FrameLayout"), 0): Element 'Object Repository/Parte1/INICIAR APP/Abrir_App/CPN3/android.widget.FrameLayout' is visible

2023-06-27 10:50:18 - [MESSAGE][WARNING] - Timeout '0' is invalid. Using default page load timeout: '30'

2023-06-27 10:50:20 - [MESSAGE][PASSED] - Element 'Object Repository/Parte1/INICIAR APP/Abrir_App/CPN3/android.widget.FrameLayout' is visible

2023-06-27 10:50:20 - [TEST_STEP][PASSED] - tap(findTestObject("Object Repository/Parte1/INICIAR APP/Abrir_App/CPN3/android.widget.Button - OK"), 0): Tapped on element 'Object Repository/Parte1/INICIAR APP/Abrir_App/CPN3/android.widget.Button - OK'

2023-06-27 10:50:20 - [MESSAGE][WARNING] - Timeout '0' is invalid. Using default page load timeout: '30'

2023-06-27 10:50:21 - [MESSAGE][PASSED] - Tapped on element 'Object Repository/Parte1/INICIAR APP/Abrir_App/CPN3/android.widget.Button - OK'

2023-06-27 10:50:21 - [TEST_STEP][PASSED] - toggleWifi("ON", STOP_ON_FAILURE): Toggled wifi

2023-06-27 10:50:22 - [MESSAGE][PASSED] - Toggled wifi]]></system-out>
         <system-err><![CDATA[]]></system-err>
      </testcase>
      <testcase name="Test Cases/Parte1/INICIA_SESION_APODO_INEXISTENTE3.1/CPN21" time="26.459" classname="Test Cases/Parte1/INICIA_SESION_APODO_INEXISTENTE3.1/CPN21" status="PASSED">
         <system-out><![CDATA[2023-06-27 10:50:22 - [TEST_CASE][PASSED] - Test Cases/Parte1/INICIA_SESION_APODO_INEXISTENTE3.1/CPN21: Test Cases/Parte1/INICIA_SESION_APODO_INEXISTENTE3.1/CPN21

2023-06-27 10:50:22 - [TEST_STEP][PASSED] - delay(4): Delayed 4 second(s)

2023-06-27 10:50:26 - [MESSAGE][PASSED] - Delayed 4 second(s)

2023-06-27 10:50:26 - [TEST_STEP][PASSED] - tap(findTestObject("Object Repository/Parte1/INICIA_SESION_APODO_INEXISTENTE/CPN21/android.widget.ImageButton"), 1): Tapped on element 'Object Repository/Parte1/INICIA_SESION_APODO_INEXISTENTE/CPN21/android.widget.ImageButton'

2023-06-27 10:50:27 - [MESSAGE][PASSED] - Tapped on element 'Object Repository/Parte1/INICIA_SESION_APODO_INEXISTENTE/CPN21/android.widget.ImageButton'

2023-06-27 10:50:27 - [TEST_STEP][PASSED] - tap(findTestObject("Object Repository/Parte1/INICIA_SESION_APODO_INEXISTENTE/CPN21/android.widget.TextView - Iniciar sesin"), 1): Tapped on element 'Object Repository/Parte1/INICIA_SESION_APODO_INEXISTENTE/CPN21/android.widget.TextView - Iniciar sesin'

2023-06-27 10:50:28 - [MESSAGE][PASSED] - Tapped on element 'Object Repository/Parte1/INICIA_SESION_APODO_INEXISTENTE/CPN21/android.widget.TextView - Iniciar sesin'

2023-06-27 10:50:28 - [TEST_STEP][PASSED] - verifyElementText(findTestObject("Object Repository/Parte1/INICIA_SESION_APODO_INEXISTENTE/CPN21/android.widget.TextView - Recuperar Cuenta"), "Recuperar Cuenta"): Actual text and expected text of test object 'Object Repository/Parte1/INICIA_SESION_APODO_INEXISTENTE/CPN21/android.widget.TextView - Recuperar Cuenta' are matched.

2023-06-27 10:50:29 - [MESSAGE][PASSED] - Actual text and expected text of test object 'Object Repository/Parte1/INICIA_SESION_APODO_INEXISTENTE/CPN21/android.widget.TextView - Recuperar Cuenta' are matched.

2023-06-27 10:50:29 - [TEST_STEP][PASSED] - tap(findTestObject("Object Repository/Parte1/INICIA_SESION_APODO_INEXISTENTE/CPN21/android.widget.EditText - Apodo"), 1): Tapped on element 'Object Repository/Parte1/INICIA_SESION_APODO_INEXISTENTE/CPN21/android.widget.EditText - Apodo'

2023-06-27 10:50:30 - [MESSAGE][PASSED] - Tapped on element 'Object Repository/Parte1/INICIA_SESION_APODO_INEXISTENTE/CPN21/android.widget.EditText - Apodo'

2023-06-27 10:50:30 - [TEST_STEP][PASSED] - setText(findTestObject("Object Repository/Parte1/INICIA_SESION_APODO_INEXISTENTE/CPN21/android.widget.EditText - Apodo (1)"), "AUTOMATIZACION", 0): Text 'AUTOMATIZACION' has been set to element 'Object Repository/Parte1/INICIA_SESION_APODO_INEXISTENTE/CPN21/android.widget.EditText - Apodo (1)'

2023-06-27 10:50:30 - [MESSAGE][WARNING] - Timeout '0' is invalid. Using default page load timeout: '30'

2023-06-27 10:50:33 - [MESSAGE][PASSED] - Text 'AUTOMATIZACION' has been set to element 'Object Repository/Parte1/INICIA_SESION_APODO_INEXISTENTE/CPN21/android.widget.EditText - Apodo (1)'

2023-06-27 10:50:33 - [TEST_STEP][PASSED] - hideKeyboard(): Keyboard is hidden

2023-06-27 10:50:36 - [MESSAGE][PASSED] - Keyboard is hidden

2023-06-27 10:50:36 - [TEST_STEP][PASSED] - tap(findTestObject("Object Repository/Parte1/INICIA_SESION_APODO_INEXISTENTE/CPN21/android.widget.Button - Recuperar"), 1): Tapped on element 'Object Repository/Parte1/INICIA_SESION_APODO_INEXISTENTE/CPN21/android.widget.Button - Recuperar'

2023-06-27 10:50:36 - [MESSAGE][PASSED] - Tapped on element 'Object Repository/Parte1/INICIA_SESION_APODO_INEXISTENTE/CPN21/android.widget.Button - Recuperar'

2023-06-27 10:50:36 - [TEST_STEP][PASSED] - tap(findTestObject("Object Repository/Parte1/INICIA_SESION_APODO_INEXISTENTE/CPN21/android.widget.RadioButton - No eleg esta pregunta"), 400): Tapped on element 'Object Repository/Parte1/INICIA_SESION_APODO_INEXISTENTE/CPN21/android.widget.RadioButton - No eleg esta pregunta'

2023-06-27 10:50:39 - [MESSAGE][PASSED] - Tapped on element 'Object Repository/Parte1/INICIA_SESION_APODO_INEXISTENTE/CPN21/android.widget.RadioButton - No eleg esta pregunta'

2023-06-27 10:50:39 - [TEST_STEP][PASSED] - tap(findTestObject("Object Repository/Parte1/INICIA_SESION_APODO_INEXISTENTE/CPN21/android.widget.Button - Siguiente"), 200): Tapped on element 'Object Repository/Parte1/INICIA_SESION_APODO_INEXISTENTE/CPN21/android.widget.Button - Siguiente'

2023-06-27 10:50:39 - [MESSAGE][PASSED] - Tapped on element 'Object Repository/Parte1/INICIA_SESION_APODO_INEXISTENTE/CPN21/android.widget.Button - Siguiente'

2023-06-27 10:50:39 - [TEST_STEP][PASSED] - tap(findTestObject("Object Repository/Parte1/INICIA_SESION_APODO_INEXISTENTE/CPN21/android.widget.Button - Siguiente (1)"), 200): Tapped on element 'Object Repository/Parte1/INICIA_SESION_APODO_INEXISTENTE/CPN21/android.widget.Button - Siguiente (1)'

2023-06-27 10:50:40 - [MESSAGE][PASSED] - Tapped on element 'Object Repository/Parte1/INICIA_SESION_APODO_INEXISTENTE/CPN21/android.widget.Button - Siguiente (1)'

2023-06-27 10:50:40 - [TEST_STEP][PASSED] - tap(findTestObject("Object Repository/Parte1/INICIA_SESION_APODO_INEXISTENTE/CPN21/android.widget.RadioGroup"), 100): Tapped on element 'Object Repository/Parte1/INICIA_SESION_APODO_INEXISTENTE/CPN21/android.widget.RadioGroup'

2023-06-27 10:50:41 - [MESSAGE][PASSED] - Tapped on element 'Object Repository/Parte1/INICIA_SESION_APODO_INEXISTENTE/CPN21/android.widget.RadioGroup'

2023-06-27 10:50:41 - [TEST_STEP][PASSED] - tap(findTestObject("Parte1/INICIA_SESION_APODO_INEXISTENTE/CPN21/android.widget.Button - Siguiente (1)"), 200): Tapped on element 'Object Repository/Parte1/INICIA_SESION_APODO_INEXISTENTE/CPN21/android.widget.Button - Siguiente (1)'

2023-06-27 10:50:41 - [MESSAGE][PASSED] - Tapped on element 'Object Repository/Parte1/INICIA_SESION_APODO_INEXISTENTE/CPN21/android.widget.Button - Siguiente (1)'

2023-06-27 10:50:41 - [TEST_STEP][PASSED] - tap(findTestObject("Object Repository/Parte1/INICIA_SESION_APODO_INEXISTENTE/CPN21/android.widget.RadioGroup (1)"), 1): Tapped on element 'Object Repository/Parte1/INICIA_SESION_APODO_INEXISTENTE/CPN21/android.widget.RadioGroup (1)'

2023-06-27 10:50:42 - [MESSAGE][PASSED] - Tapped on element 'Object Repository/Parte1/INICIA_SESION_APODO_INEXISTENTE/CPN21/android.widget.RadioGroup (1)'

2023-06-27 10:50:42 - [TEST_STEP][PASSED] - tap(findTestObject("Parte1/INICIA_SESION_APODO_INEXISTENTE/CPN21/android.widget.Button - Siguiente (1)"), 100): Tapped on element 'Object Repository/Parte1/INICIA_SESION_APODO_INEXISTENTE/CPN21/android.widget.Button - Siguiente (1)'

2023-06-27 10:50:43 - [MESSAGE][PASSED] - Tapped on element 'Object Repository/Parte1/INICIA_SESION_APODO_INEXISTENTE/CPN21/android.widget.Button - Siguiente (1)'

2023-06-27 10:50:43 - [TEST_STEP][PASSED] - tap(findTestObject("Parte1/INICIA_SESION_APODO_INEXISTENTE/CPN21/android.widget.Button - Siguiente (1)"), 400): Tapped on element 'Object Repository/Parte1/INICIA_SESION_APODO_INEXISTENTE/CPN21/android.widget.Button - Siguiente (1)'

2023-06-27 10:50:44 - [MESSAGE][PASSED] - Tapped on element 'Object Repository/Parte1/INICIA_SESION_APODO_INEXISTENTE/CPN21/android.widget.Button - Siguiente (1)'

2023-06-27 10:50:44 - [TEST_STEP][PASSED] - tap(findTestObject("Parte1/INICIA_SESION_APODO_INEXISTENTE/CPN21/android.widget.RadioGroup (1)"), 200): Tapped on element 'Object Repository/Parte1/INICIA_SESION_APODO_INEXISTENTE/CPN21/android.widget.RadioGroup (1)'

2023-06-27 10:50:44 - [MESSAGE][PASSED] - Tapped on element 'Object Repository/Parte1/INICIA_SESION_APODO_INEXISTENTE/CPN21/android.widget.RadioGroup (1)'

2023-06-27 10:50:44 - [TEST_STEP][PASSED] - tap(findTestObject("Parte1/INICIA_SESION_APODO_INEXISTENTE/CPN21/android.widget.Button - Siguiente (1)"), 400): Tapped on element 'Object Repository/Parte1/INICIA_SESION_APODO_INEXISTENTE/CPN21/android.widget.Button - Siguiente (1)'

2023-06-27 10:50:45 - [MESSAGE][PASSED] - Tapped on element 'Object Repository/Parte1/INICIA_SESION_APODO_INEXISTENTE/CPN21/android.widget.Button - Siguiente (1)'

2023-06-27 10:50:45 - [TEST_STEP][PASSED] - tap(findTestObject("Parte1/INICIA_SESION_APODO_INEXISTENTE/CPN21/android.widget.RadioGroup (1)"), 400): Tapped on element 'Object Repository/Parte1/INICIA_SESION_APODO_INEXISTENTE/CPN21/android.widget.RadioGroup (1)'

2023-06-27 10:50:46 - [MESSAGE][PASSED] - Tapped on element 'Object Repository/Parte1/INICIA_SESION_APODO_INEXISTENTE/CPN21/android.widget.RadioGroup (1)'

2023-06-27 10:50:46 - [TEST_STEP][PASSED] - tap(findTestObject("Object Repository/Parte1/INICIA_SESION_APODO_INEXISTENTE/CPN21/android.widget.Button - Finalizar"), 200): Tapped on element 'Object Repository/Parte1/INICIA_SESION_APODO_INEXISTENTE/CPN21/android.widget.Button - Finalizar'

2023-06-27 10:50:47 - [MESSAGE][PASSED] - Tapped on element 'Object Repository/Parte1/INICIA_SESION_APODO_INEXISTENTE/CPN21/android.widget.Button - Finalizar'

2023-06-27 10:50:47 - [TEST_STEP][PASSED] - verifyElementVisible(findTestObject("Object Repository/Parte1/INICIA_SESION_APODO_INEXISTENTE/CPN21/androidx.appcompat.widget.LinearLayoutCompat"), 200): Element 'Object Repository/Parte1/INICIA_SESION_APODO_INEXISTENTE/CPN21/androidx.appcompat.widget.LinearLayoutCompat' is visible

2023-06-27 10:50:48 - [MESSAGE][PASSED] - Element 'Object Repository/Parte1/INICIA_SESION_APODO_INEXISTENTE/CPN21/androidx.appcompat.widget.LinearLayoutCompat' is visible

2023-06-27 10:50:48 - [TEST_STEP][PASSED] - tap(findTestObject("Object Repository/Parte1/INICIA_SESION_APODO_INEXISTENTE/CPN21/android.widget.Button - Cerrar"), 200): Tapped on element 'Object Repository/Parte1/INICIA_SESION_APODO_INEXISTENTE/CPN21/android.widget.Button - Cerrar'

2023-06-27 10:50:49 - [MESSAGE][PASSED] - Tapped on element 'Object Repository/Parte1/INICIA_SESION_APODO_INEXISTENTE/CPN21/android.widget.Button - Cerrar']]></system-out>
         <system-err><![CDATA[]]></system-err>
      </testcase>
      <testcase name="Test Cases/Parte1/INICIA_SESION_APODO_EXISTENTE3.2/CPN22" time="21.638" classname="Test Cases/Parte1/INICIA_SESION_APODO_EXISTENTE3.2/CPN22" status="PASSED">
         <system-out><![CDATA[2023-06-27 10:50:49 - [TEST_CASE][PASSED] - Test Cases/Parte1/INICIA_SESION_APODO_EXISTENTE3.2/CPN22: Test Cases/Parte1/INICIA_SESION_APODO_EXISTENTE3.2/CPN22

2023-06-27 10:50:49 - [TEST_STEP][PASSED] - tap(findTestObject("Object Repository/Parte1/INICIA_SESION_APODO_EXISTENTE/CPN22/android.widget.EditText - Apodo"), 1): Tapped on element 'Object Repository/Parte1/INICIA_SESION_APODO_EXISTENTE/CPN22/android.widget.EditText - Apodo'

2023-06-27 10:50:51 - [MESSAGE][PASSED] - Tapped on element 'Object Repository/Parte1/INICIA_SESION_APODO_EXISTENTE/CPN22/android.widget.EditText - Apodo'

2023-06-27 10:50:51 - [TEST_STEP][PASSED] - setText(findTestObject("Object Repository/Parte1/INICIA_SESION_APODO_EXISTENTE/CPN22/android.widget.EditText - Apodo (1)"), "EDWIN_1324", 0): Text 'EDWIN_1324' has been set to element 'Object Repository/Parte1/INICIA_SESION_APODO_EXISTENTE/CPN22/android.widget.EditText - Apodo (1)'

2023-06-27 10:50:51 - [MESSAGE][WARNING] - Timeout '0' is invalid. Using default page load timeout: '30'

2023-06-27 10:50:53 - [MESSAGE][PASSED] - Text 'EDWIN_1324' has been set to element 'Object Repository/Parte1/INICIA_SESION_APODO_EXISTENTE/CPN22/android.widget.EditText - Apodo (1)'

2023-06-27 10:50:53 - [TEST_STEP][PASSED] - hideKeyboard(): Keyboard is hidden

2023-06-27 10:50:55 - [MESSAGE][PASSED] - Keyboard is hidden

2023-06-27 10:50:55 - [TEST_STEP][PASSED] - tap(findTestObject("Object Repository/Parte1/INICIA_SESION_APODO_EXISTENTE/CPN22/android.widget.Button - Recuperar"), 100): Tapped on element 'Object Repository/Parte1/INICIA_SESION_APODO_EXISTENTE/CPN22/android.widget.Button - Recuperar'

2023-06-27 10:50:56 - [MESSAGE][PASSED] - Tapped on element 'Object Repository/Parte1/INICIA_SESION_APODO_EXISTENTE/CPN22/android.widget.Button - Recuperar'

2023-06-27 10:50:56 - [TEST_STEP][PASSED] - tap(findTestObject("Parte1/INICIA_SESION_APODO_EXISTENTE/CPN22/android.widget.RadioGroup"), 100): Tapped on element 'Object Repository/Parte1/INICIA_SESION_APODO_EXISTENTE/CPN22/android.widget.RadioGroup'

2023-06-27 10:50:58 - [MESSAGE][PASSED] - Tapped on element 'Object Repository/Parte1/INICIA_SESION_APODO_EXISTENTE/CPN22/android.widget.RadioGroup'

2023-06-27 10:50:58 - [TEST_STEP][PASSED] - tap(findTestObject("Object Repository/Parte1/INICIA_SESION_APODO_EXISTENTE/CPN22/android.widget.Button - Siguiente"), 100): Tapped on element 'Object Repository/Parte1/INICIA_SESION_APODO_EXISTENTE/CPN22/android.widget.Button - Siguiente'

2023-06-27 10:50:59 - [MESSAGE][PASSED] - Tapped on element 'Object Repository/Parte1/INICIA_SESION_APODO_EXISTENTE/CPN22/android.widget.Button - Siguiente'

2023-06-27 10:50:59 - [TEST_STEP][PASSED] - tap(findTestObject("Object Repository/Parte1/INICIA_SESION_APODO_EXISTENTE/CPN22/android.widget.Button - Siguiente (1)"), 100): Tapped on element 'Object Repository/Parte1/INICIA_SESION_APODO_EXISTENTE/CPN22/android.widget.Button - Siguiente (1)'

2023-06-27 10:51:00 - [MESSAGE][PASSED] - Tapped on element 'Object Repository/Parte1/INICIA_SESION_APODO_EXISTENTE/CPN22/android.widget.Button - Siguiente (1)'

2023-06-27 10:51:00 - [TEST_STEP][PASSED] - tap(findTestObject("Object Repository/Parte1/INICIA_SESION_APODO_EXISTENTE/CPN22/android.widget.RadioGroup (1)"), 100): Tapped on element 'Object Repository/Parte1/INICIA_SESION_APODO_EXISTENTE/CPN22/android.widget.RadioGroup (1)'

2023-06-27 10:51:00 - [MESSAGE][PASSED] - Tapped on element 'Object Repository/Parte1/INICIA_SESION_APODO_EXISTENTE/CPN22/android.widget.RadioGroup (1)'

2023-06-27 10:51:00 - [TEST_STEP][PASSED] - tap(findTestObject("Parte1/INICIA_SESION_APODO_EXISTENTE/CPN22/android.widget.Button - Siguiente (1)"), 100): Tapped on element 'Object Repository/Parte1/INICIA_SESION_APODO_EXISTENTE/CPN22/android.widget.Button - Siguiente (1)'

2023-06-27 10:51:01 - [MESSAGE][PASSED] - Tapped on element 'Object Repository/Parte1/INICIA_SESION_APODO_EXISTENTE/CPN22/android.widget.Button - Siguiente (1)'

2023-06-27 10:51:01 - [TEST_STEP][PASSED] - tap(findTestObject("Object Repository/Parte1/INICIA_SESION_APODO_EXISTENTE/CPN22/android.widget.RadioButton - No eleg esta pregunta"), 100): Tapped on element 'Object Repository/Parte1/INICIA_SESION_APODO_EXISTENTE/CPN22/android.widget.RadioButton - No eleg esta pregunta'

2023-06-27 10:51:02 - [MESSAGE][PASSED] - Tapped on element 'Object Repository/Parte1/INICIA_SESION_APODO_EXISTENTE/CPN22/android.widget.RadioButton - No eleg esta pregunta'

2023-06-27 10:51:02 - [TEST_STEP][PASSED] - tap(findTestObject("Parte1/INICIA_SESION_APODO_EXISTENTE/CPN22/android.widget.Button - Siguiente (1)"), 100): Tapped on element 'Object Repository/Parte1/INICIA_SESION_APODO_EXISTENTE/CPN22/android.widget.Button - Siguiente (1)'

2023-06-27 10:51:04 - [MESSAGE][PASSED] - Tapped on element 'Object Repository/Parte1/INICIA_SESION_APODO_EXISTENTE/CPN22/android.widget.Button - Siguiente (1)'

2023-06-27 10:51:04 - [TEST_STEP][PASSED] - tap(findTestObject("Parte1/INICIA_SESION_APODO_EXISTENTE/CPN22/android.widget.RadioGroup"), 100): Tapped on element 'Object Repository/Parte1/INICIA_SESION_APODO_EXISTENTE/CPN22/android.widget.RadioGroup'

2023-06-27 10:51:04 - [MESSAGE][PASSED] - Tapped on element 'Object Repository/Parte1/INICIA_SESION_APODO_EXISTENTE/CPN22/android.widget.RadioGroup'

2023-06-27 10:51:04 - [TEST_STEP][PASSED] - tap(findTestObject("Parte1/INICIA_SESION_APODO_EXISTENTE/CPN22/android.widget.Button - Siguiente (1)"), 100): Tapped on element 'Object Repository/Parte1/INICIA_SESION_APODO_EXISTENTE/CPN22/android.widget.Button - Siguiente (1)'

2023-06-27 10:51:05 - [MESSAGE][PASSED] - Tapped on element 'Object Repository/Parte1/INICIA_SESION_APODO_EXISTENTE/CPN22/android.widget.Button - Siguiente (1)'

2023-06-27 10:51:05 - [TEST_STEP][PASSED] - tap(findTestObject("Parte1/INICIA_SESION_APODO_EXISTENTE/CPN22/android.widget.RadioGroup"), 100): Tapped on element 'Object Repository/Parte1/INICIA_SESION_APODO_EXISTENTE/CPN22/android.widget.RadioGroup'

2023-06-27 10:51:06 - [MESSAGE][PASSED] - Tapped on element 'Object Repository/Parte1/INICIA_SESION_APODO_EXISTENTE/CPN22/android.widget.RadioGroup'

2023-06-27 10:51:06 - [TEST_STEP][PASSED] - tap(findTestObject("Object Repository/Parte1/INICIA_SESION_APODO_EXISTENTE/CPN22/android.widget.Button - Finalizar"), 100): Tapped on element 'Object Repository/Parte1/INICIA_SESION_APODO_EXISTENTE/CPN22/android.widget.Button - Finalizar'

2023-06-27 10:51:07 - [MESSAGE][PASSED] - Tapped on element 'Object Repository/Parte1/INICIA_SESION_APODO_EXISTENTE/CPN22/android.widget.Button - Finalizar'

2023-06-27 10:51:07 - [TEST_STEP][PASSED] - verifyElementVisible(findTestObject("Object Repository/Parte1/INICIA_SESION_APODO_EXISTENTE/CPN22/androidx.appcompat.widget.LinearLayoutCompat"), 100): Element 'Object Repository/Parte1/INICIA_SESION_APODO_EXISTENTE/CPN22/androidx.appcompat.widget.LinearLayoutCompat' is visible

2023-06-27 10:51:08 - [MESSAGE][PASSED] - Element 'Object Repository/Parte1/INICIA_SESION_APODO_EXISTENTE/CPN22/androidx.appcompat.widget.LinearLayoutCompat' is visible

2023-06-27 10:51:08 - [TEST_STEP][PASSED] - tap(findTestObject("Object Repository/Parte1/INICIA_SESION_APODO_EXISTENTE/CPN22/android.widget.Button - Cerrar"), 100): Tapped on element 'Object Repository/Parte1/INICIA_SESION_APODO_EXISTENTE/CPN22/android.widget.Button - Cerrar'

2023-06-27 10:51:09 - [MESSAGE][PASSED] - Tapped on element 'Object Repository/Parte1/INICIA_SESION_APODO_EXISTENTE/CPN22/android.widget.Button - Cerrar'

2023-06-27 10:51:09 - [TEST_STEP][PASSED] - tap(findTestObject("Object Repository/Parte1/INICIA_SESION_APODO_EXISTENTE/CPN22/android.widget.ImageButton"), 100): Tapped on element 'Object Repository/Parte1/INICIA_SESION_APODO_EXISTENTE/CPN22/android.widget.ImageButton'

2023-06-27 10:51:10 - [MESSAGE][PASSED] - Tapped on element 'Object Repository/Parte1/INICIA_SESION_APODO_EXISTENTE/CPN22/android.widget.ImageButton']]></system-out>
         <system-err><![CDATA[]]></system-err>
      </testcase>
      <testcase name="Test Cases/Parte1/INICIAR APP/Abrir_App/CPN4" time="7.103" classname="Test Cases/Parte1/INICIAR APP/Abrir_App/CPN4" status="PASSED">
         <system-out><![CDATA[2023-06-27 10:51:10 - [TEST_CASE][PASSED] - Test Cases/Parte1/INICIAR APP/Abrir_App/CPN4: Test Cases/Parte1/INICIAR APP/Abrir_App/CPN4

2023-06-27 10:51:10 - [TEST_STEP][PASSED] - toggleWifi("off", STOP_ON_FAILURE): Toggled wifi

2023-06-27 10:51:11 - [MESSAGE][PASSED] - Toggled wifi

2023-06-27 10:51:11 - [TEST_STEP][PASSED] - toggleWifi("on", STOP_ON_FAILURE): Toggled wifi

2023-06-27 10:51:12 - [MESSAGE][PASSED] - Toggled wifi

2023-06-27 10:51:12 - [TEST_STEP][PASSED] - delay(5): Delayed 5 second(s)

2023-06-27 10:51:17 - [MESSAGE][PASSED] - Delayed 5 second(s)]]></system-out>
         <system-err><![CDATA[]]></system-err>
      </testcase>
      <testcase name="Test Cases/Parte1/Crear cuenta/CPN5" time="7.713" classname="Test Cases/Parte1/Crear cuenta/CPN5" status="PASSED">
         <system-out><![CDATA[2023-06-27 10:51:17 - [TEST_CASE][PASSED] - Test Cases/Parte1/Crear cuenta/CPN5: Test Cases/Parte1/Crear cuenta/CPN5

2023-06-27 10:51:18 - [TEST_STEP][PASSED] - tap(findTestObject("Object Repository/Parte1/Crear_cuenta/CPN5/android.widget.Button - Crear Cuenta"), 100): Tapped on element 'Object Repository/Parte1/Crear_cuenta/CPN5/android.widget.Button - Crear Cuenta'

2023-06-27 10:51:18 - [MESSAGE][PASSED] - Tapped on element 'Object Repository/Parte1/Crear_cuenta/CPN5/android.widget.Button - Crear Cuenta'

2023-06-27 10:51:18 - [TEST_STEP][PASSED] - verifyElementText(findTestObject("Parte1/Crear_cuenta/CPN5/android.widget.FrameLayout"), ""): Actual text and expected text of test object 'Object Repository/Parte1/Crear_cuenta/CPN5/android.widget.FrameLayout' are matched.

2023-06-27 10:51:19 - [MESSAGE][PASSED] - Actual text and expected text of test object 'Object Repository/Parte1/Crear_cuenta/CPN5/android.widget.FrameLayout' are matched.

2023-06-27 10:51:19 - [TEST_STEP][PASSED] - tap(findTestObject("Object Repository/Parte1/Crear_cuenta/CPN5/android.widget.Button - Enviar cdigo de registro"), 200): Tapped on element 'Object Repository/Parte1/Crear_cuenta/CPN5/android.widget.Button - Enviar cdigo de registro'

2023-06-27 10:51:20 - [MESSAGE][PASSED] - Tapped on element 'Object Repository/Parte1/Crear_cuenta/CPN5/android.widget.Button - Enviar cdigo de registro'

2023-06-27 10:51:20 - [TEST_STEP][PASSED] - verifyElementText(findTestObject("Object Repository/Parte1/Crear_cuenta/CPN5/android.widget.TextView - Bienvenido a NapoleoN Chat"), "Bienvenido a NapoleoN Chat"): Actual text and expected text of test object 'Object Repository/Parte1/Crear_cuenta/CPN5/android.widget.TextView - Bienvenido a NapoleoN Chat' are matched.

2023-06-27 10:51:25 - [MESSAGE][PASSED] - Actual text and expected text of test object 'Object Repository/Parte1/Crear_cuenta/CPN5/android.widget.TextView - Bienvenido a NapoleoN Chat' are matched.

2023-06-27 10:51:25 - [TEST_STEP][PASSED] - verifyElementVisible(findTestObject("Object Repository/Parte1/Crear_cuenta/CPN5/android.widget.LinearLayout"), 0): Element 'Object Repository/Parte1/Crear_cuenta/CPN5/android.widget.LinearLayout' is visible

2023-06-27 10:51:25 - [MESSAGE][WARNING] - Timeout '0' is invalid. Using default page load timeout: '30'

2023-06-27 10:51:25 - [MESSAGE][PASSED] - Element 'Object Repository/Parte1/Crear_cuenta/CPN5/android.widget.LinearLayout' is visible]]></system-out>
         <system-err><![CDATA[]]></system-err>
      </testcase>
      <testcase name="Test Cases/Parte1/Crear cuenta/CPN6-7" time="30.534" classname="Test Cases/Parte1/Crear cuenta/CPN6-7" status="PASSED">
         <system-out><![CDATA[2023-06-27 10:51:25 - [TEST_CASE][PASSED] - Test Cases/Parte1/Crear cuenta/CPN6-7: Test Cases/Parte1/Crear cuenta/CPN6-7

2023-06-27 10:51:25 - [TEST_STEP][PASSED] - verifyElementVisible(findTestObject("Parte1/Crear_cuenta/CPN6-7/android.widget.LinearLayout"), 1): Element 'Object Repository/Parte1/Crear_cuenta/CPN6-7/android.widget.LinearLayout' is visible

2023-06-27 10:51:26 - [MESSAGE][PASSED] - Element 'Object Repository/Parte1/Crear_cuenta/CPN6-7/android.widget.LinearLayout' is visible

2023-06-27 10:51:26 - [TEST_STEP][PASSED] - tap(findTestObject("Object Repository/Parte1/Crear_cuenta/CPN6-7/android.widget.Button - Reenviar cdigo"), 1): Tapped on element 'Object Repository/Parte1/Crear_cuenta/CPN6-7/android.widget.Button - Reenviar cdigo'

2023-06-27 10:51:28 - [MESSAGE][PASSED] - Tapped on element 'Object Repository/Parte1/Crear_cuenta/CPN6-7/android.widget.Button - Reenviar cdigo'

2023-06-27 10:51:28 - [TEST_STEP][PASSED] - delay(1): Delayed 1 second(s)

2023-06-27 10:51:29 - [MESSAGE][PASSED] - Delayed 1 second(s)

2023-06-27 10:51:29 - [TEST_STEP][PASSED] - verifyElementVisible(findTestObject("Parte1/Crear_cuenta/CPN6-7/android.widget.LinearLayout"), 1): Element 'Object Repository/Parte1/Crear_cuenta/CPN6-7/android.widget.LinearLayout' is visible

2023-06-27 10:51:30 - [MESSAGE][PASSED] - Element 'Object Repository/Parte1/Crear_cuenta/CPN6-7/android.widget.LinearLayout' is visible

2023-06-27 10:51:30 - [TEST_STEP][PASSED] - tap(findTestObject("Parte1/Crear_cuenta/CPN6-7/android.widget.Button - Reenviar cdigo (1)"), 1): Tapped on element 'Object Repository/Parte1/Crear_cuenta/CPN6-7/android.widget.Button - Reenviar cdigo (1)'

2023-06-27 10:51:30 - [MESSAGE][PASSED] - Tapped on element 'Object Repository/Parte1/Crear_cuenta/CPN6-7/android.widget.Button - Reenviar cdigo (1)'

2023-06-27 10:51:30 - [TEST_STEP][PASSED] - delay(24): Delayed 24 second(s)

2023-06-27 10:51:54 - [MESSAGE][PASSED] - Delayed 24 second(s)

2023-06-27 10:51:54 - [TEST_STEP][PASSED] - tap(findTestObject("Parte1/Crear_cuenta/CPN6-7/android.widget.Button - Reenviar cdigo (1)"), 1): Tapped on element 'Object Repository/Parte1/Crear_cuenta/CPN6-7/android.widget.Button - Reenviar cdigo (1)'

2023-06-27 10:51:55 - [MESSAGE][PASSED] - Tapped on element 'Object Repository/Parte1/Crear_cuenta/CPN6-7/android.widget.Button - Reenviar cdigo (1)'

2023-06-27 10:51:55 - [TEST_STEP][PASSED] - delay(1): Delayed 1 second(s)

2023-06-27 10:51:56 - [MESSAGE][PASSED] - Delayed 1 second(s)]]></system-out>
         <system-err><![CDATA[]]></system-err>
      </testcase>
      <testcase name="Test Cases/Parte1/Crear cuenta/CPN9" time="13.889" classname="Test Cases/Parte1/Crear cuenta/CPN9" status="PASSED">
         <system-out><![CDATA[2023-06-27 10:51:56 - [TEST_CASE][PASSED] - Test Cases/Parte1/Crear cuenta/CPN9: Test Cases/Parte1/Crear cuenta/CPN9

2023-06-27 10:51:56 - [TEST_STEP][PASSED] - tap(findTestObject("Object Repository/Parte1/Crear_cuenta/CPN9/android.widget.Button - Continuar"), 0): Tapped on element 'Object Repository/Parte1/Crear_cuenta/CPN9/android.widget.Button - Continuar'

2023-06-27 10:51:56 - [MESSAGE][WARNING] - Timeout '0' is invalid. Using default page load timeout: '30'

2023-06-27 10:51:58 - [MESSAGE][PASSED] - Tapped on element 'Object Repository/Parte1/Crear_cuenta/CPN9/android.widget.Button - Continuar'

2023-06-27 10:51:58 - [TEST_STEP][PASSED] - delay(2, STOP_ON_FAILURE): Delayed 2 second(s)

2023-06-27 10:52:00 - [MESSAGE][PASSED] - Delayed 2 second(s)

2023-06-27 10:52:00 - [TEST_STEP][PASSED] - verifyElementText(findTestObject("Object Repository/Parte1/Crear_cuenta/CPN9/android.view.ViewGroup"), ""): Actual text and expected text of test object 'Object Repository/Parte1/Crear_cuenta/CPN9/android.view.ViewGroup' are matched.

2023-06-27 10:52:02 - [MESSAGE][PASSED] - Actual text and expected text of test object 'Object Repository/Parte1/Crear_cuenta/CPN9/android.view.ViewGroup' are matched.

2023-06-27 10:52:02 - [TEST_STEP][PASSED] - tap(findTestObject("Object Repository/Parte1/Crear_cuenta/CPN9/android.widget.EditText - Apodo"), 0): Tapped on element 'Object Repository/Parte1/Crear_cuenta/CPN9/android.widget.EditText - Apodo'

2023-06-27 10:52:02 - [MESSAGE][WARNING] - Timeout '0' is invalid. Using default page load timeout: '30'

2023-06-27 10:52:02 - [MESSAGE][PASSED] - Tapped on element 'Object Repository/Parte1/Crear_cuenta/CPN9/android.widget.EditText - Apodo'

2023-06-27 10:52:02 - [TEST_STEP][PASSED] - setText(findTestObject("Object Repository/Parte1/Crear_cuenta/CPN9/android.widget.EditText - Apodo (1)"), "PRUEBA", 0): Text 'PRUEBA' has been set to element 'Object Repository/Parte1/Crear_cuenta/CPN9/android.widget.EditText - Apodo (1)'

2023-06-27 10:52:02 - [MESSAGE][WARNING] - Timeout '0' is invalid. Using default page load timeout: '30'

2023-06-27 10:52:06 - [MESSAGE][PASSED] - Text 'PRUEBA' has been set to element 'Object Repository/Parte1/Crear_cuenta/CPN9/android.widget.EditText - Apodo (1)'

2023-06-27 10:52:06 - [TEST_STEP][PASSED] - clearText(findTestObject("Object Repository/Parte1/Crear_cuenta/CPN9/android.widget.EditText - PRUEBA"), 0): Element 'Object Repository/Parte1/Crear_cuenta/CPN9/android.widget.EditText - PRUEBA' text is cleared

2023-06-27 10:52:06 - [MESSAGE][WARNING] - Timeout '0' is invalid. Using default page load timeout: '30'

2023-06-27 10:52:07 - [MESSAGE][PASSED] - Element 'Object Repository/Parte1/Crear_cuenta/CPN9/android.widget.EditText - PRUEBA' text is cleared

2023-06-27 10:52:07 - [TEST_STEP][PASSED] - hideKeyboard(): Keyboard is hidden

2023-06-27 10:52:09 - [MESSAGE][PASSED] - Keyboard is hidden

2023-06-27 10:52:09 - [TEST_STEP][PASSED] - verifyElementText(findTestObject("Object Repository/Parte1/Crear_cuenta/CPN9/android.widget.TextView - El Apodo es obligatorio"), "El Apodo es obligatorio"): Actual text and expected text of test object 'Object Repository/Parte1/Crear_cuenta/CPN9/android.widget.TextView - El Apodo es obligatorio' are matched.

2023-06-27 10:52:09 - [MESSAGE][PASSED] - Actual text and expected text of test object 'Object Repository/Parte1/Crear_cuenta/CPN9/android.widget.TextView - El Apodo es obligatorio' are matched.]]></system-out>
         <system-err><![CDATA[]]></system-err>
      </testcase>
      <testcase name="Test Cases/Parte1/Crear cuenta/CPN10" time="6.651" classname="Test Cases/Parte1/Crear cuenta/CPN10" status="PASSED">
         <system-out><![CDATA[2023-06-27 10:52:09 - [TEST_CASE][PASSED] - Test Cases/Parte1/Crear cuenta/CPN10: Test Cases/Parte1/Crear cuenta/CPN10

2023-06-27 10:52:10 - [TEST_STEP][PASSED] - tap(findTestObject("Object Repository/Parte1/Crear_cuenta/CPN10/android.widget.EditText - Apodo"), 0): Tapped on element 'Object Repository/Parte1/Crear_cuenta/CPN10/android.widget.EditText - Apodo'

2023-06-27 10:52:10 - [MESSAGE][WARNING] - Timeout '0' is invalid. Using default page load timeout: '30'

2023-06-27 10:52:11 - [MESSAGE][PASSED] - Tapped on element 'Object Repository/Parte1/Crear_cuenta/CPN10/android.widget.EditText - Apodo'

2023-06-27 10:52:11 - [TEST_STEP][PASSED] - setText(findTestObject("Object Repository/Parte1/Crear_cuenta/CPN10/android.widget.EditText - Apodo (1)"), "0123456789", 0): Text '0123456789' has been set to element 'Object Repository/Parte1/Crear_cuenta/CPN10/android.widget.EditText - Apodo (1)'

2023-06-27 10:52:11 - [MESSAGE][WARNING] - Timeout '0' is invalid. Using default page load timeout: '30'

2023-06-27 10:52:13 - [MESSAGE][PASSED] - Text '0123456789' has been set to element 'Object Repository/Parte1/Crear_cuenta/CPN10/android.widget.EditText - Apodo (1)'

2023-06-27 10:52:13 - [TEST_STEP][PASSED] - verifyElementText(findTestObject("Object Repository/Parte1/Crear_cuenta/CPN10/android.widget.TextView - El Apodo debe comenzar con una letra"), "El Apodo debe comenzar con una letra"): Actual text and expected text of test object 'Object Repository/Parte1/Crear_cuenta/CPN10/android.widget.TextView - El Apodo debe comenzar con una letra' are matched.

2023-06-27 10:52:14 - [MESSAGE][PASSED] - Actual text and expected text of test object 'Object Repository/Parte1/Crear_cuenta/CPN10/android.widget.TextView - El Apodo debe comenzar con una letra' are matched.

2023-06-27 10:52:14 - [TEST_STEP][PASSED] - hideKeyboard(): Keyboard is hidden

2023-06-27 10:52:16 - [MESSAGE][PASSED] - Keyboard is hidden

2023-06-27 10:52:16 - [TEST_STEP][PASSED] - tap(findTestObject("Object Repository/Parte1/Crear_cuenta/CPN10/android.widget.Button - Siguiente"), 0): Tapped on element 'Object Repository/Parte1/Crear_cuenta/CPN10/android.widget.Button - Siguiente'

2023-06-27 10:52:16 - [MESSAGE][WARNING] - Timeout '0' is invalid. Using default page load timeout: '30'

2023-06-27 10:52:16 - [MESSAGE][PASSED] - Tapped on element 'Object Repository/Parte1/Crear_cuenta/CPN10/android.widget.Button - Siguiente']]></system-out>
         <system-err><![CDATA[]]></system-err>
      </testcase>
      <testcase name="Test Cases/Parte1/Crear cuenta/CPN11" time="7.856" classname="Test Cases/Parte1/Crear cuenta/CPN11" status="PASSED">
         <system-out><![CDATA[2023-06-27 10:52:16 - [TEST_CASE][PASSED] - Test Cases/Parte1/Crear cuenta/CPN11: Test Cases/Parte1/Crear cuenta/CPN11

2023-06-27 10:52:16 - [TEST_STEP][PASSED] - clearText(findTestObject("Object Repository/Parte1/Crear_cuenta/CPN11/android.widget.EditText - 0123456789"), 100): Element 'Object Repository/Parte1/Crear_cuenta/CPN11/android.widget.EditText - 0123456789' text is cleared

2023-06-27 10:52:17 - [MESSAGE][PASSED] - Element 'Object Repository/Parte1/Crear_cuenta/CPN11/android.widget.EditText - 0123456789' text is cleared

2023-06-27 10:52:17 - [TEST_STEP][PASSED] - tap(findTestObject("Object Repository/Parte1/Crear_cuenta/CPN11/android.widget.EditText - Apodo"), 100): Tapped on element 'Object Repository/Parte1/Crear_cuenta/CPN11/android.widget.EditText - Apodo'

2023-06-27 10:52:18 - [MESSAGE][PASSED] - Tapped on element 'Object Repository/Parte1/Crear_cuenta/CPN11/android.widget.EditText - Apodo'

2023-06-27 10:52:18 - [TEST_STEP][PASSED] - setText(findTestObject("Object Repository/Parte1/Crear_cuenta/CPN11/android.widget.EditText - Apodo (1)"), "abcde", 0): Text 'abcde' has been set to element 'Object Repository/Parte1/Crear_cuenta/CPN11/android.widget.EditText - Apodo (1)'

2023-06-27 10:52:18 - [MESSAGE][WARNING] - Timeout '0' is invalid. Using default page load timeout: '30'

2023-06-27 10:52:21 - [MESSAGE][PASSED] - Text 'abcde' has been set to element 'Object Repository/Parte1/Crear_cuenta/CPN11/android.widget.EditText - Apodo (1)'

2023-06-27 10:52:21 - [TEST_STEP][PASSED] - verifyElementText(findTestObject("Object Repository/Parte1/Crear_cuenta/CPN11/android.widget.TextView - El apodo debe contener al menos un nmero"), "El apodo debe contener al menos un número"): Actual text and expected text of test object 'Object Repository/Parte1/Crear_cuenta/CPN11/android.widget.TextView - El apodo debe contener al menos un nmero' are matched.

2023-06-27 10:52:22 - [MESSAGE][PASSED] - Actual text and expected text of test object 'Object Repository/Parte1/Crear_cuenta/CPN11/android.widget.TextView - El apodo debe contener al menos un nmero' are matched.

2023-06-27 10:52:22 - [TEST_STEP][PASSED] - hideKeyboard(): Keyboard is hidden

2023-06-27 10:52:23 - [MESSAGE][PASSED] - Keyboard is hidden

2023-06-27 10:52:23 - [TEST_STEP][PASSED] - tap(findTestObject("Object Repository/Parte1/Crear_cuenta/CPN11/android.widget.Button - Siguiente"), 1): Tapped on element 'Object Repository/Parte1/Crear_cuenta/CPN11/android.widget.Button - Siguiente'

2023-06-27 10:52:24 - [MESSAGE][PASSED] - Tapped on element 'Object Repository/Parte1/Crear_cuenta/CPN11/android.widget.Button - Siguiente'

2023-06-27 10:52:24 - [TEST_STEP][PASSED] - clearText(findTestObject("Object Repository/Parte1/Crear_cuenta/CPN11/android.widget.EditText - abcde"), 100): Element 'Object Repository/Parte1/Crear_cuenta/CPN11/android.widget.EditText - abcde' text is cleared

2023-06-27 10:52:24 - [MESSAGE][PASSED] - Element 'Object Repository/Parte1/Crear_cuenta/CPN11/android.widget.EditText - abcde' text is cleared]]></system-out>
         <system-err><![CDATA[]]></system-err>
      </testcase>
      <testcase name="Test Cases/Parte1/Crear cuenta/CPN12" time="4.674" classname="Test Cases/Parte1/Crear cuenta/CPN12" status="PASSED">
         <system-out><![CDATA[2023-06-27 10:52:24 - [TEST_CASE][PASSED] - Test Cases/Parte1/Crear cuenta/CPN12: Test Cases/Parte1/Crear cuenta/CPN12

2023-06-27 10:52:24 - [TEST_STEP][PASSED] - setText(findTestObject("Object Repository/Parte1/Crear_cuenta/CPN12/android.widget.EditText - Apodo"), "0123456789012345678901", 0): Text '0123456789012345678901' has been set to element 'Object Repository/Parte1/Crear_cuenta/CPN12/android.widget.EditText - Apodo'

2023-06-27 10:52:24 - [MESSAGE][WARNING] - Timeout '0' is invalid. Using default page load timeout: '30'

2023-06-27 10:52:27 - [MESSAGE][PASSED] - Text '0123456789012345678901' has been set to element 'Object Repository/Parte1/Crear_cuenta/CPN12/android.widget.EditText - Apodo'

2023-06-27 10:52:27 - [TEST_STEP][PASSED] - hideKeyboard(): Keyboard is hidden

2023-06-27 10:52:27 - [MESSAGE][PASSED] - Keyboard is hidden

2023-06-27 10:52:27 - [TEST_STEP][PASSED] - clearText(findTestObject("Object Repository/Parte1/Crear_cuenta/CPN12/android.widget.EditText - 01234567890123456789"), 0): Element 'Object Repository/Parte1/Crear_cuenta/CPN12/android.widget.EditText - 01234567890123456789' text is cleared

2023-06-27 10:52:27 - [MESSAGE][WARNING] - Timeout '0' is invalid. Using default page load timeout: '30'

2023-06-27 10:52:28 - [MESSAGE][PASSED] - Element 'Object Repository/Parte1/Crear_cuenta/CPN12/android.widget.EditText - 01234567890123456789' text is cleared

2023-06-27 10:52:28 - [TEST_STEP][PASSED] - tap(findTestObject("Object Repository/Parte1/Crear_cuenta/CPN12/android.widget.Button - Siguiente"), 0): Tapped on element 'Object Repository/Parte1/Crear_cuenta/CPN12/android.widget.Button - Siguiente'

2023-06-27 10:52:28 - [MESSAGE][WARNING] - Timeout '0' is invalid. Using default page load timeout: '30'

2023-06-27 10:52:29 - [MESSAGE][PASSED] - Tapped on element 'Object Repository/Parte1/Crear_cuenta/CPN12/android.widget.Button - Siguiente']]></system-out>
         <system-err><![CDATA[]]></system-err>
      </testcase>
      <testcase name="Test Cases/Parte1/Crear cuenta/CPN13" time="6.851" classname="Test Cases/Parte1/Crear cuenta/CPN13" status="PASSED">
         <system-out><![CDATA[2023-06-27 10:52:29 - [TEST_CASE][PASSED] - Test Cases/Parte1/Crear cuenta/CPN13: Test Cases/Parte1/Crear cuenta/CPN13

2023-06-27 10:52:29 - [TEST_STEP][PASSED] - tap(findTestObject("Object Repository/Parte1/Crear_cuenta/CPN13/android.widget.EditText - Apodo"), 0): Tapped on element 'Object Repository/Parte1/Crear_cuenta/CPN13/android.widget.EditText - Apodo'

2023-06-27 10:52:29 - [MESSAGE][WARNING] - Timeout '0' is invalid. Using default page load timeout: '30'

2023-06-27 10:52:30 - [MESSAGE][PASSED] - Tapped on element 'Object Repository/Parte1/Crear_cuenta/CPN13/android.widget.EditText - Apodo'

2023-06-27 10:52:30 - [TEST_STEP][PASSED] - setText(findTestObject("Object Repository/Parte1/Crear_cuenta/CPN13/android.widget.EditText - Apodo (1)"), "HO", 0): Text 'HO' has been set to element 'Object Repository/Parte1/Crear_cuenta/CPN13/android.widget.EditText - Apodo (1)'

2023-06-27 10:52:30 - [MESSAGE][WARNING] - Timeout '0' is invalid. Using default page load timeout: '30'

2023-06-27 10:52:32 - [MESSAGE][PASSED] - Text 'HO' has been set to element 'Object Repository/Parte1/Crear_cuenta/CPN13/android.widget.EditText - Apodo (1)'

2023-06-27 10:52:32 - [TEST_STEP][PASSED] - verifyElementText(findTestObject("Object Repository/Parte1/Crear_cuenta/CPN13/android.widget.TextView - El Apodo debe contener mnimo 3 caracteres y 1 nmero"), "El Apodo debe contener mínimo 3 caracteres y 1 número"): Actual text and expected text of test object 'Object Repository/Parte1/Crear_cuenta/CPN13/android.widget.TextView - El Apodo debe contener mnimo 3 caracteres y 1 nmero' are matched.

2023-06-27 10:52:33 - [MESSAGE][PASSED] - Actual text and expected text of test object 'Object Repository/Parte1/Crear_cuenta/CPN13/android.widget.TextView - El Apodo debe contener mnimo 3 caracteres y 1 nmero' are matched.

2023-06-27 10:52:33 - [TEST_STEP][PASSED] - hideKeyboard(): Keyboard is hidden

2023-06-27 10:52:35 - [MESSAGE][PASSED] - Keyboard is hidden

2023-06-27 10:52:35 - [TEST_STEP][PASSED] - tap(findTestObject("Object Repository/Parte1/Crear_cuenta/CPN13/android.widget.Button - Siguiente"), 0): Tapped on element 'Object Repository/Parte1/Crear_cuenta/CPN13/android.widget.Button - Siguiente'

2023-06-27 10:52:35 - [MESSAGE][WARNING] - Timeout '0' is invalid. Using default page load timeout: '30'

2023-06-27 10:52:35 - [MESSAGE][PASSED] - Tapped on element 'Object Repository/Parte1/Crear_cuenta/CPN13/android.widget.Button - Siguiente'

2023-06-27 10:52:35 - [TEST_STEP][PASSED] - clearText(findTestObject("Object Repository/Parte1/Crear_cuenta/CPN13/android.widget.EditText - HO"), 0): Element 'Object Repository/Parte1/Crear_cuenta/CPN13/android.widget.EditText - HO' text is cleared

2023-06-27 10:52:35 - [MESSAGE][WARNING] - Timeout '0' is invalid. Using default page load timeout: '30'

2023-06-27 10:52:36 - [MESSAGE][PASSED] - Element 'Object Repository/Parte1/Crear_cuenta/CPN13/android.widget.EditText - HO' text is cleared]]></system-out>
         <system-err><![CDATA[]]></system-err>
      </testcase>
      <testcase name="Test Cases/Parte1/Crear cuenta/CPN14" time="11.648" classname="Test Cases/Parte1/Crear cuenta/CPN14" status="PASSED">
         <system-out><![CDATA[2023-06-27 10:52:36 - [TEST_CASE][PASSED] - Test Cases/Parte1/Crear cuenta/CPN14: Test Cases/Parte1/Crear cuenta/CPN14

2023-06-27 10:52:36 - [TEST_STEP][PASSED] - tap(findTestObject("Object Repository/Parte1/Crear_cuenta/CPN14/android.widget.EditText - Nombre a mostrar (opcional)"), 0): Tapped on element 'Object Repository/Parte1/Crear_cuenta/CPN14/android.widget.EditText - Nombre a mostrar (opcional)'

2023-06-27 10:52:36 - [MESSAGE][WARNING] - Timeout '0' is invalid. Using default page load timeout: '30'

2023-06-27 10:52:37 - [MESSAGE][PASSED] - Tapped on element 'Object Repository/Parte1/Crear_cuenta/CPN14/android.widget.EditText - Nombre a mostrar (opcional)'

2023-06-27 10:52:37 - [TEST_STEP][PASSED] - setText(findTestObject("Object Repository/Parte1/Crear_cuenta/CPN14/android.widget.EditText - Nombre a mostrar (opcional) (1)"), "Opcional", 0): Text 'Opcional' has been set to element 'Object Repository/Parte1/Crear_cuenta/CPN14/android.widget.EditText - Nombre a mostrar (opcional) (1)'

2023-06-27 10:52:37 - [MESSAGE][WARNING] - Timeout '0' is invalid. Using default page load timeout: '30'

2023-06-27 10:52:39 - [MESSAGE][PASSED] - Text 'Opcional' has been set to element 'Object Repository/Parte1/Crear_cuenta/CPN14/android.widget.EditText - Nombre a mostrar (opcional) (1)'

2023-06-27 10:52:39 - [TEST_STEP][PASSED] - hideKeyboard(): Keyboard is hidden

2023-06-27 10:52:41 - [MESSAGE][PASSED] - Keyboard is hidden

2023-06-27 10:52:41 - [TEST_STEP][PASSED] - tap(findTestObject("Object Repository/Parte1/Crear_cuenta/CPN14/android.widget.Button - Siguiente"), 0): Tapped on element 'Object Repository/Parte1/Crear_cuenta/CPN14/android.widget.Button - Siguiente'

2023-06-27 10:52:41 - [MESSAGE][WARNING] - Timeout '0' is invalid. Using default page load timeout: '30'

2023-06-27 10:52:41 - [MESSAGE][PASSED] - Tapped on element 'Object Repository/Parte1/Crear_cuenta/CPN14/android.widget.Button - Siguiente'

2023-06-27 10:52:41 - [TEST_STEP][PASSED] - tap(findTestObject("Object Repository/Parte1/Crear_cuenta/CPN14/android.widget.EditText - Apodo"), 0): Tapped on element 'Object Repository/Parte1/Crear_cuenta/CPN14/android.widget.EditText - Apodo'

2023-06-27 10:52:41 - [MESSAGE][WARNING] - Timeout '0' is invalid. Using default page load timeout: '30'

2023-06-27 10:52:42 - [MESSAGE][PASSED] - Tapped on element 'Object Repository/Parte1/Crear_cuenta/CPN14/android.widget.EditText - Apodo'

2023-06-27 10:52:42 - [TEST_STEP][PASSED] - setText(findTestObject("Parte1/Crear_cuenta/CPN14/android.widget.EditText - Apodo (1)"), "angello16", 0): Text 'angello16' has been set to element 'Object Repository/Parte1/Crear_cuenta/CPN14/android.widget.EditText - Apodo (1)'

2023-06-27 10:52:42 - [MESSAGE][WARNING] - Timeout '0' is invalid. Using default page load timeout: '30'

2023-06-27 10:52:45 - [MESSAGE][PASSED] - Text 'angello16' has been set to element 'Object Repository/Parte1/Crear_cuenta/CPN14/android.widget.EditText - Apodo (1)'

2023-06-27 10:52:45 - [TEST_STEP][PASSED] - hideKeyboard(): Keyboard is hidden

2023-06-27 10:52:46 - [MESSAGE][PASSED] - Keyboard is hidden

2023-06-27 10:52:46 - [TEST_STEP][PASSED] - verifyElementText(findTestObject("Object Repository/Parte1/Crear_cuenta/CPN14/android.widget.TextView - Apodo no disponible"), "Apodo no disponible"): Actual text and expected text of test object 'Object Repository/Parte1/Crear_cuenta/CPN14/android.widget.TextView - Apodo no disponible' are matched.

2023-06-27 10:52:47 - [MESSAGE][PASSED] - Actual text and expected text of test object 'Object Repository/Parte1/Crear_cuenta/CPN14/android.widget.TextView - Apodo no disponible' are matched.

2023-06-27 10:52:47 - [TEST_STEP][PASSED] - verifyElementVisible(findTestObject("Parte1/Crear_cuenta/CPN14/android.widget.ImageButton"), 0): Element 'Object Repository/Parte1/Crear_cuenta/CPN14/android.widget.ImageButton' is visible

2023-06-27 10:52:47 - [MESSAGE][WARNING] - Timeout '0' is invalid. Using default page load timeout: '30'

2023-06-27 10:52:47 - [MESSAGE][PASSED] - Element 'Object Repository/Parte1/Crear_cuenta/CPN14/android.widget.ImageButton' is visible

2023-06-27 10:52:47 - [TEST_STEP][PASSED] - tap(findTestObject("Parte1/Crear_cuenta/CPN14/android.widget.Button - Siguiente"), 0): Tapped on element 'Object Repository/Parte1/Crear_cuenta/CPN14/android.widget.Button - Siguiente'

2023-06-27 10:52:47 - [MESSAGE][WARNING] - Timeout '0' is invalid. Using default page load timeout: '30'

2023-06-27 10:52:47 - [MESSAGE][PASSED] - Tapped on element 'Object Repository/Parte1/Crear_cuenta/CPN14/android.widget.Button - Siguiente']]></system-out>
         <system-err><![CDATA[]]></system-err>
      </testcase>
      <testcase name="Test Cases/Parte1/Crear cuenta/CPN15" time="7.843" classname="Test Cases/Parte1/Crear cuenta/CPN15" status="PASSED">
         <system-out><![CDATA[2023-06-27 10:52:47 - [TEST_CASE][PASSED] - Test Cases/Parte1/Crear cuenta/CPN15: Test Cases/Parte1/Crear cuenta/CPN15

2023-06-27 10:52:47 - [TEST_STEP][PASSED] - clearText(findTestObject("Object Repository/Parte1/Crear_cuenta/CPN15/android.widget.EditText - angello16"), 0): Element 'Object Repository/Parte1/Crear_cuenta/CPN15/android.widget.EditText - angello16' text is cleared

2023-06-27 10:52:47 - [MESSAGE][WARNING] - Timeout '0' is invalid. Using default page load timeout: '30'

2023-06-27 10:52:48 - [MESSAGE][PASSED] - Element 'Object Repository/Parte1/Crear_cuenta/CPN15/android.widget.EditText - angello16' text is cleared

2023-06-27 10:52:48 - [TEST_STEP][PASSED] - tap(findTestObject("Object Repository/Parte1/Crear_cuenta/CPN15/android.widget.EditText - Apodo"), 0): Tapped on element 'Object Repository/Parte1/Crear_cuenta/CPN15/android.widget.EditText - Apodo'

2023-06-27 10:52:48 - [MESSAGE][WARNING] - Timeout '0' is invalid. Using default page load timeout: '30'

2023-06-27 10:52:49 - [MESSAGE][PASSED] - Tapped on element 'Object Repository/Parte1/Crear_cuenta/CPN15/android.widget.EditText - Apodo'

2023-06-27 10:52:49 - [TEST_STEP][PASSED] - setText(findTestObject("Object Repository/Parte1/Crear_cuenta/CPN15/android.widget.EditText - P000"), "LIBRE02", 0): Text 'LIBRE02' has been set to element 'Object Repository/Parte1/Crear_cuenta/CPN15/android.widget.EditText - P000'

2023-06-27 10:52:49 - [MESSAGE][WARNING] - Timeout '0' is invalid. Using default page load timeout: '30'

2023-06-27 10:52:52 - [MESSAGE][PASSED] - Text 'LIBRE02' has been set to element 'Object Repository/Parte1/Crear_cuenta/CPN15/android.widget.EditText - P000'

2023-06-27 10:52:52 - [TEST_STEP][PASSED] - verifyElementText(findTestObject("Object Repository/Parte1/Crear_cuenta/CPN15/android.widget.TextView - El apodo te servir para identificarse en NapoleoN Chat, no lo podrs cambiar despes"), "El apodo te servirá para identificarse en NapoleoN Chat, no lo podrás cambiar despúes"): Actual text and expected text of test object 'Object Repository/Parte1/Crear_cuenta/CPN15/android.widget.TextView - El apodo te servir para identificarse en NapoleoN Chat, no lo podrs cambiar despes' are matched.

2023-06-27 10:52:53 - [MESSAGE][PASSED] - Actual text and expected text of test object 'Object Repository/Parte1/Crear_cuenta/CPN15/android.widget.TextView - El apodo te servir para identificarse en NapoleoN Chat, no lo podrs cambiar despes' are matched.

2023-06-27 10:52:53 - [TEST_STEP][PASSED] - clearText(findTestObject("Object Repository/Parte1/Crear_cuenta/CPN15/android.widget.EditText - Opcional"), 0): Element 'Object Repository/Parte1/Crear_cuenta/CPN15/android.widget.EditText - Opcional' text is cleared

2023-06-27 10:52:53 - [MESSAGE][WARNING] - Timeout '0' is invalid. Using default page load timeout: '30'

2023-06-27 10:52:53 - [MESSAGE][PASSED] - Element 'Object Repository/Parte1/Crear_cuenta/CPN15/android.widget.EditText - Opcional' text is cleared

2023-06-27 10:52:53 - [TEST_STEP][PASSED] - hideKeyboard(): Keyboard is hidden

2023-06-27 10:52:55 - [MESSAGE][PASSED] - Keyboard is hidden

2023-06-27 10:52:55 - [TEST_STEP][PASSED] - tap(findTestObject("Object Repository/Parte1/Crear_cuenta/CPN15/android.widget.Button - Siguiente"), 0): Tapped on element 'Object Repository/Parte1/Crear_cuenta/CPN15/android.widget.Button - Siguiente'

2023-06-27 10:52:55 - [MESSAGE][WARNING] - Timeout '0' is invalid. Using default page load timeout: '30'

2023-06-27 10:52:55 - [MESSAGE][PASSED] - Tapped on element 'Object Repository/Parte1/Crear_cuenta/CPN15/android.widget.Button - Siguiente']]></system-out>
         <system-err><![CDATA[]]></system-err>
      </testcase>
      <testcase name="Test Cases/Parte1/Crear cuenta/CPN16-17" time="11.453" classname="Test Cases/Parte1/Crear cuenta/CPN16-17" status="PASSED">
         <system-out><![CDATA[2023-06-27 10:52:55 - [TEST_CASE][PASSED] - Test Cases/Parte1/Crear cuenta/CPN16-17: Test Cases/Parte1/Crear cuenta/CPN16-17

2023-06-27 10:52:55 - [TEST_STEP][PASSED] - tap(findTestObject("Object Repository/Parte1/Crear_cuenta/CPN16-17/android.widget.EditText - Pin de Acceso"), 200): Tapped on element 'Object Repository/Parte1/Crear_cuenta/CPN16-17/android.widget.EditText - Pin de Acceso'

2023-06-27 10:52:56 - [MESSAGE][PASSED] - Tapped on element 'Object Repository/Parte1/Crear_cuenta/CPN16-17/android.widget.EditText - Pin de Acceso'

2023-06-27 10:52:56 - [TEST_STEP][PASSED] - setText(findTestObject("Object Repository/Parte1/Crear_cuenta/CPN16-17/android.widget.EditText - Pin de Acceso (1)"), "00000", 200): Text '00000' has been set to element 'Object Repository/Parte1/Crear_cuenta/CPN16-17/android.widget.EditText - Pin de Acceso (1)'

2023-06-27 10:53:00 - [MESSAGE][PASSED] - Text '00000' has been set to element 'Object Repository/Parte1/Crear_cuenta/CPN16-17/android.widget.EditText - Pin de Acceso (1)'

2023-06-27 10:53:00 - [TEST_STEP][PASSED] - setText(findTestObject("Object Repository/Parte1/Crear_cuenta/CPN16-17/android.widget.EditText - Confirmar nuevo pin de acceso"), "1234", 200): Text '1234' has been set to element 'Object Repository/Parte1/Crear_cuenta/CPN16-17/android.widget.EditText - Confirmar nuevo pin de acceso'

2023-06-27 10:53:02 - [MESSAGE][PASSED] - Text '1234' has been set to element 'Object Repository/Parte1/Crear_cuenta/CPN16-17/android.widget.EditText - Confirmar nuevo pin de acceso'

2023-06-27 10:53:02 - [TEST_STEP][PASSED] - delay(2, STOP_ON_FAILURE): Delayed 2 second(s)

2023-06-27 10:53:04 - [MESSAGE][PASSED] - Delayed 2 second(s)

2023-06-27 10:53:04 - [TEST_STEP][PASSED] - hideKeyboard(): Keyboard is hidden

2023-06-27 10:53:06 - [MESSAGE][PASSED] - Keyboard is hidden

2023-06-27 10:53:06 - [TEST_STEP][PASSED] - verifyElementText(findTestObject("Object Repository/Parte1/Crear_cuenta/CPN16-17/android.widget.TextView - El pin de acceso no coincide"), "El pin de acceso no coincide"): Actual text and expected text of test object 'Object Repository/Parte1/Crear_cuenta/CPN16-17/android.widget.TextView - El pin de acceso no coincide' are matched.

2023-06-27 10:53:06 - [MESSAGE][PASSED] - Actual text and expected text of test object 'Object Repository/Parte1/Crear_cuenta/CPN16-17/android.widget.TextView - El pin de acceso no coincide' are matched.

2023-06-27 10:53:06 - [TEST_STEP][PASSED] - verifyElementText(findTestObject("Object Repository/Parte1/Crear_cuenta/CPN16-17/android.widget.TextView - El pin de acceso no coincide (1)"), "El pin de acceso no coincide"): Actual text and expected text of test object 'Object Repository/Parte1/Crear_cuenta/CPN16-17/android.widget.TextView - El pin de acceso no coincide (1)' are matched.

2023-06-27 10:53:06 - [MESSAGE][PASSED] - Actual text and expected text of test object 'Object Repository/Parte1/Crear_cuenta/CPN16-17/android.widget.TextView - El pin de acceso no coincide (1)' are matched.]]></system-out>
         <system-err><![CDATA[]]></system-err>
      </testcase>
      <testcase name="Test Cases/Parte1/Crear cuenta/CPN18-19" time="17.289" classname="Test Cases/Parte1/Crear cuenta/CPN18-19" status="PASSED">
         <system-out><![CDATA[2023-06-27 10:53:06 - [TEST_CASE][PASSED] - Test Cases/Parte1/Crear cuenta/CPN18-19: Test Cases/Parte1/Crear cuenta/CPN18-19

2023-06-27 10:53:07 - [TEST_STEP][PASSED] - tap(findTestObject("Object Repository/Parte1/Crear_cuenta/CPN18-19/android.widget.EditText - 0000"), 1): Tapped on element 'Object Repository/Parte1/Crear_cuenta/CPN18-19/android.widget.EditText - 0000'

2023-06-27 10:53:07 - [MESSAGE][PASSED] - Tapped on element 'Object Repository/Parte1/Crear_cuenta/CPN18-19/android.widget.EditText - 0000'

2023-06-27 10:53:07 - [TEST_STEP][PASSED] - clearText(findTestObject("Object Repository/Parte1/Crear_cuenta/CPN18-19/android.widget.EditText - 0000 (1)"), 1): Element 'Object Repository/Parte1/Crear_cuenta/CPN18-19/android.widget.EditText - 0000 (1)' text is cleared

2023-06-27 10:53:08 - [MESSAGE][PASSED] - Element 'Object Repository/Parte1/Crear_cuenta/CPN18-19/android.widget.EditText - 0000 (1)' text is cleared

2023-06-27 10:53:08 - [TEST_STEP][PASSED] - clearText(findTestObject("Object Repository/Parte1/Crear_cuenta/CPN18-19/android.widget.EditText - 1234"), 1): Element 'Object Repository/Parte1/Crear_cuenta/CPN18-19/android.widget.EditText - 1234' text is cleared

2023-06-27 10:53:09 - [MESSAGE][PASSED] - Element 'Object Repository/Parte1/Crear_cuenta/CPN18-19/android.widget.EditText - 1234' text is cleared

2023-06-27 10:53:09 - [TEST_STEP][PASSED] - setText(findTestObject("Object Repository/Parte1/Crear_cuenta/CPN18-19/android.widget.EditText - Pin de Acceso"), "0000", 0): Text '0000' has been set to element 'Object Repository/Parte1/Crear_cuenta/CPN18-19/android.widget.EditText - Pin de Acceso'

2023-06-27 10:53:09 - [MESSAGE][WARNING] - Timeout '0' is invalid. Using default page load timeout: '30'

2023-06-27 10:53:12 - [MESSAGE][PASSED] - Text '0000' has been set to element 'Object Repository/Parte1/Crear_cuenta/CPN18-19/android.widget.EditText - Pin de Acceso'

2023-06-27 10:53:12 - [TEST_STEP][PASSED] - setText(findTestObject("Object Repository/Parte1/Crear_cuenta/CPN18-19/android.widget.EditText - Confirmar nuevo pin de acceso"), "1111", 0): Text '1111' has been set to element 'Object Repository/Parte1/Crear_cuenta/CPN18-19/android.widget.EditText - Confirmar nuevo pin de acceso'

2023-06-27 10:53:12 - [MESSAGE][WARNING] - Timeout '0' is invalid. Using default page load timeout: '30'

2023-06-27 10:53:15 - [MESSAGE][PASSED] - Text '1111' has been set to element 'Object Repository/Parte1/Crear_cuenta/CPN18-19/android.widget.EditText - Confirmar nuevo pin de acceso'

2023-06-27 10:53:15 - [TEST_STEP][PASSED] - clearText(findTestObject("Object Repository/Parte1/Crear_cuenta/CPN18-19/android.widget.EditText - 1111"), 1): Element 'Object Repository/Parte1/Crear_cuenta/CPN18-19/android.widget.EditText - 1111' text is cleared

2023-06-27 10:53:16 - [MESSAGE][PASSED] - Element 'Object Repository/Parte1/Crear_cuenta/CPN18-19/android.widget.EditText - 1111' text is cleared

2023-06-27 10:53:16 - [TEST_STEP][PASSED] - setText(findTestObject("Parte1/Crear_cuenta/CPN18-19/android.widget.EditText - Confirmar nuevo pin de acceso"), "0000", 0): Text '0000' has been set to element 'Object Repository/Parte1/Crear_cuenta/CPN18-19/android.widget.EditText - Confirmar nuevo pin de acceso'

2023-06-27 10:53:16 - [MESSAGE][WARNING] - Timeout '0' is invalid. Using default page load timeout: '30'

2023-06-27 10:53:18 - [MESSAGE][PASSED] - Text '0000' has been set to element 'Object Repository/Parte1/Crear_cuenta/CPN18-19/android.widget.EditText - Confirmar nuevo pin de acceso'

2023-06-27 10:53:18 - [TEST_STEP][PASSED] - hideKeyboard(): Keyboard is hidden

2023-06-27 10:53:20 - [MESSAGE][PASSED] - Keyboard is hidden

2023-06-27 10:53:20 - [TEST_STEP][PASSED] - tap(findTestObject("Object Repository/Parte1/Crear_cuenta/CPN18-19/android.widget.Button - Crear Cuenta"), 1): Tapped on element 'Object Repository/Parte1/Crear_cuenta/CPN18-19/android.widget.Button - Crear Cuenta'

2023-06-27 10:53:20 - [MESSAGE][PASSED] - Tapped on element 'Object Repository/Parte1/Crear_cuenta/CPN18-19/android.widget.Button - Crear Cuenta'

2023-06-27 10:53:20 - [TEST_STEP][PASSED] - verifyElementExist(findTestObject("Object Repository/Parte1/Crear_cuenta/CPN18-19/android.widget.TextView - NapoleoN"), 0): Element 'Object Repository/Parte1/Crear_cuenta/CPN18-19/android.widget.TextView - NapoleoN' is exist

2023-06-27 10:53:20 - [MESSAGE][WARNING] - Timeout '0' is invalid. Using default page load timeout: '30'

2023-06-27 10:53:24 - [MESSAGE][PASSED] - Element 'Object Repository/Parte1/Crear_cuenta/CPN18-19/android.widget.TextView - NapoleoN' is exist]]></system-out>
         <system-err><![CDATA[]]></system-err>
      </testcase>
      <testcase name="Test Cases/Parte1/Agregar contacto/agregar" time="84.995" classname="Test Cases/Parte1/Agregar contacto/agregar" status="PASSED">
         <system-out><![CDATA[2023-06-27 10:53:24 - [TEST_CASE][PASSED] - Test Cases/Parte1/Agregar contacto/agregar: Test Cases/Parte1/Agregar contacto/agregar

2023-06-27 10:53:24 - [TEST_STEP][PASSED] - delay(2, CONTINUE_ON_FAILURE): Delayed 2 second(s)

2023-06-27 10:53:26 - [MESSAGE][PASSED] - Delayed 2 second(s)

2023-06-27 10:53:26 - [TEST_STEP][PASSED] - tap(findTestObject("Object Repository/Parte1/agregar/android.widget.ImageView"), 1): Tapped on element 'Object Repository/Parte1/agregar/android.widget.ImageView'

2023-06-27 10:53:28 - [MESSAGE][PASSED] - Tapped on element 'Object Repository/Parte1/agregar/android.widget.ImageView'

2023-06-27 10:53:28 - [TEST_STEP][PASSED] - tap(findTestObject("Object Repository/Parte1/agregar/android.widget.Button - Agregar contactos"), 1): Tapped on element 'Object Repository/Parte1/agregar/android.widget.Button - Agregar contactos'

2023-06-27 10:53:29 - [MESSAGE][PASSED] - Tapped on element 'Object Repository/Parte1/agregar/android.widget.Button - Agregar contactos'

2023-06-27 10:53:29 - [TEST_STEP][PASSED] - setText(findTestObject("Object Repository/Parte1/agregar/android.widget.EditText - Busca por apodo"), "prueba3217", 1): Text 'prueba3217' has been set to element 'Object Repository/Parte1/agregar/android.widget.EditText - Busca por apodo'

2023-06-27 10:53:32 - [MESSAGE][PASSED] - Text 'prueba3217' has been set to element 'Object Repository/Parte1/agregar/android.widget.EditText - Busca por apodo'

2023-06-27 10:53:32 - [TEST_STEP][PASSED] - tap(findTestObject("Object Repository/Parte1/agregar/android.widget.Button - AGREGAR"), 1): Tapped on element 'Object Repository/Parte1/agregar/android.widget.Button - AGREGAR'

2023-06-27 10:53:34 - [MESSAGE][PASSED] - Tapped on element 'Object Repository/Parte1/agregar/android.widget.Button - AGREGAR'

2023-06-27 10:53:34 - [TEST_STEP][PASSED] - delay(3, CONTINUE_ON_FAILURE): Delayed 3 second(s)

2023-06-27 10:53:37 - [MESSAGE][PASSED] - Delayed 3 second(s)

2023-06-27 10:53:37 - [TEST_STEP][PASSED] - tap(findTestObject("Object Repository/Parte1/agregar/android.widget.TextView"), 1): Tapped on element 'Object Repository/Parte1/agregar/android.widget.TextView'

2023-06-27 10:53:38 - [MESSAGE][PASSED] - Tapped on element 'Object Repository/Parte1/agregar/android.widget.TextView'

2023-06-27 10:53:38 - [TEST_STEP][PASSED] - delay(3, CONTINUE_ON_FAILURE): Delayed 3 second(s)

2023-06-27 10:53:41 - [MESSAGE][PASSED] - Delayed 3 second(s)

2023-06-27 10:53:41 - [TEST_STEP][PASSED] - tap(findTestObject("Object Repository/Parte1/agregar/android.widget.ImageButton"), 1): Tapped on element 'Object Repository/Parte1/agregar/android.widget.ImageButton'

2023-06-27 10:53:41 - [MESSAGE][PASSED] - Tapped on element 'Object Repository/Parte1/agregar/android.widget.ImageButton'

2023-06-27 10:53:41 - [TEST_STEP][PASSED] - tap(findTestObject("Object Repository/Parte1/agregar/android.view.ViewGroup"), 0): Tapped on element 'Object Repository/Parte1/agregar/android.view.ViewGroup'

2023-06-27 10:53:41 - [MESSAGE][WARNING] - Timeout '0' is invalid. Using default page load timeout: '30'

2023-06-27 10:53:42 - [MESSAGE][PASSED] - Tapped on element 'Object Repository/Parte1/agregar/android.view.ViewGroup'

2023-06-27 10:53:42 - [TEST_STEP][PASSED] - delay(3, CONTINUE_ON_FAILURE): Delayed 3 second(s)

2023-06-27 10:53:45 - [MESSAGE][PASSED] - Delayed 3 second(s)

2023-06-27 10:53:45 - [TEST_STEP][PASSED] - tap(findTestObject("Object Repository/Parte1/agregar/android.widget.ImageButton (1)"), 1): Tapped on element 'Object Repository/Parte1/agregar/android.widget.ImageButton (1)'

2023-06-27 10:54:37 - [MESSAGE][PASSED] - Tapped on element 'Object Repository/Parte1/agregar/android.widget.ImageButton (1)'

2023-06-27 10:54:37 - [TEST_STEP][PASSED] - tap(findTestObject("Object Repository/Parte1/agregar/android.widget.FrameLayout"), 1): Tapped on element 'Object Repository/Parte1/agregar/android.widget.FrameLayout'

2023-06-27 10:54:37 - [MESSAGE][PASSED] - Tapped on element 'Object Repository/Parte1/agregar/android.widget.FrameLayout'

2023-06-27 10:54:37 - [TEST_STEP][PASSED] - tapAndHold(findTestObject("Object Repository/Parte1/agregar/android.view.ViewGroup (1)"), 3, 1): Tapped and held on element 'Object Repository/Parte1/agregar/android.view.ViewGroup (1)' with duration 3

2023-06-27 10:54:44 - [MESSAGE][PASSED] - Tapped and held on element 'Object Repository/Parte1/agregar/android.view.ViewGroup (1)' with duration 3

2023-06-27 10:54:44 - [TEST_STEP][PASSED] - tap(findTestObject("Object Repository/Parte1/agregar/android.widget.LinearLayout"), 0): Tapped on element 'Object Repository/Parte1/agregar/android.widget.LinearLayout'

2023-06-27 10:54:44 - [MESSAGE][WARNING] - Timeout '0' is invalid. Using default page load timeout: '30'

2023-06-27 10:54:45 - [MESSAGE][PASSED] - Tapped on element 'Object Repository/Parte1/agregar/android.widget.LinearLayout'

2023-06-27 10:54:45 - [TEST_STEP][PASSED] - delay(2, STOP_ON_FAILURE): Delayed 2 second(s)

2023-06-27 10:54:47 - [MESSAGE][PASSED] - Delayed 2 second(s)

2023-06-27 10:54:47 - [TEST_STEP][PASSED] - tap(findTestObject("Object Repository/Parte1/agregar/android.widget.Button - Aceptar"), 1): Tapped on element 'Object Repository/Parte1/agregar/android.widget.Button - Aceptar'

2023-06-27 10:54:47 - [MESSAGE][PASSED] - Tapped on element 'Object Repository/Parte1/agregar/android.widget.Button - Aceptar'

2023-06-27 10:54:47 - [TEST_STEP][PASSED] - tap(findTestObject("Object Repository/Parte1/agregar/android.widget.FrameLayout (1)"), 1): Tapped on element 'Object Repository/Parte1/agregar/android.widget.FrameLayout (1)'

2023-06-27 10:54:48 - [MESSAGE][PASSED] - Tapped on element 'Object Repository/Parte1/agregar/android.widget.FrameLayout (1)'

2023-06-27 10:54:48 - [TEST_STEP][PASSED] - tap(findTestObject("Parte1/agregar/android.view.ViewGroup"), 0): Tapped on element 'Object Repository/Parte1/agregar/android.view.ViewGroup'

2023-06-27 10:54:48 - [MESSAGE][WARNING] - Timeout '0' is invalid. Using default page load timeout: '30'

2023-06-27 10:54:49 - [MESSAGE][PASSED] - Tapped on element 'Object Repository/Parte1/agregar/android.view.ViewGroup']]></system-out>
         <system-err><![CDATA[]]></system-err>
      </testcase>
      <testcase name="Test Cases/Parte1/Envio de mensajes/CPN40" time="18.829" classname="Test Cases/Parte1/Envio de mensajes/CPN40" status="PASSED">
         <system-out><![CDATA[2023-06-27 10:54:49 - [TEST_CASE][PASSED] - Test Cases/Parte1/Envio de mensajes/CPN40: Test Cases/Parte1/Envio de mensajes/CPN40

2023-06-27 10:54:49 - [TEST_STEP][PASSED] - tap(findTestObject("Parte1/Envio de mensajes/CPN40/android.widget.FrameLayout"), 100): Tapped on element 'Object Repository/Parte1/Envio de mensajes/CPN40/android.widget.FrameLayout'

2023-06-27 10:54:50 - [MESSAGE][PASSED] - Tapped on element 'Object Repository/Parte1/Envio de mensajes/CPN40/android.widget.FrameLayout'

2023-06-27 10:54:50 - [TEST_STEP][PASSED] - tap(findTestObject("Object Repository/Parte1/Envio de mensajes/CPN40/android.widget.RadioButton - 1 minuto"), 100): Tapped on element 'Object Repository/Parte1/Envio de mensajes/CPN40/android.widget.RadioButton - 1 minuto'

2023-06-27 10:54:51 - [MESSAGE][PASSED] - Tapped on element 'Object Repository/Parte1/Envio de mensajes/CPN40/android.widget.RadioButton - 1 minuto'

2023-06-27 10:54:51 - [TEST_STEP][PASSED] - tap(findTestObject("Object Repository/Parte1/Envio de mensajes/CPN40/android.widget.Button - Aceptar"), 100): Tapped on element 'Object Repository/Parte1/Envio de mensajes/CPN40/android.widget.Button - Aceptar'

2023-06-27 10:54:52 - [MESSAGE][PASSED] - Tapped on element 'Object Repository/Parte1/Envio de mensajes/CPN40/android.widget.Button - Aceptar'

2023-06-27 10:54:52 - [TEST_STEP][PASSED] - tap(findTestObject("Object Repository/Parte1/Envio de mensajes/CPN40/android.widget.EditText - Escribir mensaje"), 100): Tapped on element 'Object Repository/Parte1/Envio de mensajes/CPN40/android.widget.EditText - Escribir mensaje'

2023-06-27 10:54:53 - [MESSAGE][PASSED] - Tapped on element 'Object Repository/Parte1/Envio de mensajes/CPN40/android.widget.EditText - Escribir mensaje'

2023-06-27 10:54:53 - [TEST_STEP][PASSED] - setText(findTestObject("Object Repository/Parte1/Envio de mensajes/CPN40/android.widget.EditText - Escribir mensaje (1)"), "mensaje1", 0): Text 'mensaje1' has been set to element 'Object Repository/Parte1/Envio de mensajes/CPN40/android.widget.EditText - Escribir mensaje (1)'

2023-06-27 10:54:53 - [MESSAGE][WARNING] - Timeout '0' is invalid. Using default page load timeout: '30'

2023-06-27 10:54:55 - [MESSAGE][PASSED] - Text 'mensaje1' has been set to element 'Object Repository/Parte1/Envio de mensajes/CPN40/android.widget.EditText - Escribir mensaje (1)'

2023-06-27 10:54:55 - [TEST_STEP][PASSED] - tap(findTestObject("Object Repository/Parte1/Envio de mensajes/CPN40/android.widget.ImageButton"), 100): Tapped on element 'Object Repository/Parte1/Envio de mensajes/CPN40/android.widget.ImageButton'

2023-06-27 10:54:56 - [MESSAGE][PASSED] - Tapped on element 'Object Repository/Parte1/Envio de mensajes/CPN40/android.widget.ImageButton'

2023-06-27 10:54:56 - [TEST_STEP][PASSED] - setText(findTestObject("Parte1/Envio de mensajes/CPN40/android.widget.EditText - Escribir mensaje (1)"), "mensaje2", 0): Text 'mensaje2' has been set to element 'Object Repository/Parte1/Envio de mensajes/CPN40/android.widget.EditText - Escribir mensaje (1)'

2023-06-27 10:54:56 - [MESSAGE][WARNING] - Timeout '0' is invalid. Using default page load timeout: '30'

2023-06-27 10:54:59 - [MESSAGE][PASSED] - Text 'mensaje2' has been set to element 'Object Repository/Parte1/Envio de mensajes/CPN40/android.widget.EditText - Escribir mensaje (1)'

2023-06-27 10:54:59 - [TEST_STEP][PASSED] - tap(findTestObject("Parte1/Envio de mensajes/CPN40/android.widget.ImageButton"), 100): Tapped on element 'Object Repository/Parte1/Envio de mensajes/CPN40/android.widget.ImageButton'

2023-06-27 10:54:59 - [MESSAGE][PASSED] - Tapped on element 'Object Repository/Parte1/Envio de mensajes/CPN40/android.widget.ImageButton'

2023-06-27 10:54:59 - [TEST_STEP][PASSED] - setText(findTestObject("Parte1/Envio de mensajes/CPN40/android.widget.EditText - Escribir mensaje (1)"), "mensaje3", 0): Text 'mensaje3' has been set to element 'Object Repository/Parte1/Envio de mensajes/CPN40/android.widget.EditText - Escribir mensaje (1)'

2023-06-27 10:54:59 - [MESSAGE][WARNING] - Timeout '0' is invalid. Using default page load timeout: '30'

2023-06-27 10:55:02 - [MESSAGE][PASSED] - Text 'mensaje3' has been set to element 'Object Repository/Parte1/Envio de mensajes/CPN40/android.widget.EditText - Escribir mensaje (1)'

2023-06-27 10:55:02 - [TEST_STEP][PASSED] - tap(findTestObject("Parte1/Envio de mensajes/CPN40/android.widget.ImageButton"), 100): Tapped on element 'Object Repository/Parte1/Envio de mensajes/CPN40/android.widget.ImageButton'

2023-06-27 10:55:03 - [MESSAGE][PASSED] - Tapped on element 'Object Repository/Parte1/Envio de mensajes/CPN40/android.widget.ImageButton'

2023-06-27 10:55:03 - [TEST_STEP][PASSED] - setText(findTestObject("Parte1/Envio de mensajes/CPN40/android.widget.EditText - Escribir mensaje (1)"), "mensaje4", 0): Text 'mensaje4' has been set to element 'Object Repository/Parte1/Envio de mensajes/CPN40/android.widget.EditText - Escribir mensaje (1)'

2023-06-27 10:55:03 - [MESSAGE][WARNING] - Timeout '0' is invalid. Using default page load timeout: '30'

2023-06-27 10:55:06 - [MESSAGE][PASSED] - Text 'mensaje4' has been set to element 'Object Repository/Parte1/Envio de mensajes/CPN40/android.widget.EditText - Escribir mensaje (1)'

2023-06-27 10:55:06 - [TEST_STEP][PASSED] - tap(findTestObject("Parte1/Envio de mensajes/CPN40/android.widget.ImageButton"), 100): Tapped on element 'Object Repository/Parte1/Envio de mensajes/CPN40/android.widget.ImageButton'

2023-06-27 10:55:07 - [MESSAGE][PASSED] - Tapped on element 'Object Repository/Parte1/Envio de mensajes/CPN40/android.widget.ImageButton'

2023-06-27 10:55:07 - [TEST_STEP][PASSED] - tap(findTestObject("Object Repository/Parte1/Envio de mensajes/CPN40/android.widget.ImageButton (1)"), 100): Tapped on element 'Object Repository/Parte1/Envio de mensajes/CPN40/android.widget.ImageButton (1)'

2023-06-27 10:55:08 - [MESSAGE][PASSED] - Tapped on element 'Object Repository/Parte1/Envio de mensajes/CPN40/android.widget.ImageButton (1)']]></system-out>
         <system-err><![CDATA[]]></system-err>
      </testcase>
      <testcase name="Test Cases/Parte1/Envio de mensajes/CPN76" time="35.84" classname="Test Cases/Parte1/Envio de mensajes/CPN76" status="PASSED">
         <system-out><![CDATA[2023-06-27 10:55:08 - [TEST_CASE][PASSED] - Test Cases/Parte1/Envio de mensajes/CPN76: Test Cases/Parte1/Envio de mensajes/CPN76

2023-06-27 10:55:08 - [TEST_STEP][PASSED] - tap(findTestObject("Object Repository/Parte1/Envio de mensajes/CPN76/android.widget.FrameLayout"), 1): Tapped on element 'Object Repository/Parte1/Envio de mensajes/CPN76/android.widget.FrameLayout'

2023-06-27 10:55:10 - [MESSAGE][PASSED] - Tapped on element 'Object Repository/Parte1/Envio de mensajes/CPN76/android.widget.FrameLayout'

2023-06-27 10:55:10 - [TEST_STEP][PASSED] - delay(3, CONTINUE_ON_FAILURE): Delayed 3 second(s)

2023-06-27 10:55:13 - [MESSAGE][PASSED] - Delayed 3 second(s)

2023-06-27 10:55:13 - [TEST_STEP][PASSED] - tap(findTestObject("Parte1/Envio de mensajes/CPN76/android.view.ViewGroup"), 0): Tapped on element 'Object Repository/Parte1/Envio de mensajes/CPN76/android.view.ViewGroup'

2023-06-27 10:55:14 - [MESSAGE][WARNING] - Timeout '0' is invalid. Using default page load timeout: '30'

2023-06-27 10:55:14 - [MESSAGE][PASSED] - Tapped on element 'Object Repository/Parte1/Envio de mensajes/CPN76/android.view.ViewGroup'

2023-06-27 10:55:14 - [TEST_STEP][PASSED] - tapAndHold(findTestObject("Parte1/Envio de mensajes/CPN76/android.widget.ImageButton"), 8, 0): Tapped and held on element 'Object Repository/Parte1/Envio de mensajes/CPN76/android.widget.ImageButton' with duration 8

2023-06-27 10:55:14 - [MESSAGE][WARNING] - Timeout '0' is invalid. Using default page load timeout: '30'

2023-06-27 10:55:25 - [MESSAGE][PASSED] - Tapped and held on element 'Object Repository/Parte1/Envio de mensajes/CPN76/android.widget.ImageButton' with duration 8

2023-06-27 10:55:25 - [TEST_STEP][PASSED] - tapAndHold(findTestObject("Parte1/Envio de mensajes/CPN76/android.widget.ImageButton"), 15, 0): Tapped and held on element 'Object Repository/Parte1/Envio de mensajes/CPN76/android.widget.ImageButton' with duration 15

2023-06-27 10:55:25 - [MESSAGE][WARNING] - Timeout '0' is invalid. Using default page load timeout: '30'

2023-06-27 10:55:43 - [MESSAGE][PASSED] - Tapped and held on element 'Object Repository/Parte1/Envio de mensajes/CPN76/android.widget.ImageButton' with duration 15

2023-06-27 10:55:43 - [TEST_STEP][PASSED] - tap(findTestObject("Parte1/Envio de mensajes/CPN76/android.widget.ImageButton (1)"), 0): Tapped on element 'Object Repository/Parte1/Envio de mensajes/CPN76/android.widget.ImageButton (1)'

2023-06-27 10:55:43 - [MESSAGE][WARNING] - Timeout '0' is invalid. Using default page load timeout: '30'

2023-06-27 10:55:43 - [MESSAGE][PASSED] - Tapped on element 'Object Repository/Parte1/Envio de mensajes/CPN76/android.widget.ImageButton (1)']]></system-out>
         <system-err><![CDATA[]]></system-err>
      </testcase>
      <testcase name="Test Cases/Parte1/Envio de mensajes/CPN85" time="34.531" classname="Test Cases/Parte1/Envio de mensajes/CPN85" status="PASSED">
         <system-out><![CDATA[2023-06-27 10:55:43 - [TEST_CASE][PASSED] - Test Cases/Parte1/Envio de mensajes/CPN85: Test Cases/Parte1/Envio de mensajes/CPN85

2023-06-27 10:55:44 - [TEST_STEP][PASSED] - delay(4, CONTINUE_ON_FAILURE): Delayed 4 second(s)

2023-06-27 10:55:48 - [MESSAGE][PASSED] - Delayed 4 second(s)

2023-06-27 10:55:48 - [TEST_STEP][PASSED] - tap(findTestObject("Object Repository/Parte1/Envio de mensajes/CPN85/android.view.ViewGroup"), 0): Tapped on element 'Object Repository/Parte1/Envio de mensajes/CPN85/android.view.ViewGroup'

2023-06-27 10:55:48 - [MESSAGE][WARNING] - Timeout '0' is invalid. Using default page load timeout: '30'

2023-06-27 10:55:49 - [MESSAGE][PASSED] - Tapped on element 'Object Repository/Parte1/Envio de mensajes/CPN85/android.view.ViewGroup'

2023-06-27 10:55:49 - [TEST_STEP][PASSED] - tap(findTestObject("Object Repository/Parte1/Envio de mensajes/CPN85/android.widget.ImageButton"), 1): Tapped on element 'Object Repository/Parte1/Envio de mensajes/CPN85/android.widget.ImageButton'

2023-06-27 10:55:50 - [MESSAGE][PASSED] - Tapped on element 'Object Repository/Parte1/Envio de mensajes/CPN85/android.widget.ImageButton'

2023-06-27 10:55:50 - [TEST_STEP][PASSED] - tap(findTestObject("Object Repository/Parte1/Envio de mensajes/CPN85/android.widget.SeekBar - 0.0"), 0): Tapped on element 'Object Repository/Parte1/Envio de mensajes/CPN85/android.widget.SeekBar - 0.0'

2023-06-27 10:55:50 - [MESSAGE][WARNING] - Timeout '0' is invalid. Using default page load timeout: '30'

2023-06-27 10:55:51 - [MESSAGE][PASSED] - Tapped on element 'Object Repository/Parte1/Envio de mensajes/CPN85/android.widget.SeekBar - 0.0'

2023-06-27 10:55:51 - [TEST_STEP][PASSED] - tap(findTestObject("Object Repository/Parte1/Envio de mensajes/CPN85/android.widget.ImageButton (1)"), 1): Tapped on element 'Object Repository/Parte1/Envio de mensajes/CPN85/android.widget.ImageButton (1)'

2023-06-27 10:55:52 - [MESSAGE][PASSED] - Tapped on element 'Object Repository/Parte1/Envio de mensajes/CPN85/android.widget.ImageButton (1)'

2023-06-27 10:55:52 - [TEST_STEP][PASSED] - tap(findTestObject("Object Repository/Parte1/Envio de mensajes/CPN85/android.widget.ImageButton (2)"), 0): Tapped on element 'Object Repository/Parte1/Envio de mensajes/CPN85/android.widget.ImageButton (2)'

2023-06-27 10:55:52 - [MESSAGE][WARNING] - Timeout '0' is invalid. Using default page load timeout: '30'

2023-06-27 10:55:55 - [MESSAGE][PASSED] - Tapped on element 'Object Repository/Parte1/Envio de mensajes/CPN85/android.widget.ImageButton (2)'

2023-06-27 10:55:55 - [TEST_STEP][PASSED] - tap(findTestObject("Parte1/Envio de mensajes/CPN85/android.widget.ImageButton"), 1): Tapped on element 'Object Repository/Parte1/Envio de mensajes/CPN85/android.widget.ImageButton'

2023-06-27 10:55:57 - [MESSAGE][PASSED] - Tapped on element 'Object Repository/Parte1/Envio de mensajes/CPN85/android.widget.ImageButton'

2023-06-27 10:55:57 - [TEST_STEP][PASSED] - tap(findTestObject("Object Repository/Parte1/Envio de mensajes/CPN85/android.widget.ImageButton (3)"), 0): Tapped on element 'Object Repository/Parte1/Envio de mensajes/CPN85/android.widget.ImageButton (3)'

2023-06-27 10:55:57 - [MESSAGE][WARNING] - Timeout '0' is invalid. Using default page load timeout: '30'

2023-06-27 10:55:58 - [MESSAGE][PASSED] - Tapped on element 'Object Repository/Parte1/Envio de mensajes/CPN85/android.widget.ImageButton (3)'

2023-06-27 10:55:58 - [TEST_STEP][PASSED] - tap(findTestObject("Parte1/Envio de mensajes/CPN85/android.widget.SeekBar - 0.0"), 0): Tapped on element 'Object Repository/Parte1/Envio de mensajes/CPN85/android.widget.SeekBar - 0.0'

2023-06-27 10:55:58 - [MESSAGE][WARNING] - Timeout '0' is invalid. Using default page load timeout: '30'

2023-06-27 10:55:58 - [MESSAGE][PASSED] - Tapped on element 'Object Repository/Parte1/Envio de mensajes/CPN85/android.widget.SeekBar - 0.0'

2023-06-27 10:55:58 - [TEST_STEP][PASSED] - tap(findTestObject("Parte1/Envio de mensajes/CPN85/android.widget.ImageButton (1)"), 1): Tapped on element 'Object Repository/Parte1/Envio de mensajes/CPN85/android.widget.ImageButton (1)'

2023-06-27 10:55:59 - [MESSAGE][PASSED] - Tapped on element 'Object Repository/Parte1/Envio de mensajes/CPN85/android.widget.ImageButton (1)'

2023-06-27 10:55:59 - [TEST_STEP][PASSED] - tap(findTestObject("Parte1/Envio de mensajes/CPN85/android.widget.ImageButton (2)"), 0): Tapped on element 'Object Repository/Parte1/Envio de mensajes/CPN85/android.widget.ImageButton (2)'

2023-06-27 10:55:59 - [MESSAGE][WARNING] - Timeout '0' is invalid. Using default page load timeout: '30'

2023-06-27 10:56:02 - [MESSAGE][PASSED] - Tapped on element 'Object Repository/Parte1/Envio de mensajes/CPN85/android.widget.ImageButton (2)'

2023-06-27 10:56:02 - [TEST_STEP][PASSED] - tap(findTestObject("Parte1/Envio de mensajes/CPN85/android.widget.ImageButton"), 1): Tapped on element 'Object Repository/Parte1/Envio de mensajes/CPN85/android.widget.ImageButton'

2023-06-27 10:56:04 - [MESSAGE][PASSED] - Tapped on element 'Object Repository/Parte1/Envio de mensajes/CPN85/android.widget.ImageButton'

2023-06-27 10:56:04 - [TEST_STEP][PASSED] - tap(findTestObject("Object Repository/Parte1/Envio de mensajes/CPN85/android.widget.ImageButton (4)"), 0): Tapped on element 'Object Repository/Parte1/Envio de mensajes/CPN85/android.widget.ImageButton (4)'

2023-06-27 10:56:04 - [MESSAGE][WARNING] - Timeout '0' is invalid. Using default page load timeout: '30'

2023-06-27 10:56:05 - [MESSAGE][PASSED] - Tapped on element 'Object Repository/Parte1/Envio de mensajes/CPN85/android.widget.ImageButton (4)'

2023-06-27 10:56:05 - [TEST_STEP][PASSED] - tap(findTestObject("Parte1/Envio de mensajes/CPN85/android.widget.ImageButton (1)"), 1): Tapped on element 'Object Repository/Parte1/Envio de mensajes/CPN85/android.widget.ImageButton (1)'

2023-06-27 10:56:06 - [MESSAGE][PASSED] - Tapped on element 'Object Repository/Parte1/Envio de mensajes/CPN85/android.widget.ImageButton (1)'

2023-06-27 10:56:06 - [TEST_STEP][PASSED] - delay(1, CONTINUE_ON_FAILURE): Delayed 1 second(s)

2023-06-27 10:56:07 - [MESSAGE][PASSED] - Delayed 1 second(s)

2023-06-27 10:56:07 - [TEST_STEP][PASSED] - tap(findTestObject("Parte1/Envio de mensajes/CPN85/android.widget.ImageButton (2)"), 0): Tapped on element 'Object Repository/Parte1/Envio de mensajes/CPN85/android.widget.ImageButton (2)'

2023-06-27 10:56:07 - [MESSAGE][WARNING] - Timeout '0' is invalid. Using default page load timeout: '30'

2023-06-27 10:56:08 - [MESSAGE][PASSED] - Tapped on element 'Object Repository/Parte1/Envio de mensajes/CPN85/android.widget.ImageButton (2)'

2023-06-27 10:56:08 - [TEST_STEP][PASSED] - tap(findTestObject("Parte1/Envio de mensajes/CPN85/android.widget.ImageButton"), 1): Tapped on element 'Object Repository/Parte1/Envio de mensajes/CPN85/android.widget.ImageButton'

2023-06-27 10:56:10 - [MESSAGE][PASSED] - Tapped on element 'Object Repository/Parte1/Envio de mensajes/CPN85/android.widget.ImageButton'

2023-06-27 10:56:10 - [TEST_STEP][PASSED] - tap(findTestObject("Parte1/Envio de mensajes/CPN85/android.widget.ImageButton (4)"), 1): Tapped on element 'Object Repository/Parte1/Envio de mensajes/CPN85/android.widget.ImageButton (4)'

2023-06-27 10:56:11 - [MESSAGE][PASSED] - Tapped on element 'Object Repository/Parte1/Envio de mensajes/CPN85/android.widget.ImageButton (4)'

2023-06-27 10:56:11 - [TEST_STEP][PASSED] - tap(findTestObject("Parte1/Envio de mensajes/CPN85/android.widget.ImageButton (3)"), 0): Tapped on element 'Object Repository/Parte1/Envio de mensajes/CPN85/android.widget.ImageButton (3)'

2023-06-27 10:56:11 - [MESSAGE][WARNING] - Timeout '0' is invalid. Using default page load timeout: '30'

2023-06-27 10:56:12 - [MESSAGE][PASSED] - Tapped on element 'Object Repository/Parte1/Envio de mensajes/CPN85/android.widget.ImageButton (3)'

2023-06-27 10:56:12 - [TEST_STEP][PASSED] - tap(findTestObject("Parte1/Envio de mensajes/CPN85/android.widget.ImageButton (1)"), 1): Tapped on element 'Object Repository/Parte1/Envio de mensajes/CPN85/android.widget.ImageButton (1)'

2023-06-27 10:56:13 - [MESSAGE][PASSED] - Tapped on element 'Object Repository/Parte1/Envio de mensajes/CPN85/android.widget.ImageButton (1)'

2023-06-27 10:56:13 - [TEST_STEP][PASSED] - tap(findTestObject("Parte1/Envio de mensajes/CPN85/android.widget.ImageButton (2)"), 0): Tapped on element 'Object Repository/Parte1/Envio de mensajes/CPN85/android.widget.ImageButton (2)'

2023-06-27 10:56:13 - [MESSAGE][WARNING] - Timeout '0' is invalid. Using default page load timeout: '30'

2023-06-27 10:56:15 - [MESSAGE][PASSED] - Tapped on element 'Object Repository/Parte1/Envio de mensajes/CPN85/android.widget.ImageButton (2)'

2023-06-27 10:56:15 - [TEST_STEP][PASSED] - delay(3, CONTINUE_ON_FAILURE): Delayed 3 second(s)

2023-06-27 10:56:18 - [MESSAGE][PASSED] - Delayed 3 second(s)

2023-06-27 10:56:18 - [TEST_STEP][PASSED] - tap(findTestObject("Object Repository/Parte1/Envio de mensajes/CPN85/android.widget.ImageButton (5)"), 0): Tapped on element 'Object Repository/Parte1/Envio de mensajes/CPN85/android.widget.ImageButton (5)'

2023-06-27 10:56:18 - [MESSAGE][WARNING] - Timeout '0' is invalid. Using default page load timeout: '30'

2023-06-27 10:56:18 - [MESSAGE][PASSED] - Tapped on element 'Object Repository/Parte1/Envio de mensajes/CPN85/android.widget.ImageButton (5)']]></system-out>
         <system-err><![CDATA[]]></system-err>
      </testcase>
      <testcase name="Test Cases/Parte1/Envio de mensajes/CPN94" time="85.435" classname="Test Cases/Parte1/Envio de mensajes/CPN94" status="PASSED">
         <system-out><![CDATA[2023-06-27 10:56:18 - [TEST_CASE][PASSED] - Test Cases/Parte1/Envio de mensajes/CPN94: Test Cases/Parte1/Envio de mensajes/CPN94

2023-06-27 10:56:18 - [TEST_STEP][PASSED] - delay(1, CONTINUE_ON_FAILURE): Delayed 1 second(s)

2023-06-27 10:56:19 - [MESSAGE][PASSED] - Delayed 1 second(s)

2023-06-27 10:56:19 - [TEST_STEP][PASSED] - tap(findTestObject("Parte1/Envio de mensajes/CPN94/android.view.ViewGroup"), 0): Tapped on element 'Object Repository/Parte1/Envio de mensajes/CPN94/android.view.ViewGroup'

2023-06-27 10:56:19 - [MESSAGE][WARNING] - Timeout '0' is invalid. Using default page load timeout: '30'

2023-06-27 10:56:20 - [MESSAGE][PASSED] - Tapped on element 'Object Repository/Parte1/Envio de mensajes/CPN94/android.view.ViewGroup'

2023-06-27 10:56:20 - [TEST_STEP][PASSED] - tap(findTestObject("Object Repository/Parte1/Envio de mensajes/CPN94/android.widget.ImageButton"), 1): Tapped on element 'Object Repository/Parte1/Envio de mensajes/CPN94/android.widget.ImageButton'

2023-06-27 10:56:22 - [MESSAGE][PASSED] - Tapped on element 'Object Repository/Parte1/Envio de mensajes/CPN94/android.widget.ImageButton'

2023-06-27 10:56:22 - [TEST_STEP][PASSED] - tapAndHold(findTestObject("Object Repository/Parte1/Envio de mensajes/CPN94/android.widget.ImageButton (1)"), 6, 0): Tapped and held on element 'Object Repository/Parte1/Envio de mensajes/CPN94/android.widget.ImageButton (1)' with duration 6

2023-06-27 10:56:22 - [MESSAGE][WARNING] - Timeout '0' is invalid. Using default page load timeout: '30'

2023-06-27 10:56:31 - [MESSAGE][PASSED] - Tapped and held on element 'Object Repository/Parte1/Envio de mensajes/CPN94/android.widget.ImageButton (1)' with duration 6

2023-06-27 10:56:31 - [TEST_STEP][PASSED] - tap(findTestObject("Object Repository/Parte1/Envio de mensajes/CPN94/android.widget.ImageButton (2)"), 1): Tapped on element 'Object Repository/Parte1/Envio de mensajes/CPN94/android.widget.ImageButton (2)'

2023-06-27 10:56:33 - [MESSAGE][PASSED] - Tapped on element 'Object Repository/Parte1/Envio de mensajes/CPN94/android.widget.ImageButton (2)'

2023-06-27 10:56:33 - [TEST_STEP][PASSED] - tap(findTestObject("Parte1/Envio de mensajes/CPN94/android.widget.ImageButton"), 1): Tapped on element 'Object Repository/Parte1/Envio de mensajes/CPN94/android.widget.ImageButton'

2023-06-27 10:56:34 - [MESSAGE][PASSED] - Tapped on element 'Object Repository/Parte1/Envio de mensajes/CPN94/android.widget.ImageButton'

2023-06-27 10:56:34 - [TEST_STEP][PASSED] - tap(findTestObject("Object Repository/Parte1/Envio de mensajes/CPN94/android.widget.ImageButton (3)"), 600): Tapped on element 'Object Repository/Parte1/Envio de mensajes/CPN94/android.widget.ImageButton (3)'

2023-06-27 10:56:35 - [MESSAGE][PASSED] - Tapped on element 'Object Repository/Parte1/Envio de mensajes/CPN94/android.widget.ImageButton (3)'

2023-06-27 10:56:35 - [TEST_STEP][PASSED] - tap(findTestObject("Object Repository/Parte1/Envio de mensajes/CPN94/android.widget.SeekBar - 0.0"), 0): Tapped on element 'Object Repository/Parte1/Envio de mensajes/CPN94/android.widget.SeekBar - 0.0'

2023-06-27 10:56:35 - [MESSAGE][WARNING] - Timeout '0' is invalid. Using default page load timeout: '30'

2023-06-27 10:56:35 - [MESSAGE][PASSED] - Tapped on element 'Object Repository/Parte1/Envio de mensajes/CPN94/android.widget.SeekBar - 0.0'

2023-06-27 10:56:35 - [TEST_STEP][PASSED] - tapAndHold(findTestObject("Parte1/Envio de mensajes/CPN94/android.widget.ImageButton (1)"), 8, 0): Tapped and held on element 'Object Repository/Parte1/Envio de mensajes/CPN94/android.widget.ImageButton (1)' with duration 8

2023-06-27 10:56:35 - [MESSAGE][WARNING] - Timeout '0' is invalid. Using default page load timeout: '30'

2023-06-27 10:56:46 - [MESSAGE][PASSED] - Tapped and held on element 'Object Repository/Parte1/Envio de mensajes/CPN94/android.widget.ImageButton (1)' with duration 8

2023-06-27 10:56:46 - [TEST_STEP][PASSED] - tap(findTestObject("Object Repository/Parte1/Envio de mensajes/CPN94/android.widget.EditText - Escribir mensaje"), 0): Tapped on element 'Object Repository/Parte1/Envio de mensajes/CPN94/android.widget.EditText - Escribir mensaje'

2023-06-27 10:56:46 - [MESSAGE][WARNING] - Timeout '0' is invalid. Using default page load timeout: '30'

2023-06-27 10:56:48 - [MESSAGE][PASSED] - Tapped on element 'Object Repository/Parte1/Envio de mensajes/CPN94/android.widget.EditText - Escribir mensaje'

2023-06-27 10:56:48 - [TEST_STEP][PASSED] - setText(findTestObject("Object Repository/Parte1/Envio de mensajes/CPN94/android.widget.EditText - Escribir mensaje (1)"), "Prueba video", 0): Text 'Prueba video' has been set to element 'Object Repository/Parte1/Envio de mensajes/CPN94/android.widget.EditText - Escribir mensaje (1)'

2023-06-27 10:56:48 - [MESSAGE][WARNING] - Timeout '0' is invalid. Using default page load timeout: '30'

2023-06-27 10:56:49 - [MESSAGE][PASSED] - Text 'Prueba video' has been set to element 'Object Repository/Parte1/Envio de mensajes/CPN94/android.widget.EditText - Escribir mensaje (1)'

2023-06-27 10:56:49 - [TEST_STEP][PASSED] - hideKeyboard(): Keyboard is hidden

2023-06-27 10:56:52 - [MESSAGE][PASSED] - Keyboard is hidden

2023-06-27 10:56:52 - [TEST_STEP][PASSED] - tap(findTestObject("Parte1/Envio de mensajes/CPN94/android.widget.ImageButton (2)"), 0): Tapped on element 'Object Repository/Parte1/Envio de mensajes/CPN94/android.widget.ImageButton (2)'

2023-06-27 10:56:52 - [MESSAGE][WARNING] - Timeout '0' is invalid. Using default page load timeout: '30'

2023-06-27 10:56:52 - [MESSAGE][PASSED] - Tapped on element 'Object Repository/Parte1/Envio de mensajes/CPN94/android.widget.ImageButton (2)'

2023-06-27 10:56:52 - [TEST_STEP][PASSED] - tap(findTestObject("Parte1/Envio de mensajes/CPN94/android.widget.ImageButton"), 0): Tapped on element 'Object Repository/Parte1/Envio de mensajes/CPN94/android.widget.ImageButton'

2023-06-27 10:56:52 - [MESSAGE][WARNING] - Timeout '0' is invalid. Using default page load timeout: '30'

2023-06-27 10:56:54 - [MESSAGE][PASSED] - Tapped on element 'Object Repository/Parte1/Envio de mensajes/CPN94/android.widget.ImageButton'

2023-06-27 10:56:54 - [TEST_STEP][PASSED] - tap(findTestObject("Object Repository/Parte1/Envio de mensajes/CPN94/android.widget.ImageButton (4)"), 0): Tapped on element 'Object Repository/Parte1/Envio de mensajes/CPN94/android.widget.ImageButton (4)'

2023-06-27 10:56:54 - [MESSAGE][WARNING] - Timeout '0' is invalid. Using default page load timeout: '30'

2023-06-27 10:56:55 - [MESSAGE][PASSED] - Tapped on element 'Object Repository/Parte1/Envio de mensajes/CPN94/android.widget.ImageButton (4)'

2023-06-27 10:56:55 - [TEST_STEP][PASSED] - tapAndHold(findTestObject("Parte1/Envio de mensajes/CPN94/android.widget.ImageButton (1)"), 5, 0): Tapped and held on element 'Object Repository/Parte1/Envio de mensajes/CPN94/android.widget.ImageButton (1)' with duration 5

2023-06-27 10:56:55 - [MESSAGE][WARNING] - Timeout '0' is invalid. Using default page load timeout: '30'

2023-06-27 10:57:03 - [MESSAGE][PASSED] - Tapped and held on element 'Object Repository/Parte1/Envio de mensajes/CPN94/android.widget.ImageButton (1)' with duration 5

2023-06-27 10:57:03 - [TEST_STEP][PASSED] - tap(findTestObject("Parte1/Envio de mensajes/CPN94/android.widget.ImageButton (2)"), 0): Tapped on element 'Object Repository/Parte1/Envio de mensajes/CPN94/android.widget.ImageButton (2)'

2023-06-27 10:57:03 - [MESSAGE][WARNING] - Timeout '0' is invalid. Using default page load timeout: '30'

2023-06-27 10:57:03 - [MESSAGE][PASSED] - Tapped on element 'Object Repository/Parte1/Envio de mensajes/CPN94/android.widget.ImageButton (2)'

2023-06-27 10:57:03 - [TEST_STEP][PASSED] - tap(findTestObject("Parte1/Envio de mensajes/CPN94/android.widget.ImageButton"), 0): Tapped on element 'Object Repository/Parte1/Envio de mensajes/CPN94/android.widget.ImageButton'

2023-06-27 10:57:03 - [MESSAGE][WARNING] - Timeout '0' is invalid. Using default page load timeout: '30'

2023-06-27 10:57:05 - [MESSAGE][PASSED] - Tapped on element 'Object Repository/Parte1/Envio de mensajes/CPN94/android.widget.ImageButton'

2023-06-27 10:57:05 - [TEST_STEP][PASSED] - tap(findTestObject("Parte1/Envio de mensajes/CPN94/android.widget.ImageButton (4)"), 0): Tapped on element 'Object Repository/Parte1/Envio de mensajes/CPN94/android.widget.ImageButton (4)'

2023-06-27 10:57:05 - [MESSAGE][WARNING] - Timeout '0' is invalid. Using default page load timeout: '30'

2023-06-27 10:57:06 - [MESSAGE][PASSED] - Tapped on element 'Object Repository/Parte1/Envio de mensajes/CPN94/android.widget.ImageButton (4)'

2023-06-27 10:57:06 - [TEST_STEP][PASSED] - tapAndHold(findTestObject("Parte1/Envio de mensajes/CPN94/android.widget.ImageButton (1)"), 10, 0): Tapped and held on element 'Object Repository/Parte1/Envio de mensajes/CPN94/android.widget.ImageButton (1)' with duration 10

2023-06-27 10:57:06 - [MESSAGE][WARNING] - Timeout '0' is invalid. Using default page load timeout: '30'

2023-06-27 10:57:19 - [MESSAGE][PASSED] - Tapped and held on element 'Object Repository/Parte1/Envio de mensajes/CPN94/android.widget.ImageButton (1)' with duration 10

2023-06-27 10:57:19 - [TEST_STEP][PASSED] - tap(findTestObject("Parte1/Envio de mensajes/CPN94/android.widget.ImageButton (2)"), 0): Tapped on element 'Object Repository/Parte1/Envio de mensajes/CPN94/android.widget.ImageButton (2)'

2023-06-27 10:57:19 - [MESSAGE][WARNING] - Timeout '0' is invalid. Using default page load timeout: '30'

2023-06-27 10:57:19 - [MESSAGE][PASSED] - Tapped on element 'Object Repository/Parte1/Envio de mensajes/CPN94/android.widget.ImageButton (2)'

2023-06-27 10:57:19 - [TEST_STEP][PASSED] - tap(findTestObject("Parte1/Envio de mensajes/CPN94/android.widget.ImageButton"), 0): Tapped on element 'Object Repository/Parte1/Envio de mensajes/CPN94/android.widget.ImageButton'

2023-06-27 10:57:19 - [MESSAGE][WARNING] - Timeout '0' is invalid. Using default page load timeout: '30'

2023-06-27 10:57:20 - [MESSAGE][PASSED] - Tapped on element 'Object Repository/Parte1/Envio de mensajes/CPN94/android.widget.ImageButton'

2023-06-27 10:57:20 - [TEST_STEP][PASSED] - delay(3, STOP_ON_FAILURE): Delayed 3 second(s)

2023-06-27 10:57:23 - [MESSAGE][PASSED] - Delayed 3 second(s)

2023-06-27 10:57:23 - [TEST_STEP][PASSED] - tap(findTestObject("Parte1/Envio de mensajes/CPN94/android.widget.ImageButton (4)"), 0): Tapped on element 'Object Repository/Parte1/Envio de mensajes/CPN94/android.widget.ImageButton (4)'

2023-06-27 10:57:23 - [MESSAGE][WARNING] - Timeout '0' is invalid. Using default page load timeout: '30'

2023-06-27 10:57:24 - [MESSAGE][PASSED] - Tapped on element 'Object Repository/Parte1/Envio de mensajes/CPN94/android.widget.ImageButton (4)'

2023-06-27 10:57:24 - [TEST_STEP][PASSED] - tapAndHold(findTestObject("Parte1/Envio de mensajes/CPN94/android.widget.ImageButton (1)"), 15, 0): Tapped and held on element 'Object Repository/Parte1/Envio de mensajes/CPN94/android.widget.ImageButton (1)' with duration 15

2023-06-27 10:57:24 - [MESSAGE][WARNING] - Timeout '0' is invalid. Using default page load timeout: '30'

2023-06-27 10:57:41 - [MESSAGE][PASSED] - Tapped and held on element 'Object Repository/Parte1/Envio de mensajes/CPN94/android.widget.ImageButton (1)' with duration 15

2023-06-27 10:57:41 - [TEST_STEP][PASSED] - tap(findTestObject("Parte1/Envio de mensajes/CPN94/android.widget.ImageButton (2)"), 0): Tapped on element 'Object Repository/Parte1/Envio de mensajes/CPN94/android.widget.ImageButton (2)'

2023-06-27 10:57:41 - [MESSAGE][WARNING] - Timeout '0' is invalid. Using default page load timeout: '30'

2023-06-27 10:57:42 - [MESSAGE][PASSED] - Tapped on element 'Object Repository/Parte1/Envio de mensajes/CPN94/android.widget.ImageButton (2)'

2023-06-27 10:57:42 - [TEST_STEP][PASSED] - tap(findTestObject("Parte1/Envio de mensajes/CPN94/android.widget.ImageButton (6)"), 0): Tapped on element 'Object Repository/Parte1/Envio de mensajes/CPN94/android.widget.ImageButton (6)'

2023-06-27 10:57:42 - [MESSAGE][WARNING] - Timeout '0' is invalid. Using default page load timeout: '30'

2023-06-27 10:57:43 - [MESSAGE][PASSED] - Tapped on element 'Object Repository/Parte1/Envio de mensajes/CPN94/android.widget.ImageButton (6)']]></system-out>
         <system-err><![CDATA[]]></system-err>
      </testcase>
      <testcase name="Test Cases/Parte1/Envio de mensajes/CPN103" time="21.031" classname="Test Cases/Parte1/Envio de mensajes/CPN103" status="PASSED">
         <system-out><![CDATA[2023-06-27 10:57:43 - [TEST_CASE][PASSED] - Test Cases/Parte1/Envio de mensajes/CPN103: Test Cases/Parte1/Envio de mensajes/CPN103

2023-06-27 10:57:44 - [TEST_STEP][PASSED] - delay(3, CONTINUE_ON_FAILURE): Delayed 3 second(s)

2023-06-27 10:57:47 - [MESSAGE][PASSED] - Delayed 3 second(s)

2023-06-27 10:57:47 - [TEST_STEP][PASSED] - tap(findTestObject("Parte1/Envio de mensajes/CPN103/android.view.ViewGroup"), 0): Tapped on element 'Object Repository/Parte1/Envio de mensajes/CPN103/android.view.ViewGroup'

2023-06-27 10:57:47 - [MESSAGE][WARNING] - Timeout '0' is invalid. Using default page load timeout: '30'

2023-06-27 10:57:47 - [MESSAGE][PASSED] - Tapped on element 'Object Repository/Parte1/Envio de mensajes/CPN103/android.view.ViewGroup'

2023-06-27 10:57:47 - [TEST_STEP][PASSED] - tap(findTestObject("Object Repository/Parte1/Envio de mensajes/CPN103/android.widget.ImageButton"), 0): Tapped on element 'Object Repository/Parte1/Envio de mensajes/CPN103/android.widget.ImageButton'

2023-06-27 10:57:47 - [MESSAGE][WARNING] - Timeout '0' is invalid. Using default page load timeout: '30'

2023-06-27 10:57:48 - [MESSAGE][PASSED] - Tapped on element 'Object Repository/Parte1/Envio de mensajes/CPN103/android.widget.ImageButton'

2023-06-27 10:57:48 - [TEST_STEP][PASSED] - tap(findTestObject("Object Repository/Parte1/Envio de mensajes/CPN103/android.widget.LinearLayout"), 0): Tapped on element 'Object Repository/Parte1/Envio de mensajes/CPN103/android.widget.LinearLayout'

2023-06-27 10:57:48 - [MESSAGE][WARNING] - Timeout '0' is invalid. Using default page load timeout: '30'

2023-06-27 10:57:49 - [MESSAGE][PASSED] - Tapped on element 'Object Repository/Parte1/Envio de mensajes/CPN103/android.widget.LinearLayout'

2023-06-27 10:57:49 - [TEST_STEP][PASSED] - tap(findTestObject("Object Repository/Parte1/Envio de mensajes/CPN103/android.widget.ImageView"), 0): Tapped on element 'Object Repository/Parte1/Envio de mensajes/CPN103/android.widget.ImageView'

2023-06-27 10:57:50 - [MESSAGE][WARNING] - Timeout '0' is invalid. Using default page load timeout: '30'

2023-06-27 10:57:56 - [MESSAGE][PASSED] - Tapped on element 'Object Repository/Parte1/Envio de mensajes/CPN103/android.widget.ImageView'

2023-06-27 10:57:56 - [TEST_STEP][PASSED] - tap(findTestObject("Parte1/Envio de mensajes/CPN103/android.widget.ImageButton"), 0): Tapped on element 'Object Repository/Parte1/Envio de mensajes/CPN103/android.widget.ImageButton'

2023-06-27 10:57:56 - [MESSAGE][WARNING] - Timeout '0' is invalid. Using default page load timeout: '30'

2023-06-27 10:57:58 - [MESSAGE][PASSED] - Tapped on element 'Object Repository/Parte1/Envio de mensajes/CPN103/android.widget.ImageButton'

2023-06-27 10:57:58 - [TEST_STEP][PASSED] - tap(findTestObject("Parte1/Envio de mensajes/CPN103/android.widget.LinearLayout"), 0): Tapped on element 'Object Repository/Parte1/Envio de mensajes/CPN103/android.widget.LinearLayout'

2023-06-27 10:57:58 - [MESSAGE][WARNING] - Timeout '0' is invalid. Using default page load timeout: '30'

2023-06-27 10:57:59 - [MESSAGE][PASSED] - Tapped on element 'Object Repository/Parte1/Envio de mensajes/CPN103/android.widget.LinearLayout'

2023-06-27 10:57:59 - [TEST_STEP][PASSED] - tap(findTestObject("Object Repository/Parte1/Envio de mensajes/CPN103/android.widget.ImageView (1)"), 0): Tapped on element 'Object Repository/Parte1/Envio de mensajes/CPN103/android.widget.ImageView (1)'

2023-06-27 10:57:59 - [MESSAGE][WARNING] - Timeout '0' is invalid. Using default page load timeout: '30'

2023-06-27 10:58:02 - [MESSAGE][PASSED] - Tapped on element 'Object Repository/Parte1/Envio de mensajes/CPN103/android.widget.ImageView (1)'

2023-06-27 10:58:02 - [TEST_STEP][PASSED] - tap(findTestObject("Object Repository/Parte1/Envio de mensajes/CPN103/android.widget.ImageButton (1)"), 0): Tapped on element 'Object Repository/Parte1/Envio de mensajes/CPN103/android.widget.ImageButton (1)'

2023-06-27 10:58:02 - [MESSAGE][WARNING] - Timeout '0' is invalid. Using default page load timeout: '30'

2023-06-27 10:58:04 - [MESSAGE][PASSED] - Tapped on element 'Object Repository/Parte1/Envio de mensajes/CPN103/android.widget.ImageButton (1)']]></system-out>
         <system-err><![CDATA[]]></system-err>
      </testcase>
      <testcase name="Test Cases/Parte1/Envio de mensajes/CPN104" time="25.743" classname="Test Cases/Parte1/Envio de mensajes/CPN104" status="PASSED">
         <system-out><![CDATA[2023-06-27 10:58:04 - [TEST_CASE][PASSED] - Test Cases/Parte1/Envio de mensajes/CPN104: Test Cases/Parte1/Envio de mensajes/CPN104

2023-06-27 10:58:05 - [TEST_STEP][PASSED] - delay(3, CONTINUE_ON_FAILURE): Delayed 3 second(s)

2023-06-27 10:58:08 - [MESSAGE][PASSED] - Delayed 3 second(s)

2023-06-27 10:58:08 - [TEST_STEP][PASSED] - tap(findTestObject("Parte1/Envio de mensajes/CPN104/android.view.ViewGroup"), 0): Tapped on element 'Object Repository/Parte1/Envio de mensajes/CPN104/android.view.ViewGroup'

2023-06-27 10:58:08 - [MESSAGE][WARNING] - Timeout '0' is invalid. Using default page load timeout: '30'

2023-06-27 10:58:08 - [MESSAGE][PASSED] - Tapped on element 'Object Repository/Parte1/Envio de mensajes/CPN104/android.view.ViewGroup'

2023-06-27 10:58:08 - [TEST_STEP][PASSED] - tap(findTestObject("Object Repository/Parte1/Envio de mensajes/CPN104/android.widget.ImageButton"), 100): Tapped on element 'Object Repository/Parte1/Envio de mensajes/CPN104/android.widget.ImageButton'

2023-06-27 10:58:10 - [MESSAGE][PASSED] - Tapped on element 'Object Repository/Parte1/Envio de mensajes/CPN104/android.widget.ImageButton'

2023-06-27 10:58:10 - [TEST_STEP][PASSED] - tap(findTestObject("Object Repository/Parte1/Envio de mensajes/CPN104/android.widget.LinearLayout"), 100): Tapped on element 'Object Repository/Parte1/Envio de mensajes/CPN104/android.widget.LinearLayout'

2023-06-27 10:58:11 - [MESSAGE][PASSED] - Tapped on element 'Object Repository/Parte1/Envio de mensajes/CPN104/android.widget.LinearLayout'

2023-06-27 10:58:11 - [TEST_STEP][PASSED] - tap(findTestObject("Object Repository/Parte1/Envio de mensajes/CPN104/android.view.ViewGroup (1)"), 0): Tapped on element 'Object Repository/Parte1/Envio de mensajes/CPN104/android.view.ViewGroup (1)'

2023-06-27 10:58:11 - [MESSAGE][WARNING] - Timeout '0' is invalid. Using default page load timeout: '30'

2023-06-27 10:58:12 - [MESSAGE][PASSED] - Tapped on element 'Object Repository/Parte1/Envio de mensajes/CPN104/android.view.ViewGroup (1)'

2023-06-27 10:58:12 - [TEST_STEP][PASSED] - tap(findTestObject("Object Repository/Parte1/Envio de mensajes/CPN104/android.widget.ImageView"), 100): Tapped on element 'Object Repository/Parte1/Envio de mensajes/CPN104/android.widget.ImageView'

2023-06-27 10:58:13 - [MESSAGE][PASSED] - Tapped on element 'Object Repository/Parte1/Envio de mensajes/CPN104/android.widget.ImageView'

2023-06-27 10:58:13 - [TEST_STEP][PASSED] - tap(findTestObject("Object Repository/Parte1/Envio de mensajes/CPN104/android.widget.ImageView (1)"), 100): Tapped on element 'Object Repository/Parte1/Envio de mensajes/CPN104/android.widget.ImageView (1)'

2023-06-27 10:58:14 - [MESSAGE][PASSED] - Tapped on element 'Object Repository/Parte1/Envio de mensajes/CPN104/android.widget.ImageView (1)'

2023-06-27 10:58:14 - [TEST_STEP][PASSED] - delay(8, STOP_ON_FAILURE): Delayed 8 second(s)

2023-06-27 10:58:22 - [MESSAGE][PASSED] - Delayed 8 second(s)

2023-06-27 10:58:22 - [TEST_STEP][PASSED] - tap(findTestObject("Object Repository/Parte1/Envio de mensajes/CPN104/android.widget.ImageView (2)"), 100): Tapped on element 'Object Repository/Parte1/Envio de mensajes/CPN104/android.widget.ImageView (2)'

2023-06-27 10:58:23 - [MESSAGE][PASSED] - Tapped on element 'Object Repository/Parte1/Envio de mensajes/CPN104/android.widget.ImageView (2)'

2023-06-27 10:58:23 - [TEST_STEP][PASSED] - tap(findTestObject("Object Repository/Parte1/Envio de mensajes/CPN104/android.widget.ImageButton (1)"), 100): Tapped on element 'Object Repository/Parte1/Envio de mensajes/CPN104/android.widget.ImageButton (1)'

2023-06-27 10:58:24 - [MESSAGE][PASSED] - Tapped on element 'Object Repository/Parte1/Envio de mensajes/CPN104/android.widget.ImageButton (1)'

2023-06-27 10:58:24 - [TEST_STEP][PASSED] - delay(3, STOP_ON_FAILURE): Delayed 3 second(s)

2023-06-27 10:58:27 - [MESSAGE][PASSED] - Delayed 3 second(s)

2023-06-27 10:58:27 - [TEST_STEP][PASSED] - tap(findTestObject("Object Repository/Parte1/Envio de mensajes/CPN104/android.widget.ImageButton (2)"), 100): Tapped on element 'Object Repository/Parte1/Envio de mensajes/CPN104/android.widget.ImageButton (2)'

2023-06-27 10:58:27 - [MESSAGE][PASSED] - Tapped on element 'Object Repository/Parte1/Envio de mensajes/CPN104/android.widget.ImageButton (2)'

2023-06-27 10:58:27 - [TEST_STEP][PASSED] - delay(3, CONTINUE_ON_FAILURE): Delayed 3 second(s)

2023-06-27 10:58:30 - [MESSAGE][PASSED] - Delayed 3 second(s)]]></system-out>
         <system-err><![CDATA[]]></system-err>
      </testcase>
      <testcase name="Test Cases/Parte1/Envio de mensajes/CPN105" time="36.993" classname="Test Cases/Parte1/Envio de mensajes/CPN105" status="PASSED">
         <system-out><![CDATA[2023-06-27 10:58:30 - [TEST_CASE][PASSED] - Test Cases/Parte1/Envio de mensajes/CPN105: Test Cases/Parte1/Envio de mensajes/CPN105

2023-06-27 10:58:30 - [TEST_STEP][PASSED] - tap(findTestObject("Object Repository/Parte1/Envio de mensajes/CPN105/android.view.ViewGroup"), 0): Tapped on element 'Object Repository/Parte1/Envio de mensajes/CPN105/android.view.ViewGroup'

2023-06-27 10:58:30 - [MESSAGE][WARNING] - Timeout '0' is invalid. Using default page load timeout: '30'

2023-06-27 10:58:31 - [MESSAGE][PASSED] - Tapped on element 'Object Repository/Parte1/Envio de mensajes/CPN105/android.view.ViewGroup'

2023-06-27 10:58:31 - [TEST_STEP][PASSED] - tap(findTestObject("Object Repository/Parte1/Envio de mensajes/CPN105/android.widget.ImageButton"), 100): Tapped on element 'Object Repository/Parte1/Envio de mensajes/CPN105/android.widget.ImageButton'

2023-06-27 10:58:32 - [MESSAGE][PASSED] - Tapped on element 'Object Repository/Parte1/Envio de mensajes/CPN105/android.widget.ImageButton'

2023-06-27 10:58:32 - [TEST_STEP][PASSED] - tap(findTestObject("Object Repository/Parte1/Envio de mensajes/CPN105/android.widget.LinearLayout"), 100): Tapped on element 'Object Repository/Parte1/Envio de mensajes/CPN105/android.widget.LinearLayout'

2023-06-27 10:58:33 - [MESSAGE][PASSED] - Tapped on element 'Object Repository/Parte1/Envio de mensajes/CPN105/android.widget.LinearLayout'

2023-06-27 10:58:33 - [TEST_STEP][PASSED] - tap(findTestObject("Object Repository/Parte1/Envio de mensajes/CPN105/android.widget.ImageButton (1)"), 100): Tapped on element 'Object Repository/Parte1/Envio de mensajes/CPN105/android.widget.ImageButton (1)'

2023-06-27 10:58:36 - [MESSAGE][PASSED] - Tapped on element 'Object Repository/Parte1/Envio de mensajes/CPN105/android.widget.ImageButton (1)'

2023-06-27 10:58:36 - [TEST_STEP][PASSED] - delay(3, STOP_ON_FAILURE): Delayed 3 second(s)

2023-06-27 10:58:39 - [MESSAGE][PASSED] - Delayed 3 second(s)

2023-06-27 10:58:39 - [TEST_STEP][PASSED] - tap(findTestObject("Parte1/Envio de mensajes/CPN105/android.widget.ImageButton"), 100): Tapped on element 'Object Repository/Parte1/Envio de mensajes/CPN105/android.widget.ImageButton'

2023-06-27 10:58:41 - [MESSAGE][PASSED] - Tapped on element 'Object Repository/Parte1/Envio de mensajes/CPN105/android.widget.ImageButton'

2023-06-27 10:58:41 - [TEST_STEP][PASSED] - tap(findTestObject("Parte1/Envio de mensajes/CPN105/android.widget.LinearLayout"), 100): Tapped on element 'Object Repository/Parte1/Envio de mensajes/CPN105/android.widget.LinearLayout'

2023-06-27 10:58:43 - [MESSAGE][PASSED] - Tapped on element 'Object Repository/Parte1/Envio de mensajes/CPN105/android.widget.LinearLayout'

2023-06-27 10:58:43 - [TEST_STEP][PASSED] - tap(findTestObject("Object Repository/Parte1/Envio de mensajes/CPN105/android.widget.TextView"), 100): Tapped on element 'Object Repository/Parte1/Envio de mensajes/CPN105/android.widget.TextView'

2023-06-27 10:58:45 - [MESSAGE][PASSED] - Tapped on element 'Object Repository/Parte1/Envio de mensajes/CPN105/android.widget.TextView'

2023-06-27 10:58:45 - [TEST_STEP][PASSED] - setText(findTestObject("Object Repository/Parte1/Envio de mensajes/CPN105/android.widget.EditText - NapoleoN"), "Valenci", 0): Text 'Valenci' has been set to element 'Object Repository/Parte1/Envio de mensajes/CPN105/android.widget.EditText - NapoleoN'

2023-06-27 10:58:45 - [MESSAGE][WARNING] - Timeout '0' is invalid. Using default page load timeout: '30'

2023-06-27 10:58:48 - [MESSAGE][PASSED] - Text 'Valenci' has been set to element 'Object Repository/Parte1/Envio de mensajes/CPN105/android.widget.EditText - NapoleoN'

2023-06-27 10:58:48 - [TEST_STEP][PASSED] - tap(findTestObject("Parte1/Envio de mensajes/CPN105/android.view.ViewGroup (1)"), 0): Tapped on element 'Object Repository/Parte1/Envio de mensajes/CPN105/android.view.ViewGroup (1)'

2023-06-27 10:58:48 - [MESSAGE][WARNING] - Timeout '0' is invalid. Using default page load timeout: '30'

2023-06-27 10:58:50 - [MESSAGE][PASSED] - Tapped on element 'Object Repository/Parte1/Envio de mensajes/CPN105/android.view.ViewGroup (1)'

2023-06-27 10:58:50 - [TEST_STEP][PASSED] - tap(findTestObject("Parte1/Envio de mensajes/CPN105/android.widget.ImageButton (1)"), 100): Tapped on element 'Object Repository/Parte1/Envio de mensajes/CPN105/android.widget.ImageButton (1)'

2023-06-27 10:58:51 - [MESSAGE][PASSED] - Tapped on element 'Object Repository/Parte1/Envio de mensajes/CPN105/android.widget.ImageButton (1)'

2023-06-27 10:58:51 - [TEST_STEP][PASSED] - tap(findTestObject("Object Repository/Parte1/Envio de mensajes/CPN105/android.widget.ImageButton"), 100): Tapped on element 'Object Repository/Parte1/Envio de mensajes/CPN105/android.widget.ImageButton'

2023-06-27 10:58:56 - [MESSAGE][PASSED] - Tapped on element 'Object Repository/Parte1/Envio de mensajes/CPN105/android.widget.ImageButton'

2023-06-27 10:58:56 - [TEST_STEP][PASSED] - tap(findTestObject("Object Repository/Parte1/Envio de mensajes/CPN105/android.widget.LinearLayout"), 100): Tapped on element 'Object Repository/Parte1/Envio de mensajes/CPN105/android.widget.LinearLayout'

2023-06-27 10:58:57 - [MESSAGE][PASSED] - Tapped on element 'Object Repository/Parte1/Envio de mensajes/CPN105/android.widget.LinearLayout'

2023-06-27 10:58:57 - [TEST_STEP][PASSED] - tap(findTestObject("Object Repository/Parte1/Envio de mensajes/CPN105/android.widget.TextView"), 100): Tapped on element 'Object Repository/Parte1/Envio de mensajes/CPN105/android.widget.TextView'

2023-06-27 10:59:00 - [MESSAGE][PASSED] - Tapped on element 'Object Repository/Parte1/Envio de mensajes/CPN105/android.widget.TextView'

2023-06-27 10:59:00 - [TEST_STEP][PASSED] - setText(findTestObject("Parte1/Envio de mensajes/CPN105/android.widget.EditText - NapoleoN"), "ikonos", 0): Text 'ikonos' has been set to element 'Object Repository/Parte1/Envio de mensajes/CPN105/android.widget.EditText - NapoleoN'

2023-06-27 10:59:00 - [MESSAGE][WARNING] - Timeout '0' is invalid. Using default page load timeout: '30'

2023-06-27 10:59:01 - [MESSAGE][PASSED] - Text 'ikonos' has been set to element 'Object Repository/Parte1/Envio de mensajes/CPN105/android.widget.EditText - NapoleoN'

2023-06-27 10:59:01 - [TEST_STEP][PASSED] - tap(findTestObject("Parte1/Envio de mensajes/CPN105/android.view.ViewGroup (1)"), 0): Tapped on element 'Object Repository/Parte1/Envio de mensajes/CPN105/android.view.ViewGroup (1)'

2023-06-27 10:59:01 - [MESSAGE][WARNING] - Timeout '0' is invalid. Using default page load timeout: '30'

2023-06-27 10:59:02 - [MESSAGE][PASSED] - Tapped on element 'Object Repository/Parte1/Envio de mensajes/CPN105/android.view.ViewGroup (1)'

2023-06-27 10:59:02 - [TEST_STEP][PASSED] - tap(findTestObject("Object Repository/Parte1/Envio de mensajes/CPN105/android.widget.ImageButton (2)"), 100): Tapped on element 'Object Repository/Parte1/Envio de mensajes/CPN105/android.widget.ImageButton (2)'

2023-06-27 10:59:04 - [MESSAGE][PASSED] - Tapped on element 'Object Repository/Parte1/Envio de mensajes/CPN105/android.widget.ImageButton (2)'

2023-06-27 10:59:04 - [TEST_STEP][PASSED] - tap(findTestObject("Object Repository/Parte1/Envio de mensajes/CPN105/android.widget.ImageButton (3)"), 100): Tapped on element 'Object Repository/Parte1/Envio de mensajes/CPN105/android.widget.ImageButton (3)'

2023-06-27 10:59:07 - [MESSAGE][PASSED] - Tapped on element 'Object Repository/Parte1/Envio de mensajes/CPN105/android.widget.ImageButton (3)']]></system-out>
         <system-err><![CDATA[]]></system-err>
      </testcase>
      <testcase name="Test Cases/Parte1/Envio de mensajes/CPN105.1" time="24.524" classname="Test Cases/Parte1/Envio de mensajes/CPN105.1" status="PASSED">
         <system-out><![CDATA[2023-06-27 10:59:07 - [TEST_CASE][PASSED] - Test Cases/Parte1/Envio de mensajes/CPN105.1: Test Cases/Parte1/Envio de mensajes/CPN105.1

2023-06-27 10:59:07 - [TEST_STEP][PASSED] - delay(2, CONTINUE_ON_FAILURE): Delayed 2 second(s)

2023-06-27 10:59:09 - [MESSAGE][PASSED] - Delayed 2 second(s)

2023-06-27 10:59:09 - [TEST_STEP][PASSED] - tap(findTestObject("Object Repository/Parte1/Envio de mensajes/CPN105.1/android.view.ViewGroup"), 0): Tapped on element 'Object Repository/Parte1/Envio de mensajes/CPN105.1/android.view.ViewGroup'

2023-06-27 10:59:10 - [MESSAGE][WARNING] - Timeout '0' is invalid. Using default page load timeout: '30'

2023-06-27 10:59:11 - [MESSAGE][PASSED] - Tapped on element 'Object Repository/Parte1/Envio de mensajes/CPN105.1/android.view.ViewGroup'

2023-06-27 10:59:11 - [TEST_STEP][PASSED] - tap(findTestObject("Object Repository/Parte1/Envio de mensajes/CPN105.1/android.widget.ImageButton"), 1): Tapped on element 'Object Repository/Parte1/Envio de mensajes/CPN105.1/android.widget.ImageButton'

2023-06-27 10:59:11 - [MESSAGE][PASSED] - Tapped on element 'Object Repository/Parte1/Envio de mensajes/CPN105.1/android.widget.ImageButton'

2023-06-27 10:59:11 - [TEST_STEP][PASSED] - tap(findTestObject("Object Repository/Parte1/Envio de mensajes/CPN105.1/android.widget.LinearLayout"), 1): Tapped on element 'Object Repository/Parte1/Envio de mensajes/CPN105.1/android.widget.LinearLayout'

2023-06-27 10:59:12 - [MESSAGE][PASSED] - Tapped on element 'Object Repository/Parte1/Envio de mensajes/CPN105.1/android.widget.LinearLayout'

2023-06-27 10:59:12 - [TEST_STEP][PASSED] - tap(findTestObject("Object Repository/Parte1/Envio de mensajes/CPN105.1/android.widget.ImageButton (1)"), 1): Tapped on element 'Object Repository/Parte1/Envio de mensajes/CPN105.1/android.widget.ImageButton (1)'

2023-06-27 10:59:13 - [MESSAGE][PASSED] - Tapped on element 'Object Repository/Parte1/Envio de mensajes/CPN105.1/android.widget.ImageButton (1)'

2023-06-27 10:59:13 - [TEST_STEP][PASSED] - tap(findTestObject("Object Repository/Parte1/Envio de mensajes/CPN105.1/android.widget.ImageButton (2)"), 0): Tapped on element 'Object Repository/Parte1/Envio de mensajes/CPN105.1/android.widget.ImageButton (2)'

2023-06-27 10:59:13 - [MESSAGE][WARNING] - Timeout '0' is invalid. Using default page load timeout: '30'

2023-06-27 10:59:16 - [MESSAGE][PASSED] - Tapped on element 'Object Repository/Parte1/Envio de mensajes/CPN105.1/android.widget.ImageButton (2)'

2023-06-27 10:59:16 - [TEST_STEP][PASSED] - tap(findTestObject("Parte1/Envio de mensajes/CPN105.1/android.widget.ImageButton"), 1): Tapped on element 'Object Repository/Parte1/Envio de mensajes/CPN105.1/android.widget.ImageButton'

2023-06-27 10:59:18 - [MESSAGE][PASSED] - Tapped on element 'Object Repository/Parte1/Envio de mensajes/CPN105.1/android.widget.ImageButton'

2023-06-27 10:59:18 - [TEST_STEP][PASSED] - tap(findTestObject("Parte1/Envio de mensajes/CPN105.1/android.widget.LinearLayout"), 1): Tapped on element 'Object Repository/Parte1/Envio de mensajes/CPN105.1/android.widget.LinearLayout'

2023-06-27 10:59:19 - [MESSAGE][PASSED] - Tapped on element 'Object Repository/Parte1/Envio de mensajes/CPN105.1/android.widget.LinearLayout'

2023-06-27 10:59:19 - [TEST_STEP][PASSED] - delay(3, CONTINUE_ON_FAILURE): Delayed 3 second(s)

2023-06-27 10:59:22 - [MESSAGE][PASSED] - Delayed 3 second(s)

2023-06-27 10:59:22 - [TEST_STEP][PASSED] - tap(findTestObject("Object Repository/Parte1/Envio de mensajes/CPN105.1/android.widget.ImageButton (3)"), 1): Tapped on element 'Object Repository/Parte1/Envio de mensajes/CPN105.1/android.widget.ImageButton (3)'

2023-06-27 10:59:22 - [MESSAGE][PASSED] - Tapped on element 'Object Repository/Parte1/Envio de mensajes/CPN105.1/android.widget.ImageButton (3)'

2023-06-27 10:59:22 - [TEST_STEP][PASSED] - tap(findTestObject("Object Repository/Parte1/Envio de mensajes/CPN105.1/android.widget.ImageButton (4)"), 1): Tapped on element 'Object Repository/Parte1/Envio de mensajes/CPN105.1/android.widget.ImageButton (4)'

2023-06-27 10:59:23 - [MESSAGE][PASSED] - Tapped on element 'Object Repository/Parte1/Envio de mensajes/CPN105.1/android.widget.ImageButton (4)'

2023-06-27 10:59:23 - [TEST_STEP][PASSED] - tap(findTestObject("Parte1/Envio de mensajes/CPN105.1/android.widget.ImageButton (2)"), 0): Tapped on element 'Object Repository/Parte1/Envio de mensajes/CPN105.1/android.widget.ImageButton (2)'

2023-06-27 10:59:23 - [MESSAGE][WARNING] - Timeout '0' is invalid. Using default page load timeout: '30'

2023-06-27 10:59:26 - [MESSAGE][PASSED] - Tapped on element 'Object Repository/Parte1/Envio de mensajes/CPN105.1/android.widget.ImageButton (2)'

2023-06-27 10:59:26 - [TEST_STEP][PASSED] - tap(findTestObject("Object Repository/Parte1/Envio de mensajes/CPN105.1/android.widget.ImageButton"), 1): Tapped on element 'Object Repository/Parte1/Envio de mensajes/CPN105.1/android.widget.ImageButton'

2023-06-27 10:59:27 - [MESSAGE][PASSED] - Tapped on element 'Object Repository/Parte1/Envio de mensajes/CPN105.1/android.widget.ImageButton'

2023-06-27 10:59:27 - [TEST_STEP][PASSED] - tap(findTestObject("Object Repository/Parte1/Envio de mensajes/CPN105.1/android.widget.ImageView"), 1): Tapped on element 'Object Repository/Parte1/Envio de mensajes/CPN105.1/android.widget.ImageView'

2023-06-27 10:59:30 - [MESSAGE][PASSED] - Tapped on element 'Object Repository/Parte1/Envio de mensajes/CPN105.1/android.widget.ImageView'

2023-06-27 10:59:30 - [TEST_STEP][PASSED] - tap(findTestObject("Object Repository/Parte1/Envio de mensajes/CPN105.1/android.widget.ImageButton (5)"), 1): Tapped on element 'Object Repository/Parte1/Envio de mensajes/CPN105.1/android.widget.ImageButton (5)'

2023-06-27 10:59:32 - [MESSAGE][PASSED] - Tapped on element 'Object Repository/Parte1/Envio de mensajes/CPN105.1/android.widget.ImageButton (5)']]></system-out>
         <system-err><![CDATA[]]></system-err>
      </testcase>
      <testcase name="Test Cases/Eliminar_conversacion" time="7.415" classname="Test Cases/Eliminar_conversacion" status="FAILED">
         <failure type="FAILED" message="Test Cases/Eliminar_conversacion FAILED.
Reason:
com.kms.katalon.core.exception.StepFailedException: Failed to tap and hold on element 'Object Repository/Parte1/Eliminar_conversacion/android.view.ViewGroup' with duration 3 (Root cause: org.openqa.selenium.StaleElementReferenceException: androidx.test.uiautomator.StaleObjectException
For documentation on this error, please visit: https://www.seleniumhq.org/exceptions/stale_element_reference.html
Build info: version: '3.141.59', revision: 'e82be7d358', time: '2018-11-14T08:25:53'
System info: host: 'DESKTOP-OBIGNLU', ip: '192.168.1.5', os.name: 'Windows 10', os.arch: 'amd64', os.version: '10.0', java.version: '1.8.0_282'
Driver info: com.kms.katalon.core.appium.driver.SwipeableAndroidDriver
Capabilities {app: C:\Users\Testing\Desktop\ka..., appPackage: com.naposystems.napoleonchat, autoGrantPermissions: true, automationName: uiautomator2, chromedriverPort: 60633, databaseEnabled: false, desired: {app: C:\Users\Testing\Desktop\ka..., autoGrantPermissions: true, automationName: uiautomator2, chromedriverPort: 60633, deviceId: , deviceName: samsung SM-A107M (Android 11), fullReset: true, newCommandTimeout: 1800, noReset: false, platform: ANDROID, platformName: android, platformVersion: 11, systemPort: 60631, udid: R9WN40KBXDJ}, deviceApiLevel: 30, deviceId: , deviceManufacturer: samsung, deviceModel: SM-A107M, deviceName: R9WN40KBXDJ, deviceScreenDensity: 280, deviceScreenSize: 720x1520, deviceUDID: R9WN40KBXDJ, fullReset: true, javascriptEnabled: true, locationContextEnabled: false, networkConnectionEnabled: true, newCommandTimeout: 1800, noReset: false, pixelRatio: 1.75, platform: ANDROID, platformName: Android, platformVersion: 11, statBarHeight: 57, systemPort: 60631, takesScreenshot: true, udid: R9WN40KBXDJ, viewportRect: {height: 1324, left: 0, top: 57, width: 720}, warnings: {}, webStorageEnabled: false}
Session ID: 5c50e8fb-c12d-4996-b03d-0d4c7f8b6319
	at org.openqa.selenium.remote.http.W3CHttpResponseCodec.createException(W3CHttpResponseCodec.java:187)
	at org.openqa.selenium.remote.http.W3CHttpResponseCodec.decode(W3CHttpResponseCodec.java:122)
	at org.openqa.selenium.remote.http.W3CHttpResponseCodec.decode(W3CHttpResponseCodec.java:49)
	at org.openqa.selenium.remote.HttpCommandExecutor.execute(HttpCommandExecutor.java:158)
	at io.appium.java_client.remote.AppiumCommandExecutor.execute(AppiumCommandExecutor.java:239)
	at org.openqa.selenium.remote.RemoteWebDriver.execute(RemoteWebDriver.java:552)
	at io.appium.java_client.DefaultGenericMobileDriver.execute(DefaultGenericMobileDriver.java:42)
	at io.appium.java_client.AppiumDriver.execute(AppiumDriver.java:1)
	at io.appium.java_client.android.AndroidDriver.execute(AndroidDriver.java:1)
	at com.kms.katalon.core.appium.driver.SwipeableAndroidDriver.execute(SwipeableAndroidDriver.java:1)
	at io.appium.java_client.PerformsTouchActions.performTouchAction(PerformsTouchActions.java:41)
	at io.appium.java_client.TouchAction.perform(TouchAction.java:187)
	at com.kms.katalon.core.mobile.helper.MobileElementCommonHelper.tapAndHold(MobileElementCommonHelper.java:111)
	at com.kms.katalon.core.mobile.keyword.builtin.TapAndHoldKeyword$_tapAndHold_closure1.doCall(TapAndHoldKeyword.groovy:71)
	at com.kms.katalon.core.mobile.keyword.builtin.TapAndHoldKeyword$_tapAndHold_closure1.call(TapAndHoldKeyword.groovy)
	at com.kms.katalon.core.mobile.keyword.internal.MobileKeywordMain.runKeyword(MobileKeywordMain.groovy:21)
	at com.kms.katalon.core.mobile.keyword.builtin.TapAndHoldKeyword.tapAndHold(TapAndHoldKeyword.groovy:72)
	at com.kms.katalon.core.mobile.keyword.builtin.TapAndHoldKeyword.execute(TapAndHoldKeyword.groovy:65)
	at com.kms.katalon.core.keyword.internal.KeywordExecutor.executeKeywordForPlatform(KeywordExecutor.groovy:74)
	at com.kms.katalon.core.mobile.keyword.MobileBuiltInKeywords.tapAndHold(MobileBuiltInKeywords.groovy:1571)
	at com.kms.katalon.core.mobile.keyword.MobileBuiltInKeywords$tapAndHold$9.call(Unknown Source)
	at Eliminar_conversacion.run(Eliminar_conversacion:22)
	at com.kms.katalon.core.main.ScriptEngine.run(ScriptEngine.java:194)
	at com.kms.katalon.core.main.ScriptEngine.runScriptAsRawText(ScriptEngine.java:119)
	at com.kms.katalon.core.main.TestCaseExecutor.runScript(TestCaseExecutor.java:448)
	at com.kms.katalon.core.main.TestCaseExecutor.doExecute(TestCaseExecutor.java:439)
	at com.kms.katalon.core.main.TestCaseExecutor.processExecutionPhase(TestCaseExecutor.java:418)
	at com.kms.katalon.core.main.TestCaseExecutor.accessMainPhase(TestCaseExecutor.java:410)
	at com.kms.katalon.core.main.TestCaseExecutor.execute(TestCaseExecutor.java:285)
	at com.kms.katalon.core.common.CommonExecutor.accessTestCaseMainPhase(CommonExecutor.java:65)
	at com.kms.katalon.core.main.TestSuiteExecutor.accessTestSuiteMainPhase(TestSuiteExecutor.java:148)
	at com.kms.katalon.core.main.TestSuiteExecutor.execute(TestSuiteExecutor.java:106)
	at com.kms.katalon.core.main.TestCaseMain.startTestSuite(TestCaseMain.java:187)
	at com.kms.katalon.core.main.TestCaseMain$startTestSuite$0.call(Unknown Source)
	at TempTestSuite1687880932060.run(TempTestSuite1687880932060.groovy:36)
)
	at com.kms.katalon.core.keyword.internal.KeywordMain.stepFailed(KeywordMain.groovy:51)
	at com.kms.katalon.core.mobile.keyword.internal.MobileKeywordMain.stepFailed(MobileKeywordMain.groovy:40)
	at com.kms.katalon.core.mobile.keyword.internal.MobileKeywordMain.runKeyword(MobileKeywordMain.groovy:23)
	at com.kms.katalon.core.mobile.keyword.builtin.TapAndHoldKeyword.tapAndHold(TapAndHoldKeyword.groovy:72)
	at com.kms.katalon.core.mobile.keyword.builtin.TapAndHoldKeyword.execute(TapAndHoldKeyword.groovy:65)
	at com.kms.katalon.core.keyword.internal.KeywordExecutor.executeKeywordForPlatform(KeywordExecutor.groovy:74)
	at com.kms.katalon.core.mobile.keyword.MobileBuiltInKeywords.tapAndHold(MobileBuiltInKeywords.groovy:1571)
	at com.kms.katalon.core.mobile.keyword.MobileBuiltInKeywords$tapAndHold$9.call(Unknown Source)
	at Eliminar_conversacion.run(Eliminar_conversacion:22)
	at com.kms.katalon.core.main.ScriptEngine.run(ScriptEngine.java:194)
	at com.kms.katalon.core.main.ScriptEngine.runScriptAsRawText(ScriptEngine.java:119)
	at com.kms.katalon.core.main.TestCaseExecutor.runScript(TestCaseExecutor.java:448)
	at com.kms.katalon.core.main.TestCaseExecutor.doExecute(TestCaseExecutor.java:439)
	at com.kms.katalon.core.main.TestCaseExecutor.processExecutionPhase(TestCaseExecutor.java:418)
	at com.kms.katalon.core.main.TestCaseExecutor.accessMainPhase(TestCaseExecutor.java:410)
	at com.kms.katalon.core.main.TestCaseExecutor.execute(TestCaseExecutor.java:285)
	at com.kms.katalon.core.common.CommonExecutor.accessTestCaseMainPhase(CommonExecutor.java:65)
	at com.kms.katalon.core.main.TestSuiteExecutor.accessTestSuiteMainPhase(TestSuiteExecutor.java:148)
	at com.kms.katalon.core.main.TestSuiteExecutor.execute(TestSuiteExecutor.java:106)
	at com.kms.katalon.core.main.TestCaseMain.startTestSuite(TestCaseMain.java:187)
	at com.kms.katalon.core.main.TestCaseMain$startTestSuite$0.call(Unknown Source)
	at TempTestSuite1687880932060.run(TempTestSuite1687880932060.groovy:36)
Caused by: org.openqa.selenium.StaleElementReferenceException: androidx.test.uiautomator.StaleObjectException
For documentation on this error, please visit: https://www.seleniumhq.org/exceptions/stale_element_reference.html
Build info: version: '3.141.59', revision: 'e82be7d358', time: '2018-11-14T08:25:53'
System info: host: 'DESKTOP-OBIGNLU', ip: '192.168.1.5', os.name: 'Windows 10', os.arch: 'amd64', os.version: '10.0', java.version: '1.8.0_282'
Driver info: com.kms.katalon.core.appium.driver.SwipeableAndroidDriver
Capabilities {app: C:\Users\Testing\Desktop\ka..., appPackage: com.naposystems.napoleonchat, autoGrantPermissions: true, automationName: uiautomator2, chromedriverPort: 60633, databaseEnabled: false, desired: {app: C:\Users\Testing\Desktop\ka..., autoGrantPermissions: true, automationName: uiautomator2, chromedriverPort: 60633, deviceId: , deviceName: samsung SM-A107M (Android 11), fullReset: true, newCommandTimeout: 1800, noReset: false, platform: ANDROID, platformName: android, platformVersion: 11, systemPort: 60631, udid: R9WN40KBXDJ}, deviceApiLevel: 30, deviceId: , deviceManufacturer: samsung, deviceModel: SM-A107M, deviceName: R9WN40KBXDJ, deviceScreenDensity: 280, deviceScreenSize: 720x1520, deviceUDID: R9WN40KBXDJ, fullReset: true, javascriptEnabled: true, locationContextEnabled: false, networkConnectionEnabled: true, newCommandTimeout: 1800, noReset: false, pixelRatio: 1.75, platform: ANDROID, platformName: Android, platformVersion: 11, statBarHeight: 57, systemPort: 60631, takesScreenshot: true, udid: R9WN40KBXDJ, viewportRect: {height: 1324, left: 0, top: 57, width: 720}, warnings: {}, webStorageEnabled: false}
Session ID: 5c50e8fb-c12d-4996-b03d-0d4c7f8b6319
	at org.openqa.selenium.remote.http.W3CHttpResponseCodec.createException(W3CHttpResponseCodec.java:187)
	at org.openqa.selenium.remote.http.W3CHttpResponseCodec.decode(W3CHttpResponseCodec.java:122)
	at org.openqa.selenium.remote.http.W3CHttpResponseCodec.decode(W3CHttpResponseCodec.java:49)
	at org.openqa.selenium.remote.HttpCommandExecutor.execute(HttpCommandExecutor.java:158)
	at io.appium.java_client.remote.AppiumCommandExecutor.execute(AppiumCommandExecutor.java:239)
	at org.openqa.selenium.remote.RemoteWebDriver.execute(RemoteWebDriver.java:552)
	at io.appium.java_client.DefaultGenericMobileDriver.execute(DefaultGenericMobileDriver.java:42)
	at io.appium.java_client.AppiumDriver.execute(AppiumDriver.java:1)
	at io.appium.java_client.android.AndroidDriver.execute(AndroidDriver.java:1)
	at com.kms.katalon.core.appium.driver.SwipeableAndroidDriver.execute(SwipeableAndroidDriver.java:1)
	at io.appium.java_client.PerformsTouchActions.performTouchAction(PerformsTouchActions.java:41)
	at io.appium.java_client.TouchAction.perform(TouchAction.java:187)
	at com.kms.katalon.core.mobile.helper.MobileElementCommonHelper.tapAndHold(MobileElementCommonHelper.java:111)
	at com.kms.katalon.core.mobile.keyword.builtin.TapAndHoldKeyword$_tapAndHold_closure1.doCall(TapAndHoldKeyword.groovy:71)
	at com.kms.katalon.core.mobile.keyword.builtin.TapAndHoldKeyword$_tapAndHold_closure1.call(TapAndHoldKeyword.groovy)
	at com.kms.katalon.core.mobile.keyword.internal.MobileKeywordMain.runKeyword(MobileKeywordMain.groovy:21)
	... 19 more
"/>
         <system-out><![CDATA[2023-06-27 10:59:32 - [TEST_CASE][FAILED] - Test Cases/Eliminar_conversacion: Test Cases/Eliminar_conversacion FAILED.
Reason:
com.kms.katalon.core.exception.StepFailedException: Failed to tap and hold on element 'Object Repository/Parte1/Eliminar_conversacion/android.view.ViewGroup' with duration 3 (Root cause: org.openqa.selenium.StaleElementReferenceException: androidx.test.uiautomator.StaleObjectException
For documentation on this error, please visit: https://www.seleniumhq.org/exceptions/stale_element_reference.html
Build info: version: '3.141.59', revision: 'e82be7d358', time: '2018-11-14T08:25:53'
System info: host: 'DESKTOP-OBIGNLU', ip: '192.168.1.5', os.name: 'Windows 10', os.arch: 'amd64', os.version: '10.0', java.version: '1.8.0_282'
Driver info: com.kms.katalon.core.appium.driver.SwipeableAndroidDriver
Capabilities {app: C:\Users\Testing\Desktop\ka..., appPackage: com.naposystems.napoleonchat, autoGrantPermissions: true, automationName: uiautomator2, chromedriverPort: 60633, databaseEnabled: false, desired: {app: C:\Users\Testing\Desktop\ka..., autoGrantPermissions: true, automationName: uiautomator2, chromedriverPort: 60633, deviceId: , deviceName: samsung SM-A107M (Android 11), fullReset: true, newCommandTimeout: 1800, noReset: false, platform: ANDROID, platformName: android, platformVersion: 11, systemPort: 60631, udid: R9WN40KBXDJ}, deviceApiLevel: 30, deviceId: , deviceManufacturer: samsung, deviceModel: SM-A107M, deviceName: R9WN40KBXDJ, deviceScreenDensity: 280, deviceScreenSize: 720x1520, deviceUDID: R9WN40KBXDJ, fullReset: true, javascriptEnabled: true, locationContextEnabled: false, networkConnectionEnabled: true, newCommandTimeout: 1800, noReset: false, pixelRatio: 1.75, platform: ANDROID, platformName: Android, platformVersion: 11, statBarHeight: 57, systemPort: 60631, takesScreenshot: true, udid: R9WN40KBXDJ, viewportRect: {height: 1324, left: 0, top: 57, width: 720}, warnings: {}, webStorageEnabled: false}
Session ID: 5c50e8fb-c12d-4996-b03d-0d4c7f8b6319
	at org.openqa.selenium.remote.http.W3CHttpResponseCodec.createException(W3CHttpResponseCodec.java:187)
	at org.openqa.selenium.remote.http.W3CHttpResponseCodec.decode(W3CHttpResponseCodec.java:122)
	at org.openqa.selenium.remote.http.W3CHttpResponseCodec.decode(W3CHttpResponseCodec.java:49)
	at org.openqa.selenium.remote.HttpCommandExecutor.execute(HttpCommandExecutor.java:158)
	at io.appium.java_client.remote.AppiumCommandExecutor.execute(AppiumCommandExecutor.java:239)
	at org.openqa.selenium.remote.RemoteWebDriver.execute(RemoteWebDriver.java:552)
	at io.appium.java_client.DefaultGenericMobileDriver.execute(DefaultGenericMobileDriver.java:42)
	at io.appium.java_client.AppiumDriver.execute(AppiumDriver.java:1)
	at io.appium.java_client.android.AndroidDriver.execute(AndroidDriver.java:1)
	at com.kms.katalon.core.appium.driver.SwipeableAndroidDriver.execute(SwipeableAndroidDriver.java:1)
	at io.appium.java_client.PerformsTouchActions.performTouchAction(PerformsTouchActions.java:41)
	at io.appium.java_client.TouchAction.perform(TouchAction.java:187)
	at com.kms.katalon.core.mobile.helper.MobileElementCommonHelper.tapAndHold(MobileElementCommonHelper.java:111)
	at com.kms.katalon.core.mobile.keyword.builtin.TapAndHoldKeyword$_tapAndHold_closure1.doCall(TapAndHoldKeyword.groovy:71)
	at com.kms.katalon.core.mobile.keyword.builtin.TapAndHoldKeyword$_tapAndHold_closure1.call(TapAndHoldKeyword.groovy)
	at com.kms.katalon.core.mobile.keyword.internal.MobileKeywordMain.runKeyword(MobileKeywordMain.groovy:21)
	at com.kms.katalon.core.mobile.keyword.builtin.TapAndHoldKeyword.tapAndHold(TapAndHoldKeyword.groovy:72)
	at com.kms.katalon.core.mobile.keyword.builtin.TapAndHoldKeyword.execute(TapAndHoldKeyword.groovy:65)
	at com.kms.katalon.core.keyword.internal.KeywordExecutor.executeKeywordForPlatform(KeywordExecutor.groovy:74)
	at com.kms.katalon.core.mobile.keyword.MobileBuiltInKeywords.tapAndHold(MobileBuiltInKeywords.groovy:1571)
	at com.kms.katalon.core.mobile.keyword.MobileBuiltInKeywords$tapAndHold$9.call(Unknown Source)
	at Eliminar_conversacion.run(Eliminar_conversacion:22)
	at com.kms.katalon.core.main.ScriptEngine.run(ScriptEngine.java:194)
	at com.kms.katalon.core.main.ScriptEngine.runScriptAsRawText(ScriptEngine.java:119)
	at com.kms.katalon.core.main.TestCaseExecutor.runScript(TestCaseExecutor.java:448)
	at com.kms.katalon.core.main.TestCaseExecutor.doExecute(TestCaseExecutor.java:439)
	at com.kms.katalon.core.main.TestCaseExecutor.processExecutionPhase(TestCaseExecutor.java:418)
	at com.kms.katalon.core.main.TestCaseExecutor.accessMainPhase(TestCaseExecutor.java:410)
	at com.kms.katalon.core.main.TestCaseExecutor.execute(TestCaseExecutor.java:285)
	at com.kms.katalon.core.common.CommonExecutor.accessTestCaseMainPhase(CommonExecutor.java:65)
	at com.kms.katalon.core.main.TestSuiteExecutor.accessTestSuiteMainPhase(TestSuiteExecutor.java:148)
	at com.kms.katalon.core.main.TestSuiteExecutor.execute(TestSuiteExecutor.java:106)
	at com.kms.katalon.core.main.TestCaseMain.startTestSuite(TestCaseMain.java:187)
	at com.kms.katalon.core.main.TestCaseMain$startTestSuite$0.call(Unknown Source)
	at TempTestSuite1687880932060.run(TempTestSuite1687880932060.groovy:36)
)
	at com.kms.katalon.core.keyword.internal.KeywordMain.stepFailed(KeywordMain.groovy:51)
	at com.kms.katalon.core.mobile.keyword.internal.MobileKeywordMain.stepFailed(MobileKeywordMain.groovy:40)
	at com.kms.katalon.core.mobile.keyword.internal.MobileKeywordMain.runKeyword(MobileKeywordMain.groovy:23)
	at com.kms.katalon.core.mobile.keyword.builtin.TapAndHoldKeyword.tapAndHold(TapAndHoldKeyword.groovy:72)
	at com.kms.katalon.core.mobile.keyword.builtin.TapAndHoldKeyword.execute(TapAndHoldKeyword.groovy:65)
	at com.kms.katalon.core.keyword.internal.KeywordExecutor.executeKeywordForPlatform(KeywordExecutor.groovy:74)
	at com.kms.katalon.core.mobile.keyword.MobileBuiltInKeywords.tapAndHold(MobileBuiltInKeywords.groovy:1571)
	at com.kms.katalon.core.mobile.keyword.MobileBuiltInKeywords$tapAndHold$9.call(Unknown Source)
	at Eliminar_conversacion.run(Eliminar_conversacion:22)
	at com.kms.katalon.core.main.ScriptEngine.run(ScriptEngine.java:194)
	at com.kms.katalon.core.main.ScriptEngine.runScriptAsRawText(ScriptEngine.java:119)
	at com.kms.katalon.core.main.TestCaseExecutor.runScript(TestCaseExecutor.java:448)
	at com.kms.katalon.core.main.TestCaseExecutor.doExecute(TestCaseExecutor.java:439)
	at com.kms.katalon.core.main.TestCaseExecutor.processExecutionPhase(TestCaseExecutor.java:418)
	at com.kms.katalon.core.main.TestCaseExecutor.accessMainPhase(TestCaseExecutor.java:410)
	at com.kms.katalon.core.main.TestCaseExecutor.execute(TestCaseExecutor.java:285)
	at com.kms.katalon.core.common.CommonExecutor.accessTestCaseMainPhase(CommonExecutor.java:65)
	at com.kms.katalon.core.main.TestSuiteExecutor.accessTestSuiteMainPhase(TestSuiteExecutor.java:148)
	at com.kms.katalon.core.main.TestSuiteExecutor.execute(TestSuiteExecutor.java:106)
	at com.kms.katalon.core.main.TestCaseMain.startTestSuite(TestCaseMain.java:187)
	at com.kms.katalon.core.main.TestCaseMain$startTestSuite$0.call(Unknown Source)
	at TempTestSuite1687880932060.run(TempTestSuite1687880932060.groovy:36)
Caused by: org.openqa.selenium.StaleElementReferenceException: androidx.test.uiautomator.StaleObjectException
For documentation on this error, please visit: https://www.seleniumhq.org/exceptions/stale_element_reference.html
Build info: version: '3.141.59', revision: 'e82be7d358', time: '2018-11-14T08:25:53'
System info: host: 'DESKTOP-OBIGNLU', ip: '192.168.1.5', os.name: 'Windows 10', os.arch: 'amd64', os.version: '10.0', java.version: '1.8.0_282'
Driver info: com.kms.katalon.core.appium.driver.SwipeableAndroidDriver
Capabilities {app: C:\Users\Testing\Desktop\ka..., appPackage: com.naposystems.napoleonchat, autoGrantPermissions: true, automationName: uiautomator2, chromedriverPort: 60633, databaseEnabled: false, desired: {app: C:\Users\Testing\Desktop\ka..., autoGrantPermissions: true, automationName: uiautomator2, chromedriverPort: 60633, deviceId: , deviceName: samsung SM-A107M (Android 11), fullReset: true, newCommandTimeout: 1800, noReset: false, platform: ANDROID, platformName: android, platformVersion: 11, systemPort: 60631, udid: R9WN40KBXDJ}, deviceApiLevel: 30, deviceId: , deviceManufacturer: samsung, deviceModel: SM-A107M, deviceName: R9WN40KBXDJ, deviceScreenDensity: 280, deviceScreenSize: 720x1520, deviceUDID: R9WN40KBXDJ, fullReset: true, javascriptEnabled: true, locationContextEnabled: false, networkConnectionEnabled: true, newCommandTimeout: 1800, noReset: false, pixelRatio: 1.75, platform: ANDROID, platformName: Android, platformVersion: 11, statBarHeight: 57, systemPort: 60631, takesScreenshot: true, udid: R9WN40KBXDJ, viewportRect: {height: 1324, left: 0, top: 57, width: 720}, warnings: {}, webStorageEnabled: false}
Session ID: 5c50e8fb-c12d-4996-b03d-0d4c7f8b6319
	at org.openqa.selenium.remote.http.W3CHttpResponseCodec.createException(W3CHttpResponseCodec.java:187)
	at org.openqa.selenium.remote.http.W3CHttpResponseCodec.decode(W3CHttpResponseCodec.java:122)
	at org.openqa.selenium.remote.http.W3CHttpResponseCodec.decode(W3CHttpResponseCodec.java:49)
	at org.openqa.selenium.remote.HttpCommandExecutor.execute(HttpCommandExecutor.java:158)
	at io.appium.java_client.remote.AppiumCommandExecutor.execute(AppiumCommandExecutor.java:239)
	at org.openqa.selenium.remote.RemoteWebDriver.execute(RemoteWebDriver.java:552)
	at io.appium.java_client.DefaultGenericMobileDriver.execute(DefaultGenericMobileDriver.java:42)
	at io.appium.java_client.AppiumDriver.execute(AppiumDriver.java:1)
	at io.appium.java_client.android.AndroidDriver.execute(AndroidDriver.java:1)
	at com.kms.katalon.core.appium.driver.SwipeableAndroidDriver.execute(SwipeableAndroidDriver.java:1)
	at io.appium.java_client.PerformsTouchActions.performTouchAction(PerformsTouchActions.java:41)
	at io.appium.java_client.TouchAction.perform(TouchAction.java:187)
	at com.kms.katalon.core.mobile.helper.MobileElementCommonHelper.tapAndHold(MobileElementCommonHelper.java:111)
	at com.kms.katalon.core.mobile.keyword.builtin.TapAndHoldKeyword$_tapAndHold_closure1.doCall(TapAndHoldKeyword.groovy:71)
	at com.kms.katalon.core.mobile.keyword.builtin.TapAndHoldKeyword$_tapAndHold_closure1.call(TapAndHoldKeyword.groovy)
	at com.kms.katalon.core.mobile.keyword.internal.MobileKeywordMain.runKeyword(MobileKeywordMain.groovy:21)
	... 19 more


2023-06-27 10:59:32 - [TEST_STEP][PASSED] - delay(5, CONTINUE_ON_FAILURE): Delayed 5 second(s)

2023-06-27 10:59:37 - [MESSAGE][PASSED] - Delayed 5 second(s)

2023-06-27 10:59:37 - [TEST_STEP][FAILED] - tapAndHold(findTestObject("Parte1/Eliminar_conversacion/android.view.ViewGroup"), 3, 1): Failed to tap and hold on element 'Object Repository/Parte1/Eliminar_conversacion/android.view.ViewGroup' with duration 3 (Root cause: org.openqa.selenium.StaleElementReferenceException: androidx.test.uiautomator.StaleObjectException
For documentation on this error, please visit: https://www.seleniumhq.org/exceptions/stale_element_reference.html
Build info: version: '3.141.59', revision: 'e82be7d358', time: '2018-11-14T08:25:53'
System info: host: 'DESKTOP-OBIGNLU', ip: '192.168.1.5', os.name: 'Windows 10', os.arch: 'amd64', os.version: '10.0', java.version: '1.8.0_282'
Driver info: com.kms.katalon.core.appium.driver.SwipeableAndroidDriver
Capabilities {app: C:\Users\Testing\Desktop\ka..., appPackage: com.naposystems.napoleonchat, autoGrantPermissions: true, automationName: uiautomator2, chromedriverPort: 60633, databaseEnabled: false, desired: {app: C:\Users\Testing\Desktop\ka..., autoGrantPermissions: true, automationName: uiautomator2, chromedriverPort: 60633, deviceId: , deviceName: samsung SM-A107M (Android 11), fullReset: true, newCommandTimeout: 1800, noReset: false, platform: ANDROID, platformName: android, platformVersion: 11, systemPort: 60631, udid: R9WN40KBXDJ}, deviceApiLevel: 30, deviceId: , deviceManufacturer: samsung, deviceModel: SM-A107M, deviceName: R9WN40KBXDJ, deviceScreenDensity: 280, deviceScreenSize: 720x1520, deviceUDID: R9WN40KBXDJ, fullReset: true, javascriptEnabled: true, locationContextEnabled: false, networkConnectionEnabled: true, newCommandTimeout: 1800, noReset: false, pixelRatio: 1.75, platform: ANDROID, platformName: Android, platformVersion: 11, statBarHeight: 57, systemPort: 60631, takesScreenshot: true, udid: R9WN40KBXDJ, viewportRect: {height: 1324, left: 0, top: 57, width: 720}, warnings: {}, webStorageEnabled: false}
Session ID: 5c50e8fb-c12d-4996-b03d-0d4c7f8b6319
	at org.openqa.selenium.remote.http.W3CHttpResponseCodec.createException(W3CHttpResponseCodec.java:187)
	at org.openqa.selenium.remote.http.W3CHttpResponseCodec.decode(W3CHttpResponseCodec.java:122)
	at org.openqa.selenium.remote.http.W3CHttpResponseCodec.decode(W3CHttpResponseCodec.java:49)
	at org.openqa.selenium.remote.HttpCommandExecutor.execute(HttpCommandExecutor.java:158)
	at io.appium.java_client.remote.AppiumCommandExecutor.execute(AppiumCommandExecutor.java:239)
	at org.openqa.selenium.remote.RemoteWebDriver.execute(RemoteWebDriver.java:552)
	at io.appium.java_client.DefaultGenericMobileDriver.execute(DefaultGenericMobileDriver.java:42)
	at io.appium.java_client.AppiumDriver.execute(AppiumDriver.java:1)
	at io.appium.java_client.android.AndroidDriver.execute(AndroidDriver.java:1)
	at com.kms.katalon.core.appium.driver.SwipeableAndroidDriver.execute(SwipeableAndroidDriver.java:1)
	at io.appium.java_client.PerformsTouchActions.performTouchAction(PerformsTouchActions.java:41)
	at io.appium.java_client.TouchAction.perform(TouchAction.java:187)
	at com.kms.katalon.core.mobile.helper.MobileElementCommonHelper.tapAndHold(MobileElementCommonHelper.java:111)
	at com.kms.katalon.core.mobile.keyword.builtin.TapAndHoldKeyword$_tapAndHold_closure1.doCall(TapAndHoldKeyword.groovy:71)
	at com.kms.katalon.core.mobile.keyword.builtin.TapAndHoldKeyword$_tapAndHold_closure1.call(TapAndHoldKeyword.groovy)
	at com.kms.katalon.core.mobile.keyword.internal.MobileKeywordMain.runKeyword(MobileKeywordMain.groovy:21)
	at com.kms.katalon.core.mobile.keyword.builtin.TapAndHoldKeyword.tapAndHold(TapAndHoldKeyword.groovy:72)
	at com.kms.katalon.core.mobile.keyword.builtin.TapAndHoldKeyword.execute(TapAndHoldKeyword.groovy:65)
	at com.kms.katalon.core.keyword.internal.KeywordExecutor.executeKeywordForPlatform(KeywordExecutor.groovy:74)
	at com.kms.katalon.core.mobile.keyword.MobileBuiltInKeywords.tapAndHold(MobileBuiltInKeywords.groovy:1571)
	at com.kms.katalon.core.mobile.keyword.MobileBuiltInKeywords$tapAndHold$9.call(Unknown Source)
	at Eliminar_conversacion.run(Eliminar_conversacion:22)
	at com.kms.katalon.core.main.ScriptEngine.run(ScriptEngine.java:194)
	at com.kms.katalon.core.main.ScriptEngine.runScriptAsRawText(ScriptEngine.java:119)
	at com.kms.katalon.core.main.TestCaseExecutor.runScript(TestCaseExecutor.java:448)
	at com.kms.katalon.core.main.TestCaseExecutor.doExecute(TestCaseExecutor.java:439)
	at com.kms.katalon.core.main.TestCaseExecutor.processExecutionPhase(TestCaseExecutor.java:418)
	at com.kms.katalon.core.main.TestCaseExecutor.accessMainPhase(TestCaseExecutor.java:410)
	at com.kms.katalon.core.main.TestCaseExecutor.execute(TestCaseExecutor.java:285)
	at com.kms.katalon.core.common.CommonExecutor.accessTestCaseMainPhase(CommonExecutor.java:65)
	at com.kms.katalon.core.main.TestSuiteExecutor.accessTestSuiteMainPhase(TestSuiteExecutor.java:148)
	at com.kms.katalon.core.main.TestSuiteExecutor.execute(TestSuiteExecutor.java:106)
	at com.kms.katalon.core.main.TestCaseMain.startTestSuite(TestCaseMain.java:187)
	at com.kms.katalon.core.main.TestCaseMain$startTestSuite$0.call(Unknown Source)
	at TempTestSuite1687880932060.run(TempTestSuite1687880932060.groovy:36)
)

2023-06-27 10:59:39 - [MESSAGE][FAILED] - Failed to tap and hold on element 'Object Repository/Parte1/Eliminar_conversacion/android.view.ViewGroup' with duration 3 (Root cause: org.openqa.selenium.StaleElementReferenceException: androidx.test.uiautomator.StaleObjectException
For documentation on this error, please visit: https://www.seleniumhq.org/exceptions/stale_element_reference.html
Build info: version: '3.141.59', revision: 'e82be7d358', time: '2018-11-14T08:25:53'
System info: host: 'DESKTOP-OBIGNLU', ip: '192.168.1.5', os.name: 'Windows 10', os.arch: 'amd64', os.version: '10.0', java.version: '1.8.0_282'
Driver info: com.kms.katalon.core.appium.driver.SwipeableAndroidDriver
Capabilities {app: C:\Users\Testing\Desktop\ka..., appPackage: com.naposystems.napoleonchat, autoGrantPermissions: true, automationName: uiautomator2, chromedriverPort: 60633, databaseEnabled: false, desired: {app: C:\Users\Testing\Desktop\ka..., autoGrantPermissions: true, automationName: uiautomator2, chromedriverPort: 60633, deviceId: , deviceName: samsung SM-A107M (Android 11), fullReset: true, newCommandTimeout: 1800, noReset: false, platform: ANDROID, platformName: android, platformVersion: 11, systemPort: 60631, udid: R9WN40KBXDJ}, deviceApiLevel: 30, deviceId: , deviceManufacturer: samsung, deviceModel: SM-A107M, deviceName: R9WN40KBXDJ, deviceScreenDensity: 280, deviceScreenSize: 720x1520, deviceUDID: R9WN40KBXDJ, fullReset: true, javascriptEnabled: true, locationContextEnabled: false, networkConnectionEnabled: true, newCommandTimeout: 1800, noReset: false, pixelRatio: 1.75, platform: ANDROID, platformName: Android, platformVersion: 11, statBarHeight: 57, systemPort: 60631, takesScreenshot: true, udid: R9WN40KBXDJ, viewportRect: {height: 1324, left: 0, top: 57, width: 720}, warnings: {}, webStorageEnabled: false}
Session ID: 5c50e8fb-c12d-4996-b03d-0d4c7f8b6319
	at org.openqa.selenium.remote.http.W3CHttpResponseCodec.createException(W3CHttpResponseCodec.java:187)
	at org.openqa.selenium.remote.http.W3CHttpResponseCodec.decode(W3CHttpResponseCodec.java:122)
	at org.openqa.selenium.remote.http.W3CHttpResponseCodec.decode(W3CHttpResponseCodec.java:49)
	at org.openqa.selenium.remote.HttpCommandExecutor.execute(HttpCommandExecutor.java:158)
	at io.appium.java_client.remote.AppiumCommandExecutor.execute(AppiumCommandExecutor.java:239)
	at org.openqa.selenium.remote.RemoteWebDriver.execute(RemoteWebDriver.java:552)
	at io.appium.java_client.DefaultGenericMobileDriver.execute(DefaultGenericMobileDriver.java:42)
	at io.appium.java_client.AppiumDriver.execute(AppiumDriver.java:1)
	at io.appium.java_client.android.AndroidDriver.execute(AndroidDriver.java:1)
	at com.kms.katalon.core.appium.driver.SwipeableAndroidDriver.execute(SwipeableAndroidDriver.java:1)
	at io.appium.java_client.PerformsTouchActions.performTouchAction(PerformsTouchActions.java:41)
	at io.appium.java_client.TouchAction.perform(TouchAction.java:187)
	at com.kms.katalon.core.mobile.helper.MobileElementCommonHelper.tapAndHold(MobileElementCommonHelper.java:111)
	at com.kms.katalon.core.mobile.keyword.builtin.TapAndHoldKeyword$_tapAndHold_closure1.doCall(TapAndHoldKeyword.groovy:71)
	at com.kms.katalon.core.mobile.keyword.builtin.TapAndHoldKeyword$_tapAndHold_closure1.call(TapAndHoldKeyword.groovy)
	at com.kms.katalon.core.mobile.keyword.internal.MobileKeywordMain.runKeyword(MobileKeywordMain.groovy:21)
	at com.kms.katalon.core.mobile.keyword.builtin.TapAndHoldKeyword.tapAndHold(TapAndHoldKeyword.groovy:72)
	at com.kms.katalon.core.mobile.keyword.builtin.TapAndHoldKeyword.execute(TapAndHoldKeyword.groovy:65)
	at com.kms.katalon.core.keyword.internal.KeywordExecutor.executeKeywordForPlatform(KeywordExecutor.groovy:74)
	at com.kms.katalon.core.mobile.keyword.MobileBuiltInKeywords.tapAndHold(MobileBuiltInKeywords.groovy:1571)
	at com.kms.katalon.core.mobile.keyword.MobileBuiltInKeywords$tapAndHold$9.call(Unknown Source)
	at Eliminar_conversacion.run(Eliminar_conversacion:22)
	at com.kms.katalon.core.main.ScriptEngine.run(ScriptEngine.java:194)
	at com.kms.katalon.core.main.ScriptEngine.runScriptAsRawText(ScriptEngine.java:119)
	at com.kms.katalon.core.main.TestCaseExecutor.runScript(TestCaseExecutor.java:448)
	at com.kms.katalon.core.main.TestCaseExecutor.doExecute(TestCaseExecutor.java:439)
	at com.kms.katalon.core.main.TestCaseExecutor.processExecutionPhase(TestCaseExecutor.java:418)
	at com.kms.katalon.core.main.TestCaseExecutor.accessMainPhase(TestCaseExecutor.java:410)
	at com.kms.katalon.core.main.TestCaseExecutor.execute(TestCaseExecutor.java:285)
	at com.kms.katalon.core.common.CommonExecutor.accessTestCaseMainPhase(CommonExecutor.java:65)
	at com.kms.katalon.core.main.TestSuiteExecutor.accessTestSuiteMainPhase(TestSuiteExecutor.java:148)
	at com.kms.katalon.core.main.TestSuiteExecutor.execute(TestSuiteExecutor.java:106)
	at com.kms.katalon.core.main.TestCaseMain.startTestSuite(TestCaseMain.java:187)
	at com.kms.katalon.core.main.TestCaseMain$startTestSuite$0.call(Unknown Source)
	at TempTestSuite1687880932060.run(TempTestSuite1687880932060.groovy:36)
)
[[ATTACHMENT|C:\\Users\\Testing\\Katalon Studio\\NN_Version2\\Reports\\20230627_104852\\Integracion parte1 y parte 2\\20230627_104852\\1687881578425.png]]]]></system-out>
         <system-err><![CDATA[2023-06-27 10:59:32 - [TEST_CASE][FAILED] - Test Cases/Eliminar_conversacion: Test Cases/Eliminar_conversacion FAILED.
Reason:
com.kms.katalon.core.exception.StepFailedException: Failed to tap and hold on element 'Object Repository/Parte1/Eliminar_conversacion/android.view.ViewGroup' with duration 3 (Root cause: org.openqa.selenium.StaleElementReferenceException: androidx.test.uiautomator.StaleObjectException
For documentation on this error, please visit: https://www.seleniumhq.org/exceptions/stale_element_reference.html
Build info: version: '3.141.59', revision: 'e82be7d358', time: '2018-11-14T08:25:53'
System info: host: 'DESKTOP-OBIGNLU', ip: '192.168.1.5', os.name: 'Windows 10', os.arch: 'amd64', os.version: '10.0', java.version: '1.8.0_282'
Driver info: com.kms.katalon.core.appium.driver.SwipeableAndroidDriver
Capabilities {app: C:\Users\Testing\Desktop\ka..., appPackage: com.naposystems.napoleonchat, autoGrantPermissions: true, automationName: uiautomator2, chromedriverPort: 60633, databaseEnabled: false, desired: {app: C:\Users\Testing\Desktop\ka..., autoGrantPermissions: true, automationName: uiautomator2, chromedriverPort: 60633, deviceId: , deviceName: samsung SM-A107M (Android 11), fullReset: true, newCommandTimeout: 1800, noReset: false, platform: ANDROID, platformName: android, platformVersion: 11, systemPort: 60631, udid: R9WN40KBXDJ}, deviceApiLevel: 30, deviceId: , deviceManufacturer: samsung, deviceModel: SM-A107M, deviceName: R9WN40KBXDJ, deviceScreenDensity: 280, deviceScreenSize: 720x1520, deviceUDID: R9WN40KBXDJ, fullReset: true, javascriptEnabled: true, locationContextEnabled: false, networkConnectionEnabled: true, newCommandTimeout: 1800, noReset: false, pixelRatio: 1.75, platform: ANDROID, platformName: Android, platformVersion: 11, statBarHeight: 57, systemPort: 60631, takesScreenshot: true, udid: R9WN40KBXDJ, viewportRect: {height: 1324, left: 0, top: 57, width: 720}, warnings: {}, webStorageEnabled: false}
Session ID: 5c50e8fb-c12d-4996-b03d-0d4c7f8b6319
	at org.openqa.selenium.remote.http.W3CHttpResponseCodec.createException(W3CHttpResponseCodec.java:187)
	at org.openqa.selenium.remote.http.W3CHttpResponseCodec.decode(W3CHttpResponseCodec.java:122)
	at org.openqa.selenium.remote.http.W3CHttpResponseCodec.decode(W3CHttpResponseCodec.java:49)
	at org.openqa.selenium.remote.HttpCommandExecutor.execute(HttpCommandExecutor.java:158)
	at io.appium.java_client.remote.AppiumCommandExecutor.execute(AppiumCommandExecutor.java:239)
	at org.openqa.selenium.remote.RemoteWebDriver.execute(RemoteWebDriver.java:552)
	at io.appium.java_client.DefaultGenericMobileDriver.execute(DefaultGenericMobileDriver.java:42)
	at io.appium.java_client.AppiumDriver.execute(AppiumDriver.java:1)
	at io.appium.java_client.android.AndroidDriver.execute(AndroidDriver.java:1)
	at com.kms.katalon.core.appium.driver.SwipeableAndroidDriver.execute(SwipeableAndroidDriver.java:1)
	at io.appium.java_client.PerformsTouchActions.performTouchAction(PerformsTouchActions.java:41)
	at io.appium.java_client.TouchAction.perform(TouchAction.java:187)
	at com.kms.katalon.core.mobile.helper.MobileElementCommonHelper.tapAndHold(MobileElementCommonHelper.java:111)
	at com.kms.katalon.core.mobile.keyword.builtin.TapAndHoldKeyword$_tapAndHold_closure1.doCall(TapAndHoldKeyword.groovy:71)
	at com.kms.katalon.core.mobile.keyword.builtin.TapAndHoldKeyword$_tapAndHold_closure1.call(TapAndHoldKeyword.groovy)
	at com.kms.katalon.core.mobile.keyword.internal.MobileKeywordMain.runKeyword(MobileKeywordMain.groovy:21)
	at com.kms.katalon.core.mobile.keyword.builtin.TapAndHoldKeyword.tapAndHold(TapAndHoldKeyword.groovy:72)
	at com.kms.katalon.core.mobile.keyword.builtin.TapAndHoldKeyword.execute(TapAndHoldKeyword.groovy:65)
	at com.kms.katalon.core.keyword.internal.KeywordExecutor.executeKeywordForPlatform(KeywordExecutor.groovy:74)
	at com.kms.katalon.core.mobile.keyword.MobileBuiltInKeywords.tapAndHold(MobileBuiltInKeywords.groovy:1571)
	at com.kms.katalon.core.mobile.keyword.MobileBuiltInKeywords$tapAndHold$9.call(Unknown Source)
	at Eliminar_conversacion.run(Eliminar_conversacion:22)
	at com.kms.katalon.core.main.ScriptEngine.run(ScriptEngine.java:194)
	at com.kms.katalon.core.main.ScriptEngine.runScriptAsRawText(ScriptEngine.java:119)
	at com.kms.katalon.core.main.TestCaseExecutor.runScript(TestCaseExecutor.java:448)
	at com.kms.katalon.core.main.TestCaseExecutor.doExecute(TestCaseExecutor.java:439)
	at com.kms.katalon.core.main.TestCaseExecutor.processExecutionPhase(TestCaseExecutor.java:418)
	at com.kms.katalon.core.main.TestCaseExecutor.accessMainPhase(TestCaseExecutor.java:410)
	at com.kms.katalon.core.main.TestCaseExecutor.execute(TestCaseExecutor.java:285)
	at com.kms.katalon.core.common.CommonExecutor.accessTestCaseMainPhase(CommonExecutor.java:65)
	at com.kms.katalon.core.main.TestSuiteExecutor.accessTestSuiteMainPhase(TestSuiteExecutor.java:148)
	at com.kms.katalon.core.main.TestSuiteExecutor.execute(TestSuiteExecutor.java:106)
	at com.kms.katalon.core.main.TestCaseMain.startTestSuite(TestCaseMain.java:187)
	at com.kms.katalon.core.main.TestCaseMain$startTestSuite$0.call(Unknown Source)
	at TempTestSuite1687880932060.run(TempTestSuite1687880932060.groovy:36)
)
	at com.kms.katalon.core.keyword.internal.KeywordMain.stepFailed(KeywordMain.groovy:51)
	at com.kms.katalon.core.mobile.keyword.internal.MobileKeywordMain.stepFailed(MobileKeywordMain.groovy:40)
	at com.kms.katalon.core.mobile.keyword.internal.MobileKeywordMain.runKeyword(MobileKeywordMain.groovy:23)
	at com.kms.katalon.core.mobile.keyword.builtin.TapAndHoldKeyword.tapAndHold(TapAndHoldKeyword.groovy:72)
	at com.kms.katalon.core.mobile.keyword.builtin.TapAndHoldKeyword.execute(TapAndHoldKeyword.groovy:65)
	at com.kms.katalon.core.keyword.internal.KeywordExecutor.executeKeywordForPlatform(KeywordExecutor.groovy:74)
	at com.kms.katalon.core.mobile.keyword.MobileBuiltInKeywords.tapAndHold(MobileBuiltInKeywords.groovy:1571)
	at com.kms.katalon.core.mobile.keyword.MobileBuiltInKeywords$tapAndHold$9.call(Unknown Source)
	at Eliminar_conversacion.run(Eliminar_conversacion:22)
	at com.kms.katalon.core.main.ScriptEngine.run(ScriptEngine.java:194)
	at com.kms.katalon.core.main.ScriptEngine.runScriptAsRawText(ScriptEngine.java:119)
	at com.kms.katalon.core.main.TestCaseExecutor.runScript(TestCaseExecutor.java:448)
	at com.kms.katalon.core.main.TestCaseExecutor.doExecute(TestCaseExecutor.java:439)
	at com.kms.katalon.core.main.TestCaseExecutor.processExecutionPhase(TestCaseExecutor.java:418)
	at com.kms.katalon.core.main.TestCaseExecutor.accessMainPhase(TestCaseExecutor.java:410)
	at com.kms.katalon.core.main.TestCaseExecutor.execute(TestCaseExecutor.java:285)
	at com.kms.katalon.core.common.CommonExecutor.accessTestCaseMainPhase(CommonExecutor.java:65)
	at com.kms.katalon.core.main.TestSuiteExecutor.accessTestSuiteMainPhase(TestSuiteExecutor.java:148)
	at com.kms.katalon.core.main.TestSuiteExecutor.execute(TestSuiteExecutor.java:106)
	at com.kms.katalon.core.main.TestCaseMain.startTestSuite(TestCaseMain.java:187)
	at com.kms.katalon.core.main.TestCaseMain$startTestSuite$0.call(Unknown Source)
	at TempTestSuite1687880932060.run(TempTestSuite1687880932060.groovy:36)
Caused by: org.openqa.selenium.StaleElementReferenceException: androidx.test.uiautomator.StaleObjectException
For documentation on this error, please visit: https://www.seleniumhq.org/exceptions/stale_element_reference.html
Build info: version: '3.141.59', revision: 'e82be7d358', time: '2018-11-14T08:25:53'
System info: host: 'DESKTOP-OBIGNLU', ip: '192.168.1.5', os.name: 'Windows 10', os.arch: 'amd64', os.version: '10.0', java.version: '1.8.0_282'
Driver info: com.kms.katalon.core.appium.driver.SwipeableAndroidDriver
Capabilities {app: C:\Users\Testing\Desktop\ka..., appPackage: com.naposystems.napoleonchat, autoGrantPermissions: true, automationName: uiautomator2, chromedriverPort: 60633, databaseEnabled: false, desired: {app: C:\Users\Testing\Desktop\ka..., autoGrantPermissions: true, automationName: uiautomator2, chromedriverPort: 60633, deviceId: , deviceName: samsung SM-A107M (Android 11), fullReset: true, newCommandTimeout: 1800, noReset: false, platform: ANDROID, platformName: android, platformVersion: 11, systemPort: 60631, udid: R9WN40KBXDJ}, deviceApiLevel: 30, deviceId: , deviceManufacturer: samsung, deviceModel: SM-A107M, deviceName: R9WN40KBXDJ, deviceScreenDensity: 280, deviceScreenSize: 720x1520, deviceUDID: R9WN40KBXDJ, fullReset: true, javascriptEnabled: true, locationContextEnabled: false, networkConnectionEnabled: true, newCommandTimeout: 1800, noReset: false, pixelRatio: 1.75, platform: ANDROID, platformName: Android, platformVersion: 11, statBarHeight: 57, systemPort: 60631, takesScreenshot: true, udid: R9WN40KBXDJ, viewportRect: {height: 1324, left: 0, top: 57, width: 720}, warnings: {}, webStorageEnabled: false}
Session ID: 5c50e8fb-c12d-4996-b03d-0d4c7f8b6319
	at org.openqa.selenium.remote.http.W3CHttpResponseCodec.createException(W3CHttpResponseCodec.java:187)
	at org.openqa.selenium.remote.http.W3CHttpResponseCodec.decode(W3CHttpResponseCodec.java:122)
	at org.openqa.selenium.remote.http.W3CHttpResponseCodec.decode(W3CHttpResponseCodec.java:49)
	at org.openqa.selenium.remote.HttpCommandExecutor.execute(HttpCommandExecutor.java:158)
	at io.appium.java_client.remote.AppiumCommandExecutor.execute(AppiumCommandExecutor.java:239)
	at org.openqa.selenium.remote.RemoteWebDriver.execute(RemoteWebDriver.java:552)
	at io.appium.java_client.DefaultGenericMobileDriver.execute(DefaultGenericMobileDriver.java:42)
	at io.appium.java_client.AppiumDriver.execute(AppiumDriver.java:1)
	at io.appium.java_client.android.AndroidDriver.execute(AndroidDriver.java:1)
	at com.kms.katalon.core.appium.driver.SwipeableAndroidDriver.execute(SwipeableAndroidDriver.java:1)
	at io.appium.java_client.PerformsTouchActions.performTouchAction(PerformsTouchActions.java:41)
	at io.appium.java_client.TouchAction.perform(TouchAction.java:187)
	at com.kms.katalon.core.mobile.helper.MobileElementCommonHelper.tapAndHold(MobileElementCommonHelper.java:111)
	at com.kms.katalon.core.mobile.keyword.builtin.TapAndHoldKeyword$_tapAndHold_closure1.doCall(TapAndHoldKeyword.groovy:71)
	at com.kms.katalon.core.mobile.keyword.builtin.TapAndHoldKeyword$_tapAndHold_closure1.call(TapAndHoldKeyword.groovy)
	at com.kms.katalon.core.mobile.keyword.internal.MobileKeywordMain.runKeyword(MobileKeywordMain.groovy:21)
	... 19 more]]></system-err>
      </testcase>
      <testcase name="Test Cases/Parte2/Ajustes/Cuenta/Pin de Acceso/CPN159" time="10.702" classname="Test Cases/Parte2/Ajustes/Cuenta/Pin de Acceso/CPN159" status="PASSED">
         <system-out><![CDATA[2023-06-27 10:59:39 - [TEST_CASE][PASSED] - Test Cases/Parte2/Ajustes/Cuenta/Pin de Acceso/CPN159: Test Cases/Parte2/Ajustes/Cuenta/Pin de Acceso/CPN159

2023-06-27 10:59:39 - [TEST_STEP][PASSED] - tap(findTestObject("Parte2/Ajustes cuenta/Cuenta/Pin de Acceso/android.widget.FrameLayout (1)"), 0): Tapped on element 'Object Repository/Parte2/Ajustes cuenta/Cuenta/Pin de Acceso/android.widget.FrameLayout (1)'

2023-06-27 10:59:39 - [MESSAGE][WARNING] - Timeout '0' is invalid. Using default page load timeout: '30'

2023-06-27 10:59:40 - [MESSAGE][PASSED] - Tapped on element 'Object Repository/Parte2/Ajustes cuenta/Cuenta/Pin de Acceso/android.widget.FrameLayout (1)'

2023-06-27 10:59:40 - [TEST_STEP][PASSED] - tap(findTestObject("Parte2/Ajustes cuenta/Cuenta/Pin de Acceso/android.widget.LinearLayout"), 0): Tapped on element 'Object Repository/Parte2/Ajustes cuenta/Cuenta/Pin de Acceso/android.widget.LinearLayout'

2023-06-27 10:59:40 - [MESSAGE][WARNING] - Timeout '0' is invalid. Using default page load timeout: '30'

2023-06-27 10:59:41 - [MESSAGE][PASSED] - Tapped on element 'Object Repository/Parte2/Ajustes cuenta/Cuenta/Pin de Acceso/android.widget.LinearLayout'

2023-06-27 10:59:41 - [TEST_STEP][PASSED] - tap(findTestObject("Parte2/Ajustes cuenta/Cuenta/Pin de Acceso/android.widget.LinearLayout (1)"), 0): Tapped on element 'Object Repository/Parte2/Ajustes cuenta/Cuenta/Pin de Acceso/android.widget.LinearLayout (1)'

2023-06-27 10:59:41 - [MESSAGE][WARNING] - Timeout '0' is invalid. Using default page load timeout: '30'

2023-06-27 10:59:41 - [MESSAGE][PASSED] - Tapped on element 'Object Repository/Parte2/Ajustes cuenta/Cuenta/Pin de Acceso/android.widget.LinearLayout (1)'

2023-06-27 10:59:41 - [TEST_STEP][PASSED] - setText(findTestObject("Parte2/Ajustes cuenta/Cuenta/Pin de Acceso/android.widget.EditText - Pin de acceso antiguo"), "0000", 0): Text '0000' has been set to element 'Object Repository/Parte2/Ajustes cuenta/Cuenta/Pin de Acceso/android.widget.EditText - Pin de acceso antiguo'

2023-06-27 10:59:41 - [MESSAGE][WARNING] - Timeout '0' is invalid. Using default page load timeout: '30'

2023-06-27 10:59:43 - [MESSAGE][PASSED] - Text '0000' has been set to element 'Object Repository/Parte2/Ajustes cuenta/Cuenta/Pin de Acceso/android.widget.EditText - Pin de acceso antiguo'

2023-06-27 10:59:43 - [TEST_STEP][PASSED] - setText(findTestObject("Parte2/Ajustes cuenta/Cuenta/Pin de Acceso/android.widget.EditText - Nuevo pin de acceso"), "1234", 0): Text '1234' has been set to element 'Object Repository/Parte2/Ajustes cuenta/Cuenta/Pin de Acceso/android.widget.EditText - Nuevo pin de acceso'

2023-06-27 10:59:44 - [MESSAGE][WARNING] - Timeout '0' is invalid. Using default page load timeout: '30'

2023-06-27 10:59:45 - [MESSAGE][PASSED] - Text '1234' has been set to element 'Object Repository/Parte2/Ajustes cuenta/Cuenta/Pin de Acceso/android.widget.EditText - Nuevo pin de acceso'

2023-06-27 10:59:45 - [TEST_STEP][PASSED] - setText(findTestObject("Parte2/Ajustes cuenta/Cuenta/Pin de Acceso/android.widget.EditText - Confirmar nuevo pin de acceso"), "4321", 0): Text '4321' has been set to element 'Object Repository/Parte2/Ajustes cuenta/Cuenta/Pin de Acceso/android.widget.EditText - Confirmar nuevo pin de acceso'

2023-06-27 10:59:45 - [MESSAGE][WARNING] - Timeout '0' is invalid. Using default page load timeout: '30'

2023-06-27 10:59:47 - [MESSAGE][PASSED] - Text '4321' has been set to element 'Object Repository/Parte2/Ajustes cuenta/Cuenta/Pin de Acceso/android.widget.EditText - Confirmar nuevo pin de acceso'

2023-06-27 10:59:47 - [TEST_STEP][PASSED] - tap(findTestObject("Parte2/Ajustes cuenta/Cuenta/Pin de Acceso/android.widget.Button - Editar"), 0): Tapped on element 'Object Repository/Parte2/Ajustes cuenta/Cuenta/Pin de Acceso/android.widget.Button - Editar'

2023-06-27 10:59:47 - [MESSAGE][WARNING] - Timeout '0' is invalid. Using default page load timeout: '30'

2023-06-27 10:59:48 - [MESSAGE][PASSED] - Tapped on element 'Object Repository/Parte2/Ajustes cuenta/Cuenta/Pin de Acceso/android.widget.Button - Editar'

2023-06-27 10:59:48 - [TEST_STEP][PASSED] - verifyElementText(findTestObject("Parte2/Ajustes cuenta/Cuenta/Pin de Acceso/android.widget.TextView - El pin de acceso no coincide"), "El pin de acceso no coincide"): Actual text and expected text of test object 'Object Repository/Parte2/Ajustes cuenta/Cuenta/Pin de Acceso/android.widget.TextView - El pin de acceso no coincide' are matched.

2023-06-27 10:59:49 - [MESSAGE][PASSED] - Actual text and expected text of test object 'Object Repository/Parte2/Ajustes cuenta/Cuenta/Pin de Acceso/android.widget.TextView - El pin de acceso no coincide' are matched.

2023-06-27 10:59:49 - [TEST_STEP][PASSED] - verifyElementText(findTestObject("Parte2/Ajustes cuenta/Cuenta/Pin de Acceso/android.widget.TextView - El pin de acceso no coincide (1)"), "El pin de acceso no coincide"): Actual text and expected text of test object 'Object Repository/Parte2/Ajustes cuenta/Cuenta/Pin de Acceso/android.widget.TextView - El pin de acceso no coincide (1)' are matched.

2023-06-27 10:59:49 - [MESSAGE][PASSED] - Actual text and expected text of test object 'Object Repository/Parte2/Ajustes cuenta/Cuenta/Pin de Acceso/android.widget.TextView - El pin de acceso no coincide (1)' are matched.

2023-06-27 10:59:49 - [TEST_STEP][PASSED] - tap(findTestObject("Parte2/Ajustes cuenta/Cuenta/Pin de Acceso/android.widget.ImageButton"), 0): Tapped on element 'Object Repository/Parte2/Ajustes cuenta/Cuenta/Pin de Acceso/android.widget.ImageButton'

2023-06-27 10:59:49 - [MESSAGE][WARNING] - Timeout '0' is invalid. Using default page load timeout: '30'

2023-06-27 10:59:49 - [MESSAGE][PASSED] - Tapped on element 'Object Repository/Parte2/Ajustes cuenta/Cuenta/Pin de Acceso/android.widget.ImageButton'

2023-06-27 10:59:49 - [TEST_STEP][PASSED] - tap(findTestObject("Parte2/Ajustes cuenta/Cuenta/Pin de Acceso/android.widget.LinearLayout (1)"), 0): Tapped on element 'Object Repository/Parte2/Ajustes cuenta/Cuenta/Pin de Acceso/android.widget.LinearLayout (1)'

2023-06-27 10:59:49 - [MESSAGE][WARNING] - Timeout '0' is invalid. Using default page load timeout: '30'

2023-06-27 10:59:50 - [MESSAGE][PASSED] - Tapped on element 'Object Repository/Parte2/Ajustes cuenta/Cuenta/Pin de Acceso/android.widget.LinearLayout (1)']]></system-out>
         <system-err><![CDATA[]]></system-err>
      </testcase>
      <testcase name="Test Cases/Parte2/Ajustes/Cuenta/Pin de Acceso/CPN160" time="8.607" classname="Test Cases/Parte2/Ajustes/Cuenta/Pin de Acceso/CPN160" status="PASSED">
         <system-out><![CDATA[2023-06-27 10:59:50 - [TEST_CASE][PASSED] - Test Cases/Parte2/Ajustes/Cuenta/Pin de Acceso/CPN160: Test Cases/Parte2/Ajustes/Cuenta/Pin de Acceso/CPN160

2023-06-27 10:59:50 - [TEST_STEP][PASSED] - setText(findTestObject("Parte2/Ajustes cuenta/Cuenta/Pin de Acceso/android.widget.EditText - Pin de acceso antiguo"), "1234", 0): Text '1234' has been set to element 'Object Repository/Parte2/Ajustes cuenta/Cuenta/Pin de Acceso/android.widget.EditText - Pin de acceso antiguo'

2023-06-27 10:59:50 - [MESSAGE][WARNING] - Timeout '0' is invalid. Using default page load timeout: '30'

2023-06-27 10:59:52 - [MESSAGE][PASSED] - Text '1234' has been set to element 'Object Repository/Parte2/Ajustes cuenta/Cuenta/Pin de Acceso/android.widget.EditText - Pin de acceso antiguo'

2023-06-27 10:59:52 - [TEST_STEP][PASSED] - setText(findTestObject("Parte2/Ajustes cuenta/Cuenta/Pin de Acceso/android.widget.EditText - Nuevo pin de acceso"), "1111", 0): Text '1111' has been set to element 'Object Repository/Parte2/Ajustes cuenta/Cuenta/Pin de Acceso/android.widget.EditText - Nuevo pin de acceso'

2023-06-27 10:59:52 - [MESSAGE][WARNING] - Timeout '0' is invalid. Using default page load timeout: '30'

2023-06-27 10:59:54 - [MESSAGE][PASSED] - Text '1111' has been set to element 'Object Repository/Parte2/Ajustes cuenta/Cuenta/Pin de Acceso/android.widget.EditText - Nuevo pin de acceso'

2023-06-27 10:59:54 - [TEST_STEP][PASSED] - setText(findTestObject("Parte2/Ajustes cuenta/Cuenta/Pin de Acceso/android.widget.EditText - Confirmar nuevo pin de acceso"), "1111", 0): Text '1111' has been set to element 'Object Repository/Parte2/Ajustes cuenta/Cuenta/Pin de Acceso/android.widget.EditText - Confirmar nuevo pin de acceso'

2023-06-27 10:59:54 - [MESSAGE][WARNING] - Timeout '0' is invalid. Using default page load timeout: '30'

2023-06-27 10:59:56 - [MESSAGE][PASSED] - Text '1111' has been set to element 'Object Repository/Parte2/Ajustes cuenta/Cuenta/Pin de Acceso/android.widget.EditText - Confirmar nuevo pin de acceso'

2023-06-27 10:59:56 - [TEST_STEP][PASSED] - tap(findTestObject("Parte2/Ajustes cuenta/Cuenta/Pin de Acceso/android.widget.Button - Editar"), 0): Tapped on element 'Object Repository/Parte2/Ajustes cuenta/Cuenta/Pin de Acceso/android.widget.Button - Editar'

2023-06-27 10:59:56 - [MESSAGE][WARNING] - Timeout '0' is invalid. Using default page load timeout: '30'

2023-06-27 10:59:57 - [MESSAGE][PASSED] - Tapped on element 'Object Repository/Parte2/Ajustes cuenta/Cuenta/Pin de Acceso/android.widget.Button - Editar'

2023-06-27 10:59:57 - [TEST_STEP][PASSED] - verifyElementText(findTestObject("Parte2/Ajustes cuenta/Cuenta/Pin de Acceso/android.widget.TextView - Pin de acceso no corresponde"), "Pin de acceso no corresponde"): Actual text and expected text of test object 'Object Repository/Parte2/Ajustes cuenta/Cuenta/Pin de Acceso/android.widget.TextView - Pin de acceso no corresponde' are matched.

2023-06-27 10:59:57 - [MESSAGE][PASSED] - Actual text and expected text of test object 'Object Repository/Parte2/Ajustes cuenta/Cuenta/Pin de Acceso/android.widget.TextView - Pin de acceso no corresponde' are matched.

2023-06-27 10:59:57 - [TEST_STEP][PASSED] - tap(findTestObject("Parte2/Ajustes cuenta/Cuenta/Pin de Acceso/android.widget.ImageButton"), 0, STOP_ON_FAILURE): Tapped on element 'Object Repository/Parte2/Ajustes cuenta/Cuenta/Pin de Acceso/android.widget.ImageButton'

2023-06-27 10:59:57 - [MESSAGE][WARNING] - Timeout '0' is invalid. Using default page load timeout: '30'

2023-06-27 10:59:58 - [MESSAGE][PASSED] - Tapped on element 'Object Repository/Parte2/Ajustes cuenta/Cuenta/Pin de Acceso/android.widget.ImageButton'

2023-06-27 10:59:58 - [TEST_STEP][PASSED] - tap(findTestObject("Parte2/Ajustes cuenta/Cuenta/Pin de Acceso/android.widget.LinearLayout (1)"), 0): Tapped on element 'Object Repository/Parte2/Ajustes cuenta/Cuenta/Pin de Acceso/android.widget.LinearLayout (1)'

2023-06-27 10:59:58 - [MESSAGE][WARNING] - Timeout '0' is invalid. Using default page load timeout: '30'

2023-06-27 10:59:58 - [MESSAGE][PASSED] - Tapped on element 'Object Repository/Parte2/Ajustes cuenta/Cuenta/Pin de Acceso/android.widget.LinearLayout (1)']]></system-out>
         <system-err><![CDATA[]]></system-err>
      </testcase>
      <testcase name="Test Cases/Parte2/Ajustes/Cuenta/Pin de Acceso/CPN161" time="6.199" classname="Test Cases/Parte2/Ajustes/Cuenta/Pin de Acceso/CPN161" status="PASSED">
         <system-out><![CDATA[2023-06-27 10:59:58 - [TEST_CASE][PASSED] - Test Cases/Parte2/Ajustes/Cuenta/Pin de Acceso/CPN161: Test Cases/Parte2/Ajustes/Cuenta/Pin de Acceso/CPN161

2023-06-27 10:59:59 - [TEST_STEP][PASSED] - setText(findTestObject("Parte2/Ajustes cuenta/Cuenta/Pin de Acceso/android.widget.EditText - Pin de acceso antiguo"), "0000", 0): Text '0000' has been set to element 'Object Repository/Parte2/Ajustes cuenta/Cuenta/Pin de Acceso/android.widget.EditText - Pin de acceso antiguo'

2023-06-27 10:59:59 - [MESSAGE][WARNING] - Timeout '0' is invalid. Using default page load timeout: '30'

2023-06-27 11:00:01 - [MESSAGE][PASSED] - Text '0000' has been set to element 'Object Repository/Parte2/Ajustes cuenta/Cuenta/Pin de Acceso/android.widget.EditText - Pin de acceso antiguo'

2023-06-27 11:00:01 - [TEST_STEP][PASSED] - setText(findTestObject("Parte2/Ajustes cuenta/Cuenta/Pin de Acceso/android.widget.EditText - Nuevo pin de acceso"), "1111", 0): Text '1111' has been set to element 'Object Repository/Parte2/Ajustes cuenta/Cuenta/Pin de Acceso/android.widget.EditText - Nuevo pin de acceso'

2023-06-27 11:00:01 - [MESSAGE][WARNING] - Timeout '0' is invalid. Using default page load timeout: '30'

2023-06-27 11:00:03 - [MESSAGE][PASSED] - Text '1111' has been set to element 'Object Repository/Parte2/Ajustes cuenta/Cuenta/Pin de Acceso/android.widget.EditText - Nuevo pin de acceso'

2023-06-27 11:00:03 - [TEST_STEP][PASSED] - setText(findTestObject("Parte2/Ajustes cuenta/Cuenta/Pin de Acceso/android.widget.EditText - Confirmar nuevo pin de acceso (1)"), "1111", 0): Text '1111' has been set to element 'Object Repository/Parte2/Ajustes cuenta/Cuenta/Pin de Acceso/android.widget.EditText - Confirmar nuevo pin de acceso (1)'

2023-06-27 11:00:03 - [MESSAGE][WARNING] - Timeout '0' is invalid. Using default page load timeout: '30'

2023-06-27 11:00:04 - [MESSAGE][PASSED] - Text '1111' has been set to element 'Object Repository/Parte2/Ajustes cuenta/Cuenta/Pin de Acceso/android.widget.EditText - Confirmar nuevo pin de acceso (1)'

2023-06-27 11:00:04 - [TEST_STEP][PASSED] - tap(findTestObject("Parte2/Ajustes cuenta/Cuenta/Pin de Acceso/android.widget.Button - Editar"), 0): Tapped on element 'Object Repository/Parte2/Ajustes cuenta/Cuenta/Pin de Acceso/android.widget.Button - Editar'

2023-06-27 11:00:04 - [MESSAGE][WARNING] - Timeout '0' is invalid. Using default page load timeout: '30'

2023-06-27 11:00:05 - [MESSAGE][PASSED] - Tapped on element 'Object Repository/Parte2/Ajustes cuenta/Cuenta/Pin de Acceso/android.widget.Button - Editar']]></system-out>
         <system-err><![CDATA[]]></system-err>
      </testcase>
      <testcase name="Test Cases/Parte2/Ajustes/Cuenta/Opciones de desbloqueo/CPN162" time="6.568" classname="Test Cases/Parte2/Ajustes/Cuenta/Opciones de desbloqueo/CPN162" status="PASSED">
         <system-out><![CDATA[2023-06-27 11:00:05 - [TEST_CASE][PASSED] - Test Cases/Parte2/Ajustes/Cuenta/Opciones de desbloqueo/CPN162: Test Cases/Parte2/Ajustes/Cuenta/Opciones de desbloqueo/CPN162

2023-06-27 11:00:05 - [TEST_STEP][PASSED] - tap(findTestObject("Parte2/Ajustes cuenta/Cuenta/Opciones de desbloqueo/android.widget.TextView - Opciones de desbloqueo"), 0): Tapped on element 'Object Repository/Parte2/Ajustes cuenta/Cuenta/Opciones de desbloqueo/android.widget.TextView - Opciones de desbloqueo'

2023-06-27 11:00:05 - [MESSAGE][WARNING] - Timeout '0' is invalid. Using default page load timeout: '30'

2023-06-27 11:00:06 - [MESSAGE][PASSED] - Tapped on element 'Object Repository/Parte2/Ajustes cuenta/Cuenta/Opciones de desbloqueo/android.widget.TextView - Opciones de desbloqueo'

2023-06-27 11:00:06 - [TEST_STEP][PASSED] - verifyElementExist(findTestObject("Parte2/Ajustes cuenta/Cuenta/Opciones de desbloqueo/android.widget.RadioGroup"), 0): Element 'Object Repository/Parte2/Ajustes cuenta/Cuenta/Opciones de desbloqueo/android.widget.RadioGroup' is exist

2023-06-27 11:00:06 - [MESSAGE][WARNING] - Timeout '0' is invalid. Using default page load timeout: '30'

2023-06-27 11:00:06 - [MESSAGE][PASSED] - Element 'Object Repository/Parte2/Ajustes cuenta/Cuenta/Opciones de desbloqueo/android.widget.RadioGroup' is exist

2023-06-27 11:00:06 - [TEST_STEP][PASSED] - delay(5, STOP_ON_FAILURE): Delayed 5 second(s)

2023-06-27 11:00:11 - [MESSAGE][PASSED] - Delayed 5 second(s)]]></system-out>
         <system-err><![CDATA[]]></system-err>
      </testcase>
      <testcase name="Test Cases/Parte2/Ajustes/Cuenta/Opciones de desbloqueo/CPN163" time="6.513" classname="Test Cases/Parte2/Ajustes/Cuenta/Opciones de desbloqueo/CPN163" status="PASSED">
         <system-out><![CDATA[2023-06-27 11:00:11 - [TEST_CASE][PASSED] - Test Cases/Parte2/Ajustes/Cuenta/Opciones de desbloqueo/CPN163: Test Cases/Parte2/Ajustes/Cuenta/Opciones de desbloqueo/CPN163

2023-06-27 11:00:11 - [TEST_STEP][PASSED] - tap(findTestObject("Parte2/Ajustes cuenta/Cuenta/Opciones de desbloqueo/android.widget.RadioButton - Pin  Huella dactilar"), 0): Tapped on element 'Object Repository/Parte2/Ajustes cuenta/Cuenta/Opciones de desbloqueo/android.widget.RadioButton - Pin  Huella dactilar'

2023-06-27 11:00:11 - [MESSAGE][WARNING] - Timeout '0' is invalid. Using default page load timeout: '30'

2023-06-27 11:00:12 - [MESSAGE][PASSED] - Tapped on element 'Object Repository/Parte2/Ajustes cuenta/Cuenta/Opciones de desbloqueo/android.widget.RadioButton - Pin  Huella dactilar'

2023-06-27 11:00:12 - [TEST_STEP][PASSED] - tap(findTestObject("Parte2/Ajustes cuenta/Cuenta/Opciones de desbloqueo/android.widget.Button - Aceptar"), 0): Tapped on element 'Object Repository/Parte2/Ajustes cuenta/Cuenta/Opciones de desbloqueo/android.widget.Button - Aceptar'

2023-06-27 11:00:12 - [MESSAGE][WARNING] - Timeout '0' is invalid. Using default page load timeout: '30'

2023-06-27 11:00:13 - [MESSAGE][PASSED] - Tapped on element 'Object Repository/Parte2/Ajustes cuenta/Cuenta/Opciones de desbloqueo/android.widget.Button - Aceptar'

2023-06-27 11:00:13 - [TEST_STEP][PASSED] - delay(5, STOP_ON_FAILURE): Delayed 5 second(s)

2023-06-27 11:00:18 - [MESSAGE][PASSED] - Delayed 5 second(s)]]></system-out>
         <system-err><![CDATA[]]></system-err>
      </testcase>
      <testcase name="Test Cases/Parte2/Ajustes/Cuenta/Tiempo Pin de Acceso/CPN169" time="38.319" classname="Test Cases/Parte2/Ajustes/Cuenta/Tiempo Pin de Acceso/CPN169" status="PASSED">
         <system-out><![CDATA[2023-06-27 11:00:18 - [TEST_CASE][PASSED] - Test Cases/Parte2/Ajustes/Cuenta/Tiempo Pin de Acceso/CPN169: Test Cases/Parte2/Ajustes/Cuenta/Tiempo Pin de Acceso/CPN169

2023-06-27 11:00:18 - [TEST_STEP][PASSED] - tap(findTestObject("Parte2/Ajustes cuenta/Cuenta/Solicitud Pin de Acceso/android.widget.TextView - Tiempo para solicitud de pin de acceso"), 0): Tapped on element 'Object Repository/Parte2/Ajustes cuenta/Cuenta/Solicitud Pin de Acceso/android.widget.TextView - Tiempo para solicitud de pin de acceso'

2023-06-27 11:00:18 - [MESSAGE][WARNING] - Timeout '0' is invalid. Using default page load timeout: '30'

2023-06-27 11:00:18 - [MESSAGE][PASSED] - Tapped on element 'Object Repository/Parte2/Ajustes cuenta/Cuenta/Solicitud Pin de Acceso/android.widget.TextView - Tiempo para solicitud de pin de acceso'

2023-06-27 11:00:18 - [TEST_STEP][PASSED] - tap(findTestObject("Parte2/Ajustes cuenta/Cuenta/Solicitud Pin de Acceso/android.widget.RadioButton - Inmediatamente"), 0): Tapped on element 'Object Repository/Parte2/Ajustes cuenta/Cuenta/Solicitud Pin de Acceso/android.widget.RadioButton - Inmediatamente'

2023-06-27 11:00:18 - [MESSAGE][WARNING] - Timeout '0' is invalid. Using default page load timeout: '30'

2023-06-27 11:00:19 - [MESSAGE][PASSED] - Tapped on element 'Object Repository/Parte2/Ajustes cuenta/Cuenta/Solicitud Pin de Acceso/android.widget.RadioButton - Inmediatamente'

2023-06-27 11:00:19 - [TEST_STEP][PASSED] - verifyElementExist(findTestObject("Parte2/Ajustes cuenta/Cuenta/Solicitud Pin de Acceso/android.view.ViewGroup (1)"), 0): Element 'Object Repository/Parte2/Ajustes cuenta/Cuenta/Solicitud Pin de Acceso/android.view.ViewGroup (1)' is exist

2023-06-27 11:00:19 - [MESSAGE][WARNING] - Timeout '0' is invalid. Using default page load timeout: '30'

2023-06-27 11:00:20 - [MESSAGE][PASSED] - Element 'Object Repository/Parte2/Ajustes cuenta/Cuenta/Solicitud Pin de Acceso/android.view.ViewGroup (1)' is exist

2023-06-27 11:00:20 - [TEST_STEP][PASSED] - tap(findTestObject("Parte2/Ajustes cuenta/Cuenta/Solicitud Pin de Acceso/android.widget.Button - Aceptar"), 0): Tapped on element 'Object Repository/Parte2/Ajustes cuenta/Cuenta/Solicitud Pin de Acceso/android.widget.Button - Aceptar'

2023-06-27 11:00:20 - [MESSAGE][WARNING] - Timeout '0' is invalid. Using default page load timeout: '30'

2023-06-27 11:00:20 - [MESSAGE][PASSED] - Tapped on element 'Object Repository/Parte2/Ajustes cuenta/Cuenta/Solicitud Pin de Acceso/android.widget.Button - Aceptar'

2023-06-27 11:00:20 - [TEST_STEP][PASSED] - verifyElementText(findTestObject("Parte2/Ajustes cuenta/Cuenta/Solicitud Pin de Acceso/android.widget.TextView - Inmediatamente"), "Inmediatamente"): Actual text and expected text of test object 'Object Repository/Parte2/Ajustes cuenta/Cuenta/Solicitud Pin de Acceso/android.widget.TextView - Inmediatamente' are matched.

2023-06-27 11:00:21 - [MESSAGE][PASSED] - Actual text and expected text of test object 'Object Repository/Parte2/Ajustes cuenta/Cuenta/Solicitud Pin de Acceso/android.widget.TextView - Inmediatamente' are matched.

2023-06-27 11:00:21 - [TEST_STEP][PASSED] - pressBack(): Press back button successfully

2023-06-27 11:00:21 - [MESSAGE][PASSED] - Press back button successfully

2023-06-27 11:00:21 - [TEST_STEP][PASSED] - pressBack(): Press back button successfully

2023-06-27 11:00:22 - [MESSAGE][PASSED] - Press back button successfully

2023-06-27 11:00:22 - [TEST_STEP][PASSED] - pressBack(): Press back button successfully

2023-06-27 11:00:24 - [MESSAGE][PASSED] - Press back button successfully

2023-06-27 11:00:24 - [TEST_STEP][PASSED] - delay(2, CONTINUE_ON_FAILURE): Delayed 2 second(s)

2023-06-27 11:00:26 - [MESSAGE][PASSED] - Delayed 2 second(s)

2023-06-27 11:00:26 - [TEST_STEP][PASSED] - tap(findTestObject("Parte2/Ajustes cuenta/Cuenta/Solicitud Pin de Acceso/android.widget.TextView - NapoleoN"), 0): Tapped on element 'Object Repository/Parte2/Ajustes cuenta/Cuenta/Solicitud Pin de Acceso/android.widget.TextView - NapoleoN'

2023-06-27 11:00:26 - [MESSAGE][WARNING] - Timeout '0' is invalid. Using default page load timeout: '30'

2023-06-27 11:00:26 - [MESSAGE][PASSED] - Tapped on element 'Object Repository/Parte2/Ajustes cuenta/Cuenta/Solicitud Pin de Acceso/android.widget.TextView - NapoleoN'

2023-06-27 11:00:26 - [TEST_STEP][PASSED] - tap(findTestObject("Parte2/Ajustes cuenta/Cuenta/Solicitud Pin de Acceso/android.widget.ImageButton (1)"), 0): Tapped on element 'Object Repository/Parte2/Ajustes cuenta/Cuenta/Solicitud Pin de Acceso/android.widget.ImageButton (1)'

2023-06-27 11:00:26 - [MESSAGE][WARNING] - Timeout '0' is invalid. Using default page load timeout: '30'

2023-06-27 11:00:39 - [MESSAGE][PASSED] - Tapped on element 'Object Repository/Parte2/Ajustes cuenta/Cuenta/Solicitud Pin de Acceso/android.widget.ImageButton (1)'

2023-06-27 11:00:39 - [TEST_STEP][PASSED] - tap(findTestObject("Parte2/Ajustes cuenta/Cuenta/Solicitud Pin de Acceso/android.widget.ImageButton (1)"), 0): Tapped on element 'Object Repository/Parte2/Ajustes cuenta/Cuenta/Solicitud Pin de Acceso/android.widget.ImageButton (1)'

2023-06-27 11:00:39 - [MESSAGE][WARNING] - Timeout '0' is invalid. Using default page load timeout: '30'

2023-06-27 11:00:39 - [MESSAGE][PASSED] - Tapped on element 'Object Repository/Parte2/Ajustes cuenta/Cuenta/Solicitud Pin de Acceso/android.widget.ImageButton (1)'

2023-06-27 11:00:39 - [TEST_STEP][PASSED] - tap(findTestObject("Parte2/Ajustes cuenta/Cuenta/Solicitud Pin de Acceso/android.widget.ImageButton (1)"), 0): Tapped on element 'Object Repository/Parte2/Ajustes cuenta/Cuenta/Solicitud Pin de Acceso/android.widget.ImageButton (1)'

2023-06-27 11:00:40 - [MESSAGE][WARNING] - Timeout '0' is invalid. Using default page load timeout: '30'

2023-06-27 11:00:40 - [MESSAGE][PASSED] - Tapped on element 'Object Repository/Parte2/Ajustes cuenta/Cuenta/Solicitud Pin de Acceso/android.widget.ImageButton (1)'

2023-06-27 11:00:40 - [TEST_STEP][PASSED] - tap(findTestObject("Parte2/Ajustes cuenta/Cuenta/Solicitud Pin de Acceso/android.widget.ImageButton (1)"), 0): Tapped on element 'Object Repository/Parte2/Ajustes cuenta/Cuenta/Solicitud Pin de Acceso/android.widget.ImageButton (1)'

2023-06-27 11:00:40 - [MESSAGE][WARNING] - Timeout '0' is invalid. Using default page load timeout: '30'

2023-06-27 11:00:41 - [MESSAGE][PASSED] - Tapped on element 'Object Repository/Parte2/Ajustes cuenta/Cuenta/Solicitud Pin de Acceso/android.widget.ImageButton (1)'

2023-06-27 11:00:41 - [TEST_STEP][PASSED] - verifyElementExist(findTestObject("Parte2/Ajustes cuenta/Cuenta/Solicitud Pin de Acceso/android.view.ViewGroup"), 0): Element 'Object Repository/Parte2/Ajustes cuenta/Cuenta/Solicitud Pin de Acceso/android.view.ViewGroup' is exist

2023-06-27 11:00:41 - [MESSAGE][WARNING] - Timeout '0' is invalid. Using default page load timeout: '30'

2023-06-27 11:00:56 - [MESSAGE][PASSED] - Element 'Object Repository/Parte2/Ajustes cuenta/Cuenta/Solicitud Pin de Acceso/android.view.ViewGroup' is exist]]></system-out>
         <system-err><![CDATA[]]></system-err>
      </testcase>
      <testcase name="Test Cases/Parte2/Ajustes/Cuenta/Tiempo Pin de Acceso/CPN170" time="24.477" classname="Test Cases/Parte2/Ajustes/Cuenta/Tiempo Pin de Acceso/CPN170" status="PASSED">
         <system-out><![CDATA[2023-06-27 11:00:56 - [TEST_CASE][PASSED] - Test Cases/Parte2/Ajustes/Cuenta/Tiempo Pin de Acceso/CPN170: Test Cases/Parte2/Ajustes/Cuenta/Tiempo Pin de Acceso/CPN170

2023-06-27 11:00:56 - [TEST_STEP][PASSED] - tap(findTestObject("Parte2/Ajustes cuenta/Cuenta/Solicitud Pin de Acceso/android.widget.FrameLayout"), 0): Tapped on element 'Object Repository/Parte2/Ajustes cuenta/Cuenta/Solicitud Pin de Acceso/android.widget.FrameLayout'

2023-06-27 11:00:56 - [MESSAGE][WARNING] - Timeout '0' is invalid. Using default page load timeout: '30'

2023-06-27 11:00:57 - [MESSAGE][PASSED] - Tapped on element 'Object Repository/Parte2/Ajustes cuenta/Cuenta/Solicitud Pin de Acceso/android.widget.FrameLayout'

2023-06-27 11:00:57 - [TEST_STEP][PASSED] - tap(findTestObject("Parte2/Ajustes cuenta/Cuenta/Solicitud Pin de Acceso/android.widget.LinearLayout"), 0): Tapped on element 'Object Repository/Parte2/Ajustes cuenta/Cuenta/Solicitud Pin de Acceso/android.widget.LinearLayout'

2023-06-27 11:00:57 - [MESSAGE][WARNING] - Timeout '0' is invalid. Using default page load timeout: '30'

2023-06-27 11:00:58 - [MESSAGE][PASSED] - Tapped on element 'Object Repository/Parte2/Ajustes cuenta/Cuenta/Solicitud Pin de Acceso/android.widget.LinearLayout'

2023-06-27 11:00:58 - [TEST_STEP][PASSED] - tap(findTestObject("Parte2/Ajustes cuenta/Cuenta/Solicitud Pin de Acceso/android.widget.TextView - Tiempo para solicitud de pin de acceso"), 0): Tapped on element 'Object Repository/Parte2/Ajustes cuenta/Cuenta/Solicitud Pin de Acceso/android.widget.TextView - Tiempo para solicitud de pin de acceso'

2023-06-27 11:00:58 - [MESSAGE][WARNING] - Timeout '0' is invalid. Using default page load timeout: '30'

2023-06-27 11:00:59 - [MESSAGE][PASSED] - Tapped on element 'Object Repository/Parte2/Ajustes cuenta/Cuenta/Solicitud Pin de Acceso/android.widget.TextView - Tiempo para solicitud de pin de acceso'

2023-06-27 11:00:59 - [TEST_STEP][PASSED] - tap(findTestObject("Parte2/Ajustes cuenta/Cuenta/Solicitud Pin de Acceso/android.widget.RadioButton - 10 Segundos"), 0): Tapped on element 'Object Repository/Parte2/Ajustes cuenta/Cuenta/Solicitud Pin de Acceso/android.widget.RadioButton - 10 Segundos'

2023-06-27 11:00:59 - [MESSAGE][WARNING] - Timeout '0' is invalid. Using default page load timeout: '30'

2023-06-27 11:01:00 - [MESSAGE][PASSED] - Tapped on element 'Object Repository/Parte2/Ajustes cuenta/Cuenta/Solicitud Pin de Acceso/android.widget.RadioButton - 10 Segundos'

2023-06-27 11:01:00 - [TEST_STEP][PASSED] - verifyElementExist(findTestObject("Parte2/Ajustes cuenta/Cuenta/Solicitud Pin de Acceso/android.view.ViewGroup (1)"), 0): Element 'Object Repository/Parte2/Ajustes cuenta/Cuenta/Solicitud Pin de Acceso/android.view.ViewGroup (1)' is exist

2023-06-27 11:01:00 - [MESSAGE][WARNING] - Timeout '0' is invalid. Using default page load timeout: '30'

2023-06-27 11:01:01 - [MESSAGE][PASSED] - Element 'Object Repository/Parte2/Ajustes cuenta/Cuenta/Solicitud Pin de Acceso/android.view.ViewGroup (1)' is exist

2023-06-27 11:01:01 - [TEST_STEP][PASSED] - tap(findTestObject("Parte2/Ajustes cuenta/Cuenta/Solicitud Pin de Acceso/android.widget.Button - Aceptar"), 0): Tapped on element 'Object Repository/Parte2/Ajustes cuenta/Cuenta/Solicitud Pin de Acceso/android.widget.Button - Aceptar'

2023-06-27 11:01:01 - [MESSAGE][WARNING] - Timeout '0' is invalid. Using default page load timeout: '30'

2023-06-27 11:01:01 - [MESSAGE][PASSED] - Tapped on element 'Object Repository/Parte2/Ajustes cuenta/Cuenta/Solicitud Pin de Acceso/android.widget.Button - Aceptar'

2023-06-27 11:01:01 - [TEST_STEP][PASSED] - verifyElementText(findTestObject("Parte2/Ajustes cuenta/Cuenta/Solicitud Pin de Acceso/android.widget.TextView - 10 Segundos"), "10 Segundos"): Actual text and expected text of test object 'Object Repository/Parte2/Ajustes cuenta/Cuenta/Solicitud Pin de Acceso/android.widget.TextView - 10 Segundos' are matched.

2023-06-27 11:01:02 - [MESSAGE][PASSED] - Actual text and expected text of test object 'Object Repository/Parte2/Ajustes cuenta/Cuenta/Solicitud Pin de Acceso/android.widget.TextView - 10 Segundos' are matched.

2023-06-27 11:01:02 - [TEST_STEP][PASSED] - pressBack(): Press back button successfully

2023-06-27 11:01:02 - [MESSAGE][PASSED] - Press back button successfully

2023-06-27 11:01:02 - [TEST_STEP][PASSED] - pressBack(): Press back button successfully

2023-06-27 11:01:03 - [MESSAGE][PASSED] - Press back button successfully

2023-06-27 11:01:03 - [TEST_STEP][PASSED] - pressBack(): Press back button successfully

2023-06-27 11:01:05 - [MESSAGE][PASSED] - Press back button successfully

2023-06-27 11:01:05 - [TEST_STEP][PASSED] - delay(10): Delayed 10 second(s)

2023-06-27 11:01:15 - [MESSAGE][PASSED] - Delayed 10 second(s)

2023-06-27 11:01:15 - [TEST_STEP][PASSED] - tap(findTestObject("Parte2/Ajustes cuenta/Cuenta/Solicitud Pin de Acceso/android.widget.TextView - NapoleoN"), 0): Tapped on element 'Object Repository/Parte2/Ajustes cuenta/Cuenta/Solicitud Pin de Acceso/android.widget.TextView - NapoleoN'

2023-06-27 11:01:15 - [MESSAGE][WARNING] - Timeout '0' is invalid. Using default page load timeout: '30'

2023-06-27 11:01:15 - [MESSAGE][PASSED] - Tapped on element 'Object Repository/Parte2/Ajustes cuenta/Cuenta/Solicitud Pin de Acceso/android.widget.TextView - NapoleoN'

2023-06-27 11:01:15 - [TEST_STEP][PASSED] - verifyElementExist(findTestObject("Parte2/Ajustes cuenta/Cuenta/Solicitud Pin de Acceso/android.widget.FrameLayout (1)"), 0): Element 'Object Repository/Parte2/Ajustes cuenta/Cuenta/Solicitud Pin de Acceso/android.widget.FrameLayout (1)' is exist

2023-06-27 11:01:15 - [MESSAGE][WARNING] - Timeout '0' is invalid. Using default page load timeout: '30'

2023-06-27 11:01:17 - [MESSAGE][PASSED] - Element 'Object Repository/Parte2/Ajustes cuenta/Cuenta/Solicitud Pin de Acceso/android.widget.FrameLayout (1)' is exist

2023-06-27 11:01:17 - [TEST_STEP][PASSED] - tap(findTestObject("Parte2/Ajustes cuenta/Cuenta/Solicitud Pin de Acceso/android.widget.ImageButton (1)"), 0): Tapped on element 'Object Repository/Parte2/Ajustes cuenta/Cuenta/Solicitud Pin de Acceso/android.widget.ImageButton (1)'

2023-06-27 11:01:17 - [MESSAGE][WARNING] - Timeout '0' is invalid. Using default page load timeout: '30'

2023-06-27 11:01:17 - [MESSAGE][PASSED] - Tapped on element 'Object Repository/Parte2/Ajustes cuenta/Cuenta/Solicitud Pin de Acceso/android.widget.ImageButton (1)'

2023-06-27 11:01:17 - [TEST_STEP][PASSED] - tap(findTestObject("Parte2/Ajustes cuenta/Cuenta/Solicitud Pin de Acceso/android.widget.ImageButton (1)"), 0): Tapped on element 'Object Repository/Parte2/Ajustes cuenta/Cuenta/Solicitud Pin de Acceso/android.widget.ImageButton (1)'

2023-06-27 11:01:17 - [MESSAGE][WARNING] - Timeout '0' is invalid. Using default page load timeout: '30'

2023-06-27 11:01:18 - [MESSAGE][PASSED] - Tapped on element 'Object Repository/Parte2/Ajustes cuenta/Cuenta/Solicitud Pin de Acceso/android.widget.ImageButton (1)'

2023-06-27 11:01:18 - [TEST_STEP][PASSED] - tap(findTestObject("Parte2/Ajustes cuenta/Cuenta/Solicitud Pin de Acceso/android.widget.ImageButton (1)"), 0): Tapped on element 'Object Repository/Parte2/Ajustes cuenta/Cuenta/Solicitud Pin de Acceso/android.widget.ImageButton (1)'

2023-06-27 11:01:18 - [MESSAGE][WARNING] - Timeout '0' is invalid. Using default page load timeout: '30'

2023-06-27 11:01:19 - [MESSAGE][PASSED] - Tapped on element 'Object Repository/Parte2/Ajustes cuenta/Cuenta/Solicitud Pin de Acceso/android.widget.ImageButton (1)'

2023-06-27 11:01:19 - [TEST_STEP][PASSED] - tap(findTestObject("Parte2/Ajustes cuenta/Cuenta/Solicitud Pin de Acceso/android.widget.ImageButton (1)"), 0): Tapped on element 'Object Repository/Parte2/Ajustes cuenta/Cuenta/Solicitud Pin de Acceso/android.widget.ImageButton (1)'

2023-06-27 11:01:19 - [MESSAGE][WARNING] - Timeout '0' is invalid. Using default page load timeout: '30'

2023-06-27 11:01:19 - [MESSAGE][PASSED] - Tapped on element 'Object Repository/Parte2/Ajustes cuenta/Cuenta/Solicitud Pin de Acceso/android.widget.ImageButton (1)'

2023-06-27 11:01:19 - [TEST_STEP][PASSED] - verifyElementExist(findTestObject("Parte2/Ajustes cuenta/Cuenta/Solicitud Pin de Acceso/android.view.ViewGroup"), 0): Element 'Object Repository/Parte2/Ajustes cuenta/Cuenta/Solicitud Pin de Acceso/android.view.ViewGroup' is exist

2023-06-27 11:01:19 - [MESSAGE][WARNING] - Timeout '0' is invalid. Using default page load timeout: '30'

2023-06-27 11:01:21 - [MESSAGE][PASSED] - Element 'Object Repository/Parte2/Ajustes cuenta/Cuenta/Solicitud Pin de Acceso/android.view.ViewGroup' is exist]]></system-out>
         <system-err><![CDATA[]]></system-err>
      </testcase>
      <testcase name="Test Cases/Parte2/Ajustes/Cuenta/Tiempo Pin de Acceso/CPN171" time="42.731" classname="Test Cases/Parte2/Ajustes/Cuenta/Tiempo Pin de Acceso/CPN171" status="PASSED">
         <system-out><![CDATA[2023-06-27 11:01:21 - [TEST_CASE][PASSED] - Test Cases/Parte2/Ajustes/Cuenta/Tiempo Pin de Acceso/CPN171: Test Cases/Parte2/Ajustes/Cuenta/Tiempo Pin de Acceso/CPN171

2023-06-27 11:01:21 - [TEST_STEP][PASSED] - tap(findTestObject("Parte2/Ajustes cuenta/Cuenta/Solicitud Pin de Acceso/android.widget.FrameLayout"), 0): Tapped on element 'Object Repository/Parte2/Ajustes cuenta/Cuenta/Solicitud Pin de Acceso/android.widget.FrameLayout'

2023-06-27 11:01:21 - [MESSAGE][WARNING] - Timeout '0' is invalid. Using default page load timeout: '30'

2023-06-27 11:01:21 - [MESSAGE][PASSED] - Tapped on element 'Object Repository/Parte2/Ajustes cuenta/Cuenta/Solicitud Pin de Acceso/android.widget.FrameLayout'

2023-06-27 11:01:21 - [TEST_STEP][PASSED] - tap(findTestObject("Parte2/Ajustes cuenta/Cuenta/Solicitud Pin de Acceso/android.widget.LinearLayout"), 0): Tapped on element 'Object Repository/Parte2/Ajustes cuenta/Cuenta/Solicitud Pin de Acceso/android.widget.LinearLayout'

2023-06-27 11:01:21 - [MESSAGE][WARNING] - Timeout '0' is invalid. Using default page load timeout: '30'

2023-06-27 11:01:22 - [MESSAGE][PASSED] - Tapped on element 'Object Repository/Parte2/Ajustes cuenta/Cuenta/Solicitud Pin de Acceso/android.widget.LinearLayout'

2023-06-27 11:01:22 - [TEST_STEP][PASSED] - tap(findTestObject("Parte2/Ajustes cuenta/Cuenta/Solicitud Pin de Acceso/android.widget.TextView - Tiempo para solicitud de pin de acceso"), 0): Tapped on element 'Object Repository/Parte2/Ajustes cuenta/Cuenta/Solicitud Pin de Acceso/android.widget.TextView - Tiempo para solicitud de pin de acceso'

2023-06-27 11:01:22 - [MESSAGE][WARNING] - Timeout '0' is invalid. Using default page load timeout: '30'

2023-06-27 11:01:23 - [MESSAGE][PASSED] - Tapped on element 'Object Repository/Parte2/Ajustes cuenta/Cuenta/Solicitud Pin de Acceso/android.widget.TextView - Tiempo para solicitud de pin de acceso'

2023-06-27 11:01:23 - [TEST_STEP][PASSED] - tap(findTestObject("Parte2/Ajustes cuenta/Cuenta/Solicitud Pin de Acceso/android.widget.RadioButton - 30 segundos"), 0): Tapped on element 'Object Repository/Parte2/Ajustes cuenta/Cuenta/Solicitud Pin de Acceso/android.widget.RadioButton - 30 segundos'

2023-06-27 11:01:23 - [MESSAGE][WARNING] - Timeout '0' is invalid. Using default page load timeout: '30'

2023-06-27 11:01:24 - [MESSAGE][PASSED] - Tapped on element 'Object Repository/Parte2/Ajustes cuenta/Cuenta/Solicitud Pin de Acceso/android.widget.RadioButton - 30 segundos'

2023-06-27 11:01:24 - [TEST_STEP][PASSED] - verifyElementExist(findTestObject("Parte2/Ajustes cuenta/Cuenta/Solicitud Pin de Acceso/android.view.ViewGroup (1)"), 0): Element 'Object Repository/Parte2/Ajustes cuenta/Cuenta/Solicitud Pin de Acceso/android.view.ViewGroup (1)' is exist

2023-06-27 11:01:24 - [MESSAGE][WARNING] - Timeout '0' is invalid. Using default page load timeout: '30'

2023-06-27 11:01:25 - [MESSAGE][PASSED] - Element 'Object Repository/Parte2/Ajustes cuenta/Cuenta/Solicitud Pin de Acceso/android.view.ViewGroup (1)' is exist

2023-06-27 11:01:25 - [TEST_STEP][PASSED] - tap(findTestObject("Parte2/Ajustes cuenta/Cuenta/Solicitud Pin de Acceso/android.widget.Button - Aceptar"), 0): Tapped on element 'Object Repository/Parte2/Ajustes cuenta/Cuenta/Solicitud Pin de Acceso/android.widget.Button - Aceptar'

2023-06-27 11:01:25 - [MESSAGE][WARNING] - Timeout '0' is invalid. Using default page load timeout: '30'

2023-06-27 11:01:25 - [MESSAGE][PASSED] - Tapped on element 'Object Repository/Parte2/Ajustes cuenta/Cuenta/Solicitud Pin de Acceso/android.widget.Button - Aceptar'

2023-06-27 11:01:25 - [TEST_STEP][PASSED] - verifyElementText(findTestObject("Parte2/Ajustes cuenta/Cuenta/Solicitud Pin de Acceso/android.widget.TextView - 30 segundos"), "30 segundos"): Actual text and expected text of test object 'Object Repository/Parte2/Ajustes cuenta/Cuenta/Solicitud Pin de Acceso/android.widget.TextView - 30 segundos' are matched.

2023-06-27 11:01:25 - [MESSAGE][PASSED] - Actual text and expected text of test object 'Object Repository/Parte2/Ajustes cuenta/Cuenta/Solicitud Pin de Acceso/android.widget.TextView - 30 segundos' are matched.

2023-06-27 11:01:25 - [TEST_STEP][PASSED] - pressBack(): Press back button successfully

2023-06-27 11:01:26 - [MESSAGE][PASSED] - Press back button successfully

2023-06-27 11:01:26 - [TEST_STEP][PASSED] - pressBack(): Press back button successfully

2023-06-27 11:01:27 - [MESSAGE][PASSED] - Press back button successfully

2023-06-27 11:01:27 - [TEST_STEP][PASSED] - pressBack(): Press back button successfully

2023-06-27 11:01:28 - [MESSAGE][PASSED] - Press back button successfully

2023-06-27 11:01:28 - [TEST_STEP][PASSED] - delay(30): Delayed 30 second(s)

2023-06-27 11:01:58 - [MESSAGE][PASSED] - Delayed 30 second(s)

2023-06-27 11:01:58 - [TEST_STEP][PASSED] - tap(findTestObject("Parte2/Ajustes cuenta/Cuenta/Solicitud Pin de Acceso/android.widget.TextView - NapoleoN"), 0): Tapped on element 'Object Repository/Parte2/Ajustes cuenta/Cuenta/Solicitud Pin de Acceso/android.widget.TextView - NapoleoN'

2023-06-27 11:01:58 - [MESSAGE][WARNING] - Timeout '0' is invalid. Using default page load timeout: '30'

2023-06-27 11:01:58 - [MESSAGE][PASSED] - Tapped on element 'Object Repository/Parte2/Ajustes cuenta/Cuenta/Solicitud Pin de Acceso/android.widget.TextView - NapoleoN'

2023-06-27 11:01:58 - [TEST_STEP][PASSED] - verifyElementExist(findTestObject("Parte2/Ajustes cuenta/Cuenta/Solicitud Pin de Acceso/android.widget.FrameLayout (1)"), 0): Element 'Object Repository/Parte2/Ajustes cuenta/Cuenta/Solicitud Pin de Acceso/android.widget.FrameLayout (1)' is exist

2023-06-27 11:01:58 - [MESSAGE][WARNING] - Timeout '0' is invalid. Using default page load timeout: '30'

2023-06-27 11:02:00 - [MESSAGE][PASSED] - Element 'Object Repository/Parte2/Ajustes cuenta/Cuenta/Solicitud Pin de Acceso/android.widget.FrameLayout (1)' is exist

2023-06-27 11:02:00 - [TEST_STEP][PASSED] - tap(findTestObject("Parte2/Ajustes cuenta/Cuenta/Solicitud Pin de Acceso/android.widget.ImageButton (1)"), 0): Tapped on element 'Object Repository/Parte2/Ajustes cuenta/Cuenta/Solicitud Pin de Acceso/android.widget.ImageButton (1)'

2023-06-27 11:02:00 - [MESSAGE][WARNING] - Timeout '0' is invalid. Using default page load timeout: '30'

2023-06-27 11:02:00 - [MESSAGE][PASSED] - Tapped on element 'Object Repository/Parte2/Ajustes cuenta/Cuenta/Solicitud Pin de Acceso/android.widget.ImageButton (1)'

2023-06-27 11:02:00 - [TEST_STEP][PASSED] - tap(findTestObject("Parte2/Ajustes cuenta/Cuenta/Solicitud Pin de Acceso/android.widget.ImageButton (1)"), 0): Tapped on element 'Object Repository/Parte2/Ajustes cuenta/Cuenta/Solicitud Pin de Acceso/android.widget.ImageButton (1)'

2023-06-27 11:02:00 - [MESSAGE][WARNING] - Timeout '0' is invalid. Using default page load timeout: '30'

2023-06-27 11:02:01 - [MESSAGE][PASSED] - Tapped on element 'Object Repository/Parte2/Ajustes cuenta/Cuenta/Solicitud Pin de Acceso/android.widget.ImageButton (1)'

2023-06-27 11:02:01 - [TEST_STEP][PASSED] - tap(findTestObject("Parte2/Ajustes cuenta/Cuenta/Solicitud Pin de Acceso/android.widget.ImageButton (1)"), 0): Tapped on element 'Object Repository/Parte2/Ajustes cuenta/Cuenta/Solicitud Pin de Acceso/android.widget.ImageButton (1)'

2023-06-27 11:02:01 - [MESSAGE][WARNING] - Timeout '0' is invalid. Using default page load timeout: '30'

2023-06-27 11:02:02 - [MESSAGE][PASSED] - Tapped on element 'Object Repository/Parte2/Ajustes cuenta/Cuenta/Solicitud Pin de Acceso/android.widget.ImageButton (1)'

2023-06-27 11:02:02 - [TEST_STEP][PASSED] - tap(findTestObject("Parte2/Ajustes cuenta/Cuenta/Solicitud Pin de Acceso/android.widget.ImageButton (1)"), 0): Tapped on element 'Object Repository/Parte2/Ajustes cuenta/Cuenta/Solicitud Pin de Acceso/android.widget.ImageButton (1)'

2023-06-27 11:02:02 - [MESSAGE][WARNING] - Timeout '0' is invalid. Using default page load timeout: '30'

2023-06-27 11:02:02 - [MESSAGE][PASSED] - Tapped on element 'Object Repository/Parte2/Ajustes cuenta/Cuenta/Solicitud Pin de Acceso/android.widget.ImageButton (1)'

2023-06-27 11:02:02 - [TEST_STEP][PASSED] - verifyElementExist(findTestObject("Parte2/Ajustes cuenta/Cuenta/Solicitud Pin de Acceso/android.view.ViewGroup"), 0): Element 'Object Repository/Parte2/Ajustes cuenta/Cuenta/Solicitud Pin de Acceso/android.view.ViewGroup' is exist

2023-06-27 11:02:02 - [MESSAGE][WARNING] - Timeout '0' is invalid. Using default page load timeout: '30'

2023-06-27 11:02:03 - [MESSAGE][PASSED] - Element 'Object Repository/Parte2/Ajustes cuenta/Cuenta/Solicitud Pin de Acceso/android.view.ViewGroup' is exist]]></system-out>
         <system-err><![CDATA[]]></system-err>
      </testcase>
      <testcase name="Test Cases/Parte2/Ajustes/Cuenta/Tiempo Pin de Acceso/CPN172" time="5.151" classname="Test Cases/Parte2/Ajustes/Cuenta/Tiempo Pin de Acceso/CPN172" status="PASSED">
         <system-out><![CDATA[2023-06-27 11:02:03 - [TEST_CASE][PASSED] - Test Cases/Parte2/Ajustes/Cuenta/Tiempo Pin de Acceso/CPN172: Test Cases/Parte2/Ajustes/Cuenta/Tiempo Pin de Acceso/CPN172

2023-06-27 11:02:04 - [TEST_STEP][PASSED] - tap(findTestObject("Parte2/Ajustes cuenta/Cuenta/Solicitud Pin de Acceso/android.widget.FrameLayout"), 0): Tapped on element 'Object Repository/Parte2/Ajustes cuenta/Cuenta/Solicitud Pin de Acceso/android.widget.FrameLayout'

2023-06-27 11:02:04 - [MESSAGE][WARNING] - Timeout '0' is invalid. Using default page load timeout: '30'

2023-06-27 11:02:04 - [MESSAGE][PASSED] - Tapped on element 'Object Repository/Parte2/Ajustes cuenta/Cuenta/Solicitud Pin de Acceso/android.widget.FrameLayout'

2023-06-27 11:02:04 - [TEST_STEP][PASSED] - tap(findTestObject("Parte2/Ajustes cuenta/Cuenta/Solicitud Pin de Acceso/android.widget.LinearLayout"), 0): Tapped on element 'Object Repository/Parte2/Ajustes cuenta/Cuenta/Solicitud Pin de Acceso/android.widget.LinearLayout'

2023-06-27 11:02:04 - [MESSAGE][WARNING] - Timeout '0' is invalid. Using default page load timeout: '30'

2023-06-27 11:02:06 - [MESSAGE][PASSED] - Tapped on element 'Object Repository/Parte2/Ajustes cuenta/Cuenta/Solicitud Pin de Acceso/android.widget.LinearLayout'

2023-06-27 11:02:06 - [TEST_STEP][PASSED] - tap(findTestObject("Parte2/Ajustes cuenta/Cuenta/Solicitud Pin de Acceso/android.widget.TextView - Tiempo para solicitud de pin de acceso"), 0): Tapped on element 'Object Repository/Parte2/Ajustes cuenta/Cuenta/Solicitud Pin de Acceso/android.widget.TextView - Tiempo para solicitud de pin de acceso'

2023-06-27 11:02:06 - [MESSAGE][WARNING] - Timeout '0' is invalid. Using default page load timeout: '30'

2023-06-27 11:02:06 - [MESSAGE][PASSED] - Tapped on element 'Object Repository/Parte2/Ajustes cuenta/Cuenta/Solicitud Pin de Acceso/android.widget.TextView - Tiempo para solicitud de pin de acceso'

2023-06-27 11:02:06 - [TEST_STEP][PASSED] - tap(findTestObject("Parte2/Ajustes cuenta/Cuenta/Solicitud Pin de Acceso/android.widget.RadioButton - 1 minuto"), 0): Tapped on element 'Object Repository/Parte2/Ajustes cuenta/Cuenta/Solicitud Pin de Acceso/android.widget.RadioButton - 1 minuto'

2023-06-27 11:02:06 - [MESSAGE][WARNING] - Timeout '0' is invalid. Using default page load timeout: '30'

2023-06-27 11:02:07 - [MESSAGE][PASSED] - Tapped on element 'Object Repository/Parte2/Ajustes cuenta/Cuenta/Solicitud Pin de Acceso/android.widget.RadioButton - 1 minuto'

2023-06-27 11:02:07 - [TEST_STEP][PASSED] - verifyElementExist(findTestObject("Parte2/Ajustes cuenta/Cuenta/Solicitud Pin de Acceso/android.view.ViewGroup (1)"), 0): Element 'Object Repository/Parte2/Ajustes cuenta/Cuenta/Solicitud Pin de Acceso/android.view.ViewGroup (1)' is exist

2023-06-27 11:02:07 - [MESSAGE][WARNING] - Timeout '0' is invalid. Using default page load timeout: '30'

2023-06-27 11:02:07 - [MESSAGE][PASSED] - Element 'Object Repository/Parte2/Ajustes cuenta/Cuenta/Solicitud Pin de Acceso/android.view.ViewGroup (1)' is exist

2023-06-27 11:02:07 - [TEST_STEP][PASSED] - tap(findTestObject("Parte2/Ajustes cuenta/Cuenta/Solicitud Pin de Acceso/android.widget.Button - Aceptar"), 0): Tapped on element 'Object Repository/Parte2/Ajustes cuenta/Cuenta/Solicitud Pin de Acceso/android.widget.Button - Aceptar'

2023-06-27 11:02:07 - [MESSAGE][WARNING] - Timeout '0' is invalid. Using default page load timeout: '30'

2023-06-27 11:02:08 - [MESSAGE][PASSED] - Tapped on element 'Object Repository/Parte2/Ajustes cuenta/Cuenta/Solicitud Pin de Acceso/android.widget.Button - Aceptar'

2023-06-27 11:02:08 - [TEST_STEP][PASSED] - verifyElementText(findTestObject("Parte2/Ajustes cuenta/Cuenta/Solicitud Pin de Acceso/android.widget.TextView - 1 minuto"), "1 minuto"): Actual text and expected text of test object 'Object Repository/Parte2/Ajustes cuenta/Cuenta/Solicitud Pin de Acceso/android.widget.TextView - 1 minuto' are matched.

2023-06-27 11:02:08 - [MESSAGE][PASSED] - Actual text and expected text of test object 'Object Repository/Parte2/Ajustes cuenta/Cuenta/Solicitud Pin de Acceso/android.widget.TextView - 1 minuto' are matched.]]></system-out>
         <system-err><![CDATA[]]></system-err>
      </testcase>
      <testcase name="Test Cases/Parte2/Ajustes/Cuenta/Tiempo Pin de Acceso/CPN173" time="3.24" classname="Test Cases/Parte2/Ajustes/Cuenta/Tiempo Pin de Acceso/CPN173" status="PASSED">
         <system-out><![CDATA[2023-06-27 11:02:08 - [TEST_CASE][PASSED] - Test Cases/Parte2/Ajustes/Cuenta/Tiempo Pin de Acceso/CPN173: Test Cases/Parte2/Ajustes/Cuenta/Tiempo Pin de Acceso/CPN173

2023-06-27 11:02:09 - [TEST_STEP][PASSED] - tap(findTestObject("Parte2/Ajustes cuenta/Cuenta/Solicitud Pin de Acceso/android.widget.TextView - Tiempo para solicitud de pin de acceso"), 0): Tapped on element 'Object Repository/Parte2/Ajustes cuenta/Cuenta/Solicitud Pin de Acceso/android.widget.TextView - Tiempo para solicitud de pin de acceso'

2023-06-27 11:02:09 - [MESSAGE][WARNING] - Timeout '0' is invalid. Using default page load timeout: '30'

2023-06-27 11:02:09 - [MESSAGE][PASSED] - Tapped on element 'Object Repository/Parte2/Ajustes cuenta/Cuenta/Solicitud Pin de Acceso/android.widget.TextView - Tiempo para solicitud de pin de acceso'

2023-06-27 11:02:09 - [TEST_STEP][PASSED] - checkElement(findTestObject("Parte2/Ajustes cuenta/Cuenta/Solicitud Pin de Acceso/android.widget.RadioButton - 5 minutos"), 0): Element 'Object Repository/Parte2/Ajustes cuenta/Cuenta/Solicitud Pin de Acceso/android.widget.RadioButton - 5 minutos' is checked

2023-06-27 11:02:09 - [MESSAGE][WARNING] - Timeout '0' is invalid. Using default page load timeout: '30'

2023-06-27 11:02:10 - [MESSAGE][PASSED] - Element 'Object Repository/Parte2/Ajustes cuenta/Cuenta/Solicitud Pin de Acceso/android.widget.RadioButton - 5 minutos' is checked

2023-06-27 11:02:10 - [TEST_STEP][PASSED] - tap(findTestObject("Parte2/Ajustes cuenta/Cuenta/Solicitud Pin de Acceso/android.widget.Button - Aceptar"), 0): Tapped on element 'Object Repository/Parte2/Ajustes cuenta/Cuenta/Solicitud Pin de Acceso/android.widget.Button - Aceptar'

2023-06-27 11:02:10 - [MESSAGE][WARNING] - Timeout '0' is invalid. Using default page load timeout: '30'

2023-06-27 11:02:11 - [MESSAGE][PASSED] - Tapped on element 'Object Repository/Parte2/Ajustes cuenta/Cuenta/Solicitud Pin de Acceso/android.widget.Button - Aceptar'

2023-06-27 11:02:11 - [TEST_STEP][PASSED] - verifyElementText(findTestObject("Parte2/Ajustes cuenta/Cuenta/Solicitud Pin de Acceso/android.widget.TextView - 5 minutos"), "5 minutos"): Actual text and expected text of test object 'Object Repository/Parte2/Ajustes cuenta/Cuenta/Solicitud Pin de Acceso/android.widget.TextView - 5 minutos' are matched.

2023-06-27 11:02:12 - [MESSAGE][PASSED] - Actual text and expected text of test object 'Object Repository/Parte2/Ajustes cuenta/Cuenta/Solicitud Pin de Acceso/android.widget.TextView - 5 minutos' are matched.]]></system-out>
         <system-err><![CDATA[]]></system-err>
      </testcase>
      <testcase name="Test Cases/Parte2/Ajustes/Cuenta/Tiempo Pin de Acceso/CPN174" time="2.832" classname="Test Cases/Parte2/Ajustes/Cuenta/Tiempo Pin de Acceso/CPN174" status="PASSED">
         <system-out><![CDATA[2023-06-27 11:02:12 - [TEST_CASE][PASSED] - Test Cases/Parte2/Ajustes/Cuenta/Tiempo Pin de Acceso/CPN174: Test Cases/Parte2/Ajustes/Cuenta/Tiempo Pin de Acceso/CPN174

2023-06-27 11:02:12 - [TEST_STEP][PASSED] - tap(findTestObject("Parte2/Ajustes cuenta/Cuenta/Solicitud Pin de Acceso/android.widget.TextView - Tiempo para solicitud de pin de acceso"), 0): Tapped on element 'Object Repository/Parte2/Ajustes cuenta/Cuenta/Solicitud Pin de Acceso/android.widget.TextView - Tiempo para solicitud de pin de acceso'

2023-06-27 11:02:12 - [MESSAGE][WARNING] - Timeout '0' is invalid. Using default page load timeout: '30'

2023-06-27 11:02:12 - [MESSAGE][PASSED] - Tapped on element 'Object Repository/Parte2/Ajustes cuenta/Cuenta/Solicitud Pin de Acceso/android.widget.TextView - Tiempo para solicitud de pin de acceso'

2023-06-27 11:02:12 - [TEST_STEP][PASSED] - checkElement(findTestObject("Parte2/Ajustes cuenta/Cuenta/Solicitud Pin de Acceso/android.widget.RadioButton - 1 hora"), 0): Element 'Object Repository/Parte2/Ajustes cuenta/Cuenta/Solicitud Pin de Acceso/android.widget.RadioButton - 1 hora' is checked

2023-06-27 11:02:12 - [MESSAGE][WARNING] - Timeout '0' is invalid. Using default page load timeout: '30'

2023-06-27 11:02:13 - [MESSAGE][PASSED] - Element 'Object Repository/Parte2/Ajustes cuenta/Cuenta/Solicitud Pin de Acceso/android.widget.RadioButton - 1 hora' is checked

2023-06-27 11:02:13 - [TEST_STEP][PASSED] - tap(findTestObject("Parte2/Ajustes cuenta/Cuenta/Solicitud Pin de Acceso/android.widget.Button - Aceptar"), 0): Tapped on element 'Object Repository/Parte2/Ajustes cuenta/Cuenta/Solicitud Pin de Acceso/android.widget.Button - Aceptar'

2023-06-27 11:02:13 - [MESSAGE][WARNING] - Timeout '0' is invalid. Using default page load timeout: '30'

2023-06-27 11:02:14 - [MESSAGE][PASSED] - Tapped on element 'Object Repository/Parte2/Ajustes cuenta/Cuenta/Solicitud Pin de Acceso/android.widget.Button - Aceptar'

2023-06-27 11:02:14 - [TEST_STEP][PASSED] - verifyElementText(findTestObject("Parte2/Ajustes cuenta/Cuenta/Solicitud Pin de Acceso/android.widget.TextView - 1 hora"), "1 hora"): Actual text and expected text of test object 'Object Repository/Parte2/Ajustes cuenta/Cuenta/Solicitud Pin de Acceso/android.widget.TextView - 1 hora' are matched.

2023-06-27 11:02:15 - [MESSAGE][PASSED] - Actual text and expected text of test object 'Object Repository/Parte2/Ajustes cuenta/Cuenta/Solicitud Pin de Acceso/android.widget.TextView - 1 hora' are matched.]]></system-out>
         <system-err><![CDATA[]]></system-err>
      </testcase>
      <testcase name="Test Cases/Parte2/Ajustes/Cuenta/Tiempo Pin de Acceso/CPN175" time="5.516" classname="Test Cases/Parte2/Ajustes/Cuenta/Tiempo Pin de Acceso/CPN175" status="PASSED">
         <system-out><![CDATA[2023-06-27 11:02:15 - [TEST_CASE][PASSED] - Test Cases/Parte2/Ajustes/Cuenta/Tiempo Pin de Acceso/CPN175: Test Cases/Parte2/Ajustes/Cuenta/Tiempo Pin de Acceso/CPN175

2023-06-27 11:02:15 - [TEST_STEP][PASSED] - tap(findTestObject("Parte2/Ajustes cuenta/Cuenta/Solicitud Pin de Acceso/android.widget.TextView - Tiempo para solicitud de pin de acceso"), 0): Tapped on element 'Object Repository/Parte2/Ajustes cuenta/Cuenta/Solicitud Pin de Acceso/android.widget.TextView - Tiempo para solicitud de pin de acceso'

2023-06-27 11:02:15 - [MESSAGE][WARNING] - Timeout '0' is invalid. Using default page load timeout: '30'

2023-06-27 11:02:15 - [MESSAGE][PASSED] - Tapped on element 'Object Repository/Parte2/Ajustes cuenta/Cuenta/Solicitud Pin de Acceso/android.widget.TextView - Tiempo para solicitud de pin de acceso'

2023-06-27 11:02:15 - [TEST_STEP][PASSED] - scrollToText("1 día", STOP_ON_FAILURE): Scrolling to text '1 día' successfully

2023-06-27 11:02:18 - [MESSAGE][PASSED] - Scrolling to text '1 día' successfully

2023-06-27 11:02:18 - [TEST_STEP][PASSED] - checkElement(findTestObject("Parte2/Ajustes cuenta/Cuenta/Solicitud Pin de Acceso/android.widget.RadioButton - 1 da"), 0): Element 'Object Repository/Parte2/Ajustes cuenta/Cuenta/Solicitud Pin de Acceso/android.widget.RadioButton - 1 da' is checked

2023-06-27 11:02:18 - [MESSAGE][WARNING] - Timeout '0' is invalid. Using default page load timeout: '30'

2023-06-27 11:02:19 - [MESSAGE][PASSED] - Element 'Object Repository/Parte2/Ajustes cuenta/Cuenta/Solicitud Pin de Acceso/android.widget.RadioButton - 1 da' is checked

2023-06-27 11:02:19 - [TEST_STEP][PASSED] - tap(findTestObject("Parte2/Ajustes cuenta/Cuenta/Solicitud Pin de Acceso/android.widget.Button - Aceptar"), 0): Tapped on element 'Object Repository/Parte2/Ajustes cuenta/Cuenta/Solicitud Pin de Acceso/android.widget.Button - Aceptar'

2023-06-27 11:02:19 - [MESSAGE][WARNING] - Timeout '0' is invalid. Using default page load timeout: '30'

2023-06-27 11:02:19 - [MESSAGE][PASSED] - Tapped on element 'Object Repository/Parte2/Ajustes cuenta/Cuenta/Solicitud Pin de Acceso/android.widget.Button - Aceptar'

2023-06-27 11:02:19 - [TEST_STEP][PASSED] - verifyElementText(findTestObject("Parte2/Ajustes cuenta/Cuenta/Solicitud Pin de Acceso/android.widget.TextView - 1 da"), "1 día"): Actual text and expected text of test object 'Object Repository/Parte2/Ajustes cuenta/Cuenta/Solicitud Pin de Acceso/android.widget.TextView - 1 da' are matched.

2023-06-27 11:02:20 - [MESSAGE][PASSED] - Actual text and expected text of test object 'Object Repository/Parte2/Ajustes cuenta/Cuenta/Solicitud Pin de Acceso/android.widget.TextView - 1 da' are matched.]]></system-out>
         <system-err><![CDATA[]]></system-err>
      </testcase>
      <testcase name="Test Cases/Parte2/Ajustes/Cuenta/Tiempo Pin de Acceso/CPN176" time="9.487" classname="Test Cases/Parte2/Ajustes/Cuenta/Tiempo Pin de Acceso/CPN176" status="PASSED">
         <system-out><![CDATA[2023-06-27 11:02:20 - [TEST_CASE][PASSED] - Test Cases/Parte2/Ajustes/Cuenta/Tiempo Pin de Acceso/CPN176: Test Cases/Parte2/Ajustes/Cuenta/Tiempo Pin de Acceso/CPN176

2023-06-27 11:02:20 - [TEST_STEP][PASSED] - tap(findTestObject("Parte2/Ajustes cuenta/Cuenta/Solicitud Pin de Acceso/android.widget.TextView - Tiempo para solicitud de pin de acceso"), 0): Tapped on element 'Object Repository/Parte2/Ajustes cuenta/Cuenta/Solicitud Pin de Acceso/android.widget.TextView - Tiempo para solicitud de pin de acceso'

2023-06-27 11:02:20 - [MESSAGE][WARNING] - Timeout '0' is invalid. Using default page load timeout: '30'

2023-06-27 11:02:21 - [MESSAGE][PASSED] - Tapped on element 'Object Repository/Parte2/Ajustes cuenta/Cuenta/Solicitud Pin de Acceso/android.widget.TextView - Tiempo para solicitud de pin de acceso'

2023-06-27 11:02:21 - [TEST_STEP][PASSED] - scrollToText("Nunca", STOP_ON_FAILURE): Scrolling to text 'Nunca' successfully

2023-06-27 11:02:24 - [MESSAGE][PASSED] - Scrolling to text 'Nunca' successfully

2023-06-27 11:02:24 - [TEST_STEP][PASSED] - tap(findTestObject("Parte2/Ajustes cuenta/Cuenta/Solicitud Pin de Acceso/android.widget.RadioButton - Nunca"), 0): Tapped on element 'Object Repository/Parte2/Ajustes cuenta/Cuenta/Solicitud Pin de Acceso/android.widget.RadioButton - Nunca'

2023-06-27 11:02:24 - [MESSAGE][WARNING] - Timeout '0' is invalid. Using default page load timeout: '30'

2023-06-27 11:02:24 - [MESSAGE][PASSED] - Tapped on element 'Object Repository/Parte2/Ajustes cuenta/Cuenta/Solicitud Pin de Acceso/android.widget.RadioButton - Nunca'

2023-06-27 11:02:24 - [TEST_STEP][PASSED] - tap(findTestObject("Parte2/Ajustes cuenta/Cuenta/Solicitud Pin de Acceso/android.widget.Button - Aceptar"), 0): Tapped on element 'Object Repository/Parte2/Ajustes cuenta/Cuenta/Solicitud Pin de Acceso/android.widget.Button - Aceptar'

2023-06-27 11:02:24 - [MESSAGE][WARNING] - Timeout '0' is invalid. Using default page load timeout: '30'

2023-06-27 11:02:25 - [MESSAGE][PASSED] - Tapped on element 'Object Repository/Parte2/Ajustes cuenta/Cuenta/Solicitud Pin de Acceso/android.widget.Button - Aceptar'

2023-06-27 11:02:25 - [TEST_STEP][PASSED] - verifyElementText(findTestObject("Parte2/Ajustes cuenta/Cuenta/Solicitud Pin de Acceso/android.widget.TextView - Nunca"), "Nunca"): Actual text and expected text of test object 'Object Repository/Parte2/Ajustes cuenta/Cuenta/Solicitud Pin de Acceso/android.widget.TextView - Nunca' are matched.

2023-06-27 11:02:25 - [MESSAGE][PASSED] - Actual text and expected text of test object 'Object Repository/Parte2/Ajustes cuenta/Cuenta/Solicitud Pin de Acceso/android.widget.TextView - Nunca' are matched.

2023-06-27 11:02:25 - [TEST_STEP][PASSED] - pressBack(): Press back button successfully

2023-06-27 11:02:26 - [MESSAGE][PASSED] - Press back button successfully

2023-06-27 11:02:26 - [TEST_STEP][PASSED] - pressBack(): Press back button successfully

2023-06-27 11:02:26 - [MESSAGE][PASSED] - Press back button successfully

2023-06-27 11:02:26 - [TEST_STEP][PASSED] - pressBack(): Press back button successfully

2023-06-27 11:02:28 - [MESSAGE][PASSED] - Press back button successfully

2023-06-27 11:02:28 - [TEST_STEP][PASSED] - tap(findTestObject("Parte2/Ajustes cuenta/Cuenta/Solicitud Pin de Acceso/android.widget.TextView - NapoleoN"), 0): Tapped on element 'Object Repository/Parte2/Ajustes cuenta/Cuenta/Solicitud Pin de Acceso/android.widget.TextView - NapoleoN'

2023-06-27 11:02:28 - [MESSAGE][WARNING] - Timeout '0' is invalid. Using default page load timeout: '30'

2023-06-27 11:02:28 - [MESSAGE][PASSED] - Tapped on element 'Object Repository/Parte2/Ajustes cuenta/Cuenta/Solicitud Pin de Acceso/android.widget.TextView - NapoleoN'

2023-06-27 11:02:28 - [TEST_STEP][PASSED] - verifyElementExist(findTestObject("Parte2/Ajustes cuenta/Cuenta/Solicitud Pin de Acceso/android.widget.FrameLayout (1)"), 0): Element 'Object Repository/Parte2/Ajustes cuenta/Cuenta/Solicitud Pin de Acceso/android.widget.FrameLayout (1)' is exist

2023-06-27 11:02:28 - [MESSAGE][WARNING] - Timeout '0' is invalid. Using default page load timeout: '30'

2023-06-27 11:02:30 - [MESSAGE][PASSED] - Element 'Object Repository/Parte2/Ajustes cuenta/Cuenta/Solicitud Pin de Acceso/android.widget.FrameLayout (1)' is exist]]></system-out>
         <system-err><![CDATA[]]></system-err>
      </testcase>
      <testcase name="Test Cases/Parte2/Ajustes/Cuenta/Tiempo Pin de Acceso/CPN177" time="6.902" classname="Test Cases/Parte2/Ajustes/Cuenta/Tiempo Pin de Acceso/CPN177" status="PASSED">
         <system-out><![CDATA[2023-06-27 11:02:30 - [TEST_CASE][PASSED] - Test Cases/Parte2/Ajustes/Cuenta/Tiempo Pin de Acceso/CPN177: Test Cases/Parte2/Ajustes/Cuenta/Tiempo Pin de Acceso/CPN177

2023-06-27 11:02:30 - [TEST_STEP][PASSED] - tap(findTestObject("Parte2/Ajustes cuenta/Cuenta/Solicitud Pin de Acceso/android.widget.FrameLayout"), 0): Tapped on element 'Object Repository/Parte2/Ajustes cuenta/Cuenta/Solicitud Pin de Acceso/android.widget.FrameLayout'

2023-06-27 11:02:30 - [MESSAGE][WARNING] - Timeout '0' is invalid. Using default page load timeout: '30'

2023-06-27 11:02:30 - [MESSAGE][PASSED] - Tapped on element 'Object Repository/Parte2/Ajustes cuenta/Cuenta/Solicitud Pin de Acceso/android.widget.FrameLayout'

2023-06-27 11:02:30 - [TEST_STEP][PASSED] - tap(findTestObject("Parte2/Ajustes cuenta/Cuenta/Solicitud Pin de Acceso/android.widget.LinearLayout"), 0): Tapped on element 'Object Repository/Parte2/Ajustes cuenta/Cuenta/Solicitud Pin de Acceso/android.widget.LinearLayout'

2023-06-27 11:02:30 - [MESSAGE][WARNING] - Timeout '0' is invalid. Using default page load timeout: '30'

2023-06-27 11:02:31 - [MESSAGE][PASSED] - Tapped on element 'Object Repository/Parte2/Ajustes cuenta/Cuenta/Solicitud Pin de Acceso/android.widget.LinearLayout'

2023-06-27 11:02:31 - [TEST_STEP][PASSED] - tap(findTestObject("Parte2/Ajustes cuenta/Cuenta/Solicitud Pin de Acceso/android.widget.TextView - Tiempo para solicitud de pin de acceso"), 0): Tapped on element 'Object Repository/Parte2/Ajustes cuenta/Cuenta/Solicitud Pin de Acceso/android.widget.TextView - Tiempo para solicitud de pin de acceso'

2023-06-27 11:02:31 - [MESSAGE][WARNING] - Timeout '0' is invalid. Using default page load timeout: '30'

2023-06-27 11:02:32 - [MESSAGE][PASSED] - Tapped on element 'Object Repository/Parte2/Ajustes cuenta/Cuenta/Solicitud Pin de Acceso/android.widget.TextView - Tiempo para solicitud de pin de acceso'

2023-06-27 11:02:32 - [TEST_STEP][PASSED] - tap(findTestObject("Parte2/Ajustes cuenta/Cuenta/Solicitud Pin de Acceso/android.widget.RadioButton - Inmediatamente"), 0): Tapped on element 'Object Repository/Parte2/Ajustes cuenta/Cuenta/Solicitud Pin de Acceso/android.widget.RadioButton - Inmediatamente'

2023-06-27 11:02:32 - [MESSAGE][WARNING] - Timeout '0' is invalid. Using default page load timeout: '30'

2023-06-27 11:02:33 - [MESSAGE][PASSED] - Tapped on element 'Object Repository/Parte2/Ajustes cuenta/Cuenta/Solicitud Pin de Acceso/android.widget.RadioButton - Inmediatamente'

2023-06-27 11:02:33 - [TEST_STEP][PASSED] - tap(findTestObject("Parte2/Ajustes cuenta/Cuenta/Solicitud Pin de Acceso/android.widget.Button - Aceptar"), 0): Tapped on element 'Object Repository/Parte2/Ajustes cuenta/Cuenta/Solicitud Pin de Acceso/android.widget.Button - Aceptar'

2023-06-27 11:02:33 - [MESSAGE][WARNING] - Timeout '0' is invalid. Using default page load timeout: '30'

2023-06-27 11:02:33 - [MESSAGE][PASSED] - Tapped on element 'Object Repository/Parte2/Ajustes cuenta/Cuenta/Solicitud Pin de Acceso/android.widget.Button - Aceptar'

2023-06-27 11:02:33 - [TEST_STEP][PASSED] - verifyElementText(findTestObject("Parte2/Ajustes cuenta/Cuenta/Solicitud Pin de Acceso/android.widget.TextView - Inmediatamente"), "Inmediatamente"): Actual text and expected text of test object 'Object Repository/Parte2/Ajustes cuenta/Cuenta/Solicitud Pin de Acceso/android.widget.TextView - Inmediatamente' are matched.

2023-06-27 11:02:34 - [MESSAGE][PASSED] - Actual text and expected text of test object 'Object Repository/Parte2/Ajustes cuenta/Cuenta/Solicitud Pin de Acceso/android.widget.TextView - Inmediatamente' are matched.

2023-06-27 11:02:34 - [TEST_STEP][PASSED] - tap(findTestObject("Parte2/Ajustes cuenta/Cuenta/Solicitud Pin de Acceso/android.widget.TextView - Tiempo para solicitud de pin de acceso"), 0): Tapped on element 'Object Repository/Parte2/Ajustes cuenta/Cuenta/Solicitud Pin de Acceso/android.widget.TextView - Tiempo para solicitud de pin de acceso'

2023-06-27 11:02:34 - [MESSAGE][WARNING] - Timeout '0' is invalid. Using default page load timeout: '30'

2023-06-27 11:02:34 - [MESSAGE][PASSED] - Tapped on element 'Object Repository/Parte2/Ajustes cuenta/Cuenta/Solicitud Pin de Acceso/android.widget.TextView - Tiempo para solicitud de pin de acceso'

2023-06-27 11:02:34 - [TEST_STEP][PASSED] - tap(findTestObject("Parte2/Ajustes cuenta/Cuenta/Solicitud Pin de Acceso/android.widget.RadioButton - 10 Segundos"), 0): Tapped on element 'Object Repository/Parte2/Ajustes cuenta/Cuenta/Solicitud Pin de Acceso/android.widget.RadioButton - 10 Segundos'

2023-06-27 11:02:34 - [MESSAGE][WARNING] - Timeout '0' is invalid. Using default page load timeout: '30'

2023-06-27 11:02:35 - [MESSAGE][PASSED] - Tapped on element 'Object Repository/Parte2/Ajustes cuenta/Cuenta/Solicitud Pin de Acceso/android.widget.RadioButton - 10 Segundos'

2023-06-27 11:02:35 - [TEST_STEP][PASSED] - tap(findTestObject("Parte2/Ajustes cuenta/Cuenta/Solicitud Pin de Acceso/android.widget.Button - Cancelar"), 0): Tapped on element 'Object Repository/Parte2/Ajustes cuenta/Cuenta/Solicitud Pin de Acceso/android.widget.Button - Cancelar'

2023-06-27 11:02:35 - [MESSAGE][WARNING] - Timeout '0' is invalid. Using default page load timeout: '30'

2023-06-27 11:02:36 - [MESSAGE][PASSED] - Tapped on element 'Object Repository/Parte2/Ajustes cuenta/Cuenta/Solicitud Pin de Acceso/android.widget.Button - Cancelar'

2023-06-27 11:02:36 - [TEST_STEP][PASSED] - verifyElementText(findTestObject("Parte2/Ajustes cuenta/Cuenta/Solicitud Pin de Acceso/android.widget.TextView - Inmediatamente"), "Inmediatamente"): Actual text and expected text of test object 'Object Repository/Parte2/Ajustes cuenta/Cuenta/Solicitud Pin de Acceso/android.widget.TextView - Inmediatamente' are matched.

2023-06-27 11:02:36 - [MESSAGE][PASSED] - Actual text and expected text of test object 'Object Repository/Parte2/Ajustes cuenta/Cuenta/Solicitud Pin de Acceso/android.widget.TextView - Inmediatamente' are matched.]]></system-out>
         <system-err><![CDATA[]]></system-err>
      </testcase>
      <testcase name="Test Cases/Parte2/Ajustes/Cuenta/Tiempo Pin de Acceso/CPN178" time="2.745" classname="Test Cases/Parte2/Ajustes/Cuenta/Tiempo Pin de Acceso/CPN178" status="PASSED">
         <system-out><![CDATA[2023-06-27 11:02:36 - [TEST_CASE][PASSED] - Test Cases/Parte2/Ajustes/Cuenta/Tiempo Pin de Acceso/CPN178: Test Cases/Parte2/Ajustes/Cuenta/Tiempo Pin de Acceso/CPN178

2023-06-27 11:02:37 - [TEST_STEP][PASSED] - tap(findTestObject("Parte2/Ajustes cuenta/Cuenta/Solicitud Pin de Acceso/android.widget.TextView - Tiempo para solicitud de pin de acceso"), 0): Tapped on element 'Object Repository/Parte2/Ajustes cuenta/Cuenta/Solicitud Pin de Acceso/android.widget.TextView - Tiempo para solicitud de pin de acceso'

2023-06-27 11:02:37 - [MESSAGE][WARNING] - Timeout '0' is invalid. Using default page load timeout: '30'

2023-06-27 11:02:37 - [MESSAGE][PASSED] - Tapped on element 'Object Repository/Parte2/Ajustes cuenta/Cuenta/Solicitud Pin de Acceso/android.widget.TextView - Tiempo para solicitud de pin de acceso'

2023-06-27 11:02:37 - [TEST_STEP][PASSED] - tap(findTestObject("Parte2/Ajustes cuenta/Cuenta/Solicitud Pin de Acceso/android.widget.RadioButton - 30 segundos"), 0): Tapped on element 'Object Repository/Parte2/Ajustes cuenta/Cuenta/Solicitud Pin de Acceso/android.widget.RadioButton - 30 segundos'

2023-06-27 11:02:37 - [MESSAGE][WARNING] - Timeout '0' is invalid. Using default page load timeout: '30'

2023-06-27 11:02:38 - [MESSAGE][PASSED] - Tapped on element 'Object Repository/Parte2/Ajustes cuenta/Cuenta/Solicitud Pin de Acceso/android.widget.RadioButton - 30 segundos'

2023-06-27 11:02:38 - [TEST_STEP][PASSED] - tap(findTestObject("Parte2/Ajustes cuenta/Cuenta/Solicitud Pin de Acceso/android.widget.Button - Cancelar"), 0): Tapped on element 'Object Repository/Parte2/Ajustes cuenta/Cuenta/Solicitud Pin de Acceso/android.widget.Button - Cancelar'

2023-06-27 11:02:38 - [MESSAGE][WARNING] - Timeout '0' is invalid. Using default page load timeout: '30'

2023-06-27 11:02:39 - [MESSAGE][PASSED] - Tapped on element 'Object Repository/Parte2/Ajustes cuenta/Cuenta/Solicitud Pin de Acceso/android.widget.Button - Cancelar'

2023-06-27 11:02:39 - [TEST_STEP][PASSED] - verifyElementText(findTestObject("Parte2/Ajustes cuenta/Cuenta/Solicitud Pin de Acceso/android.widget.TextView - Inmediatamente"), "Inmediatamente"): Actual text and expected text of test object 'Object Repository/Parte2/Ajustes cuenta/Cuenta/Solicitud Pin de Acceso/android.widget.TextView - Inmediatamente' are matched.

2023-06-27 11:02:39 - [MESSAGE][PASSED] - Actual text and expected text of test object 'Object Repository/Parte2/Ajustes cuenta/Cuenta/Solicitud Pin de Acceso/android.widget.TextView - Inmediatamente' are matched.]]></system-out>
         <system-err><![CDATA[]]></system-err>
      </testcase>
      <testcase name="Test Cases/Parte2/Ajustes/Cuenta/Tiempo Pin de Acceso/CPN179" time="3.043" classname="Test Cases/Parte2/Ajustes/Cuenta/Tiempo Pin de Acceso/CPN179" status="PASSED">
         <system-out><![CDATA[2023-06-27 11:02:39 - [TEST_CASE][PASSED] - Test Cases/Parte2/Ajustes/Cuenta/Tiempo Pin de Acceso/CPN179: Test Cases/Parte2/Ajustes/Cuenta/Tiempo Pin de Acceso/CPN179

2023-06-27 11:02:40 - [TEST_STEP][PASSED] - tap(findTestObject("Parte2/Ajustes cuenta/Cuenta/Solicitud Pin de Acceso/android.widget.TextView - Tiempo para solicitud de pin de acceso"), 0): Tapped on element 'Object Repository/Parte2/Ajustes cuenta/Cuenta/Solicitud Pin de Acceso/android.widget.TextView - Tiempo para solicitud de pin de acceso'

2023-06-27 11:02:40 - [MESSAGE][WARNING] - Timeout '0' is invalid. Using default page load timeout: '30'

2023-06-27 11:02:40 - [MESSAGE][PASSED] - Tapped on element 'Object Repository/Parte2/Ajustes cuenta/Cuenta/Solicitud Pin de Acceso/android.widget.TextView - Tiempo para solicitud de pin de acceso'

2023-06-27 11:02:40 - [TEST_STEP][PASSED] - tap(findTestObject("Parte2/Ajustes cuenta/Cuenta/Solicitud Pin de Acceso/android.widget.RadioButton - 1 minuto"), 0): Tapped on element 'Object Repository/Parte2/Ajustes cuenta/Cuenta/Solicitud Pin de Acceso/android.widget.RadioButton - 1 minuto'

2023-06-27 11:02:40 - [MESSAGE][WARNING] - Timeout '0' is invalid. Using default page load timeout: '30'

2023-06-27 11:02:41 - [MESSAGE][PASSED] - Tapped on element 'Object Repository/Parte2/Ajustes cuenta/Cuenta/Solicitud Pin de Acceso/android.widget.RadioButton - 1 minuto'

2023-06-27 11:02:41 - [TEST_STEP][PASSED] - tap(findTestObject("Parte2/Ajustes cuenta/Cuenta/Solicitud Pin de Acceso/android.widget.Button - Cancelar"), 0): Tapped on element 'Object Repository/Parte2/Ajustes cuenta/Cuenta/Solicitud Pin de Acceso/android.widget.Button - Cancelar'

2023-06-27 11:02:41 - [MESSAGE][WARNING] - Timeout '0' is invalid. Using default page load timeout: '30'

2023-06-27 11:02:42 - [MESSAGE][PASSED] - Tapped on element 'Object Repository/Parte2/Ajustes cuenta/Cuenta/Solicitud Pin de Acceso/android.widget.Button - Cancelar'

2023-06-27 11:02:42 - [TEST_STEP][PASSED] - verifyElementText(findTestObject("Parte2/Ajustes cuenta/Cuenta/Solicitud Pin de Acceso/android.widget.TextView - Inmediatamente"), "Inmediatamente"): Actual text and expected text of test object 'Object Repository/Parte2/Ajustes cuenta/Cuenta/Solicitud Pin de Acceso/android.widget.TextView - Inmediatamente' are matched.

2023-06-27 11:02:42 - [MESSAGE][PASSED] - Actual text and expected text of test object 'Object Repository/Parte2/Ajustes cuenta/Cuenta/Solicitud Pin de Acceso/android.widget.TextView - Inmediatamente' are matched.]]></system-out>
         <system-err><![CDATA[]]></system-err>
      </testcase>
      <testcase name="Test Cases/Parte2/Ajustes/Cuenta/Tiempo Pin de Acceso/CPN180" time="2.613" classname="Test Cases/Parte2/Ajustes/Cuenta/Tiempo Pin de Acceso/CPN180" status="PASSED">
         <system-out><![CDATA[2023-06-27 11:02:42 - [TEST_CASE][PASSED] - Test Cases/Parte2/Ajustes/Cuenta/Tiempo Pin de Acceso/CPN180: Test Cases/Parte2/Ajustes/Cuenta/Tiempo Pin de Acceso/CPN180

2023-06-27 11:02:42 - [TEST_STEP][PASSED] - tap(findTestObject("Parte2/Ajustes cuenta/Cuenta/Solicitud Pin de Acceso/android.widget.TextView - Tiempo para solicitud de pin de acceso"), 0): Tapped on element 'Object Repository/Parte2/Ajustes cuenta/Cuenta/Solicitud Pin de Acceso/android.widget.TextView - Tiempo para solicitud de pin de acceso'

2023-06-27 11:02:42 - [MESSAGE][WARNING] - Timeout '0' is invalid. Using default page load timeout: '30'

2023-06-27 11:02:43 - [MESSAGE][PASSED] - Tapped on element 'Object Repository/Parte2/Ajustes cuenta/Cuenta/Solicitud Pin de Acceso/android.widget.TextView - Tiempo para solicitud de pin de acceso'

2023-06-27 11:02:43 - [TEST_STEP][PASSED] - tap(findTestObject("Parte2/Ajustes cuenta/Cuenta/Solicitud Pin de Acceso/android.widget.RadioButton - 5 minutos"), 0): Tapped on element 'Object Repository/Parte2/Ajustes cuenta/Cuenta/Solicitud Pin de Acceso/android.widget.RadioButton - 5 minutos'

2023-06-27 11:02:43 - [MESSAGE][WARNING] - Timeout '0' is invalid. Using default page load timeout: '30'

2023-06-27 11:02:43 - [MESSAGE][PASSED] - Tapped on element 'Object Repository/Parte2/Ajustes cuenta/Cuenta/Solicitud Pin de Acceso/android.widget.RadioButton - 5 minutos'

2023-06-27 11:02:43 - [TEST_STEP][PASSED] - tap(findTestObject("Parte2/Ajustes cuenta/Cuenta/Solicitud Pin de Acceso/android.widget.Button - Cancelar"), 0): Tapped on element 'Object Repository/Parte2/Ajustes cuenta/Cuenta/Solicitud Pin de Acceso/android.widget.Button - Cancelar'

2023-06-27 11:02:43 - [MESSAGE][WARNING] - Timeout '0' is invalid. Using default page load timeout: '30'

2023-06-27 11:02:44 - [MESSAGE][PASSED] - Tapped on element 'Object Repository/Parte2/Ajustes cuenta/Cuenta/Solicitud Pin de Acceso/android.widget.Button - Cancelar'

2023-06-27 11:02:44 - [TEST_STEP][PASSED] - verifyElementText(findTestObject("Parte2/Ajustes cuenta/Cuenta/Solicitud Pin de Acceso/android.widget.TextView - Inmediatamente"), "Inmediatamente"): Actual text and expected text of test object 'Object Repository/Parte2/Ajustes cuenta/Cuenta/Solicitud Pin de Acceso/android.widget.TextView - Inmediatamente' are matched.

2023-06-27 11:02:45 - [MESSAGE][PASSED] - Actual text and expected text of test object 'Object Repository/Parte2/Ajustes cuenta/Cuenta/Solicitud Pin de Acceso/android.widget.TextView - Inmediatamente' are matched.]]></system-out>
         <system-err><![CDATA[]]></system-err>
      </testcase>
      <testcase name="Test Cases/Parte2/Ajustes/Cuenta/Tiempo Pin de Acceso/CPN181" time="2.649" classname="Test Cases/Parte2/Ajustes/Cuenta/Tiempo Pin de Acceso/CPN181" status="PASSED">
         <system-out><![CDATA[2023-06-27 11:02:45 - [TEST_CASE][PASSED] - Test Cases/Parte2/Ajustes/Cuenta/Tiempo Pin de Acceso/CPN181: Test Cases/Parte2/Ajustes/Cuenta/Tiempo Pin de Acceso/CPN181

2023-06-27 11:02:45 - [TEST_STEP][PASSED] - tap(findTestObject("Parte2/Ajustes cuenta/Cuenta/Solicitud Pin de Acceso/android.widget.TextView - Tiempo para solicitud de pin de acceso"), 0): Tapped on element 'Object Repository/Parte2/Ajustes cuenta/Cuenta/Solicitud Pin de Acceso/android.widget.TextView - Tiempo para solicitud de pin de acceso'

2023-06-27 11:02:45 - [MESSAGE][WARNING] - Timeout '0' is invalid. Using default page load timeout: '30'

2023-06-27 11:02:45 - [MESSAGE][PASSED] - Tapped on element 'Object Repository/Parte2/Ajustes cuenta/Cuenta/Solicitud Pin de Acceso/android.widget.TextView - Tiempo para solicitud de pin de acceso'

2023-06-27 11:02:45 - [TEST_STEP][PASSED] - tap(findTestObject("Parte2/Ajustes cuenta/Cuenta/Solicitud Pin de Acceso/android.widget.RadioButton - 1 hora"), 0): Tapped on element 'Object Repository/Parte2/Ajustes cuenta/Cuenta/Solicitud Pin de Acceso/android.widget.RadioButton - 1 hora'

2023-06-27 11:02:45 - [MESSAGE][WARNING] - Timeout '0' is invalid. Using default page load timeout: '30'

2023-06-27 11:02:46 - [MESSAGE][PASSED] - Tapped on element 'Object Repository/Parte2/Ajustes cuenta/Cuenta/Solicitud Pin de Acceso/android.widget.RadioButton - 1 hora'

2023-06-27 11:02:46 - [TEST_STEP][PASSED] - tap(findTestObject("Parte2/Ajustes cuenta/Cuenta/Solicitud Pin de Acceso/android.widget.Button - Cancelar"), 0): Tapped on element 'Object Repository/Parte2/Ajustes cuenta/Cuenta/Solicitud Pin de Acceso/android.widget.Button - Cancelar'

2023-06-27 11:02:46 - [MESSAGE][WARNING] - Timeout '0' is invalid. Using default page load timeout: '30'

2023-06-27 11:02:47 - [MESSAGE][PASSED] - Tapped on element 'Object Repository/Parte2/Ajustes cuenta/Cuenta/Solicitud Pin de Acceso/android.widget.Button - Cancelar'

2023-06-27 11:02:47 - [TEST_STEP][PASSED] - verifyElementText(findTestObject("Parte2/Ajustes cuenta/Cuenta/Solicitud Pin de Acceso/android.widget.TextView - Inmediatamente"), "Inmediatamente"): Actual text and expected text of test object 'Object Repository/Parte2/Ajustes cuenta/Cuenta/Solicitud Pin de Acceso/android.widget.TextView - Inmediatamente' are matched.

2023-06-27 11:02:47 - [MESSAGE][PASSED] - Actual text and expected text of test object 'Object Repository/Parte2/Ajustes cuenta/Cuenta/Solicitud Pin de Acceso/android.widget.TextView - Inmediatamente' are matched.]]></system-out>
         <system-err><![CDATA[]]></system-err>
      </testcase>
      <testcase name="Test Cases/Parte2/Ajustes/Cuenta/Tiempo Pin de Acceso/CPN182" time="5.257" classname="Test Cases/Parte2/Ajustes/Cuenta/Tiempo Pin de Acceso/CPN182" status="PASSED">
         <system-out><![CDATA[2023-06-27 11:02:47 - [TEST_CASE][PASSED] - Test Cases/Parte2/Ajustes/Cuenta/Tiempo Pin de Acceso/CPN182: Test Cases/Parte2/Ajustes/Cuenta/Tiempo Pin de Acceso/CPN182

2023-06-27 11:02:48 - [TEST_STEP][PASSED] - tap(findTestObject("Parte2/Ajustes cuenta/Cuenta/Solicitud Pin de Acceso/android.widget.TextView - Tiempo para solicitud de pin de acceso"), 0): Tapped on element 'Object Repository/Parte2/Ajustes cuenta/Cuenta/Solicitud Pin de Acceso/android.widget.TextView - Tiempo para solicitud de pin de acceso'

2023-06-27 11:02:48 - [MESSAGE][WARNING] - Timeout '0' is invalid. Using default page load timeout: '30'

2023-06-27 11:02:48 - [MESSAGE][PASSED] - Tapped on element 'Object Repository/Parte2/Ajustes cuenta/Cuenta/Solicitud Pin de Acceso/android.widget.TextView - Tiempo para solicitud de pin de acceso'

2023-06-27 11:02:48 - [TEST_STEP][PASSED] - scrollToText("1 día", STOP_ON_FAILURE): Scrolling to text '1 día' successfully

2023-06-27 11:02:51 - [MESSAGE][PASSED] - Scrolling to text '1 día' successfully

2023-06-27 11:02:51 - [TEST_STEP][PASSED] - tap(findTestObject("Parte2/Ajustes cuenta/Cuenta/Solicitud Pin de Acceso/android.widget.RadioButton - 1 da"), 0): Tapped on element 'Object Repository/Parte2/Ajustes cuenta/Cuenta/Solicitud Pin de Acceso/android.widget.RadioButton - 1 da'

2023-06-27 11:02:51 - [MESSAGE][WARNING] - Timeout '0' is invalid. Using default page load timeout: '30'

2023-06-27 11:02:51 - [MESSAGE][PASSED] - Tapped on element 'Object Repository/Parte2/Ajustes cuenta/Cuenta/Solicitud Pin de Acceso/android.widget.RadioButton - 1 da'

2023-06-27 11:02:51 - [TEST_STEP][PASSED] - tap(findTestObject("Parte2/Ajustes cuenta/Cuenta/Solicitud Pin de Acceso/android.widget.Button - Cancelar"), 0): Tapped on element 'Object Repository/Parte2/Ajustes cuenta/Cuenta/Solicitud Pin de Acceso/android.widget.Button - Cancelar'

2023-06-27 11:02:51 - [MESSAGE][WARNING] - Timeout '0' is invalid. Using default page load timeout: '30'

2023-06-27 11:02:52 - [MESSAGE][PASSED] - Tapped on element 'Object Repository/Parte2/Ajustes cuenta/Cuenta/Solicitud Pin de Acceso/android.widget.Button - Cancelar'

2023-06-27 11:02:52 - [TEST_STEP][PASSED] - verifyElementText(findTestObject("Parte2/Ajustes cuenta/Cuenta/Solicitud Pin de Acceso/android.widget.TextView - Inmediatamente"), "Inmediatamente"): Actual text and expected text of test object 'Object Repository/Parte2/Ajustes cuenta/Cuenta/Solicitud Pin de Acceso/android.widget.TextView - Inmediatamente' are matched.

2023-06-27 11:02:53 - [MESSAGE][PASSED] - Actual text and expected text of test object 'Object Repository/Parte2/Ajustes cuenta/Cuenta/Solicitud Pin de Acceso/android.widget.TextView - Inmediatamente' are matched.]]></system-out>
         <system-err><![CDATA[]]></system-err>
      </testcase>
      <testcase name="Test Cases/Parte2/Ajustes/Cuenta/Tiempo Pin de Acceso/CPN183" time="7.011" classname="Test Cases/Parte2/Ajustes/Cuenta/Tiempo Pin de Acceso/CPN183" status="PASSED">
         <system-out><![CDATA[2023-06-27 11:02:53 - [TEST_CASE][PASSED] - Test Cases/Parte2/Ajustes/Cuenta/Tiempo Pin de Acceso/CPN183: Test Cases/Parte2/Ajustes/Cuenta/Tiempo Pin de Acceso/CPN183

2023-06-27 11:02:53 - [TEST_STEP][PASSED] - tap(findTestObject("Parte2/Ajustes cuenta/Cuenta/Solicitud Pin de Acceso/android.widget.TextView - Tiempo para solicitud de pin de acceso"), 0): Tapped on element 'Object Repository/Parte2/Ajustes cuenta/Cuenta/Solicitud Pin de Acceso/android.widget.TextView - Tiempo para solicitud de pin de acceso'

2023-06-27 11:02:53 - [MESSAGE][WARNING] - Timeout '0' is invalid. Using default page load timeout: '30'

2023-06-27 11:02:53 - [MESSAGE][PASSED] - Tapped on element 'Object Repository/Parte2/Ajustes cuenta/Cuenta/Solicitud Pin de Acceso/android.widget.TextView - Tiempo para solicitud de pin de acceso'

2023-06-27 11:02:53 - [TEST_STEP][PASSED] - scrollToText("Nunca", STOP_ON_FAILURE): Scrolling to text 'Nunca' successfully

2023-06-27 11:02:56 - [MESSAGE][PASSED] - Scrolling to text 'Nunca' successfully

2023-06-27 11:02:56 - [TEST_STEP][PASSED] - tap(findTestObject("Parte2/Ajustes cuenta/Cuenta/Solicitud Pin de Acceso/android.widget.RadioButton - Nunca"), 0): Tapped on element 'Object Repository/Parte2/Ajustes cuenta/Cuenta/Solicitud Pin de Acceso/android.widget.RadioButton - Nunca'

2023-06-27 11:02:56 - [MESSAGE][WARNING] - Timeout '0' is invalid. Using default page load timeout: '30'

2023-06-27 11:02:56 - [MESSAGE][PASSED] - Tapped on element 'Object Repository/Parte2/Ajustes cuenta/Cuenta/Solicitud Pin de Acceso/android.widget.RadioButton - Nunca'

2023-06-27 11:02:56 - [TEST_STEP][PASSED] - tap(findTestObject("Parte2/Ajustes cuenta/Cuenta/Solicitud Pin de Acceso/android.widget.Button - Cancelar"), 0): Tapped on element 'Object Repository/Parte2/Ajustes cuenta/Cuenta/Solicitud Pin de Acceso/android.widget.Button - Cancelar'

2023-06-27 11:02:56 - [MESSAGE][WARNING] - Timeout '0' is invalid. Using default page load timeout: '30'

2023-06-27 11:02:57 - [MESSAGE][PASSED] - Tapped on element 'Object Repository/Parte2/Ajustes cuenta/Cuenta/Solicitud Pin de Acceso/android.widget.Button - Cancelar'

2023-06-27 11:02:57 - [TEST_STEP][PASSED] - verifyElementText(findTestObject("Parte2/Ajustes cuenta/Cuenta/Solicitud Pin de Acceso/android.widget.TextView - Inmediatamente"), "Inmediatamente"): Actual text and expected text of test object 'Object Repository/Parte2/Ajustes cuenta/Cuenta/Solicitud Pin de Acceso/android.widget.TextView - Inmediatamente' are matched.

2023-06-27 11:02:58 - [MESSAGE][PASSED] - Actual text and expected text of test object 'Object Repository/Parte2/Ajustes cuenta/Cuenta/Solicitud Pin de Acceso/android.widget.TextView - Inmediatamente' are matched.

2023-06-27 11:02:58 - [TEST_STEP][PASSED] - tap(findTestObject("Parte2/Ajustes cuenta/Cuenta/Solicitud Pin de Acceso/android.widget.TextView - Tiempo para solicitud de pin de acceso"), 0): Tapped on element 'Object Repository/Parte2/Ajustes cuenta/Cuenta/Solicitud Pin de Acceso/android.widget.TextView - Tiempo para solicitud de pin de acceso'

2023-06-27 11:02:58 - [MESSAGE][WARNING] - Timeout '0' is invalid. Using default page load timeout: '30'

2023-06-27 11:02:58 - [MESSAGE][PASSED] - Tapped on element 'Object Repository/Parte2/Ajustes cuenta/Cuenta/Solicitud Pin de Acceso/android.widget.TextView - Tiempo para solicitud de pin de acceso'

2023-06-27 11:02:58 - [TEST_STEP][PASSED] - tap(findTestObject("Parte2/Ajustes cuenta/Cuenta/Solicitud Pin de Acceso/android.widget.RadioButton - 30 segundos"), 0): Tapped on element 'Object Repository/Parte2/Ajustes cuenta/Cuenta/Solicitud Pin de Acceso/android.widget.RadioButton - 30 segundos'

2023-06-27 11:02:58 - [MESSAGE][WARNING] - Timeout '0' is invalid. Using default page load timeout: '30'

2023-06-27 11:02:59 - [MESSAGE][PASSED] - Tapped on element 'Object Repository/Parte2/Ajustes cuenta/Cuenta/Solicitud Pin de Acceso/android.widget.RadioButton - 30 segundos'

2023-06-27 11:02:59 - [TEST_STEP][PASSED] - tap(findTestObject("Parte2/Ajustes cuenta/Cuenta/Solicitud Pin de Acceso/android.widget.Button - Aceptar"), 0): Tapped on element 'Object Repository/Parte2/Ajustes cuenta/Cuenta/Solicitud Pin de Acceso/android.widget.Button - Aceptar'

2023-06-27 11:02:59 - [MESSAGE][WARNING] - Timeout '0' is invalid. Using default page load timeout: '30'

2023-06-27 11:03:00 - [MESSAGE][PASSED] - Tapped on element 'Object Repository/Parte2/Ajustes cuenta/Cuenta/Solicitud Pin de Acceso/android.widget.Button - Aceptar']]></system-out>
         <system-err><![CDATA[]]></system-err>
      </testcase>
      <testcase name="Test Cases/Parte2/Ajustes/Cuenta/Contactos Bloqueados/CPN184" time="1.627" classname="Test Cases/Parte2/Ajustes/Cuenta/Contactos Bloqueados/CPN184" status="PASSED">
         <system-out><![CDATA[2023-06-27 11:03:00 - [TEST_CASE][PASSED] - Test Cases/Parte2/Ajustes/Cuenta/Contactos Bloqueados/CPN184: Test Cases/Parte2/Ajustes/Cuenta/Contactos Bloqueados/CPN184

2023-06-27 11:03:00 - [TEST_STEP][PASSED] - tap(findTestObject("Parte2/Ajustes cuenta/Cuenta/Contactos Bloqueados/android.widget.TextView - Contactos bloqueados"), 0): Tapped on element 'Object Repository/Parte2/Ajustes cuenta/Cuenta/Contactos Bloqueados/android.widget.TextView - Contactos bloqueados'

2023-06-27 11:03:00 - [MESSAGE][WARNING] - Timeout '0' is invalid. Using default page load timeout: '30'

2023-06-27 11:03:00 - [MESSAGE][PASSED] - Tapped on element 'Object Repository/Parte2/Ajustes cuenta/Cuenta/Contactos Bloqueados/android.widget.TextView - Contactos bloqueados'

2023-06-27 11:03:00 - [TEST_STEP][PASSED] - verifyElementExist(findTestObject("Parte2/Ajustes cuenta/Cuenta/Contactos Bloqueados/android.view.ViewGroup"), 0): Element 'Object Repository/Parte2/Ajustes cuenta/Cuenta/Contactos Bloqueados/android.view.ViewGroup' is exist

2023-06-27 11:03:01 - [MESSAGE][WARNING] - Timeout '0' is invalid. Using default page load timeout: '30'

2023-06-27 11:03:01 - [MESSAGE][PASSED] - Element 'Object Repository/Parte2/Ajustes cuenta/Cuenta/Contactos Bloqueados/android.view.ViewGroup' is exist

2023-06-27 11:03:01 - [TEST_STEP][PASSED] - tap(findTestObject("Parte2/Ajustes cuenta/Cuenta/Contactos Bloqueados/android.widget.ImageButton"), 0): Tapped on element 'Object Repository/Parte2/Ajustes cuenta/Cuenta/Contactos Bloqueados/android.widget.ImageButton'

2023-06-27 11:03:01 - [MESSAGE][WARNING] - Timeout '0' is invalid. Using default page load timeout: '30'

2023-06-27 11:03:01 - [MESSAGE][PASSED] - Tapped on element 'Object Repository/Parte2/Ajustes cuenta/Cuenta/Contactos Bloqueados/android.widget.ImageButton']]></system-out>
         <system-err><![CDATA[]]></system-err>
      </testcase>
      <testcase name="Test Cases/Parte2/Ajustes/Cuenta/Idioma/CPN187" time="3.283" classname="Test Cases/Parte2/Ajustes/Cuenta/Idioma/CPN187" status="PASSED">
         <system-out><![CDATA[2023-06-27 11:03:01 - [TEST_CASE][PASSED] - Test Cases/Parte2/Ajustes/Cuenta/Idioma/CPN187: Test Cases/Parte2/Ajustes/Cuenta/Idioma/CPN187

2023-06-27 11:03:02 - [TEST_STEP][PASSED] - tap(findTestObject("Parte2/Ajustes cuenta/Cuenta/Idioma/android.widget.TextView - Idioma"), 0): Tapped on element 'Object Repository/Parte2/Ajustes cuenta/Cuenta/Idioma/android.widget.TextView - Idioma'

2023-06-27 11:03:02 - [MESSAGE][WARNING] - Timeout '0' is invalid. Using default page load timeout: '30'

2023-06-27 11:03:02 - [MESSAGE][PASSED] - Tapped on element 'Object Repository/Parte2/Ajustes cuenta/Cuenta/Idioma/android.widget.TextView - Idioma'

2023-06-27 11:03:02 - [TEST_STEP][PASSED] - tap(findTestObject("Parte2/Ajustes cuenta/Cuenta/Idioma/android.widget.TextView - Deutsch"), 0): Tapped on element 'Object Repository/Parte2/Ajustes cuenta/Cuenta/Idioma/android.widget.TextView - Deutsch'

2023-06-27 11:03:02 - [MESSAGE][WARNING] - Timeout '0' is invalid. Using default page load timeout: '30'

2023-06-27 11:03:04 - [MESSAGE][PASSED] - Tapped on element 'Object Repository/Parte2/Ajustes cuenta/Cuenta/Idioma/android.widget.TextView - Deutsch'

2023-06-27 11:03:04 - [TEST_STEP][PASSED] - verifyElementExist(findTestObject("Parte2/Ajustes cuenta/Cuenta/Idioma/android.view.ViewGroup"), 0): Element 'Object Repository/Parte2/Ajustes cuenta/Cuenta/Idioma/android.view.ViewGroup' is exist

2023-06-27 11:03:04 - [MESSAGE][WARNING] - Timeout '0' is invalid. Using default page load timeout: '30'

2023-06-27 11:03:04 - [MESSAGE][PASSED] - Element 'Object Repository/Parte2/Ajustes cuenta/Cuenta/Idioma/android.view.ViewGroup' is exist

2023-06-27 11:03:04 - [TEST_STEP][PASSED] - tap(findTestObject("Parte2/Ajustes cuenta/Cuenta/Idioma/android.widget.TextView - Sprache"), 0): Tapped on element 'Object Repository/Parte2/Ajustes cuenta/Cuenta/Idioma/android.widget.TextView - Sprache'

2023-06-27 11:03:04 - [MESSAGE][WARNING] - Timeout '0' is invalid. Using default page load timeout: '30'

2023-06-27 11:03:05 - [MESSAGE][PASSED] - Tapped on element 'Object Repository/Parte2/Ajustes cuenta/Cuenta/Idioma/android.widget.TextView - Sprache']]></system-out>
         <system-err><![CDATA[]]></system-err>
      </testcase>
      <testcase name="Test Cases/Parte2/Ajustes/Cuenta/Idioma/CPN188" time="2.497" classname="Test Cases/Parte2/Ajustes/Cuenta/Idioma/CPN188" status="PASSED">
         <system-out><![CDATA[2023-06-27 11:03:05 - [TEST_CASE][PASSED] - Test Cases/Parte2/Ajustes/Cuenta/Idioma/CPN188: Test Cases/Parte2/Ajustes/Cuenta/Idioma/CPN188

2023-06-27 11:03:05 - [TEST_STEP][PASSED] - tap(findTestObject("Parte2/Ajustes cuenta/Cuenta/Idioma/android.widget.TextView - Franais"), 0): Tapped on element 'Object Repository/Parte2/Ajustes cuenta/Cuenta/Idioma/android.widget.TextView - Franais'

2023-06-27 11:03:05 - [MESSAGE][WARNING] - Timeout '0' is invalid. Using default page load timeout: '30'

2023-06-27 11:03:07 - [MESSAGE][PASSED] - Tapped on element 'Object Repository/Parte2/Ajustes cuenta/Cuenta/Idioma/android.widget.TextView - Franais'

2023-06-27 11:03:07 - [TEST_STEP][PASSED] - verifyElementExist(findTestObject("Parte2/Ajustes cuenta/Cuenta/Idioma/android.view.ViewGroup (1)"), 0): Element 'Object Repository/Parte2/Ajustes cuenta/Cuenta/Idioma/android.view.ViewGroup (1)' is exist

2023-06-27 11:03:07 - [MESSAGE][WARNING] - Timeout '0' is invalid. Using default page load timeout: '30'

2023-06-27 11:03:07 - [MESSAGE][PASSED] - Element 'Object Repository/Parte2/Ajustes cuenta/Cuenta/Idioma/android.view.ViewGroup (1)' is exist

2023-06-27 11:03:07 - [TEST_STEP][PASSED] - tap(findTestObject("Parte2/Ajustes cuenta/Cuenta/Idioma/android.widget.TextView - Langage"), 0): Tapped on element 'Object Repository/Parte2/Ajustes cuenta/Cuenta/Idioma/android.widget.TextView - Langage'

2023-06-27 11:03:07 - [MESSAGE][WARNING] - Timeout '0' is invalid. Using default page load timeout: '30'

2023-06-27 11:03:07 - [MESSAGE][PASSED] - Tapped on element 'Object Repository/Parte2/Ajustes cuenta/Cuenta/Idioma/android.widget.TextView - Langage']]></system-out>
         <system-err><![CDATA[]]></system-err>
      </testcase>
      <testcase name="Test Cases/Parte2/Ajustes/Cuenta/Idioma/CPN189" time="2.413" classname="Test Cases/Parte2/Ajustes/Cuenta/Idioma/CPN189" status="PASSED">
         <system-out><![CDATA[2023-06-27 11:03:07 - [TEST_CASE][PASSED] - Test Cases/Parte2/Ajustes/Cuenta/Idioma/CPN189: Test Cases/Parte2/Ajustes/Cuenta/Idioma/CPN189

2023-06-27 11:03:07 - [TEST_STEP][PASSED] - tap(findTestObject("Parte2/Ajustes cuenta/Cuenta/Idioma/android.widget.TextView - English"), 0): Tapped on element 'Object Repository/Parte2/Ajustes cuenta/Cuenta/Idioma/android.widget.TextView - English'

2023-06-27 11:03:07 - [MESSAGE][WARNING] - Timeout '0' is invalid. Using default page load timeout: '30'

2023-06-27 11:03:08 - [MESSAGE][PASSED] - Tapped on element 'Object Repository/Parte2/Ajustes cuenta/Cuenta/Idioma/android.widget.TextView - English'

2023-06-27 11:03:08 - [TEST_STEP][PASSED] - verifyElementExist(findTestObject("Parte2/Ajustes cuenta/Cuenta/Idioma/android.view.ViewGroup (1)"), 0): Element 'Object Repository/Parte2/Ajustes cuenta/Cuenta/Idioma/android.view.ViewGroup (1)' is exist

2023-06-27 11:03:08 - [MESSAGE][WARNING] - Timeout '0' is invalid. Using default page load timeout: '30'

2023-06-27 11:03:09 - [MESSAGE][PASSED] - Element 'Object Repository/Parte2/Ajustes cuenta/Cuenta/Idioma/android.view.ViewGroup (1)' is exist

2023-06-27 11:03:09 - [TEST_STEP][PASSED] - tap(findTestObject("Parte2/Ajustes cuenta/Cuenta/Idioma/android.widget.TextView - Language"), 0): Tapped on element 'Object Repository/Parte2/Ajustes cuenta/Cuenta/Idioma/android.widget.TextView - Language'

2023-06-27 11:03:09 - [MESSAGE][WARNING] - Timeout '0' is invalid. Using default page load timeout: '30'

2023-06-27 11:03:10 - [MESSAGE][PASSED] - Tapped on element 'Object Repository/Parte2/Ajustes cuenta/Cuenta/Idioma/android.widget.TextView - Language']]></system-out>
         <system-err><![CDATA[]]></system-err>
      </testcase>
      <testcase name="Test Cases/Parte2/Ajustes/Cuenta/Idioma/CPN190" time="2.446" classname="Test Cases/Parte2/Ajustes/Cuenta/Idioma/CPN190" status="PASSED">
         <system-out><![CDATA[2023-06-27 11:03:10 - [TEST_CASE][PASSED] - Test Cases/Parte2/Ajustes/Cuenta/Idioma/CPN190: Test Cases/Parte2/Ajustes/Cuenta/Idioma/CPN190

2023-06-27 11:03:10 - [TEST_STEP][PASSED] - tap(findTestObject("Parte2/Ajustes cuenta/Cuenta/Idioma/android.widget.TextView - Italiano"), 0): Tapped on element 'Object Repository/Parte2/Ajustes cuenta/Cuenta/Idioma/android.widget.TextView - Italiano'

2023-06-27 11:03:10 - [MESSAGE][WARNING] - Timeout '0' is invalid. Using default page load timeout: '30'

2023-06-27 11:03:12 - [MESSAGE][PASSED] - Tapped on element 'Object Repository/Parte2/Ajustes cuenta/Cuenta/Idioma/android.widget.TextView - Italiano'

2023-06-27 11:03:12 - [TEST_STEP][PASSED] - verifyElementExist(findTestObject("Parte2/Ajustes cuenta/Cuenta/Idioma/android.view.ViewGroup (1)"), 0): Element 'Object Repository/Parte2/Ajustes cuenta/Cuenta/Idioma/android.view.ViewGroup (1)' is exist

2023-06-27 11:03:12 - [MESSAGE][WARNING] - Timeout '0' is invalid. Using default page load timeout: '30'

2023-06-27 11:03:12 - [MESSAGE][PASSED] - Element 'Object Repository/Parte2/Ajustes cuenta/Cuenta/Idioma/android.view.ViewGroup (1)' is exist

2023-06-27 11:03:12 - [TEST_STEP][PASSED] - tap(findTestObject("Parte2/Ajustes cuenta/Cuenta/Idioma/android.widget.TextView - Lingua"), 0): Tapped on element 'Object Repository/Parte2/Ajustes cuenta/Cuenta/Idioma/android.widget.TextView - Lingua'

2023-06-27 11:03:12 - [MESSAGE][WARNING] - Timeout '0' is invalid. Using default page load timeout: '30'

2023-06-27 11:03:12 - [MESSAGE][PASSED] - Tapped on element 'Object Repository/Parte2/Ajustes cuenta/Cuenta/Idioma/android.widget.TextView - Lingua']]></system-out>
         <system-err><![CDATA[]]></system-err>
      </testcase>
      <testcase name="Test Cases/Parte2/Ajustes/Cuenta/Idioma/CPN191" time="2.368" classname="Test Cases/Parte2/Ajustes/Cuenta/Idioma/CPN191" status="PASSED">
         <system-out><![CDATA[2023-06-27 11:03:12 - [TEST_CASE][PASSED] - Test Cases/Parte2/Ajustes/Cuenta/Idioma/CPN191: Test Cases/Parte2/Ajustes/Cuenta/Idioma/CPN191

2023-06-27 11:03:12 - [TEST_STEP][PASSED] - tap(findTestObject("Parte2/Ajustes cuenta/Cuenta/Idioma/android.widget.TextView - Portugus"), 0): Tapped on element 'Object Repository/Parte2/Ajustes cuenta/Cuenta/Idioma/android.widget.TextView - Portugus'

2023-06-27 11:03:12 - [MESSAGE][WARNING] - Timeout '0' is invalid. Using default page load timeout: '30'

2023-06-27 11:03:13 - [MESSAGE][PASSED] - Tapped on element 'Object Repository/Parte2/Ajustes cuenta/Cuenta/Idioma/android.widget.TextView - Portugus'

2023-06-27 11:03:13 - [TEST_STEP][PASSED] - verifyElementExist(findTestObject("Parte2/Ajustes cuenta/Cuenta/Idioma/android.view.ViewGroup (1)"), 0): Element 'Object Repository/Parte2/Ajustes cuenta/Cuenta/Idioma/android.view.ViewGroup (1)' is exist

2023-06-27 11:03:13 - [MESSAGE][WARNING] - Timeout '0' is invalid. Using default page load timeout: '30'

2023-06-27 11:03:14 - [MESSAGE][PASSED] - Element 'Object Repository/Parte2/Ajustes cuenta/Cuenta/Idioma/android.view.ViewGroup (1)' is exist

2023-06-27 11:03:14 - [TEST_STEP][PASSED] - tap(findTestObject("Parte2/Ajustes cuenta/Cuenta/Idioma/android.widget.TextView - Idioma (1)"), 0): Tapped on element 'Object Repository/Parte2/Ajustes cuenta/Cuenta/Idioma/android.widget.TextView - Idioma (1)'

2023-06-27 11:03:14 - [MESSAGE][WARNING] - Timeout '0' is invalid. Using default page load timeout: '30'

2023-06-27 11:03:14 - [MESSAGE][PASSED] - Tapped on element 'Object Repository/Parte2/Ajustes cuenta/Cuenta/Idioma/android.widget.TextView - Idioma (1)']]></system-out>
         <system-err><![CDATA[]]></system-err>
      </testcase>
      <testcase name="Test Cases/Parte2/Ajustes/Cuenta/Idioma/CPN192" time="2.135" classname="Test Cases/Parte2/Ajustes/Cuenta/Idioma/CPN192" status="PASSED">
         <system-out><![CDATA[2023-06-27 11:03:14 - [TEST_CASE][PASSED] - Test Cases/Parte2/Ajustes/Cuenta/Idioma/CPN192: Test Cases/Parte2/Ajustes/Cuenta/Idioma/CPN192

2023-06-27 11:03:15 - [TEST_STEP][PASSED] - tap(findTestObject("Parte2/Ajustes cuenta/Cuenta/Idioma/android.widget.TextView - Espaol"), 0): Tapped on element 'Object Repository/Parte2/Ajustes cuenta/Cuenta/Idioma/android.widget.TextView - Espaol'

2023-06-27 11:03:15 - [MESSAGE][WARNING] - Timeout '0' is invalid. Using default page load timeout: '30'

2023-06-27 11:03:15 - [MESSAGE][PASSED] - Tapped on element 'Object Repository/Parte2/Ajustes cuenta/Cuenta/Idioma/android.widget.TextView - Espaol'

2023-06-27 11:03:15 - [TEST_STEP][PASSED] - verifyElementExist(findTestObject("Parte2/Ajustes cuenta/Cuenta/Idioma/android.view.ViewGroup (1)"), 0): Element 'Object Repository/Parte2/Ajustes cuenta/Cuenta/Idioma/android.view.ViewGroup (1)' is exist

2023-06-27 11:03:15 - [MESSAGE][WARNING] - Timeout '0' is invalid. Using default page load timeout: '30'

2023-06-27 11:03:17 - [MESSAGE][PASSED] - Element 'Object Repository/Parte2/Ajustes cuenta/Cuenta/Idioma/android.view.ViewGroup (1)' is exist]]></system-out>
         <system-err><![CDATA[]]></system-err>
      </testcase>
      <testcase name="Test Cases/Parte2/Ajustes/Cuenta/Recuperar Cuenta/CPN193" time="12.052" classname="Test Cases/Parte2/Ajustes/Cuenta/Recuperar Cuenta/CPN193" status="PASSED">
         <system-out><![CDATA[2023-06-27 11:03:17 - [TEST_CASE][PASSED] - Test Cases/Parte2/Ajustes/Cuenta/Recuperar Cuenta/CPN193: Test Cases/Parte2/Ajustes/Cuenta/Recuperar Cuenta/CPN193

2023-06-27 11:03:17 - [TEST_STEP][PASSED] - tap(findTestObject("Parte2/Ajustes cuenta/Cuenta/Recuperar Cuenta/android.widget.TextView - Recuperar Cuenta"), 0): Tapped on element 'Object Repository/Parte2/Ajustes cuenta/Cuenta/Recuperar Cuenta/android.widget.TextView - Recuperar Cuenta'

2023-06-27 11:03:17 - [MESSAGE][WARNING] - Timeout '0' is invalid. Using default page load timeout: '30'

2023-06-27 11:03:17 - [MESSAGE][PASSED] - Tapped on element 'Object Repository/Parte2/Ajustes cuenta/Cuenta/Recuperar Cuenta/android.widget.TextView - Recuperar Cuenta'

2023-06-27 11:03:17 - [TEST_STEP][PASSED] - tap(findTestObject("Parte2/Ajustes cuenta/Cuenta/Recuperar Cuenta/android.widget.TextView - trminos, condiciones y polticas de privacidad"), 0): Tapped on element 'Object Repository/Parte2/Ajustes cuenta/Cuenta/Recuperar Cuenta/android.widget.TextView - trminos, condiciones y polticas de privacidad'

2023-06-27 11:03:17 - [MESSAGE][WARNING] - Timeout '0' is invalid. Using default page load timeout: '30'

2023-06-27 11:03:18 - [MESSAGE][PASSED] - Tapped on element 'Object Repository/Parte2/Ajustes cuenta/Cuenta/Recuperar Cuenta/android.widget.TextView - trminos, condiciones y polticas de privacidad'

2023-06-27 11:03:18 - [TEST_STEP][PASSED] - delay(10, STOP_ON_FAILURE): Delayed 10 second(s)

2023-06-27 11:03:28 - [MESSAGE][PASSED] - Delayed 10 second(s)

2023-06-27 11:03:28 - [TEST_STEP][PASSED] - verifyElementExist(findTestObject("Parte2/Ajustes cuenta/Cuenta/Recuperar Cuenta/android.widget.TextView - Trminos, condiciones y polticas de privacidad de datos de la app Napoleon chat"), 0): Element 'Object Repository/Parte2/Ajustes cuenta/Cuenta/Recuperar Cuenta/android.widget.TextView - Trminos, condiciones y polticas de privacidad de datos de la app Napoleon chat' is exist

2023-06-27 11:03:28 - [MESSAGE][WARNING] - Timeout '0' is invalid. Using default page load timeout: '30'

2023-06-27 11:03:28 - [MESSAGE][PASSED] - Element 'Object Repository/Parte2/Ajustes cuenta/Cuenta/Recuperar Cuenta/android.widget.TextView - Trminos, condiciones y polticas de privacidad de datos de la app Napoleon chat' is exist

2023-06-27 11:03:28 - [TEST_STEP][PASSED] - pressBack(): Press back button successfully

2023-06-27 11:03:29 - [MESSAGE][PASSED] - Press back button successfully]]></system-out>
         <system-err><![CDATA[]]></system-err>
      </testcase>
      <testcase name="Test Cases/Parte2/Ajustes/Cuenta/Recuperar Cuenta/CPN194" time="34.564" classname="Test Cases/Parte2/Ajustes/Cuenta/Recuperar Cuenta/CPN194" status="PASSED">
         <system-out><![CDATA[2023-06-27 11:03:29 - [TEST_CASE][PASSED] - Test Cases/Parte2/Ajustes/Cuenta/Recuperar Cuenta/CPN194: Test Cases/Parte2/Ajustes/Cuenta/Recuperar Cuenta/CPN194

2023-06-27 11:03:29 - [TEST_STEP][PASSED] - toggleWifi("off", STOP_ON_FAILURE): Toggled wifi

2023-06-27 11:03:30 - [MESSAGE][PASSED] - Toggled wifi

2023-06-27 11:03:30 - [TEST_STEP][PASSED] - delay(10, STOP_ON_FAILURE): Delayed 10 second(s)

2023-06-27 11:03:40 - [MESSAGE][PASSED] - Delayed 10 second(s)

2023-06-27 11:03:40 - [TEST_STEP][PASSED] - tap(findTestObject("Parte2/Ajustes cuenta/Cuenta/Recuperar Cuenta/android.widget.Button - Registrar"), 0): Tapped on element 'Object Repository/Parte2/Ajustes cuenta/Cuenta/Recuperar Cuenta/android.widget.Button - Registrar'

2023-06-27 11:03:40 - [MESSAGE][WARNING] - Timeout '0' is invalid. Using default page load timeout: '30'

2023-06-27 11:03:40 - [MESSAGE][PASSED] - Tapped on element 'Object Repository/Parte2/Ajustes cuenta/Cuenta/Recuperar Cuenta/android.widget.Button - Registrar'

2023-06-27 11:03:40 - [TEST_STEP][PASSED] - verifyElementExist(findTestObject("Parte2/Ajustes cuenta/Cuenta/Recuperar Cuenta/android.view.ViewGroup"), 0): Element 'Object Repository/Parte2/Ajustes cuenta/Cuenta/Recuperar Cuenta/android.view.ViewGroup' is exist

2023-06-27 11:03:40 - [MESSAGE][WARNING] - Timeout '0' is invalid. Using default page load timeout: '30'

2023-06-27 11:03:41 - [MESSAGE][PASSED] - Element 'Object Repository/Parte2/Ajustes cuenta/Cuenta/Recuperar Cuenta/android.view.ViewGroup' is exist

2023-06-27 11:03:41 - [TEST_STEP][PASSED] - tap(findTestObject("Parte2/Ajustes cuenta/Cuenta/Recuperar Cuenta/android.widget.Button - Cancelar"), 0): Tapped on element 'Object Repository/Parte2/Ajustes cuenta/Cuenta/Recuperar Cuenta/android.widget.Button - Cancelar'

2023-06-27 11:03:41 - [MESSAGE][WARNING] - Timeout '0' is invalid. Using default page load timeout: '30'

2023-06-27 11:03:41 - [MESSAGE][PASSED] - Tapped on element 'Object Repository/Parte2/Ajustes cuenta/Cuenta/Recuperar Cuenta/android.widget.Button - Cancelar'

2023-06-27 11:03:41 - [TEST_STEP][PASSED] - verifyElementExist(findTestObject("Parte2/Ajustes cuenta/Cuenta/Recuperar Cuenta/android.view.ViewGroup (2)"), 0): Element 'Object Repository/Parte2/Ajustes cuenta/Cuenta/Recuperar Cuenta/android.view.ViewGroup (2)' is exist

2023-06-27 11:03:41 - [MESSAGE][WARNING] - Timeout '0' is invalid. Using default page load timeout: '30'

2023-06-27 11:03:42 - [MESSAGE][PASSED] - Element 'Object Repository/Parte2/Ajustes cuenta/Cuenta/Recuperar Cuenta/android.view.ViewGroup (2)' is exist

2023-06-27 11:03:42 - [TEST_STEP][PASSED] - tap(findTestObject("Parte2/Ajustes cuenta/Cuenta/Recuperar Cuenta/android.widget.Button - Confirmar"), 0): Tapped on element 'Object Repository/Parte2/Ajustes cuenta/Cuenta/Recuperar Cuenta/android.widget.Button - Confirmar'

2023-06-27 11:03:42 - [MESSAGE][WARNING] - Timeout '0' is invalid. Using default page load timeout: '30'

2023-06-27 11:03:42 - [MESSAGE][PASSED] - Tapped on element 'Object Repository/Parte2/Ajustes cuenta/Cuenta/Recuperar Cuenta/android.widget.Button - Confirmar'

2023-06-27 11:03:42 - [TEST_STEP][PASSED] - toggleWifi("on", STOP_ON_FAILURE): Toggled wifi

2023-06-27 11:03:43 - [MESSAGE][PASSED] - Toggled wifi

2023-06-27 11:03:43 - [TEST_STEP][PASSED] - delay(20): Delayed 20 second(s)

2023-06-27 11:04:03 - [MESSAGE][PASSED] - Delayed 20 second(s)]]></system-out>
         <system-err><![CDATA[]]></system-err>
      </testcase>
      <testcase name="Test Cases/Parte2/Ajustes/Cuenta/Recuperar Cuenta/CPN195" time="16.481" classname="Test Cases/Parte2/Ajustes/Cuenta/Recuperar Cuenta/CPN195" status="PASSED">
         <system-out><![CDATA[2023-06-27 11:04:03 - [TEST_CASE][PASSED] - Test Cases/Parte2/Ajustes/Cuenta/Recuperar Cuenta/CPN195: Test Cases/Parte2/Ajustes/Cuenta/Recuperar Cuenta/CPN195

2023-06-27 11:04:03 - [TEST_STEP][PASSED] - tap(findTestObject("Parte2/Ajustes cuenta/Cuenta/Recuperar Cuenta/android.widget.Button - Registrar (1)"), 0): Tapped on element 'Object Repository/Parte2/Ajustes cuenta/Cuenta/Recuperar Cuenta/android.widget.Button - Registrar (1)'

2023-06-27 11:04:03 - [MESSAGE][WARNING] - Timeout '0' is invalid. Using default page load timeout: '30'

2023-06-27 11:04:04 - [MESSAGE][PASSED] - Tapped on element 'Object Repository/Parte2/Ajustes cuenta/Cuenta/Recuperar Cuenta/android.widget.Button - Registrar (1)'

2023-06-27 11:04:04 - [TEST_STEP][PASSED] - tap(findTestObject("Parte2/Ajustes cuenta/Cuenta/Recuperar Cuenta/android.widget.TextView - Elige una pregunta"), 0): Tapped on element 'Object Repository/Parte2/Ajustes cuenta/Cuenta/Recuperar Cuenta/android.widget.TextView - Elige una pregunta'

2023-06-27 11:04:04 - [MESSAGE][WARNING] - Timeout '0' is invalid. Using default page load timeout: '30'

2023-06-27 11:04:05 - [MESSAGE][PASSED] - Tapped on element 'Object Repository/Parte2/Ajustes cuenta/Cuenta/Recuperar Cuenta/android.widget.TextView - Elige una pregunta'

2023-06-27 11:04:05 - [TEST_STEP][PASSED] - tap(findTestObject("Parte2/Ajustes cuenta/Cuenta/Recuperar Cuenta/android.widget.TextView - Cul es el mes de nacimiento de tu padre"), 0): Tapped on element 'Object Repository/Parte2/Ajustes cuenta/Cuenta/Recuperar Cuenta/android.widget.TextView - Cul es el mes de nacimiento de tu padre'

2023-06-27 11:04:06 - [MESSAGE][WARNING] - Timeout '0' is invalid. Using default page load timeout: '30'

2023-06-27 11:04:07 - [MESSAGE][PASSED] - Tapped on element 'Object Repository/Parte2/Ajustes cuenta/Cuenta/Recuperar Cuenta/android.widget.TextView - Cul es el mes de nacimiento de tu padre'

2023-06-27 11:04:07 - [TEST_STEP][PASSED] - setText(findTestObject("Parte2/Ajustes cuenta/Cuenta/Recuperar Cuenta/android.widget.EditText - Respuesta"), "test1", 0): Text 'test1' has been set to element 'Object Repository/Parte2/Ajustes cuenta/Cuenta/Recuperar Cuenta/android.widget.EditText - Respuesta'

2023-06-27 11:04:07 - [MESSAGE][WARNING] - Timeout '0' is invalid. Using default page load timeout: '30'

2023-06-27 11:04:09 - [MESSAGE][PASSED] - Text 'test1' has been set to element 'Object Repository/Parte2/Ajustes cuenta/Cuenta/Recuperar Cuenta/android.widget.EditText - Respuesta'

2023-06-27 11:04:09 - [TEST_STEP][PASSED] - tap(findTestObject("Parte2/Ajustes cuenta/Cuenta/Recuperar Cuenta/android.widget.Button - Siguiente (1)"), 0): Tapped on element 'Object Repository/Parte2/Ajustes cuenta/Cuenta/Recuperar Cuenta/android.widget.Button - Siguiente (1)'

2023-06-27 11:04:09 - [MESSAGE][WARNING] - Timeout '0' is invalid. Using default page load timeout: '30'

2023-06-27 11:04:09 - [MESSAGE][PASSED] - Tapped on element 'Object Repository/Parte2/Ajustes cuenta/Cuenta/Recuperar Cuenta/android.widget.Button - Siguiente (1)'

2023-06-27 11:04:09 - [TEST_STEP][PASSED] - tap(findTestObject("Parte2/Ajustes cuenta/Cuenta/Recuperar Cuenta/android.widget.TextView - Elige una pregunta"), 0): Tapped on element 'Object Repository/Parte2/Ajustes cuenta/Cuenta/Recuperar Cuenta/android.widget.TextView - Elige una pregunta'

2023-06-27 11:04:09 - [MESSAGE][WARNING] - Timeout '0' is invalid. Using default page load timeout: '30'

2023-06-27 11:04:10 - [MESSAGE][PASSED] - Tapped on element 'Object Repository/Parte2/Ajustes cuenta/Cuenta/Recuperar Cuenta/android.widget.TextView - Elige una pregunta'

2023-06-27 11:04:10 - [TEST_STEP][PASSED] - tap(findTestObject("Parte2/Ajustes cuenta/Cuenta/Recuperar Cuenta/android.widget.TextView - Cul es la marca de tu computador"), 0): Tapped on element 'Object Repository/Parte2/Ajustes cuenta/Cuenta/Recuperar Cuenta/android.widget.TextView - Cul es la marca de tu computador'

2023-06-27 11:04:10 - [MESSAGE][WARNING] - Timeout '0' is invalid. Using default page load timeout: '30'

2023-06-27 11:04:12 - [MESSAGE][PASSED] - Tapped on element 'Object Repository/Parte2/Ajustes cuenta/Cuenta/Recuperar Cuenta/android.widget.TextView - Cul es la marca de tu computador'

2023-06-27 11:04:12 - [TEST_STEP][PASSED] - setText(findTestObject("Parte2/Ajustes cuenta/Cuenta/Recuperar Cuenta/android.widget.EditText - Respuesta (1)"), "test2", 0): Text 'test2' has been set to element 'Object Repository/Parte2/Ajustes cuenta/Cuenta/Recuperar Cuenta/android.widget.EditText - Respuesta (1)'

2023-06-27 11:04:12 - [MESSAGE][WARNING] - Timeout '0' is invalid. Using default page load timeout: '30'

2023-06-27 11:04:13 - [MESSAGE][PASSED] - Text 'test2' has been set to element 'Object Repository/Parte2/Ajustes cuenta/Cuenta/Recuperar Cuenta/android.widget.EditText - Respuesta (1)'

2023-06-27 11:04:13 - [TEST_STEP][PASSED] - tap(findTestObject("Parte2/Ajustes cuenta/Cuenta/Recuperar Cuenta/android.widget.Button - Siguiente (1)"), 0): Tapped on element 'Object Repository/Parte2/Ajustes cuenta/Cuenta/Recuperar Cuenta/android.widget.Button - Siguiente (1)'

2023-06-27 11:04:13 - [MESSAGE][WARNING] - Timeout '0' is invalid. Using default page load timeout: '30'

2023-06-27 11:04:14 - [MESSAGE][PASSED] - Tapped on element 'Object Repository/Parte2/Ajustes cuenta/Cuenta/Recuperar Cuenta/android.widget.Button - Siguiente (1)'

2023-06-27 11:04:14 - [TEST_STEP][PASSED] - tap(findTestObject("Parte2/Ajustes cuenta/Cuenta/Recuperar Cuenta/android.widget.TextView - Elige una pregunta (1)"), 0): Tapped on element 'Object Repository/Parte2/Ajustes cuenta/Cuenta/Recuperar Cuenta/android.widget.TextView - Elige una pregunta (1)'

2023-06-27 11:04:14 - [MESSAGE][WARNING] - Timeout '0' is invalid. Using default page load timeout: '30'

2023-06-27 11:04:14 - [MESSAGE][PASSED] - Tapped on element 'Object Repository/Parte2/Ajustes cuenta/Cuenta/Recuperar Cuenta/android.widget.TextView - Elige una pregunta (1)'

2023-06-27 11:04:14 - [TEST_STEP][PASSED] - tap(findTestObject("Parte2/Ajustes cuenta/Cuenta/Recuperar Cuenta/android.widget.TextView - Cul es tu profesin"), 0): Tapped on element 'Object Repository/Parte2/Ajustes cuenta/Cuenta/Recuperar Cuenta/android.widget.TextView - Cul es tu profesin'

2023-06-27 11:04:14 - [MESSAGE][WARNING] - Timeout '0' is invalid. Using default page load timeout: '30'

2023-06-27 11:04:16 - [MESSAGE][PASSED] - Tapped on element 'Object Repository/Parte2/Ajustes cuenta/Cuenta/Recuperar Cuenta/android.widget.TextView - Cul es tu profesin'

2023-06-27 11:04:16 - [TEST_STEP][PASSED] - setText(findTestObject("Parte2/Ajustes cuenta/Cuenta/Recuperar Cuenta/android.widget.EditText - Respuesta (1)"), "test3", 0): Text 'test3' has been set to element 'Object Repository/Parte2/Ajustes cuenta/Cuenta/Recuperar Cuenta/android.widget.EditText - Respuesta (1)'

2023-06-27 11:04:16 - [MESSAGE][WARNING] - Timeout '0' is invalid. Using default page load timeout: '30'

2023-06-27 11:04:17 - [MESSAGE][PASSED] - Text 'test3' has been set to element 'Object Repository/Parte2/Ajustes cuenta/Cuenta/Recuperar Cuenta/android.widget.EditText - Respuesta (1)'

2023-06-27 11:04:17 - [TEST_STEP][PASSED] - scrollToText("Finalizar", STOP_ON_FAILURE): Scrolling to text 'Finalizar' successfully

2023-06-27 11:04:18 - [MESSAGE][PASSED] - Scrolling to text 'Finalizar' successfully

2023-06-27 11:04:18 - [TEST_STEP][PASSED] - tap(findTestObject("Parte2/Ajustes cuenta/Cuenta/Recuperar Cuenta/android.widget.Button - Finalizar"), 0): Tapped on element 'Object Repository/Parte2/Ajustes cuenta/Cuenta/Recuperar Cuenta/android.widget.Button - Finalizar'

2023-06-27 11:04:18 - [MESSAGE][WARNING] - Timeout '0' is invalid. Using default page load timeout: '30'

2023-06-27 11:04:19 - [MESSAGE][PASSED] - Tapped on element 'Object Repository/Parte2/Ajustes cuenta/Cuenta/Recuperar Cuenta/android.widget.Button - Finalizar'

2023-06-27 11:04:19 - [TEST_STEP][PASSED] - verifyElementText(findTestObject("Parte2/Ajustes cuenta/Cuenta/Recuperar Cuenta/android.widget.Button - Editar"), "Editar"): Actual text and expected text of test object 'Object Repository/Parte2/Ajustes cuenta/Cuenta/Recuperar Cuenta/android.widget.Button - Editar' are matched.

2023-06-27 11:04:20 - [MESSAGE][PASSED] - Actual text and expected text of test object 'Object Repository/Parte2/Ajustes cuenta/Cuenta/Recuperar Cuenta/android.widget.Button - Editar' are matched.]]></system-out>
         <system-err><![CDATA[]]></system-err>
      </testcase>
      <testcase name="Test Cases/Parte2/Ajustes/Cuenta/Recuperar Cuenta/CPN196" time="1.077" classname="Test Cases/Parte2/Ajustes/Cuenta/Recuperar Cuenta/CPN196" status="PASSED">
         <system-out><![CDATA[2023-06-27 11:04:20 - [TEST_CASE][PASSED] - Test Cases/Parte2/Ajustes/Cuenta/Recuperar Cuenta/CPN196: Test Cases/Parte2/Ajustes/Cuenta/Recuperar Cuenta/CPN196

2023-06-27 11:04:20 - [TEST_STEP][PASSED] - tap(findTestObject("Parte2/Ajustes cuenta/Cuenta/Recuperar Cuenta/android.widget.Button - Editar"), 0): Tapped on element 'Object Repository/Parte2/Ajustes cuenta/Cuenta/Recuperar Cuenta/android.widget.Button - Editar'

2023-06-27 11:04:20 - [MESSAGE][WARNING] - Timeout '0' is invalid. Using default page load timeout: '30'

2023-06-27 11:04:20 - [MESSAGE][PASSED] - Tapped on element 'Object Repository/Parte2/Ajustes cuenta/Cuenta/Recuperar Cuenta/android.widget.Button - Editar'

2023-06-27 11:04:20 - [TEST_STEP][PASSED] - verifyElementExist(findTestObject("Parte2/Ajustes cuenta/Cuenta/Recuperar Cuenta/android.view.ViewGroup (3)"), 0): Element 'Object Repository/Parte2/Ajustes cuenta/Cuenta/Recuperar Cuenta/android.view.ViewGroup (3)' is exist

2023-06-27 11:04:20 - [MESSAGE][WARNING] - Timeout '0' is invalid. Using default page load timeout: '30'

2023-06-27 11:04:21 - [MESSAGE][PASSED] - Element 'Object Repository/Parte2/Ajustes cuenta/Cuenta/Recuperar Cuenta/android.view.ViewGroup (3)' is exist]]></system-out>
         <system-err><![CDATA[]]></system-err>
      </testcase>
      <testcase name="Test Cases/Parte2/Ajustes/Cuenta/Recuperar Cuenta/CPN197" time="0.404" classname="Test Cases/Parte2/Ajustes/Cuenta/Recuperar Cuenta/CPN197" status="PASSED">
         <system-out><![CDATA[2023-06-27 11:04:21 - [TEST_CASE][PASSED] - Test Cases/Parte2/Ajustes/Cuenta/Recuperar Cuenta/CPN197: Test Cases/Parte2/Ajustes/Cuenta/Recuperar Cuenta/CPN197

2023-06-27 11:04:21 - [TEST_STEP][PASSED] - tap(findTestObject("Parte2/Ajustes cuenta/Cuenta/Recuperar Cuenta/android.widget.Button - Cancelar"), 0): Tapped on element 'Object Repository/Parte2/Ajustes cuenta/Cuenta/Recuperar Cuenta/android.widget.Button - Cancelar'

2023-06-27 11:04:21 - [MESSAGE][WARNING] - Timeout '0' is invalid. Using default page load timeout: '30'

2023-06-27 11:04:21 - [MESSAGE][PASSED] - Tapped on element 'Object Repository/Parte2/Ajustes cuenta/Cuenta/Recuperar Cuenta/android.widget.Button - Cancelar']]></system-out>
         <system-err><![CDATA[]]></system-err>
      </testcase>
      <testcase name="Test Cases/Parte2/Ajustes/Cuenta/Recuperar Cuenta/CPN198" time="3.516" classname="Test Cases/Parte2/Ajustes/Cuenta/Recuperar Cuenta/CPN198" status="PASSED">
         <system-out><![CDATA[2023-06-27 11:04:21 - [TEST_CASE][PASSED] - Test Cases/Parte2/Ajustes/Cuenta/Recuperar Cuenta/CPN198: Test Cases/Parte2/Ajustes/Cuenta/Recuperar Cuenta/CPN198

2023-06-27 11:04:21 - [TEST_STEP][PASSED] - tap(findTestObject("Parte2/Ajustes cuenta/Cuenta/Recuperar Cuenta/android.widget.Button - Editar"), 0): Tapped on element 'Object Repository/Parte2/Ajustes cuenta/Cuenta/Recuperar Cuenta/android.widget.Button - Editar'

2023-06-27 11:04:21 - [MESSAGE][WARNING] - Timeout '0' is invalid. Using default page load timeout: '30'

2023-06-27 11:04:22 - [MESSAGE][PASSED] - Tapped on element 'Object Repository/Parte2/Ajustes cuenta/Cuenta/Recuperar Cuenta/android.widget.Button - Editar'

2023-06-27 11:04:22 - [TEST_STEP][PASSED] - tap(findTestObject("Parte2/Ajustes cuenta/Cuenta/Recuperar Cuenta/android.widget.Button - Aceptar"), 0): Tapped on element 'Object Repository/Parte2/Ajustes cuenta/Cuenta/Recuperar Cuenta/android.widget.Button - Aceptar'

2023-06-27 11:04:22 - [MESSAGE][WARNING] - Timeout '0' is invalid. Using default page load timeout: '30'

2023-06-27 11:04:23 - [MESSAGE][PASSED] - Tapped on element 'Object Repository/Parte2/Ajustes cuenta/Cuenta/Recuperar Cuenta/android.widget.Button - Aceptar'

2023-06-27 11:04:23 - [TEST_STEP][PASSED] - verifyElementExist(findTestObject("Parte2/Ajustes cuenta/Cuenta/Recuperar Cuenta/android.widget.FrameLayout (1)"), 0): Element 'Object Repository/Parte2/Ajustes cuenta/Cuenta/Recuperar Cuenta/android.widget.FrameLayout (1)' is exist

2023-06-27 11:04:23 - [MESSAGE][WARNING] - Timeout '0' is invalid. Using default page load timeout: '30'

2023-06-27 11:04:25 - [MESSAGE][PASSED] - Element 'Object Repository/Parte2/Ajustes cuenta/Cuenta/Recuperar Cuenta/android.widget.FrameLayout (1)' is exist]]></system-out>
         <system-err><![CDATA[]]></system-err>
      </testcase>
      <testcase name="Test Cases/Parte2/Ajustes/Cuenta/Recuperar Cuenta/CPN199" time="0.468" classname="Test Cases/Parte2/Ajustes/Cuenta/Recuperar Cuenta/CPN199" status="PASSED">
         <system-out><![CDATA[2023-06-27 11:04:25 - [TEST_CASE][PASSED] - Test Cases/Parte2/Ajustes/Cuenta/Recuperar Cuenta/CPN199: Test Cases/Parte2/Ajustes/Cuenta/Recuperar Cuenta/CPN199

2023-06-27 11:04:25 - [TEST_STEP][PASSED] - tap(findTestObject("Parte2/Ajustes cuenta/Cuenta/Recuperar Cuenta/android.widget.Button - Siguiente"), 0): Tapped on element 'Object Repository/Parte2/Ajustes cuenta/Cuenta/Recuperar Cuenta/android.widget.Button - Siguiente'

2023-06-27 11:04:25 - [MESSAGE][WARNING] - Timeout '0' is invalid. Using default page load timeout: '30'

2023-06-27 11:04:25 - [MESSAGE][PASSED] - Tapped on element 'Object Repository/Parte2/Ajustes cuenta/Cuenta/Recuperar Cuenta/android.widget.Button - Siguiente']]></system-out>
         <system-err><![CDATA[]]></system-err>
      </testcase>
      <testcase name="Test Cases/cpn198.1" time="8.197" classname="Test Cases/cpn198.1" status="PASSED">
         <system-out><![CDATA[2023-06-27 11:04:25 - [TEST_CASE][PASSED] - Test Cases/cpn198.1: Test Cases/cpn198.1

2023-06-27 11:04:25 - [TEST_STEP][PASSED] - delay(8, CONTINUE_ON_FAILURE): Delayed 8 second(s)

2023-06-27 11:04:33 - [MESSAGE][PASSED] - Delayed 8 second(s)]]></system-out>
         <system-err><![CDATA[]]></system-err>
      </testcase>
      <testcase name="Test Cases/Parte2/Ajustes/Cuenta/Recuperar Cuenta/CPN200" time="3.407" classname="Test Cases/Parte2/Ajustes/Cuenta/Recuperar Cuenta/CPN200" status="PASSED">
         <system-out><![CDATA[2023-06-27 11:04:33 - [TEST_CASE][PASSED] - Test Cases/Parte2/Ajustes/Cuenta/Recuperar Cuenta/CPN200: Test Cases/Parte2/Ajustes/Cuenta/Recuperar Cuenta/CPN200

2023-06-27 11:04:34 - [TEST_STEP][PASSED] - tap(findTestObject("Parte2/Ajustes cuenta/Cuenta/Recuperar Cuenta/android.widget.TextView - Elige una pregunta"), 0): Tapped on element 'Object Repository/Parte2/Ajustes cuenta/Cuenta/Recuperar Cuenta/android.widget.TextView - Elige una pregunta'

2023-06-27 11:04:34 - [MESSAGE][WARNING] - Timeout '0' is invalid. Using default page load timeout: '30'

2023-06-27 11:04:34 - [MESSAGE][PASSED] - Tapped on element 'Object Repository/Parte2/Ajustes cuenta/Cuenta/Recuperar Cuenta/android.widget.TextView - Elige una pregunta'

2023-06-27 11:04:34 - [TEST_STEP][PASSED] - tap(findTestObject("Parte2/Ajustes cuenta/Cuenta/Recuperar Cuenta/android.widget.TextView - Cul es tu tipo de comida favorita"), 0): Tapped on element 'Object Repository/Parte2/Ajustes cuenta/Cuenta/Recuperar Cuenta/android.widget.TextView - Cul es tu tipo de comida favorita'

2023-06-27 11:04:34 - [MESSAGE][WARNING] - Timeout '0' is invalid. Using default page load timeout: '30'

2023-06-27 11:04:36 - [MESSAGE][PASSED] - Tapped on element 'Object Repository/Parte2/Ajustes cuenta/Cuenta/Recuperar Cuenta/android.widget.TextView - Cul es tu tipo de comida favorita'

2023-06-27 11:04:36 - [TEST_STEP][PASSED] - tap(findTestObject("Parte2/Ajustes cuenta/Cuenta/Recuperar Cuenta/android.widget.Button - Siguiente"), 0): Tapped on element 'Object Repository/Parte2/Ajustes cuenta/Cuenta/Recuperar Cuenta/android.widget.Button - Siguiente'

2023-06-27 11:04:36 - [MESSAGE][WARNING] - Timeout '0' is invalid. Using default page load timeout: '30'

2023-06-27 11:04:37 - [MESSAGE][PASSED] - Tapped on element 'Object Repository/Parte2/Ajustes cuenta/Cuenta/Recuperar Cuenta/android.widget.Button - Siguiente'

2023-06-27 11:04:37 - [TEST_STEP][PASSED] - verifyElementText(findTestObject("Parte2/Ajustes cuenta/Cuenta/Recuperar Cuenta/android.widget.TextView - El campo no puede estar vaco"), "El campo no puede estar vacío"): Actual text and expected text of test object 'Object Repository/Parte2/Ajustes cuenta/Cuenta/Recuperar Cuenta/android.widget.TextView - El campo no puede estar vaco' are matched.

2023-06-27 11:04:37 - [MESSAGE][PASSED] - Actual text and expected text of test object 'Object Repository/Parte2/Ajustes cuenta/Cuenta/Recuperar Cuenta/android.widget.TextView - El campo no puede estar vaco' are matched.]]></system-out>
         <system-err><![CDATA[]]></system-err>
      </testcase>
      <testcase name="Test Cases/Parte2/Ajustes/Cuenta/Recuperar Cuenta/CPN201" time="1.108" classname="Test Cases/Parte2/Ajustes/Cuenta/Recuperar Cuenta/CPN201" status="PASSED">
         <system-out><![CDATA[2023-06-27 11:04:37 - [TEST_CASE][PASSED] - Test Cases/Parte2/Ajustes/Cuenta/Recuperar Cuenta/CPN201: Test Cases/Parte2/Ajustes/Cuenta/Recuperar Cuenta/CPN201

2023-06-27 11:04:37 - [TEST_STEP][PASSED] - tap(findTestObject("Parte2/Ajustes cuenta/Cuenta/Recuperar Cuenta/android.widget.Button - Cancelar"), 0): Tapped on element 'Object Repository/Parte2/Ajustes cuenta/Cuenta/Recuperar Cuenta/android.widget.Button - Cancelar'

2023-06-27 11:04:37 - [MESSAGE][WARNING] - Timeout '0' is invalid. Using default page load timeout: '30'

2023-06-27 11:04:37 - [MESSAGE][PASSED] - Tapped on element 'Object Repository/Parte2/Ajustes cuenta/Cuenta/Recuperar Cuenta/android.widget.Button - Cancelar'

2023-06-27 11:04:37 - [TEST_STEP][PASSED] - verifyElementExist(findTestObject("Parte2/Ajustes cuenta/Cuenta/Recuperar Cuenta/android.view.ViewGroup (3)"), 0): Element 'Object Repository/Parte2/Ajustes cuenta/Cuenta/Recuperar Cuenta/android.view.ViewGroup (3)' is exist

2023-06-27 11:04:37 - [MESSAGE][WARNING] - Timeout '0' is invalid. Using default page load timeout: '30'

2023-06-27 11:04:38 - [MESSAGE][PASSED] - Element 'Object Repository/Parte2/Ajustes cuenta/Cuenta/Recuperar Cuenta/android.view.ViewGroup (3)' is exist]]></system-out>
         <system-err><![CDATA[]]></system-err>
      </testcase>
      <testcase name="Test Cases/Parte2/Ajustes/Cuenta/Recuperar Cuenta/CPN202" time="0.425" classname="Test Cases/Parte2/Ajustes/Cuenta/Recuperar Cuenta/CPN202" status="PASSED">
         <system-out><![CDATA[2023-06-27 11:04:38 - [TEST_CASE][PASSED] - Test Cases/Parte2/Ajustes/Cuenta/Recuperar Cuenta/CPN202: Test Cases/Parte2/Ajustes/Cuenta/Recuperar Cuenta/CPN202

2023-06-27 11:04:38 - [TEST_STEP][PASSED] - tap(findTestObject("Parte2/Ajustes cuenta/Cuenta/Recuperar Cuenta/android.widget.Button - Cerrar"), 0): Tapped on element 'Object Repository/Parte2/Ajustes cuenta/Cuenta/Recuperar Cuenta/android.widget.Button - Cerrar'

2023-06-27 11:04:38 - [MESSAGE][WARNING] - Timeout '0' is invalid. Using default page load timeout: '30'

2023-06-27 11:04:38 - [MESSAGE][PASSED] - Tapped on element 'Object Repository/Parte2/Ajustes cuenta/Cuenta/Recuperar Cuenta/android.widget.Button - Cerrar']]></system-out>
         <system-err><![CDATA[]]></system-err>
      </testcase>
      <testcase name="Test Cases/Parte2/Ajustes/Cuenta/Recuperar Cuenta/CPN203" time="2.511" classname="Test Cases/Parte2/Ajustes/Cuenta/Recuperar Cuenta/CPN203" status="PASSED">
         <system-out><![CDATA[2023-06-27 11:04:38 - [TEST_CASE][PASSED] - Test Cases/Parte2/Ajustes/Cuenta/Recuperar Cuenta/CPN203: Test Cases/Parte2/Ajustes/Cuenta/Recuperar Cuenta/CPN203

2023-06-27 11:04:39 - [TEST_STEP][PASSED] - tap(findTestObject("Parte2/Ajustes cuenta/Cuenta/Recuperar Cuenta/android.widget.Button - Cancelar"), 0): Tapped on element 'Object Repository/Parte2/Ajustes cuenta/Cuenta/Recuperar Cuenta/android.widget.Button - Cancelar'

2023-06-27 11:04:39 - [MESSAGE][WARNING] - Timeout '0' is invalid. Using default page load timeout: '30'

2023-06-27 11:04:39 - [MESSAGE][PASSED] - Tapped on element 'Object Repository/Parte2/Ajustes cuenta/Cuenta/Recuperar Cuenta/android.widget.Button - Cancelar'

2023-06-27 11:04:39 - [TEST_STEP][PASSED] - tap(findTestObject("Parte2/Ajustes cuenta/Cuenta/Recuperar Cuenta/android.widget.Button - Confirmar (1)"), 0): Tapped on element 'Object Repository/Parte2/Ajustes cuenta/Cuenta/Recuperar Cuenta/android.widget.Button - Confirmar (1)'

2023-06-27 11:04:39 - [MESSAGE][WARNING] - Timeout '0' is invalid. Using default page load timeout: '30'

2023-06-27 11:04:40 - [MESSAGE][PASSED] - Tapped on element 'Object Repository/Parte2/Ajustes cuenta/Cuenta/Recuperar Cuenta/android.widget.Button - Confirmar (1)'

2023-06-27 11:04:40 - [TEST_STEP][PASSED] - verifyElementText(findTestObject("Parte2/Ajustes cuenta/Cuenta/Recuperar Cuenta/android.widget.Button - Editar"), "Editar"): Actual text and expected text of test object 'Object Repository/Parte2/Ajustes cuenta/Cuenta/Recuperar Cuenta/android.widget.Button - Editar' are matched.

2023-06-27 11:04:41 - [MESSAGE][PASSED] - Actual text and expected text of test object 'Object Repository/Parte2/Ajustes cuenta/Cuenta/Recuperar Cuenta/android.widget.Button - Editar' are matched.

2023-06-27 11:04:41 - [TEST_STEP][PASSED] - tap(findTestObject("Parte2/Ajustes cuenta/Cuenta/Recuperar Cuenta/android.widget.ImageButton"), 0): Tapped on element 'Object Repository/Parte2/Ajustes cuenta/Cuenta/Recuperar Cuenta/android.widget.ImageButton'

2023-06-27 11:04:41 - [MESSAGE][WARNING] - Timeout '0' is invalid. Using default page load timeout: '30'

2023-06-27 11:04:41 - [MESSAGE][PASSED] - Tapped on element 'Object Repository/Parte2/Ajustes cuenta/Cuenta/Recuperar Cuenta/android.widget.ImageButton']]></system-out>
         <system-err><![CDATA[]]></system-err>
      </testcase>
      <testcase name="Test Cases/Parte2/Ajustes/Cuenta/Eliminar Cuenta/CPN204" time="1.448" classname="Test Cases/Parte2/Ajustes/Cuenta/Eliminar Cuenta/CPN204" status="PASSED">
         <system-out><![CDATA[2023-06-27 11:04:41 - [TEST_CASE][PASSED] - Test Cases/Parte2/Ajustes/Cuenta/Eliminar Cuenta/CPN204: Test Cases/Parte2/Ajustes/Cuenta/Eliminar Cuenta/CPN204

2023-06-27 11:04:41 - [TEST_STEP][PASSED] - tap(findTestObject("Parte2/Ajustes cuenta/Cuenta/Eliminar Cuenta/android.widget.TextView - Eliminar cuenta"), 0): Tapped on element 'Object Repository/Parte2/Ajustes cuenta/Cuenta/Eliminar Cuenta/android.widget.TextView - Eliminar cuenta'

2023-06-27 11:04:41 - [MESSAGE][WARNING] - Timeout '0' is invalid. Using default page load timeout: '30'

2023-06-27 11:04:42 - [MESSAGE][PASSED] - Tapped on element 'Object Repository/Parte2/Ajustes cuenta/Cuenta/Eliminar Cuenta/android.widget.TextView - Eliminar cuenta'

2023-06-27 11:04:42 - [TEST_STEP][PASSED] - verifyElementExist(findTestObject("Parte2/Ajustes cuenta/Cuenta/Eliminar Cuenta/android.view.ViewGroup"), 0): Element 'Object Repository/Parte2/Ajustes cuenta/Cuenta/Eliminar Cuenta/android.view.ViewGroup' is exist

2023-06-27 11:04:42 - [MESSAGE][WARNING] - Timeout '0' is invalid. Using default page load timeout: '30'

2023-06-27 11:04:42 - [MESSAGE][PASSED] - Element 'Object Repository/Parte2/Ajustes cuenta/Cuenta/Eliminar Cuenta/android.view.ViewGroup' is exist]]></system-out>
         <system-err><![CDATA[]]></system-err>
      </testcase>
      <testcase name="Test Cases/Parte2/Ajustes/Cuenta/Eliminar Cuenta/CPN205" time="0.467" classname="Test Cases/Parte2/Ajustes/Cuenta/Eliminar Cuenta/CPN205" status="PASSED">
         <system-out><![CDATA[2023-06-27 11:04:42 - [TEST_CASE][PASSED] - Test Cases/Parte2/Ajustes/Cuenta/Eliminar Cuenta/CPN205: Test Cases/Parte2/Ajustes/Cuenta/Eliminar Cuenta/CPN205

2023-06-27 11:04:43 - [TEST_STEP][PASSED] - tap(findTestObject("Parte2/Ajustes cuenta/Cuenta/Eliminar Cuenta/android.widget.Button - Cancelar"), 0): Tapped on element 'Object Repository/Parte2/Ajustes cuenta/Cuenta/Eliminar Cuenta/android.widget.Button - Cancelar'

2023-06-27 11:04:43 - [MESSAGE][WARNING] - Timeout '0' is invalid. Using default page load timeout: '30'

2023-06-27 11:04:43 - [MESSAGE][PASSED] - Tapped on element 'Object Repository/Parte2/Ajustes cuenta/Cuenta/Eliminar Cuenta/android.widget.Button - Cancelar']]></system-out>
         <system-err><![CDATA[]]></system-err>
      </testcase>
      <testcase name="Test Cases/Parte2/Ajustes/Cuenta/Eliminar Cuenta/CPN206" time="23.176" classname="Test Cases/Parte2/Ajustes/Cuenta/Eliminar Cuenta/CPN206" status="PASSED">
         <system-out><![CDATA[2023-06-27 11:04:43 - [TEST_CASE][PASSED] - Test Cases/Parte2/Ajustes/Cuenta/Eliminar Cuenta/CPN206: Test Cases/Parte2/Ajustes/Cuenta/Eliminar Cuenta/CPN206

2023-06-27 11:04:43 - [TEST_STEP][PASSED] - toggleWifi("off", STOP_ON_FAILURE): Toggled wifi

2023-06-27 11:04:44 - [MESSAGE][PASSED] - Toggled wifi

2023-06-27 11:04:44 - [TEST_STEP][PASSED] - delay(10, STOP_ON_FAILURE): Delayed 10 second(s)

2023-06-27 11:04:54 - [MESSAGE][PASSED] - Delayed 10 second(s)

2023-06-27 11:04:54 - [TEST_STEP][PASSED] - tap(findTestObject("Parte2/Ajustes cuenta/Cuenta/Eliminar Cuenta/android.widget.TextView - Eliminar cuenta"), 0): Tapped on element 'Object Repository/Parte2/Ajustes cuenta/Cuenta/Eliminar Cuenta/android.widget.TextView - Eliminar cuenta'

2023-06-27 11:04:54 - [MESSAGE][WARNING] - Timeout '0' is invalid. Using default page load timeout: '30'

2023-06-27 11:04:54 - [MESSAGE][PASSED] - Tapped on element 'Object Repository/Parte2/Ajustes cuenta/Cuenta/Eliminar Cuenta/android.widget.TextView - Eliminar cuenta'

2023-06-27 11:04:54 - [TEST_STEP][PASSED] - tap(findTestObject("Parte2/Ajustes cuenta/Cuenta/Eliminar Cuenta/android.widget.Button - Confirmar"), 0): Tapped on element 'Object Repository/Parte2/Ajustes cuenta/Cuenta/Eliminar Cuenta/android.widget.Button - Confirmar'

2023-06-27 11:04:54 - [MESSAGE][WARNING] - Timeout '0' is invalid. Using default page load timeout: '30'

2023-06-27 11:04:55 - [MESSAGE][PASSED] - Tapped on element 'Object Repository/Parte2/Ajustes cuenta/Cuenta/Eliminar Cuenta/android.widget.Button - Confirmar'

2023-06-27 11:04:55 - [TEST_STEP][PASSED] - toggleWifi("on", STOP_ON_FAILURE): Toggled wifi

2023-06-27 11:04:56 - [MESSAGE][PASSED] - Toggled wifi

2023-06-27 11:04:56 - [TEST_STEP][PASSED] - delay(10, STOP_ON_FAILURE): Delayed 10 second(s)

2023-06-27 11:05:06 - [MESSAGE][PASSED] - Delayed 10 second(s)]]></system-out>
         <system-err><![CDATA[]]></system-err>
      </testcase>
      <testcase name="Test Cases/Parte2/Ajustes/Cuenta/Eliminar Cuenta/CPN207" time="11.352" classname="Test Cases/Parte2/Ajustes/Cuenta/Eliminar Cuenta/CPN207" status="PASSED">
         <system-out><![CDATA[2023-06-27 11:05:06 - [TEST_CASE][PASSED] - Test Cases/Parte2/Ajustes/Cuenta/Eliminar Cuenta/CPN207: Test Cases/Parte2/Ajustes/Cuenta/Eliminar Cuenta/CPN207

2023-06-27 11:05:06 - [TEST_STEP][PASSED] - tap(findTestObject("Parte2/Ajustes cuenta/Cuenta/Eliminar Cuenta/android.widget.TextView - Eliminar cuenta"), 0): Tapped on element 'Object Repository/Parte2/Ajustes cuenta/Cuenta/Eliminar Cuenta/android.widget.TextView - Eliminar cuenta'

2023-06-27 11:05:06 - [MESSAGE][WARNING] - Timeout '0' is invalid. Using default page load timeout: '30'

2023-06-27 11:05:06 - [MESSAGE][PASSED] - Tapped on element 'Object Repository/Parte2/Ajustes cuenta/Cuenta/Eliminar Cuenta/android.widget.TextView - Eliminar cuenta'

2023-06-27 11:05:06 - [TEST_STEP][PASSED] - delay(5, STOP_ON_FAILURE): Delayed 5 second(s)

2023-06-27 11:05:11 - [MESSAGE][PASSED] - Delayed 5 second(s)

2023-06-27 11:05:11 - [TEST_STEP][PASSED] - tap(findTestObject("Parte2/Ajustes cuenta/Cuenta/Eliminar Cuenta/android.widget.Button - Confirmar"), 0): Tapped on element 'Object Repository/Parte2/Ajustes cuenta/Cuenta/Eliminar Cuenta/android.widget.Button - Confirmar'

2023-06-27 11:05:11 - [MESSAGE][WARNING] - Timeout '0' is invalid. Using default page load timeout: '30'

2023-06-27 11:05:12 - [MESSAGE][PASSED] - Tapped on element 'Object Repository/Parte2/Ajustes cuenta/Cuenta/Eliminar Cuenta/android.widget.Button - Confirmar'

2023-06-27 11:05:12 - [TEST_STEP][PASSED] - verifyElementExist(findTestObject("Parte2/Ajustes cuenta/Cuenta/Eliminar Cuenta/android.widget.FrameLayout"), 0): Element 'Object Repository/Parte2/Ajustes cuenta/Cuenta/Eliminar Cuenta/android.widget.FrameLayout' is exist

2023-06-27 11:05:12 - [MESSAGE][WARNING] - Timeout '0' is invalid. Using default page load timeout: '30'

2023-06-27 11:05:12 - [MESSAGE][PASSED] - Element 'Object Repository/Parte2/Ajustes cuenta/Cuenta/Eliminar Cuenta/android.widget.FrameLayout' is exist

2023-06-27 11:05:12 - [TEST_STEP][PASSED] - delay(5, STOP_ON_FAILURE): Delayed 5 second(s)

2023-06-27 11:05:17 - [MESSAGE][PASSED] - Delayed 5 second(s)]]></system-out>
         <system-err><![CDATA[]]></system-err>
      </testcase>
      <system-out><![CDATA[2023-06-27 10:48:57 - [TEST_SUITE][FAILED] - Integracion parte1 y parte 2: Test Cases/Eliminar_conversacion FAILED.
Reason:
com.kms.katalon.core.exception.StepFailedException: Failed to tap and hold on element 'Object Repository/Parte1/Eliminar_conversacion/android.view.ViewGroup' with duration 3 (Root cause: org.openqa.selenium.StaleElementReferenceException: androidx.test.uiautomator.StaleObjectException
For documentation on this error, please visit: https://www.seleniumhq.org/exceptions/stale_element_reference.html
Build info: version: '3.141.59', revision: 'e82be7d358', time: '2018-11-14T08:25:53'
System info: host: 'DESKTOP-OBIGNLU', ip: '192.168.1.5', os.name: 'Windows 10', os.arch: 'amd64', os.version: '10.0', java.version: '1.8.0_282'
Driver info: com.kms.katalon.core.appium.driver.SwipeableAndroidDriver
Capabilities {app: C:\Users\Testing\Desktop\ka..., appPackage: com.naposystems.napoleonchat, autoGrantPermissions: true, automationName: uiautomator2, chromedriverPort: 60633, databaseEnabled: false, desired: {app: C:\Users\Testing\Desktop\ka..., autoGrantPermissions: true, automationName: uiautomator2, chromedriverPort: 60633, deviceId: , deviceName: samsung SM-A107M (Android 11), fullReset: true, newCommandTimeout: 1800, noReset: false, platform: ANDROID, platformName: android, platformVersion: 11, systemPort: 60631, udid: R9WN40KBXDJ}, deviceApiLevel: 30, deviceId: , deviceManufacturer: samsung, deviceModel: SM-A107M, deviceName: R9WN40KBXDJ, deviceScreenDensity: 280, deviceScreenSize: 720x1520, deviceUDID: R9WN40KBXDJ, fullReset: true, javascriptEnabled: true, locationContextEnabled: false, networkConnectionEnabled: true, newCommandTimeout: 1800, noReset: false, pixelRatio: 1.75, platform: ANDROID, platformName: Android, platformVersion: 11, statBarHeight: 57, systemPort: 60631, takesScreenshot: true, udid: R9WN40KBXDJ, viewportRect: {height: 1324, left: 0, top: 57, width: 720}, warnings: {}, webStorageEnabled: false}
Session ID: 5c50e8fb-c12d-4996-b03d-0d4c7f8b6319
	at org.openqa.selenium.remote.http.W3CHttpResponseCodec.createException(W3CHttpResponseCodec.java:187)
	at org.openqa.selenium.remote.http.W3CHttpResponseCodec.decode(W3CHttpResponseCodec.java:122)
	at org.openqa.selenium.remote.http.W3CHttpResponseCodec.decode(W3CHttpResponseCodec.java:49)
	at org.openqa.selenium.remote.HttpCommandExecutor.execute(HttpCommandExecutor.java:158)
	at io.appium.java_client.remote.AppiumCommandExecutor.execute(AppiumCommandExecutor.java:239)
	at org.openqa.selenium.remote.RemoteWebDriver.execute(RemoteWebDriver.java:552)
	at io.appium.java_client.DefaultGenericMobileDriver.execute(DefaultGenericMobileDriver.java:42)
	at io.appium.java_client.AppiumDriver.execute(AppiumDriver.java:1)
	at io.appium.java_client.android.AndroidDriver.execute(AndroidDriver.java:1)
	at com.kms.katalon.core.appium.driver.SwipeableAndroidDriver.execute(SwipeableAndroidDriver.java:1)
	at io.appium.java_client.PerformsTouchActions.performTouchAction(PerformsTouchActions.java:41)
	at io.appium.java_client.TouchAction.perform(TouchAction.java:187)
	at com.kms.katalon.core.mobile.helper.MobileElementCommonHelper.tapAndHold(MobileElementCommonHelper.java:111)
	at com.kms.katalon.core.mobile.keyword.builtin.TapAndHoldKeyword$_tapAndHold_closure1.doCall(TapAndHoldKeyword.groovy:71)
	at com.kms.katalon.core.mobile.keyword.builtin.TapAndHoldKeyword$_tapAndHold_closure1.call(TapAndHoldKeyword.groovy)
	at com.kms.katalon.core.mobile.keyword.internal.MobileKeywordMain.runKeyword(MobileKeywordMain.groovy:21)
	at com.kms.katalon.core.mobile.keyword.builtin.TapAndHoldKeyword.tapAndHold(TapAndHoldKeyword.groovy:72)
	at com.kms.katalon.core.mobile.keyword.builtin.TapAndHoldKeyword.execute(TapAndHoldKeyword.groovy:65)
	at com.kms.katalon.core.keyword.internal.KeywordExecutor.executeKeywordForPlatform(KeywordExecutor.groovy:74)
	at com.kms.katalon.core.mobile.keyword.MobileBuiltInKeywords.tapAndHold(MobileBuiltInKeywords.groovy:1571)
	at com.kms.katalon.core.mobile.keyword.MobileBuiltInKeywords$tapAndHold$9.call(Unknown Source)
	at Eliminar_conversacion.run(Eliminar_conversacion:22)
	at com.kms.katalon.core.main.ScriptEngine.run(ScriptEngine.java:194)
	at com.kms.katalon.core.main.ScriptEngine.runScriptAsRawText(ScriptEngine.java:119)
	at com.kms.katalon.core.main.TestCaseExecutor.runScript(TestCaseExecutor.java:448)
	at com.kms.katalon.core.main.TestCaseExecutor.doExecute(TestCaseExecutor.java:439)
	at com.kms.katalon.core.main.TestCaseExecutor.processExecutionPhase(TestCaseExecutor.java:418)
	at com.kms.katalon.core.main.TestCaseExecutor.accessMainPhase(TestCaseExecutor.java:410)
	at com.kms.katalon.core.main.TestCaseExecutor.execute(TestCaseExecutor.java:285)
	at com.kms.katalon.core.common.CommonExecutor.accessTestCaseMainPhase(CommonExecutor.java:65)
	at com.kms.katalon.core.main.TestSuiteExecutor.accessTestSuiteMainPhase(TestSuiteExecutor.java:148)
	at com.kms.katalon.core.main.TestSuiteExecutor.execute(TestSuiteExecutor.java:106)
	at com.kms.katalon.core.main.TestCaseMain.startTestSuite(TestCaseMain.java:187)
	at com.kms.katalon.core.main.TestCaseMain$startTestSuite$0.call(Unknown Source)
	at TempTestSuite1687880932060.run(TempTestSuite1687880932060.groovy:36)
)
	at com.kms.katalon.core.keyword.internal.KeywordMain.stepFailed(KeywordMain.groovy:51)
	at com.kms.katalon.core.mobile.keyword.internal.MobileKeywordMain.stepFailed(MobileKeywordMain.groovy:40)
	at com.kms.katalon.core.mobile.keyword.internal.MobileKeywordMain.runKeyword(MobileKeywordMain.groovy:23)
	at com.kms.katalon.core.mobile.keyword.builtin.TapAndHoldKeyword.tapAndHold(TapAndHoldKeyword.groovy:72)
	at com.kms.katalon.core.mobile.keyword.builtin.TapAndHoldKeyword.execute(TapAndHoldKeyword.groovy:65)
	at com.kms.katalon.core.keyword.internal.KeywordExecutor.executeKeywordForPlatform(KeywordExecutor.groovy:74)
	at com.kms.katalon.core.mobile.keyword.MobileBuiltInKeywords.tapAndHold(MobileBuiltInKeywords.groovy:1571)
	at com.kms.katalon.core.mobile.keyword.MobileBuiltInKeywords$tapAndHold$9.call(Unknown Source)
	at Eliminar_conversacion.run(Eliminar_conversacion:22)
	at com.kms.katalon.core.main.ScriptEngine.run(ScriptEngine.java:194)
	at com.kms.katalon.core.main.ScriptEngine.runScriptAsRawText(ScriptEngine.java:119)
	at com.kms.katalon.core.main.TestCaseExecutor.runScript(TestCaseExecutor.java:448)
	at com.kms.katalon.core.main.TestCaseExecutor.doExecute(TestCaseExecutor.java:439)
	at com.kms.katalon.core.main.TestCaseExecutor.processExecutionPhase(TestCaseExecutor.java:418)
	at com.kms.katalon.core.main.TestCaseExecutor.accessMainPhase(TestCaseExecutor.java:410)
	at com.kms.katalon.core.main.TestCaseExecutor.execute(TestCaseExecutor.java:285)
	at com.kms.katalon.core.common.CommonExecutor.accessTestCaseMainPhase(CommonExecutor.java:65)
	at com.kms.katalon.core.main.TestSuiteExecutor.accessTestSuiteMainPhase(TestSuiteExecutor.java:148)
	at com.kms.katalon.core.main.TestSuiteExecutor.execute(TestSuiteExecutor.java:106)
	at com.kms.katalon.core.main.TestCaseMain.startTestSuite(TestCaseMain.java:187)
	at com.kms.katalon.core.main.TestCaseMain$startTestSuite$0.call(Unknown Source)
	at TempTestSuite1687880932060.run(TempTestSuite1687880932060.groovy:36)
Caused by: org.openqa.selenium.StaleElementReferenceException: androidx.test.uiautomator.StaleObjectException
For documentation on this error, please visit: https://www.seleniumhq.org/exceptions/stale_element_reference.html
Build info: version: '3.141.59', revision: 'e82be7d358', time: '2018-11-14T08:25:53'
System info: host: 'DESKTOP-OBIGNLU', ip: '192.168.1.5', os.name: 'Windows 10', os.arch: 'amd64', os.version: '10.0', java.version: '1.8.0_282'
Driver info: com.kms.katalon.core.appium.driver.SwipeableAndroidDriver
Capabilities {app: C:\Users\Testing\Desktop\ka..., appPackage: com.naposystems.napoleonchat, autoGrantPermissions: true, automationName: uiautomator2, chromedriverPort: 60633, databaseEnabled: false, desired: {app: C:\Users\Testing\Desktop\ka..., autoGrantPermissions: true, automationName: uiautomator2, chromedriverPort: 60633, deviceId: , deviceName: samsung SM-A107M (Android 11), fullReset: true, newCommandTimeout: 1800, noReset: false, platform: ANDROID, platformName: android, platformVersion: 11, systemPort: 60631, udid: R9WN40KBXDJ}, deviceApiLevel: 30, deviceId: , deviceManufacturer: samsung, deviceModel: SM-A107M, deviceName: R9WN40KBXDJ, deviceScreenDensity: 280, deviceScreenSize: 720x1520, deviceUDID: R9WN40KBXDJ, fullReset: true, javascriptEnabled: true, locationContextEnabled: false, networkConnectionEnabled: true, newCommandTimeout: 1800, noReset: false, pixelRatio: 1.75, platform: ANDROID, platformName: Android, platformVersion: 11, statBarHeight: 57, systemPort: 60631, takesScreenshot: true, udid: R9WN40KBXDJ, viewportRect: {height: 1324, left: 0, top: 57, width: 720}, warnings: {}, webStorageEnabled: false}
Session ID: 5c50e8fb-c12d-4996-b03d-0d4c7f8b6319
	at org.openqa.selenium.remote.http.W3CHttpResponseCodec.createException(W3CHttpResponseCodec.java:187)
	at org.openqa.selenium.remote.http.W3CHttpResponseCodec.decode(W3CHttpResponseCodec.java:122)
	at org.openqa.selenium.remote.http.W3CHttpResponseCodec.decode(W3CHttpResponseCodec.java:49)
	at org.openqa.selenium.remote.HttpCommandExecutor.execute(HttpCommandExecutor.java:158)
	at io.appium.java_client.remote.AppiumCommandExecutor.execute(AppiumCommandExecutor.java:239)
	at org.openqa.selenium.remote.RemoteWebDriver.execute(RemoteWebDriver.java:552)
	at io.appium.java_client.DefaultGenericMobileDriver.execute(DefaultGenericMobileDriver.java:42)
	at io.appium.java_client.AppiumDriver.execute(AppiumDriver.java:1)
	at io.appium.java_client.android.AndroidDriver.execute(AndroidDriver.java:1)
	at com.kms.katalon.core.appium.driver.SwipeableAndroidDriver.execute(SwipeableAndroidDriver.java:1)
	at io.appium.java_client.PerformsTouchActions.performTouchAction(PerformsTouchActions.java:41)
	at io.appium.java_client.TouchAction.perform(TouchAction.java:187)
	at com.kms.katalon.core.mobile.helper.MobileElementCommonHelper.tapAndHold(MobileElementCommonHelper.java:111)
	at com.kms.katalon.core.mobile.keyword.builtin.TapAndHoldKeyword$_tapAndHold_closure1.doCall(TapAndHoldKeyword.groovy:71)
	at com.kms.katalon.core.mobile.keyword.builtin.TapAndHoldKeyword$_tapAndHold_closure1.call(TapAndHoldKeyword.groovy)
	at com.kms.katalon.core.mobile.keyword.internal.MobileKeywordMain.runKeyword(MobileKeywordMain.groovy:21)
	... 19 more]]></system-out>
      <system-err><![CDATA[2023-06-27 10:48:57 - [TEST_SUITE][FAILED] - Integracion parte1 y parte 2: Test Cases/Eliminar_conversacion FAILED.
Reason:
com.kms.katalon.core.exception.StepFailedException: Failed to tap and hold on element 'Object Repository/Parte1/Eliminar_conversacion/android.view.ViewGroup' with duration 3 (Root cause: org.openqa.selenium.StaleElementReferenceException: androidx.test.uiautomator.StaleObjectException
For documentation on this error, please visit: https://www.seleniumhq.org/exceptions/stale_element_reference.html
Build info: version: '3.141.59', revision: 'e82be7d358', time: '2018-11-14T08:25:53'
System info: host: 'DESKTOP-OBIGNLU', ip: '192.168.1.5', os.name: 'Windows 10', os.arch: 'amd64', os.version: '10.0', java.version: '1.8.0_282'
Driver info: com.kms.katalon.core.appium.driver.SwipeableAndroidDriver
Capabilities {app: C:\Users\Testing\Desktop\ka..., appPackage: com.naposystems.napoleonchat, autoGrantPermissions: true, automationName: uiautomator2, chromedriverPort: 60633, databaseEnabled: false, desired: {app: C:\Users\Testing\Desktop\ka..., autoGrantPermissions: true, automationName: uiautomator2, chromedriverPort: 60633, deviceId: , deviceName: samsung SM-A107M (Android 11), fullReset: true, newCommandTimeout: 1800, noReset: false, platform: ANDROID, platformName: android, platformVersion: 11, systemPort: 60631, udid: R9WN40KBXDJ}, deviceApiLevel: 30, deviceId: , deviceManufacturer: samsung, deviceModel: SM-A107M, deviceName: R9WN40KBXDJ, deviceScreenDensity: 280, deviceScreenSize: 720x1520, deviceUDID: R9WN40KBXDJ, fullReset: true, javascriptEnabled: true, locationContextEnabled: false, networkConnectionEnabled: true, newCommandTimeout: 1800, noReset: false, pixelRatio: 1.75, platform: ANDROID, platformName: Android, platformVersion: 11, statBarHeight: 57, systemPort: 60631, takesScreenshot: true, udid: R9WN40KBXDJ, viewportRect: {height: 1324, left: 0, top: 57, width: 720}, warnings: {}, webStorageEnabled: false}
Session ID: 5c50e8fb-c12d-4996-b03d-0d4c7f8b6319
	at org.openqa.selenium.remote.http.W3CHttpResponseCodec.createException(W3CHttpResponseCodec.java:187)
	at org.openqa.selenium.remote.http.W3CHttpResponseCodec.decode(W3CHttpResponseCodec.java:122)
	at org.openqa.selenium.remote.http.W3CHttpResponseCodec.decode(W3CHttpResponseCodec.java:49)
	at org.openqa.selenium.remote.HttpCommandExecutor.execute(HttpCommandExecutor.java:158)
	at io.appium.java_client.remote.AppiumCommandExecutor.execute(AppiumCommandExecutor.java:239)
	at org.openqa.selenium.remote.RemoteWebDriver.execute(RemoteWebDriver.java:552)
	at io.appium.java_client.DefaultGenericMobileDriver.execute(DefaultGenericMobileDriver.java:42)
	at io.appium.java_client.AppiumDriver.execute(AppiumDriver.java:1)
	at io.appium.java_client.android.AndroidDriver.execute(AndroidDriver.java:1)
	at com.kms.katalon.core.appium.driver.SwipeableAndroidDriver.execute(SwipeableAndroidDriver.java:1)
	at io.appium.java_client.PerformsTouchActions.performTouchAction(PerformsTouchActions.java:41)
	at io.appium.java_client.TouchAction.perform(TouchAction.java:187)
	at com.kms.katalon.core.mobile.helper.MobileElementCommonHelper.tapAndHold(MobileElementCommonHelper.java:111)
	at com.kms.katalon.core.mobile.keyword.builtin.TapAndHoldKeyword$_tapAndHold_closure1.doCall(TapAndHoldKeyword.groovy:71)
	at com.kms.katalon.core.mobile.keyword.builtin.TapAndHoldKeyword$_tapAndHold_closure1.call(TapAndHoldKeyword.groovy)
	at com.kms.katalon.core.mobile.keyword.internal.MobileKeywordMain.runKeyword(MobileKeywordMain.groovy:21)
	at com.kms.katalon.core.mobile.keyword.builtin.TapAndHoldKeyword.tapAndHold(TapAndHoldKeyword.groovy:72)
	at com.kms.katalon.core.mobile.keyword.builtin.TapAndHoldKeyword.execute(TapAndHoldKeyword.groovy:65)
	at com.kms.katalon.core.keyword.internal.KeywordExecutor.executeKeywordForPlatform(KeywordExecutor.groovy:74)
	at com.kms.katalon.core.mobile.keyword.MobileBuiltInKeywords.tapAndHold(MobileBuiltInKeywords.groovy:1571)
	at com.kms.katalon.core.mobile.keyword.MobileBuiltInKeywords$tapAndHold$9.call(Unknown Source)
	at Eliminar_conversacion.run(Eliminar_conversacion:22)
	at com.kms.katalon.core.main.ScriptEngine.run(ScriptEngine.java:194)
	at com.kms.katalon.core.main.ScriptEngine.runScriptAsRawText(ScriptEngine.java:119)
	at com.kms.katalon.core.main.TestCaseExecutor.runScript(TestCaseExecutor.java:448)
	at com.kms.katalon.core.main.TestCaseExecutor.doExecute(TestCaseExecutor.java:439)
	at com.kms.katalon.core.main.TestCaseExecutor.processExecutionPhase(TestCaseExecutor.java:418)
	at com.kms.katalon.core.main.TestCaseExecutor.accessMainPhase(TestCaseExecutor.java:410)
	at com.kms.katalon.core.main.TestCaseExecutor.execute(TestCaseExecutor.java:285)
	at com.kms.katalon.core.common.CommonExecutor.accessTestCaseMainPhase(CommonExecutor.java:65)
	at com.kms.katalon.core.main.TestSuiteExecutor.accessTestSuiteMainPhase(TestSuiteExecutor.java:148)
	at com.kms.katalon.core.main.TestSuiteExecutor.execute(TestSuiteExecutor.java:106)
	at com.kms.katalon.core.main.TestCaseMain.startTestSuite(TestCaseMain.java:187)
	at com.kms.katalon.core.main.TestCaseMain$startTestSuite$0.call(Unknown Source)
	at TempTestSuite1687880932060.run(TempTestSuite1687880932060.groovy:36)
)
	at com.kms.katalon.core.keyword.internal.KeywordMain.stepFailed(KeywordMain.groovy:51)
	at com.kms.katalon.core.mobile.keyword.internal.MobileKeywordMain.stepFailed(MobileKeywordMain.groovy:40)
	at com.kms.katalon.core.mobile.keyword.internal.MobileKeywordMain.runKeyword(MobileKeywordMain.groovy:23)
	at com.kms.katalon.core.mobile.keyword.builtin.TapAndHoldKeyword.tapAndHold(TapAndHoldKeyword.groovy:72)
	at com.kms.katalon.core.mobile.keyword.builtin.TapAndHoldKeyword.execute(TapAndHoldKeyword.groovy:65)
	at com.kms.katalon.core.keyword.internal.KeywordExecutor.executeKeywordForPlatform(KeywordExecutor.groovy:74)
	at com.kms.katalon.core.mobile.keyword.MobileBuiltInKeywords.tapAndHold(MobileBuiltInKeywords.groovy:1571)
	at com.kms.katalon.core.mobile.keyword.MobileBuiltInKeywords$tapAndHold$9.call(Unknown Source)
	at Eliminar_conversacion.run(Eliminar_conversacion:22)
	at com.kms.katalon.core.main.ScriptEngine.run(ScriptEngine.java:194)
	at com.kms.katalon.core.main.ScriptEngine.runScriptAsRawText(ScriptEngine.java:119)
	at com.kms.katalon.core.main.TestCaseExecutor.runScript(TestCaseExecutor.java:448)
	at com.kms.katalon.core.main.TestCaseExecutor.doExecute(TestCaseExecutor.java:439)
	at com.kms.katalon.core.main.TestCaseExecutor.processExecutionPhase(TestCaseExecutor.java:418)
	at com.kms.katalon.core.main.TestCaseExecutor.accessMainPhase(TestCaseExecutor.java:410)
	at com.kms.katalon.core.main.TestCaseExecutor.execute(TestCaseExecutor.java:285)
	at com.kms.katalon.core.common.CommonExecutor.accessTestCaseMainPhase(CommonExecutor.java:65)
	at com.kms.katalon.core.main.TestSuiteExecutor.accessTestSuiteMainPhase(TestSuiteExecutor.java:148)
	at com.kms.katalon.core.main.TestSuiteExecutor.execute(TestSuiteExecutor.java:106)
	at com.kms.katalon.core.main.TestCaseMain.startTestSuite(TestCaseMain.java:187)
	at com.kms.katalon.core.main.TestCaseMain$startTestSuite$0.call(Unknown Source)
	at TempTestSuite1687880932060.run(TempTestSuite1687880932060.groovy:36)
Caused by: org.openqa.selenium.StaleElementReferenceException: androidx.test.uiautomator.StaleObjectException
For documentation on this error, please visit: https://www.seleniumhq.org/exceptions/stale_element_reference.html
Build info: version: '3.141.59', revision: 'e82be7d358', time: '2018-11-14T08:25:53'
System info: host: 'DESKTOP-OBIGNLU', ip: '192.168.1.5', os.name: 'Windows 10', os.arch: 'amd64', os.version: '10.0', java.version: '1.8.0_282'
Driver info: com.kms.katalon.core.appium.driver.SwipeableAndroidDriver
Capabilities {app: C:\Users\Testing\Desktop\ka..., appPackage: com.naposystems.napoleonchat, autoGrantPermissions: true, automationName: uiautomator2, chromedriverPort: 60633, databaseEnabled: false, desired: {app: C:\Users\Testing\Desktop\ka..., autoGrantPermissions: true, automationName: uiautomator2, chromedriverPort: 60633, deviceId: , deviceName: samsung SM-A107M (Android 11), fullReset: true, newCommandTimeout: 1800, noReset: false, platform: ANDROID, platformName: android, platformVersion: 11, systemPort: 60631, udid: R9WN40KBXDJ}, deviceApiLevel: 30, deviceId: , deviceManufacturer: samsung, deviceModel: SM-A107M, deviceName: R9WN40KBXDJ, deviceScreenDensity: 280, deviceScreenSize: 720x1520, deviceUDID: R9WN40KBXDJ, fullReset: true, javascriptEnabled: true, locationContextEnabled: false, networkConnectionEnabled: true, newCommandTimeout: 1800, noReset: false, pixelRatio: 1.75, platform: ANDROID, platformName: Android, platformVersion: 11, statBarHeight: 57, systemPort: 60631, takesScreenshot: true, udid: R9WN40KBXDJ, viewportRect: {height: 1324, left: 0, top: 57, width: 720}, warnings: {}, webStorageEnabled: false}
Session ID: 5c50e8fb-c12d-4996-b03d-0d4c7f8b6319
	at org.openqa.selenium.remote.http.W3CHttpResponseCodec.createException(W3CHttpResponseCodec.java:187)
	at org.openqa.selenium.remote.http.W3CHttpResponseCodec.decode(W3CHttpResponseCodec.java:122)
	at org.openqa.selenium.remote.http.W3CHttpResponseCodec.decode(W3CHttpResponseCodec.java:49)
	at org.openqa.selenium.remote.HttpCommandExecutor.execute(HttpCommandExecutor.java:158)
	at io.appium.java_client.remote.AppiumCommandExecutor.execute(AppiumCommandExecutor.java:239)
	at org.openqa.selenium.remote.RemoteWebDriver.execute(RemoteWebDriver.java:552)
	at io.appium.java_client.DefaultGenericMobileDriver.execute(DefaultGenericMobileDriver.java:42)
	at io.appium.java_client.AppiumDriver.execute(AppiumDriver.java:1)
	at io.appium.java_client.android.AndroidDriver.execute(AndroidDriver.java:1)
	at com.kms.katalon.core.appium.driver.SwipeableAndroidDriver.execute(SwipeableAndroidDriver.java:1)
	at io.appium.java_client.PerformsTouchActions.performTouchAction(PerformsTouchActions.java:41)
	at io.appium.java_client.TouchAction.perform(TouchAction.java:187)
	at com.kms.katalon.core.mobile.helper.MobileElementCommonHelper.tapAndHold(MobileElementCommonHelper.java:111)
	at com.kms.katalon.core.mobile.keyword.builtin.TapAndHoldKeyword$_tapAndHold_closure1.doCall(TapAndHoldKeyword.groovy:71)
	at com.kms.katalon.core.mobile.keyword.builtin.TapAndHoldKeyword$_tapAndHold_closure1.call(TapAndHoldKeyword.groovy)
	at com.kms.katalon.core.mobile.keyword.internal.MobileKeywordMain.runKeyword(MobileKeywordMain.groovy:21)
	... 19 more]]></system-err>
   </testsuite>
</testsuites>
