<?xml version="1.0" encoding="UTF-8"?>
<testsuites name="Integracion parte1 y parte 2" time="984.968" tests="71" failures="1" errors="0">
   <testsuite name="Integracion parte1 y parte 2" tests="71" failures="1" errors="0" time="984.968" skipped="0" timestamp="2023-06-27 14:26:22" hostname="Testing - DESKTOP-OBIGNLU" id="Test Suites/Integracion parte1 y parte 2">
      <properties>
         <property name="deviceName" value="samsung SM-A107M (Android 11)"/>
         <property name="devicePlatform" value=""/>
         <property name="logFolder" value="C:\\Users\\Testing\\Katalon Studio\\NN_Version2\\Reports\\20230627_142615\\Integracion parte1 y parte 2\\20230627_142615"/>
         <property name="logFiles" value="C:\\Users\\Testing\\Katalon Studio\\NN_Version2\\Reports\\20230627_142615\\Integracion parte1 y parte 2\\20230627_142615\\appium.log, C:\\Users\\Testing\\Katalon Studio\\NN_Version2\\Reports\\20230627_142615\\Integracion parte1 y parte 2\\20230627_142615\\execution0.log"/>
         <property name="attachments" value="C:\\Users\\Testing\\Katalon Studio\\NN_Version2\\Reports\\20230627_142615\\Integracion parte1 y parte 2\\20230627_142615\\1687894311715.png"/>
         <property name="hostName" value="Testing - DESKTOP-OBIGNLU"/>
         <property name="os" value="Windows 10 64bit"/>
         <property name="appiumServerStatus" value="{&quot;value&quot;:{&quot;build&quot;:{&quot;version&quot;:&quot;1.22.3&quot;}},&quot;sessionId&quot;:null,&quot;status&quot;:0}"/>
         <property name="katalonVersion" value="8.6.5.208"/>
         <property name="deviceOS" value="Android"/>
         <property name="appiumVersion" value="1.22.3"/>
         <property name="deviceModel" value="SM-A107M"/>
         <property name="hostAddress" value="192.168.1.5"/>
         <property name="deviceManufacturer" value="samsung"/>
         <property name="deviceId" value="R9WN40KBXDJ"/>
         <property name="deviceName" value="samsung SM-A107M (Android 11)"/>
         <property name="deviceOSVersion" value="11"/>
      </properties>
      <testcase name="Test Cases/Parte1/INICIAR APP/CPNTUTORIAL/CPNTUTORIAL" time="51.609" classname="Test Cases/Parte1/INICIAR APP/CPNTUTORIAL/CPNTUTORIAL" status="PASSED">
         <system-out><![CDATA[2023-06-27 14:26:22 - [TEST_CASE][PASSED] - Test Cases/Parte1/INICIAR APP/CPNTUTORIAL/CPNTUTORIAL: Test Cases/Parte1/INICIAR APP/CPNTUTORIAL/CPNTUTORIAL

2023-06-27 14:26:22 - [TEST_STEP][PASSED] - startApplication("C:\Users\Testing\Desktop\katalon\APK SERVIDOR NUEVO\NapoleoN.apk", true): Started app at: 'C:\Users\Testing\Desktop\katalon\APK SERVIDOR NUEVO\NapoleoN.apk'

2023-06-27 14:26:23 - [MESSAGE][INFO] - User set preference: ['deviceId', '']

2023-06-27 14:26:23 - [MESSAGE][INFO] - Detected NodeJS location: "C:\Program Files\nodejs\node.exe"

2023-06-27 14:26:24 - [MESSAGE][INFO] - Appium server started on port 60.272

2023-06-27 14:27:04 - [MESSAGE][PASSED] - Started app at: 'C:\Users\Testing\Desktop\katalon\APK SERVIDOR NUEVO\NapoleoN.apk'

2023-06-27 14:27:04 - [TEST_STEP][PASSED] - verifyElementText(findTestObject("Object Repository/Parte1/INICIAR APP/CPNTUTORIAL/android.widget.FrameLayout (1)"), ""): Actual text and expected text of test object 'Object Repository/Parte1/INICIAR APP/CPNTUTORIAL/android.widget.FrameLayout (1)' are matched.

2023-06-27 14:27:05 - [MESSAGE][PASSED] - Actual text and expected text of test object 'Object Repository/Parte1/INICIAR APP/CPNTUTORIAL/android.widget.FrameLayout (1)' are matched.

2023-06-27 14:27:05 - [TEST_STEP][PASSED] - tap(findTestObject("Object Repository/Parte1/INICIAR APP/CPNTUTORIAL/android.widget.TextView - Omitir"), 1): Tapped on element 'Object Repository/Parte1/INICIAR APP/CPNTUTORIAL/android.widget.TextView - Omitir'

2023-06-27 14:27:05 - [MESSAGE][PASSED] - Tapped on element 'Object Repository/Parte1/INICIAR APP/CPNTUTORIAL/android.widget.TextView - Omitir'

2023-06-27 14:27:05 - [TEST_STEP][PASSED] - pressBack(): Press back button successfully

2023-06-27 14:27:07 - [MESSAGE][PASSED] - Press back button successfully

2023-06-27 14:27:07 - [TEST_STEP][PASSED] - toggleWifi("ON", STOP_ON_FAILURE): Toggled wifi

2023-06-27 14:27:07 - [MESSAGE][PASSED] - Toggled wifi

2023-06-27 14:27:07 - [TEST_STEP][PASSED] - tap(findTestObject("Object Repository/Parte1/INICIAR APP/CPNTUTORIAL/android.widget.TextView - Siguiente"), 1): Tapped on element 'Object Repository/Parte1/INICIAR APP/CPNTUTORIAL/android.widget.TextView - Siguiente'

2023-06-27 14:27:08 - [MESSAGE][PASSED] - Tapped on element 'Object Repository/Parte1/INICIAR APP/CPNTUTORIAL/android.widget.TextView - Siguiente'

2023-06-27 14:27:08 - [TEST_STEP][PASSED] - verifyElementText(findTestObject("Parte1/INICIAR APP/CPNTUTORIAL/android.widget.FrameLayout"), ""): Actual text and expected text of test object 'Object Repository/Parte1/INICIAR APP/CPNTUTORIAL/android.widget.FrameLayout' are matched.

2023-06-27 14:27:08 - [MESSAGE][PASSED] - Actual text and expected text of test object 'Object Repository/Parte1/INICIAR APP/CPNTUTORIAL/android.widget.FrameLayout' are matched.

2023-06-27 14:27:08 - [TEST_STEP][PASSED] - tap(findTestObject("Object Repository/Parte1/INICIAR APP/CPNTUTORIAL/android.widget.TextView - Siguiente (1)"), 500): Tapped on element 'Object Repository/Parte1/INICIAR APP/CPNTUTORIAL/android.widget.TextView - Siguiente (1)'

2023-06-27 14:27:09 - [MESSAGE][PASSED] - Tapped on element 'Object Repository/Parte1/INICIAR APP/CPNTUTORIAL/android.widget.TextView - Siguiente (1)'

2023-06-27 14:27:09 - [TEST_STEP][PASSED] - verifyElementText(findTestObject("Parte1/INICIAR APP/CPNTUTORIAL/android.widget.FrameLayout"), ""): Actual text and expected text of test object 'Object Repository/Parte1/INICIAR APP/CPNTUTORIAL/android.widget.FrameLayout' are matched.

2023-06-27 14:27:10 - [MESSAGE][PASSED] - Actual text and expected text of test object 'Object Repository/Parte1/INICIAR APP/CPNTUTORIAL/android.widget.FrameLayout' are matched.

2023-06-27 14:27:10 - [TEST_STEP][PASSED] - tap(findTestObject("Parte1/INICIAR APP/CPNTUTORIAL/android.widget.TextView - Siguiente (1)"), 500): Tapped on element 'Object Repository/Parte1/INICIAR APP/CPNTUTORIAL/android.widget.TextView - Siguiente (1)'

2023-06-27 14:27:10 - [MESSAGE][PASSED] - Tapped on element 'Object Repository/Parte1/INICIAR APP/CPNTUTORIAL/android.widget.TextView - Siguiente (1)'

2023-06-27 14:27:10 - [TEST_STEP][PASSED] - tap(findTestObject("Parte1/INICIAR APP/CPNTUTORIAL/android.widget.TextView - Siguiente (1)"), 100): Tapped on element 'Object Repository/Parte1/INICIAR APP/CPNTUTORIAL/android.widget.TextView - Siguiente (1)'

2023-06-27 14:27:11 - [MESSAGE][PASSED] - Tapped on element 'Object Repository/Parte1/INICIAR APP/CPNTUTORIAL/android.widget.TextView - Siguiente (1)'

2023-06-27 14:27:11 - [TEST_STEP][PASSED] - verifyElementText(findTestObject("Parte1/INICIAR APP/CPNTUTORIAL/android.widget.FrameLayout"), ""): Actual text and expected text of test object 'Object Repository/Parte1/INICIAR APP/CPNTUTORIAL/android.widget.FrameLayout' are matched.

2023-06-27 14:27:12 - [MESSAGE][PASSED] - Actual text and expected text of test object 'Object Repository/Parte1/INICIAR APP/CPNTUTORIAL/android.widget.FrameLayout' are matched.

2023-06-27 14:27:12 - [TEST_STEP][PASSED] - tap(findTestObject("Parte1/INICIAR APP/CPNTUTORIAL/android.widget.TextView - Siguiente (1)"), 1): Tapped on element 'Object Repository/Parte1/INICIAR APP/CPNTUTORIAL/android.widget.TextView - Siguiente (1)'

2023-06-27 14:27:12 - [MESSAGE][PASSED] - Tapped on element 'Object Repository/Parte1/INICIAR APP/CPNTUTORIAL/android.widget.TextView - Siguiente (1)'

2023-06-27 14:27:12 - [TEST_STEP][PASSED] - verifyElementText(findTestObject("Parte1/INICIAR APP/CPNTUTORIAL/android.widget.FrameLayout"), ""): Actual text and expected text of test object 'Object Repository/Parte1/INICIAR APP/CPNTUTORIAL/android.widget.FrameLayout' are matched.

2023-06-27 14:27:13 - [MESSAGE][PASSED] - Actual text and expected text of test object 'Object Repository/Parte1/INICIAR APP/CPNTUTORIAL/android.widget.FrameLayout' are matched.

2023-06-27 14:27:13 - [TEST_STEP][PASSED] - tap(findTestObject("Object Repository/Parte1/INICIAR APP/CPNTUTORIAL/android.widget.TextView - Empezar"), 100): Tapped on element 'Object Repository/Parte1/INICIAR APP/CPNTUTORIAL/android.widget.TextView - Empezar'

2023-06-27 14:27:14 - [MESSAGE][PASSED] - Tapped on element 'Object Repository/Parte1/INICIAR APP/CPNTUTORIAL/android.widget.TextView - Empezar']]></system-out>
         <system-err><![CDATA[]]></system-err>
      </testcase>
      <testcase name="Test Cases/Parte1/INICIAR APP/Abrir_App/CPN1" time="6.652" classname="Test Cases/Parte1/INICIAR APP/Abrir_App/CPN1" status="PASSED">
         <system-out><![CDATA[2023-06-27 14:27:14 - [TEST_CASE][PASSED] - Test Cases/Parte1/INICIAR APP/Abrir_App/CPN1: Test Cases/Parte1/INICIAR APP/Abrir_App/CPN1

2023-06-27 14:27:14 - [TEST_STEP][PASSED] - pressBack(): Press back button successfully

2023-06-27 14:27:14 - [MESSAGE][PASSED] - Press back button successfully

2023-06-27 14:27:14 - [TEST_STEP][PASSED] - pressBack(): Press back button successfully

2023-06-27 14:27:15 - [MESSAGE][PASSED] - Press back button successfully

2023-06-27 14:27:15 - [TEST_STEP][PASSED] - toggleWifi("OFF", STOP_ON_FAILURE): Toggled wifi

2023-06-27 14:27:16 - [MESSAGE][PASSED] - Toggled wifi

2023-06-27 14:27:16 - [TEST_STEP][PASSED] - tap(findTestObject("Object Repository/Parte1/INICIAR APP/Abrir_App/CPN1/android.widget.TextView - NapoleoN"), 3000): Tapped on element 'Object Repository/Parte1/INICIAR APP/Abrir_App/CPN1/android.widget.TextView - NapoleoN'

2023-06-27 14:27:17 - [MESSAGE][PASSED] - Tapped on element 'Object Repository/Parte1/INICIAR APP/Abrir_App/CPN1/android.widget.TextView - NapoleoN'

2023-06-27 14:27:17 - [TEST_STEP][PASSED] - delay(2): Delayed 2 second(s)

2023-06-27 14:27:19 - [MESSAGE][PASSED] - Delayed 2 second(s)

2023-06-27 14:27:19 - [TEST_STEP][PASSED] - toggleWifi("ON", STOP_ON_FAILURE): Toggled wifi

2023-06-27 14:27:20 - [MESSAGE][PASSED] - Toggled wifi]]></system-out>
         <system-err><![CDATA[]]></system-err>
      </testcase>
      <testcase name="Test Cases/Parte1/INICIAR APP/Abrir_App/CPN2" time="4.834" classname="Test Cases/Parte1/INICIAR APP/Abrir_App/CPN2" status="PASSED">
         <system-out><![CDATA[2023-06-27 14:27:20 - [TEST_CASE][PASSED] - Test Cases/Parte1/INICIAR APP/Abrir_App/CPN2: Test Cases/Parte1/INICIAR APP/Abrir_App/CPN2

2023-06-27 14:27:20 - [TEST_STEP][PASSED] - pressBack(): Press back button successfully

2023-06-27 14:27:21 - [MESSAGE][PASSED] - Press back button successfully

2023-06-27 14:27:21 - [TEST_STEP][PASSED] - pressBack(): Press back button successfully

2023-06-27 14:27:22 - [MESSAGE][PASSED] - Press back button successfully

2023-06-27 14:27:22 - [TEST_STEP][PASSED] - tap(findTestObject("Object Repository/Parte1/INICIAR APP/Abrir_App/CPN2/android.widget.TextView - NapoleoN"), 500): Tapped on element 'Object Repository/Parte1/INICIAR APP/Abrir_App/CPN2/android.widget.TextView - NapoleoN'

2023-06-27 14:27:22 - [MESSAGE][PASSED] - Tapped on element 'Object Repository/Parte1/INICIAR APP/Abrir_App/CPN2/android.widget.TextView - NapoleoN'

2023-06-27 14:27:22 - [TEST_STEP][PASSED] - toggleWifi("off", STOP_ON_FAILURE): Toggled wifi

2023-06-27 14:27:23 - [MESSAGE][PASSED] - Toggled wifi

2023-06-27 14:27:23 - [TEST_STEP][PASSED] - delay(2, STOP_ON_FAILURE): Delayed 2 second(s)

2023-06-27 14:27:25 - [MESSAGE][PASSED] - Delayed 2 second(s)]]></system-out>
         <system-err><![CDATA[]]></system-err>
      </testcase>
      <testcase name="Test Cases/Parte1/INICIAR APP/Abrir_App/CPN3" time="16.995" classname="Test Cases/Parte1/INICIAR APP/Abrir_App/CPN3" status="PASSED">
         <system-out><![CDATA[2023-06-27 14:27:25 - [TEST_CASE][PASSED] - Test Cases/Parte1/INICIAR APP/Abrir_App/CPN3: Test Cases/Parte1/INICIAR APP/Abrir_App/CPN3

2023-06-27 14:27:25 - [TEST_STEP][PASSED] - pressBack(): Press back button successfully

2023-06-27 14:27:26 - [MESSAGE][PASSED] - Press back button successfully

2023-06-27 14:27:26 - [TEST_STEP][PASSED] - pressBack(): Press back button successfully

2023-06-27 14:27:27 - [MESSAGE][PASSED] - Press back button successfully

2023-06-27 14:27:27 - [TEST_STEP][PASSED] - toggleWifi("ON", STOP_ON_FAILURE): Toggled wifi

2023-06-27 14:27:27 - [MESSAGE][PASSED] - Toggled wifi

2023-06-27 14:27:27 - [TEST_STEP][PASSED] - delay(4): Delayed 4 second(s)

2023-06-27 14:27:31 - [MESSAGE][PASSED] - Delayed 4 second(s)

2023-06-27 14:27:31 - [TEST_STEP][PASSED] - toggleWifi("OFF", STOP_ON_FAILURE): Toggled wifi

2023-06-27 14:27:32 - [MESSAGE][PASSED] - Toggled wifi

2023-06-27 14:27:32 - [TEST_STEP][PASSED] - tap(findTestObject("Parte1/INICIAR APP/Abrir_App/CPN1/android.widget.TextView - NapoleoN"), 0): Tapped on element 'Object Repository/Parte1/INICIAR APP/Abrir_App/CPN1/android.widget.TextView - NapoleoN'

2023-06-27 14:27:32 - [MESSAGE][WARNING] - Timeout '0' is invalid. Using default page load timeout: '30'

2023-06-27 14:27:33 - [MESSAGE][PASSED] - Tapped on element 'Object Repository/Parte1/INICIAR APP/Abrir_App/CPN1/android.widget.TextView - NapoleoN'

2023-06-27 14:27:33 - [TEST_STEP][PASSED] - tap(findTestObject("Parte1/INICIAR APP/Abrir_App/CPN3/android.widget.Button - Crear Cuenta"), 0): Tapped on element 'Object Repository/Parte1/INICIAR APP/Abrir_App/CPN3/android.widget.Button - Crear Cuenta'

2023-06-27 14:27:33 - [MESSAGE][WARNING] - Timeout '0' is invalid. Using default page load timeout: '30'

2023-06-27 14:27:34 - [MESSAGE][PASSED] - Tapped on element 'Object Repository/Parte1/INICIAR APP/Abrir_App/CPN3/android.widget.Button - Crear Cuenta'

2023-06-27 14:27:34 - [TEST_STEP][PASSED] - delay(3): Delayed 3 second(s)

2023-06-27 14:27:37 - [MESSAGE][PASSED] - Delayed 3 second(s)

2023-06-27 14:27:37 - [TEST_STEP][PASSED] - tap(findTestObject("Object Repository/Parte1/INICIAR APP/Abrir_App/CPN3/android.widget.Button - Enviar cdigo de registro"), 0): Tapped on element 'Object Repository/Parte1/INICIAR APP/Abrir_App/CPN3/android.widget.Button - Enviar cdigo de registro'

2023-06-27 14:27:38 - [MESSAGE][WARNING] - Timeout '0' is invalid. Using default page load timeout: '30'

2023-06-27 14:27:38 - [MESSAGE][PASSED] - Tapped on element 'Object Repository/Parte1/INICIAR APP/Abrir_App/CPN3/android.widget.Button - Enviar cdigo de registro'

2023-06-27 14:27:38 - [TEST_STEP][PASSED] - verifyElementVisible(findTestObject("Object Repository/Parte1/INICIAR APP/Abrir_App/CPN3/android.widget.FrameLayout"), 0): Element 'Object Repository/Parte1/INICIAR APP/Abrir_App/CPN3/android.widget.FrameLayout' is visible

2023-06-27 14:27:38 - [MESSAGE][WARNING] - Timeout '0' is invalid. Using default page load timeout: '30'

2023-06-27 14:27:40 - [MESSAGE][PASSED] - Element 'Object Repository/Parte1/INICIAR APP/Abrir_App/CPN3/android.widget.FrameLayout' is visible

2023-06-27 14:27:40 - [TEST_STEP][PASSED] - tap(findTestObject("Object Repository/Parte1/INICIAR APP/Abrir_App/CPN3/android.widget.Button - OK"), 0): Tapped on element 'Object Repository/Parte1/INICIAR APP/Abrir_App/CPN3/android.widget.Button - OK'

2023-06-27 14:27:40 - [MESSAGE][WARNING] - Timeout '0' is invalid. Using default page load timeout: '30'

2023-06-27 14:27:41 - [MESSAGE][PASSED] - Tapped on element 'Object Repository/Parte1/INICIAR APP/Abrir_App/CPN3/android.widget.Button - OK'

2023-06-27 14:27:41 - [TEST_STEP][PASSED] - toggleWifi("ON", STOP_ON_FAILURE): Toggled wifi

2023-06-27 14:27:42 - [MESSAGE][PASSED] - Toggled wifi]]></system-out>
         <system-err><![CDATA[]]></system-err>
      </testcase>
      <testcase name="Test Cases/Parte1/INICIA_SESION_APODO_INEXISTENTE3.1/CPN21" time="26.239" classname="Test Cases/Parte1/INICIA_SESION_APODO_INEXISTENTE3.1/CPN21" status="PASSED">
         <system-out><![CDATA[2023-06-27 14:27:42 - [TEST_CASE][PASSED] - Test Cases/Parte1/INICIA_SESION_APODO_INEXISTENTE3.1/CPN21: Test Cases/Parte1/INICIA_SESION_APODO_INEXISTENTE3.1/CPN21

2023-06-27 14:27:42 - [TEST_STEP][PASSED] - delay(4): Delayed 4 second(s)

2023-06-27 14:27:46 - [MESSAGE][PASSED] - Delayed 4 second(s)

2023-06-27 14:27:46 - [TEST_STEP][PASSED] - tap(findTestObject("Object Repository/Parte1/INICIA_SESION_APODO_INEXISTENTE/CPN21/android.widget.ImageButton"), 1): Tapped on element 'Object Repository/Parte1/INICIA_SESION_APODO_INEXISTENTE/CPN21/android.widget.ImageButton'

2023-06-27 14:27:47 - [MESSAGE][PASSED] - Tapped on element 'Object Repository/Parte1/INICIA_SESION_APODO_INEXISTENTE/CPN21/android.widget.ImageButton'

2023-06-27 14:27:47 - [TEST_STEP][PASSED] - tap(findTestObject("Object Repository/Parte1/INICIA_SESION_APODO_INEXISTENTE/CPN21/android.widget.TextView - Iniciar sesin"), 1): Tapped on element 'Object Repository/Parte1/INICIA_SESION_APODO_INEXISTENTE/CPN21/android.widget.TextView - Iniciar sesin'

2023-06-27 14:27:48 - [MESSAGE][PASSED] - Tapped on element 'Object Repository/Parte1/INICIA_SESION_APODO_INEXISTENTE/CPN21/android.widget.TextView - Iniciar sesin'

2023-06-27 14:27:48 - [TEST_STEP][PASSED] - verifyElementText(findTestObject("Object Repository/Parte1/INICIA_SESION_APODO_INEXISTENTE/CPN21/android.widget.TextView - Recuperar Cuenta"), "Recuperar Cuenta"): Actual text and expected text of test object 'Object Repository/Parte1/INICIA_SESION_APODO_INEXISTENTE/CPN21/android.widget.TextView - Recuperar Cuenta' are matched.

2023-06-27 14:27:49 - [MESSAGE][PASSED] - Actual text and expected text of test object 'Object Repository/Parte1/INICIA_SESION_APODO_INEXISTENTE/CPN21/android.widget.TextView - Recuperar Cuenta' are matched.

2023-06-27 14:27:49 - [TEST_STEP][PASSED] - tap(findTestObject("Object Repository/Parte1/INICIA_SESION_APODO_INEXISTENTE/CPN21/android.widget.EditText - Apodo"), 1): Tapped on element 'Object Repository/Parte1/INICIA_SESION_APODO_INEXISTENTE/CPN21/android.widget.EditText - Apodo'

2023-06-27 14:27:50 - [MESSAGE][PASSED] - Tapped on element 'Object Repository/Parte1/INICIA_SESION_APODO_INEXISTENTE/CPN21/android.widget.EditText - Apodo'

2023-06-27 14:27:50 - [TEST_STEP][PASSED] - setText(findTestObject("Object Repository/Parte1/INICIA_SESION_APODO_INEXISTENTE/CPN21/android.widget.EditText - Apodo (1)"), "AUTOMATIZACION", 0): Text 'AUTOMATIZACION' has been set to element 'Object Repository/Parte1/INICIA_SESION_APODO_INEXISTENTE/CPN21/android.widget.EditText - Apodo (1)'

2023-06-27 14:27:50 - [MESSAGE][WARNING] - Timeout '0' is invalid. Using default page load timeout: '30'

2023-06-27 14:27:53 - [MESSAGE][PASSED] - Text 'AUTOMATIZACION' has been set to element 'Object Repository/Parte1/INICIA_SESION_APODO_INEXISTENTE/CPN21/android.widget.EditText - Apodo (1)'

2023-06-27 14:27:53 - [TEST_STEP][PASSED] - hideKeyboard(): Keyboard is hidden

2023-06-27 14:27:55 - [MESSAGE][PASSED] - Keyboard is hidden

2023-06-27 14:27:55 - [TEST_STEP][PASSED] - tap(findTestObject("Object Repository/Parte1/INICIA_SESION_APODO_INEXISTENTE/CPN21/android.widget.Button - Recuperar"), 1): Tapped on element 'Object Repository/Parte1/INICIA_SESION_APODO_INEXISTENTE/CPN21/android.widget.Button - Recuperar'

2023-06-27 14:27:55 - [MESSAGE][PASSED] - Tapped on element 'Object Repository/Parte1/INICIA_SESION_APODO_INEXISTENTE/CPN21/android.widget.Button - Recuperar'

2023-06-27 14:27:55 - [TEST_STEP][PASSED] - tap(findTestObject("Object Repository/Parte1/INICIA_SESION_APODO_INEXISTENTE/CPN21/android.widget.RadioButton - No eleg esta pregunta"), 400): Tapped on element 'Object Repository/Parte1/INICIA_SESION_APODO_INEXISTENTE/CPN21/android.widget.RadioButton - No eleg esta pregunta'

2023-06-27 14:27:58 - [MESSAGE][PASSED] - Tapped on element 'Object Repository/Parte1/INICIA_SESION_APODO_INEXISTENTE/CPN21/android.widget.RadioButton - No eleg esta pregunta'

2023-06-27 14:27:58 - [TEST_STEP][PASSED] - tap(findTestObject("Object Repository/Parte1/INICIA_SESION_APODO_INEXISTENTE/CPN21/android.widget.Button - Siguiente"), 200): Tapped on element 'Object Repository/Parte1/INICIA_SESION_APODO_INEXISTENTE/CPN21/android.widget.Button - Siguiente'

2023-06-27 14:27:59 - [MESSAGE][PASSED] - Tapped on element 'Object Repository/Parte1/INICIA_SESION_APODO_INEXISTENTE/CPN21/android.widget.Button - Siguiente'

2023-06-27 14:27:59 - [TEST_STEP][PASSED] - tap(findTestObject("Object Repository/Parte1/INICIA_SESION_APODO_INEXISTENTE/CPN21/android.widget.Button - Siguiente (1)"), 200): Tapped on element 'Object Repository/Parte1/INICIA_SESION_APODO_INEXISTENTE/CPN21/android.widget.Button - Siguiente (1)'

2023-06-27 14:28:00 - [MESSAGE][PASSED] - Tapped on element 'Object Repository/Parte1/INICIA_SESION_APODO_INEXISTENTE/CPN21/android.widget.Button - Siguiente (1)'

2023-06-27 14:28:00 - [TEST_STEP][PASSED] - tap(findTestObject("Object Repository/Parte1/INICIA_SESION_APODO_INEXISTENTE/CPN21/android.widget.RadioGroup"), 100): Tapped on element 'Object Repository/Parte1/INICIA_SESION_APODO_INEXISTENTE/CPN21/android.widget.RadioGroup'

2023-06-27 14:28:00 - [MESSAGE][PASSED] - Tapped on element 'Object Repository/Parte1/INICIA_SESION_APODO_INEXISTENTE/CPN21/android.widget.RadioGroup'

2023-06-27 14:28:00 - [TEST_STEP][PASSED] - tap(findTestObject("Parte1/INICIA_SESION_APODO_INEXISTENTE/CPN21/android.widget.Button - Siguiente (1)"), 200): Tapped on element 'Object Repository/Parte1/INICIA_SESION_APODO_INEXISTENTE/CPN21/android.widget.Button - Siguiente (1)'

2023-06-27 14:28:01 - [MESSAGE][PASSED] - Tapped on element 'Object Repository/Parte1/INICIA_SESION_APODO_INEXISTENTE/CPN21/android.widget.Button - Siguiente (1)'

2023-06-27 14:28:01 - [TEST_STEP][PASSED] - tap(findTestObject("Object Repository/Parte1/INICIA_SESION_APODO_INEXISTENTE/CPN21/android.widget.RadioGroup (1)"), 1): Tapped on element 'Object Repository/Parte1/INICIA_SESION_APODO_INEXISTENTE/CPN21/android.widget.RadioGroup (1)'

2023-06-27 14:28:02 - [MESSAGE][PASSED] - Tapped on element 'Object Repository/Parte1/INICIA_SESION_APODO_INEXISTENTE/CPN21/android.widget.RadioGroup (1)'

2023-06-27 14:28:02 - [TEST_STEP][PASSED] - tap(findTestObject("Parte1/INICIA_SESION_APODO_INEXISTENTE/CPN21/android.widget.Button - Siguiente (1)"), 100): Tapped on element 'Object Repository/Parte1/INICIA_SESION_APODO_INEXISTENTE/CPN21/android.widget.Button - Siguiente (1)'

2023-06-27 14:28:03 - [MESSAGE][PASSED] - Tapped on element 'Object Repository/Parte1/INICIA_SESION_APODO_INEXISTENTE/CPN21/android.widget.Button - Siguiente (1)'

2023-06-27 14:28:03 - [TEST_STEP][PASSED] - tap(findTestObject("Parte1/INICIA_SESION_APODO_INEXISTENTE/CPN21/android.widget.Button - Siguiente (1)"), 400): Tapped on element 'Object Repository/Parte1/INICIA_SESION_APODO_INEXISTENTE/CPN21/android.widget.Button - Siguiente (1)'

2023-06-27 14:28:04 - [MESSAGE][PASSED] - Tapped on element 'Object Repository/Parte1/INICIA_SESION_APODO_INEXISTENTE/CPN21/android.widget.Button - Siguiente (1)'

2023-06-27 14:28:04 - [TEST_STEP][PASSED] - tap(findTestObject("Parte1/INICIA_SESION_APODO_INEXISTENTE/CPN21/android.widget.RadioGroup (1)"), 200): Tapped on element 'Object Repository/Parte1/INICIA_SESION_APODO_INEXISTENTE/CPN21/android.widget.RadioGroup (1)'

2023-06-27 14:28:04 - [MESSAGE][PASSED] - Tapped on element 'Object Repository/Parte1/INICIA_SESION_APODO_INEXISTENTE/CPN21/android.widget.RadioGroup (1)'

2023-06-27 14:28:04 - [TEST_STEP][PASSED] - tap(findTestObject("Parte1/INICIA_SESION_APODO_INEXISTENTE/CPN21/android.widget.Button - Siguiente (1)"), 400): Tapped on element 'Object Repository/Parte1/INICIA_SESION_APODO_INEXISTENTE/CPN21/android.widget.Button - Siguiente (1)'

2023-06-27 14:28:05 - [MESSAGE][PASSED] - Tapped on element 'Object Repository/Parte1/INICIA_SESION_APODO_INEXISTENTE/CPN21/android.widget.Button - Siguiente (1)'

2023-06-27 14:28:05 - [TEST_STEP][PASSED] - tap(findTestObject("Parte1/INICIA_SESION_APODO_INEXISTENTE/CPN21/android.widget.RadioGroup (1)"), 400): Tapped on element 'Object Repository/Parte1/INICIA_SESION_APODO_INEXISTENTE/CPN21/android.widget.RadioGroup (1)'

2023-06-27 14:28:06 - [MESSAGE][PASSED] - Tapped on element 'Object Repository/Parte1/INICIA_SESION_APODO_INEXISTENTE/CPN21/android.widget.RadioGroup (1)'

2023-06-27 14:28:06 - [TEST_STEP][PASSED] - tap(findTestObject("Object Repository/Parte1/INICIA_SESION_APODO_INEXISTENTE/CPN21/android.widget.Button - Finalizar"), 200): Tapped on element 'Object Repository/Parte1/INICIA_SESION_APODO_INEXISTENTE/CPN21/android.widget.Button - Finalizar'

2023-06-27 14:28:07 - [MESSAGE][PASSED] - Tapped on element 'Object Repository/Parte1/INICIA_SESION_APODO_INEXISTENTE/CPN21/android.widget.Button - Finalizar'

2023-06-27 14:28:07 - [TEST_STEP][PASSED] - verifyElementVisible(findTestObject("Object Repository/Parte1/INICIA_SESION_APODO_INEXISTENTE/CPN21/androidx.appcompat.widget.LinearLayoutCompat"), 200): Element 'Object Repository/Parte1/INICIA_SESION_APODO_INEXISTENTE/CPN21/androidx.appcompat.widget.LinearLayoutCompat' is visible

2023-06-27 14:28:08 - [MESSAGE][PASSED] - Element 'Object Repository/Parte1/INICIA_SESION_APODO_INEXISTENTE/CPN21/androidx.appcompat.widget.LinearLayoutCompat' is visible

2023-06-27 14:28:08 - [TEST_STEP][PASSED] - tap(findTestObject("Object Repository/Parte1/INICIA_SESION_APODO_INEXISTENTE/CPN21/android.widget.Button - Cerrar"), 200): Tapped on element 'Object Repository/Parte1/INICIA_SESION_APODO_INEXISTENTE/CPN21/android.widget.Button - Cerrar'

2023-06-27 14:28:08 - [MESSAGE][PASSED] - Tapped on element 'Object Repository/Parte1/INICIA_SESION_APODO_INEXISTENTE/CPN21/android.widget.Button - Cerrar']]></system-out>
         <system-err><![CDATA[]]></system-err>
      </testcase>
      <testcase name="Test Cases/Parte1/INICIA_SESION_APODO_EXISTENTE3.2/CPN22" time="19.996" classname="Test Cases/Parte1/INICIA_SESION_APODO_EXISTENTE3.2/CPN22" status="PASSED">
         <system-out><![CDATA[2023-06-27 14:28:08 - [TEST_CASE][PASSED] - Test Cases/Parte1/INICIA_SESION_APODO_EXISTENTE3.2/CPN22: Test Cases/Parte1/INICIA_SESION_APODO_EXISTENTE3.2/CPN22

2023-06-27 14:28:09 - [TEST_STEP][PASSED] - tap(findTestObject("Object Repository/Parte1/INICIA_SESION_APODO_EXISTENTE/CPN22/android.widget.EditText - Apodo"), 1): Tapped on element 'Object Repository/Parte1/INICIA_SESION_APODO_EXISTENTE/CPN22/android.widget.EditText - Apodo'

2023-06-27 14:28:11 - [MESSAGE][PASSED] - Tapped on element 'Object Repository/Parte1/INICIA_SESION_APODO_EXISTENTE/CPN22/android.widget.EditText - Apodo'

2023-06-27 14:28:11 - [TEST_STEP][PASSED] - setText(findTestObject("Object Repository/Parte1/INICIA_SESION_APODO_EXISTENTE/CPN22/android.widget.EditText - Apodo (1)"), "EDWIN_1324", 0): Text 'EDWIN_1324' has been set to element 'Object Repository/Parte1/INICIA_SESION_APODO_EXISTENTE/CPN22/android.widget.EditText - Apodo (1)'

2023-06-27 14:28:11 - [MESSAGE][WARNING] - Timeout '0' is invalid. Using default page load timeout: '30'

2023-06-27 14:28:13 - [MESSAGE][PASSED] - Text 'EDWIN_1324' has been set to element 'Object Repository/Parte1/INICIA_SESION_APODO_EXISTENTE/CPN22/android.widget.EditText - Apodo (1)'

2023-06-27 14:28:13 - [TEST_STEP][PASSED] - hideKeyboard(): Keyboard is hidden

2023-06-27 14:28:14 - [MESSAGE][PASSED] - Keyboard is hidden

2023-06-27 14:28:14 - [TEST_STEP][PASSED] - tap(findTestObject("Object Repository/Parte1/INICIA_SESION_APODO_EXISTENTE/CPN22/android.widget.Button - Recuperar"), 100): Tapped on element 'Object Repository/Parte1/INICIA_SESION_APODO_EXISTENTE/CPN22/android.widget.Button - Recuperar'

2023-06-27 14:28:15 - [MESSAGE][PASSED] - Tapped on element 'Object Repository/Parte1/INICIA_SESION_APODO_EXISTENTE/CPN22/android.widget.Button - Recuperar'

2023-06-27 14:28:15 - [TEST_STEP][PASSED] - tap(findTestObject("Parte1/INICIA_SESION_APODO_EXISTENTE/CPN22/android.widget.RadioGroup"), 100): Tapped on element 'Object Repository/Parte1/INICIA_SESION_APODO_EXISTENTE/CPN22/android.widget.RadioGroup'

2023-06-27 14:28:16 - [MESSAGE][PASSED] - Tapped on element 'Object Repository/Parte1/INICIA_SESION_APODO_EXISTENTE/CPN22/android.widget.RadioGroup'

2023-06-27 14:28:16 - [TEST_STEP][PASSED] - tap(findTestObject("Object Repository/Parte1/INICIA_SESION_APODO_EXISTENTE/CPN22/android.widget.Button - Siguiente"), 100): Tapped on element 'Object Repository/Parte1/INICIA_SESION_APODO_EXISTENTE/CPN22/android.widget.Button - Siguiente'

2023-06-27 14:28:18 - [MESSAGE][PASSED] - Tapped on element 'Object Repository/Parte1/INICIA_SESION_APODO_EXISTENTE/CPN22/android.widget.Button - Siguiente'

2023-06-27 14:28:18 - [TEST_STEP][PASSED] - tap(findTestObject("Object Repository/Parte1/INICIA_SESION_APODO_EXISTENTE/CPN22/android.widget.Button - Siguiente (1)"), 100): Tapped on element 'Object Repository/Parte1/INICIA_SESION_APODO_EXISTENTE/CPN22/android.widget.Button - Siguiente (1)'

2023-06-27 14:28:18 - [MESSAGE][PASSED] - Tapped on element 'Object Repository/Parte1/INICIA_SESION_APODO_EXISTENTE/CPN22/android.widget.Button - Siguiente (1)'

2023-06-27 14:28:18 - [TEST_STEP][PASSED] - tap(findTestObject("Object Repository/Parte1/INICIA_SESION_APODO_EXISTENTE/CPN22/android.widget.RadioGroup (1)"), 100): Tapped on element 'Object Repository/Parte1/INICIA_SESION_APODO_EXISTENTE/CPN22/android.widget.RadioGroup (1)'

2023-06-27 14:28:18 - [MESSAGE][PASSED] - Tapped on element 'Object Repository/Parte1/INICIA_SESION_APODO_EXISTENTE/CPN22/android.widget.RadioGroup (1)'

2023-06-27 14:28:18 - [TEST_STEP][PASSED] - tap(findTestObject("Parte1/INICIA_SESION_APODO_EXISTENTE/CPN22/android.widget.Button - Siguiente (1)"), 100): Tapped on element 'Object Repository/Parte1/INICIA_SESION_APODO_EXISTENTE/CPN22/android.widget.Button - Siguiente (1)'

2023-06-27 14:28:20 - [MESSAGE][PASSED] - Tapped on element 'Object Repository/Parte1/INICIA_SESION_APODO_EXISTENTE/CPN22/android.widget.Button - Siguiente (1)'

2023-06-27 14:28:20 - [TEST_STEP][PASSED] - tap(findTestObject("Object Repository/Parte1/INICIA_SESION_APODO_EXISTENTE/CPN22/android.widget.RadioButton - No eleg esta pregunta"), 100): Tapped on element 'Object Repository/Parte1/INICIA_SESION_APODO_EXISTENTE/CPN22/android.widget.RadioButton - No eleg esta pregunta'

2023-06-27 14:28:20 - [MESSAGE][PASSED] - Tapped on element 'Object Repository/Parte1/INICIA_SESION_APODO_EXISTENTE/CPN22/android.widget.RadioButton - No eleg esta pregunta'

2023-06-27 14:28:20 - [TEST_STEP][PASSED] - tap(findTestObject("Parte1/INICIA_SESION_APODO_EXISTENTE/CPN22/android.widget.Button - Siguiente (1)"), 100): Tapped on element 'Object Repository/Parte1/INICIA_SESION_APODO_EXISTENTE/CPN22/android.widget.Button - Siguiente (1)'

2023-06-27 14:28:22 - [MESSAGE][PASSED] - Tapped on element 'Object Repository/Parte1/INICIA_SESION_APODO_EXISTENTE/CPN22/android.widget.Button - Siguiente (1)'

2023-06-27 14:28:22 - [TEST_STEP][PASSED] - tap(findTestObject("Parte1/INICIA_SESION_APODO_EXISTENTE/CPN22/android.widget.RadioGroup"), 100): Tapped on element 'Object Repository/Parte1/INICIA_SESION_APODO_EXISTENTE/CPN22/android.widget.RadioGroup'

2023-06-27 14:28:22 - [MESSAGE][PASSED] - Tapped on element 'Object Repository/Parte1/INICIA_SESION_APODO_EXISTENTE/CPN22/android.widget.RadioGroup'

2023-06-27 14:28:22 - [TEST_STEP][PASSED] - tap(findTestObject("Parte1/INICIA_SESION_APODO_EXISTENTE/CPN22/android.widget.Button - Siguiente (1)"), 100): Tapped on element 'Object Repository/Parte1/INICIA_SESION_APODO_EXISTENTE/CPN22/android.widget.Button - Siguiente (1)'

2023-06-27 14:28:23 - [MESSAGE][PASSED] - Tapped on element 'Object Repository/Parte1/INICIA_SESION_APODO_EXISTENTE/CPN22/android.widget.Button - Siguiente (1)'

2023-06-27 14:28:23 - [TEST_STEP][PASSED] - tap(findTestObject("Parte1/INICIA_SESION_APODO_EXISTENTE/CPN22/android.widget.RadioGroup"), 100): Tapped on element 'Object Repository/Parte1/INICIA_SESION_APODO_EXISTENTE/CPN22/android.widget.RadioGroup'

2023-06-27 14:28:24 - [MESSAGE][PASSED] - Tapped on element 'Object Repository/Parte1/INICIA_SESION_APODO_EXISTENTE/CPN22/android.widget.RadioGroup'

2023-06-27 14:28:24 - [TEST_STEP][PASSED] - tap(findTestObject("Object Repository/Parte1/INICIA_SESION_APODO_EXISTENTE/CPN22/android.widget.Button - Finalizar"), 100): Tapped on element 'Object Repository/Parte1/INICIA_SESION_APODO_EXISTENTE/CPN22/android.widget.Button - Finalizar'

2023-06-27 14:28:24 - [MESSAGE][PASSED] - Tapped on element 'Object Repository/Parte1/INICIA_SESION_APODO_EXISTENTE/CPN22/android.widget.Button - Finalizar'

2023-06-27 14:28:24 - [TEST_STEP][PASSED] - verifyElementVisible(findTestObject("Object Repository/Parte1/INICIA_SESION_APODO_EXISTENTE/CPN22/androidx.appcompat.widget.LinearLayoutCompat"), 100): Element 'Object Repository/Parte1/INICIA_SESION_APODO_EXISTENTE/CPN22/androidx.appcompat.widget.LinearLayoutCompat' is visible

2023-06-27 14:28:26 - [MESSAGE][PASSED] - Element 'Object Repository/Parte1/INICIA_SESION_APODO_EXISTENTE/CPN22/androidx.appcompat.widget.LinearLayoutCompat' is visible

2023-06-27 14:28:26 - [TEST_STEP][PASSED] - tap(findTestObject("Object Repository/Parte1/INICIA_SESION_APODO_EXISTENTE/CPN22/android.widget.Button - Cerrar"), 100): Tapped on element 'Object Repository/Parte1/INICIA_SESION_APODO_EXISTENTE/CPN22/android.widget.Button - Cerrar'

2023-06-27 14:28:26 - [MESSAGE][PASSED] - Tapped on element 'Object Repository/Parte1/INICIA_SESION_APODO_EXISTENTE/CPN22/android.widget.Button - Cerrar'

2023-06-27 14:28:26 - [TEST_STEP][PASSED] - tap(findTestObject("Object Repository/Parte1/INICIA_SESION_APODO_EXISTENTE/CPN22/android.widget.ImageButton"), 100): Tapped on element 'Object Repository/Parte1/INICIA_SESION_APODO_EXISTENTE/CPN22/android.widget.ImageButton'

2023-06-27 14:28:28 - [MESSAGE][PASSED] - Tapped on element 'Object Repository/Parte1/INICIA_SESION_APODO_EXISTENTE/CPN22/android.widget.ImageButton']]></system-out>
         <system-err><![CDATA[]]></system-err>
      </testcase>
      <testcase name="Test Cases/Parte1/INICIAR APP/Abrir_App/CPN4" time="6.852" classname="Test Cases/Parte1/INICIAR APP/Abrir_App/CPN4" status="PASSED">
         <system-out><![CDATA[2023-06-27 14:28:28 - [TEST_CASE][PASSED] - Test Cases/Parte1/INICIAR APP/Abrir_App/CPN4: Test Cases/Parte1/INICIAR APP/Abrir_App/CPN4

2023-06-27 14:28:28 - [TEST_STEP][PASSED] - toggleWifi("off", STOP_ON_FAILURE): Toggled wifi

2023-06-27 14:28:29 - [MESSAGE][PASSED] - Toggled wifi

2023-06-27 14:28:29 - [TEST_STEP][PASSED] - toggleWifi("on", STOP_ON_FAILURE): Toggled wifi

2023-06-27 14:28:30 - [MESSAGE][PASSED] - Toggled wifi

2023-06-27 14:28:30 - [TEST_STEP][PASSED] - delay(5): Delayed 5 second(s)

2023-06-27 14:28:35 - [MESSAGE][PASSED] - Delayed 5 second(s)]]></system-out>
         <system-err><![CDATA[]]></system-err>
      </testcase>
      <testcase name="Test Cases/Parte1/Crear cuenta/CPN5" time="7.638" classname="Test Cases/Parte1/Crear cuenta/CPN5" status="PASSED">
         <system-out><![CDATA[2023-06-27 14:28:35 - [TEST_CASE][PASSED] - Test Cases/Parte1/Crear cuenta/CPN5: Test Cases/Parte1/Crear cuenta/CPN5

2023-06-27 14:28:35 - [TEST_STEP][PASSED] - tap(findTestObject("Object Repository/Parte1/Crear_cuenta/CPN5/android.widget.Button - Crear Cuenta"), 100): Tapped on element 'Object Repository/Parte1/Crear_cuenta/CPN5/android.widget.Button - Crear Cuenta'

2023-06-27 14:28:36 - [MESSAGE][PASSED] - Tapped on element 'Object Repository/Parte1/Crear_cuenta/CPN5/android.widget.Button - Crear Cuenta'

2023-06-27 14:28:36 - [TEST_STEP][PASSED] - verifyElementText(findTestObject("Parte1/Crear_cuenta/CPN5/android.widget.FrameLayout"), ""): Actual text and expected text of test object 'Object Repository/Parte1/Crear_cuenta/CPN5/android.widget.FrameLayout' are matched.

2023-06-27 14:28:37 - [MESSAGE][PASSED] - Actual text and expected text of test object 'Object Repository/Parte1/Crear_cuenta/CPN5/android.widget.FrameLayout' are matched.

2023-06-27 14:28:37 - [TEST_STEP][PASSED] - tap(findTestObject("Object Repository/Parte1/Crear_cuenta/CPN5/android.widget.Button - Enviar cdigo de registro"), 200): Tapped on element 'Object Repository/Parte1/Crear_cuenta/CPN5/android.widget.Button - Enviar cdigo de registro'

2023-06-27 14:28:38 - [MESSAGE][PASSED] - Tapped on element 'Object Repository/Parte1/Crear_cuenta/CPN5/android.widget.Button - Enviar cdigo de registro'

2023-06-27 14:28:38 - [TEST_STEP][PASSED] - verifyElementText(findTestObject("Object Repository/Parte1/Crear_cuenta/CPN5/android.widget.TextView - Bienvenido a NapoleoN Chat"), "Bienvenido a NapoleoN Chat"): Actual text and expected text of test object 'Object Repository/Parte1/Crear_cuenta/CPN5/android.widget.TextView - Bienvenido a NapoleoN Chat' are matched.

2023-06-27 14:28:42 - [MESSAGE][PASSED] - Actual text and expected text of test object 'Object Repository/Parte1/Crear_cuenta/CPN5/android.widget.TextView - Bienvenido a NapoleoN Chat' are matched.

2023-06-27 14:28:42 - [TEST_STEP][PASSED] - verifyElementVisible(findTestObject("Object Repository/Parte1/Crear_cuenta/CPN5/android.widget.LinearLayout"), 0): Element 'Object Repository/Parte1/Crear_cuenta/CPN5/android.widget.LinearLayout' is visible

2023-06-27 14:28:42 - [MESSAGE][WARNING] - Timeout '0' is invalid. Using default page load timeout: '30'

2023-06-27 14:28:43 - [MESSAGE][PASSED] - Element 'Object Repository/Parte1/Crear_cuenta/CPN5/android.widget.LinearLayout' is visible]]></system-out>
         <system-err><![CDATA[]]></system-err>
      </testcase>
      <testcase name="Test Cases/Parte1/Crear cuenta/CPN6-7" time="29.49" classname="Test Cases/Parte1/Crear cuenta/CPN6-7" status="PASSED">
         <system-out><![CDATA[2023-06-27 14:28:43 - [TEST_CASE][PASSED] - Test Cases/Parte1/Crear cuenta/CPN6-7: Test Cases/Parte1/Crear cuenta/CPN6-7

2023-06-27 14:28:43 - [TEST_STEP][PASSED] - verifyElementVisible(findTestObject("Parte1/Crear_cuenta/CPN6-7/android.widget.LinearLayout"), 1): Element 'Object Repository/Parte1/Crear_cuenta/CPN6-7/android.widget.LinearLayout' is visible

2023-06-27 14:28:43 - [MESSAGE][PASSED] - Element 'Object Repository/Parte1/Crear_cuenta/CPN6-7/android.widget.LinearLayout' is visible

2023-06-27 14:28:43 - [TEST_STEP][PASSED] - tap(findTestObject("Object Repository/Parte1/Crear_cuenta/CPN6-7/android.widget.Button - Reenviar cdigo"), 1): Tapped on element 'Object Repository/Parte1/Crear_cuenta/CPN6-7/android.widget.Button - Reenviar cdigo'

2023-06-27 14:28:44 - [MESSAGE][PASSED] - Tapped on element 'Object Repository/Parte1/Crear_cuenta/CPN6-7/android.widget.Button - Reenviar cdigo'

2023-06-27 14:28:44 - [TEST_STEP][PASSED] - delay(1): Delayed 1 second(s)

2023-06-27 14:28:45 - [MESSAGE][PASSED] - Delayed 1 second(s)

2023-06-27 14:28:45 - [TEST_STEP][PASSED] - verifyElementVisible(findTestObject("Parte1/Crear_cuenta/CPN6-7/android.widget.LinearLayout"), 1): Element 'Object Repository/Parte1/Crear_cuenta/CPN6-7/android.widget.LinearLayout' is visible

2023-06-27 14:28:46 - [MESSAGE][PASSED] - Element 'Object Repository/Parte1/Crear_cuenta/CPN6-7/android.widget.LinearLayout' is visible

2023-06-27 14:28:46 - [TEST_STEP][PASSED] - tap(findTestObject("Parte1/Crear_cuenta/CPN6-7/android.widget.Button - Reenviar cdigo (1)"), 1): Tapped on element 'Object Repository/Parte1/Crear_cuenta/CPN6-7/android.widget.Button - Reenviar cdigo (1)'

2023-06-27 14:28:47 - [MESSAGE][PASSED] - Tapped on element 'Object Repository/Parte1/Crear_cuenta/CPN6-7/android.widget.Button - Reenviar cdigo (1)'

2023-06-27 14:28:47 - [TEST_STEP][PASSED] - delay(24): Delayed 24 second(s)

2023-06-27 14:29:11 - [MESSAGE][PASSED] - Delayed 24 second(s)

2023-06-27 14:29:11 - [TEST_STEP][PASSED] - tap(findTestObject("Parte1/Crear_cuenta/CPN6-7/android.widget.Button - Reenviar cdigo (1)"), 1): Tapped on element 'Object Repository/Parte1/Crear_cuenta/CPN6-7/android.widget.Button - Reenviar cdigo (1)'

2023-06-27 14:29:11 - [MESSAGE][PASSED] - Tapped on element 'Object Repository/Parte1/Crear_cuenta/CPN6-7/android.widget.Button - Reenviar cdigo (1)'

2023-06-27 14:29:11 - [TEST_STEP][PASSED] - delay(1): Delayed 1 second(s)

2023-06-27 14:29:12 - [MESSAGE][PASSED] - Delayed 1 second(s)]]></system-out>
         <system-err><![CDATA[]]></system-err>
      </testcase>
      <testcase name="Test Cases/Parte1/Crear cuenta/CPN9" time="12.793" classname="Test Cases/Parte1/Crear cuenta/CPN9" status="PASSED">
         <system-out><![CDATA[2023-06-27 14:29:12 - [TEST_CASE][PASSED] - Test Cases/Parte1/Crear cuenta/CPN9: Test Cases/Parte1/Crear cuenta/CPN9

2023-06-27 14:29:12 - [TEST_STEP][PASSED] - tap(findTestObject("Object Repository/Parte1/Crear_cuenta/CPN9/android.widget.Button - Continuar"), 0): Tapped on element 'Object Repository/Parte1/Crear_cuenta/CPN9/android.widget.Button - Continuar'

2023-06-27 14:29:13 - [MESSAGE][WARNING] - Timeout '0' is invalid. Using default page load timeout: '30'

2023-06-27 14:29:15 - [MESSAGE][PASSED] - Tapped on element 'Object Repository/Parte1/Crear_cuenta/CPN9/android.widget.Button - Continuar'

2023-06-27 14:29:15 - [TEST_STEP][PASSED] - delay(2, STOP_ON_FAILURE): Delayed 2 second(s)

2023-06-27 14:29:17 - [MESSAGE][PASSED] - Delayed 2 second(s)

2023-06-27 14:29:17 - [TEST_STEP][PASSED] - verifyElementText(findTestObject("Object Repository/Parte1/Crear_cuenta/CPN9/android.view.ViewGroup"), ""): Actual text and expected text of test object 'Object Repository/Parte1/Crear_cuenta/CPN9/android.view.ViewGroup' are matched.

2023-06-27 14:29:19 - [MESSAGE][PASSED] - Actual text and expected text of test object 'Object Repository/Parte1/Crear_cuenta/CPN9/android.view.ViewGroup' are matched.

2023-06-27 14:29:19 - [TEST_STEP][PASSED] - tap(findTestObject("Object Repository/Parte1/Crear_cuenta/CPN9/android.widget.EditText - Apodo"), 0): Tapped on element 'Object Repository/Parte1/Crear_cuenta/CPN9/android.widget.EditText - Apodo'

2023-06-27 14:29:19 - [MESSAGE][WARNING] - Timeout '0' is invalid. Using default page load timeout: '30'

2023-06-27 14:29:19 - [MESSAGE][PASSED] - Tapped on element 'Object Repository/Parte1/Crear_cuenta/CPN9/android.widget.EditText - Apodo'

2023-06-27 14:29:19 - [TEST_STEP][PASSED] - setText(findTestObject("Object Repository/Parte1/Crear_cuenta/CPN9/android.widget.EditText - Apodo (1)"), "PRUEBA", 0): Text 'PRUEBA' has been set to element 'Object Repository/Parte1/Crear_cuenta/CPN9/android.widget.EditText - Apodo (1)'

2023-06-27 14:29:19 - [MESSAGE][WARNING] - Timeout '0' is invalid. Using default page load timeout: '30'

2023-06-27 14:29:22 - [MESSAGE][PASSED] - Text 'PRUEBA' has been set to element 'Object Repository/Parte1/Crear_cuenta/CPN9/android.widget.EditText - Apodo (1)'

2023-06-27 14:29:22 - [TEST_STEP][PASSED] - clearText(findTestObject("Object Repository/Parte1/Crear_cuenta/CPN9/android.widget.EditText - PRUEBA"), 0): Element 'Object Repository/Parte1/Crear_cuenta/CPN9/android.widget.EditText - PRUEBA' text is cleared

2023-06-27 14:29:22 - [MESSAGE][WARNING] - Timeout '0' is invalid. Using default page load timeout: '30'

2023-06-27 14:29:23 - [MESSAGE][PASSED] - Element 'Object Repository/Parte1/Crear_cuenta/CPN9/android.widget.EditText - PRUEBA' text is cleared

2023-06-27 14:29:23 - [TEST_STEP][PASSED] - hideKeyboard(): Keyboard is hidden

2023-06-27 14:29:25 - [MESSAGE][PASSED] - Keyboard is hidden

2023-06-27 14:29:25 - [TEST_STEP][PASSED] - verifyElementText(findTestObject("Object Repository/Parte1/Crear_cuenta/CPN9/android.widget.TextView - El Apodo es obligatorio"), "El Apodo es obligatorio"): Actual text and expected text of test object 'Object Repository/Parte1/Crear_cuenta/CPN9/android.widget.TextView - El Apodo es obligatorio' are matched.

2023-06-27 14:29:25 - [MESSAGE][PASSED] - Actual text and expected text of test object 'Object Repository/Parte1/Crear_cuenta/CPN9/android.widget.TextView - El Apodo es obligatorio' are matched.]]></system-out>
         <system-err><![CDATA[]]></system-err>
      </testcase>
      <testcase name="Test Cases/Parte1/Crear cuenta/CPN10" time="6.526" classname="Test Cases/Parte1/Crear cuenta/CPN10" status="PASSED">
         <system-out><![CDATA[2023-06-27 14:29:25 - [TEST_CASE][PASSED] - Test Cases/Parte1/Crear cuenta/CPN10: Test Cases/Parte1/Crear cuenta/CPN10

2023-06-27 14:29:25 - [TEST_STEP][PASSED] - tap(findTestObject("Object Repository/Parte1/Crear_cuenta/CPN10/android.widget.EditText - Apodo"), 0): Tapped on element 'Object Repository/Parte1/Crear_cuenta/CPN10/android.widget.EditText - Apodo'

2023-06-27 14:29:25 - [MESSAGE][WARNING] - Timeout '0' is invalid. Using default page load timeout: '30'

2023-06-27 14:29:27 - [MESSAGE][PASSED] - Tapped on element 'Object Repository/Parte1/Crear_cuenta/CPN10/android.widget.EditText - Apodo'

2023-06-27 14:29:27 - [TEST_STEP][PASSED] - setText(findTestObject("Object Repository/Parte1/Crear_cuenta/CPN10/android.widget.EditText - Apodo (1)"), "0123456789", 0): Text '0123456789' has been set to element 'Object Repository/Parte1/Crear_cuenta/CPN10/android.widget.EditText - Apodo (1)'

2023-06-27 14:29:27 - [MESSAGE][WARNING] - Timeout '0' is invalid. Using default page load timeout: '30'

2023-06-27 14:29:29 - [MESSAGE][PASSED] - Text '0123456789' has been set to element 'Object Repository/Parte1/Crear_cuenta/CPN10/android.widget.EditText - Apodo (1)'

2023-06-27 14:29:29 - [TEST_STEP][PASSED] - verifyElementText(findTestObject("Object Repository/Parte1/Crear_cuenta/CPN10/android.widget.TextView - El Apodo debe comenzar con una letra"), "El Apodo debe comenzar con una letra"): Actual text and expected text of test object 'Object Repository/Parte1/Crear_cuenta/CPN10/android.widget.TextView - El Apodo debe comenzar con una letra' are matched.

2023-06-27 14:29:30 - [MESSAGE][PASSED] - Actual text and expected text of test object 'Object Repository/Parte1/Crear_cuenta/CPN10/android.widget.TextView - El Apodo debe comenzar con una letra' are matched.

2023-06-27 14:29:30 - [TEST_STEP][PASSED] - hideKeyboard(): Keyboard is hidden

2023-06-27 14:29:31 - [MESSAGE][PASSED] - Keyboard is hidden

2023-06-27 14:29:31 - [TEST_STEP][PASSED] - tap(findTestObject("Object Repository/Parte1/Crear_cuenta/CPN10/android.widget.Button - Siguiente"), 0): Tapped on element 'Object Repository/Parte1/Crear_cuenta/CPN10/android.widget.Button - Siguiente'

2023-06-27 14:29:31 - [MESSAGE][WARNING] - Timeout '0' is invalid. Using default page load timeout: '30'

2023-06-27 14:29:32 - [MESSAGE][PASSED] - Tapped on element 'Object Repository/Parte1/Crear_cuenta/CPN10/android.widget.Button - Siguiente']]></system-out>
         <system-err><![CDATA[]]></system-err>
      </testcase>
      <testcase name="Test Cases/Parte1/Crear cuenta/CPN11" time="7.711" classname="Test Cases/Parte1/Crear cuenta/CPN11" status="PASSED">
         <system-out><![CDATA[2023-06-27 14:29:32 - [TEST_CASE][PASSED] - Test Cases/Parte1/Crear cuenta/CPN11: Test Cases/Parte1/Crear cuenta/CPN11

2023-06-27 14:29:32 - [TEST_STEP][PASSED] - clearText(findTestObject("Object Repository/Parte1/Crear_cuenta/CPN11/android.widget.EditText - 0123456789"), 100): Element 'Object Repository/Parte1/Crear_cuenta/CPN11/android.widget.EditText - 0123456789' text is cleared

2023-06-27 14:29:32 - [MESSAGE][PASSED] - Element 'Object Repository/Parte1/Crear_cuenta/CPN11/android.widget.EditText - 0123456789' text is cleared

2023-06-27 14:29:32 - [TEST_STEP][PASSED] - tap(findTestObject("Object Repository/Parte1/Crear_cuenta/CPN11/android.widget.EditText - Apodo"), 100): Tapped on element 'Object Repository/Parte1/Crear_cuenta/CPN11/android.widget.EditText - Apodo'

2023-06-27 14:29:33 - [MESSAGE][PASSED] - Tapped on element 'Object Repository/Parte1/Crear_cuenta/CPN11/android.widget.EditText - Apodo'

2023-06-27 14:29:33 - [TEST_STEP][PASSED] - setText(findTestObject("Object Repository/Parte1/Crear_cuenta/CPN11/android.widget.EditText - Apodo (1)"), "abcde", 0): Text 'abcde' has been set to element 'Object Repository/Parte1/Crear_cuenta/CPN11/android.widget.EditText - Apodo (1)'

2023-06-27 14:29:33 - [MESSAGE][WARNING] - Timeout '0' is invalid. Using default page load timeout: '30'

2023-06-27 14:29:36 - [MESSAGE][PASSED] - Text 'abcde' has been set to element 'Object Repository/Parte1/Crear_cuenta/CPN11/android.widget.EditText - Apodo (1)'

2023-06-27 14:29:36 - [TEST_STEP][PASSED] - verifyElementText(findTestObject("Object Repository/Parte1/Crear_cuenta/CPN11/android.widget.TextView - El apodo debe contener al menos un nmero"), "El apodo debe contener al menos un número"): Actual text and expected text of test object 'Object Repository/Parte1/Crear_cuenta/CPN11/android.widget.TextView - El apodo debe contener al menos un nmero' are matched.

2023-06-27 14:29:37 - [MESSAGE][PASSED] - Actual text and expected text of test object 'Object Repository/Parte1/Crear_cuenta/CPN11/android.widget.TextView - El apodo debe contener al menos un nmero' are matched.

2023-06-27 14:29:37 - [TEST_STEP][PASSED] - hideKeyboard(): Keyboard is hidden

2023-06-27 14:29:39 - [MESSAGE][PASSED] - Keyboard is hidden

2023-06-27 14:29:39 - [TEST_STEP][PASSED] - tap(findTestObject("Object Repository/Parte1/Crear_cuenta/CPN11/android.widget.Button - Siguiente"), 1): Tapped on element 'Object Repository/Parte1/Crear_cuenta/CPN11/android.widget.Button - Siguiente'

2023-06-27 14:29:39 - [MESSAGE][PASSED] - Tapped on element 'Object Repository/Parte1/Crear_cuenta/CPN11/android.widget.Button - Siguiente'

2023-06-27 14:29:39 - [TEST_STEP][PASSED] - clearText(findTestObject("Object Repository/Parte1/Crear_cuenta/CPN11/android.widget.EditText - abcde"), 100): Element 'Object Repository/Parte1/Crear_cuenta/CPN11/android.widget.EditText - abcde' text is cleared

2023-06-27 14:29:39 - [MESSAGE][PASSED] - Element 'Object Repository/Parte1/Crear_cuenta/CPN11/android.widget.EditText - abcde' text is cleared]]></system-out>
         <system-err><![CDATA[]]></system-err>
      </testcase>
      <testcase name="Test Cases/Parte1/Crear cuenta/CPN12" time="4.705" classname="Test Cases/Parte1/Crear cuenta/CPN12" status="PASSED">
         <system-out><![CDATA[2023-06-27 14:29:39 - [TEST_CASE][PASSED] - Test Cases/Parte1/Crear cuenta/CPN12: Test Cases/Parte1/Crear cuenta/CPN12

2023-06-27 14:29:40 - [TEST_STEP][PASSED] - setText(findTestObject("Object Repository/Parte1/Crear_cuenta/CPN12/android.widget.EditText - Apodo"), "0123456789012345678901", 0): Text '0123456789012345678901' has been set to element 'Object Repository/Parte1/Crear_cuenta/CPN12/android.widget.EditText - Apodo'

2023-06-27 14:29:40 - [MESSAGE][WARNING] - Timeout '0' is invalid. Using default page load timeout: '30'

2023-06-27 14:29:42 - [MESSAGE][PASSED] - Text '0123456789012345678901' has been set to element 'Object Repository/Parte1/Crear_cuenta/CPN12/android.widget.EditText - Apodo'

2023-06-27 14:29:42 - [TEST_STEP][PASSED] - hideKeyboard(): Keyboard is hidden

2023-06-27 14:29:42 - [MESSAGE][PASSED] - Keyboard is hidden

2023-06-27 14:29:42 - [TEST_STEP][PASSED] - clearText(findTestObject("Object Repository/Parte1/Crear_cuenta/CPN12/android.widget.EditText - 01234567890123456789"), 0): Element 'Object Repository/Parte1/Crear_cuenta/CPN12/android.widget.EditText - 01234567890123456789' text is cleared

2023-06-27 14:29:42 - [MESSAGE][WARNING] - Timeout '0' is invalid. Using default page load timeout: '30'

2023-06-27 14:29:43 - [MESSAGE][PASSED] - Element 'Object Repository/Parte1/Crear_cuenta/CPN12/android.widget.EditText - 01234567890123456789' text is cleared

2023-06-27 14:29:43 - [TEST_STEP][PASSED] - tap(findTestObject("Object Repository/Parte1/Crear_cuenta/CPN12/android.widget.Button - Siguiente"), 0): Tapped on element 'Object Repository/Parte1/Crear_cuenta/CPN12/android.widget.Button - Siguiente'

2023-06-27 14:29:43 - [MESSAGE][WARNING] - Timeout '0' is invalid. Using default page load timeout: '30'

2023-06-27 14:29:44 - [MESSAGE][PASSED] - Tapped on element 'Object Repository/Parte1/Crear_cuenta/CPN12/android.widget.Button - Siguiente']]></system-out>
         <system-err><![CDATA[]]></system-err>
      </testcase>
      <testcase name="Test Cases/Parte1/Crear cuenta/CPN13" time="6.678" classname="Test Cases/Parte1/Crear cuenta/CPN13" status="PASSED">
         <system-out><![CDATA[2023-06-27 14:29:44 - [TEST_CASE][PASSED] - Test Cases/Parte1/Crear cuenta/CPN13: Test Cases/Parte1/Crear cuenta/CPN13

2023-06-27 14:29:44 - [TEST_STEP][PASSED] - tap(findTestObject("Object Repository/Parte1/Crear_cuenta/CPN13/android.widget.EditText - Apodo"), 0): Tapped on element 'Object Repository/Parte1/Crear_cuenta/CPN13/android.widget.EditText - Apodo'

2023-06-27 14:29:44 - [MESSAGE][WARNING] - Timeout '0' is invalid. Using default page load timeout: '30'

2023-06-27 14:29:45 - [MESSAGE][PASSED] - Tapped on element 'Object Repository/Parte1/Crear_cuenta/CPN13/android.widget.EditText - Apodo'

2023-06-27 14:29:45 - [TEST_STEP][PASSED] - setText(findTestObject("Object Repository/Parte1/Crear_cuenta/CPN13/android.widget.EditText - Apodo (1)"), "HO", 0): Text 'HO' has been set to element 'Object Repository/Parte1/Crear_cuenta/CPN13/android.widget.EditText - Apodo (1)'

2023-06-27 14:29:45 - [MESSAGE][WARNING] - Timeout '0' is invalid. Using default page load timeout: '30'

2023-06-27 14:29:48 - [MESSAGE][PASSED] - Text 'HO' has been set to element 'Object Repository/Parte1/Crear_cuenta/CPN13/android.widget.EditText - Apodo (1)'

2023-06-27 14:29:48 - [TEST_STEP][PASSED] - verifyElementText(findTestObject("Object Repository/Parte1/Crear_cuenta/CPN13/android.widget.TextView - El Apodo debe contener mnimo 3 caracteres y 1 nmero"), "El Apodo debe contener mínimo 3 caracteres y 1 número"): Actual text and expected text of test object 'Object Repository/Parte1/Crear_cuenta/CPN13/android.widget.TextView - El Apodo debe contener mnimo 3 caracteres y 1 nmero' are matched.

2023-06-27 14:29:48 - [MESSAGE][PASSED] - Actual text and expected text of test object 'Object Repository/Parte1/Crear_cuenta/CPN13/android.widget.TextView - El Apodo debe contener mnimo 3 caracteres y 1 nmero' are matched.

2023-06-27 14:29:48 - [TEST_STEP][PASSED] - hideKeyboard(): Keyboard is hidden

2023-06-27 14:29:50 - [MESSAGE][PASSED] - Keyboard is hidden

2023-06-27 14:29:50 - [TEST_STEP][PASSED] - tap(findTestObject("Object Repository/Parte1/Crear_cuenta/CPN13/android.widget.Button - Siguiente"), 0): Tapped on element 'Object Repository/Parte1/Crear_cuenta/CPN13/android.widget.Button - Siguiente'

2023-06-27 14:29:50 - [MESSAGE][WARNING] - Timeout '0' is invalid. Using default page load timeout: '30'

2023-06-27 14:29:50 - [MESSAGE][PASSED] - Tapped on element 'Object Repository/Parte1/Crear_cuenta/CPN13/android.widget.Button - Siguiente'

2023-06-27 14:29:50 - [TEST_STEP][PASSED] - clearText(findTestObject("Object Repository/Parte1/Crear_cuenta/CPN13/android.widget.EditText - HO"), 0): Element 'Object Repository/Parte1/Crear_cuenta/CPN13/android.widget.EditText - HO' text is cleared

2023-06-27 14:29:50 - [MESSAGE][WARNING] - Timeout '0' is invalid. Using default page load timeout: '30'

2023-06-27 14:29:51 - [MESSAGE][PASSED] - Element 'Object Repository/Parte1/Crear_cuenta/CPN13/android.widget.EditText - HO' text is cleared]]></system-out>
         <system-err><![CDATA[]]></system-err>
      </testcase>
      <testcase name="Test Cases/Parte1/Crear cuenta/CPN14" time="11.432" classname="Test Cases/Parte1/Crear cuenta/CPN14" status="PASSED">
         <system-out><![CDATA[2023-06-27 14:29:51 - [TEST_CASE][PASSED] - Test Cases/Parte1/Crear cuenta/CPN14: Test Cases/Parte1/Crear cuenta/CPN14

2023-06-27 14:29:51 - [TEST_STEP][PASSED] - tap(findTestObject("Object Repository/Parte1/Crear_cuenta/CPN14/android.widget.EditText - Nombre a mostrar (opcional)"), 0): Tapped on element 'Object Repository/Parte1/Crear_cuenta/CPN14/android.widget.EditText - Nombre a mostrar (opcional)'

2023-06-27 14:29:51 - [MESSAGE][WARNING] - Timeout '0' is invalid. Using default page load timeout: '30'

2023-06-27 14:29:52 - [MESSAGE][PASSED] - Tapped on element 'Object Repository/Parte1/Crear_cuenta/CPN14/android.widget.EditText - Nombre a mostrar (opcional)'

2023-06-27 14:29:52 - [TEST_STEP][PASSED] - setText(findTestObject("Object Repository/Parte1/Crear_cuenta/CPN14/android.widget.EditText - Nombre a mostrar (opcional) (1)"), "Opcional", 0): Text 'Opcional' has been set to element 'Object Repository/Parte1/Crear_cuenta/CPN14/android.widget.EditText - Nombre a mostrar (opcional) (1)'

2023-06-27 14:29:52 - [MESSAGE][WARNING] - Timeout '0' is invalid. Using default page load timeout: '30'

2023-06-27 14:29:54 - [MESSAGE][PASSED] - Text 'Opcional' has been set to element 'Object Repository/Parte1/Crear_cuenta/CPN14/android.widget.EditText - Nombre a mostrar (opcional) (1)'

2023-06-27 14:29:54 - [TEST_STEP][PASSED] - hideKeyboard(): Keyboard is hidden

2023-06-27 14:29:56 - [MESSAGE][PASSED] - Keyboard is hidden

2023-06-27 14:29:56 - [TEST_STEP][PASSED] - tap(findTestObject("Object Repository/Parte1/Crear_cuenta/CPN14/android.widget.Button - Siguiente"), 0): Tapped on element 'Object Repository/Parte1/Crear_cuenta/CPN14/android.widget.Button - Siguiente'

2023-06-27 14:29:56 - [MESSAGE][WARNING] - Timeout '0' is invalid. Using default page load timeout: '30'

2023-06-27 14:29:56 - [MESSAGE][PASSED] - Tapped on element 'Object Repository/Parte1/Crear_cuenta/CPN14/android.widget.Button - Siguiente'

2023-06-27 14:29:56 - [TEST_STEP][PASSED] - tap(findTestObject("Object Repository/Parte1/Crear_cuenta/CPN14/android.widget.EditText - Apodo"), 0): Tapped on element 'Object Repository/Parte1/Crear_cuenta/CPN14/android.widget.EditText - Apodo'

2023-06-27 14:29:56 - [MESSAGE][WARNING] - Timeout '0' is invalid. Using default page load timeout: '30'

2023-06-27 14:29:57 - [MESSAGE][PASSED] - Tapped on element 'Object Repository/Parte1/Crear_cuenta/CPN14/android.widget.EditText - Apodo'

2023-06-27 14:29:57 - [TEST_STEP][PASSED] - setText(findTestObject("Parte1/Crear_cuenta/CPN14/android.widget.EditText - Apodo (1)"), "angello16", 0): Text 'angello16' has been set to element 'Object Repository/Parte1/Crear_cuenta/CPN14/android.widget.EditText - Apodo (1)'

2023-06-27 14:29:57 - [MESSAGE][WARNING] - Timeout '0' is invalid. Using default page load timeout: '30'

2023-06-27 14:30:00 - [MESSAGE][PASSED] - Text 'angello16' has been set to element 'Object Repository/Parte1/Crear_cuenta/CPN14/android.widget.EditText - Apodo (1)'

2023-06-27 14:30:00 - [TEST_STEP][PASSED] - hideKeyboard(): Keyboard is hidden

2023-06-27 14:30:01 - [MESSAGE][PASSED] - Keyboard is hidden

2023-06-27 14:30:01 - [TEST_STEP][PASSED] - verifyElementText(findTestObject("Object Repository/Parte1/Crear_cuenta/CPN14/android.widget.TextView - Apodo no disponible"), "Apodo no disponible"): Actual text and expected text of test object 'Object Repository/Parte1/Crear_cuenta/CPN14/android.widget.TextView - Apodo no disponible' are matched.

2023-06-27 14:30:02 - [MESSAGE][PASSED] - Actual text and expected text of test object 'Object Repository/Parte1/Crear_cuenta/CPN14/android.widget.TextView - Apodo no disponible' are matched.

2023-06-27 14:30:02 - [TEST_STEP][PASSED] - verifyElementVisible(findTestObject("Parte1/Crear_cuenta/CPN14/android.widget.ImageButton"), 0): Element 'Object Repository/Parte1/Crear_cuenta/CPN14/android.widget.ImageButton' is visible

2023-06-27 14:30:02 - [MESSAGE][WARNING] - Timeout '0' is invalid. Using default page load timeout: '30'

2023-06-27 14:30:02 - [MESSAGE][PASSED] - Element 'Object Repository/Parte1/Crear_cuenta/CPN14/android.widget.ImageButton' is visible

2023-06-27 14:30:02 - [TEST_STEP][PASSED] - tap(findTestObject("Parte1/Crear_cuenta/CPN14/android.widget.Button - Siguiente"), 0): Tapped on element 'Object Repository/Parte1/Crear_cuenta/CPN14/android.widget.Button - Siguiente'

2023-06-27 14:30:02 - [MESSAGE][WARNING] - Timeout '0' is invalid. Using default page load timeout: '30'

2023-06-27 14:30:02 - [MESSAGE][PASSED] - Tapped on element 'Object Repository/Parte1/Crear_cuenta/CPN14/android.widget.Button - Siguiente']]></system-out>
         <system-err><![CDATA[]]></system-err>
      </testcase>
      <testcase name="Test Cases/Parte1/Crear cuenta/CPN15" time="7.847" classname="Test Cases/Parte1/Crear cuenta/CPN15" status="PASSED">
         <system-out><![CDATA[2023-06-27 14:30:02 - [TEST_CASE][PASSED] - Test Cases/Parte1/Crear cuenta/CPN15: Test Cases/Parte1/Crear cuenta/CPN15

2023-06-27 14:30:02 - [TEST_STEP][PASSED] - clearText(findTestObject("Object Repository/Parte1/Crear_cuenta/CPN15/android.widget.EditText - angello16"), 0): Element 'Object Repository/Parte1/Crear_cuenta/CPN15/android.widget.EditText - angello16' text is cleared

2023-06-27 14:30:02 - [MESSAGE][WARNING] - Timeout '0' is invalid. Using default page load timeout: '30'

2023-06-27 14:30:03 - [MESSAGE][PASSED] - Element 'Object Repository/Parte1/Crear_cuenta/CPN15/android.widget.EditText - angello16' text is cleared

2023-06-27 14:30:03 - [TEST_STEP][PASSED] - tap(findTestObject("Object Repository/Parte1/Crear_cuenta/CPN15/android.widget.EditText - Apodo"), 0): Tapped on element 'Object Repository/Parte1/Crear_cuenta/CPN15/android.widget.EditText - Apodo'

2023-06-27 14:30:03 - [MESSAGE][WARNING] - Timeout '0' is invalid. Using default page load timeout: '30'

2023-06-27 14:30:04 - [MESSAGE][PASSED] - Tapped on element 'Object Repository/Parte1/Crear_cuenta/CPN15/android.widget.EditText - Apodo'

2023-06-27 14:30:04 - [TEST_STEP][PASSED] - setText(findTestObject("Object Repository/Parte1/Crear_cuenta/CPN15/android.widget.EditText - P000"), "LIBRE02", 0): Text 'LIBRE02' has been set to element 'Object Repository/Parte1/Crear_cuenta/CPN15/android.widget.EditText - P000'

2023-06-27 14:30:04 - [MESSAGE][WARNING] - Timeout '0' is invalid. Using default page load timeout: '30'

2023-06-27 14:30:07 - [MESSAGE][PASSED] - Text 'LIBRE02' has been set to element 'Object Repository/Parte1/Crear_cuenta/CPN15/android.widget.EditText - P000'

2023-06-27 14:30:07 - [TEST_STEP][PASSED] - verifyElementText(findTestObject("Object Repository/Parte1/Crear_cuenta/CPN15/android.widget.TextView - El apodo te servir para identificarse en NapoleoN Chat, no lo podrs cambiar despes"), "El apodo te servirá para identificarse en NapoleoN Chat, no lo podrás cambiar despúes"): Actual text and expected text of test object 'Object Repository/Parte1/Crear_cuenta/CPN15/android.widget.TextView - El apodo te servir para identificarse en NapoleoN Chat, no lo podrs cambiar despes' are matched.

2023-06-27 14:30:08 - [MESSAGE][PASSED] - Actual text and expected text of test object 'Object Repository/Parte1/Crear_cuenta/CPN15/android.widget.TextView - El apodo te servir para identificarse en NapoleoN Chat, no lo podrs cambiar despes' are matched.

2023-06-27 14:30:08 - [TEST_STEP][PASSED] - clearText(findTestObject("Object Repository/Parte1/Crear_cuenta/CPN15/android.widget.EditText - Opcional"), 0): Element 'Object Repository/Parte1/Crear_cuenta/CPN15/android.widget.EditText - Opcional' text is cleared

2023-06-27 14:30:08 - [MESSAGE][WARNING] - Timeout '0' is invalid. Using default page load timeout: '30'

2023-06-27 14:30:08 - [MESSAGE][PASSED] - Element 'Object Repository/Parte1/Crear_cuenta/CPN15/android.widget.EditText - Opcional' text is cleared

2023-06-27 14:30:08 - [TEST_STEP][PASSED] - hideKeyboard(): Keyboard is hidden

2023-06-27 14:30:10 - [MESSAGE][PASSED] - Keyboard is hidden

2023-06-27 14:30:10 - [TEST_STEP][PASSED] - tap(findTestObject("Object Repository/Parte1/Crear_cuenta/CPN15/android.widget.Button - Siguiente"), 0): Tapped on element 'Object Repository/Parte1/Crear_cuenta/CPN15/android.widget.Button - Siguiente'

2023-06-27 14:30:10 - [MESSAGE][WARNING] - Timeout '0' is invalid. Using default page load timeout: '30'

2023-06-27 14:30:10 - [MESSAGE][PASSED] - Tapped on element 'Object Repository/Parte1/Crear_cuenta/CPN15/android.widget.Button - Siguiente']]></system-out>
         <system-err><![CDATA[]]></system-err>
      </testcase>
      <testcase name="Test Cases/Parte1/Crear cuenta/CPN16-17" time="11.023" classname="Test Cases/Parte1/Crear cuenta/CPN16-17" status="PASSED">
         <system-out><![CDATA[2023-06-27 14:30:10 - [TEST_CASE][PASSED] - Test Cases/Parte1/Crear cuenta/CPN16-17: Test Cases/Parte1/Crear cuenta/CPN16-17

2023-06-27 14:30:10 - [TEST_STEP][PASSED] - tap(findTestObject("Object Repository/Parte1/Crear_cuenta/CPN16-17/android.widget.EditText - Pin de Acceso"), 200): Tapped on element 'Object Repository/Parte1/Crear_cuenta/CPN16-17/android.widget.EditText - Pin de Acceso'

2023-06-27 14:30:11 - [MESSAGE][PASSED] - Tapped on element 'Object Repository/Parte1/Crear_cuenta/CPN16-17/android.widget.EditText - Pin de Acceso'

2023-06-27 14:30:11 - [TEST_STEP][PASSED] - setText(findTestObject("Object Repository/Parte1/Crear_cuenta/CPN16-17/android.widget.EditText - Pin de Acceso (1)"), "00000", 200): Text '00000' has been set to element 'Object Repository/Parte1/Crear_cuenta/CPN16-17/android.widget.EditText - Pin de Acceso (1)'

2023-06-27 14:30:14 - [MESSAGE][PASSED] - Text '00000' has been set to element 'Object Repository/Parte1/Crear_cuenta/CPN16-17/android.widget.EditText - Pin de Acceso (1)'

2023-06-27 14:30:14 - [TEST_STEP][PASSED] - setText(findTestObject("Object Repository/Parte1/Crear_cuenta/CPN16-17/android.widget.EditText - Confirmar nuevo pin de acceso"), "1234", 200): Text '1234' has been set to element 'Object Repository/Parte1/Crear_cuenta/CPN16-17/android.widget.EditText - Confirmar nuevo pin de acceso'

2023-06-27 14:30:17 - [MESSAGE][PASSED] - Text '1234' has been set to element 'Object Repository/Parte1/Crear_cuenta/CPN16-17/android.widget.EditText - Confirmar nuevo pin de acceso'

2023-06-27 14:30:17 - [TEST_STEP][PASSED] - delay(2, STOP_ON_FAILURE): Delayed 2 second(s)

2023-06-27 14:30:19 - [MESSAGE][PASSED] - Delayed 2 second(s)

2023-06-27 14:30:19 - [TEST_STEP][PASSED] - hideKeyboard(): Keyboard is hidden

2023-06-27 14:30:21 - [MESSAGE][PASSED] - Keyboard is hidden

2023-06-27 14:30:21 - [TEST_STEP][PASSED] - verifyElementText(findTestObject("Object Repository/Parte1/Crear_cuenta/CPN16-17/android.widget.TextView - El pin de acceso no coincide"), "El pin de acceso no coincide"): Actual text and expected text of test object 'Object Repository/Parte1/Crear_cuenta/CPN16-17/android.widget.TextView - El pin de acceso no coincide' are matched.

2023-06-27 14:30:21 - [MESSAGE][PASSED] - Actual text and expected text of test object 'Object Repository/Parte1/Crear_cuenta/CPN16-17/android.widget.TextView - El pin de acceso no coincide' are matched.

2023-06-27 14:30:21 - [TEST_STEP][PASSED] - verifyElementText(findTestObject("Object Repository/Parte1/Crear_cuenta/CPN16-17/android.widget.TextView - El pin de acceso no coincide (1)"), "El pin de acceso no coincide"): Actual text and expected text of test object 'Object Repository/Parte1/Crear_cuenta/CPN16-17/android.widget.TextView - El pin de acceso no coincide (1)' are matched.

2023-06-27 14:30:21 - [MESSAGE][PASSED] - Actual text and expected text of test object 'Object Repository/Parte1/Crear_cuenta/CPN16-17/android.widget.TextView - El pin de acceso no coincide (1)' are matched.]]></system-out>
         <system-err><![CDATA[]]></system-err>
      </testcase>
      <testcase name="Test Cases/Parte1/Crear cuenta/CPN18-19" time="16.337" classname="Test Cases/Parte1/Crear cuenta/CPN18-19" status="PASSED">
         <system-out><![CDATA[2023-06-27 14:30:21 - [TEST_CASE][PASSED] - Test Cases/Parte1/Crear cuenta/CPN18-19: Test Cases/Parte1/Crear cuenta/CPN18-19

2023-06-27 14:30:21 - [TEST_STEP][PASSED] - tap(findTestObject("Object Repository/Parte1/Crear_cuenta/CPN18-19/android.widget.EditText - 0000"), 1): Tapped on element 'Object Repository/Parte1/Crear_cuenta/CPN18-19/android.widget.EditText - 0000'

2023-06-27 14:30:22 - [MESSAGE][PASSED] - Tapped on element 'Object Repository/Parte1/Crear_cuenta/CPN18-19/android.widget.EditText - 0000'

2023-06-27 14:30:22 - [TEST_STEP][PASSED] - clearText(findTestObject("Object Repository/Parte1/Crear_cuenta/CPN18-19/android.widget.EditText - 0000 (1)"), 1): Element 'Object Repository/Parte1/Crear_cuenta/CPN18-19/android.widget.EditText - 0000 (1)' text is cleared

2023-06-27 14:30:23 - [MESSAGE][PASSED] - Element 'Object Repository/Parte1/Crear_cuenta/CPN18-19/android.widget.EditText - 0000 (1)' text is cleared

2023-06-27 14:30:23 - [TEST_STEP][PASSED] - clearText(findTestObject("Object Repository/Parte1/Crear_cuenta/CPN18-19/android.widget.EditText - 1234"), 1): Element 'Object Repository/Parte1/Crear_cuenta/CPN18-19/android.widget.EditText - 1234' text is cleared

2023-06-27 14:30:24 - [MESSAGE][PASSED] - Element 'Object Repository/Parte1/Crear_cuenta/CPN18-19/android.widget.EditText - 1234' text is cleared

2023-06-27 14:30:24 - [TEST_STEP][PASSED] - setText(findTestObject("Object Repository/Parte1/Crear_cuenta/CPN18-19/android.widget.EditText - Pin de Acceso"), "0000", 0): Text '0000' has been set to element 'Object Repository/Parte1/Crear_cuenta/CPN18-19/android.widget.EditText - Pin de Acceso'

2023-06-27 14:30:24 - [MESSAGE][WARNING] - Timeout '0' is invalid. Using default page load timeout: '30'

2023-06-27 14:30:26 - [MESSAGE][PASSED] - Text '0000' has been set to element 'Object Repository/Parte1/Crear_cuenta/CPN18-19/android.widget.EditText - Pin de Acceso'

2023-06-27 14:30:26 - [TEST_STEP][PASSED] - setText(findTestObject("Object Repository/Parte1/Crear_cuenta/CPN18-19/android.widget.EditText - Confirmar nuevo pin de acceso"), "1111", 0): Text '1111' has been set to element 'Object Repository/Parte1/Crear_cuenta/CPN18-19/android.widget.EditText - Confirmar nuevo pin de acceso'

2023-06-27 14:30:27 - [MESSAGE][WARNING] - Timeout '0' is invalid. Using default page load timeout: '30'

2023-06-27 14:30:29 - [MESSAGE][PASSED] - Text '1111' has been set to element 'Object Repository/Parte1/Crear_cuenta/CPN18-19/android.widget.EditText - Confirmar nuevo pin de acceso'

2023-06-27 14:30:29 - [TEST_STEP][PASSED] - clearText(findTestObject("Object Repository/Parte1/Crear_cuenta/CPN18-19/android.widget.EditText - 1111"), 1): Element 'Object Repository/Parte1/Crear_cuenta/CPN18-19/android.widget.EditText - 1111' text is cleared

2023-06-27 14:30:30 - [MESSAGE][PASSED] - Element 'Object Repository/Parte1/Crear_cuenta/CPN18-19/android.widget.EditText - 1111' text is cleared

2023-06-27 14:30:30 - [TEST_STEP][PASSED] - setText(findTestObject("Parte1/Crear_cuenta/CPN18-19/android.widget.EditText - Confirmar nuevo pin de acceso"), "0000", 0): Text '0000' has been set to element 'Object Repository/Parte1/Crear_cuenta/CPN18-19/android.widget.EditText - Confirmar nuevo pin de acceso'

2023-06-27 14:30:30 - [MESSAGE][WARNING] - Timeout '0' is invalid. Using default page load timeout: '30'

2023-06-27 14:30:33 - [MESSAGE][PASSED] - Text '0000' has been set to element 'Object Repository/Parte1/Crear_cuenta/CPN18-19/android.widget.EditText - Confirmar nuevo pin de acceso'

2023-06-27 14:30:33 - [TEST_STEP][PASSED] - hideKeyboard(): Keyboard is hidden

2023-06-27 14:30:34 - [MESSAGE][PASSED] - Keyboard is hidden

2023-06-27 14:30:34 - [TEST_STEP][PASSED] - tap(findTestObject("Object Repository/Parte1/Crear_cuenta/CPN18-19/android.widget.Button - Crear Cuenta"), 1): Tapped on element 'Object Repository/Parte1/Crear_cuenta/CPN18-19/android.widget.Button - Crear Cuenta'

2023-06-27 14:30:35 - [MESSAGE][PASSED] - Tapped on element 'Object Repository/Parte1/Crear_cuenta/CPN18-19/android.widget.Button - Crear Cuenta'

2023-06-27 14:30:35 - [TEST_STEP][PASSED] - verifyElementExist(findTestObject("Object Repository/Parte1/Crear_cuenta/CPN18-19/android.widget.TextView - NapoleoN"), 0): Element 'Object Repository/Parte1/Crear_cuenta/CPN18-19/android.widget.TextView - NapoleoN' is exist

2023-06-27 14:30:35 - [MESSAGE][WARNING] - Timeout '0' is invalid. Using default page load timeout: '30'

2023-06-27 14:30:37 - [MESSAGE][PASSED] - Element 'Object Repository/Parte1/Crear_cuenta/CPN18-19/android.widget.TextView - NapoleoN' is exist]]></system-out>
         <system-err><![CDATA[]]></system-err>
      </testcase>
      <testcase name="Test Cases/Parte1/Agregar contacto/agregar" time="74.677" classname="Test Cases/Parte1/Agregar contacto/agregar" status="FAILED">
         <failure type="FAILED" message="Test Cases/Parte1/Agregar contacto/agregar FAILED.
Reason:
com.kms.katalon.core.exception.StepFailedException: Failed to tap and hold on element 'Object Repository/Parte1/agregar/android.view.ViewGroup (1)' with duration 3 (Root cause: org.openqa.selenium.StaleElementReferenceException: Cached elements 'By.xpath: //*[@class = 'android.view.ViewGroup' and @resource-id = 'com.naposystems.napoleonchat:id/constrainsLayout_conversation' and (@text = '' or . = '')]' do not exist in DOM anymore
For documentation on this error, please visit: https://www.seleniumhq.org/exceptions/stale_element_reference.html
Build info: version: '3.141.59', revision: 'e82be7d358', time: '2018-11-14T08:25:53'
System info: host: 'DESKTOP-OBIGNLU', ip: '192.168.1.5', os.name: 'Windows 10', os.arch: 'amd64', os.version: '10.0', java.version: '1.8.0_282'
Driver info: com.kms.katalon.core.appium.driver.SwipeableAndroidDriver
Capabilities {app: C:\Users\Testing\Desktop\ka..., appPackage: com.naposystems.napoleonchat, autoGrantPermissions: true, automationName: uiautomator2, chromedriverPort: 60273, databaseEnabled: false, desired: {app: C:\Users\Testing\Desktop\ka..., autoGrantPermissions: true, automationName: uiautomator2, chromedriverPort: 60273, deviceId: , deviceName: samsung SM-A107M (Android 11), fullReset: true, newCommandTimeout: 1800, noReset: false, platform: ANDROID, platformName: android, platformVersion: 11, systemPort: 60271, udid: R9WN40KBXDJ}, deviceApiLevel: 30, deviceId: , deviceManufacturer: samsung, deviceModel: SM-A107M, deviceName: R9WN40KBXDJ, deviceScreenDensity: 280, deviceScreenSize: 720x1520, deviceUDID: R9WN40KBXDJ, fullReset: true, javascriptEnabled: true, locationContextEnabled: false, networkConnectionEnabled: true, newCommandTimeout: 1800, noReset: false, pixelRatio: 1.75, platform: ANDROID, platformName: Android, platformVersion: 11, statBarHeight: 57, systemPort: 60271, takesScreenshot: true, udid: R9WN40KBXDJ, viewportRect: {height: 1324, left: 0, top: 57, width: 720}, warnings: {}, webStorageEnabled: false}
Session ID: b51267d4-7280-492b-b864-0eb8c4193ae6
	at org.openqa.selenium.remote.http.W3CHttpResponseCodec.createException(W3CHttpResponseCodec.java:187)
	at org.openqa.selenium.remote.http.W3CHttpResponseCodec.decode(W3CHttpResponseCodec.java:122)
	at org.openqa.selenium.remote.http.W3CHttpResponseCodec.decode(W3CHttpResponseCodec.java:49)
	at org.openqa.selenium.remote.HttpCommandExecutor.execute(HttpCommandExecutor.java:158)
	at io.appium.java_client.remote.AppiumCommandExecutor.execute(AppiumCommandExecutor.java:239)
	at org.openqa.selenium.remote.RemoteWebDriver.execute(RemoteWebDriver.java:552)
	at io.appium.java_client.DefaultGenericMobileDriver.execute(DefaultGenericMobileDriver.java:42)
	at io.appium.java_client.AppiumDriver.execute(AppiumDriver.java:1)
	at io.appium.java_client.android.AndroidDriver.execute(AndroidDriver.java:1)
	at com.kms.katalon.core.appium.driver.SwipeableAndroidDriver.execute(SwipeableAndroidDriver.java:1)
	at org.openqa.selenium.remote.RemoteWebElement.execute(RemoteWebElement.java:285)
	at io.appium.java_client.DefaultGenericMobileElement.execute(DefaultGenericMobileElement.java:45)
	at io.appium.java_client.MobileElement.execute(MobileElement.java:1)
	at io.appium.java_client.android.AndroidElement.execute(AndroidElement.java:1)
	at org.openqa.selenium.remote.RemoteWebElement.getLocation(RemoteWebElement.java:337)
	at com.kms.katalon.core.mobile.helper.MobileElementCommonHelper.findElement(MobileElementCommonHelper.java:76)
	at com.kms.katalon.core.mobile.helper.MobileElementCommonHelper.findElementWithCheck(MobileElementCommonHelper.java:157)
	at com.kms.katalon.core.mobile.helper.MobileElementCommonHelper.tapAndHold(MobileElementCommonHelper.java:103)
	at com.kms.katalon.core.mobile.keyword.builtin.TapAndHoldKeyword$_tapAndHold_closure1.doCall(TapAndHoldKeyword.groovy:71)
	at com.kms.katalon.core.mobile.keyword.builtin.TapAndHoldKeyword$_tapAndHold_closure1.call(TapAndHoldKeyword.groovy)
	at com.kms.katalon.core.mobile.keyword.internal.MobileKeywordMain.runKeyword(MobileKeywordMain.groovy:21)
	at com.kms.katalon.core.mobile.keyword.builtin.TapAndHoldKeyword.tapAndHold(TapAndHoldKeyword.groovy:72)
	at com.kms.katalon.core.mobile.keyword.builtin.TapAndHoldKeyword.execute(TapAndHoldKeyword.groovy:65)
	at com.kms.katalon.core.keyword.internal.KeywordExecutor.executeKeywordForPlatform(KeywordExecutor.groovy:74)
	at com.kms.katalon.core.mobile.keyword.MobileBuiltInKeywords.tapAndHold(MobileBuiltInKeywords.groovy:1571)
	at com.kms.katalon.core.mobile.keyword.MobileBuiltInKeywords$tapAndHold$9.call(Unknown Source)
	at agregar.run(agregar:47)
	at com.kms.katalon.core.main.ScriptEngine.run(ScriptEngine.java:194)
	at com.kms.katalon.core.main.ScriptEngine.runScriptAsRawText(ScriptEngine.java:119)
	at com.kms.katalon.core.main.TestCaseExecutor.runScript(TestCaseExecutor.java:448)
	at com.kms.katalon.core.main.TestCaseExecutor.doExecute(TestCaseExecutor.java:439)
	at com.kms.katalon.core.main.TestCaseExecutor.processExecutionPhase(TestCaseExecutor.java:418)
	at com.kms.katalon.core.main.TestCaseExecutor.accessMainPhase(TestCaseExecutor.java:410)
	at com.kms.katalon.core.main.TestCaseExecutor.execute(TestCaseExecutor.java:285)
	at com.kms.katalon.core.common.CommonExecutor.accessTestCaseMainPhase(CommonExecutor.java:65)
	at com.kms.katalon.core.main.TestSuiteExecutor.accessTestSuiteMainPhase(TestSuiteExecutor.java:148)
	at com.kms.katalon.core.main.TestSuiteExecutor.execute(TestSuiteExecutor.java:106)
	at com.kms.katalon.core.main.TestCaseMain.startTestSuite(TestCaseMain.java:187)
	at com.kms.katalon.core.main.TestCaseMain$startTestSuite$0.call(Unknown Source)
	at TempTestSuite1687893975673.run(TempTestSuite1687893975673.groovy:36)
)
	at com.kms.katalon.core.keyword.internal.KeywordMain.stepFailed(KeywordMain.groovy:51)
	at com.kms.katalon.core.mobile.keyword.internal.MobileKeywordMain.stepFailed(MobileKeywordMain.groovy:40)
	at com.kms.katalon.core.mobile.keyword.internal.MobileKeywordMain.runKeyword(MobileKeywordMain.groovy:23)
	at com.kms.katalon.core.mobile.keyword.builtin.TapAndHoldKeyword.tapAndHold(TapAndHoldKeyword.groovy:72)
	at com.kms.katalon.core.mobile.keyword.builtin.TapAndHoldKeyword.execute(TapAndHoldKeyword.groovy:65)
	at com.kms.katalon.core.keyword.internal.KeywordExecutor.executeKeywordForPlatform(KeywordExecutor.groovy:74)
	at com.kms.katalon.core.mobile.keyword.MobileBuiltInKeywords.tapAndHold(MobileBuiltInKeywords.groovy:1571)
	at com.kms.katalon.core.mobile.keyword.MobileBuiltInKeywords$tapAndHold$9.call(Unknown Source)
	at agregar.run(agregar:47)
	at com.kms.katalon.core.main.ScriptEngine.run(ScriptEngine.java:194)
	at com.kms.katalon.core.main.ScriptEngine.runScriptAsRawText(ScriptEngine.java:119)
	at com.kms.katalon.core.main.TestCaseExecutor.runScript(TestCaseExecutor.java:448)
	at com.kms.katalon.core.main.TestCaseExecutor.doExecute(TestCaseExecutor.java:439)
	at com.kms.katalon.core.main.TestCaseExecutor.processExecutionPhase(TestCaseExecutor.java:418)
	at com.kms.katalon.core.main.TestCaseExecutor.accessMainPhase(TestCaseExecutor.java:410)
	at com.kms.katalon.core.main.TestCaseExecutor.execute(TestCaseExecutor.java:285)
	at com.kms.katalon.core.common.CommonExecutor.accessTestCaseMainPhase(CommonExecutor.java:65)
	at com.kms.katalon.core.main.TestSuiteExecutor.accessTestSuiteMainPhase(TestSuiteExecutor.java:148)
	at com.kms.katalon.core.main.TestSuiteExecutor.execute(TestSuiteExecutor.java:106)
	at com.kms.katalon.core.main.TestCaseMain.startTestSuite(TestCaseMain.java:187)
	at com.kms.katalon.core.main.TestCaseMain$startTestSuite$0.call(Unknown Source)
	at TempTestSuite1687893975673.run(TempTestSuite1687893975673.groovy:36)
Caused by: org.openqa.selenium.StaleElementReferenceException: Cached elements 'By.xpath: //*[@class = 'android.view.ViewGroup' and @resource-id = 'com.naposystems.napoleonchat:id/constrainsLayout_conversation' and (@text = '' or . = '')]' do not exist in DOM anymore
For documentation on this error, please visit: https://www.seleniumhq.org/exceptions/stale_element_reference.html
Build info: version: '3.141.59', revision: 'e82be7d358', time: '2018-11-14T08:25:53'
System info: host: 'DESKTOP-OBIGNLU', ip: '192.168.1.5', os.name: 'Windows 10', os.arch: 'amd64', os.version: '10.0', java.version: '1.8.0_282'
Driver info: com.kms.katalon.core.appium.driver.SwipeableAndroidDriver
Capabilities {app: C:\Users\Testing\Desktop\ka..., appPackage: com.naposystems.napoleonchat, autoGrantPermissions: true, automationName: uiautomator2, chromedriverPort: 60273, databaseEnabled: false, desired: {app: C:\Users\Testing\Desktop\ka..., autoGrantPermissions: true, automationName: uiautomator2, chromedriverPort: 60273, deviceId: , deviceName: samsung SM-A107M (Android 11), fullReset: true, newCommandTimeout: 1800, noReset: false, platform: ANDROID, platformName: android, platformVersion: 11, systemPort: 60271, udid: R9WN40KBXDJ}, deviceApiLevel: 30, deviceId: , deviceManufacturer: samsung, deviceModel: SM-A107M, deviceName: R9WN40KBXDJ, deviceScreenDensity: 280, deviceScreenSize: 720x1520, deviceUDID: R9WN40KBXDJ, fullReset: true, javascriptEnabled: true, locationContextEnabled: false, networkConnectionEnabled: true, newCommandTimeout: 1800, noReset: false, pixelRatio: 1.75, platform: ANDROID, platformName: Android, platformVersion: 11, statBarHeight: 57, systemPort: 60271, takesScreenshot: true, udid: R9WN40KBXDJ, viewportRect: {height: 1324, left: 0, top: 57, width: 720}, warnings: {}, webStorageEnabled: false}
Session ID: b51267d4-7280-492b-b864-0eb8c4193ae6
	at org.openqa.selenium.remote.http.W3CHttpResponseCodec.createException(W3CHttpResponseCodec.java:187)
	at org.openqa.selenium.remote.http.W3CHttpResponseCodec.decode(W3CHttpResponseCodec.java:122)
	at org.openqa.selenium.remote.http.W3CHttpResponseCodec.decode(W3CHttpResponseCodec.java:49)
	at org.openqa.selenium.remote.HttpCommandExecutor.execute(HttpCommandExecutor.java:158)
	at io.appium.java_client.remote.AppiumCommandExecutor.execute(AppiumCommandExecutor.java:239)
	at org.openqa.selenium.remote.RemoteWebDriver.execute(RemoteWebDriver.java:552)
	at io.appium.java_client.DefaultGenericMobileDriver.execute(DefaultGenericMobileDriver.java:42)
	at io.appium.java_client.AppiumDriver.execute(AppiumDriver.java:1)
	at io.appium.java_client.android.AndroidDriver.execute(AndroidDriver.java:1)
	at com.kms.katalon.core.appium.driver.SwipeableAndroidDriver.execute(SwipeableAndroidDriver.java:1)
	at org.openqa.selenium.remote.RemoteWebElement.execute(RemoteWebElement.java:285)
	at io.appium.java_client.DefaultGenericMobileElement.execute(DefaultGenericMobileElement.java:45)
	at io.appium.java_client.MobileElement.execute(MobileElement.java:1)
	at io.appium.java_client.android.AndroidElement.execute(AndroidElement.java:1)
	at org.openqa.selenium.remote.RemoteWebElement.getLocation(RemoteWebElement.java:337)
	at com.kms.katalon.core.mobile.helper.MobileElementCommonHelper.findElement(MobileElementCommonHelper.java:76)
	at com.kms.katalon.core.mobile.helper.MobileElementCommonHelper.findElementWithCheck(MobileElementCommonHelper.java:157)
	at com.kms.katalon.core.mobile.helper.MobileElementCommonHelper.tapAndHold(MobileElementCommonHelper.java:103)
	at com.kms.katalon.core.mobile.keyword.builtin.TapAndHoldKeyword$_tapAndHold_closure1.doCall(TapAndHoldKeyword.groovy:71)
	at com.kms.katalon.core.mobile.keyword.builtin.TapAndHoldKeyword$_tapAndHold_closure1.call(TapAndHoldKeyword.groovy)
	at com.kms.katalon.core.mobile.keyword.internal.MobileKeywordMain.runKeyword(MobileKeywordMain.groovy:21)
	... 19 more
"/>
         <system-out><![CDATA[2023-06-27 14:30:37 - [TEST_CASE][FAILED] - Test Cases/Parte1/Agregar contacto/agregar: Test Cases/Parte1/Agregar contacto/agregar FAILED.
Reason:
com.kms.katalon.core.exception.StepFailedException: Failed to tap and hold on element 'Object Repository/Parte1/agregar/android.view.ViewGroup (1)' with duration 3 (Root cause: org.openqa.selenium.StaleElementReferenceException: Cached elements 'By.xpath: //*[@class = 'android.view.ViewGroup' and @resource-id = 'com.naposystems.napoleonchat:id/constrainsLayout_conversation' and (@text = '' or . = '')]' do not exist in DOM anymore
For documentation on this error, please visit: https://www.seleniumhq.org/exceptions/stale_element_reference.html
Build info: version: '3.141.59', revision: 'e82be7d358', time: '2018-11-14T08:25:53'
System info: host: 'DESKTOP-OBIGNLU', ip: '192.168.1.5', os.name: 'Windows 10', os.arch: 'amd64', os.version: '10.0', java.version: '1.8.0_282'
Driver info: com.kms.katalon.core.appium.driver.SwipeableAndroidDriver
Capabilities {app: C:\Users\Testing\Desktop\ka..., appPackage: com.naposystems.napoleonchat, autoGrantPermissions: true, automationName: uiautomator2, chromedriverPort: 60273, databaseEnabled: false, desired: {app: C:\Users\Testing\Desktop\ka..., autoGrantPermissions: true, automationName: uiautomator2, chromedriverPort: 60273, deviceId: , deviceName: samsung SM-A107M (Android 11), fullReset: true, newCommandTimeout: 1800, noReset: false, platform: ANDROID, platformName: android, platformVersion: 11, systemPort: 60271, udid: R9WN40KBXDJ}, deviceApiLevel: 30, deviceId: , deviceManufacturer: samsung, deviceModel: SM-A107M, deviceName: R9WN40KBXDJ, deviceScreenDensity: 280, deviceScreenSize: 720x1520, deviceUDID: R9WN40KBXDJ, fullReset: true, javascriptEnabled: true, locationContextEnabled: false, networkConnectionEnabled: true, newCommandTimeout: 1800, noReset: false, pixelRatio: 1.75, platform: ANDROID, platformName: Android, platformVersion: 11, statBarHeight: 57, systemPort: 60271, takesScreenshot: true, udid: R9WN40KBXDJ, viewportRect: {height: 1324, left: 0, top: 57, width: 720}, warnings: {}, webStorageEnabled: false}
Session ID: b51267d4-7280-492b-b864-0eb8c4193ae6
	at org.openqa.selenium.remote.http.W3CHttpResponseCodec.createException(W3CHttpResponseCodec.java:187)
	at org.openqa.selenium.remote.http.W3CHttpResponseCodec.decode(W3CHttpResponseCodec.java:122)
	at org.openqa.selenium.remote.http.W3CHttpResponseCodec.decode(W3CHttpResponseCodec.java:49)
	at org.openqa.selenium.remote.HttpCommandExecutor.execute(HttpCommandExecutor.java:158)
	at io.appium.java_client.remote.AppiumCommandExecutor.execute(AppiumCommandExecutor.java:239)
	at org.openqa.selenium.remote.RemoteWebDriver.execute(RemoteWebDriver.java:552)
	at io.appium.java_client.DefaultGenericMobileDriver.execute(DefaultGenericMobileDriver.java:42)
	at io.appium.java_client.AppiumDriver.execute(AppiumDriver.java:1)
	at io.appium.java_client.android.AndroidDriver.execute(AndroidDriver.java:1)
	at com.kms.katalon.core.appium.driver.SwipeableAndroidDriver.execute(SwipeableAndroidDriver.java:1)
	at org.openqa.selenium.remote.RemoteWebElement.execute(RemoteWebElement.java:285)
	at io.appium.java_client.DefaultGenericMobileElement.execute(DefaultGenericMobileElement.java:45)
	at io.appium.java_client.MobileElement.execute(MobileElement.java:1)
	at io.appium.java_client.android.AndroidElement.execute(AndroidElement.java:1)
	at org.openqa.selenium.remote.RemoteWebElement.getLocation(RemoteWebElement.java:337)
	at com.kms.katalon.core.mobile.helper.MobileElementCommonHelper.findElement(MobileElementCommonHelper.java:76)
	at com.kms.katalon.core.mobile.helper.MobileElementCommonHelper.findElementWithCheck(MobileElementCommonHelper.java:157)
	at com.kms.katalon.core.mobile.helper.MobileElementCommonHelper.tapAndHold(MobileElementCommonHelper.java:103)
	at com.kms.katalon.core.mobile.keyword.builtin.TapAndHoldKeyword$_tapAndHold_closure1.doCall(TapAndHoldKeyword.groovy:71)
	at com.kms.katalon.core.mobile.keyword.builtin.TapAndHoldKeyword$_tapAndHold_closure1.call(TapAndHoldKeyword.groovy)
	at com.kms.katalon.core.mobile.keyword.internal.MobileKeywordMain.runKeyword(MobileKeywordMain.groovy:21)
	at com.kms.katalon.core.mobile.keyword.builtin.TapAndHoldKeyword.tapAndHold(TapAndHoldKeyword.groovy:72)
	at com.kms.katalon.core.mobile.keyword.builtin.TapAndHoldKeyword.execute(TapAndHoldKeyword.groovy:65)
	at com.kms.katalon.core.keyword.internal.KeywordExecutor.executeKeywordForPlatform(KeywordExecutor.groovy:74)
	at com.kms.katalon.core.mobile.keyword.MobileBuiltInKeywords.tapAndHold(MobileBuiltInKeywords.groovy:1571)
	at com.kms.katalon.core.mobile.keyword.MobileBuiltInKeywords$tapAndHold$9.call(Unknown Source)
	at agregar.run(agregar:47)
	at com.kms.katalon.core.main.ScriptEngine.run(ScriptEngine.java:194)
	at com.kms.katalon.core.main.ScriptEngine.runScriptAsRawText(ScriptEngine.java:119)
	at com.kms.katalon.core.main.TestCaseExecutor.runScript(TestCaseExecutor.java:448)
	at com.kms.katalon.core.main.TestCaseExecutor.doExecute(TestCaseExecutor.java:439)
	at com.kms.katalon.core.main.TestCaseExecutor.processExecutionPhase(TestCaseExecutor.java:418)
	at com.kms.katalon.core.main.TestCaseExecutor.accessMainPhase(TestCaseExecutor.java:410)
	at com.kms.katalon.core.main.TestCaseExecutor.execute(TestCaseExecutor.java:285)
	at com.kms.katalon.core.common.CommonExecutor.accessTestCaseMainPhase(CommonExecutor.java:65)
	at com.kms.katalon.core.main.TestSuiteExecutor.accessTestSuiteMainPhase(TestSuiteExecutor.java:148)
	at com.kms.katalon.core.main.TestSuiteExecutor.execute(TestSuiteExecutor.java:106)
	at com.kms.katalon.core.main.TestCaseMain.startTestSuite(TestCaseMain.java:187)
	at com.kms.katalon.core.main.TestCaseMain$startTestSuite$0.call(Unknown Source)
	at TempTestSuite1687893975673.run(TempTestSuite1687893975673.groovy:36)
)
	at com.kms.katalon.core.keyword.internal.KeywordMain.stepFailed(KeywordMain.groovy:51)
	at com.kms.katalon.core.mobile.keyword.internal.MobileKeywordMain.stepFailed(MobileKeywordMain.groovy:40)
	at com.kms.katalon.core.mobile.keyword.internal.MobileKeywordMain.runKeyword(MobileKeywordMain.groovy:23)
	at com.kms.katalon.core.mobile.keyword.builtin.TapAndHoldKeyword.tapAndHold(TapAndHoldKeyword.groovy:72)
	at com.kms.katalon.core.mobile.keyword.builtin.TapAndHoldKeyword.execute(TapAndHoldKeyword.groovy:65)
	at com.kms.katalon.core.keyword.internal.KeywordExecutor.executeKeywordForPlatform(KeywordExecutor.groovy:74)
	at com.kms.katalon.core.mobile.keyword.MobileBuiltInKeywords.tapAndHold(MobileBuiltInKeywords.groovy:1571)
	at com.kms.katalon.core.mobile.keyword.MobileBuiltInKeywords$tapAndHold$9.call(Unknown Source)
	at agregar.run(agregar:47)
	at com.kms.katalon.core.main.ScriptEngine.run(ScriptEngine.java:194)
	at com.kms.katalon.core.main.ScriptEngine.runScriptAsRawText(ScriptEngine.java:119)
	at com.kms.katalon.core.main.TestCaseExecutor.runScript(TestCaseExecutor.java:448)
	at com.kms.katalon.core.main.TestCaseExecutor.doExecute(TestCaseExecutor.java:439)
	at com.kms.katalon.core.main.TestCaseExecutor.processExecutionPhase(TestCaseExecutor.java:418)
	at com.kms.katalon.core.main.TestCaseExecutor.accessMainPhase(TestCaseExecutor.java:410)
	at com.kms.katalon.core.main.TestCaseExecutor.execute(TestCaseExecutor.java:285)
	at com.kms.katalon.core.common.CommonExecutor.accessTestCaseMainPhase(CommonExecutor.java:65)
	at com.kms.katalon.core.main.TestSuiteExecutor.accessTestSuiteMainPhase(TestSuiteExecutor.java:148)
	at com.kms.katalon.core.main.TestSuiteExecutor.execute(TestSuiteExecutor.java:106)
	at com.kms.katalon.core.main.TestCaseMain.startTestSuite(TestCaseMain.java:187)
	at com.kms.katalon.core.main.TestCaseMain$startTestSuite$0.call(Unknown Source)
	at TempTestSuite1687893975673.run(TempTestSuite1687893975673.groovy:36)
Caused by: org.openqa.selenium.StaleElementReferenceException: Cached elements 'By.xpath: //*[@class = 'android.view.ViewGroup' and @resource-id = 'com.naposystems.napoleonchat:id/constrainsLayout_conversation' and (@text = '' or . = '')]' do not exist in DOM anymore
For documentation on this error, please visit: https://www.seleniumhq.org/exceptions/stale_element_reference.html
Build info: version: '3.141.59', revision: 'e82be7d358', time: '2018-11-14T08:25:53'
System info: host: 'DESKTOP-OBIGNLU', ip: '192.168.1.5', os.name: 'Windows 10', os.arch: 'amd64', os.version: '10.0', java.version: '1.8.0_282'
Driver info: com.kms.katalon.core.appium.driver.SwipeableAndroidDriver
Capabilities {app: C:\Users\Testing\Desktop\ka..., appPackage: com.naposystems.napoleonchat, autoGrantPermissions: true, automationName: uiautomator2, chromedriverPort: 60273, databaseEnabled: false, desired: {app: C:\Users\Testing\Desktop\ka..., autoGrantPermissions: true, automationName: uiautomator2, chromedriverPort: 60273, deviceId: , deviceName: samsung SM-A107M (Android 11), fullReset: true, newCommandTimeout: 1800, noReset: false, platform: ANDROID, platformName: android, platformVersion: 11, systemPort: 60271, udid: R9WN40KBXDJ}, deviceApiLevel: 30, deviceId: , deviceManufacturer: samsung, deviceModel: SM-A107M, deviceName: R9WN40KBXDJ, deviceScreenDensity: 280, deviceScreenSize: 720x1520, deviceUDID: R9WN40KBXDJ, fullReset: true, javascriptEnabled: true, locationContextEnabled: false, networkConnectionEnabled: true, newCommandTimeout: 1800, noReset: false, pixelRatio: 1.75, platform: ANDROID, platformName: Android, platformVersion: 11, statBarHeight: 57, systemPort: 60271, takesScreenshot: true, udid: R9WN40KBXDJ, viewportRect: {height: 1324, left: 0, top: 57, width: 720}, warnings: {}, webStorageEnabled: false}
Session ID: b51267d4-7280-492b-b864-0eb8c4193ae6
	at org.openqa.selenium.remote.http.W3CHttpResponseCodec.createException(W3CHttpResponseCodec.java:187)
	at org.openqa.selenium.remote.http.W3CHttpResponseCodec.decode(W3CHttpResponseCodec.java:122)
	at org.openqa.selenium.remote.http.W3CHttpResponseCodec.decode(W3CHttpResponseCodec.java:49)
	at org.openqa.selenium.remote.HttpCommandExecutor.execute(HttpCommandExecutor.java:158)
	at io.appium.java_client.remote.AppiumCommandExecutor.execute(AppiumCommandExecutor.java:239)
	at org.openqa.selenium.remote.RemoteWebDriver.execute(RemoteWebDriver.java:552)
	at io.appium.java_client.DefaultGenericMobileDriver.execute(DefaultGenericMobileDriver.java:42)
	at io.appium.java_client.AppiumDriver.execute(AppiumDriver.java:1)
	at io.appium.java_client.android.AndroidDriver.execute(AndroidDriver.java:1)
	at com.kms.katalon.core.appium.driver.SwipeableAndroidDriver.execute(SwipeableAndroidDriver.java:1)
	at org.openqa.selenium.remote.RemoteWebElement.execute(RemoteWebElement.java:285)
	at io.appium.java_client.DefaultGenericMobileElement.execute(DefaultGenericMobileElement.java:45)
	at io.appium.java_client.MobileElement.execute(MobileElement.java:1)
	at io.appium.java_client.android.AndroidElement.execute(AndroidElement.java:1)
	at org.openqa.selenium.remote.RemoteWebElement.getLocation(RemoteWebElement.java:337)
	at com.kms.katalon.core.mobile.helper.MobileElementCommonHelper.findElement(MobileElementCommonHelper.java:76)
	at com.kms.katalon.core.mobile.helper.MobileElementCommonHelper.findElementWithCheck(MobileElementCommonHelper.java:157)
	at com.kms.katalon.core.mobile.helper.MobileElementCommonHelper.tapAndHold(MobileElementCommonHelper.java:103)
	at com.kms.katalon.core.mobile.keyword.builtin.TapAndHoldKeyword$_tapAndHold_closure1.doCall(TapAndHoldKeyword.groovy:71)
	at com.kms.katalon.core.mobile.keyword.builtin.TapAndHoldKeyword$_tapAndHold_closure1.call(TapAndHoldKeyword.groovy)
	at com.kms.katalon.core.mobile.keyword.internal.MobileKeywordMain.runKeyword(MobileKeywordMain.groovy:21)
	... 19 more


2023-06-27 14:30:38 - [TEST_STEP][PASSED] - delay(2, CONTINUE_ON_FAILURE): Delayed 2 second(s)

2023-06-27 14:30:40 - [MESSAGE][PASSED] - Delayed 2 second(s)

2023-06-27 14:30:40 - [TEST_STEP][PASSED] - tap(findTestObject("Object Repository/Parte1/agregar/android.widget.ImageView"), 1): Tapped on element 'Object Repository/Parte1/agregar/android.widget.ImageView'

2023-06-27 14:30:41 - [MESSAGE][PASSED] - Tapped on element 'Object Repository/Parte1/agregar/android.widget.ImageView'

2023-06-27 14:30:41 - [TEST_STEP][PASSED] - tap(findTestObject("Object Repository/Parte1/agregar/android.widget.Button - Agregar contactos"), 1): Tapped on element 'Object Repository/Parte1/agregar/android.widget.Button - Agregar contactos'

2023-06-27 14:30:42 - [MESSAGE][PASSED] - Tapped on element 'Object Repository/Parte1/agregar/android.widget.Button - Agregar contactos'

2023-06-27 14:30:42 - [TEST_STEP][PASSED] - setText(findTestObject("Object Repository/Parte1/agregar/android.widget.EditText - Busca por apodo"), "prueba3217", 1): Text 'prueba3217' has been set to element 'Object Repository/Parte1/agregar/android.widget.EditText - Busca por apodo'

2023-06-27 14:30:45 - [MESSAGE][PASSED] - Text 'prueba3217' has been set to element 'Object Repository/Parte1/agregar/android.widget.EditText - Busca por apodo'

2023-06-27 14:30:45 - [TEST_STEP][PASSED] - tap(findTestObject("Object Repository/Parte1/agregar/android.widget.Button - AGREGAR"), 1): Tapped on element 'Object Repository/Parte1/agregar/android.widget.Button - AGREGAR'

2023-06-27 14:30:46 - [MESSAGE][PASSED] - Tapped on element 'Object Repository/Parte1/agregar/android.widget.Button - AGREGAR'

2023-06-27 14:30:46 - [TEST_STEP][PASSED] - delay(3, CONTINUE_ON_FAILURE): Delayed 3 second(s)

2023-06-27 14:30:49 - [MESSAGE][PASSED] - Delayed 3 second(s)

2023-06-27 14:30:49 - [TEST_STEP][PASSED] - tap(findTestObject("Object Repository/Parte1/agregar/android.widget.TextView"), 1): Tapped on element 'Object Repository/Parte1/agregar/android.widget.TextView'

2023-06-27 14:30:50 - [MESSAGE][PASSED] - Tapped on element 'Object Repository/Parte1/agregar/android.widget.TextView'

2023-06-27 14:30:50 - [TEST_STEP][PASSED] - delay(3, CONTINUE_ON_FAILURE): Delayed 3 second(s)

2023-06-27 14:30:53 - [MESSAGE][PASSED] - Delayed 3 second(s)

2023-06-27 14:30:53 - [TEST_STEP][PASSED] - tap(findTestObject("Object Repository/Parte1/agregar/android.widget.ImageButton"), 1): Tapped on element 'Object Repository/Parte1/agregar/android.widget.ImageButton'

2023-06-27 14:30:53 - [MESSAGE][PASSED] - Tapped on element 'Object Repository/Parte1/agregar/android.widget.ImageButton'

2023-06-27 14:30:53 - [TEST_STEP][PASSED] - tap(findTestObject("Object Repository/Parte1/agregar/android.view.ViewGroup"), 0): Tapped on element 'Object Repository/Parte1/agregar/android.view.ViewGroup'

2023-06-27 14:30:53 - [MESSAGE][WARNING] - Timeout '0' is invalid. Using default page load timeout: '30'

2023-06-27 14:30:54 - [MESSAGE][PASSED] - Tapped on element 'Object Repository/Parte1/agregar/android.view.ViewGroup'

2023-06-27 14:30:54 - [TEST_STEP][PASSED] - delay(3, CONTINUE_ON_FAILURE): Delayed 3 second(s)

2023-06-27 14:30:57 - [MESSAGE][PASSED] - Delayed 3 second(s)

2023-06-27 14:30:57 - [TEST_STEP][PASSED] - tap(findTestObject("Object Repository/Parte1/agregar/android.widget.ImageButton (1)"), 1): Tapped on element 'Object Repository/Parte1/agregar/android.widget.ImageButton (1)'

2023-06-27 14:31:49 - [MESSAGE][PASSED] - Tapped on element 'Object Repository/Parte1/agregar/android.widget.ImageButton (1)'

2023-06-27 14:31:49 - [TEST_STEP][PASSED] - tap(findTestObject("Object Repository/Parte1/agregar/android.widget.FrameLayout"), 1): Tapped on element 'Object Repository/Parte1/agregar/android.widget.FrameLayout'

2023-06-27 14:31:50 - [MESSAGE][PASSED] - Tapped on element 'Object Repository/Parte1/agregar/android.widget.FrameLayout'

2023-06-27 14:31:50 - [TEST_STEP][FAILED] - tapAndHold(findTestObject("Object Repository/Parte1/agregar/android.view.ViewGroup (1)"), 3, 1): Failed to tap and hold on element 'Object Repository/Parte1/agregar/android.view.ViewGroup (1)' with duration 3 (Root cause: org.openqa.selenium.StaleElementReferenceException: Cached elements 'By.xpath: //*[@class = 'android.view.ViewGroup' and @resource-id = 'com.naposystems.napoleonchat:id/constrainsLayout_conversation' and (@text = '' or . = '')]' do not exist in DOM anymore
For documentation on this error, please visit: https://www.seleniumhq.org/exceptions/stale_element_reference.html
Build info: version: '3.141.59', revision: 'e82be7d358', time: '2018-11-14T08:25:53'
System info: host: 'DESKTOP-OBIGNLU', ip: '192.168.1.5', os.name: 'Windows 10', os.arch: 'amd64', os.version: '10.0', java.version: '1.8.0_282'
Driver info: com.kms.katalon.core.appium.driver.SwipeableAndroidDriver
Capabilities {app: C:\Users\Testing\Desktop\ka..., appPackage: com.naposystems.napoleonchat, autoGrantPermissions: true, automationName: uiautomator2, chromedriverPort: 60273, databaseEnabled: false, desired: {app: C:\Users\Testing\Desktop\ka..., autoGrantPermissions: true, automationName: uiautomator2, chromedriverPort: 60273, deviceId: , deviceName: samsung SM-A107M (Android 11), fullReset: true, newCommandTimeout: 1800, noReset: false, platform: ANDROID, platformName: android, platformVersion: 11, systemPort: 60271, udid: R9WN40KBXDJ}, deviceApiLevel: 30, deviceId: , deviceManufacturer: samsung, deviceModel: SM-A107M, deviceName: R9WN40KBXDJ, deviceScreenDensity: 280, deviceScreenSize: 720x1520, deviceUDID: R9WN40KBXDJ, fullReset: true, javascriptEnabled: true, locationContextEnabled: false, networkConnectionEnabled: true, newCommandTimeout: 1800, noReset: false, pixelRatio: 1.75, platform: ANDROID, platformName: Android, platformVersion: 11, statBarHeight: 57, systemPort: 60271, takesScreenshot: true, udid: R9WN40KBXDJ, viewportRect: {height: 1324, left: 0, top: 57, width: 720}, warnings: {}, webStorageEnabled: false}
Session ID: b51267d4-7280-492b-b864-0eb8c4193ae6
	at org.openqa.selenium.remote.http.W3CHttpResponseCodec.createException(W3CHttpResponseCodec.java:187)
	at org.openqa.selenium.remote.http.W3CHttpResponseCodec.decode(W3CHttpResponseCodec.java:122)
	at org.openqa.selenium.remote.http.W3CHttpResponseCodec.decode(W3CHttpResponseCodec.java:49)
	at org.openqa.selenium.remote.HttpCommandExecutor.execute(HttpCommandExecutor.java:158)
	at io.appium.java_client.remote.AppiumCommandExecutor.execute(AppiumCommandExecutor.java:239)
	at org.openqa.selenium.remote.RemoteWebDriver.execute(RemoteWebDriver.java:552)
	at io.appium.java_client.DefaultGenericMobileDriver.execute(DefaultGenericMobileDriver.java:42)
	at io.appium.java_client.AppiumDriver.execute(AppiumDriver.java:1)
	at io.appium.java_client.android.AndroidDriver.execute(AndroidDriver.java:1)
	at com.kms.katalon.core.appium.driver.SwipeableAndroidDriver.execute(SwipeableAndroidDriver.java:1)
	at org.openqa.selenium.remote.RemoteWebElement.execute(RemoteWebElement.java:285)
	at io.appium.java_client.DefaultGenericMobileElement.execute(DefaultGenericMobileElement.java:45)
	at io.appium.java_client.MobileElement.execute(MobileElement.java:1)
	at io.appium.java_client.android.AndroidElement.execute(AndroidElement.java:1)
	at org.openqa.selenium.remote.RemoteWebElement.getLocation(RemoteWebElement.java:337)
	at com.kms.katalon.core.mobile.helper.MobileElementCommonHelper.findElement(MobileElementCommonHelper.java:76)
	at com.kms.katalon.core.mobile.helper.MobileElementCommonHelper.findElementWithCheck(MobileElementCommonHelper.java:157)
	at com.kms.katalon.core.mobile.helper.MobileElementCommonHelper.tapAndHold(MobileElementCommonHelper.java:103)
	at com.kms.katalon.core.mobile.keyword.builtin.TapAndHoldKeyword$_tapAndHold_closure1.doCall(TapAndHoldKeyword.groovy:71)
	at com.kms.katalon.core.mobile.keyword.builtin.TapAndHoldKeyword$_tapAndHold_closure1.call(TapAndHoldKeyword.groovy)
	at com.kms.katalon.core.mobile.keyword.internal.MobileKeywordMain.runKeyword(MobileKeywordMain.groovy:21)
	at com.kms.katalon.core.mobile.keyword.builtin.TapAndHoldKeyword.tapAndHold(TapAndHoldKeyword.groovy:72)
	at com.kms.katalon.core.mobile.keyword.builtin.TapAndHoldKeyword.execute(TapAndHoldKeyword.groovy:65)
	at com.kms.katalon.core.keyword.internal.KeywordExecutor.executeKeywordForPlatform(KeywordExecutor.groovy:74)
	at com.kms.katalon.core.mobile.keyword.MobileBuiltInKeywords.tapAndHold(MobileBuiltInKeywords.groovy:1571)
	at com.kms.katalon.core.mobile.keyword.MobileBuiltInKeywords$tapAndHold$9.call(Unknown Source)
	at agregar.run(agregar:47)
	at com.kms.katalon.core.main.ScriptEngine.run(ScriptEngine.java:194)
	at com.kms.katalon.core.main.ScriptEngine.runScriptAsRawText(ScriptEngine.java:119)
	at com.kms.katalon.core.main.TestCaseExecutor.runScript(TestCaseExecutor.java:448)
	at com.kms.katalon.core.main.TestCaseExecutor.doExecute(TestCaseExecutor.java:439)
	at com.kms.katalon.core.main.TestCaseExecutor.processExecutionPhase(TestCaseExecutor.java:418)
	at com.kms.katalon.core.main.TestCaseExecutor.accessMainPhase(TestCaseExecutor.java:410)
	at com.kms.katalon.core.main.TestCaseExecutor.execute(TestCaseExecutor.java:285)
	at com.kms.katalon.core.common.CommonExecutor.accessTestCaseMainPhase(CommonExecutor.java:65)
	at com.kms.katalon.core.main.TestSuiteExecutor.accessTestSuiteMainPhase(TestSuiteExecutor.java:148)
	at com.kms.katalon.core.main.TestSuiteExecutor.execute(TestSuiteExecutor.java:106)
	at com.kms.katalon.core.main.TestCaseMain.startTestSuite(TestCaseMain.java:187)
	at com.kms.katalon.core.main.TestCaseMain$startTestSuite$0.call(Unknown Source)
	at TempTestSuite1687893975673.run(TempTestSuite1687893975673.groovy:36)
)

2023-06-27 14:31:52 - [MESSAGE][FAILED] - Failed to tap and hold on element 'Object Repository/Parte1/agregar/android.view.ViewGroup (1)' with duration 3 (Root cause: org.openqa.selenium.StaleElementReferenceException: Cached elements 'By.xpath: //*[@class = 'android.view.ViewGroup' and @resource-id = 'com.naposystems.napoleonchat:id/constrainsLayout_conversation' and (@text = '' or . = '')]' do not exist in DOM anymore
For documentation on this error, please visit: https://www.seleniumhq.org/exceptions/stale_element_reference.html
Build info: version: '3.141.59', revision: 'e82be7d358', time: '2018-11-14T08:25:53'
System info: host: 'DESKTOP-OBIGNLU', ip: '192.168.1.5', os.name: 'Windows 10', os.arch: 'amd64', os.version: '10.0', java.version: '1.8.0_282'
Driver info: com.kms.katalon.core.appium.driver.SwipeableAndroidDriver
Capabilities {app: C:\Users\Testing\Desktop\ka..., appPackage: com.naposystems.napoleonchat, autoGrantPermissions: true, automationName: uiautomator2, chromedriverPort: 60273, databaseEnabled: false, desired: {app: C:\Users\Testing\Desktop\ka..., autoGrantPermissions: true, automationName: uiautomator2, chromedriverPort: 60273, deviceId: , deviceName: samsung SM-A107M (Android 11), fullReset: true, newCommandTimeout: 1800, noReset: false, platform: ANDROID, platformName: android, platformVersion: 11, systemPort: 60271, udid: R9WN40KBXDJ}, deviceApiLevel: 30, deviceId: , deviceManufacturer: samsung, deviceModel: SM-A107M, deviceName: R9WN40KBXDJ, deviceScreenDensity: 280, deviceScreenSize: 720x1520, deviceUDID: R9WN40KBXDJ, fullReset: true, javascriptEnabled: true, locationContextEnabled: false, networkConnectionEnabled: true, newCommandTimeout: 1800, noReset: false, pixelRatio: 1.75, platform: ANDROID, platformName: Android, platformVersion: 11, statBarHeight: 57, systemPort: 60271, takesScreenshot: true, udid: R9WN40KBXDJ, viewportRect: {height: 1324, left: 0, top: 57, width: 720}, warnings: {}, webStorageEnabled: false}
Session ID: b51267d4-7280-492b-b864-0eb8c4193ae6
	at org.openqa.selenium.remote.http.W3CHttpResponseCodec.createException(W3CHttpResponseCodec.java:187)
	at org.openqa.selenium.remote.http.W3CHttpResponseCodec.decode(W3CHttpResponseCodec.java:122)
	at org.openqa.selenium.remote.http.W3CHttpResponseCodec.decode(W3CHttpResponseCodec.java:49)
	at org.openqa.selenium.remote.HttpCommandExecutor.execute(HttpCommandExecutor.java:158)
	at io.appium.java_client.remote.AppiumCommandExecutor.execute(AppiumCommandExecutor.java:239)
	at org.openqa.selenium.remote.RemoteWebDriver.execute(RemoteWebDriver.java:552)
	at io.appium.java_client.DefaultGenericMobileDriver.execute(DefaultGenericMobileDriver.java:42)
	at io.appium.java_client.AppiumDriver.execute(AppiumDriver.java:1)
	at io.appium.java_client.android.AndroidDriver.execute(AndroidDriver.java:1)
	at com.kms.katalon.core.appium.driver.SwipeableAndroidDriver.execute(SwipeableAndroidDriver.java:1)
	at org.openqa.selenium.remote.RemoteWebElement.execute(RemoteWebElement.java:285)
	at io.appium.java_client.DefaultGenericMobileElement.execute(DefaultGenericMobileElement.java:45)
	at io.appium.java_client.MobileElement.execute(MobileElement.java:1)
	at io.appium.java_client.android.AndroidElement.execute(AndroidElement.java:1)
	at org.openqa.selenium.remote.RemoteWebElement.getLocation(RemoteWebElement.java:337)
	at com.kms.katalon.core.mobile.helper.MobileElementCommonHelper.findElement(MobileElementCommonHelper.java:76)
	at com.kms.katalon.core.mobile.helper.MobileElementCommonHelper.findElementWithCheck(MobileElementCommonHelper.java:157)
	at com.kms.katalon.core.mobile.helper.MobileElementCommonHelper.tapAndHold(MobileElementCommonHelper.java:103)
	at com.kms.katalon.core.mobile.keyword.builtin.TapAndHoldKeyword$_tapAndHold_closure1.doCall(TapAndHoldKeyword.groovy:71)
	at com.kms.katalon.core.mobile.keyword.builtin.TapAndHoldKeyword$_tapAndHold_closure1.call(TapAndHoldKeyword.groovy)
	at com.kms.katalon.core.mobile.keyword.internal.MobileKeywordMain.runKeyword(MobileKeywordMain.groovy:21)
	at com.kms.katalon.core.mobile.keyword.builtin.TapAndHoldKeyword.tapAndHold(TapAndHoldKeyword.groovy:72)
	at com.kms.katalon.core.mobile.keyword.builtin.TapAndHoldKeyword.execute(TapAndHoldKeyword.groovy:65)
	at com.kms.katalon.core.keyword.internal.KeywordExecutor.executeKeywordForPlatform(KeywordExecutor.groovy:74)
	at com.kms.katalon.core.mobile.keyword.MobileBuiltInKeywords.tapAndHold(MobileBuiltInKeywords.groovy:1571)
	at com.kms.katalon.core.mobile.keyword.MobileBuiltInKeywords$tapAndHold$9.call(Unknown Source)
	at agregar.run(agregar:47)
	at com.kms.katalon.core.main.ScriptEngine.run(ScriptEngine.java:194)
	at com.kms.katalon.core.main.ScriptEngine.runScriptAsRawText(ScriptEngine.java:119)
	at com.kms.katalon.core.main.TestCaseExecutor.runScript(TestCaseExecutor.java:448)
	at com.kms.katalon.core.main.TestCaseExecutor.doExecute(TestCaseExecutor.java:439)
	at com.kms.katalon.core.main.TestCaseExecutor.processExecutionPhase(TestCaseExecutor.java:418)
	at com.kms.katalon.core.main.TestCaseExecutor.accessMainPhase(TestCaseExecutor.java:410)
	at com.kms.katalon.core.main.TestCaseExecutor.execute(TestCaseExecutor.java:285)
	at com.kms.katalon.core.common.CommonExecutor.accessTestCaseMainPhase(CommonExecutor.java:65)
	at com.kms.katalon.core.main.TestSuiteExecutor.accessTestSuiteMainPhase(TestSuiteExecutor.java:148)
	at com.kms.katalon.core.main.TestSuiteExecutor.execute(TestSuiteExecutor.java:106)
	at com.kms.katalon.core.main.TestCaseMain.startTestSuite(TestCaseMain.java:187)
	at com.kms.katalon.core.main.TestCaseMain$startTestSuite$0.call(Unknown Source)
	at TempTestSuite1687893975673.run(TempTestSuite1687893975673.groovy:36)
)
[[ATTACHMENT|C:\\Users\\Testing\\Katalon Studio\\NN_Version2\\Reports\\20230627_142615\\Integracion parte1 y parte 2\\20230627_142615\\1687894311715.png]]]]></system-out>
         <system-err><![CDATA[2023-06-27 14:30:37 - [TEST_CASE][FAILED] - Test Cases/Parte1/Agregar contacto/agregar: Test Cases/Parte1/Agregar contacto/agregar FAILED.
Reason:
com.kms.katalon.core.exception.StepFailedException: Failed to tap and hold on element 'Object Repository/Parte1/agregar/android.view.ViewGroup (1)' with duration 3 (Root cause: org.openqa.selenium.StaleElementReferenceException: Cached elements 'By.xpath: //*[@class = 'android.view.ViewGroup' and @resource-id = 'com.naposystems.napoleonchat:id/constrainsLayout_conversation' and (@text = '' or . = '')]' do not exist in DOM anymore
For documentation on this error, please visit: https://www.seleniumhq.org/exceptions/stale_element_reference.html
Build info: version: '3.141.59', revision: 'e82be7d358', time: '2018-11-14T08:25:53'
System info: host: 'DESKTOP-OBIGNLU', ip: '192.168.1.5', os.name: 'Windows 10', os.arch: 'amd64', os.version: '10.0', java.version: '1.8.0_282'
Driver info: com.kms.katalon.core.appium.driver.SwipeableAndroidDriver
Capabilities {app: C:\Users\Testing\Desktop\ka..., appPackage: com.naposystems.napoleonchat, autoGrantPermissions: true, automationName: uiautomator2, chromedriverPort: 60273, databaseEnabled: false, desired: {app: C:\Users\Testing\Desktop\ka..., autoGrantPermissions: true, automationName: uiautomator2, chromedriverPort: 60273, deviceId: , deviceName: samsung SM-A107M (Android 11), fullReset: true, newCommandTimeout: 1800, noReset: false, platform: ANDROID, platformName: android, platformVersion: 11, systemPort: 60271, udid: R9WN40KBXDJ}, deviceApiLevel: 30, deviceId: , deviceManufacturer: samsung, deviceModel: SM-A107M, deviceName: R9WN40KBXDJ, deviceScreenDensity: 280, deviceScreenSize: 720x1520, deviceUDID: R9WN40KBXDJ, fullReset: true, javascriptEnabled: true, locationContextEnabled: false, networkConnectionEnabled: true, newCommandTimeout: 1800, noReset: false, pixelRatio: 1.75, platform: ANDROID, platformName: Android, platformVersion: 11, statBarHeight: 57, systemPort: 60271, takesScreenshot: true, udid: R9WN40KBXDJ, viewportRect: {height: 1324, left: 0, top: 57, width: 720}, warnings: {}, webStorageEnabled: false}
Session ID: b51267d4-7280-492b-b864-0eb8c4193ae6
	at org.openqa.selenium.remote.http.W3CHttpResponseCodec.createException(W3CHttpResponseCodec.java:187)
	at org.openqa.selenium.remote.http.W3CHttpResponseCodec.decode(W3CHttpResponseCodec.java:122)
	at org.openqa.selenium.remote.http.W3CHttpResponseCodec.decode(W3CHttpResponseCodec.java:49)
	at org.openqa.selenium.remote.HttpCommandExecutor.execute(HttpCommandExecutor.java:158)
	at io.appium.java_client.remote.AppiumCommandExecutor.execute(AppiumCommandExecutor.java:239)
	at org.openqa.selenium.remote.RemoteWebDriver.execute(RemoteWebDriver.java:552)
	at io.appium.java_client.DefaultGenericMobileDriver.execute(DefaultGenericMobileDriver.java:42)
	at io.appium.java_client.AppiumDriver.execute(AppiumDriver.java:1)
	at io.appium.java_client.android.AndroidDriver.execute(AndroidDriver.java:1)
	at com.kms.katalon.core.appium.driver.SwipeableAndroidDriver.execute(SwipeableAndroidDriver.java:1)
	at org.openqa.selenium.remote.RemoteWebElement.execute(RemoteWebElement.java:285)
	at io.appium.java_client.DefaultGenericMobileElement.execute(DefaultGenericMobileElement.java:45)
	at io.appium.java_client.MobileElement.execute(MobileElement.java:1)
	at io.appium.java_client.android.AndroidElement.execute(AndroidElement.java:1)
	at org.openqa.selenium.remote.RemoteWebElement.getLocation(RemoteWebElement.java:337)
	at com.kms.katalon.core.mobile.helper.MobileElementCommonHelper.findElement(MobileElementCommonHelper.java:76)
	at com.kms.katalon.core.mobile.helper.MobileElementCommonHelper.findElementWithCheck(MobileElementCommonHelper.java:157)
	at com.kms.katalon.core.mobile.helper.MobileElementCommonHelper.tapAndHold(MobileElementCommonHelper.java:103)
	at com.kms.katalon.core.mobile.keyword.builtin.TapAndHoldKeyword$_tapAndHold_closure1.doCall(TapAndHoldKeyword.groovy:71)
	at com.kms.katalon.core.mobile.keyword.builtin.TapAndHoldKeyword$_tapAndHold_closure1.call(TapAndHoldKeyword.groovy)
	at com.kms.katalon.core.mobile.keyword.internal.MobileKeywordMain.runKeyword(MobileKeywordMain.groovy:21)
	at com.kms.katalon.core.mobile.keyword.builtin.TapAndHoldKeyword.tapAndHold(TapAndHoldKeyword.groovy:72)
	at com.kms.katalon.core.mobile.keyword.builtin.TapAndHoldKeyword.execute(TapAndHoldKeyword.groovy:65)
	at com.kms.katalon.core.keyword.internal.KeywordExecutor.executeKeywordForPlatform(KeywordExecutor.groovy:74)
	at com.kms.katalon.core.mobile.keyword.MobileBuiltInKeywords.tapAndHold(MobileBuiltInKeywords.groovy:1571)
	at com.kms.katalon.core.mobile.keyword.MobileBuiltInKeywords$tapAndHold$9.call(Unknown Source)
	at agregar.run(agregar:47)
	at com.kms.katalon.core.main.ScriptEngine.run(ScriptEngine.java:194)
	at com.kms.katalon.core.main.ScriptEngine.runScriptAsRawText(ScriptEngine.java:119)
	at com.kms.katalon.core.main.TestCaseExecutor.runScript(TestCaseExecutor.java:448)
	at com.kms.katalon.core.main.TestCaseExecutor.doExecute(TestCaseExecutor.java:439)
	at com.kms.katalon.core.main.TestCaseExecutor.processExecutionPhase(TestCaseExecutor.java:418)
	at com.kms.katalon.core.main.TestCaseExecutor.accessMainPhase(TestCaseExecutor.java:410)
	at com.kms.katalon.core.main.TestCaseExecutor.execute(TestCaseExecutor.java:285)
	at com.kms.katalon.core.common.CommonExecutor.accessTestCaseMainPhase(CommonExecutor.java:65)
	at com.kms.katalon.core.main.TestSuiteExecutor.accessTestSuiteMainPhase(TestSuiteExecutor.java:148)
	at com.kms.katalon.core.main.TestSuiteExecutor.execute(TestSuiteExecutor.java:106)
	at com.kms.katalon.core.main.TestCaseMain.startTestSuite(TestCaseMain.java:187)
	at com.kms.katalon.core.main.TestCaseMain$startTestSuite$0.call(Unknown Source)
	at TempTestSuite1687893975673.run(TempTestSuite1687893975673.groovy:36)
)
	at com.kms.katalon.core.keyword.internal.KeywordMain.stepFailed(KeywordMain.groovy:51)
	at com.kms.katalon.core.mobile.keyword.internal.MobileKeywordMain.stepFailed(MobileKeywordMain.groovy:40)
	at com.kms.katalon.core.mobile.keyword.internal.MobileKeywordMain.runKeyword(MobileKeywordMain.groovy:23)
	at com.kms.katalon.core.mobile.keyword.builtin.TapAndHoldKeyword.tapAndHold(TapAndHoldKeyword.groovy:72)
	at com.kms.katalon.core.mobile.keyword.builtin.TapAndHoldKeyword.execute(TapAndHoldKeyword.groovy:65)
	at com.kms.katalon.core.keyword.internal.KeywordExecutor.executeKeywordForPlatform(KeywordExecutor.groovy:74)
	at com.kms.katalon.core.mobile.keyword.MobileBuiltInKeywords.tapAndHold(MobileBuiltInKeywords.groovy:1571)
	at com.kms.katalon.core.mobile.keyword.MobileBuiltInKeywords$tapAndHold$9.call(Unknown Source)
	at agregar.run(agregar:47)
	at com.kms.katalon.core.main.ScriptEngine.run(ScriptEngine.java:194)
	at com.kms.katalon.core.main.ScriptEngine.runScriptAsRawText(ScriptEngine.java:119)
	at com.kms.katalon.core.main.TestCaseExecutor.runScript(TestCaseExecutor.java:448)
	at com.kms.katalon.core.main.TestCaseExecutor.doExecute(TestCaseExecutor.java:439)
	at com.kms.katalon.core.main.TestCaseExecutor.processExecutionPhase(TestCaseExecutor.java:418)
	at com.kms.katalon.core.main.TestCaseExecutor.accessMainPhase(TestCaseExecutor.java:410)
	at com.kms.katalon.core.main.TestCaseExecutor.execute(TestCaseExecutor.java:285)
	at com.kms.katalon.core.common.CommonExecutor.accessTestCaseMainPhase(CommonExecutor.java:65)
	at com.kms.katalon.core.main.TestSuiteExecutor.accessTestSuiteMainPhase(TestSuiteExecutor.java:148)
	at com.kms.katalon.core.main.TestSuiteExecutor.execute(TestSuiteExecutor.java:106)
	at com.kms.katalon.core.main.TestCaseMain.startTestSuite(TestCaseMain.java:187)
	at com.kms.katalon.core.main.TestCaseMain$startTestSuite$0.call(Unknown Source)
	at TempTestSuite1687893975673.run(TempTestSuite1687893975673.groovy:36)
Caused by: org.openqa.selenium.StaleElementReferenceException: Cached elements 'By.xpath: //*[@class = 'android.view.ViewGroup' and @resource-id = 'com.naposystems.napoleonchat:id/constrainsLayout_conversation' and (@text = '' or . = '')]' do not exist in DOM anymore
For documentation on this error, please visit: https://www.seleniumhq.org/exceptions/stale_element_reference.html
Build info: version: '3.141.59', revision: 'e82be7d358', time: '2018-11-14T08:25:53'
System info: host: 'DESKTOP-OBIGNLU', ip: '192.168.1.5', os.name: 'Windows 10', os.arch: 'amd64', os.version: '10.0', java.version: '1.8.0_282'
Driver info: com.kms.katalon.core.appium.driver.SwipeableAndroidDriver
Capabilities {app: C:\Users\Testing\Desktop\ka..., appPackage: com.naposystems.napoleonchat, autoGrantPermissions: true, automationName: uiautomator2, chromedriverPort: 60273, databaseEnabled: false, desired: {app: C:\Users\Testing\Desktop\ka..., autoGrantPermissions: true, automationName: uiautomator2, chromedriverPort: 60273, deviceId: , deviceName: samsung SM-A107M (Android 11), fullReset: true, newCommandTimeout: 1800, noReset: false, platform: ANDROID, platformName: android, platformVersion: 11, systemPort: 60271, udid: R9WN40KBXDJ}, deviceApiLevel: 30, deviceId: , deviceManufacturer: samsung, deviceModel: SM-A107M, deviceName: R9WN40KBXDJ, deviceScreenDensity: 280, deviceScreenSize: 720x1520, deviceUDID: R9WN40KBXDJ, fullReset: true, javascriptEnabled: true, locationContextEnabled: false, networkConnectionEnabled: true, newCommandTimeout: 1800, noReset: false, pixelRatio: 1.75, platform: ANDROID, platformName: Android, platformVersion: 11, statBarHeight: 57, systemPort: 60271, takesScreenshot: true, udid: R9WN40KBXDJ, viewportRect: {height: 1324, left: 0, top: 57, width: 720}, warnings: {}, webStorageEnabled: false}
Session ID: b51267d4-7280-492b-b864-0eb8c4193ae6
	at org.openqa.selenium.remote.http.W3CHttpResponseCodec.createException(W3CHttpResponseCodec.java:187)
	at org.openqa.selenium.remote.http.W3CHttpResponseCodec.decode(W3CHttpResponseCodec.java:122)
	at org.openqa.selenium.remote.http.W3CHttpResponseCodec.decode(W3CHttpResponseCodec.java:49)
	at org.openqa.selenium.remote.HttpCommandExecutor.execute(HttpCommandExecutor.java:158)
	at io.appium.java_client.remote.AppiumCommandExecutor.execute(AppiumCommandExecutor.java:239)
	at org.openqa.selenium.remote.RemoteWebDriver.execute(RemoteWebDriver.java:552)
	at io.appium.java_client.DefaultGenericMobileDriver.execute(DefaultGenericMobileDriver.java:42)
	at io.appium.java_client.AppiumDriver.execute(AppiumDriver.java:1)
	at io.appium.java_client.android.AndroidDriver.execute(AndroidDriver.java:1)
	at com.kms.katalon.core.appium.driver.SwipeableAndroidDriver.execute(SwipeableAndroidDriver.java:1)
	at org.openqa.selenium.remote.RemoteWebElement.execute(RemoteWebElement.java:285)
	at io.appium.java_client.DefaultGenericMobileElement.execute(DefaultGenericMobileElement.java:45)
	at io.appium.java_client.MobileElement.execute(MobileElement.java:1)
	at io.appium.java_client.android.AndroidElement.execute(AndroidElement.java:1)
	at org.openqa.selenium.remote.RemoteWebElement.getLocation(RemoteWebElement.java:337)
	at com.kms.katalon.core.mobile.helper.MobileElementCommonHelper.findElement(MobileElementCommonHelper.java:76)
	at com.kms.katalon.core.mobile.helper.MobileElementCommonHelper.findElementWithCheck(MobileElementCommonHelper.java:157)
	at com.kms.katalon.core.mobile.helper.MobileElementCommonHelper.tapAndHold(MobileElementCommonHelper.java:103)
	at com.kms.katalon.core.mobile.keyword.builtin.TapAndHoldKeyword$_tapAndHold_closure1.doCall(TapAndHoldKeyword.groovy:71)
	at com.kms.katalon.core.mobile.keyword.builtin.TapAndHoldKeyword$_tapAndHold_closure1.call(TapAndHoldKeyword.groovy)
	at com.kms.katalon.core.mobile.keyword.internal.MobileKeywordMain.runKeyword(MobileKeywordMain.groovy:21)
	... 19 more]]></system-err>
      </testcase>
      <testcase name="Test Cases/Parte1/Envio de mensajes/CPN40" time="50.911" classname="Test Cases/Parte1/Envio de mensajes/CPN40" status="PASSED">
         <system-out><![CDATA[2023-06-27 14:31:52 - [TEST_CASE][PASSED] - Test Cases/Parte1/Envio de mensajes/CPN40: Test Cases/Parte1/Envio de mensajes/CPN40

2023-06-27 14:31:52 - [TEST_STEP][PASSED] - tap(findTestObject("Parte1/Envio de mensajes/CPN40/android.widget.FrameLayout"), 100): Tapped on element 'Object Repository/Parte1/Envio de mensajes/CPN40/android.widget.FrameLayout'

2023-06-27 14:32:25 - [MESSAGE][PASSED] - Tapped on element 'Object Repository/Parte1/Envio de mensajes/CPN40/android.widget.FrameLayout'

2023-06-27 14:32:25 - [TEST_STEP][PASSED] - tap(findTestObject("Object Repository/Parte1/Envio de mensajes/CPN40/android.widget.RadioButton - 1 minuto"), 100): Tapped on element 'Object Repository/Parte1/Envio de mensajes/CPN40/android.widget.RadioButton - 1 minuto'

2023-06-27 14:32:26 - [MESSAGE][PASSED] - Tapped on element 'Object Repository/Parte1/Envio de mensajes/CPN40/android.widget.RadioButton - 1 minuto'

2023-06-27 14:32:26 - [TEST_STEP][PASSED] - tap(findTestObject("Object Repository/Parte1/Envio de mensajes/CPN40/android.widget.Button - Aceptar"), 100): Tapped on element 'Object Repository/Parte1/Envio de mensajes/CPN40/android.widget.Button - Aceptar'

2023-06-27 14:32:27 - [MESSAGE][PASSED] - Tapped on element 'Object Repository/Parte1/Envio de mensajes/CPN40/android.widget.Button - Aceptar'

2023-06-27 14:32:27 - [TEST_STEP][PASSED] - tap(findTestObject("Object Repository/Parte1/Envio de mensajes/CPN40/android.widget.EditText - Escribir mensaje"), 100): Tapped on element 'Object Repository/Parte1/Envio de mensajes/CPN40/android.widget.EditText - Escribir mensaje'

2023-06-27 14:32:29 - [MESSAGE][PASSED] - Tapped on element 'Object Repository/Parte1/Envio de mensajes/CPN40/android.widget.EditText - Escribir mensaje'

2023-06-27 14:32:29 - [TEST_STEP][PASSED] - setText(findTestObject("Object Repository/Parte1/Envio de mensajes/CPN40/android.widget.EditText - Escribir mensaje (1)"), "mensaje1", 0): Text 'mensaje1' has been set to element 'Object Repository/Parte1/Envio de mensajes/CPN40/android.widget.EditText - Escribir mensaje (1)'

2023-06-27 14:32:29 - [MESSAGE][WARNING] - Timeout '0' is invalid. Using default page load timeout: '30'

2023-06-27 14:32:30 - [MESSAGE][PASSED] - Text 'mensaje1' has been set to element 'Object Repository/Parte1/Envio de mensajes/CPN40/android.widget.EditText - Escribir mensaje (1)'

2023-06-27 14:32:30 - [TEST_STEP][PASSED] - tap(findTestObject("Object Repository/Parte1/Envio de mensajes/CPN40/android.widget.ImageButton"), 100): Tapped on element 'Object Repository/Parte1/Envio de mensajes/CPN40/android.widget.ImageButton'

2023-06-27 14:32:31 - [MESSAGE][PASSED] - Tapped on element 'Object Repository/Parte1/Envio de mensajes/CPN40/android.widget.ImageButton'

2023-06-27 14:32:31 - [TEST_STEP][PASSED] - setText(findTestObject("Parte1/Envio de mensajes/CPN40/android.widget.EditText - Escribir mensaje (1)"), "mensaje2", 0): Text 'mensaje2' has been set to element 'Object Repository/Parte1/Envio de mensajes/CPN40/android.widget.EditText - Escribir mensaje (1)'

2023-06-27 14:32:31 - [MESSAGE][WARNING] - Timeout '0' is invalid. Using default page load timeout: '30'

2023-06-27 14:32:34 - [MESSAGE][PASSED] - Text 'mensaje2' has been set to element 'Object Repository/Parte1/Envio de mensajes/CPN40/android.widget.EditText - Escribir mensaje (1)'

2023-06-27 14:32:34 - [TEST_STEP][PASSED] - tap(findTestObject("Parte1/Envio de mensajes/CPN40/android.widget.ImageButton"), 100): Tapped on element 'Object Repository/Parte1/Envio de mensajes/CPN40/android.widget.ImageButton'

2023-06-27 14:32:35 - [MESSAGE][PASSED] - Tapped on element 'Object Repository/Parte1/Envio de mensajes/CPN40/android.widget.ImageButton'

2023-06-27 14:32:35 - [TEST_STEP][PASSED] - setText(findTestObject("Parte1/Envio de mensajes/CPN40/android.widget.EditText - Escribir mensaje (1)"), "mensaje3", 0): Text 'mensaje3' has been set to element 'Object Repository/Parte1/Envio de mensajes/CPN40/android.widget.EditText - Escribir mensaje (1)'

2023-06-27 14:32:35 - [MESSAGE][WARNING] - Timeout '0' is invalid. Using default page load timeout: '30'

2023-06-27 14:32:38 - [MESSAGE][PASSED] - Text 'mensaje3' has been set to element 'Object Repository/Parte1/Envio de mensajes/CPN40/android.widget.EditText - Escribir mensaje (1)'

2023-06-27 14:32:38 - [TEST_STEP][PASSED] - tap(findTestObject("Parte1/Envio de mensajes/CPN40/android.widget.ImageButton"), 100): Tapped on element 'Object Repository/Parte1/Envio de mensajes/CPN40/android.widget.ImageButton'

2023-06-27 14:32:38 - [MESSAGE][PASSED] - Tapped on element 'Object Repository/Parte1/Envio de mensajes/CPN40/android.widget.ImageButton'

2023-06-27 14:32:38 - [TEST_STEP][PASSED] - setText(findTestObject("Parte1/Envio de mensajes/CPN40/android.widget.EditText - Escribir mensaje (1)"), "mensaje4", 0): Text 'mensaje4' has been set to element 'Object Repository/Parte1/Envio de mensajes/CPN40/android.widget.EditText - Escribir mensaje (1)'

2023-06-27 14:32:38 - [MESSAGE][WARNING] - Timeout '0' is invalid. Using default page load timeout: '30'

2023-06-27 14:32:41 - [MESSAGE][PASSED] - Text 'mensaje4' has been set to element 'Object Repository/Parte1/Envio de mensajes/CPN40/android.widget.EditText - Escribir mensaje (1)'

2023-06-27 14:32:41 - [TEST_STEP][PASSED] - tap(findTestObject("Parte1/Envio de mensajes/CPN40/android.widget.ImageButton"), 100): Tapped on element 'Object Repository/Parte1/Envio de mensajes/CPN40/android.widget.ImageButton'

2023-06-27 14:32:42 - [MESSAGE][PASSED] - Tapped on element 'Object Repository/Parte1/Envio de mensajes/CPN40/android.widget.ImageButton'

2023-06-27 14:32:42 - [TEST_STEP][PASSED] - tap(findTestObject("Object Repository/Parte1/Envio de mensajes/CPN40/android.widget.ImageButton (1)"), 100): Tapped on element 'Object Repository/Parte1/Envio de mensajes/CPN40/android.widget.ImageButton (1)'

2023-06-27 14:32:43 - [MESSAGE][PASSED] - Tapped on element 'Object Repository/Parte1/Envio de mensajes/CPN40/android.widget.ImageButton (1)']]></system-out>
         <system-err><![CDATA[]]></system-err>
      </testcase>
      <testcase name="Test Cases/Parte1/Envio de mensajes/CPN76" time="38.381" classname="Test Cases/Parte1/Envio de mensajes/CPN76" status="PASSED">
         <system-out><![CDATA[2023-06-27 14:32:43 - [TEST_CASE][PASSED] - Test Cases/Parte1/Envio de mensajes/CPN76: Test Cases/Parte1/Envio de mensajes/CPN76

2023-06-27 14:32:43 - [TEST_STEP][PASSED] - tap(findTestObject("Object Repository/Parte1/Envio de mensajes/CPN76/android.widget.FrameLayout"), 1): Tapped on element 'Object Repository/Parte1/Envio de mensajes/CPN76/android.widget.FrameLayout'

2023-06-27 14:32:46 - [MESSAGE][PASSED] - Tapped on element 'Object Repository/Parte1/Envio de mensajes/CPN76/android.widget.FrameLayout'

2023-06-27 14:32:46 - [TEST_STEP][PASSED] - delay(3, CONTINUE_ON_FAILURE): Delayed 3 second(s)

2023-06-27 14:32:49 - [MESSAGE][PASSED] - Delayed 3 second(s)

2023-06-27 14:32:49 - [TEST_STEP][PASSED] - tap(findTestObject("Parte1/Envio de mensajes/CPN76/android.view.ViewGroup"), 0): Tapped on element 'Object Repository/Parte1/Envio de mensajes/CPN76/android.view.ViewGroup'

2023-06-27 14:32:49 - [MESSAGE][WARNING] - Timeout '0' is invalid. Using default page load timeout: '30'

2023-06-27 14:32:49 - [MESSAGE][PASSED] - Tapped on element 'Object Repository/Parte1/Envio de mensajes/CPN76/android.view.ViewGroup'

2023-06-27 14:32:49 - [TEST_STEP][PASSED] - tapAndHold(findTestObject("Parte1/Envio de mensajes/CPN76/android.widget.ImageButton"), 8, 0): Tapped and held on element 'Object Repository/Parte1/Envio de mensajes/CPN76/android.widget.ImageButton' with duration 8

2023-06-27 14:32:49 - [MESSAGE][WARNING] - Timeout '0' is invalid. Using default page load timeout: '30'

2023-06-27 14:33:00 - [MESSAGE][PASSED] - Tapped and held on element 'Object Repository/Parte1/Envio de mensajes/CPN76/android.widget.ImageButton' with duration 8

2023-06-27 14:33:00 - [TEST_STEP][PASSED] - tapAndHold(findTestObject("Parte1/Envio de mensajes/CPN76/android.widget.ImageButton"), 15, 0): Tapped and held on element 'Object Repository/Parte1/Envio de mensajes/CPN76/android.widget.ImageButton' with duration 15

2023-06-27 14:33:00 - [MESSAGE][WARNING] - Timeout '0' is invalid. Using default page load timeout: '30'

2023-06-27 14:33:18 - [MESSAGE][PASSED] - Tapped and held on element 'Object Repository/Parte1/Envio de mensajes/CPN76/android.widget.ImageButton' with duration 15

2023-06-27 14:33:18 - [TEST_STEP][PASSED] - tap(findTestObject("Parte1/Envio de mensajes/CPN76/android.widget.ImageButton (1)"), 0): Tapped on element 'Object Repository/Parte1/Envio de mensajes/CPN76/android.widget.ImageButton (1)'

2023-06-27 14:33:18 - [MESSAGE][WARNING] - Timeout '0' is invalid. Using default page load timeout: '30'

2023-06-27 14:33:21 - [MESSAGE][PASSED] - Tapped on element 'Object Repository/Parte1/Envio de mensajes/CPN76/android.widget.ImageButton (1)']]></system-out>
         <system-err><![CDATA[]]></system-err>
      </testcase>
      <testcase name="Test Cases/Parte1/Envio de mensajes/CPN85" time="34.924" classname="Test Cases/Parte1/Envio de mensajes/CPN85" status="PASSED">
         <system-out><![CDATA[2023-06-27 14:33:21 - [TEST_CASE][PASSED] - Test Cases/Parte1/Envio de mensajes/CPN85: Test Cases/Parte1/Envio de mensajes/CPN85

2023-06-27 14:33:22 - [TEST_STEP][PASSED] - delay(4, CONTINUE_ON_FAILURE): Delayed 4 second(s)

2023-06-27 14:33:26 - [MESSAGE][PASSED] - Delayed 4 second(s)

2023-06-27 14:33:26 - [TEST_STEP][PASSED] - tap(findTestObject("Object Repository/Parte1/Envio de mensajes/CPN85/android.view.ViewGroup"), 0): Tapped on element 'Object Repository/Parte1/Envio de mensajes/CPN85/android.view.ViewGroup'

2023-06-27 14:33:26 - [MESSAGE][WARNING] - Timeout '0' is invalid. Using default page load timeout: '30'

2023-06-27 14:33:26 - [MESSAGE][PASSED] - Tapped on element 'Object Repository/Parte1/Envio de mensajes/CPN85/android.view.ViewGroup'

2023-06-27 14:33:26 - [TEST_STEP][PASSED] - tap(findTestObject("Object Repository/Parte1/Envio de mensajes/CPN85/android.widget.ImageButton"), 1): Tapped on element 'Object Repository/Parte1/Envio de mensajes/CPN85/android.widget.ImageButton'

2023-06-27 14:33:28 - [MESSAGE][PASSED] - Tapped on element 'Object Repository/Parte1/Envio de mensajes/CPN85/android.widget.ImageButton'

2023-06-27 14:33:28 - [TEST_STEP][PASSED] - tap(findTestObject("Object Repository/Parte1/Envio de mensajes/CPN85/android.widget.SeekBar - 0.0"), 0): Tapped on element 'Object Repository/Parte1/Envio de mensajes/CPN85/android.widget.SeekBar - 0.0'

2023-06-27 14:33:28 - [MESSAGE][WARNING] - Timeout '0' is invalid. Using default page load timeout: '30'

2023-06-27 14:33:29 - [MESSAGE][PASSED] - Tapped on element 'Object Repository/Parte1/Envio de mensajes/CPN85/android.widget.SeekBar - 0.0'

2023-06-27 14:33:29 - [TEST_STEP][PASSED] - tap(findTestObject("Object Repository/Parte1/Envio de mensajes/CPN85/android.widget.ImageButton (1)"), 1): Tapped on element 'Object Repository/Parte1/Envio de mensajes/CPN85/android.widget.ImageButton (1)'

2023-06-27 14:33:30 - [MESSAGE][PASSED] - Tapped on element 'Object Repository/Parte1/Envio de mensajes/CPN85/android.widget.ImageButton (1)'

2023-06-27 14:33:30 - [TEST_STEP][PASSED] - tap(findTestObject("Object Repository/Parte1/Envio de mensajes/CPN85/android.widget.ImageButton (2)"), 0): Tapped on element 'Object Repository/Parte1/Envio de mensajes/CPN85/android.widget.ImageButton (2)'

2023-06-27 14:33:30 - [MESSAGE][WARNING] - Timeout '0' is invalid. Using default page load timeout: '30'

2023-06-27 14:33:33 - [MESSAGE][PASSED] - Tapped on element 'Object Repository/Parte1/Envio de mensajes/CPN85/android.widget.ImageButton (2)'

2023-06-27 14:33:33 - [TEST_STEP][PASSED] - tap(findTestObject("Parte1/Envio de mensajes/CPN85/android.widget.ImageButton"), 1): Tapped on element 'Object Repository/Parte1/Envio de mensajes/CPN85/android.widget.ImageButton'

2023-06-27 14:33:34 - [MESSAGE][PASSED] - Tapped on element 'Object Repository/Parte1/Envio de mensajes/CPN85/android.widget.ImageButton'

2023-06-27 14:33:34 - [TEST_STEP][PASSED] - tap(findTestObject("Object Repository/Parte1/Envio de mensajes/CPN85/android.widget.ImageButton (3)"), 0): Tapped on element 'Object Repository/Parte1/Envio de mensajes/CPN85/android.widget.ImageButton (3)'

2023-06-27 14:33:34 - [MESSAGE][WARNING] - Timeout '0' is invalid. Using default page load timeout: '30'

2023-06-27 14:33:35 - [MESSAGE][PASSED] - Tapped on element 'Object Repository/Parte1/Envio de mensajes/CPN85/android.widget.ImageButton (3)'

2023-06-27 14:33:35 - [TEST_STEP][PASSED] - tap(findTestObject("Parte1/Envio de mensajes/CPN85/android.widget.SeekBar - 0.0"), 0): Tapped on element 'Object Repository/Parte1/Envio de mensajes/CPN85/android.widget.SeekBar - 0.0'

2023-06-27 14:33:35 - [MESSAGE][WARNING] - Timeout '0' is invalid. Using default page load timeout: '30'

2023-06-27 14:33:36 - [MESSAGE][PASSED] - Tapped on element 'Object Repository/Parte1/Envio de mensajes/CPN85/android.widget.SeekBar - 0.0'

2023-06-27 14:33:36 - [TEST_STEP][PASSED] - tap(findTestObject("Parte1/Envio de mensajes/CPN85/android.widget.ImageButton (1)"), 1): Tapped on element 'Object Repository/Parte1/Envio de mensajes/CPN85/android.widget.ImageButton (1)'

2023-06-27 14:33:37 - [MESSAGE][PASSED] - Tapped on element 'Object Repository/Parte1/Envio de mensajes/CPN85/android.widget.ImageButton (1)'

2023-06-27 14:33:37 - [TEST_STEP][PASSED] - tap(findTestObject("Parte1/Envio de mensajes/CPN85/android.widget.ImageButton (2)"), 0): Tapped on element 'Object Repository/Parte1/Envio de mensajes/CPN85/android.widget.ImageButton (2)'

2023-06-27 14:33:37 - [MESSAGE][WARNING] - Timeout '0' is invalid. Using default page load timeout: '30'

2023-06-27 14:33:40 - [MESSAGE][PASSED] - Tapped on element 'Object Repository/Parte1/Envio de mensajes/CPN85/android.widget.ImageButton (2)'

2023-06-27 14:33:40 - [TEST_STEP][PASSED] - tap(findTestObject("Parte1/Envio de mensajes/CPN85/android.widget.ImageButton"), 1): Tapped on element 'Object Repository/Parte1/Envio de mensajes/CPN85/android.widget.ImageButton'

2023-06-27 14:33:42 - [MESSAGE][PASSED] - Tapped on element 'Object Repository/Parte1/Envio de mensajes/CPN85/android.widget.ImageButton'

2023-06-27 14:33:42 - [TEST_STEP][PASSED] - tap(findTestObject("Object Repository/Parte1/Envio de mensajes/CPN85/android.widget.ImageButton (4)"), 0): Tapped on element 'Object Repository/Parte1/Envio de mensajes/CPN85/android.widget.ImageButton (4)'

2023-06-27 14:33:42 - [MESSAGE][WARNING] - Timeout '0' is invalid. Using default page load timeout: '30'

2023-06-27 14:33:43 - [MESSAGE][PASSED] - Tapped on element 'Object Repository/Parte1/Envio de mensajes/CPN85/android.widget.ImageButton (4)'

2023-06-27 14:33:43 - [TEST_STEP][PASSED] - tap(findTestObject("Parte1/Envio de mensajes/CPN85/android.widget.ImageButton (1)"), 1): Tapped on element 'Object Repository/Parte1/Envio de mensajes/CPN85/android.widget.ImageButton (1)'

2023-06-27 14:33:44 - [MESSAGE][PASSED] - Tapped on element 'Object Repository/Parte1/Envio de mensajes/CPN85/android.widget.ImageButton (1)'

2023-06-27 14:33:44 - [TEST_STEP][PASSED] - delay(1, CONTINUE_ON_FAILURE): Delayed 1 second(s)

2023-06-27 14:33:45 - [MESSAGE][PASSED] - Delayed 1 second(s)

2023-06-27 14:33:45 - [TEST_STEP][PASSED] - tap(findTestObject("Parte1/Envio de mensajes/CPN85/android.widget.ImageButton (2)"), 0): Tapped on element 'Object Repository/Parte1/Envio de mensajes/CPN85/android.widget.ImageButton (2)'

2023-06-27 14:33:45 - [MESSAGE][WARNING] - Timeout '0' is invalid. Using default page load timeout: '30'

2023-06-27 14:33:46 - [MESSAGE][PASSED] - Tapped on element 'Object Repository/Parte1/Envio de mensajes/CPN85/android.widget.ImageButton (2)'

2023-06-27 14:33:46 - [TEST_STEP][PASSED] - tap(findTestObject("Parte1/Envio de mensajes/CPN85/android.widget.ImageButton"), 1): Tapped on element 'Object Repository/Parte1/Envio de mensajes/CPN85/android.widget.ImageButton'

2023-06-27 14:33:48 - [MESSAGE][PASSED] - Tapped on element 'Object Repository/Parte1/Envio de mensajes/CPN85/android.widget.ImageButton'

2023-06-27 14:33:48 - [TEST_STEP][PASSED] - tap(findTestObject("Parte1/Envio de mensajes/CPN85/android.widget.ImageButton (4)"), 1): Tapped on element 'Object Repository/Parte1/Envio de mensajes/CPN85/android.widget.ImageButton (4)'

2023-06-27 14:33:49 - [MESSAGE][PASSED] - Tapped on element 'Object Repository/Parte1/Envio de mensajes/CPN85/android.widget.ImageButton (4)'

2023-06-27 14:33:49 - [TEST_STEP][PASSED] - tap(findTestObject("Parte1/Envio de mensajes/CPN85/android.widget.ImageButton (3)"), 0): Tapped on element 'Object Repository/Parte1/Envio de mensajes/CPN85/android.widget.ImageButton (3)'

2023-06-27 14:33:49 - [MESSAGE][WARNING] - Timeout '0' is invalid. Using default page load timeout: '30'

2023-06-27 14:33:50 - [MESSAGE][PASSED] - Tapped on element 'Object Repository/Parte1/Envio de mensajes/CPN85/android.widget.ImageButton (3)'

2023-06-27 14:33:50 - [TEST_STEP][PASSED] - tap(findTestObject("Parte1/Envio de mensajes/CPN85/android.widget.ImageButton (1)"), 1): Tapped on element 'Object Repository/Parte1/Envio de mensajes/CPN85/android.widget.ImageButton (1)'

2023-06-27 14:33:51 - [MESSAGE][PASSED] - Tapped on element 'Object Repository/Parte1/Envio de mensajes/CPN85/android.widget.ImageButton (1)'

2023-06-27 14:33:51 - [TEST_STEP][PASSED] - tap(findTestObject("Parte1/Envio de mensajes/CPN85/android.widget.ImageButton (2)"), 0): Tapped on element 'Object Repository/Parte1/Envio de mensajes/CPN85/android.widget.ImageButton (2)'

2023-06-27 14:33:51 - [MESSAGE][WARNING] - Timeout '0' is invalid. Using default page load timeout: '30'

2023-06-27 14:33:53 - [MESSAGE][PASSED] - Tapped on element 'Object Repository/Parte1/Envio de mensajes/CPN85/android.widget.ImageButton (2)'

2023-06-27 14:33:53 - [TEST_STEP][PASSED] - delay(3, CONTINUE_ON_FAILURE): Delayed 3 second(s)

2023-06-27 14:33:56 - [MESSAGE][PASSED] - Delayed 3 second(s)

2023-06-27 14:33:56 - [TEST_STEP][PASSED] - tap(findTestObject("Object Repository/Parte1/Envio de mensajes/CPN85/android.widget.ImageButton (5)"), 0): Tapped on element 'Object Repository/Parte1/Envio de mensajes/CPN85/android.widget.ImageButton (5)'

2023-06-27 14:33:56 - [MESSAGE][WARNING] - Timeout '0' is invalid. Using default page load timeout: '30'

2023-06-27 14:33:56 - [MESSAGE][PASSED] - Tapped on element 'Object Repository/Parte1/Envio de mensajes/CPN85/android.widget.ImageButton (5)']]></system-out>
         <system-err><![CDATA[]]></system-err>
      </testcase>
      <testcase name="Test Cases/Parte1/Envio de mensajes/CPN94" time="86.86" classname="Test Cases/Parte1/Envio de mensajes/CPN94" status="PASSED">
         <system-out><![CDATA[2023-06-27 14:33:56 - [TEST_CASE][PASSED] - Test Cases/Parte1/Envio de mensajes/CPN94: Test Cases/Parte1/Envio de mensajes/CPN94

2023-06-27 14:33:56 - [TEST_STEP][PASSED] - delay(2, CONTINUE_ON_FAILURE): Delayed 2 second(s)

2023-06-27 14:33:58 - [MESSAGE][PASSED] - Delayed 2 second(s)

2023-06-27 14:33:58 - [TEST_STEP][PASSED] - tap(findTestObject("Parte1/Envio de mensajes/CPN94/android.view.ViewGroup"), 0): Tapped on element 'Object Repository/Parte1/Envio de mensajes/CPN94/android.view.ViewGroup'

2023-06-27 14:33:59 - [MESSAGE][WARNING] - Timeout '0' is invalid. Using default page load timeout: '30'

2023-06-27 14:34:00 - [MESSAGE][PASSED] - Tapped on element 'Object Repository/Parte1/Envio de mensajes/CPN94/android.view.ViewGroup'

2023-06-27 14:34:00 - [TEST_STEP][PASSED] - tap(findTestObject("Object Repository/Parte1/Envio de mensajes/CPN94/android.widget.ImageButton"), 1): Tapped on element 'Object Repository/Parte1/Envio de mensajes/CPN94/android.widget.ImageButton'

2023-06-27 14:34:01 - [MESSAGE][PASSED] - Tapped on element 'Object Repository/Parte1/Envio de mensajes/CPN94/android.widget.ImageButton'

2023-06-27 14:34:01 - [TEST_STEP][PASSED] - tapAndHold(findTestObject("Object Repository/Parte1/Envio de mensajes/CPN94/android.widget.ImageButton (1)"), 6, 0): Tapped and held on element 'Object Repository/Parte1/Envio de mensajes/CPN94/android.widget.ImageButton (1)' with duration 6

2023-06-27 14:34:01 - [MESSAGE][WARNING] - Timeout '0' is invalid. Using default page load timeout: '30'

2023-06-27 14:34:10 - [MESSAGE][PASSED] - Tapped and held on element 'Object Repository/Parte1/Envio de mensajes/CPN94/android.widget.ImageButton (1)' with duration 6

2023-06-27 14:34:10 - [TEST_STEP][PASSED] - tap(findTestObject("Object Repository/Parte1/Envio de mensajes/CPN94/android.widget.ImageButton (2)"), 1): Tapped on element 'Object Repository/Parte1/Envio de mensajes/CPN94/android.widget.ImageButton (2)'

2023-06-27 14:34:12 - [MESSAGE][PASSED] - Tapped on element 'Object Repository/Parte1/Envio de mensajes/CPN94/android.widget.ImageButton (2)'

2023-06-27 14:34:12 - [TEST_STEP][PASSED] - tap(findTestObject("Parte1/Envio de mensajes/CPN94/android.widget.ImageButton"), 1): Tapped on element 'Object Repository/Parte1/Envio de mensajes/CPN94/android.widget.ImageButton'

2023-06-27 14:34:13 - [MESSAGE][PASSED] - Tapped on element 'Object Repository/Parte1/Envio de mensajes/CPN94/android.widget.ImageButton'

2023-06-27 14:34:13 - [TEST_STEP][PASSED] - tap(findTestObject("Object Repository/Parte1/Envio de mensajes/CPN94/android.widget.ImageButton (3)"), 600): Tapped on element 'Object Repository/Parte1/Envio de mensajes/CPN94/android.widget.ImageButton (3)'

2023-06-27 14:34:14 - [MESSAGE][PASSED] - Tapped on element 'Object Repository/Parte1/Envio de mensajes/CPN94/android.widget.ImageButton (3)'

2023-06-27 14:34:14 - [TEST_STEP][PASSED] - tap(findTestObject("Object Repository/Parte1/Envio de mensajes/CPN94/android.widget.SeekBar - 0.0"), 0): Tapped on element 'Object Repository/Parte1/Envio de mensajes/CPN94/android.widget.SeekBar - 0.0'

2023-06-27 14:34:14 - [MESSAGE][WARNING] - Timeout '0' is invalid. Using default page load timeout: '30'

2023-06-27 14:34:14 - [MESSAGE][PASSED] - Tapped on element 'Object Repository/Parte1/Envio de mensajes/CPN94/android.widget.SeekBar - 0.0'

2023-06-27 14:34:14 - [TEST_STEP][PASSED] - tapAndHold(findTestObject("Parte1/Envio de mensajes/CPN94/android.widget.ImageButton (1)"), 8, 0): Tapped and held on element 'Object Repository/Parte1/Envio de mensajes/CPN94/android.widget.ImageButton (1)' with duration 8

2023-06-27 14:34:14 - [MESSAGE][WARNING] - Timeout '0' is invalid. Using default page load timeout: '30'

2023-06-27 14:34:25 - [MESSAGE][PASSED] - Tapped and held on element 'Object Repository/Parte1/Envio de mensajes/CPN94/android.widget.ImageButton (1)' with duration 8

2023-06-27 14:34:25 - [TEST_STEP][PASSED] - tap(findTestObject("Object Repository/Parte1/Envio de mensajes/CPN94/android.widget.EditText - Escribir mensaje"), 0): Tapped on element 'Object Repository/Parte1/Envio de mensajes/CPN94/android.widget.EditText - Escribir mensaje'

2023-06-27 14:34:25 - [MESSAGE][WARNING] - Timeout '0' is invalid. Using default page load timeout: '30'

2023-06-27 14:34:27 - [MESSAGE][PASSED] - Tapped on element 'Object Repository/Parte1/Envio de mensajes/CPN94/android.widget.EditText - Escribir mensaje'

2023-06-27 14:34:27 - [TEST_STEP][PASSED] - setText(findTestObject("Object Repository/Parte1/Envio de mensajes/CPN94/android.widget.EditText - Escribir mensaje (1)"), "Prueba video", 0): Text 'Prueba video' has been set to element 'Object Repository/Parte1/Envio de mensajes/CPN94/android.widget.EditText - Escribir mensaje (1)'

2023-06-27 14:34:27 - [MESSAGE][WARNING] - Timeout '0' is invalid. Using default page load timeout: '30'

2023-06-27 14:34:28 - [MESSAGE][PASSED] - Text 'Prueba video' has been set to element 'Object Repository/Parte1/Envio de mensajes/CPN94/android.widget.EditText - Escribir mensaje (1)'

2023-06-27 14:34:28 - [TEST_STEP][PASSED] - hideKeyboard(): Keyboard is hidden

2023-06-27 14:34:31 - [MESSAGE][PASSED] - Keyboard is hidden

2023-06-27 14:34:31 - [TEST_STEP][PASSED] - tap(findTestObject("Parte1/Envio de mensajes/CPN94/android.widget.ImageButton (2)"), 0): Tapped on element 'Object Repository/Parte1/Envio de mensajes/CPN94/android.widget.ImageButton (2)'

2023-06-27 14:34:31 - [MESSAGE][WARNING] - Timeout '0' is invalid. Using default page load timeout: '30'

2023-06-27 14:34:31 - [MESSAGE][PASSED] - Tapped on element 'Object Repository/Parte1/Envio de mensajes/CPN94/android.widget.ImageButton (2)'

2023-06-27 14:34:31 - [TEST_STEP][PASSED] - tap(findTestObject("Parte1/Envio de mensajes/CPN94/android.widget.ImageButton"), 0): Tapped on element 'Object Repository/Parte1/Envio de mensajes/CPN94/android.widget.ImageButton'

2023-06-27 14:34:31 - [MESSAGE][WARNING] - Timeout '0' is invalid. Using default page load timeout: '30'

2023-06-27 14:34:33 - [MESSAGE][PASSED] - Tapped on element 'Object Repository/Parte1/Envio de mensajes/CPN94/android.widget.ImageButton'

2023-06-27 14:34:33 - [TEST_STEP][PASSED] - tap(findTestObject("Object Repository/Parte1/Envio de mensajes/CPN94/android.widget.ImageButton (4)"), 0): Tapped on element 'Object Repository/Parte1/Envio de mensajes/CPN94/android.widget.ImageButton (4)'

2023-06-27 14:34:33 - [MESSAGE][WARNING] - Timeout '0' is invalid. Using default page load timeout: '30'

2023-06-27 14:34:34 - [MESSAGE][PASSED] - Tapped on element 'Object Repository/Parte1/Envio de mensajes/CPN94/android.widget.ImageButton (4)'

2023-06-27 14:34:34 - [TEST_STEP][PASSED] - tapAndHold(findTestObject("Parte1/Envio de mensajes/CPN94/android.widget.ImageButton (1)"), 5, 0): Tapped and held on element 'Object Repository/Parte1/Envio de mensajes/CPN94/android.widget.ImageButton (1)' with duration 5

2023-06-27 14:34:34 - [MESSAGE][WARNING] - Timeout '0' is invalid. Using default page load timeout: '30'

2023-06-27 14:34:42 - [MESSAGE][PASSED] - Tapped and held on element 'Object Repository/Parte1/Envio de mensajes/CPN94/android.widget.ImageButton (1)' with duration 5

2023-06-27 14:34:42 - [TEST_STEP][PASSED] - tap(findTestObject("Parte1/Envio de mensajes/CPN94/android.widget.ImageButton (2)"), 0): Tapped on element 'Object Repository/Parte1/Envio de mensajes/CPN94/android.widget.ImageButton (2)'

2023-06-27 14:34:42 - [MESSAGE][WARNING] - Timeout '0' is invalid. Using default page load timeout: '30'

2023-06-27 14:34:42 - [MESSAGE][PASSED] - Tapped on element 'Object Repository/Parte1/Envio de mensajes/CPN94/android.widget.ImageButton (2)'

2023-06-27 14:34:42 - [TEST_STEP][PASSED] - tap(findTestObject("Parte1/Envio de mensajes/CPN94/android.widget.ImageButton"), 0): Tapped on element 'Object Repository/Parte1/Envio de mensajes/CPN94/android.widget.ImageButton'

2023-06-27 14:34:42 - [MESSAGE][WARNING] - Timeout '0' is invalid. Using default page load timeout: '30'

2023-06-27 14:34:44 - [MESSAGE][PASSED] - Tapped on element 'Object Repository/Parte1/Envio de mensajes/CPN94/android.widget.ImageButton'

2023-06-27 14:34:44 - [TEST_STEP][PASSED] - tap(findTestObject("Parte1/Envio de mensajes/CPN94/android.widget.ImageButton (4)"), 0): Tapped on element 'Object Repository/Parte1/Envio de mensajes/CPN94/android.widget.ImageButton (4)'

2023-06-27 14:34:44 - [MESSAGE][WARNING] - Timeout '0' is invalid. Using default page load timeout: '30'

2023-06-27 14:34:45 - [MESSAGE][PASSED] - Tapped on element 'Object Repository/Parte1/Envio de mensajes/CPN94/android.widget.ImageButton (4)'

2023-06-27 14:34:45 - [TEST_STEP][PASSED] - tapAndHold(findTestObject("Parte1/Envio de mensajes/CPN94/android.widget.ImageButton (1)"), 10, 0): Tapped and held on element 'Object Repository/Parte1/Envio de mensajes/CPN94/android.widget.ImageButton (1)' with duration 10

2023-06-27 14:34:45 - [MESSAGE][WARNING] - Timeout '0' is invalid. Using default page load timeout: '30'

2023-06-27 14:34:57 - [MESSAGE][PASSED] - Tapped and held on element 'Object Repository/Parte1/Envio de mensajes/CPN94/android.widget.ImageButton (1)' with duration 10

2023-06-27 14:34:57 - [TEST_STEP][PASSED] - tap(findTestObject("Parte1/Envio de mensajes/CPN94/android.widget.ImageButton (2)"), 0): Tapped on element 'Object Repository/Parte1/Envio de mensajes/CPN94/android.widget.ImageButton (2)'

2023-06-27 14:34:57 - [MESSAGE][WARNING] - Timeout '0' is invalid. Using default page load timeout: '30'

2023-06-27 14:34:58 - [MESSAGE][PASSED] - Tapped on element 'Object Repository/Parte1/Envio de mensajes/CPN94/android.widget.ImageButton (2)'

2023-06-27 14:34:58 - [TEST_STEP][PASSED] - tap(findTestObject("Parte1/Envio de mensajes/CPN94/android.widget.ImageButton"), 0): Tapped on element 'Object Repository/Parte1/Envio de mensajes/CPN94/android.widget.ImageButton'

2023-06-27 14:34:58 - [MESSAGE][WARNING] - Timeout '0' is invalid. Using default page load timeout: '30'

2023-06-27 14:35:00 - [MESSAGE][PASSED] - Tapped on element 'Object Repository/Parte1/Envio de mensajes/CPN94/android.widget.ImageButton'

2023-06-27 14:35:00 - [TEST_STEP][PASSED] - delay(3, STOP_ON_FAILURE): Delayed 3 second(s)

2023-06-27 14:35:03 - [MESSAGE][PASSED] - Delayed 3 second(s)

2023-06-27 14:35:03 - [TEST_STEP][PASSED] - tap(findTestObject("Parte1/Envio de mensajes/CPN94/android.widget.ImageButton (4)"), 0): Tapped on element 'Object Repository/Parte1/Envio de mensajes/CPN94/android.widget.ImageButton (4)'

2023-06-27 14:35:03 - [MESSAGE][WARNING] - Timeout '0' is invalid. Using default page load timeout: '30'

2023-06-27 14:35:03 - [MESSAGE][PASSED] - Tapped on element 'Object Repository/Parte1/Envio de mensajes/CPN94/android.widget.ImageButton (4)'

2023-06-27 14:35:03 - [TEST_STEP][PASSED] - tapAndHold(findTestObject("Parte1/Envio de mensajes/CPN94/android.widget.ImageButton (1)"), 15, 0): Tapped and held on element 'Object Repository/Parte1/Envio de mensajes/CPN94/android.widget.ImageButton (1)' with duration 15

2023-06-27 14:35:03 - [MESSAGE][WARNING] - Timeout '0' is invalid. Using default page load timeout: '30'

2023-06-27 14:35:21 - [MESSAGE][PASSED] - Tapped and held on element 'Object Repository/Parte1/Envio de mensajes/CPN94/android.widget.ImageButton (1)' with duration 15

2023-06-27 14:35:21 - [TEST_STEP][PASSED] - tap(findTestObject("Parte1/Envio de mensajes/CPN94/android.widget.ImageButton (2)"), 0): Tapped on element 'Object Repository/Parte1/Envio de mensajes/CPN94/android.widget.ImageButton (2)'

2023-06-27 14:35:21 - [MESSAGE][WARNING] - Timeout '0' is invalid. Using default page load timeout: '30'

2023-06-27 14:35:21 - [MESSAGE][PASSED] - Tapped on element 'Object Repository/Parte1/Envio de mensajes/CPN94/android.widget.ImageButton (2)'

2023-06-27 14:35:21 - [TEST_STEP][PASSED] - tap(findTestObject("Parte1/Envio de mensajes/CPN94/android.widget.ImageButton (6)"), 0): Tapped on element 'Object Repository/Parte1/Envio de mensajes/CPN94/android.widget.ImageButton (6)'

2023-06-27 14:35:21 - [MESSAGE][WARNING] - Timeout '0' is invalid. Using default page load timeout: '30'

2023-06-27 14:35:23 - [MESSAGE][PASSED] - Tapped on element 'Object Repository/Parte1/Envio de mensajes/CPN94/android.widget.ImageButton (6)']]></system-out>
         <system-err><![CDATA[]]></system-err>
      </testcase>
      <testcase name="Test Cases/Parte1/Envio de mensajes/CPN103" time="18.05" classname="Test Cases/Parte1/Envio de mensajes/CPN103" status="PASSED">
         <system-out><![CDATA[2023-06-27 14:35:23 - [TEST_CASE][PASSED] - Test Cases/Parte1/Envio de mensajes/CPN103: Test Cases/Parte1/Envio de mensajes/CPN103

2023-06-27 14:35:23 - [TEST_STEP][PASSED] - delay(3, CONTINUE_ON_FAILURE): Delayed 3 second(s)

2023-06-27 14:35:26 - [MESSAGE][PASSED] - Delayed 3 second(s)

2023-06-27 14:35:26 - [TEST_STEP][PASSED] - tap(findTestObject("Parte1/Envio de mensajes/CPN103/android.view.ViewGroup"), 0): Tapped on element 'Object Repository/Parte1/Envio de mensajes/CPN103/android.view.ViewGroup'

2023-06-27 14:35:26 - [MESSAGE][WARNING] - Timeout '0' is invalid. Using default page load timeout: '30'

2023-06-27 14:35:28 - [MESSAGE][PASSED] - Tapped on element 'Object Repository/Parte1/Envio de mensajes/CPN103/android.view.ViewGroup'

2023-06-27 14:35:28 - [TEST_STEP][PASSED] - tap(findTestObject("Object Repository/Parte1/Envio de mensajes/CPN103/android.widget.ImageButton"), 0): Tapped on element 'Object Repository/Parte1/Envio de mensajes/CPN103/android.widget.ImageButton'

2023-06-27 14:35:28 - [MESSAGE][WARNING] - Timeout '0' is invalid. Using default page load timeout: '30'

2023-06-27 14:35:28 - [MESSAGE][PASSED] - Tapped on element 'Object Repository/Parte1/Envio de mensajes/CPN103/android.widget.ImageButton'

2023-06-27 14:35:28 - [TEST_STEP][PASSED] - tap(findTestObject("Object Repository/Parte1/Envio de mensajes/CPN103/android.widget.LinearLayout"), 0): Tapped on element 'Object Repository/Parte1/Envio de mensajes/CPN103/android.widget.LinearLayout'

2023-06-27 14:35:28 - [MESSAGE][WARNING] - Timeout '0' is invalid. Using default page load timeout: '30'

2023-06-27 14:35:29 - [MESSAGE][PASSED] - Tapped on element 'Object Repository/Parte1/Envio de mensajes/CPN103/android.widget.LinearLayout'

2023-06-27 14:35:29 - [TEST_STEP][PASSED] - tap(findTestObject("Object Repository/Parte1/Envio de mensajes/CPN103/android.widget.ImageView"), 0): Tapped on element 'Object Repository/Parte1/Envio de mensajes/CPN103/android.widget.ImageView'

2023-06-27 14:35:29 - [MESSAGE][WARNING] - Timeout '0' is invalid. Using default page load timeout: '30'

2023-06-27 14:35:34 - [MESSAGE][PASSED] - Tapped on element 'Object Repository/Parte1/Envio de mensajes/CPN103/android.widget.ImageView'

2023-06-27 14:35:34 - [TEST_STEP][PASSED] - tap(findTestObject("Parte1/Envio de mensajes/CPN103/android.widget.ImageButton"), 0): Tapped on element 'Object Repository/Parte1/Envio de mensajes/CPN103/android.widget.ImageButton'

2023-06-27 14:35:34 - [MESSAGE][WARNING] - Timeout '0' is invalid. Using default page load timeout: '30'

2023-06-27 14:35:36 - [MESSAGE][PASSED] - Tapped on element 'Object Repository/Parte1/Envio de mensajes/CPN103/android.widget.ImageButton'

2023-06-27 14:35:36 - [TEST_STEP][PASSED] - tap(findTestObject("Parte1/Envio de mensajes/CPN103/android.widget.LinearLayout"), 0): Tapped on element 'Object Repository/Parte1/Envio de mensajes/CPN103/android.widget.LinearLayout'

2023-06-27 14:35:36 - [MESSAGE][WARNING] - Timeout '0' is invalid. Using default page load timeout: '30'

2023-06-27 14:35:37 - [MESSAGE][PASSED] - Tapped on element 'Object Repository/Parte1/Envio de mensajes/CPN103/android.widget.LinearLayout'

2023-06-27 14:35:37 - [TEST_STEP][PASSED] - tap(findTestObject("Object Repository/Parte1/Envio de mensajes/CPN103/android.widget.ImageView (1)"), 0): Tapped on element 'Object Repository/Parte1/Envio de mensajes/CPN103/android.widget.ImageView (1)'

2023-06-27 14:35:37 - [MESSAGE][WARNING] - Timeout '0' is invalid. Using default page load timeout: '30'

2023-06-27 14:35:39 - [MESSAGE][PASSED] - Tapped on element 'Object Repository/Parte1/Envio de mensajes/CPN103/android.widget.ImageView (1)'

2023-06-27 14:35:39 - [TEST_STEP][PASSED] - tap(findTestObject("Object Repository/Parte1/Envio de mensajes/CPN103/android.widget.ImageButton (1)"), 0): Tapped on element 'Object Repository/Parte1/Envio de mensajes/CPN103/android.widget.ImageButton (1)'

2023-06-27 14:35:39 - [MESSAGE][WARNING] - Timeout '0' is invalid. Using default page load timeout: '30'

2023-06-27 14:35:41 - [MESSAGE][PASSED] - Tapped on element 'Object Repository/Parte1/Envio de mensajes/CPN103/android.widget.ImageButton (1)']]></system-out>
         <system-err><![CDATA[]]></system-err>
      </testcase>
      <testcase name="Test Cases/Parte1/Envio de mensajes/CPN104" time="27.493" classname="Test Cases/Parte1/Envio de mensajes/CPN104" status="PASSED">
         <system-out><![CDATA[2023-06-27 14:35:41 - [TEST_CASE][PASSED] - Test Cases/Parte1/Envio de mensajes/CPN104: Test Cases/Parte1/Envio de mensajes/CPN104

2023-06-27 14:35:41 - [TEST_STEP][PASSED] - delay(3, CONTINUE_ON_FAILURE): Delayed 3 second(s)

2023-06-27 14:35:44 - [MESSAGE][PASSED] - Delayed 3 second(s)

2023-06-27 14:35:44 - [TEST_STEP][PASSED] - tap(findTestObject("Parte1/Envio de mensajes/CPN104/android.view.ViewGroup"), 0): Tapped on element 'Object Repository/Parte1/Envio de mensajes/CPN104/android.view.ViewGroup'

2023-06-27 14:35:44 - [MESSAGE][WARNING] - Timeout '0' is invalid. Using default page load timeout: '30'

2023-06-27 14:35:47 - [MESSAGE][PASSED] - Tapped on element 'Object Repository/Parte1/Envio de mensajes/CPN104/android.view.ViewGroup'

2023-06-27 14:35:47 - [TEST_STEP][PASSED] - tap(findTestObject("Object Repository/Parte1/Envio de mensajes/CPN104/android.widget.ImageButton"), 100): Tapped on element 'Object Repository/Parte1/Envio de mensajes/CPN104/android.widget.ImageButton'

2023-06-27 14:35:47 - [MESSAGE][PASSED] - Tapped on element 'Object Repository/Parte1/Envio de mensajes/CPN104/android.widget.ImageButton'

2023-06-27 14:35:47 - [TEST_STEP][PASSED] - tap(findTestObject("Object Repository/Parte1/Envio de mensajes/CPN104/android.widget.LinearLayout"), 100): Tapped on element 'Object Repository/Parte1/Envio de mensajes/CPN104/android.widget.LinearLayout'

2023-06-27 14:35:48 - [MESSAGE][PASSED] - Tapped on element 'Object Repository/Parte1/Envio de mensajes/CPN104/android.widget.LinearLayout'

2023-06-27 14:35:48 - [TEST_STEP][PASSED] - tap(findTestObject("Object Repository/Parte1/Envio de mensajes/CPN104/android.view.ViewGroup (1)"), 0): Tapped on element 'Object Repository/Parte1/Envio de mensajes/CPN104/android.view.ViewGroup (1)'

2023-06-27 14:35:48 - [MESSAGE][WARNING] - Timeout '0' is invalid. Using default page load timeout: '30'

2023-06-27 14:35:50 - [MESSAGE][PASSED] - Tapped on element 'Object Repository/Parte1/Envio de mensajes/CPN104/android.view.ViewGroup (1)'

2023-06-27 14:35:50 - [TEST_STEP][PASSED] - tap(findTestObject("Object Repository/Parte1/Envio de mensajes/CPN104/android.widget.ImageView"), 100): Tapped on element 'Object Repository/Parte1/Envio de mensajes/CPN104/android.widget.ImageView'

2023-06-27 14:35:51 - [MESSAGE][PASSED] - Tapped on element 'Object Repository/Parte1/Envio de mensajes/CPN104/android.widget.ImageView'

2023-06-27 14:35:51 - [TEST_STEP][PASSED] - tap(findTestObject("Object Repository/Parte1/Envio de mensajes/CPN104/android.widget.ImageView (1)"), 100): Tapped on element 'Object Repository/Parte1/Envio de mensajes/CPN104/android.widget.ImageView (1)'

2023-06-27 14:35:52 - [MESSAGE][PASSED] - Tapped on element 'Object Repository/Parte1/Envio de mensajes/CPN104/android.widget.ImageView (1)'

2023-06-27 14:35:52 - [TEST_STEP][PASSED] - delay(8, STOP_ON_FAILURE): Delayed 8 second(s)

2023-06-27 14:36:00 - [MESSAGE][PASSED] - Delayed 8 second(s)

2023-06-27 14:36:00 - [TEST_STEP][PASSED] - tap(findTestObject("Object Repository/Parte1/Envio de mensajes/CPN104/android.widget.ImageView (2)"), 100): Tapped on element 'Object Repository/Parte1/Envio de mensajes/CPN104/android.widget.ImageView (2)'

2023-06-27 14:36:00 - [MESSAGE][PASSED] - Tapped on element 'Object Repository/Parte1/Envio de mensajes/CPN104/android.widget.ImageView (2)'

2023-06-27 14:36:00 - [TEST_STEP][PASSED] - tap(findTestObject("Object Repository/Parte1/Envio de mensajes/CPN104/android.widget.ImageButton (1)"), 100): Tapped on element 'Object Repository/Parte1/Envio de mensajes/CPN104/android.widget.ImageButton (1)'

2023-06-27 14:36:01 - [MESSAGE][PASSED] - Tapped on element 'Object Repository/Parte1/Envio de mensajes/CPN104/android.widget.ImageButton (1)'

2023-06-27 14:36:01 - [TEST_STEP][PASSED] - delay(3, STOP_ON_FAILURE): Delayed 3 second(s)

2023-06-27 14:36:04 - [MESSAGE][PASSED] - Delayed 3 second(s)

2023-06-27 14:36:04 - [TEST_STEP][PASSED] - tap(findTestObject("Object Repository/Parte1/Envio de mensajes/CPN104/android.widget.ImageButton (2)"), 100): Tapped on element 'Object Repository/Parte1/Envio de mensajes/CPN104/android.widget.ImageButton (2)'

2023-06-27 14:36:06 - [MESSAGE][PASSED] - Tapped on element 'Object Repository/Parte1/Envio de mensajes/CPN104/android.widget.ImageButton (2)'

2023-06-27 14:36:06 - [TEST_STEP][PASSED] - delay(3, CONTINUE_ON_FAILURE): Delayed 3 second(s)

2023-06-27 14:36:09 - [MESSAGE][PASSED] - Delayed 3 second(s)]]></system-out>
         <system-err><![CDATA[]]></system-err>
      </testcase>
      <testcase name="Test Cases/Parte1/Envio de mensajes/CPN105" time="35.904" classname="Test Cases/Parte1/Envio de mensajes/CPN105" status="PASSED">
         <system-out><![CDATA[2023-06-27 14:36:09 - [TEST_CASE][PASSED] - Test Cases/Parte1/Envio de mensajes/CPN105: Test Cases/Parte1/Envio de mensajes/CPN105

2023-06-27 14:36:09 - [TEST_STEP][PASSED] - tap(findTestObject("Object Repository/Parte1/Envio de mensajes/CPN105/android.view.ViewGroup"), 0): Tapped on element 'Object Repository/Parte1/Envio de mensajes/CPN105/android.view.ViewGroup'

2023-06-27 14:36:09 - [MESSAGE][WARNING] - Timeout '0' is invalid. Using default page load timeout: '30'

2023-06-27 14:36:09 - [MESSAGE][PASSED] - Tapped on element 'Object Repository/Parte1/Envio de mensajes/CPN105/android.view.ViewGroup'

2023-06-27 14:36:09 - [TEST_STEP][PASSED] - tap(findTestObject("Object Repository/Parte1/Envio de mensajes/CPN105/android.widget.ImageButton"), 100): Tapped on element 'Object Repository/Parte1/Envio de mensajes/CPN105/android.widget.ImageButton'

2023-06-27 14:36:11 - [MESSAGE][PASSED] - Tapped on element 'Object Repository/Parte1/Envio de mensajes/CPN105/android.widget.ImageButton'

2023-06-27 14:36:11 - [TEST_STEP][PASSED] - tap(findTestObject("Object Repository/Parte1/Envio de mensajes/CPN105/android.widget.LinearLayout"), 100): Tapped on element 'Object Repository/Parte1/Envio de mensajes/CPN105/android.widget.LinearLayout'

2023-06-27 14:36:12 - [MESSAGE][PASSED] - Tapped on element 'Object Repository/Parte1/Envio de mensajes/CPN105/android.widget.LinearLayout'

2023-06-27 14:36:12 - [TEST_STEP][PASSED] - tap(findTestObject("Object Repository/Parte1/Envio de mensajes/CPN105/android.widget.ImageButton (1)"), 100): Tapped on element 'Object Repository/Parte1/Envio de mensajes/CPN105/android.widget.ImageButton (1)'

2023-06-27 14:36:14 - [MESSAGE][PASSED] - Tapped on element 'Object Repository/Parte1/Envio de mensajes/CPN105/android.widget.ImageButton (1)'

2023-06-27 14:36:14 - [TEST_STEP][PASSED] - delay(3, STOP_ON_FAILURE): Delayed 3 second(s)

2023-06-27 14:36:17 - [MESSAGE][PASSED] - Delayed 3 second(s)

2023-06-27 14:36:17 - [TEST_STEP][PASSED] - tap(findTestObject("Parte1/Envio de mensajes/CPN105/android.widget.ImageButton"), 100): Tapped on element 'Object Repository/Parte1/Envio de mensajes/CPN105/android.widget.ImageButton'

2023-06-27 14:36:19 - [MESSAGE][PASSED] - Tapped on element 'Object Repository/Parte1/Envio de mensajes/CPN105/android.widget.ImageButton'

2023-06-27 14:36:19 - [TEST_STEP][PASSED] - tap(findTestObject("Parte1/Envio de mensajes/CPN105/android.widget.LinearLayout"), 100): Tapped on element 'Object Repository/Parte1/Envio de mensajes/CPN105/android.widget.LinearLayout'

2023-06-27 14:36:20 - [MESSAGE][PASSED] - Tapped on element 'Object Repository/Parte1/Envio de mensajes/CPN105/android.widget.LinearLayout'

2023-06-27 14:36:20 - [TEST_STEP][PASSED] - tap(findTestObject("Object Repository/Parte1/Envio de mensajes/CPN105/android.widget.TextView"), 100): Tapped on element 'Object Repository/Parte1/Envio de mensajes/CPN105/android.widget.TextView'

2023-06-27 14:36:22 - [MESSAGE][PASSED] - Tapped on element 'Object Repository/Parte1/Envio de mensajes/CPN105/android.widget.TextView'

2023-06-27 14:36:22 - [TEST_STEP][PASSED] - setText(findTestObject("Object Repository/Parte1/Envio de mensajes/CPN105/android.widget.EditText - NapoleoN"), "Valenci", 0): Text 'Valenci' has been set to element 'Object Repository/Parte1/Envio de mensajes/CPN105/android.widget.EditText - NapoleoN'

2023-06-27 14:36:22 - [MESSAGE][WARNING] - Timeout '0' is invalid. Using default page load timeout: '30'

2023-06-27 14:36:26 - [MESSAGE][PASSED] - Text 'Valenci' has been set to element 'Object Repository/Parte1/Envio de mensajes/CPN105/android.widget.EditText - NapoleoN'

2023-06-27 14:36:26 - [TEST_STEP][PASSED] - tap(findTestObject("Parte1/Envio de mensajes/CPN105/android.view.ViewGroup (1)"), 0): Tapped on element 'Object Repository/Parte1/Envio de mensajes/CPN105/android.view.ViewGroup (1)'

2023-06-27 14:36:26 - [MESSAGE][WARNING] - Timeout '0' is invalid. Using default page load timeout: '30'

2023-06-27 14:36:28 - [MESSAGE][PASSED] - Tapped on element 'Object Repository/Parte1/Envio de mensajes/CPN105/android.view.ViewGroup (1)'

2023-06-27 14:36:28 - [TEST_STEP][PASSED] - tap(findTestObject("Parte1/Envio de mensajes/CPN105/android.widget.ImageButton (1)"), 100): Tapped on element 'Object Repository/Parte1/Envio de mensajes/CPN105/android.widget.ImageButton (1)'

2023-06-27 14:36:29 - [MESSAGE][PASSED] - Tapped on element 'Object Repository/Parte1/Envio de mensajes/CPN105/android.widget.ImageButton (1)'

2023-06-27 14:36:29 - [TEST_STEP][PASSED] - tap(findTestObject("Object Repository/Parte1/Envio de mensajes/CPN105/android.widget.ImageButton"), 100): Tapped on element 'Object Repository/Parte1/Envio de mensajes/CPN105/android.widget.ImageButton'

2023-06-27 14:36:34 - [MESSAGE][PASSED] - Tapped on element 'Object Repository/Parte1/Envio de mensajes/CPN105/android.widget.ImageButton'

2023-06-27 14:36:34 - [TEST_STEP][PASSED] - tap(findTestObject("Object Repository/Parte1/Envio de mensajes/CPN105/android.widget.LinearLayout"), 100): Tapped on element 'Object Repository/Parte1/Envio de mensajes/CPN105/android.widget.LinearLayout'

2023-06-27 14:36:34 - [MESSAGE][PASSED] - Tapped on element 'Object Repository/Parte1/Envio de mensajes/CPN105/android.widget.LinearLayout'

2023-06-27 14:36:34 - [TEST_STEP][PASSED] - tap(findTestObject("Object Repository/Parte1/Envio de mensajes/CPN105/android.widget.TextView"), 100): Tapped on element 'Object Repository/Parte1/Envio de mensajes/CPN105/android.widget.TextView'

2023-06-27 14:36:37 - [MESSAGE][PASSED] - Tapped on element 'Object Repository/Parte1/Envio de mensajes/CPN105/android.widget.TextView'

2023-06-27 14:36:37 - [TEST_STEP][PASSED] - setText(findTestObject("Parte1/Envio de mensajes/CPN105/android.widget.EditText - NapoleoN"), "ikonos", 0): Text 'ikonos' has been set to element 'Object Repository/Parte1/Envio de mensajes/CPN105/android.widget.EditText - NapoleoN'

2023-06-27 14:36:37 - [MESSAGE][WARNING] - Timeout '0' is invalid. Using default page load timeout: '30'

2023-06-27 14:36:39 - [MESSAGE][PASSED] - Text 'ikonos' has been set to element 'Object Repository/Parte1/Envio de mensajes/CPN105/android.widget.EditText - NapoleoN'

2023-06-27 14:36:39 - [TEST_STEP][PASSED] - tap(findTestObject("Parte1/Envio de mensajes/CPN105/android.view.ViewGroup (1)"), 0): Tapped on element 'Object Repository/Parte1/Envio de mensajes/CPN105/android.view.ViewGroup (1)'

2023-06-27 14:36:39 - [MESSAGE][WARNING] - Timeout '0' is invalid. Using default page load timeout: '30'

2023-06-27 14:36:40 - [MESSAGE][PASSED] - Tapped on element 'Object Repository/Parte1/Envio de mensajes/CPN105/android.view.ViewGroup (1)'

2023-06-27 14:36:40 - [TEST_STEP][PASSED] - tap(findTestObject("Object Repository/Parte1/Envio de mensajes/CPN105/android.widget.ImageButton (2)"), 100): Tapped on element 'Object Repository/Parte1/Envio de mensajes/CPN105/android.widget.ImageButton (2)'

2023-06-27 14:36:41 - [MESSAGE][PASSED] - Tapped on element 'Object Repository/Parte1/Envio de mensajes/CPN105/android.widget.ImageButton (2)'

2023-06-27 14:36:41 - [TEST_STEP][PASSED] - tap(findTestObject("Object Repository/Parte1/Envio de mensajes/CPN105/android.widget.ImageButton (3)"), 100): Tapped on element 'Object Repository/Parte1/Envio de mensajes/CPN105/android.widget.ImageButton (3)'

2023-06-27 14:36:45 - [MESSAGE][PASSED] - Tapped on element 'Object Repository/Parte1/Envio de mensajes/CPN105/android.widget.ImageButton (3)']]></system-out>
         <system-err><![CDATA[]]></system-err>
      </testcase>
      <testcase name="Test Cases/Parte1/Envio de mensajes/CPN105.1" time="23.731" classname="Test Cases/Parte1/Envio de mensajes/CPN105.1" status="PASSED">
         <system-out><![CDATA[2023-06-27 14:36:45 - [TEST_CASE][PASSED] - Test Cases/Parte1/Envio de mensajes/CPN105.1: Test Cases/Parte1/Envio de mensajes/CPN105.1

2023-06-27 14:36:45 - [TEST_STEP][PASSED] - delay(2, CONTINUE_ON_FAILURE): Delayed 2 second(s)

2023-06-27 14:36:47 - [MESSAGE][PASSED] - Delayed 2 second(s)

2023-06-27 14:36:47 - [TEST_STEP][PASSED] - tap(findTestObject("Object Repository/Parte1/Envio de mensajes/CPN105.1/android.view.ViewGroup"), 0): Tapped on element 'Object Repository/Parte1/Envio de mensajes/CPN105.1/android.view.ViewGroup'

2023-06-27 14:36:47 - [MESSAGE][WARNING] - Timeout '0' is invalid. Using default page load timeout: '30'

2023-06-27 14:36:47 - [MESSAGE][PASSED] - Tapped on element 'Object Repository/Parte1/Envio de mensajes/CPN105.1/android.view.ViewGroup'

2023-06-27 14:36:47 - [TEST_STEP][PASSED] - tap(findTestObject("Object Repository/Parte1/Envio de mensajes/CPN105.1/android.widget.ImageButton"), 1): Tapped on element 'Object Repository/Parte1/Envio de mensajes/CPN105.1/android.widget.ImageButton'

2023-06-27 14:36:48 - [MESSAGE][PASSED] - Tapped on element 'Object Repository/Parte1/Envio de mensajes/CPN105.1/android.widget.ImageButton'

2023-06-27 14:36:48 - [TEST_STEP][PASSED] - tap(findTestObject("Object Repository/Parte1/Envio de mensajes/CPN105.1/android.widget.LinearLayout"), 1): Tapped on element 'Object Repository/Parte1/Envio de mensajes/CPN105.1/android.widget.LinearLayout'

2023-06-27 14:36:49 - [MESSAGE][PASSED] - Tapped on element 'Object Repository/Parte1/Envio de mensajes/CPN105.1/android.widget.LinearLayout'

2023-06-27 14:36:49 - [TEST_STEP][PASSED] - tap(findTestObject("Object Repository/Parte1/Envio de mensajes/CPN105.1/android.widget.ImageButton (1)"), 1): Tapped on element 'Object Repository/Parte1/Envio de mensajes/CPN105.1/android.widget.ImageButton (1)'

2023-06-27 14:36:51 - [MESSAGE][PASSED] - Tapped on element 'Object Repository/Parte1/Envio de mensajes/CPN105.1/android.widget.ImageButton (1)'

2023-06-27 14:36:51 - [TEST_STEP][PASSED] - tap(findTestObject("Object Repository/Parte1/Envio de mensajes/CPN105.1/android.widget.ImageButton (2)"), 0): Tapped on element 'Object Repository/Parte1/Envio de mensajes/CPN105.1/android.widget.ImageButton (2)'

2023-06-27 14:36:51 - [MESSAGE][WARNING] - Timeout '0' is invalid. Using default page load timeout: '30'

2023-06-27 14:36:53 - [MESSAGE][PASSED] - Tapped on element 'Object Repository/Parte1/Envio de mensajes/CPN105.1/android.widget.ImageButton (2)'

2023-06-27 14:36:53 - [TEST_STEP][PASSED] - tap(findTestObject("Parte1/Envio de mensajes/CPN105.1/android.widget.ImageButton"), 1): Tapped on element 'Object Repository/Parte1/Envio de mensajes/CPN105.1/android.widget.ImageButton'

2023-06-27 14:36:55 - [MESSAGE][PASSED] - Tapped on element 'Object Repository/Parte1/Envio de mensajes/CPN105.1/android.widget.ImageButton'

2023-06-27 14:36:55 - [TEST_STEP][PASSED] - tap(findTestObject("Parte1/Envio de mensajes/CPN105.1/android.widget.LinearLayout"), 1): Tapped on element 'Object Repository/Parte1/Envio de mensajes/CPN105.1/android.widget.LinearLayout'

2023-06-27 14:36:57 - [MESSAGE][PASSED] - Tapped on element 'Object Repository/Parte1/Envio de mensajes/CPN105.1/android.widget.LinearLayout'

2023-06-27 14:36:57 - [TEST_STEP][PASSED] - delay(3, CONTINUE_ON_FAILURE): Delayed 3 second(s)

2023-06-27 14:37:00 - [MESSAGE][PASSED] - Delayed 3 second(s)

2023-06-27 14:37:00 - [TEST_STEP][PASSED] - tap(findTestObject("Object Repository/Parte1/Envio de mensajes/CPN105.1/android.widget.ImageButton (3)"), 1): Tapped on element 'Object Repository/Parte1/Envio de mensajes/CPN105.1/android.widget.ImageButton (3)'

2023-06-27 14:37:00 - [MESSAGE][PASSED] - Tapped on element 'Object Repository/Parte1/Envio de mensajes/CPN105.1/android.widget.ImageButton (3)'

2023-06-27 14:37:00 - [TEST_STEP][PASSED] - tap(findTestObject("Object Repository/Parte1/Envio de mensajes/CPN105.1/android.widget.ImageButton (4)"), 1): Tapped on element 'Object Repository/Parte1/Envio de mensajes/CPN105.1/android.widget.ImageButton (4)'

2023-06-27 14:37:01 - [MESSAGE][PASSED] - Tapped on element 'Object Repository/Parte1/Envio de mensajes/CPN105.1/android.widget.ImageButton (4)'

2023-06-27 14:37:01 - [TEST_STEP][PASSED] - tap(findTestObject("Parte1/Envio de mensajes/CPN105.1/android.widget.ImageButton (2)"), 0): Tapped on element 'Object Repository/Parte1/Envio de mensajes/CPN105.1/android.widget.ImageButton (2)'

2023-06-27 14:37:01 - [MESSAGE][WARNING] - Timeout '0' is invalid. Using default page load timeout: '30'

2023-06-27 14:37:03 - [MESSAGE][PASSED] - Tapped on element 'Object Repository/Parte1/Envio de mensajes/CPN105.1/android.widget.ImageButton (2)'

2023-06-27 14:37:03 - [TEST_STEP][PASSED] - tap(findTestObject("Object Repository/Parte1/Envio de mensajes/CPN105.1/android.widget.ImageButton"), 1): Tapped on element 'Object Repository/Parte1/Envio de mensajes/CPN105.1/android.widget.ImageButton'

2023-06-27 14:37:04 - [MESSAGE][PASSED] - Tapped on element 'Object Repository/Parte1/Envio de mensajes/CPN105.1/android.widget.ImageButton'

2023-06-27 14:37:04 - [TEST_STEP][PASSED] - tap(findTestObject("Object Repository/Parte1/Envio de mensajes/CPN105.1/android.widget.ImageView"), 1): Tapped on element 'Object Repository/Parte1/Envio de mensajes/CPN105.1/android.widget.ImageView'

2023-06-27 14:37:06 - [MESSAGE][PASSED] - Tapped on element 'Object Repository/Parte1/Envio de mensajes/CPN105.1/android.widget.ImageView'

2023-06-27 14:37:06 - [TEST_STEP][PASSED] - tap(findTestObject("Object Repository/Parte1/Envio de mensajes/CPN105.1/android.widget.ImageButton (5)"), 1): Tapped on element 'Object Repository/Parte1/Envio de mensajes/CPN105.1/android.widget.ImageButton (5)'

2023-06-27 14:37:08 - [MESSAGE][PASSED] - Tapped on element 'Object Repository/Parte1/Envio de mensajes/CPN105.1/android.widget.ImageButton (5)']]></system-out>
         <system-err><![CDATA[]]></system-err>
      </testcase>
      <testcase name="Test Cases/Eliminar_conversacion" time="17.214" classname="Test Cases/Eliminar_conversacion" status="PASSED">
         <system-out><![CDATA[2023-06-27 14:37:08 - [TEST_CASE][PASSED] - Test Cases/Eliminar_conversacion: Test Cases/Eliminar_conversacion

2023-06-27 14:37:09 - [TEST_STEP][PASSED] - delay(5, CONTINUE_ON_FAILURE): Delayed 5 second(s)

2023-06-27 14:37:14 - [MESSAGE][PASSED] - Delayed 5 second(s)

2023-06-27 14:37:14 - [TEST_STEP][PASSED] - tapAndHold(findTestObject("Parte1/Eliminar_conversacion/android.view.ViewGroup"), 2, 1): Tapped and held on element 'Object Repository/Parte1/Eliminar_conversacion/android.view.ViewGroup' with duration 2

2023-06-27 14:37:17 - [MESSAGE][PASSED] - Tapped and held on element 'Object Repository/Parte1/Eliminar_conversacion/android.view.ViewGroup' with duration 2

2023-06-27 14:37:17 - [TEST_STEP][PASSED] - tap(findTestObject("Object Repository/Parte1/Eliminar_conversacion/android.widget.LinearLayout"), 0): Tapped on element 'Object Repository/Parte1/Eliminar_conversacion/android.widget.LinearLayout'

2023-06-27 14:37:17 - [MESSAGE][WARNING] - Timeout '0' is invalid. Using default page load timeout: '30'

2023-06-27 14:37:18 - [MESSAGE][PASSED] - Tapped on element 'Object Repository/Parte1/Eliminar_conversacion/android.widget.LinearLayout'

2023-06-27 14:37:18 - [TEST_STEP][PASSED] - delay(2, CONTINUE_ON_FAILURE): Delayed 2 second(s)

2023-06-27 14:37:20 - [MESSAGE][PASSED] - Delayed 2 second(s)

2023-06-27 14:37:20 - [TEST_STEP][PASSED] - tap(findTestObject("Object Repository/Parte1/Eliminar_conversacion/android.widget.Button - Aceptar"), 1): Tapped on element 'Object Repository/Parte1/Eliminar_conversacion/android.widget.Button - Aceptar'

2023-06-27 14:37:21 - [MESSAGE][PASSED] - Tapped on element 'Object Repository/Parte1/Eliminar_conversacion/android.widget.Button - Aceptar'

2023-06-27 14:37:21 - [TEST_STEP][PASSED] - delay(5, CONTINUE_ON_FAILURE): Delayed 5 second(s)

2023-06-27 14:37:26 - [MESSAGE][PASSED] - Delayed 5 second(s)]]></system-out>
         <system-err><![CDATA[]]></system-err>
      </testcase>
      <testcase name="Test Cases/Parte2/Ajustes/Cuenta/Pin de Acceso/CPN159" time="10.608" classname="Test Cases/Parte2/Ajustes/Cuenta/Pin de Acceso/CPN159" status="PASSED">
         <system-out><![CDATA[2023-06-27 14:37:26 - [TEST_CASE][PASSED] - Test Cases/Parte2/Ajustes/Cuenta/Pin de Acceso/CPN159: Test Cases/Parte2/Ajustes/Cuenta/Pin de Acceso/CPN159

2023-06-27 14:37:26 - [TEST_STEP][PASSED] - delay(0, STOP_ON_FAILURE): Delayed 0 second(s)

2023-06-27 14:37:26 - [MESSAGE][PASSED] - Delayed 0 second(s)

2023-06-27 14:37:26 - [TEST_STEP][PASSED] - tap(findTestObject("Parte2/Ajustes cuenta/Cuenta/Pin de Acceso/android.widget.FrameLayout (1)"), 0): Tapped on element 'Object Repository/Parte2/Ajustes cuenta/Cuenta/Pin de Acceso/android.widget.FrameLayout (1)'

2023-06-27 14:37:26 - [MESSAGE][WARNING] - Timeout '0' is invalid. Using default page load timeout: '30'

2023-06-27 14:37:26 - [MESSAGE][PASSED] - Tapped on element 'Object Repository/Parte2/Ajustes cuenta/Cuenta/Pin de Acceso/android.widget.FrameLayout (1)'

2023-06-27 14:37:26 - [TEST_STEP][PASSED] - tap(findTestObject("Parte2/Ajustes cuenta/Cuenta/Pin de Acceso/android.widget.LinearLayout"), 0): Tapped on element 'Object Repository/Parte2/Ajustes cuenta/Cuenta/Pin de Acceso/android.widget.LinearLayout'

2023-06-27 14:37:26 - [MESSAGE][WARNING] - Timeout '0' is invalid. Using default page load timeout: '30'

2023-06-27 14:37:27 - [MESSAGE][PASSED] - Tapped on element 'Object Repository/Parte2/Ajustes cuenta/Cuenta/Pin de Acceso/android.widget.LinearLayout'

2023-06-27 14:37:27 - [TEST_STEP][PASSED] - tap(findTestObject("Parte2/Ajustes cuenta/Cuenta/Pin de Acceso/android.widget.LinearLayout (1)"), 0): Tapped on element 'Object Repository/Parte2/Ajustes cuenta/Cuenta/Pin de Acceso/android.widget.LinearLayout (1)'

2023-06-27 14:37:27 - [MESSAGE][WARNING] - Timeout '0' is invalid. Using default page load timeout: '30'

2023-06-27 14:37:28 - [MESSAGE][PASSED] - Tapped on element 'Object Repository/Parte2/Ajustes cuenta/Cuenta/Pin de Acceso/android.widget.LinearLayout (1)'

2023-06-27 14:37:28 - [TEST_STEP][PASSED] - setText(findTestObject("Parte2/Ajustes cuenta/Cuenta/Pin de Acceso/android.widget.EditText - Pin de acceso antiguo"), "0000", 0): Text '0000' has been set to element 'Object Repository/Parte2/Ajustes cuenta/Cuenta/Pin de Acceso/android.widget.EditText - Pin de acceso antiguo'

2023-06-27 14:37:28 - [MESSAGE][WARNING] - Timeout '0' is invalid. Using default page load timeout: '30'

2023-06-27 14:37:30 - [MESSAGE][PASSED] - Text '0000' has been set to element 'Object Repository/Parte2/Ajustes cuenta/Cuenta/Pin de Acceso/android.widget.EditText - Pin de acceso antiguo'

2023-06-27 14:37:30 - [TEST_STEP][PASSED] - setText(findTestObject("Parte2/Ajustes cuenta/Cuenta/Pin de Acceso/android.widget.EditText - Nuevo pin de acceso"), "1234", 0): Text '1234' has been set to element 'Object Repository/Parte2/Ajustes cuenta/Cuenta/Pin de Acceso/android.widget.EditText - Nuevo pin de acceso'

2023-06-27 14:37:30 - [MESSAGE][WARNING] - Timeout '0' is invalid. Using default page load timeout: '30'

2023-06-27 14:37:31 - [MESSAGE][PASSED] - Text '1234' has been set to element 'Object Repository/Parte2/Ajustes cuenta/Cuenta/Pin de Acceso/android.widget.EditText - Nuevo pin de acceso'

2023-06-27 14:37:31 - [TEST_STEP][PASSED] - setText(findTestObject("Parte2/Ajustes cuenta/Cuenta/Pin de Acceso/android.widget.EditText - Confirmar nuevo pin de acceso"), "4321", 0): Text '4321' has been set to element 'Object Repository/Parte2/Ajustes cuenta/Cuenta/Pin de Acceso/android.widget.EditText - Confirmar nuevo pin de acceso'

2023-06-27 14:37:32 - [MESSAGE][WARNING] - Timeout '0' is invalid. Using default page load timeout: '30'

2023-06-27 14:37:33 - [MESSAGE][PASSED] - Text '4321' has been set to element 'Object Repository/Parte2/Ajustes cuenta/Cuenta/Pin de Acceso/android.widget.EditText - Confirmar nuevo pin de acceso'

2023-06-27 14:37:33 - [TEST_STEP][PASSED] - tap(findTestObject("Parte2/Ajustes cuenta/Cuenta/Pin de Acceso/android.widget.Button - Editar"), 0): Tapped on element 'Object Repository/Parte2/Ajustes cuenta/Cuenta/Pin de Acceso/android.widget.Button - Editar'

2023-06-27 14:37:33 - [MESSAGE][WARNING] - Timeout '0' is invalid. Using default page load timeout: '30'

2023-06-27 14:37:35 - [MESSAGE][PASSED] - Tapped on element 'Object Repository/Parte2/Ajustes cuenta/Cuenta/Pin de Acceso/android.widget.Button - Editar'

2023-06-27 14:37:35 - [TEST_STEP][PASSED] - verifyElementText(findTestObject("Parte2/Ajustes cuenta/Cuenta/Pin de Acceso/android.widget.TextView - El pin de acceso no coincide"), "El pin de acceso no coincide"): Actual text and expected text of test object 'Object Repository/Parte2/Ajustes cuenta/Cuenta/Pin de Acceso/android.widget.TextView - El pin de acceso no coincide' are matched.

2023-06-27 14:37:35 - [MESSAGE][PASSED] - Actual text and expected text of test object 'Object Repository/Parte2/Ajustes cuenta/Cuenta/Pin de Acceso/android.widget.TextView - El pin de acceso no coincide' are matched.

2023-06-27 14:37:35 - [TEST_STEP][PASSED] - verifyElementText(findTestObject("Parte2/Ajustes cuenta/Cuenta/Pin de Acceso/android.widget.TextView - El pin de acceso no coincide (1)"), "El pin de acceso no coincide"): Actual text and expected text of test object 'Object Repository/Parte2/Ajustes cuenta/Cuenta/Pin de Acceso/android.widget.TextView - El pin de acceso no coincide (1)' are matched.

2023-06-27 14:37:35 - [MESSAGE][PASSED] - Actual text and expected text of test object 'Object Repository/Parte2/Ajustes cuenta/Cuenta/Pin de Acceso/android.widget.TextView - El pin de acceso no coincide (1)' are matched.

2023-06-27 14:37:35 - [TEST_STEP][PASSED] - tap(findTestObject("Parte2/Ajustes cuenta/Cuenta/Pin de Acceso/android.widget.ImageButton"), 0): Tapped on element 'Object Repository/Parte2/Ajustes cuenta/Cuenta/Pin de Acceso/android.widget.ImageButton'

2023-06-27 14:37:35 - [MESSAGE][WARNING] - Timeout '0' is invalid. Using default page load timeout: '30'

2023-06-27 14:37:35 - [MESSAGE][PASSED] - Tapped on element 'Object Repository/Parte2/Ajustes cuenta/Cuenta/Pin de Acceso/android.widget.ImageButton'

2023-06-27 14:37:35 - [TEST_STEP][PASSED] - tap(findTestObject("Parte2/Ajustes cuenta/Cuenta/Pin de Acceso/android.widget.LinearLayout (1)"), 0): Tapped on element 'Object Repository/Parte2/Ajustes cuenta/Cuenta/Pin de Acceso/android.widget.LinearLayout (1)'

2023-06-27 14:37:35 - [MESSAGE][WARNING] - Timeout '0' is invalid. Using default page load timeout: '30'

2023-06-27 14:37:36 - [MESSAGE][PASSED] - Tapped on element 'Object Repository/Parte2/Ajustes cuenta/Cuenta/Pin de Acceso/android.widget.LinearLayout (1)']]></system-out>
         <system-err><![CDATA[]]></system-err>
      </testcase>
      <testcase name="Test Cases/Parte2/Ajustes/Cuenta/Pin de Acceso/CPN160" time="8.628" classname="Test Cases/Parte2/Ajustes/Cuenta/Pin de Acceso/CPN160" status="PASSED">
         <system-out><![CDATA[2023-06-27 14:37:36 - [TEST_CASE][PASSED] - Test Cases/Parte2/Ajustes/Cuenta/Pin de Acceso/CPN160: Test Cases/Parte2/Ajustes/Cuenta/Pin de Acceso/CPN160

2023-06-27 14:37:36 - [TEST_STEP][PASSED] - setText(findTestObject("Parte2/Ajustes cuenta/Cuenta/Pin de Acceso/android.widget.EditText - Pin de acceso antiguo"), "1234", 0): Text '1234' has been set to element 'Object Repository/Parte2/Ajustes cuenta/Cuenta/Pin de Acceso/android.widget.EditText - Pin de acceso antiguo'

2023-06-27 14:37:36 - [MESSAGE][WARNING] - Timeout '0' is invalid. Using default page load timeout: '30'

2023-06-27 14:37:39 - [MESSAGE][PASSED] - Text '1234' has been set to element 'Object Repository/Parte2/Ajustes cuenta/Cuenta/Pin de Acceso/android.widget.EditText - Pin de acceso antiguo'

2023-06-27 14:37:39 - [TEST_STEP][PASSED] - setText(findTestObject("Parte2/Ajustes cuenta/Cuenta/Pin de Acceso/android.widget.EditText - Nuevo pin de acceso"), "1111", 0): Text '1111' has been set to element 'Object Repository/Parte2/Ajustes cuenta/Cuenta/Pin de Acceso/android.widget.EditText - Nuevo pin de acceso'

2023-06-27 14:37:39 - [MESSAGE][WARNING] - Timeout '0' is invalid. Using default page load timeout: '30'

2023-06-27 14:37:40 - [MESSAGE][PASSED] - Text '1111' has been set to element 'Object Repository/Parte2/Ajustes cuenta/Cuenta/Pin de Acceso/android.widget.EditText - Nuevo pin de acceso'

2023-06-27 14:37:40 - [TEST_STEP][PASSED] - setText(findTestObject("Parte2/Ajustes cuenta/Cuenta/Pin de Acceso/android.widget.EditText - Confirmar nuevo pin de acceso"), "1111", 0): Text '1111' has been set to element 'Object Repository/Parte2/Ajustes cuenta/Cuenta/Pin de Acceso/android.widget.EditText - Confirmar nuevo pin de acceso'

2023-06-27 14:37:40 - [MESSAGE][WARNING] - Timeout '0' is invalid. Using default page load timeout: '30'

2023-06-27 14:37:42 - [MESSAGE][PASSED] - Text '1111' has been set to element 'Object Repository/Parte2/Ajustes cuenta/Cuenta/Pin de Acceso/android.widget.EditText - Confirmar nuevo pin de acceso'

2023-06-27 14:37:42 - [TEST_STEP][PASSED] - tap(findTestObject("Parte2/Ajustes cuenta/Cuenta/Pin de Acceso/android.widget.Button - Editar"), 0): Tapped on element 'Object Repository/Parte2/Ajustes cuenta/Cuenta/Pin de Acceso/android.widget.Button - Editar'

2023-06-27 14:37:42 - [MESSAGE][WARNING] - Timeout '0' is invalid. Using default page load timeout: '30'

2023-06-27 14:37:43 - [MESSAGE][PASSED] - Tapped on element 'Object Repository/Parte2/Ajustes cuenta/Cuenta/Pin de Acceso/android.widget.Button - Editar'

2023-06-27 14:37:43 - [TEST_STEP][PASSED] - verifyElementText(findTestObject("Parte2/Ajustes cuenta/Cuenta/Pin de Acceso/android.widget.TextView - Pin de acceso no corresponde"), "Pin de acceso no corresponde"): Actual text and expected text of test object 'Object Repository/Parte2/Ajustes cuenta/Cuenta/Pin de Acceso/android.widget.TextView - Pin de acceso no corresponde' are matched.

2023-06-27 14:37:44 - [MESSAGE][PASSED] - Actual text and expected text of test object 'Object Repository/Parte2/Ajustes cuenta/Cuenta/Pin de Acceso/android.widget.TextView - Pin de acceso no corresponde' are matched.

2023-06-27 14:37:44 - [TEST_STEP][PASSED] - tap(findTestObject("Parte2/Ajustes cuenta/Cuenta/Pin de Acceso/android.widget.ImageButton"), 0, STOP_ON_FAILURE): Tapped on element 'Object Repository/Parte2/Ajustes cuenta/Cuenta/Pin de Acceso/android.widget.ImageButton'

2023-06-27 14:37:44 - [MESSAGE][WARNING] - Timeout '0' is invalid. Using default page load timeout: '30'

2023-06-27 14:37:44 - [MESSAGE][PASSED] - Tapped on element 'Object Repository/Parte2/Ajustes cuenta/Cuenta/Pin de Acceso/android.widget.ImageButton'

2023-06-27 14:37:44 - [TEST_STEP][PASSED] - tap(findTestObject("Parte2/Ajustes cuenta/Cuenta/Pin de Acceso/android.widget.LinearLayout (1)"), 0): Tapped on element 'Object Repository/Parte2/Ajustes cuenta/Cuenta/Pin de Acceso/android.widget.LinearLayout (1)'

2023-06-27 14:37:44 - [MESSAGE][WARNING] - Timeout '0' is invalid. Using default page load timeout: '30'

2023-06-27 14:37:45 - [MESSAGE][PASSED] - Tapped on element 'Object Repository/Parte2/Ajustes cuenta/Cuenta/Pin de Acceso/android.widget.LinearLayout (1)']]></system-out>
         <system-err><![CDATA[]]></system-err>
      </testcase>
      <testcase name="Test Cases/Parte2/Ajustes/Cuenta/Pin de Acceso/CPN161" time="6.089" classname="Test Cases/Parte2/Ajustes/Cuenta/Pin de Acceso/CPN161" status="PASSED">
         <system-out><![CDATA[2023-06-27 14:37:45 - [TEST_CASE][PASSED] - Test Cases/Parte2/Ajustes/Cuenta/Pin de Acceso/CPN161: Test Cases/Parte2/Ajustes/Cuenta/Pin de Acceso/CPN161

2023-06-27 14:37:45 - [TEST_STEP][PASSED] - setText(findTestObject("Parte2/Ajustes cuenta/Cuenta/Pin de Acceso/android.widget.EditText - Pin de acceso antiguo"), "0000", 0): Text '0000' has been set to element 'Object Repository/Parte2/Ajustes cuenta/Cuenta/Pin de Acceso/android.widget.EditText - Pin de acceso antiguo'

2023-06-27 14:37:45 - [MESSAGE][WARNING] - Timeout '0' is invalid. Using default page load timeout: '30'

2023-06-27 14:37:47 - [MESSAGE][PASSED] - Text '0000' has been set to element 'Object Repository/Parte2/Ajustes cuenta/Cuenta/Pin de Acceso/android.widget.EditText - Pin de acceso antiguo'

2023-06-27 14:37:47 - [TEST_STEP][PASSED] - setText(findTestObject("Parte2/Ajustes cuenta/Cuenta/Pin de Acceso/android.widget.EditText - Nuevo pin de acceso"), "1111", 0): Text '1111' has been set to element 'Object Repository/Parte2/Ajustes cuenta/Cuenta/Pin de Acceso/android.widget.EditText - Nuevo pin de acceso'

2023-06-27 14:37:47 - [MESSAGE][WARNING] - Timeout '0' is invalid. Using default page load timeout: '30'

2023-06-27 14:37:48 - [MESSAGE][PASSED] - Text '1111' has been set to element 'Object Repository/Parte2/Ajustes cuenta/Cuenta/Pin de Acceso/android.widget.EditText - Nuevo pin de acceso'

2023-06-27 14:37:48 - [TEST_STEP][PASSED] - setText(findTestObject("Parte2/Ajustes cuenta/Cuenta/Pin de Acceso/android.widget.EditText - Confirmar nuevo pin de acceso (1)"), "1111", 0): Text '1111' has been set to element 'Object Repository/Parte2/Ajustes cuenta/Cuenta/Pin de Acceso/android.widget.EditText - Confirmar nuevo pin de acceso (1)'

2023-06-27 14:37:49 - [MESSAGE][WARNING] - Timeout '0' is invalid. Using default page load timeout: '30'

2023-06-27 14:37:50 - [MESSAGE][PASSED] - Text '1111' has been set to element 'Object Repository/Parte2/Ajustes cuenta/Cuenta/Pin de Acceso/android.widget.EditText - Confirmar nuevo pin de acceso (1)'

2023-06-27 14:37:50 - [TEST_STEP][PASSED] - tap(findTestObject("Parte2/Ajustes cuenta/Cuenta/Pin de Acceso/android.widget.Button - Editar"), 0): Tapped on element 'Object Repository/Parte2/Ajustes cuenta/Cuenta/Pin de Acceso/android.widget.Button - Editar'

2023-06-27 14:37:50 - [MESSAGE][WARNING] - Timeout '0' is invalid. Using default page load timeout: '30'

2023-06-27 14:37:51 - [MESSAGE][PASSED] - Tapped on element 'Object Repository/Parte2/Ajustes cuenta/Cuenta/Pin de Acceso/android.widget.Button - Editar']]></system-out>
         <system-err><![CDATA[]]></system-err>
      </testcase>
      <testcase name="Test Cases/Parte2/Ajustes/Cuenta/Opciones de desbloqueo/CPN162" time="6.511" classname="Test Cases/Parte2/Ajustes/Cuenta/Opciones de desbloqueo/CPN162" status="PASSED">
         <system-out><![CDATA[2023-06-27 14:37:51 - [TEST_CASE][PASSED] - Test Cases/Parte2/Ajustes/Cuenta/Opciones de desbloqueo/CPN162: Test Cases/Parte2/Ajustes/Cuenta/Opciones de desbloqueo/CPN162

2023-06-27 14:37:51 - [TEST_STEP][PASSED] - tap(findTestObject("Parte2/Ajustes cuenta/Cuenta/Opciones de desbloqueo/android.widget.TextView - Opciones de desbloqueo"), 0): Tapped on element 'Object Repository/Parte2/Ajustes cuenta/Cuenta/Opciones de desbloqueo/android.widget.TextView - Opciones de desbloqueo'

2023-06-27 14:37:51 - [MESSAGE][WARNING] - Timeout '0' is invalid. Using default page load timeout: '30'

2023-06-27 14:37:52 - [MESSAGE][PASSED] - Tapped on element 'Object Repository/Parte2/Ajustes cuenta/Cuenta/Opciones de desbloqueo/android.widget.TextView - Opciones de desbloqueo'

2023-06-27 14:37:52 - [TEST_STEP][PASSED] - verifyElementExist(findTestObject("Parte2/Ajustes cuenta/Cuenta/Opciones de desbloqueo/android.widget.RadioGroup"), 0): Element 'Object Repository/Parte2/Ajustes cuenta/Cuenta/Opciones de desbloqueo/android.widget.RadioGroup' is exist

2023-06-27 14:37:52 - [MESSAGE][WARNING] - Timeout '0' is invalid. Using default page load timeout: '30'

2023-06-27 14:37:52 - [MESSAGE][PASSED] - Element 'Object Repository/Parte2/Ajustes cuenta/Cuenta/Opciones de desbloqueo/android.widget.RadioGroup' is exist

2023-06-27 14:37:52 - [TEST_STEP][PASSED] - delay(5, STOP_ON_FAILURE): Delayed 5 second(s)

2023-06-27 14:37:57 - [MESSAGE][PASSED] - Delayed 5 second(s)]]></system-out>
         <system-err><![CDATA[]]></system-err>
      </testcase>
      <testcase name="Test Cases/Parte2/Ajustes/Cuenta/Opciones de desbloqueo/CPN163" time="6.598" classname="Test Cases/Parte2/Ajustes/Cuenta/Opciones de desbloqueo/CPN163" status="PASSED">
         <system-out><![CDATA[2023-06-27 14:37:57 - [TEST_CASE][PASSED] - Test Cases/Parte2/Ajustes/Cuenta/Opciones de desbloqueo/CPN163: Test Cases/Parte2/Ajustes/Cuenta/Opciones de desbloqueo/CPN163

2023-06-27 14:37:58 - [TEST_STEP][PASSED] - tap(findTestObject("Parte2/Ajustes cuenta/Cuenta/Opciones de desbloqueo/android.widget.RadioButton - Pin  Huella dactilar"), 0): Tapped on element 'Object Repository/Parte2/Ajustes cuenta/Cuenta/Opciones de desbloqueo/android.widget.RadioButton - Pin  Huella dactilar'

2023-06-27 14:37:58 - [MESSAGE][WARNING] - Timeout '0' is invalid. Using default page load timeout: '30'

2023-06-27 14:37:58 - [MESSAGE][PASSED] - Tapped on element 'Object Repository/Parte2/Ajustes cuenta/Cuenta/Opciones de desbloqueo/android.widget.RadioButton - Pin  Huella dactilar'

2023-06-27 14:37:58 - [TEST_STEP][PASSED] - tap(findTestObject("Parte2/Ajustes cuenta/Cuenta/Opciones de desbloqueo/android.widget.Button - Aceptar"), 0): Tapped on element 'Object Repository/Parte2/Ajustes cuenta/Cuenta/Opciones de desbloqueo/android.widget.Button - Aceptar'

2023-06-27 14:37:58 - [MESSAGE][WARNING] - Timeout '0' is invalid. Using default page load timeout: '30'

2023-06-27 14:37:59 - [MESSAGE][PASSED] - Tapped on element 'Object Repository/Parte2/Ajustes cuenta/Cuenta/Opciones de desbloqueo/android.widget.Button - Aceptar'

2023-06-27 14:37:59 - [TEST_STEP][PASSED] - delay(5, STOP_ON_FAILURE): Delayed 5 second(s)

2023-06-27 14:38:04 - [MESSAGE][PASSED] - Delayed 5 second(s)]]></system-out>
         <system-err><![CDATA[]]></system-err>
      </testcase>
      <testcase name="Test Cases/Parte2/Ajustes/Cuenta/Tiempo Pin de Acceso/CPN169" time="19.054" classname="Test Cases/Parte2/Ajustes/Cuenta/Tiempo Pin de Acceso/CPN169" status="PASSED">
         <system-out><![CDATA[2023-06-27 14:38:04 - [TEST_CASE][PASSED] - Test Cases/Parte2/Ajustes/Cuenta/Tiempo Pin de Acceso/CPN169: Test Cases/Parte2/Ajustes/Cuenta/Tiempo Pin de Acceso/CPN169

2023-06-27 14:38:04 - [TEST_STEP][PASSED] - tap(findTestObject("Parte2/Ajustes cuenta/Cuenta/Solicitud Pin de Acceso/android.widget.TextView - Tiempo para solicitud de pin de acceso"), 0): Tapped on element 'Object Repository/Parte2/Ajustes cuenta/Cuenta/Solicitud Pin de Acceso/android.widget.TextView - Tiempo para solicitud de pin de acceso'

2023-06-27 14:38:04 - [MESSAGE][WARNING] - Timeout '0' is invalid. Using default page load timeout: '30'

2023-06-27 14:38:04 - [MESSAGE][PASSED] - Tapped on element 'Object Repository/Parte2/Ajustes cuenta/Cuenta/Solicitud Pin de Acceso/android.widget.TextView - Tiempo para solicitud de pin de acceso'

2023-06-27 14:38:04 - [TEST_STEP][PASSED] - tap(findTestObject("Parte2/Ajustes cuenta/Cuenta/Solicitud Pin de Acceso/android.widget.RadioButton - Inmediatamente"), 0): Tapped on element 'Object Repository/Parte2/Ajustes cuenta/Cuenta/Solicitud Pin de Acceso/android.widget.RadioButton - Inmediatamente'

2023-06-27 14:38:04 - [MESSAGE][WARNING] - Timeout '0' is invalid. Using default page load timeout: '30'

2023-06-27 14:38:05 - [MESSAGE][PASSED] - Tapped on element 'Object Repository/Parte2/Ajustes cuenta/Cuenta/Solicitud Pin de Acceso/android.widget.RadioButton - Inmediatamente'

2023-06-27 14:38:05 - [TEST_STEP][PASSED] - verifyElementExist(findTestObject("Parte2/Ajustes cuenta/Cuenta/Solicitud Pin de Acceso/android.view.ViewGroup (1)"), 0): Element 'Object Repository/Parte2/Ajustes cuenta/Cuenta/Solicitud Pin de Acceso/android.view.ViewGroup (1)' is exist

2023-06-27 14:38:05 - [MESSAGE][WARNING] - Timeout '0' is invalid. Using default page load timeout: '30'

2023-06-27 14:38:06 - [MESSAGE][PASSED] - Element 'Object Repository/Parte2/Ajustes cuenta/Cuenta/Solicitud Pin de Acceso/android.view.ViewGroup (1)' is exist

2023-06-27 14:38:06 - [TEST_STEP][PASSED] - tap(findTestObject("Parte2/Ajustes cuenta/Cuenta/Solicitud Pin de Acceso/android.widget.Button - Aceptar"), 0): Tapped on element 'Object Repository/Parte2/Ajustes cuenta/Cuenta/Solicitud Pin de Acceso/android.widget.Button - Aceptar'

2023-06-27 14:38:06 - [MESSAGE][WARNING] - Timeout '0' is invalid. Using default page load timeout: '30'

2023-06-27 14:38:06 - [MESSAGE][PASSED] - Tapped on element 'Object Repository/Parte2/Ajustes cuenta/Cuenta/Solicitud Pin de Acceso/android.widget.Button - Aceptar'

2023-06-27 14:38:06 - [TEST_STEP][PASSED] - verifyElementText(findTestObject("Parte2/Ajustes cuenta/Cuenta/Solicitud Pin de Acceso/android.widget.TextView - Inmediatamente"), "Inmediatamente"): Actual text and expected text of test object 'Object Repository/Parte2/Ajustes cuenta/Cuenta/Solicitud Pin de Acceso/android.widget.TextView - Inmediatamente' are matched.

2023-06-27 14:38:07 - [MESSAGE][PASSED] - Actual text and expected text of test object 'Object Repository/Parte2/Ajustes cuenta/Cuenta/Solicitud Pin de Acceso/android.widget.TextView - Inmediatamente' are matched.

2023-06-27 14:38:07 - [TEST_STEP][PASSED] - pressBack(): Press back button successfully

2023-06-27 14:38:07 - [MESSAGE][PASSED] - Press back button successfully

2023-06-27 14:38:07 - [TEST_STEP][PASSED] - pressBack(): Press back button successfully

2023-06-27 14:38:08 - [MESSAGE][PASSED] - Press back button successfully

2023-06-27 14:38:08 - [TEST_STEP][PASSED] - pressBack(): Press back button successfully

2023-06-27 14:38:09 - [MESSAGE][PASSED] - Press back button successfully

2023-06-27 14:38:09 - [TEST_STEP][PASSED] - delay(5, CONTINUE_ON_FAILURE): Delayed 5 second(s)

2023-06-27 14:38:14 - [MESSAGE][PASSED] - Delayed 5 second(s)

2023-06-27 14:38:14 - [TEST_STEP][PASSED] - tap(findTestObject("Parte2/Ajustes cuenta/Cuenta/Solicitud Pin de Acceso/android.widget.TextView - NapoleoN"), 0): Tapped on element 'Object Repository/Parte2/Ajustes cuenta/Cuenta/Solicitud Pin de Acceso/android.widget.TextView - NapoleoN'

2023-06-27 14:38:14 - [MESSAGE][WARNING] - Timeout '0' is invalid. Using default page load timeout: '30'

2023-06-27 14:38:15 - [MESSAGE][PASSED] - Tapped on element 'Object Repository/Parte2/Ajustes cuenta/Cuenta/Solicitud Pin de Acceso/android.widget.TextView - NapoleoN'

2023-06-27 14:38:15 - [TEST_STEP][PASSED] - tap(findTestObject("Parte2/Ajustes cuenta/Cuenta/Solicitud Pin de Acceso/android.widget.ImageButton (1)"), 0): Tapped on element 'Object Repository/Parte2/Ajustes cuenta/Cuenta/Solicitud Pin de Acceso/android.widget.ImageButton (1)'

2023-06-27 14:38:15 - [MESSAGE][WARNING] - Timeout '0' is invalid. Using default page load timeout: '30'

2023-06-27 14:38:20 - [MESSAGE][PASSED] - Tapped on element 'Object Repository/Parte2/Ajustes cuenta/Cuenta/Solicitud Pin de Acceso/android.widget.ImageButton (1)'

2023-06-27 14:38:20 - [TEST_STEP][PASSED] - tap(findTestObject("Parte2/Ajustes cuenta/Cuenta/Solicitud Pin de Acceso/android.widget.ImageButton (1)"), 0): Tapped on element 'Object Repository/Parte2/Ajustes cuenta/Cuenta/Solicitud Pin de Acceso/android.widget.ImageButton (1)'

2023-06-27 14:38:20 - [MESSAGE][WARNING] - Timeout '0' is invalid. Using default page load timeout: '30'

2023-06-27 14:38:21 - [MESSAGE][PASSED] - Tapped on element 'Object Repository/Parte2/Ajustes cuenta/Cuenta/Solicitud Pin de Acceso/android.widget.ImageButton (1)'

2023-06-27 14:38:21 - [TEST_STEP][PASSED] - tap(findTestObject("Parte2/Ajustes cuenta/Cuenta/Solicitud Pin de Acceso/android.widget.ImageButton (1)"), 0): Tapped on element 'Object Repository/Parte2/Ajustes cuenta/Cuenta/Solicitud Pin de Acceso/android.widget.ImageButton (1)'

2023-06-27 14:38:21 - [MESSAGE][WARNING] - Timeout '0' is invalid. Using default page load timeout: '30'

2023-06-27 14:38:21 - [MESSAGE][PASSED] - Tapped on element 'Object Repository/Parte2/Ajustes cuenta/Cuenta/Solicitud Pin de Acceso/android.widget.ImageButton (1)'

2023-06-27 14:38:21 - [TEST_STEP][PASSED] - tap(findTestObject("Parte2/Ajustes cuenta/Cuenta/Solicitud Pin de Acceso/android.widget.ImageButton (1)"), 0): Tapped on element 'Object Repository/Parte2/Ajustes cuenta/Cuenta/Solicitud Pin de Acceso/android.widget.ImageButton (1)'

2023-06-27 14:38:21 - [MESSAGE][WARNING] - Timeout '0' is invalid. Using default page load timeout: '30'

2023-06-27 14:38:22 - [MESSAGE][PASSED] - Tapped on element 'Object Repository/Parte2/Ajustes cuenta/Cuenta/Solicitud Pin de Acceso/android.widget.ImageButton (1)'

2023-06-27 14:38:22 - [TEST_STEP][PASSED] - verifyElementExist(findTestObject("Parte2/Ajustes cuenta/Cuenta/Solicitud Pin de Acceso/android.view.ViewGroup"), 0): Element 'Object Repository/Parte2/Ajustes cuenta/Cuenta/Solicitud Pin de Acceso/android.view.ViewGroup' is exist

2023-06-27 14:38:22 - [MESSAGE][WARNING] - Timeout '0' is invalid. Using default page load timeout: '30'

2023-06-27 14:38:23 - [MESSAGE][PASSED] - Element 'Object Repository/Parte2/Ajustes cuenta/Cuenta/Solicitud Pin de Acceso/android.view.ViewGroup' is exist]]></system-out>
         <system-err><![CDATA[]]></system-err>
      </testcase>
      <testcase name="Test Cases/Parte2/Ajustes/Cuenta/Tiempo Pin de Acceso/CPN170" time="21.585" classname="Test Cases/Parte2/Ajustes/Cuenta/Tiempo Pin de Acceso/CPN170" status="PASSED">
         <system-out><![CDATA[2023-06-27 14:38:23 - [TEST_CASE][PASSED] - Test Cases/Parte2/Ajustes/Cuenta/Tiempo Pin de Acceso/CPN170: Test Cases/Parte2/Ajustes/Cuenta/Tiempo Pin de Acceso/CPN170

2023-06-27 14:38:23 - [TEST_STEP][PASSED] - tap(findTestObject("Parte2/Ajustes cuenta/Cuenta/Solicitud Pin de Acceso/android.widget.FrameLayout"), 0): Tapped on element 'Object Repository/Parte2/Ajustes cuenta/Cuenta/Solicitud Pin de Acceso/android.widget.FrameLayout'

2023-06-27 14:38:23 - [MESSAGE][WARNING] - Timeout '0' is invalid. Using default page load timeout: '30'

2023-06-27 14:38:23 - [MESSAGE][PASSED] - Tapped on element 'Object Repository/Parte2/Ajustes cuenta/Cuenta/Solicitud Pin de Acceso/android.widget.FrameLayout'

2023-06-27 14:38:23 - [TEST_STEP][PASSED] - tap(findTestObject("Parte2/Ajustes cuenta/Cuenta/Solicitud Pin de Acceso/android.widget.LinearLayout"), 0): Tapped on element 'Object Repository/Parte2/Ajustes cuenta/Cuenta/Solicitud Pin de Acceso/android.widget.LinearLayout'

2023-06-27 14:38:24 - [MESSAGE][WARNING] - Timeout '0' is invalid. Using default page load timeout: '30'

2023-06-27 14:38:24 - [MESSAGE][PASSED] - Tapped on element 'Object Repository/Parte2/Ajustes cuenta/Cuenta/Solicitud Pin de Acceso/android.widget.LinearLayout'

2023-06-27 14:38:24 - [TEST_STEP][PASSED] - tap(findTestObject("Parte2/Ajustes cuenta/Cuenta/Solicitud Pin de Acceso/android.widget.TextView - Tiempo para solicitud de pin de acceso"), 0): Tapped on element 'Object Repository/Parte2/Ajustes cuenta/Cuenta/Solicitud Pin de Acceso/android.widget.TextView - Tiempo para solicitud de pin de acceso'

2023-06-27 14:38:24 - [MESSAGE][WARNING] - Timeout '0' is invalid. Using default page load timeout: '30'

2023-06-27 14:38:25 - [MESSAGE][PASSED] - Tapped on element 'Object Repository/Parte2/Ajustes cuenta/Cuenta/Solicitud Pin de Acceso/android.widget.TextView - Tiempo para solicitud de pin de acceso'

2023-06-27 14:38:25 - [TEST_STEP][PASSED] - tap(findTestObject("Parte2/Ajustes cuenta/Cuenta/Solicitud Pin de Acceso/android.widget.RadioButton - 10 Segundos"), 0): Tapped on element 'Object Repository/Parte2/Ajustes cuenta/Cuenta/Solicitud Pin de Acceso/android.widget.RadioButton - 10 Segundos'

2023-06-27 14:38:25 - [MESSAGE][WARNING] - Timeout '0' is invalid. Using default page load timeout: '30'

2023-06-27 14:38:26 - [MESSAGE][PASSED] - Tapped on element 'Object Repository/Parte2/Ajustes cuenta/Cuenta/Solicitud Pin de Acceso/android.widget.RadioButton - 10 Segundos'

2023-06-27 14:38:26 - [TEST_STEP][PASSED] - verifyElementExist(findTestObject("Parte2/Ajustes cuenta/Cuenta/Solicitud Pin de Acceso/android.view.ViewGroup (1)"), 0): Element 'Object Repository/Parte2/Ajustes cuenta/Cuenta/Solicitud Pin de Acceso/android.view.ViewGroup (1)' is exist

2023-06-27 14:38:26 - [MESSAGE][WARNING] - Timeout '0' is invalid. Using default page load timeout: '30'

2023-06-27 14:38:27 - [MESSAGE][PASSED] - Element 'Object Repository/Parte2/Ajustes cuenta/Cuenta/Solicitud Pin de Acceso/android.view.ViewGroup (1)' is exist

2023-06-27 14:38:27 - [TEST_STEP][PASSED] - tap(findTestObject("Parte2/Ajustes cuenta/Cuenta/Solicitud Pin de Acceso/android.widget.Button - Aceptar"), 0): Tapped on element 'Object Repository/Parte2/Ajustes cuenta/Cuenta/Solicitud Pin de Acceso/android.widget.Button - Aceptar'

2023-06-27 14:38:27 - [MESSAGE][WARNING] - Timeout '0' is invalid. Using default page load timeout: '30'

2023-06-27 14:38:27 - [MESSAGE][PASSED] - Tapped on element 'Object Repository/Parte2/Ajustes cuenta/Cuenta/Solicitud Pin de Acceso/android.widget.Button - Aceptar'

2023-06-27 14:38:27 - [TEST_STEP][PASSED] - verifyElementText(findTestObject("Parte2/Ajustes cuenta/Cuenta/Solicitud Pin de Acceso/android.widget.TextView - 10 Segundos"), "10 Segundos"): Actual text and expected text of test object 'Object Repository/Parte2/Ajustes cuenta/Cuenta/Solicitud Pin de Acceso/android.widget.TextView - 10 Segundos' are matched.

2023-06-27 14:38:28 - [MESSAGE][PASSED] - Actual text and expected text of test object 'Object Repository/Parte2/Ajustes cuenta/Cuenta/Solicitud Pin de Acceso/android.widget.TextView - 10 Segundos' are matched.

2023-06-27 14:38:28 - [TEST_STEP][PASSED] - pressBack(): Press back button successfully

2023-06-27 14:38:28 - [MESSAGE][PASSED] - Press back button successfully

2023-06-27 14:38:28 - [TEST_STEP][PASSED] - pressBack(): Press back button successfully

2023-06-27 14:38:29 - [MESSAGE][PASSED] - Press back button successfully

2023-06-27 14:38:29 - [TEST_STEP][PASSED] - pressBack(): Press back button successfully

2023-06-27 14:38:30 - [MESSAGE][PASSED] - Press back button successfully

2023-06-27 14:38:30 - [TEST_STEP][PASSED] - delay(10): Delayed 10 second(s)

2023-06-27 14:38:40 - [MESSAGE][PASSED] - Delayed 10 second(s)

2023-06-27 14:38:40 - [TEST_STEP][PASSED] - tap(findTestObject("Parte2/Ajustes cuenta/Cuenta/Solicitud Pin de Acceso/android.widget.TextView - NapoleoN"), 0): Tapped on element 'Object Repository/Parte2/Ajustes cuenta/Cuenta/Solicitud Pin de Acceso/android.widget.TextView - NapoleoN'

2023-06-27 14:38:40 - [MESSAGE][WARNING] - Timeout '0' is invalid. Using default page load timeout: '30'

2023-06-27 14:38:40 - [MESSAGE][PASSED] - Tapped on element 'Object Repository/Parte2/Ajustes cuenta/Cuenta/Solicitud Pin de Acceso/android.widget.TextView - NapoleoN'

2023-06-27 14:38:40 - [TEST_STEP][PASSED] - verifyElementExist(findTestObject("Parte2/Ajustes cuenta/Cuenta/Solicitud Pin de Acceso/android.widget.FrameLayout (1)"), 0): Element 'Object Repository/Parte2/Ajustes cuenta/Cuenta/Solicitud Pin de Acceso/android.widget.FrameLayout (1)' is exist

2023-06-27 14:38:40 - [MESSAGE][WARNING] - Timeout '0' is invalid. Using default page load timeout: '30'

2023-06-27 14:38:41 - [MESSAGE][PASSED] - Element 'Object Repository/Parte2/Ajustes cuenta/Cuenta/Solicitud Pin de Acceso/android.widget.FrameLayout (1)' is exist

2023-06-27 14:38:41 - [TEST_STEP][PASSED] - tap(findTestObject("Parte2/Ajustes cuenta/Cuenta/Solicitud Pin de Acceso/android.widget.ImageButton (1)"), 0): Tapped on element 'Object Repository/Parte2/Ajustes cuenta/Cuenta/Solicitud Pin de Acceso/android.widget.ImageButton (1)'

2023-06-27 14:38:41 - [MESSAGE][WARNING] - Timeout '0' is invalid. Using default page load timeout: '30'

2023-06-27 14:38:42 - [MESSAGE][PASSED] - Tapped on element 'Object Repository/Parte2/Ajustes cuenta/Cuenta/Solicitud Pin de Acceso/android.widget.ImageButton (1)'

2023-06-27 14:38:42 - [TEST_STEP][PASSED] - tap(findTestObject("Parte2/Ajustes cuenta/Cuenta/Solicitud Pin de Acceso/android.widget.ImageButton (1)"), 0): Tapped on element 'Object Repository/Parte2/Ajustes cuenta/Cuenta/Solicitud Pin de Acceso/android.widget.ImageButton (1)'

2023-06-27 14:38:42 - [MESSAGE][WARNING] - Timeout '0' is invalid. Using default page load timeout: '30'

2023-06-27 14:38:42 - [MESSAGE][PASSED] - Tapped on element 'Object Repository/Parte2/Ajustes cuenta/Cuenta/Solicitud Pin de Acceso/android.widget.ImageButton (1)'

2023-06-27 14:38:42 - [TEST_STEP][PASSED] - tap(findTestObject("Parte2/Ajustes cuenta/Cuenta/Solicitud Pin de Acceso/android.widget.ImageButton (1)"), 0): Tapped on element 'Object Repository/Parte2/Ajustes cuenta/Cuenta/Solicitud Pin de Acceso/android.widget.ImageButton (1)'

2023-06-27 14:38:42 - [MESSAGE][WARNING] - Timeout '0' is invalid. Using default page load timeout: '30'

2023-06-27 14:38:43 - [MESSAGE][PASSED] - Tapped on element 'Object Repository/Parte2/Ajustes cuenta/Cuenta/Solicitud Pin de Acceso/android.widget.ImageButton (1)'

2023-06-27 14:38:43 - [TEST_STEP][PASSED] - tap(findTestObject("Parte2/Ajustes cuenta/Cuenta/Solicitud Pin de Acceso/android.widget.ImageButton (1)"), 0): Tapped on element 'Object Repository/Parte2/Ajustes cuenta/Cuenta/Solicitud Pin de Acceso/android.widget.ImageButton (1)'

2023-06-27 14:38:43 - [MESSAGE][WARNING] - Timeout '0' is invalid. Using default page load timeout: '30'

2023-06-27 14:38:44 - [MESSAGE][PASSED] - Tapped on element 'Object Repository/Parte2/Ajustes cuenta/Cuenta/Solicitud Pin de Acceso/android.widget.ImageButton (1)'

2023-06-27 14:38:44 - [TEST_STEP][PASSED] - verifyElementExist(findTestObject("Parte2/Ajustes cuenta/Cuenta/Solicitud Pin de Acceso/android.view.ViewGroup"), 0): Element 'Object Repository/Parte2/Ajustes cuenta/Cuenta/Solicitud Pin de Acceso/android.view.ViewGroup' is exist

2023-06-27 14:38:44 - [MESSAGE][WARNING] - Timeout '0' is invalid. Using default page load timeout: '30'

2023-06-27 14:38:45 - [MESSAGE][PASSED] - Element 'Object Repository/Parte2/Ajustes cuenta/Cuenta/Solicitud Pin de Acceso/android.view.ViewGroup' is exist]]></system-out>
         <system-err><![CDATA[]]></system-err>
      </testcase>
      <testcase name="Test Cases/Parte2/Ajustes/Cuenta/Tiempo Pin de Acceso/CPN171" time="46.028" classname="Test Cases/Parte2/Ajustes/Cuenta/Tiempo Pin de Acceso/CPN171" status="PASSED">
         <system-out><![CDATA[2023-06-27 14:38:45 - [TEST_CASE][PASSED] - Test Cases/Parte2/Ajustes/Cuenta/Tiempo Pin de Acceso/CPN171: Test Cases/Parte2/Ajustes/Cuenta/Tiempo Pin de Acceso/CPN171

2023-06-27 14:38:45 - [TEST_STEP][PASSED] - tap(findTestObject("Parte2/Ajustes cuenta/Cuenta/Solicitud Pin de Acceso/android.widget.FrameLayout"), 0): Tapped on element 'Object Repository/Parte2/Ajustes cuenta/Cuenta/Solicitud Pin de Acceso/android.widget.FrameLayout'

2023-06-27 14:38:45 - [MESSAGE][WARNING] - Timeout '0' is invalid. Using default page load timeout: '30'

2023-06-27 14:38:45 - [MESSAGE][PASSED] - Tapped on element 'Object Repository/Parte2/Ajustes cuenta/Cuenta/Solicitud Pin de Acceso/android.widget.FrameLayout'

2023-06-27 14:38:45 - [TEST_STEP][PASSED] - tap(findTestObject("Parte2/Ajustes cuenta/Cuenta/Solicitud Pin de Acceso/android.widget.LinearLayout"), 0): Tapped on element 'Object Repository/Parte2/Ajustes cuenta/Cuenta/Solicitud Pin de Acceso/android.widget.LinearLayout'

2023-06-27 14:38:45 - [MESSAGE][WARNING] - Timeout '0' is invalid. Using default page load timeout: '30'

2023-06-27 14:38:47 - [MESSAGE][PASSED] - Tapped on element 'Object Repository/Parte2/Ajustes cuenta/Cuenta/Solicitud Pin de Acceso/android.widget.LinearLayout'

2023-06-27 14:38:47 - [TEST_STEP][PASSED] - tap(findTestObject("Parte2/Ajustes cuenta/Cuenta/Solicitud Pin de Acceso/android.widget.TextView - Tiempo para solicitud de pin de acceso"), 0): Tapped on element 'Object Repository/Parte2/Ajustes cuenta/Cuenta/Solicitud Pin de Acceso/android.widget.TextView - Tiempo para solicitud de pin de acceso'

2023-06-27 14:38:47 - [MESSAGE][WARNING] - Timeout '0' is invalid. Using default page load timeout: '30'

2023-06-27 14:38:47 - [MESSAGE][PASSED] - Tapped on element 'Object Repository/Parte2/Ajustes cuenta/Cuenta/Solicitud Pin de Acceso/android.widget.TextView - Tiempo para solicitud de pin de acceso'

2023-06-27 14:38:47 - [TEST_STEP][PASSED] - tap(findTestObject("Parte2/Ajustes cuenta/Cuenta/Solicitud Pin de Acceso/android.widget.RadioButton - 30 segundos"), 0): Tapped on element 'Object Repository/Parte2/Ajustes cuenta/Cuenta/Solicitud Pin de Acceso/android.widget.RadioButton - 30 segundos'

2023-06-27 14:38:47 - [MESSAGE][WARNING] - Timeout '0' is invalid. Using default page load timeout: '30'

2023-06-27 14:38:48 - [MESSAGE][PASSED] - Tapped on element 'Object Repository/Parte2/Ajustes cuenta/Cuenta/Solicitud Pin de Acceso/android.widget.RadioButton - 30 segundos'

2023-06-27 14:38:48 - [TEST_STEP][PASSED] - verifyElementExist(findTestObject("Parte2/Ajustes cuenta/Cuenta/Solicitud Pin de Acceso/android.view.ViewGroup (1)"), 0): Element 'Object Repository/Parte2/Ajustes cuenta/Cuenta/Solicitud Pin de Acceso/android.view.ViewGroup (1)' is exist

2023-06-27 14:38:48 - [MESSAGE][WARNING] - Timeout '0' is invalid. Using default page load timeout: '30'

2023-06-27 14:38:48 - [MESSAGE][PASSED] - Element 'Object Repository/Parte2/Ajustes cuenta/Cuenta/Solicitud Pin de Acceso/android.view.ViewGroup (1)' is exist

2023-06-27 14:38:48 - [TEST_STEP][PASSED] - tap(findTestObject("Parte2/Ajustes cuenta/Cuenta/Solicitud Pin de Acceso/android.widget.Button - Aceptar"), 0): Tapped on element 'Object Repository/Parte2/Ajustes cuenta/Cuenta/Solicitud Pin de Acceso/android.widget.Button - Aceptar'

2023-06-27 14:38:48 - [MESSAGE][WARNING] - Timeout '0' is invalid. Using default page load timeout: '30'

2023-06-27 14:38:49 - [MESSAGE][PASSED] - Tapped on element 'Object Repository/Parte2/Ajustes cuenta/Cuenta/Solicitud Pin de Acceso/android.widget.Button - Aceptar'

2023-06-27 14:38:49 - [TEST_STEP][PASSED] - verifyElementText(findTestObject("Parte2/Ajustes cuenta/Cuenta/Solicitud Pin de Acceso/android.widget.TextView - 30 segundos"), "30 segundos"): Actual text and expected text of test object 'Object Repository/Parte2/Ajustes cuenta/Cuenta/Solicitud Pin de Acceso/android.widget.TextView - 30 segundos' are matched.

2023-06-27 14:38:49 - [MESSAGE][PASSED] - Actual text and expected text of test object 'Object Repository/Parte2/Ajustes cuenta/Cuenta/Solicitud Pin de Acceso/android.widget.TextView - 30 segundos' are matched.

2023-06-27 14:38:49 - [TEST_STEP][PASSED] - pressBack(): Press back button successfully

2023-06-27 14:38:50 - [MESSAGE][PASSED] - Press back button successfully

2023-06-27 14:38:50 - [TEST_STEP][PASSED] - pressBack(): Press back button successfully

2023-06-27 14:38:50 - [MESSAGE][PASSED] - Press back button successfully

2023-06-27 14:38:50 - [TEST_STEP][PASSED] - pressBack(): Press back button successfully

2023-06-27 14:38:52 - [MESSAGE][PASSED] - Press back button successfully

2023-06-27 14:38:52 - [TEST_STEP][PASSED] - delay(30): Delayed 30 second(s)

2023-06-27 14:39:22 - [MESSAGE][PASSED] - Delayed 30 second(s)

2023-06-27 14:39:22 - [TEST_STEP][PASSED] - tap(findTestObject("Parte2/Ajustes cuenta/Cuenta/Solicitud Pin de Acceso/android.widget.TextView - NapoleoN"), 0): Tapped on element 'Object Repository/Parte2/Ajustes cuenta/Cuenta/Solicitud Pin de Acceso/android.widget.TextView - NapoleoN'

2023-06-27 14:39:22 - [MESSAGE][WARNING] - Timeout '0' is invalid. Using default page load timeout: '30'

2023-06-27 14:39:22 - [MESSAGE][PASSED] - Tapped on element 'Object Repository/Parte2/Ajustes cuenta/Cuenta/Solicitud Pin de Acceso/android.widget.TextView - NapoleoN'

2023-06-27 14:39:22 - [TEST_STEP][PASSED] - verifyElementExist(findTestObject("Parte2/Ajustes cuenta/Cuenta/Solicitud Pin de Acceso/android.widget.FrameLayout (1)"), 0): Element 'Object Repository/Parte2/Ajustes cuenta/Cuenta/Solicitud Pin de Acceso/android.widget.FrameLayout (1)' is exist

2023-06-27 14:39:22 - [MESSAGE][WARNING] - Timeout '0' is invalid. Using default page load timeout: '30'

2023-06-27 14:39:27 - [MESSAGE][PASSED] - Element 'Object Repository/Parte2/Ajustes cuenta/Cuenta/Solicitud Pin de Acceso/android.widget.FrameLayout (1)' is exist

2023-06-27 14:39:27 - [TEST_STEP][PASSED] - tap(findTestObject("Parte2/Ajustes cuenta/Cuenta/Solicitud Pin de Acceso/android.widget.ImageButton (1)"), 0): Tapped on element 'Object Repository/Parte2/Ajustes cuenta/Cuenta/Solicitud Pin de Acceso/android.widget.ImageButton (1)'

2023-06-27 14:39:27 - [MESSAGE][WARNING] - Timeout '0' is invalid. Using default page load timeout: '30'

2023-06-27 14:39:27 - [MESSAGE][PASSED] - Tapped on element 'Object Repository/Parte2/Ajustes cuenta/Cuenta/Solicitud Pin de Acceso/android.widget.ImageButton (1)'

2023-06-27 14:39:27 - [TEST_STEP][PASSED] - tap(findTestObject("Parte2/Ajustes cuenta/Cuenta/Solicitud Pin de Acceso/android.widget.ImageButton (1)"), 0): Tapped on element 'Object Repository/Parte2/Ajustes cuenta/Cuenta/Solicitud Pin de Acceso/android.widget.ImageButton (1)'

2023-06-27 14:39:27 - [MESSAGE][WARNING] - Timeout '0' is invalid. Using default page load timeout: '30'

2023-06-27 14:39:28 - [MESSAGE][PASSED] - Tapped on element 'Object Repository/Parte2/Ajustes cuenta/Cuenta/Solicitud Pin de Acceso/android.widget.ImageButton (1)'

2023-06-27 14:39:28 - [TEST_STEP][PASSED] - tap(findTestObject("Parte2/Ajustes cuenta/Cuenta/Solicitud Pin de Acceso/android.widget.ImageButton (1)"), 0): Tapped on element 'Object Repository/Parte2/Ajustes cuenta/Cuenta/Solicitud Pin de Acceso/android.widget.ImageButton (1)'

2023-06-27 14:39:28 - [MESSAGE][WARNING] - Timeout '0' is invalid. Using default page load timeout: '30'

2023-06-27 14:39:29 - [MESSAGE][PASSED] - Tapped on element 'Object Repository/Parte2/Ajustes cuenta/Cuenta/Solicitud Pin de Acceso/android.widget.ImageButton (1)'

2023-06-27 14:39:29 - [TEST_STEP][PASSED] - tap(findTestObject("Parte2/Ajustes cuenta/Cuenta/Solicitud Pin de Acceso/android.widget.ImageButton (1)"), 0): Tapped on element 'Object Repository/Parte2/Ajustes cuenta/Cuenta/Solicitud Pin de Acceso/android.widget.ImageButton (1)'

2023-06-27 14:39:29 - [MESSAGE][WARNING] - Timeout '0' is invalid. Using default page load timeout: '30'

2023-06-27 14:39:29 - [MESSAGE][PASSED] - Tapped on element 'Object Repository/Parte2/Ajustes cuenta/Cuenta/Solicitud Pin de Acceso/android.widget.ImageButton (1)'

2023-06-27 14:39:29 - [TEST_STEP][PASSED] - verifyElementExist(findTestObject("Parte2/Ajustes cuenta/Cuenta/Solicitud Pin de Acceso/android.view.ViewGroup"), 0): Element 'Object Repository/Parte2/Ajustes cuenta/Cuenta/Solicitud Pin de Acceso/android.view.ViewGroup' is exist

2023-06-27 14:39:29 - [MESSAGE][WARNING] - Timeout '0' is invalid. Using default page load timeout: '30'

2023-06-27 14:39:31 - [MESSAGE][PASSED] - Element 'Object Repository/Parte2/Ajustes cuenta/Cuenta/Solicitud Pin de Acceso/android.view.ViewGroup' is exist]]></system-out>
         <system-err><![CDATA[]]></system-err>
      </testcase>
      <testcase name="Test Cases/Parte2/Ajustes/Cuenta/Tiempo Pin de Acceso/CPN172" time="5.594" classname="Test Cases/Parte2/Ajustes/Cuenta/Tiempo Pin de Acceso/CPN172" status="PASSED">
         <system-out><![CDATA[2023-06-27 14:39:31 - [TEST_CASE][PASSED] - Test Cases/Parte2/Ajustes/Cuenta/Tiempo Pin de Acceso/CPN172: Test Cases/Parte2/Ajustes/Cuenta/Tiempo Pin de Acceso/CPN172

2023-06-27 14:39:31 - [TEST_STEP][PASSED] - tap(findTestObject("Parte2/Ajustes cuenta/Cuenta/Solicitud Pin de Acceso/android.widget.FrameLayout"), 0): Tapped on element 'Object Repository/Parte2/Ajustes cuenta/Cuenta/Solicitud Pin de Acceso/android.widget.FrameLayout'

2023-06-27 14:39:31 - [MESSAGE][WARNING] - Timeout '0' is invalid. Using default page load timeout: '30'

2023-06-27 14:39:31 - [MESSAGE][PASSED] - Tapped on element 'Object Repository/Parte2/Ajustes cuenta/Cuenta/Solicitud Pin de Acceso/android.widget.FrameLayout'

2023-06-27 14:39:31 - [TEST_STEP][PASSED] - tap(findTestObject("Parte2/Ajustes cuenta/Cuenta/Solicitud Pin de Acceso/android.widget.LinearLayout"), 0): Tapped on element 'Object Repository/Parte2/Ajustes cuenta/Cuenta/Solicitud Pin de Acceso/android.widget.LinearLayout'

2023-06-27 14:39:31 - [MESSAGE][WARNING] - Timeout '0' is invalid. Using default page load timeout: '30'

2023-06-27 14:39:33 - [MESSAGE][PASSED] - Tapped on element 'Object Repository/Parte2/Ajustes cuenta/Cuenta/Solicitud Pin de Acceso/android.widget.LinearLayout'

2023-06-27 14:39:33 - [TEST_STEP][PASSED] - tap(findTestObject("Parte2/Ajustes cuenta/Cuenta/Solicitud Pin de Acceso/android.widget.TextView - Tiempo para solicitud de pin de acceso"), 0): Tapped on element 'Object Repository/Parte2/Ajustes cuenta/Cuenta/Solicitud Pin de Acceso/android.widget.TextView - Tiempo para solicitud de pin de acceso'

2023-06-27 14:39:33 - [MESSAGE][WARNING] - Timeout '0' is invalid. Using default page load timeout: '30'

2023-06-27 14:39:34 - [MESSAGE][PASSED] - Tapped on element 'Object Repository/Parte2/Ajustes cuenta/Cuenta/Solicitud Pin de Acceso/android.widget.TextView - Tiempo para solicitud de pin de acceso'

2023-06-27 14:39:34 - [TEST_STEP][PASSED] - tap(findTestObject("Parte2/Ajustes cuenta/Cuenta/Solicitud Pin de Acceso/android.widget.RadioButton - 1 minuto"), 0): Tapped on element 'Object Repository/Parte2/Ajustes cuenta/Cuenta/Solicitud Pin de Acceso/android.widget.RadioButton - 1 minuto'

2023-06-27 14:39:34 - [MESSAGE][WARNING] - Timeout '0' is invalid. Using default page load timeout: '30'

2023-06-27 14:39:35 - [MESSAGE][PASSED] - Tapped on element 'Object Repository/Parte2/Ajustes cuenta/Cuenta/Solicitud Pin de Acceso/android.widget.RadioButton - 1 minuto'

2023-06-27 14:39:35 - [TEST_STEP][PASSED] - verifyElementExist(findTestObject("Parte2/Ajustes cuenta/Cuenta/Solicitud Pin de Acceso/android.view.ViewGroup (1)"), 0): Element 'Object Repository/Parte2/Ajustes cuenta/Cuenta/Solicitud Pin de Acceso/android.view.ViewGroup (1)' is exist

2023-06-27 14:39:35 - [MESSAGE][WARNING] - Timeout '0' is invalid. Using default page load timeout: '30'

2023-06-27 14:39:35 - [MESSAGE][PASSED] - Element 'Object Repository/Parte2/Ajustes cuenta/Cuenta/Solicitud Pin de Acceso/android.view.ViewGroup (1)' is exist

2023-06-27 14:39:35 - [TEST_STEP][PASSED] - tap(findTestObject("Parte2/Ajustes cuenta/Cuenta/Solicitud Pin de Acceso/android.widget.Button - Aceptar"), 0): Tapped on element 'Object Repository/Parte2/Ajustes cuenta/Cuenta/Solicitud Pin de Acceso/android.widget.Button - Aceptar'

2023-06-27 14:39:35 - [MESSAGE][WARNING] - Timeout '0' is invalid. Using default page load timeout: '30'

2023-06-27 14:39:36 - [MESSAGE][PASSED] - Tapped on element 'Object Repository/Parte2/Ajustes cuenta/Cuenta/Solicitud Pin de Acceso/android.widget.Button - Aceptar'

2023-06-27 14:39:36 - [TEST_STEP][PASSED] - verifyElementText(findTestObject("Parte2/Ajustes cuenta/Cuenta/Solicitud Pin de Acceso/android.widget.TextView - 1 minuto"), "1 minuto"): Actual text and expected text of test object 'Object Repository/Parte2/Ajustes cuenta/Cuenta/Solicitud Pin de Acceso/android.widget.TextView - 1 minuto' are matched.

2023-06-27 14:39:36 - [MESSAGE][PASSED] - Actual text and expected text of test object 'Object Repository/Parte2/Ajustes cuenta/Cuenta/Solicitud Pin de Acceso/android.widget.TextView - 1 minuto' are matched.]]></system-out>
         <system-err><![CDATA[]]></system-err>
      </testcase>
      <testcase name="Test Cases/Parte2/Ajustes/Cuenta/Tiempo Pin de Acceso/CPN173" time="2.95" classname="Test Cases/Parte2/Ajustes/Cuenta/Tiempo Pin de Acceso/CPN173" status="PASSED">
         <system-out><![CDATA[2023-06-27 14:39:36 - [TEST_CASE][PASSED] - Test Cases/Parte2/Ajustes/Cuenta/Tiempo Pin de Acceso/CPN173: Test Cases/Parte2/Ajustes/Cuenta/Tiempo Pin de Acceso/CPN173

2023-06-27 14:39:36 - [TEST_STEP][PASSED] - tap(findTestObject("Parte2/Ajustes cuenta/Cuenta/Solicitud Pin de Acceso/android.widget.TextView - Tiempo para solicitud de pin de acceso"), 0): Tapped on element 'Object Repository/Parte2/Ajustes cuenta/Cuenta/Solicitud Pin de Acceso/android.widget.TextView - Tiempo para solicitud de pin de acceso'

2023-06-27 14:39:37 - [MESSAGE][WARNING] - Timeout '0' is invalid. Using default page load timeout: '30'

2023-06-27 14:39:37 - [MESSAGE][PASSED] - Tapped on element 'Object Repository/Parte2/Ajustes cuenta/Cuenta/Solicitud Pin de Acceso/android.widget.TextView - Tiempo para solicitud de pin de acceso'

2023-06-27 14:39:37 - [TEST_STEP][PASSED] - checkElement(findTestObject("Parte2/Ajustes cuenta/Cuenta/Solicitud Pin de Acceso/android.widget.RadioButton - 5 minutos"), 0): Element 'Object Repository/Parte2/Ajustes cuenta/Cuenta/Solicitud Pin de Acceso/android.widget.RadioButton - 5 minutos' is checked

2023-06-27 14:39:37 - [MESSAGE][WARNING] - Timeout '0' is invalid. Using default page load timeout: '30'

2023-06-27 14:39:38 - [MESSAGE][PASSED] - Element 'Object Repository/Parte2/Ajustes cuenta/Cuenta/Solicitud Pin de Acceso/android.widget.RadioButton - 5 minutos' is checked

2023-06-27 14:39:38 - [TEST_STEP][PASSED] - tap(findTestObject("Parte2/Ajustes cuenta/Cuenta/Solicitud Pin de Acceso/android.widget.Button - Aceptar"), 0): Tapped on element 'Object Repository/Parte2/Ajustes cuenta/Cuenta/Solicitud Pin de Acceso/android.widget.Button - Aceptar'

2023-06-27 14:39:38 - [MESSAGE][WARNING] - Timeout '0' is invalid. Using default page load timeout: '30'

2023-06-27 14:39:39 - [MESSAGE][PASSED] - Tapped on element 'Object Repository/Parte2/Ajustes cuenta/Cuenta/Solicitud Pin de Acceso/android.widget.Button - Aceptar'

2023-06-27 14:39:39 - [TEST_STEP][PASSED] - verifyElementText(findTestObject("Parte2/Ajustes cuenta/Cuenta/Solicitud Pin de Acceso/android.widget.TextView - 5 minutos"), "5 minutos"): Actual text and expected text of test object 'Object Repository/Parte2/Ajustes cuenta/Cuenta/Solicitud Pin de Acceso/android.widget.TextView - 5 minutos' are matched.

2023-06-27 14:39:39 - [MESSAGE][PASSED] - Actual text and expected text of test object 'Object Repository/Parte2/Ajustes cuenta/Cuenta/Solicitud Pin de Acceso/android.widget.TextView - 5 minutos' are matched.]]></system-out>
         <system-err><![CDATA[]]></system-err>
      </testcase>
      <testcase name="Test Cases/Parte2/Ajustes/Cuenta/Tiempo Pin de Acceso/CPN174" time="2.87" classname="Test Cases/Parte2/Ajustes/Cuenta/Tiempo Pin de Acceso/CPN174" status="PASSED">
         <system-out><![CDATA[2023-06-27 14:39:39 - [TEST_CASE][PASSED] - Test Cases/Parte2/Ajustes/Cuenta/Tiempo Pin de Acceso/CPN174: Test Cases/Parte2/Ajustes/Cuenta/Tiempo Pin de Acceso/CPN174

2023-06-27 14:39:39 - [TEST_STEP][PASSED] - tap(findTestObject("Parte2/Ajustes cuenta/Cuenta/Solicitud Pin de Acceso/android.widget.TextView - Tiempo para solicitud de pin de acceso"), 0): Tapped on element 'Object Repository/Parte2/Ajustes cuenta/Cuenta/Solicitud Pin de Acceso/android.widget.TextView - Tiempo para solicitud de pin de acceso'

2023-06-27 14:39:39 - [MESSAGE][WARNING] - Timeout '0' is invalid. Using default page load timeout: '30'

2023-06-27 14:39:40 - [MESSAGE][PASSED] - Tapped on element 'Object Repository/Parte2/Ajustes cuenta/Cuenta/Solicitud Pin de Acceso/android.widget.TextView - Tiempo para solicitud de pin de acceso'

2023-06-27 14:39:40 - [TEST_STEP][PASSED] - checkElement(findTestObject("Parte2/Ajustes cuenta/Cuenta/Solicitud Pin de Acceso/android.widget.RadioButton - 1 hora"), 0): Element 'Object Repository/Parte2/Ajustes cuenta/Cuenta/Solicitud Pin de Acceso/android.widget.RadioButton - 1 hora' is checked

2023-06-27 14:39:40 - [MESSAGE][WARNING] - Timeout '0' is invalid. Using default page load timeout: '30'

2023-06-27 14:39:41 - [MESSAGE][PASSED] - Element 'Object Repository/Parte2/Ajustes cuenta/Cuenta/Solicitud Pin de Acceso/android.widget.RadioButton - 1 hora' is checked

2023-06-27 14:39:41 - [TEST_STEP][PASSED] - tap(findTestObject("Parte2/Ajustes cuenta/Cuenta/Solicitud Pin de Acceso/android.widget.Button - Aceptar"), 0): Tapped on element 'Object Repository/Parte2/Ajustes cuenta/Cuenta/Solicitud Pin de Acceso/android.widget.Button - Aceptar'

2023-06-27 14:39:41 - [MESSAGE][WARNING] - Timeout '0' is invalid. Using default page load timeout: '30'

2023-06-27 14:39:41 - [MESSAGE][PASSED] - Tapped on element 'Object Repository/Parte2/Ajustes cuenta/Cuenta/Solicitud Pin de Acceso/android.widget.Button - Aceptar'

2023-06-27 14:39:41 - [TEST_STEP][PASSED] - verifyElementText(findTestObject("Parte2/Ajustes cuenta/Cuenta/Solicitud Pin de Acceso/android.widget.TextView - 1 hora"), "1 hora"): Actual text and expected text of test object 'Object Repository/Parte2/Ajustes cuenta/Cuenta/Solicitud Pin de Acceso/android.widget.TextView - 1 hora' are matched.

2023-06-27 14:39:42 - [MESSAGE][PASSED] - Actual text and expected text of test object 'Object Repository/Parte2/Ajustes cuenta/Cuenta/Solicitud Pin de Acceso/android.widget.TextView - 1 hora' are matched.]]></system-out>
         <system-err><![CDATA[]]></system-err>
      </testcase>
      <testcase name="Test Cases/Parte2/Ajustes/Cuenta/Tiempo Pin de Acceso/CPN175" time="5.607" classname="Test Cases/Parte2/Ajustes/Cuenta/Tiempo Pin de Acceso/CPN175" status="PASSED">
         <system-out><![CDATA[2023-06-27 14:39:42 - [TEST_CASE][PASSED] - Test Cases/Parte2/Ajustes/Cuenta/Tiempo Pin de Acceso/CPN175: Test Cases/Parte2/Ajustes/Cuenta/Tiempo Pin de Acceso/CPN175

2023-06-27 14:39:42 - [TEST_STEP][PASSED] - tap(findTestObject("Parte2/Ajustes cuenta/Cuenta/Solicitud Pin de Acceso/android.widget.TextView - Tiempo para solicitud de pin de acceso"), 0): Tapped on element 'Object Repository/Parte2/Ajustes cuenta/Cuenta/Solicitud Pin de Acceso/android.widget.TextView - Tiempo para solicitud de pin de acceso'

2023-06-27 14:39:42 - [MESSAGE][WARNING] - Timeout '0' is invalid. Using default page load timeout: '30'

2023-06-27 14:39:43 - [MESSAGE][PASSED] - Tapped on element 'Object Repository/Parte2/Ajustes cuenta/Cuenta/Solicitud Pin de Acceso/android.widget.TextView - Tiempo para solicitud de pin de acceso'

2023-06-27 14:39:43 - [TEST_STEP][PASSED] - scrollToText("1 día", STOP_ON_FAILURE): Scrolling to text '1 día' successfully

2023-06-27 14:39:46 - [MESSAGE][PASSED] - Scrolling to text '1 día' successfully

2023-06-27 14:39:46 - [TEST_STEP][PASSED] - checkElement(findTestObject("Parte2/Ajustes cuenta/Cuenta/Solicitud Pin de Acceso/android.widget.RadioButton - 1 da"), 0): Element 'Object Repository/Parte2/Ajustes cuenta/Cuenta/Solicitud Pin de Acceso/android.widget.RadioButton - 1 da' is checked

2023-06-27 14:39:46 - [MESSAGE][WARNING] - Timeout '0' is invalid. Using default page load timeout: '30'

2023-06-27 14:39:46 - [MESSAGE][PASSED] - Element 'Object Repository/Parte2/Ajustes cuenta/Cuenta/Solicitud Pin de Acceso/android.widget.RadioButton - 1 da' is checked

2023-06-27 14:39:46 - [TEST_STEP][PASSED] - tap(findTestObject("Parte2/Ajustes cuenta/Cuenta/Solicitud Pin de Acceso/android.widget.Button - Aceptar"), 0): Tapped on element 'Object Repository/Parte2/Ajustes cuenta/Cuenta/Solicitud Pin de Acceso/android.widget.Button - Aceptar'

2023-06-27 14:39:46 - [MESSAGE][WARNING] - Timeout '0' is invalid. Using default page load timeout: '30'

2023-06-27 14:39:47 - [MESSAGE][PASSED] - Tapped on element 'Object Repository/Parte2/Ajustes cuenta/Cuenta/Solicitud Pin de Acceso/android.widget.Button - Aceptar'

2023-06-27 14:39:47 - [TEST_STEP][PASSED] - verifyElementText(findTestObject("Parte2/Ajustes cuenta/Cuenta/Solicitud Pin de Acceso/android.widget.TextView - 1 da"), "1 día"): Actual text and expected text of test object 'Object Repository/Parte2/Ajustes cuenta/Cuenta/Solicitud Pin de Acceso/android.widget.TextView - 1 da' are matched.

2023-06-27 14:39:48 - [MESSAGE][PASSED] - Actual text and expected text of test object 'Object Repository/Parte2/Ajustes cuenta/Cuenta/Solicitud Pin de Acceso/android.widget.TextView - 1 da' are matched.]]></system-out>
         <system-err><![CDATA[]]></system-err>
      </testcase>
      <testcase name="Test Cases/Parte2/Ajustes/Cuenta/Tiempo Pin de Acceso/CPN176" time="10.005" classname="Test Cases/Parte2/Ajustes/Cuenta/Tiempo Pin de Acceso/CPN176" status="PASSED">
         <system-out><![CDATA[2023-06-27 14:39:48 - [TEST_CASE][PASSED] - Test Cases/Parte2/Ajustes/Cuenta/Tiempo Pin de Acceso/CPN176: Test Cases/Parte2/Ajustes/Cuenta/Tiempo Pin de Acceso/CPN176

2023-06-27 14:39:48 - [TEST_STEP][PASSED] - tap(findTestObject("Parte2/Ajustes cuenta/Cuenta/Solicitud Pin de Acceso/android.widget.TextView - Tiempo para solicitud de pin de acceso"), 0): Tapped on element 'Object Repository/Parte2/Ajustes cuenta/Cuenta/Solicitud Pin de Acceso/android.widget.TextView - Tiempo para solicitud de pin de acceso'

2023-06-27 14:39:48 - [MESSAGE][WARNING] - Timeout '0' is invalid. Using default page load timeout: '30'

2023-06-27 14:39:48 - [MESSAGE][PASSED] - Tapped on element 'Object Repository/Parte2/Ajustes cuenta/Cuenta/Solicitud Pin de Acceso/android.widget.TextView - Tiempo para solicitud de pin de acceso'

2023-06-27 14:39:48 - [TEST_STEP][PASSED] - scrollToText("Nunca", STOP_ON_FAILURE): Scrolling to text 'Nunca' successfully

2023-06-27 14:39:51 - [MESSAGE][PASSED] - Scrolling to text 'Nunca' successfully

2023-06-27 14:39:51 - [TEST_STEP][PASSED] - tap(findTestObject("Parte2/Ajustes cuenta/Cuenta/Solicitud Pin de Acceso/android.widget.RadioButton - Nunca"), 0): Tapped on element 'Object Repository/Parte2/Ajustes cuenta/Cuenta/Solicitud Pin de Acceso/android.widget.RadioButton - Nunca'

2023-06-27 14:39:51 - [MESSAGE][WARNING] - Timeout '0' is invalid. Using default page load timeout: '30'

2023-06-27 14:39:51 - [MESSAGE][PASSED] - Tapped on element 'Object Repository/Parte2/Ajustes cuenta/Cuenta/Solicitud Pin de Acceso/android.widget.RadioButton - Nunca'

2023-06-27 14:39:51 - [TEST_STEP][PASSED] - tap(findTestObject("Parte2/Ajustes cuenta/Cuenta/Solicitud Pin de Acceso/android.widget.Button - Aceptar"), 0): Tapped on element 'Object Repository/Parte2/Ajustes cuenta/Cuenta/Solicitud Pin de Acceso/android.widget.Button - Aceptar'

2023-06-27 14:39:52 - [MESSAGE][WARNING] - Timeout '0' is invalid. Using default page load timeout: '30'

2023-06-27 14:39:52 - [MESSAGE][PASSED] - Tapped on element 'Object Repository/Parte2/Ajustes cuenta/Cuenta/Solicitud Pin de Acceso/android.widget.Button - Aceptar'

2023-06-27 14:39:52 - [TEST_STEP][PASSED] - verifyElementText(findTestObject("Parte2/Ajustes cuenta/Cuenta/Solicitud Pin de Acceso/android.widget.TextView - Nunca"), "Nunca"): Actual text and expected text of test object 'Object Repository/Parte2/Ajustes cuenta/Cuenta/Solicitud Pin de Acceso/android.widget.TextView - Nunca' are matched.

2023-06-27 14:39:53 - [MESSAGE][PASSED] - Actual text and expected text of test object 'Object Repository/Parte2/Ajustes cuenta/Cuenta/Solicitud Pin de Acceso/android.widget.TextView - Nunca' are matched.

2023-06-27 14:39:53 - [TEST_STEP][PASSED] - pressBack(): Press back button successfully

2023-06-27 14:39:53 - [MESSAGE][PASSED] - Press back button successfully

2023-06-27 14:39:53 - [TEST_STEP][PASSED] - pressBack(): Press back button successfully

2023-06-27 14:39:54 - [MESSAGE][PASSED] - Press back button successfully

2023-06-27 14:39:54 - [TEST_STEP][PASSED] - pressBack(): Press back button successfully

2023-06-27 14:39:56 - [MESSAGE][PASSED] - Press back button successfully

2023-06-27 14:39:56 - [TEST_STEP][PASSED] - tap(findTestObject("Parte2/Ajustes cuenta/Cuenta/Solicitud Pin de Acceso/android.widget.TextView - NapoleoN"), 0): Tapped on element 'Object Repository/Parte2/Ajustes cuenta/Cuenta/Solicitud Pin de Acceso/android.widget.TextView - NapoleoN'

2023-06-27 14:39:56 - [MESSAGE][WARNING] - Timeout '0' is invalid. Using default page load timeout: '30'

2023-06-27 14:39:56 - [MESSAGE][PASSED] - Tapped on element 'Object Repository/Parte2/Ajustes cuenta/Cuenta/Solicitud Pin de Acceso/android.widget.TextView - NapoleoN'

2023-06-27 14:39:56 - [TEST_STEP][PASSED] - verifyElementExist(findTestObject("Parte2/Ajustes cuenta/Cuenta/Solicitud Pin de Acceso/android.widget.FrameLayout (1)"), 0): Element 'Object Repository/Parte2/Ajustes cuenta/Cuenta/Solicitud Pin de Acceso/android.widget.FrameLayout (1)' is exist

2023-06-27 14:39:56 - [MESSAGE][WARNING] - Timeout '0' is invalid. Using default page load timeout: '30'

2023-06-27 14:39:58 - [MESSAGE][PASSED] - Element 'Object Repository/Parte2/Ajustes cuenta/Cuenta/Solicitud Pin de Acceso/android.widget.FrameLayout (1)' is exist]]></system-out>
         <system-err><![CDATA[]]></system-err>
      </testcase>
      <testcase name="Test Cases/Parte2/Ajustes/Cuenta/Tiempo Pin de Acceso/CPN177" time="7.65" classname="Test Cases/Parte2/Ajustes/Cuenta/Tiempo Pin de Acceso/CPN177" status="PASSED">
         <system-out><![CDATA[2023-06-27 14:39:58 - [TEST_CASE][PASSED] - Test Cases/Parte2/Ajustes/Cuenta/Tiempo Pin de Acceso/CPN177: Test Cases/Parte2/Ajustes/Cuenta/Tiempo Pin de Acceso/CPN177

2023-06-27 14:39:58 - [TEST_STEP][PASSED] - tap(findTestObject("Parte2/Ajustes cuenta/Cuenta/Solicitud Pin de Acceso/android.widget.FrameLayout"), 0): Tapped on element 'Object Repository/Parte2/Ajustes cuenta/Cuenta/Solicitud Pin de Acceso/android.widget.FrameLayout'

2023-06-27 14:39:58 - [MESSAGE][WARNING] - Timeout '0' is invalid. Using default page load timeout: '30'

2023-06-27 14:39:58 - [MESSAGE][PASSED] - Tapped on element 'Object Repository/Parte2/Ajustes cuenta/Cuenta/Solicitud Pin de Acceso/android.widget.FrameLayout'

2023-06-27 14:39:58 - [TEST_STEP][PASSED] - tap(findTestObject("Parte2/Ajustes cuenta/Cuenta/Solicitud Pin de Acceso/android.widget.LinearLayout"), 0): Tapped on element 'Object Repository/Parte2/Ajustes cuenta/Cuenta/Solicitud Pin de Acceso/android.widget.LinearLayout'

2023-06-27 14:39:58 - [MESSAGE][WARNING] - Timeout '0' is invalid. Using default page load timeout: '30'

2023-06-27 14:40:00 - [MESSAGE][PASSED] - Tapped on element 'Object Repository/Parte2/Ajustes cuenta/Cuenta/Solicitud Pin de Acceso/android.widget.LinearLayout'

2023-06-27 14:40:00 - [TEST_STEP][PASSED] - tap(findTestObject("Parte2/Ajustes cuenta/Cuenta/Solicitud Pin de Acceso/android.widget.TextView - Tiempo para solicitud de pin de acceso"), 0): Tapped on element 'Object Repository/Parte2/Ajustes cuenta/Cuenta/Solicitud Pin de Acceso/android.widget.TextView - Tiempo para solicitud de pin de acceso'

2023-06-27 14:40:00 - [MESSAGE][WARNING] - Timeout '0' is invalid. Using default page load timeout: '30'

2023-06-27 14:40:01 - [MESSAGE][PASSED] - Tapped on element 'Object Repository/Parte2/Ajustes cuenta/Cuenta/Solicitud Pin de Acceso/android.widget.TextView - Tiempo para solicitud de pin de acceso'

2023-06-27 14:40:01 - [TEST_STEP][PASSED] - tap(findTestObject("Parte2/Ajustes cuenta/Cuenta/Solicitud Pin de Acceso/android.widget.RadioButton - Inmediatamente"), 0): Tapped on element 'Object Repository/Parte2/Ajustes cuenta/Cuenta/Solicitud Pin de Acceso/android.widget.RadioButton - Inmediatamente'

2023-06-27 14:40:01 - [MESSAGE][WARNING] - Timeout '0' is invalid. Using default page load timeout: '30'

2023-06-27 14:40:01 - [MESSAGE][PASSED] - Tapped on element 'Object Repository/Parte2/Ajustes cuenta/Cuenta/Solicitud Pin de Acceso/android.widget.RadioButton - Inmediatamente'

2023-06-27 14:40:01 - [TEST_STEP][PASSED] - tap(findTestObject("Parte2/Ajustes cuenta/Cuenta/Solicitud Pin de Acceso/android.widget.Button - Aceptar"), 0): Tapped on element 'Object Repository/Parte2/Ajustes cuenta/Cuenta/Solicitud Pin de Acceso/android.widget.Button - Aceptar'

2023-06-27 14:40:01 - [MESSAGE][WARNING] - Timeout '0' is invalid. Using default page load timeout: '30'

2023-06-27 14:40:02 - [MESSAGE][PASSED] - Tapped on element 'Object Repository/Parte2/Ajustes cuenta/Cuenta/Solicitud Pin de Acceso/android.widget.Button - Aceptar'

2023-06-27 14:40:02 - [TEST_STEP][PASSED] - verifyElementText(findTestObject("Parte2/Ajustes cuenta/Cuenta/Solicitud Pin de Acceso/android.widget.TextView - Inmediatamente"), "Inmediatamente"): Actual text and expected text of test object 'Object Repository/Parte2/Ajustes cuenta/Cuenta/Solicitud Pin de Acceso/android.widget.TextView - Inmediatamente' are matched.

2023-06-27 14:40:03 - [MESSAGE][PASSED] - Actual text and expected text of test object 'Object Repository/Parte2/Ajustes cuenta/Cuenta/Solicitud Pin de Acceso/android.widget.TextView - Inmediatamente' are matched.

2023-06-27 14:40:03 - [TEST_STEP][PASSED] - tap(findTestObject("Parte2/Ajustes cuenta/Cuenta/Solicitud Pin de Acceso/android.widget.TextView - Tiempo para solicitud de pin de acceso"), 0): Tapped on element 'Object Repository/Parte2/Ajustes cuenta/Cuenta/Solicitud Pin de Acceso/android.widget.TextView - Tiempo para solicitud de pin de acceso'

2023-06-27 14:40:03 - [MESSAGE][WARNING] - Timeout '0' is invalid. Using default page load timeout: '30'

2023-06-27 14:40:03 - [MESSAGE][PASSED] - Tapped on element 'Object Repository/Parte2/Ajustes cuenta/Cuenta/Solicitud Pin de Acceso/android.widget.TextView - Tiempo para solicitud de pin de acceso'

2023-06-27 14:40:03 - [TEST_STEP][PASSED] - tap(findTestObject("Parte2/Ajustes cuenta/Cuenta/Solicitud Pin de Acceso/android.widget.RadioButton - 10 Segundos"), 0): Tapped on element 'Object Repository/Parte2/Ajustes cuenta/Cuenta/Solicitud Pin de Acceso/android.widget.RadioButton - 10 Segundos'

2023-06-27 14:40:03 - [MESSAGE][WARNING] - Timeout '0' is invalid. Using default page load timeout: '30'

2023-06-27 14:40:04 - [MESSAGE][PASSED] - Tapped on element 'Object Repository/Parte2/Ajustes cuenta/Cuenta/Solicitud Pin de Acceso/android.widget.RadioButton - 10 Segundos'

2023-06-27 14:40:04 - [TEST_STEP][PASSED] - tap(findTestObject("Parte2/Ajustes cuenta/Cuenta/Solicitud Pin de Acceso/android.widget.Button - Cancelar"), 0): Tapped on element 'Object Repository/Parte2/Ajustes cuenta/Cuenta/Solicitud Pin de Acceso/android.widget.Button - Cancelar'

2023-06-27 14:40:04 - [MESSAGE][WARNING] - Timeout '0' is invalid. Using default page load timeout: '30'

2023-06-27 14:40:05 - [MESSAGE][PASSED] - Tapped on element 'Object Repository/Parte2/Ajustes cuenta/Cuenta/Solicitud Pin de Acceso/android.widget.Button - Cancelar'

2023-06-27 14:40:05 - [TEST_STEP][PASSED] - verifyElementText(findTestObject("Parte2/Ajustes cuenta/Cuenta/Solicitud Pin de Acceso/android.widget.TextView - Inmediatamente"), "Inmediatamente"): Actual text and expected text of test object 'Object Repository/Parte2/Ajustes cuenta/Cuenta/Solicitud Pin de Acceso/android.widget.TextView - Inmediatamente' are matched.

2023-06-27 14:40:05 - [MESSAGE][PASSED] - Actual text and expected text of test object 'Object Repository/Parte2/Ajustes cuenta/Cuenta/Solicitud Pin de Acceso/android.widget.TextView - Inmediatamente' are matched.]]></system-out>
         <system-err><![CDATA[]]></system-err>
      </testcase>
      <testcase name="Test Cases/Parte2/Ajustes/Cuenta/Tiempo Pin de Acceso/CPN178" time="2.695" classname="Test Cases/Parte2/Ajustes/Cuenta/Tiempo Pin de Acceso/CPN178" status="PASSED">
         <system-out><![CDATA[2023-06-27 14:40:05 - [TEST_CASE][PASSED] - Test Cases/Parte2/Ajustes/Cuenta/Tiempo Pin de Acceso/CPN178: Test Cases/Parte2/Ajustes/Cuenta/Tiempo Pin de Acceso/CPN178

2023-06-27 14:40:06 - [TEST_STEP][PASSED] - tap(findTestObject("Parte2/Ajustes cuenta/Cuenta/Solicitud Pin de Acceso/android.widget.TextView - Tiempo para solicitud de pin de acceso"), 0): Tapped on element 'Object Repository/Parte2/Ajustes cuenta/Cuenta/Solicitud Pin de Acceso/android.widget.TextView - Tiempo para solicitud de pin de acceso'

2023-06-27 14:40:06 - [MESSAGE][WARNING] - Timeout '0' is invalid. Using default page load timeout: '30'

2023-06-27 14:40:06 - [MESSAGE][PASSED] - Tapped on element 'Object Repository/Parte2/Ajustes cuenta/Cuenta/Solicitud Pin de Acceso/android.widget.TextView - Tiempo para solicitud de pin de acceso'

2023-06-27 14:40:06 - [TEST_STEP][PASSED] - tap(findTestObject("Parte2/Ajustes cuenta/Cuenta/Solicitud Pin de Acceso/android.widget.RadioButton - 30 segundos"), 0): Tapped on element 'Object Repository/Parte2/Ajustes cuenta/Cuenta/Solicitud Pin de Acceso/android.widget.RadioButton - 30 segundos'

2023-06-27 14:40:06 - [MESSAGE][WARNING] - Timeout '0' is invalid. Using default page load timeout: '30'

2023-06-27 14:40:07 - [MESSAGE][PASSED] - Tapped on element 'Object Repository/Parte2/Ajustes cuenta/Cuenta/Solicitud Pin de Acceso/android.widget.RadioButton - 30 segundos'

2023-06-27 14:40:07 - [TEST_STEP][PASSED] - tap(findTestObject("Parte2/Ajustes cuenta/Cuenta/Solicitud Pin de Acceso/android.widget.Button - Cancelar"), 0): Tapped on element 'Object Repository/Parte2/Ajustes cuenta/Cuenta/Solicitud Pin de Acceso/android.widget.Button - Cancelar'

2023-06-27 14:40:07 - [MESSAGE][WARNING] - Timeout '0' is invalid. Using default page load timeout: '30'

2023-06-27 14:40:07 - [MESSAGE][PASSED] - Tapped on element 'Object Repository/Parte2/Ajustes cuenta/Cuenta/Solicitud Pin de Acceso/android.widget.Button - Cancelar'

2023-06-27 14:40:07 - [TEST_STEP][PASSED] - verifyElementText(findTestObject("Parte2/Ajustes cuenta/Cuenta/Solicitud Pin de Acceso/android.widget.TextView - Inmediatamente"), "Inmediatamente"): Actual text and expected text of test object 'Object Repository/Parte2/Ajustes cuenta/Cuenta/Solicitud Pin de Acceso/android.widget.TextView - Inmediatamente' are matched.

2023-06-27 14:40:08 - [MESSAGE][PASSED] - Actual text and expected text of test object 'Object Repository/Parte2/Ajustes cuenta/Cuenta/Solicitud Pin de Acceso/android.widget.TextView - Inmediatamente' are matched.]]></system-out>
         <system-err><![CDATA[]]></system-err>
      </testcase>
      <testcase name="Test Cases/Parte2/Ajustes/Cuenta/Tiempo Pin de Acceso/CPN179" time="2.689" classname="Test Cases/Parte2/Ajustes/Cuenta/Tiempo Pin de Acceso/CPN179" status="PASSED">
         <system-out><![CDATA[2023-06-27 14:40:08 - [TEST_CASE][PASSED] - Test Cases/Parte2/Ajustes/Cuenta/Tiempo Pin de Acceso/CPN179: Test Cases/Parte2/Ajustes/Cuenta/Tiempo Pin de Acceso/CPN179

2023-06-27 14:40:08 - [TEST_STEP][PASSED] - tap(findTestObject("Parte2/Ajustes cuenta/Cuenta/Solicitud Pin de Acceso/android.widget.TextView - Tiempo para solicitud de pin de acceso"), 0): Tapped on element 'Object Repository/Parte2/Ajustes cuenta/Cuenta/Solicitud Pin de Acceso/android.widget.TextView - Tiempo para solicitud de pin de acceso'

2023-06-27 14:40:08 - [MESSAGE][WARNING] - Timeout '0' is invalid. Using default page load timeout: '30'

2023-06-27 14:40:08 - [MESSAGE][PASSED] - Tapped on element 'Object Repository/Parte2/Ajustes cuenta/Cuenta/Solicitud Pin de Acceso/android.widget.TextView - Tiempo para solicitud de pin de acceso'

2023-06-27 14:40:08 - [TEST_STEP][PASSED] - tap(findTestObject("Parte2/Ajustes cuenta/Cuenta/Solicitud Pin de Acceso/android.widget.RadioButton - 1 minuto"), 0): Tapped on element 'Object Repository/Parte2/Ajustes cuenta/Cuenta/Solicitud Pin de Acceso/android.widget.RadioButton - 1 minuto'

2023-06-27 14:40:09 - [MESSAGE][WARNING] - Timeout '0' is invalid. Using default page load timeout: '30'

2023-06-27 14:40:09 - [MESSAGE][PASSED] - Tapped on element 'Object Repository/Parte2/Ajustes cuenta/Cuenta/Solicitud Pin de Acceso/android.widget.RadioButton - 1 minuto'

2023-06-27 14:40:09 - [TEST_STEP][PASSED] - tap(findTestObject("Parte2/Ajustes cuenta/Cuenta/Solicitud Pin de Acceso/android.widget.Button - Cancelar"), 0): Tapped on element 'Object Repository/Parte2/Ajustes cuenta/Cuenta/Solicitud Pin de Acceso/android.widget.Button - Cancelar'

2023-06-27 14:40:09 - [MESSAGE][WARNING] - Timeout '0' is invalid. Using default page load timeout: '30'

2023-06-27 14:40:10 - [MESSAGE][PASSED] - Tapped on element 'Object Repository/Parte2/Ajustes cuenta/Cuenta/Solicitud Pin de Acceso/android.widget.Button - Cancelar'

2023-06-27 14:40:10 - [TEST_STEP][PASSED] - verifyElementText(findTestObject("Parte2/Ajustes cuenta/Cuenta/Solicitud Pin de Acceso/android.widget.TextView - Inmediatamente"), "Inmediatamente"): Actual text and expected text of test object 'Object Repository/Parte2/Ajustes cuenta/Cuenta/Solicitud Pin de Acceso/android.widget.TextView - Inmediatamente' are matched.

2023-06-27 14:40:11 - [MESSAGE][PASSED] - Actual text and expected text of test object 'Object Repository/Parte2/Ajustes cuenta/Cuenta/Solicitud Pin de Acceso/android.widget.TextView - Inmediatamente' are matched.]]></system-out>
         <system-err><![CDATA[]]></system-err>
      </testcase>
      <testcase name="Test Cases/Parte2/Ajustes/Cuenta/Tiempo Pin de Acceso/CPN180" time="2.657" classname="Test Cases/Parte2/Ajustes/Cuenta/Tiempo Pin de Acceso/CPN180" status="PASSED">
         <system-out><![CDATA[2023-06-27 14:40:11 - [TEST_CASE][PASSED] - Test Cases/Parte2/Ajustes/Cuenta/Tiempo Pin de Acceso/CPN180: Test Cases/Parte2/Ajustes/Cuenta/Tiempo Pin de Acceso/CPN180

2023-06-27 14:40:11 - [TEST_STEP][PASSED] - tap(findTestObject("Parte2/Ajustes cuenta/Cuenta/Solicitud Pin de Acceso/android.widget.TextView - Tiempo para solicitud de pin de acceso"), 0): Tapped on element 'Object Repository/Parte2/Ajustes cuenta/Cuenta/Solicitud Pin de Acceso/android.widget.TextView - Tiempo para solicitud de pin de acceso'

2023-06-27 14:40:11 - [MESSAGE][WARNING] - Timeout '0' is invalid. Using default page load timeout: '30'

2023-06-27 14:40:11 - [MESSAGE][PASSED] - Tapped on element 'Object Repository/Parte2/Ajustes cuenta/Cuenta/Solicitud Pin de Acceso/android.widget.TextView - Tiempo para solicitud de pin de acceso'

2023-06-27 14:40:11 - [TEST_STEP][PASSED] - tap(findTestObject("Parte2/Ajustes cuenta/Cuenta/Solicitud Pin de Acceso/android.widget.RadioButton - 5 minutos"), 0): Tapped on element 'Object Repository/Parte2/Ajustes cuenta/Cuenta/Solicitud Pin de Acceso/android.widget.RadioButton - 5 minutos'

2023-06-27 14:40:11 - [MESSAGE][WARNING] - Timeout '0' is invalid. Using default page load timeout: '30'

2023-06-27 14:40:12 - [MESSAGE][PASSED] - Tapped on element 'Object Repository/Parte2/Ajustes cuenta/Cuenta/Solicitud Pin de Acceso/android.widget.RadioButton - 5 minutos'

2023-06-27 14:40:12 - [TEST_STEP][PASSED] - tap(findTestObject("Parte2/Ajustes cuenta/Cuenta/Solicitud Pin de Acceso/android.widget.Button - Cancelar"), 0): Tapped on element 'Object Repository/Parte2/Ajustes cuenta/Cuenta/Solicitud Pin de Acceso/android.widget.Button - Cancelar'

2023-06-27 14:40:12 - [MESSAGE][WARNING] - Timeout '0' is invalid. Using default page load timeout: '30'

2023-06-27 14:40:13 - [MESSAGE][PASSED] - Tapped on element 'Object Repository/Parte2/Ajustes cuenta/Cuenta/Solicitud Pin de Acceso/android.widget.Button - Cancelar'

2023-06-27 14:40:13 - [TEST_STEP][PASSED] - verifyElementText(findTestObject("Parte2/Ajustes cuenta/Cuenta/Solicitud Pin de Acceso/android.widget.TextView - Inmediatamente"), "Inmediatamente"): Actual text and expected text of test object 'Object Repository/Parte2/Ajustes cuenta/Cuenta/Solicitud Pin de Acceso/android.widget.TextView - Inmediatamente' are matched.

2023-06-27 14:40:13 - [MESSAGE][PASSED] - Actual text and expected text of test object 'Object Repository/Parte2/Ajustes cuenta/Cuenta/Solicitud Pin de Acceso/android.widget.TextView - Inmediatamente' are matched.]]></system-out>
         <system-err><![CDATA[]]></system-err>
      </testcase>
      <testcase name="Test Cases/Parte2/Ajustes/Cuenta/Tiempo Pin de Acceso/CPN181" time="2.678" classname="Test Cases/Parte2/Ajustes/Cuenta/Tiempo Pin de Acceso/CPN181" status="PASSED">
         <system-out><![CDATA[2023-06-27 14:40:13 - [TEST_CASE][PASSED] - Test Cases/Parte2/Ajustes/Cuenta/Tiempo Pin de Acceso/CPN181: Test Cases/Parte2/Ajustes/Cuenta/Tiempo Pin de Acceso/CPN181

2023-06-27 14:40:14 - [TEST_STEP][PASSED] - tap(findTestObject("Parte2/Ajustes cuenta/Cuenta/Solicitud Pin de Acceso/android.widget.TextView - Tiempo para solicitud de pin de acceso"), 0): Tapped on element 'Object Repository/Parte2/Ajustes cuenta/Cuenta/Solicitud Pin de Acceso/android.widget.TextView - Tiempo para solicitud de pin de acceso'

2023-06-27 14:40:14 - [MESSAGE][WARNING] - Timeout '0' is invalid. Using default page load timeout: '30'

2023-06-27 14:40:14 - [MESSAGE][PASSED] - Tapped on element 'Object Repository/Parte2/Ajustes cuenta/Cuenta/Solicitud Pin de Acceso/android.widget.TextView - Tiempo para solicitud de pin de acceso'

2023-06-27 14:40:14 - [TEST_STEP][PASSED] - tap(findTestObject("Parte2/Ajustes cuenta/Cuenta/Solicitud Pin de Acceso/android.widget.RadioButton - 1 hora"), 0): Tapped on element 'Object Repository/Parte2/Ajustes cuenta/Cuenta/Solicitud Pin de Acceso/android.widget.RadioButton - 1 hora'

2023-06-27 14:40:14 - [MESSAGE][WARNING] - Timeout '0' is invalid. Using default page load timeout: '30'

2023-06-27 14:40:15 - [MESSAGE][PASSED] - Tapped on element 'Object Repository/Parte2/Ajustes cuenta/Cuenta/Solicitud Pin de Acceso/android.widget.RadioButton - 1 hora'

2023-06-27 14:40:15 - [TEST_STEP][PASSED] - tap(findTestObject("Parte2/Ajustes cuenta/Cuenta/Solicitud Pin de Acceso/android.widget.Button - Cancelar"), 0): Tapped on element 'Object Repository/Parte2/Ajustes cuenta/Cuenta/Solicitud Pin de Acceso/android.widget.Button - Cancelar'

2023-06-27 14:40:15 - [MESSAGE][WARNING] - Timeout '0' is invalid. Using default page load timeout: '30'

2023-06-27 14:40:15 - [MESSAGE][PASSED] - Tapped on element 'Object Repository/Parte2/Ajustes cuenta/Cuenta/Solicitud Pin de Acceso/android.widget.Button - Cancelar'

2023-06-27 14:40:15 - [TEST_STEP][PASSED] - verifyElementText(findTestObject("Parte2/Ajustes cuenta/Cuenta/Solicitud Pin de Acceso/android.widget.TextView - Inmediatamente"), "Inmediatamente"): Actual text and expected text of test object 'Object Repository/Parte2/Ajustes cuenta/Cuenta/Solicitud Pin de Acceso/android.widget.TextView - Inmediatamente' are matched.

2023-06-27 14:40:16 - [MESSAGE][PASSED] - Actual text and expected text of test object 'Object Repository/Parte2/Ajustes cuenta/Cuenta/Solicitud Pin de Acceso/android.widget.TextView - Inmediatamente' are matched.]]></system-out>
         <system-err><![CDATA[]]></system-err>
      </testcase>
      <testcase name="Test Cases/Parte2/Ajustes/Cuenta/Tiempo Pin de Acceso/CPN182" time="5.226" classname="Test Cases/Parte2/Ajustes/Cuenta/Tiempo Pin de Acceso/CPN182" status="PASSED">
         <system-out><![CDATA[2023-06-27 14:40:16 - [TEST_CASE][PASSED] - Test Cases/Parte2/Ajustes/Cuenta/Tiempo Pin de Acceso/CPN182: Test Cases/Parte2/Ajustes/Cuenta/Tiempo Pin de Acceso/CPN182

2023-06-27 14:40:16 - [TEST_STEP][PASSED] - tap(findTestObject("Parte2/Ajustes cuenta/Cuenta/Solicitud Pin de Acceso/android.widget.TextView - Tiempo para solicitud de pin de acceso"), 0): Tapped on element 'Object Repository/Parte2/Ajustes cuenta/Cuenta/Solicitud Pin de Acceso/android.widget.TextView - Tiempo para solicitud de pin de acceso'

2023-06-27 14:40:16 - [MESSAGE][WARNING] - Timeout '0' is invalid. Using default page load timeout: '30'

2023-06-27 14:40:17 - [MESSAGE][PASSED] - Tapped on element 'Object Repository/Parte2/Ajustes cuenta/Cuenta/Solicitud Pin de Acceso/android.widget.TextView - Tiempo para solicitud de pin de acceso'

2023-06-27 14:40:17 - [TEST_STEP][PASSED] - scrollToText("1 día", STOP_ON_FAILURE): Scrolling to text '1 día' successfully

2023-06-27 14:40:20 - [MESSAGE][PASSED] - Scrolling to text '1 día' successfully

2023-06-27 14:40:20 - [TEST_STEP][PASSED] - tap(findTestObject("Parte2/Ajustes cuenta/Cuenta/Solicitud Pin de Acceso/android.widget.RadioButton - 1 da"), 0): Tapped on element 'Object Repository/Parte2/Ajustes cuenta/Cuenta/Solicitud Pin de Acceso/android.widget.RadioButton - 1 da'

2023-06-27 14:40:20 - [MESSAGE][WARNING] - Timeout '0' is invalid. Using default page load timeout: '30'

2023-06-27 14:40:20 - [MESSAGE][PASSED] - Tapped on element 'Object Repository/Parte2/Ajustes cuenta/Cuenta/Solicitud Pin de Acceso/android.widget.RadioButton - 1 da'

2023-06-27 14:40:20 - [TEST_STEP][PASSED] - tap(findTestObject("Parte2/Ajustes cuenta/Cuenta/Solicitud Pin de Acceso/android.widget.Button - Cancelar"), 0): Tapped on element 'Object Repository/Parte2/Ajustes cuenta/Cuenta/Solicitud Pin de Acceso/android.widget.Button - Cancelar'

2023-06-27 14:40:20 - [MESSAGE][WARNING] - Timeout '0' is invalid. Using default page load timeout: '30'

2023-06-27 14:40:21 - [MESSAGE][PASSED] - Tapped on element 'Object Repository/Parte2/Ajustes cuenta/Cuenta/Solicitud Pin de Acceso/android.widget.Button - Cancelar'

2023-06-27 14:40:21 - [TEST_STEP][PASSED] - verifyElementText(findTestObject("Parte2/Ajustes cuenta/Cuenta/Solicitud Pin de Acceso/android.widget.TextView - Inmediatamente"), "Inmediatamente"): Actual text and expected text of test object 'Object Repository/Parte2/Ajustes cuenta/Cuenta/Solicitud Pin de Acceso/android.widget.TextView - Inmediatamente' are matched.

2023-06-27 14:40:21 - [MESSAGE][PASSED] - Actual text and expected text of test object 'Object Repository/Parte2/Ajustes cuenta/Cuenta/Solicitud Pin de Acceso/android.widget.TextView - Inmediatamente' are matched.]]></system-out>
         <system-err><![CDATA[]]></system-err>
      </testcase>
      <testcase name="Test Cases/Parte2/Ajustes/Cuenta/Tiempo Pin de Acceso/CPN183" time="7.054" classname="Test Cases/Parte2/Ajustes/Cuenta/Tiempo Pin de Acceso/CPN183" status="PASSED">
         <system-out><![CDATA[2023-06-27 14:40:21 - [TEST_CASE][PASSED] - Test Cases/Parte2/Ajustes/Cuenta/Tiempo Pin de Acceso/CPN183: Test Cases/Parte2/Ajustes/Cuenta/Tiempo Pin de Acceso/CPN183

2023-06-27 14:40:22 - [TEST_STEP][PASSED] - tap(findTestObject("Parte2/Ajustes cuenta/Cuenta/Solicitud Pin de Acceso/android.widget.TextView - Tiempo para solicitud de pin de acceso"), 0): Tapped on element 'Object Repository/Parte2/Ajustes cuenta/Cuenta/Solicitud Pin de Acceso/android.widget.TextView - Tiempo para solicitud de pin de acceso'

2023-06-27 14:40:22 - [MESSAGE][WARNING] - Timeout '0' is invalid. Using default page load timeout: '30'

2023-06-27 14:40:22 - [MESSAGE][PASSED] - Tapped on element 'Object Repository/Parte2/Ajustes cuenta/Cuenta/Solicitud Pin de Acceso/android.widget.TextView - Tiempo para solicitud de pin de acceso'

2023-06-27 14:40:22 - [TEST_STEP][PASSED] - scrollToText("Nunca", STOP_ON_FAILURE): Scrolling to text 'Nunca' successfully

2023-06-27 14:40:25 - [MESSAGE][PASSED] - Scrolling to text 'Nunca' successfully

2023-06-27 14:40:25 - [TEST_STEP][PASSED] - tap(findTestObject("Parte2/Ajustes cuenta/Cuenta/Solicitud Pin de Acceso/android.widget.RadioButton - Nunca"), 0): Tapped on element 'Object Repository/Parte2/Ajustes cuenta/Cuenta/Solicitud Pin de Acceso/android.widget.RadioButton - Nunca'

2023-06-27 14:40:25 - [MESSAGE][WARNING] - Timeout '0' is invalid. Using default page load timeout: '30'

2023-06-27 14:40:25 - [MESSAGE][PASSED] - Tapped on element 'Object Repository/Parte2/Ajustes cuenta/Cuenta/Solicitud Pin de Acceso/android.widget.RadioButton - Nunca'

2023-06-27 14:40:25 - [TEST_STEP][PASSED] - tap(findTestObject("Parte2/Ajustes cuenta/Cuenta/Solicitud Pin de Acceso/android.widget.Button - Cancelar"), 0): Tapped on element 'Object Repository/Parte2/Ajustes cuenta/Cuenta/Solicitud Pin de Acceso/android.widget.Button - Cancelar'

2023-06-27 14:40:25 - [MESSAGE][WARNING] - Timeout '0' is invalid. Using default page load timeout: '30'

2023-06-27 14:40:26 - [MESSAGE][PASSED] - Tapped on element 'Object Repository/Parte2/Ajustes cuenta/Cuenta/Solicitud Pin de Acceso/android.widget.Button - Cancelar'

2023-06-27 14:40:26 - [TEST_STEP][PASSED] - verifyElementText(findTestObject("Parte2/Ajustes cuenta/Cuenta/Solicitud Pin de Acceso/android.widget.TextView - Inmediatamente"), "Inmediatamente"): Actual text and expected text of test object 'Object Repository/Parte2/Ajustes cuenta/Cuenta/Solicitud Pin de Acceso/android.widget.TextView - Inmediatamente' are matched.

2023-06-27 14:40:27 - [MESSAGE][PASSED] - Actual text and expected text of test object 'Object Repository/Parte2/Ajustes cuenta/Cuenta/Solicitud Pin de Acceso/android.widget.TextView - Inmediatamente' are matched.

2023-06-27 14:40:27 - [TEST_STEP][PASSED] - tap(findTestObject("Parte2/Ajustes cuenta/Cuenta/Solicitud Pin de Acceso/android.widget.TextView - Tiempo para solicitud de pin de acceso"), 0): Tapped on element 'Object Repository/Parte2/Ajustes cuenta/Cuenta/Solicitud Pin de Acceso/android.widget.TextView - Tiempo para solicitud de pin de acceso'

2023-06-27 14:40:27 - [MESSAGE][WARNING] - Timeout '0' is invalid. Using default page load timeout: '30'

2023-06-27 14:40:27 - [MESSAGE][PASSED] - Tapped on element 'Object Repository/Parte2/Ajustes cuenta/Cuenta/Solicitud Pin de Acceso/android.widget.TextView - Tiempo para solicitud de pin de acceso'

2023-06-27 14:40:27 - [TEST_STEP][PASSED] - tap(findTestObject("Parte2/Ajustes cuenta/Cuenta/Solicitud Pin de Acceso/android.widget.RadioButton - 30 segundos"), 0): Tapped on element 'Object Repository/Parte2/Ajustes cuenta/Cuenta/Solicitud Pin de Acceso/android.widget.RadioButton - 30 segundos'

2023-06-27 14:40:27 - [MESSAGE][WARNING] - Timeout '0' is invalid. Using default page load timeout: '30'

2023-06-27 14:40:28 - [MESSAGE][PASSED] - Tapped on element 'Object Repository/Parte2/Ajustes cuenta/Cuenta/Solicitud Pin de Acceso/android.widget.RadioButton - 30 segundos'

2023-06-27 14:40:28 - [TEST_STEP][PASSED] - tap(findTestObject("Parte2/Ajustes cuenta/Cuenta/Solicitud Pin de Acceso/android.widget.Button - Aceptar"), 0): Tapped on element 'Object Repository/Parte2/Ajustes cuenta/Cuenta/Solicitud Pin de Acceso/android.widget.Button - Aceptar'

2023-06-27 14:40:28 - [MESSAGE][WARNING] - Timeout '0' is invalid. Using default page load timeout: '30'

2023-06-27 14:40:28 - [MESSAGE][PASSED] - Tapped on element 'Object Repository/Parte2/Ajustes cuenta/Cuenta/Solicitud Pin de Acceso/android.widget.Button - Aceptar']]></system-out>
         <system-err><![CDATA[]]></system-err>
      </testcase>
      <testcase name="Test Cases/Parte2/Ajustes/Cuenta/Contactos Bloqueados/CPN184" time="1.77" classname="Test Cases/Parte2/Ajustes/Cuenta/Contactos Bloqueados/CPN184" status="PASSED">
         <system-out><![CDATA[2023-06-27 14:40:28 - [TEST_CASE][PASSED] - Test Cases/Parte2/Ajustes/Cuenta/Contactos Bloqueados/CPN184: Test Cases/Parte2/Ajustes/Cuenta/Contactos Bloqueados/CPN184

2023-06-27 14:40:29 - [TEST_STEP][PASSED] - tap(findTestObject("Parte2/Ajustes cuenta/Cuenta/Contactos Bloqueados/android.widget.TextView - Contactos bloqueados"), 0): Tapped on element 'Object Repository/Parte2/Ajustes cuenta/Cuenta/Contactos Bloqueados/android.widget.TextView - Contactos bloqueados'

2023-06-27 14:40:29 - [MESSAGE][WARNING] - Timeout '0' is invalid. Using default page load timeout: '30'

2023-06-27 14:40:29 - [MESSAGE][PASSED] - Tapped on element 'Object Repository/Parte2/Ajustes cuenta/Cuenta/Contactos Bloqueados/android.widget.TextView - Contactos bloqueados'

2023-06-27 14:40:29 - [TEST_STEP][PASSED] - verifyElementExist(findTestObject("Parte2/Ajustes cuenta/Cuenta/Contactos Bloqueados/android.view.ViewGroup"), 0): Element 'Object Repository/Parte2/Ajustes cuenta/Cuenta/Contactos Bloqueados/android.view.ViewGroup' is exist

2023-06-27 14:40:29 - [MESSAGE][WARNING] - Timeout '0' is invalid. Using default page load timeout: '30'

2023-06-27 14:40:30 - [MESSAGE][PASSED] - Element 'Object Repository/Parte2/Ajustes cuenta/Cuenta/Contactos Bloqueados/android.view.ViewGroup' is exist

2023-06-27 14:40:30 - [TEST_STEP][PASSED] - tap(findTestObject("Parte2/Ajustes cuenta/Cuenta/Contactos Bloqueados/android.widget.ImageButton"), 0): Tapped on element 'Object Repository/Parte2/Ajustes cuenta/Cuenta/Contactos Bloqueados/android.widget.ImageButton'

2023-06-27 14:40:30 - [MESSAGE][WARNING] - Timeout '0' is invalid. Using default page load timeout: '30'

2023-06-27 14:40:30 - [MESSAGE][PASSED] - Tapped on element 'Object Repository/Parte2/Ajustes cuenta/Cuenta/Contactos Bloqueados/android.widget.ImageButton']]></system-out>
         <system-err><![CDATA[]]></system-err>
      </testcase>
      <testcase name="Test Cases/Parte2/Ajustes/Cuenta/Idioma/CPN187" time="3.353" classname="Test Cases/Parte2/Ajustes/Cuenta/Idioma/CPN187" status="PASSED">
         <system-out><![CDATA[2023-06-27 14:40:30 - [TEST_CASE][PASSED] - Test Cases/Parte2/Ajustes/Cuenta/Idioma/CPN187: Test Cases/Parte2/Ajustes/Cuenta/Idioma/CPN187

2023-06-27 14:40:30 - [TEST_STEP][PASSED] - tap(findTestObject("Parte2/Ajustes cuenta/Cuenta/Idioma/android.widget.TextView - Idioma"), 0): Tapped on element 'Object Repository/Parte2/Ajustes cuenta/Cuenta/Idioma/android.widget.TextView - Idioma'

2023-06-27 14:40:30 - [MESSAGE][WARNING] - Timeout '0' is invalid. Using default page load timeout: '30'

2023-06-27 14:40:31 - [MESSAGE][PASSED] - Tapped on element 'Object Repository/Parte2/Ajustes cuenta/Cuenta/Idioma/android.widget.TextView - Idioma'

2023-06-27 14:40:31 - [TEST_STEP][PASSED] - tap(findTestObject("Parte2/Ajustes cuenta/Cuenta/Idioma/android.widget.TextView - Deutsch"), 0): Tapped on element 'Object Repository/Parte2/Ajustes cuenta/Cuenta/Idioma/android.widget.TextView - Deutsch'

2023-06-27 14:40:31 - [MESSAGE][WARNING] - Timeout '0' is invalid. Using default page load timeout: '30'

2023-06-27 14:40:32 - [MESSAGE][PASSED] - Tapped on element 'Object Repository/Parte2/Ajustes cuenta/Cuenta/Idioma/android.widget.TextView - Deutsch'

2023-06-27 14:40:32 - [TEST_STEP][PASSED] - verifyElementExist(findTestObject("Parte2/Ajustes cuenta/Cuenta/Idioma/android.view.ViewGroup"), 0): Element 'Object Repository/Parte2/Ajustes cuenta/Cuenta/Idioma/android.view.ViewGroup' is exist

2023-06-27 14:40:32 - [MESSAGE][WARNING] - Timeout '0' is invalid. Using default page load timeout: '30'

2023-06-27 14:40:33 - [MESSAGE][PASSED] - Element 'Object Repository/Parte2/Ajustes cuenta/Cuenta/Idioma/android.view.ViewGroup' is exist

2023-06-27 14:40:33 - [TEST_STEP][PASSED] - tap(findTestObject("Parte2/Ajustes cuenta/Cuenta/Idioma/android.widget.TextView - Sprache"), 0): Tapped on element 'Object Repository/Parte2/Ajustes cuenta/Cuenta/Idioma/android.widget.TextView - Sprache'

2023-06-27 14:40:33 - [MESSAGE][WARNING] - Timeout '0' is invalid. Using default page load timeout: '30'

2023-06-27 14:40:33 - [MESSAGE][PASSED] - Tapped on element 'Object Repository/Parte2/Ajustes cuenta/Cuenta/Idioma/android.widget.TextView - Sprache']]></system-out>
         <system-err><![CDATA[]]></system-err>
      </testcase>
      <testcase name="Test Cases/Parte2/Ajustes/Cuenta/Idioma/CPN188" time="2.478" classname="Test Cases/Parte2/Ajustes/Cuenta/Idioma/CPN188" status="PASSED">
         <system-out><![CDATA[2023-06-27 14:40:34 - [TEST_CASE][PASSED] - Test Cases/Parte2/Ajustes/Cuenta/Idioma/CPN188: Test Cases/Parte2/Ajustes/Cuenta/Idioma/CPN188

2023-06-27 14:40:34 - [TEST_STEP][PASSED] - tap(findTestObject("Parte2/Ajustes cuenta/Cuenta/Idioma/android.widget.TextView - Franais"), 0): Tapped on element 'Object Repository/Parte2/Ajustes cuenta/Cuenta/Idioma/android.widget.TextView - Franais'

2023-06-27 14:40:34 - [MESSAGE][WARNING] - Timeout '0' is invalid. Using default page load timeout: '30'

2023-06-27 14:40:35 - [MESSAGE][PASSED] - Tapped on element 'Object Repository/Parte2/Ajustes cuenta/Cuenta/Idioma/android.widget.TextView - Franais'

2023-06-27 14:40:35 - [TEST_STEP][PASSED] - verifyElementExist(findTestObject("Parte2/Ajustes cuenta/Cuenta/Idioma/android.view.ViewGroup (1)"), 0): Element 'Object Repository/Parte2/Ajustes cuenta/Cuenta/Idioma/android.view.ViewGroup (1)' is exist

2023-06-27 14:40:35 - [MESSAGE][WARNING] - Timeout '0' is invalid. Using default page load timeout: '30'

2023-06-27 14:40:36 - [MESSAGE][PASSED] - Element 'Object Repository/Parte2/Ajustes cuenta/Cuenta/Idioma/android.view.ViewGroup (1)' is exist

2023-06-27 14:40:36 - [TEST_STEP][PASSED] - tap(findTestObject("Parte2/Ajustes cuenta/Cuenta/Idioma/android.widget.TextView - Langage"), 0): Tapped on element 'Object Repository/Parte2/Ajustes cuenta/Cuenta/Idioma/android.widget.TextView - Langage'

2023-06-27 14:40:36 - [MESSAGE][WARNING] - Timeout '0' is invalid. Using default page load timeout: '30'

2023-06-27 14:40:36 - [MESSAGE][PASSED] - Tapped on element 'Object Repository/Parte2/Ajustes cuenta/Cuenta/Idioma/android.widget.TextView - Langage']]></system-out>
         <system-err><![CDATA[]]></system-err>
      </testcase>
      <testcase name="Test Cases/Parte2/Ajustes/Cuenta/Idioma/CPN189" time="2.522" classname="Test Cases/Parte2/Ajustes/Cuenta/Idioma/CPN189" status="PASSED">
         <system-out><![CDATA[2023-06-27 14:40:36 - [TEST_CASE][PASSED] - Test Cases/Parte2/Ajustes/Cuenta/Idioma/CPN189: Test Cases/Parte2/Ajustes/Cuenta/Idioma/CPN189

2023-06-27 14:40:36 - [TEST_STEP][PASSED] - tap(findTestObject("Parte2/Ajustes cuenta/Cuenta/Idioma/android.widget.TextView - English"), 0): Tapped on element 'Object Repository/Parte2/Ajustes cuenta/Cuenta/Idioma/android.widget.TextView - English'

2023-06-27 14:40:36 - [MESSAGE][WARNING] - Timeout '0' is invalid. Using default page load timeout: '30'

2023-06-27 14:40:38 - [MESSAGE][PASSED] - Tapped on element 'Object Repository/Parte2/Ajustes cuenta/Cuenta/Idioma/android.widget.TextView - English'

2023-06-27 14:40:38 - [TEST_STEP][PASSED] - verifyElementExist(findTestObject("Parte2/Ajustes cuenta/Cuenta/Idioma/android.view.ViewGroup (1)"), 0): Element 'Object Repository/Parte2/Ajustes cuenta/Cuenta/Idioma/android.view.ViewGroup (1)' is exist

2023-06-27 14:40:38 - [MESSAGE][WARNING] - Timeout '0' is invalid. Using default page load timeout: '30'

2023-06-27 14:40:38 - [MESSAGE][PASSED] - Element 'Object Repository/Parte2/Ajustes cuenta/Cuenta/Idioma/android.view.ViewGroup (1)' is exist

2023-06-27 14:40:38 - [TEST_STEP][PASSED] - tap(findTestObject("Parte2/Ajustes cuenta/Cuenta/Idioma/android.widget.TextView - Language"), 0): Tapped on element 'Object Repository/Parte2/Ajustes cuenta/Cuenta/Idioma/android.widget.TextView - Language'

2023-06-27 14:40:38 - [MESSAGE][WARNING] - Timeout '0' is invalid. Using default page load timeout: '30'

2023-06-27 14:40:39 - [MESSAGE][PASSED] - Tapped on element 'Object Repository/Parte2/Ajustes cuenta/Cuenta/Idioma/android.widget.TextView - Language']]></system-out>
         <system-err><![CDATA[]]></system-err>
      </testcase>
      <testcase name="Test Cases/Parte2/Ajustes/Cuenta/Idioma/CPN190" time="2.378" classname="Test Cases/Parte2/Ajustes/Cuenta/Idioma/CPN190" status="PASSED">
         <system-out><![CDATA[2023-06-27 14:40:39 - [TEST_CASE][PASSED] - Test Cases/Parte2/Ajustes/Cuenta/Idioma/CPN190: Test Cases/Parte2/Ajustes/Cuenta/Idioma/CPN190

2023-06-27 14:40:39 - [TEST_STEP][PASSED] - tap(findTestObject("Parte2/Ajustes cuenta/Cuenta/Idioma/android.widget.TextView - Italiano"), 0): Tapped on element 'Object Repository/Parte2/Ajustes cuenta/Cuenta/Idioma/android.widget.TextView - Italiano'

2023-06-27 14:40:39 - [MESSAGE][WARNING] - Timeout '0' is invalid. Using default page load timeout: '30'

2023-06-27 14:40:39 - [MESSAGE][PASSED] - Tapped on element 'Object Repository/Parte2/Ajustes cuenta/Cuenta/Idioma/android.widget.TextView - Italiano'

2023-06-27 14:40:39 - [TEST_STEP][PASSED] - verifyElementExist(findTestObject("Parte2/Ajustes cuenta/Cuenta/Idioma/android.view.ViewGroup (1)"), 0): Element 'Object Repository/Parte2/Ajustes cuenta/Cuenta/Idioma/android.view.ViewGroup (1)' is exist

2023-06-27 14:40:40 - [MESSAGE][WARNING] - Timeout '0' is invalid. Using default page load timeout: '30'

2023-06-27 14:40:41 - [MESSAGE][PASSED] - Element 'Object Repository/Parte2/Ajustes cuenta/Cuenta/Idioma/android.view.ViewGroup (1)' is exist

2023-06-27 14:40:41 - [TEST_STEP][PASSED] - tap(findTestObject("Parte2/Ajustes cuenta/Cuenta/Idioma/android.widget.TextView - Lingua"), 0): Tapped on element 'Object Repository/Parte2/Ajustes cuenta/Cuenta/Idioma/android.widget.TextView - Lingua'

2023-06-27 14:40:41 - [MESSAGE][WARNING] - Timeout '0' is invalid. Using default page load timeout: '30'

2023-06-27 14:40:41 - [MESSAGE][PASSED] - Tapped on element 'Object Repository/Parte2/Ajustes cuenta/Cuenta/Idioma/android.widget.TextView - Lingua']]></system-out>
         <system-err><![CDATA[]]></system-err>
      </testcase>
      <testcase name="Test Cases/Parte2/Ajustes/Cuenta/Idioma/CPN191" time="2.379" classname="Test Cases/Parte2/Ajustes/Cuenta/Idioma/CPN191" status="PASSED">
         <system-out><![CDATA[2023-06-27 14:40:41 - [TEST_CASE][PASSED] - Test Cases/Parte2/Ajustes/Cuenta/Idioma/CPN191: Test Cases/Parte2/Ajustes/Cuenta/Idioma/CPN191

2023-06-27 14:40:41 - [TEST_STEP][PASSED] - tap(findTestObject("Parte2/Ajustes cuenta/Cuenta/Idioma/android.widget.TextView - Portugus"), 0): Tapped on element 'Object Repository/Parte2/Ajustes cuenta/Cuenta/Idioma/android.widget.TextView - Portugus'

2023-06-27 14:40:41 - [MESSAGE][WARNING] - Timeout '0' is invalid. Using default page load timeout: '30'

2023-06-27 14:40:42 - [MESSAGE][PASSED] - Tapped on element 'Object Repository/Parte2/Ajustes cuenta/Cuenta/Idioma/android.widget.TextView - Portugus'

2023-06-27 14:40:42 - [TEST_STEP][PASSED] - verifyElementExist(findTestObject("Parte2/Ajustes cuenta/Cuenta/Idioma/android.view.ViewGroup (1)"), 0): Element 'Object Repository/Parte2/Ajustes cuenta/Cuenta/Idioma/android.view.ViewGroup (1)' is exist

2023-06-27 14:40:42 - [MESSAGE][WARNING] - Timeout '0' is invalid. Using default page load timeout: '30'

2023-06-27 14:40:43 - [MESSAGE][PASSED] - Element 'Object Repository/Parte2/Ajustes cuenta/Cuenta/Idioma/android.view.ViewGroup (1)' is exist

2023-06-27 14:40:43 - [TEST_STEP][PASSED] - tap(findTestObject("Parte2/Ajustes cuenta/Cuenta/Idioma/android.widget.TextView - Idioma (1)"), 0): Tapped on element 'Object Repository/Parte2/Ajustes cuenta/Cuenta/Idioma/android.widget.TextView - Idioma (1)'

2023-06-27 14:40:43 - [MESSAGE][WARNING] - Timeout '0' is invalid. Using default page load timeout: '30'

2023-06-27 14:40:43 - [MESSAGE][PASSED] - Tapped on element 'Object Repository/Parte2/Ajustes cuenta/Cuenta/Idioma/android.widget.TextView - Idioma (1)']]></system-out>
         <system-err><![CDATA[]]></system-err>
      </testcase>
      <testcase name="Test Cases/Parte2/Ajustes/Cuenta/Idioma/CPN192" time="2.119" classname="Test Cases/Parte2/Ajustes/Cuenta/Idioma/CPN192" status="PASSED">
         <system-out><![CDATA[2023-06-27 14:40:43 - [TEST_CASE][PASSED] - Test Cases/Parte2/Ajustes/Cuenta/Idioma/CPN192: Test Cases/Parte2/Ajustes/Cuenta/Idioma/CPN192

2023-06-27 14:40:43 - [TEST_STEP][PASSED] - tap(findTestObject("Parte2/Ajustes cuenta/Cuenta/Idioma/android.widget.TextView - Espaol"), 0): Tapped on element 'Object Repository/Parte2/Ajustes cuenta/Cuenta/Idioma/android.widget.TextView - Espaol'

2023-06-27 14:40:43 - [MESSAGE][WARNING] - Timeout '0' is invalid. Using default page load timeout: '30'

2023-06-27 14:40:44 - [MESSAGE][PASSED] - Tapped on element 'Object Repository/Parte2/Ajustes cuenta/Cuenta/Idioma/android.widget.TextView - Espaol'

2023-06-27 14:40:44 - [TEST_STEP][PASSED] - verifyElementExist(findTestObject("Parte2/Ajustes cuenta/Cuenta/Idioma/android.view.ViewGroup (1)"), 0): Element 'Object Repository/Parte2/Ajustes cuenta/Cuenta/Idioma/android.view.ViewGroup (1)' is exist

2023-06-27 14:40:44 - [MESSAGE][WARNING] - Timeout '0' is invalid. Using default page load timeout: '30'

2023-06-27 14:40:45 - [MESSAGE][PASSED] - Element 'Object Repository/Parte2/Ajustes cuenta/Cuenta/Idioma/android.view.ViewGroup (1)' is exist]]></system-out>
         <system-err><![CDATA[]]></system-err>
      </testcase>
      <testcase name="Test Cases/Parte2/Ajustes/Cuenta/Recuperar Cuenta/CPN193" time="12.008" classname="Test Cases/Parte2/Ajustes/Cuenta/Recuperar Cuenta/CPN193" status="PASSED">
         <system-out><![CDATA[2023-06-27 14:40:45 - [TEST_CASE][PASSED] - Test Cases/Parte2/Ajustes/Cuenta/Recuperar Cuenta/CPN193: Test Cases/Parte2/Ajustes/Cuenta/Recuperar Cuenta/CPN193

2023-06-27 14:40:46 - [TEST_STEP][PASSED] - tap(findTestObject("Parte2/Ajustes cuenta/Cuenta/Recuperar Cuenta/android.widget.TextView - Recuperar Cuenta"), 0): Tapped on element 'Object Repository/Parte2/Ajustes cuenta/Cuenta/Recuperar Cuenta/android.widget.TextView - Recuperar Cuenta'

2023-06-27 14:40:46 - [MESSAGE][WARNING] - Timeout '0' is invalid. Using default page load timeout: '30'

2023-06-27 14:40:46 - [MESSAGE][PASSED] - Tapped on element 'Object Repository/Parte2/Ajustes cuenta/Cuenta/Recuperar Cuenta/android.widget.TextView - Recuperar Cuenta'

2023-06-27 14:40:46 - [TEST_STEP][PASSED] - tap(findTestObject("Parte2/Ajustes cuenta/Cuenta/Recuperar Cuenta/android.widget.TextView - trminos, condiciones y polticas de privacidad"), 0): Tapped on element 'Object Repository/Parte2/Ajustes cuenta/Cuenta/Recuperar Cuenta/android.widget.TextView - trminos, condiciones y polticas de privacidad'

2023-06-27 14:40:46 - [MESSAGE][WARNING] - Timeout '0' is invalid. Using default page load timeout: '30'

2023-06-27 14:40:47 - [MESSAGE][PASSED] - Tapped on element 'Object Repository/Parte2/Ajustes cuenta/Cuenta/Recuperar Cuenta/android.widget.TextView - trminos, condiciones y polticas de privacidad'

2023-06-27 14:40:47 - [TEST_STEP][PASSED] - delay(10, STOP_ON_FAILURE): Delayed 10 second(s)

2023-06-27 14:40:57 - [MESSAGE][PASSED] - Delayed 10 second(s)

2023-06-27 14:40:57 - [TEST_STEP][PASSED] - verifyElementExist(findTestObject("Parte2/Ajustes cuenta/Cuenta/Recuperar Cuenta/android.widget.TextView - Trminos, condiciones y polticas de privacidad de datos de la app Napoleon chat"), 0): Element 'Object Repository/Parte2/Ajustes cuenta/Cuenta/Recuperar Cuenta/android.widget.TextView - Trminos, condiciones y polticas de privacidad de datos de la app Napoleon chat' is exist

2023-06-27 14:40:57 - [MESSAGE][WARNING] - Timeout '0' is invalid. Using default page load timeout: '30'

2023-06-27 14:40:57 - [MESSAGE][PASSED] - Element 'Object Repository/Parte2/Ajustes cuenta/Cuenta/Recuperar Cuenta/android.widget.TextView - Trminos, condiciones y polticas de privacidad de datos de la app Napoleon chat' is exist

2023-06-27 14:40:57 - [TEST_STEP][PASSED] - pressBack(): Press back button successfully

2023-06-27 14:40:57 - [MESSAGE][PASSED] - Press back button successfully]]></system-out>
         <system-err><![CDATA[]]></system-err>
      </testcase>
      <testcase name="Test Cases/Parte2/Ajustes/Cuenta/Recuperar Cuenta/CPN194" time="35.456" classname="Test Cases/Parte2/Ajustes/Cuenta/Recuperar Cuenta/CPN194" status="PASSED">
         <system-out><![CDATA[2023-06-27 14:40:57 - [TEST_CASE][PASSED] - Test Cases/Parte2/Ajustes/Cuenta/Recuperar Cuenta/CPN194: Test Cases/Parte2/Ajustes/Cuenta/Recuperar Cuenta/CPN194

2023-06-27 14:40:58 - [TEST_STEP][PASSED] - toggleWifi("off", STOP_ON_FAILURE): Toggled wifi

2023-06-27 14:40:59 - [MESSAGE][PASSED] - Toggled wifi

2023-06-27 14:40:59 - [TEST_STEP][PASSED] - delay(10, STOP_ON_FAILURE): Delayed 10 second(s)

2023-06-27 14:41:09 - [MESSAGE][PASSED] - Delayed 10 second(s)

2023-06-27 14:41:09 - [TEST_STEP][PASSED] - tap(findTestObject("Parte2/Ajustes cuenta/Cuenta/Recuperar Cuenta/android.widget.Button - Registrar"), 0): Tapped on element 'Object Repository/Parte2/Ajustes cuenta/Cuenta/Recuperar Cuenta/android.widget.Button - Registrar'

2023-06-27 14:41:09 - [MESSAGE][WARNING] - Timeout '0' is invalid. Using default page load timeout: '30'

2023-06-27 14:41:09 - [MESSAGE][PASSED] - Tapped on element 'Object Repository/Parte2/Ajustes cuenta/Cuenta/Recuperar Cuenta/android.widget.Button - Registrar'

2023-06-27 14:41:09 - [TEST_STEP][PASSED] - verifyElementExist(findTestObject("Parte2/Ajustes cuenta/Cuenta/Recuperar Cuenta/android.view.ViewGroup"), 0): Element 'Object Repository/Parte2/Ajustes cuenta/Cuenta/Recuperar Cuenta/android.view.ViewGroup' is exist

2023-06-27 14:41:09 - [MESSAGE][WARNING] - Timeout '0' is invalid. Using default page load timeout: '30'

2023-06-27 14:41:10 - [MESSAGE][PASSED] - Element 'Object Repository/Parte2/Ajustes cuenta/Cuenta/Recuperar Cuenta/android.view.ViewGroup' is exist

2023-06-27 14:41:10 - [TEST_STEP][PASSED] - tap(findTestObject("Parte2/Ajustes cuenta/Cuenta/Recuperar Cuenta/android.widget.Button - Cancelar"), 0): Tapped on element 'Object Repository/Parte2/Ajustes cuenta/Cuenta/Recuperar Cuenta/android.widget.Button - Cancelar'

2023-06-27 14:41:10 - [MESSAGE][WARNING] - Timeout '0' is invalid. Using default page load timeout: '30'

2023-06-27 14:41:10 - [MESSAGE][PASSED] - Tapped on element 'Object Repository/Parte2/Ajustes cuenta/Cuenta/Recuperar Cuenta/android.widget.Button - Cancelar'

2023-06-27 14:41:10 - [TEST_STEP][PASSED] - verifyElementExist(findTestObject("Parte2/Ajustes cuenta/Cuenta/Recuperar Cuenta/android.view.ViewGroup (2)"), 0): Element 'Object Repository/Parte2/Ajustes cuenta/Cuenta/Recuperar Cuenta/android.view.ViewGroup (2)' is exist

2023-06-27 14:41:10 - [MESSAGE][WARNING] - Timeout '0' is invalid. Using default page load timeout: '30'

2023-06-27 14:41:11 - [MESSAGE][PASSED] - Element 'Object Repository/Parte2/Ajustes cuenta/Cuenta/Recuperar Cuenta/android.view.ViewGroup (2)' is exist

2023-06-27 14:41:11 - [TEST_STEP][PASSED] - tap(findTestObject("Parte2/Ajustes cuenta/Cuenta/Recuperar Cuenta/android.widget.Button - Confirmar"), 0): Tapped on element 'Object Repository/Parte2/Ajustes cuenta/Cuenta/Recuperar Cuenta/android.widget.Button - Confirmar'

2023-06-27 14:41:11 - [MESSAGE][WARNING] - Timeout '0' is invalid. Using default page load timeout: '30'

2023-06-27 14:41:12 - [MESSAGE][PASSED] - Tapped on element 'Object Repository/Parte2/Ajustes cuenta/Cuenta/Recuperar Cuenta/android.widget.Button - Confirmar'

2023-06-27 14:41:12 - [TEST_STEP][PASSED] - toggleWifi("on", STOP_ON_FAILURE): Toggled wifi

2023-06-27 14:41:13 - [MESSAGE][PASSED] - Toggled wifi

2023-06-27 14:41:13 - [TEST_STEP][PASSED] - delay(20): Delayed 20 second(s)

2023-06-27 14:41:33 - [MESSAGE][PASSED] - Delayed 20 second(s)]]></system-out>
         <system-err><![CDATA[]]></system-err>
      </testcase>
      <testcase name="Test Cases/Parte2/Ajustes/Cuenta/Recuperar Cuenta/CPN195" time="16.292" classname="Test Cases/Parte2/Ajustes/Cuenta/Recuperar Cuenta/CPN195" status="PASSED">
         <system-out><![CDATA[2023-06-27 14:41:33 - [TEST_CASE][PASSED] - Test Cases/Parte2/Ajustes/Cuenta/Recuperar Cuenta/CPN195: Test Cases/Parte2/Ajustes/Cuenta/Recuperar Cuenta/CPN195

2023-06-27 14:41:33 - [TEST_STEP][PASSED] - tap(findTestObject("Parte2/Ajustes cuenta/Cuenta/Recuperar Cuenta/android.widget.Button - Registrar (1)"), 0): Tapped on element 'Object Repository/Parte2/Ajustes cuenta/Cuenta/Recuperar Cuenta/android.widget.Button - Registrar (1)'

2023-06-27 14:41:33 - [MESSAGE][WARNING] - Timeout '0' is invalid. Using default page load timeout: '30'

2023-06-27 14:41:33 - [MESSAGE][PASSED] - Tapped on element 'Object Repository/Parte2/Ajustes cuenta/Cuenta/Recuperar Cuenta/android.widget.Button - Registrar (1)'

2023-06-27 14:41:33 - [TEST_STEP][PASSED] - tap(findTestObject("Parte2/Ajustes cuenta/Cuenta/Recuperar Cuenta/android.widget.TextView - Elige una pregunta"), 0): Tapped on element 'Object Repository/Parte2/Ajustes cuenta/Cuenta/Recuperar Cuenta/android.widget.TextView - Elige una pregunta'

2023-06-27 14:41:33 - [MESSAGE][WARNING] - Timeout '0' is invalid. Using default page load timeout: '30'

2023-06-27 14:41:35 - [MESSAGE][PASSED] - Tapped on element 'Object Repository/Parte2/Ajustes cuenta/Cuenta/Recuperar Cuenta/android.widget.TextView - Elige una pregunta'

2023-06-27 14:41:35 - [TEST_STEP][PASSED] - tap(findTestObject("Parte2/Ajustes cuenta/Cuenta/Recuperar Cuenta/android.widget.TextView - Cul es el mes de nacimiento de tu padre"), 0): Tapped on element 'Object Repository/Parte2/Ajustes cuenta/Cuenta/Recuperar Cuenta/android.widget.TextView - Cul es el mes de nacimiento de tu padre'

2023-06-27 14:41:35 - [MESSAGE][WARNING] - Timeout '0' is invalid. Using default page load timeout: '30'

2023-06-27 14:41:36 - [MESSAGE][PASSED] - Tapped on element 'Object Repository/Parte2/Ajustes cuenta/Cuenta/Recuperar Cuenta/android.widget.TextView - Cul es el mes de nacimiento de tu padre'

2023-06-27 14:41:36 - [TEST_STEP][PASSED] - setText(findTestObject("Parte2/Ajustes cuenta/Cuenta/Recuperar Cuenta/android.widget.EditText - Respuesta"), "test1", 0): Text 'test1' has been set to element 'Object Repository/Parte2/Ajustes cuenta/Cuenta/Recuperar Cuenta/android.widget.EditText - Respuesta'

2023-06-27 14:41:36 - [MESSAGE][WARNING] - Timeout '0' is invalid. Using default page load timeout: '30'

2023-06-27 14:41:38 - [MESSAGE][PASSED] - Text 'test1' has been set to element 'Object Repository/Parte2/Ajustes cuenta/Cuenta/Recuperar Cuenta/android.widget.EditText - Respuesta'

2023-06-27 14:41:38 - [TEST_STEP][PASSED] - tap(findTestObject("Parte2/Ajustes cuenta/Cuenta/Recuperar Cuenta/android.widget.Button - Siguiente (1)"), 0): Tapped on element 'Object Repository/Parte2/Ajustes cuenta/Cuenta/Recuperar Cuenta/android.widget.Button - Siguiente (1)'

2023-06-27 14:41:38 - [MESSAGE][WARNING] - Timeout '0' is invalid. Using default page load timeout: '30'

2023-06-27 14:41:38 - [MESSAGE][PASSED] - Tapped on element 'Object Repository/Parte2/Ajustes cuenta/Cuenta/Recuperar Cuenta/android.widget.Button - Siguiente (1)'

2023-06-27 14:41:38 - [TEST_STEP][PASSED] - tap(findTestObject("Parte2/Ajustes cuenta/Cuenta/Recuperar Cuenta/android.widget.TextView - Elige una pregunta"), 0): Tapped on element 'Object Repository/Parte2/Ajustes cuenta/Cuenta/Recuperar Cuenta/android.widget.TextView - Elige una pregunta'

2023-06-27 14:41:38 - [MESSAGE][WARNING] - Timeout '0' is invalid. Using default page load timeout: '30'

2023-06-27 14:41:39 - [MESSAGE][PASSED] - Tapped on element 'Object Repository/Parte2/Ajustes cuenta/Cuenta/Recuperar Cuenta/android.widget.TextView - Elige una pregunta'

2023-06-27 14:41:39 - [TEST_STEP][PASSED] - tap(findTestObject("Parte2/Ajustes cuenta/Cuenta/Recuperar Cuenta/android.widget.TextView - Cul es la marca de tu computador"), 0): Tapped on element 'Object Repository/Parte2/Ajustes cuenta/Cuenta/Recuperar Cuenta/android.widget.TextView - Cul es la marca de tu computador'

2023-06-27 14:41:39 - [MESSAGE][WARNING] - Timeout '0' is invalid. Using default page load timeout: '30'

2023-06-27 14:41:41 - [MESSAGE][PASSED] - Tapped on element 'Object Repository/Parte2/Ajustes cuenta/Cuenta/Recuperar Cuenta/android.widget.TextView - Cul es la marca de tu computador'

2023-06-27 14:41:41 - [TEST_STEP][PASSED] - setText(findTestObject("Parte2/Ajustes cuenta/Cuenta/Recuperar Cuenta/android.widget.EditText - Respuesta (1)"), "test2", 0): Text 'test2' has been set to element 'Object Repository/Parte2/Ajustes cuenta/Cuenta/Recuperar Cuenta/android.widget.EditText - Respuesta (1)'

2023-06-27 14:41:41 - [MESSAGE][WARNING] - Timeout '0' is invalid. Using default page load timeout: '30'

2023-06-27 14:41:42 - [MESSAGE][PASSED] - Text 'test2' has been set to element 'Object Repository/Parte2/Ajustes cuenta/Cuenta/Recuperar Cuenta/android.widget.EditText - Respuesta (1)'

2023-06-27 14:41:42 - [TEST_STEP][PASSED] - tap(findTestObject("Parte2/Ajustes cuenta/Cuenta/Recuperar Cuenta/android.widget.Button - Siguiente (1)"), 0): Tapped on element 'Object Repository/Parte2/Ajustes cuenta/Cuenta/Recuperar Cuenta/android.widget.Button - Siguiente (1)'

2023-06-27 14:41:42 - [MESSAGE][WARNING] - Timeout '0' is invalid. Using default page load timeout: '30'

2023-06-27 14:41:43 - [MESSAGE][PASSED] - Tapped on element 'Object Repository/Parte2/Ajustes cuenta/Cuenta/Recuperar Cuenta/android.widget.Button - Siguiente (1)'

2023-06-27 14:41:43 - [TEST_STEP][PASSED] - tap(findTestObject("Parte2/Ajustes cuenta/Cuenta/Recuperar Cuenta/android.widget.TextView - Elige una pregunta (1)"), 0): Tapped on element 'Object Repository/Parte2/Ajustes cuenta/Cuenta/Recuperar Cuenta/android.widget.TextView - Elige una pregunta (1)'

2023-06-27 14:41:43 - [MESSAGE][WARNING] - Timeout '0' is invalid. Using default page load timeout: '30'

2023-06-27 14:41:44 - [MESSAGE][PASSED] - Tapped on element 'Object Repository/Parte2/Ajustes cuenta/Cuenta/Recuperar Cuenta/android.widget.TextView - Elige una pregunta (1)'

2023-06-27 14:41:44 - [TEST_STEP][PASSED] - tap(findTestObject("Parte2/Ajustes cuenta/Cuenta/Recuperar Cuenta/android.widget.TextView - Cul es tu profesin"), 0): Tapped on element 'Object Repository/Parte2/Ajustes cuenta/Cuenta/Recuperar Cuenta/android.widget.TextView - Cul es tu profesin'

2023-06-27 14:41:44 - [MESSAGE][WARNING] - Timeout '0' is invalid. Using default page load timeout: '30'

2023-06-27 14:41:45 - [MESSAGE][PASSED] - Tapped on element 'Object Repository/Parte2/Ajustes cuenta/Cuenta/Recuperar Cuenta/android.widget.TextView - Cul es tu profesin'

2023-06-27 14:41:45 - [TEST_STEP][PASSED] - setText(findTestObject("Parte2/Ajustes cuenta/Cuenta/Recuperar Cuenta/android.widget.EditText - Respuesta (1)"), "test3", 0): Text 'test3' has been set to element 'Object Repository/Parte2/Ajustes cuenta/Cuenta/Recuperar Cuenta/android.widget.EditText - Respuesta (1)'

2023-06-27 14:41:45 - [MESSAGE][WARNING] - Timeout '0' is invalid. Using default page load timeout: '30'

2023-06-27 14:41:47 - [MESSAGE][PASSED] - Text 'test3' has been set to element 'Object Repository/Parte2/Ajustes cuenta/Cuenta/Recuperar Cuenta/android.widget.EditText - Respuesta (1)'

2023-06-27 14:41:47 - [TEST_STEP][PASSED] - scrollToText("Finalizar", STOP_ON_FAILURE): Scrolling to text 'Finalizar' successfully

2023-06-27 14:41:47 - [MESSAGE][PASSED] - Scrolling to text 'Finalizar' successfully

2023-06-27 14:41:47 - [TEST_STEP][PASSED] - tap(findTestObject("Parte2/Ajustes cuenta/Cuenta/Recuperar Cuenta/android.widget.Button - Finalizar"), 0): Tapped on element 'Object Repository/Parte2/Ajustes cuenta/Cuenta/Recuperar Cuenta/android.widget.Button - Finalizar'

2023-06-27 14:41:47 - [MESSAGE][WARNING] - Timeout '0' is invalid. Using default page load timeout: '30'

2023-06-27 14:41:48 - [MESSAGE][PASSED] - Tapped on element 'Object Repository/Parte2/Ajustes cuenta/Cuenta/Recuperar Cuenta/android.widget.Button - Finalizar'

2023-06-27 14:41:48 - [TEST_STEP][PASSED] - verifyElementText(findTestObject("Parte2/Ajustes cuenta/Cuenta/Recuperar Cuenta/android.widget.Button - Editar"), "Editar"): Actual text and expected text of test object 'Object Repository/Parte2/Ajustes cuenta/Cuenta/Recuperar Cuenta/android.widget.Button - Editar' are matched.

2023-06-27 14:41:49 - [MESSAGE][PASSED] - Actual text and expected text of test object 'Object Repository/Parte2/Ajustes cuenta/Cuenta/Recuperar Cuenta/android.widget.Button - Editar' are matched.]]></system-out>
         <system-err><![CDATA[]]></system-err>
      </testcase>
      <testcase name="Test Cases/Parte2/Ajustes/Cuenta/Recuperar Cuenta/CPN196" time="1.048" classname="Test Cases/Parte2/Ajustes/Cuenta/Recuperar Cuenta/CPN196" status="PASSED">
         <system-out><![CDATA[2023-06-27 14:41:49 - [TEST_CASE][PASSED] - Test Cases/Parte2/Ajustes/Cuenta/Recuperar Cuenta/CPN196: Test Cases/Parte2/Ajustes/Cuenta/Recuperar Cuenta/CPN196

2023-06-27 14:41:49 - [TEST_STEP][PASSED] - tap(findTestObject("Parte2/Ajustes cuenta/Cuenta/Recuperar Cuenta/android.widget.Button - Editar"), 0): Tapped on element 'Object Repository/Parte2/Ajustes cuenta/Cuenta/Recuperar Cuenta/android.widget.Button - Editar'

2023-06-27 14:41:49 - [MESSAGE][WARNING] - Timeout '0' is invalid. Using default page load timeout: '30'

2023-06-27 14:41:50 - [MESSAGE][PASSED] - Tapped on element 'Object Repository/Parte2/Ajustes cuenta/Cuenta/Recuperar Cuenta/android.widget.Button - Editar'

2023-06-27 14:41:50 - [TEST_STEP][PASSED] - verifyElementExist(findTestObject("Parte2/Ajustes cuenta/Cuenta/Recuperar Cuenta/android.view.ViewGroup (3)"), 0): Element 'Object Repository/Parte2/Ajustes cuenta/Cuenta/Recuperar Cuenta/android.view.ViewGroup (3)' is exist

2023-06-27 14:41:50 - [MESSAGE][WARNING] - Timeout '0' is invalid. Using default page load timeout: '30'

2023-06-27 14:41:50 - [MESSAGE][PASSED] - Element 'Object Repository/Parte2/Ajustes cuenta/Cuenta/Recuperar Cuenta/android.view.ViewGroup (3)' is exist]]></system-out>
         <system-err><![CDATA[]]></system-err>
      </testcase>
      <testcase name="Test Cases/Parte2/Ajustes/Cuenta/Recuperar Cuenta/CPN197" time="0.456" classname="Test Cases/Parte2/Ajustes/Cuenta/Recuperar Cuenta/CPN197" status="PASSED">
         <system-out><![CDATA[2023-06-27 14:41:50 - [TEST_CASE][PASSED] - Test Cases/Parte2/Ajustes/Cuenta/Recuperar Cuenta/CPN197: Test Cases/Parte2/Ajustes/Cuenta/Recuperar Cuenta/CPN197

2023-06-27 14:41:50 - [TEST_STEP][PASSED] - tap(findTestObject("Parte2/Ajustes cuenta/Cuenta/Recuperar Cuenta/android.widget.Button - Cancelar"), 0): Tapped on element 'Object Repository/Parte2/Ajustes cuenta/Cuenta/Recuperar Cuenta/android.widget.Button - Cancelar'

2023-06-27 14:41:50 - [MESSAGE][WARNING] - Timeout '0' is invalid. Using default page load timeout: '30'

2023-06-27 14:41:51 - [MESSAGE][PASSED] - Tapped on element 'Object Repository/Parte2/Ajustes cuenta/Cuenta/Recuperar Cuenta/android.widget.Button - Cancelar']]></system-out>
         <system-err><![CDATA[]]></system-err>
      </testcase>
      <testcase name="Test Cases/Parte2/Ajustes/Cuenta/Recuperar Cuenta/CPN198" time="3.597" classname="Test Cases/Parte2/Ajustes/Cuenta/Recuperar Cuenta/CPN198" status="PASSED">
         <system-out><![CDATA[2023-06-27 14:41:51 - [TEST_CASE][PASSED] - Test Cases/Parte2/Ajustes/Cuenta/Recuperar Cuenta/CPN198: Test Cases/Parte2/Ajustes/Cuenta/Recuperar Cuenta/CPN198

2023-06-27 14:41:51 - [TEST_STEP][PASSED] - tap(findTestObject("Parte2/Ajustes cuenta/Cuenta/Recuperar Cuenta/android.widget.Button - Editar"), 0): Tapped on element 'Object Repository/Parte2/Ajustes cuenta/Cuenta/Recuperar Cuenta/android.widget.Button - Editar'

2023-06-27 14:41:51 - [MESSAGE][WARNING] - Timeout '0' is invalid. Using default page load timeout: '30'

2023-06-27 14:41:52 - [MESSAGE][PASSED] - Tapped on element 'Object Repository/Parte2/Ajustes cuenta/Cuenta/Recuperar Cuenta/android.widget.Button - Editar'

2023-06-27 14:41:52 - [TEST_STEP][PASSED] - tap(findTestObject("Parte2/Ajustes cuenta/Cuenta/Recuperar Cuenta/android.widget.Button - Aceptar"), 0): Tapped on element 'Object Repository/Parte2/Ajustes cuenta/Cuenta/Recuperar Cuenta/android.widget.Button - Aceptar'

2023-06-27 14:41:52 - [MESSAGE][WARNING] - Timeout '0' is invalid. Using default page load timeout: '30'

2023-06-27 14:41:53 - [MESSAGE][PASSED] - Tapped on element 'Object Repository/Parte2/Ajustes cuenta/Cuenta/Recuperar Cuenta/android.widget.Button - Aceptar'

2023-06-27 14:41:53 - [TEST_STEP][PASSED] - verifyElementExist(findTestObject("Parte2/Ajustes cuenta/Cuenta/Recuperar Cuenta/android.widget.FrameLayout (1)"), 0): Element 'Object Repository/Parte2/Ajustes cuenta/Cuenta/Recuperar Cuenta/android.widget.FrameLayout (1)' is exist

2023-06-27 14:41:53 - [MESSAGE][WARNING] - Timeout '0' is invalid. Using default page load timeout: '30'

2023-06-27 14:41:54 - [MESSAGE][PASSED] - Element 'Object Repository/Parte2/Ajustes cuenta/Cuenta/Recuperar Cuenta/android.widget.FrameLayout (1)' is exist]]></system-out>
         <system-err><![CDATA[]]></system-err>
      </testcase>
      <testcase name="Test Cases/Parte2/Ajustes/Cuenta/Recuperar Cuenta/CPN199" time="0.438" classname="Test Cases/Parte2/Ajustes/Cuenta/Recuperar Cuenta/CPN199" status="PASSED">
         <system-out><![CDATA[2023-06-27 14:41:54 - [TEST_CASE][PASSED] - Test Cases/Parte2/Ajustes/Cuenta/Recuperar Cuenta/CPN199: Test Cases/Parte2/Ajustes/Cuenta/Recuperar Cuenta/CPN199

2023-06-27 14:41:54 - [TEST_STEP][PASSED] - tap(findTestObject("Parte2/Ajustes cuenta/Cuenta/Recuperar Cuenta/android.widget.Button - Siguiente"), 0): Tapped on element 'Object Repository/Parte2/Ajustes cuenta/Cuenta/Recuperar Cuenta/android.widget.Button - Siguiente'

2023-06-27 14:41:54 - [MESSAGE][WARNING] - Timeout '0' is invalid. Using default page load timeout: '30'

2023-06-27 14:41:55 - [MESSAGE][PASSED] - Tapped on element 'Object Repository/Parte2/Ajustes cuenta/Cuenta/Recuperar Cuenta/android.widget.Button - Siguiente']]></system-out>
         <system-err><![CDATA[]]></system-err>
      </testcase>
      <testcase name="Test Cases/cpn198.1" time="8.203" classname="Test Cases/cpn198.1" status="PASSED">
         <system-out><![CDATA[2023-06-27 14:41:55 - [TEST_CASE][PASSED] - Test Cases/cpn198.1: Test Cases/cpn198.1

2023-06-27 14:41:55 - [TEST_STEP][PASSED] - delay(8, CONTINUE_ON_FAILURE): Delayed 8 second(s)

2023-06-27 14:42:03 - [MESSAGE][PASSED] - Delayed 8 second(s)]]></system-out>
         <system-err><![CDATA[]]></system-err>
      </testcase>
      <testcase name="Test Cases/Parte2/Ajustes/Cuenta/Recuperar Cuenta/CPN200" time="3.355" classname="Test Cases/Parte2/Ajustes/Cuenta/Recuperar Cuenta/CPN200" status="PASSED">
         <system-out><![CDATA[2023-06-27 14:42:03 - [TEST_CASE][PASSED] - Test Cases/Parte2/Ajustes/Cuenta/Recuperar Cuenta/CPN200: Test Cases/Parte2/Ajustes/Cuenta/Recuperar Cuenta/CPN200

2023-06-27 14:42:03 - [TEST_STEP][PASSED] - tap(findTestObject("Parte2/Ajustes cuenta/Cuenta/Recuperar Cuenta/android.widget.TextView - Elige una pregunta"), 0): Tapped on element 'Object Repository/Parte2/Ajustes cuenta/Cuenta/Recuperar Cuenta/android.widget.TextView - Elige una pregunta'

2023-06-27 14:42:03 - [MESSAGE][WARNING] - Timeout '0' is invalid. Using default page load timeout: '30'

2023-06-27 14:42:03 - [MESSAGE][PASSED] - Tapped on element 'Object Repository/Parte2/Ajustes cuenta/Cuenta/Recuperar Cuenta/android.widget.TextView - Elige una pregunta'

2023-06-27 14:42:03 - [TEST_STEP][PASSED] - tap(findTestObject("Parte2/Ajustes cuenta/Cuenta/Recuperar Cuenta/android.widget.TextView - Cul es tu tipo de comida favorita"), 0): Tapped on element 'Object Repository/Parte2/Ajustes cuenta/Cuenta/Recuperar Cuenta/android.widget.TextView - Cul es tu tipo de comida favorita'

2023-06-27 14:42:03 - [MESSAGE][WARNING] - Timeout '0' is invalid. Using default page load timeout: '30'

2023-06-27 14:42:05 - [MESSAGE][PASSED] - Tapped on element 'Object Repository/Parte2/Ajustes cuenta/Cuenta/Recuperar Cuenta/android.widget.TextView - Cul es tu tipo de comida favorita'

2023-06-27 14:42:05 - [TEST_STEP][PASSED] - tap(findTestObject("Parte2/Ajustes cuenta/Cuenta/Recuperar Cuenta/android.widget.Button - Siguiente"), 0): Tapped on element 'Object Repository/Parte2/Ajustes cuenta/Cuenta/Recuperar Cuenta/android.widget.Button - Siguiente'

2023-06-27 14:42:05 - [MESSAGE][WARNING] - Timeout '0' is invalid. Using default page load timeout: '30'

2023-06-27 14:42:05 - [MESSAGE][PASSED] - Tapped on element 'Object Repository/Parte2/Ajustes cuenta/Cuenta/Recuperar Cuenta/android.widget.Button - Siguiente'

2023-06-27 14:42:05 - [TEST_STEP][PASSED] - verifyElementText(findTestObject("Parte2/Ajustes cuenta/Cuenta/Recuperar Cuenta/android.widget.TextView - El campo no puede estar vaco"), "El campo no puede estar vacío"): Actual text and expected text of test object 'Object Repository/Parte2/Ajustes cuenta/Cuenta/Recuperar Cuenta/android.widget.TextView - El campo no puede estar vaco' are matched.

2023-06-27 14:42:06 - [MESSAGE][PASSED] - Actual text and expected text of test object 'Object Repository/Parte2/Ajustes cuenta/Cuenta/Recuperar Cuenta/android.widget.TextView - El campo no puede estar vaco' are matched.]]></system-out>
         <system-err><![CDATA[]]></system-err>
      </testcase>
      <testcase name="Test Cases/Parte2/Ajustes/Cuenta/Recuperar Cuenta/CPN201" time="1.08" classname="Test Cases/Parte2/Ajustes/Cuenta/Recuperar Cuenta/CPN201" status="PASSED">
         <system-out><![CDATA[2023-06-27 14:42:06 - [TEST_CASE][PASSED] - Test Cases/Parte2/Ajustes/Cuenta/Recuperar Cuenta/CPN201: Test Cases/Parte2/Ajustes/Cuenta/Recuperar Cuenta/CPN201

2023-06-27 14:42:06 - [TEST_STEP][PASSED] - tap(findTestObject("Parte2/Ajustes cuenta/Cuenta/Recuperar Cuenta/android.widget.Button - Cancelar"), 0): Tapped on element 'Object Repository/Parte2/Ajustes cuenta/Cuenta/Recuperar Cuenta/android.widget.Button - Cancelar'

2023-06-27 14:42:07 - [MESSAGE][WARNING] - Timeout '0' is invalid. Using default page load timeout: '30'

2023-06-27 14:42:07 - [MESSAGE][PASSED] - Tapped on element 'Object Repository/Parte2/Ajustes cuenta/Cuenta/Recuperar Cuenta/android.widget.Button - Cancelar'

2023-06-27 14:42:07 - [TEST_STEP][PASSED] - verifyElementExist(findTestObject("Parte2/Ajustes cuenta/Cuenta/Recuperar Cuenta/android.view.ViewGroup (3)"), 0): Element 'Object Repository/Parte2/Ajustes cuenta/Cuenta/Recuperar Cuenta/android.view.ViewGroup (3)' is exist

2023-06-27 14:42:07 - [MESSAGE][WARNING] - Timeout '0' is invalid. Using default page load timeout: '30'

2023-06-27 14:42:07 - [MESSAGE][PASSED] - Element 'Object Repository/Parte2/Ajustes cuenta/Cuenta/Recuperar Cuenta/android.view.ViewGroup (3)' is exist]]></system-out>
         <system-err><![CDATA[]]></system-err>
      </testcase>
      <testcase name="Test Cases/Parte2/Ajustes/Cuenta/Recuperar Cuenta/CPN202" time="0.43" classname="Test Cases/Parte2/Ajustes/Cuenta/Recuperar Cuenta/CPN202" status="PASSED">
         <system-out><![CDATA[2023-06-27 14:42:07 - [TEST_CASE][PASSED] - Test Cases/Parte2/Ajustes/Cuenta/Recuperar Cuenta/CPN202: Test Cases/Parte2/Ajustes/Cuenta/Recuperar Cuenta/CPN202

2023-06-27 14:42:08 - [TEST_STEP][PASSED] - tap(findTestObject("Parte2/Ajustes cuenta/Cuenta/Recuperar Cuenta/android.widget.Button - Cerrar"), 0): Tapped on element 'Object Repository/Parte2/Ajustes cuenta/Cuenta/Recuperar Cuenta/android.widget.Button - Cerrar'

2023-06-27 14:42:08 - [MESSAGE][WARNING] - Timeout '0' is invalid. Using default page load timeout: '30'

2023-06-27 14:42:08 - [MESSAGE][PASSED] - Tapped on element 'Object Repository/Parte2/Ajustes cuenta/Cuenta/Recuperar Cuenta/android.widget.Button - Cerrar']]></system-out>
         <system-err><![CDATA[]]></system-err>
      </testcase>
      <testcase name="Test Cases/Parte2/Ajustes/Cuenta/Recuperar Cuenta/CPN203" time="2.482" classname="Test Cases/Parte2/Ajustes/Cuenta/Recuperar Cuenta/CPN203" status="PASSED">
         <system-out><![CDATA[2023-06-27 14:42:08 - [TEST_CASE][PASSED] - Test Cases/Parte2/Ajustes/Cuenta/Recuperar Cuenta/CPN203: Test Cases/Parte2/Ajustes/Cuenta/Recuperar Cuenta/CPN203

2023-06-27 14:42:08 - [TEST_STEP][PASSED] - tap(findTestObject("Parte2/Ajustes cuenta/Cuenta/Recuperar Cuenta/android.widget.Button - Cancelar"), 0): Tapped on element 'Object Repository/Parte2/Ajustes cuenta/Cuenta/Recuperar Cuenta/android.widget.Button - Cancelar'

2023-06-27 14:42:08 - [MESSAGE][WARNING] - Timeout '0' is invalid. Using default page load timeout: '30'

2023-06-27 14:42:09 - [MESSAGE][PASSED] - Tapped on element 'Object Repository/Parte2/Ajustes cuenta/Cuenta/Recuperar Cuenta/android.widget.Button - Cancelar'

2023-06-27 14:42:09 - [TEST_STEP][PASSED] - tap(findTestObject("Parte2/Ajustes cuenta/Cuenta/Recuperar Cuenta/android.widget.Button - Confirmar (1)"), 0): Tapped on element 'Object Repository/Parte2/Ajustes cuenta/Cuenta/Recuperar Cuenta/android.widget.Button - Confirmar (1)'

2023-06-27 14:42:09 - [MESSAGE][WARNING] - Timeout '0' is invalid. Using default page load timeout: '30'

2023-06-27 14:42:10 - [MESSAGE][PASSED] - Tapped on element 'Object Repository/Parte2/Ajustes cuenta/Cuenta/Recuperar Cuenta/android.widget.Button - Confirmar (1)'

2023-06-27 14:42:10 - [TEST_STEP][PASSED] - verifyElementText(findTestObject("Parte2/Ajustes cuenta/Cuenta/Recuperar Cuenta/android.widget.Button - Editar"), "Editar"): Actual text and expected text of test object 'Object Repository/Parte2/Ajustes cuenta/Cuenta/Recuperar Cuenta/android.widget.Button - Editar' are matched.

2023-06-27 14:42:10 - [MESSAGE][PASSED] - Actual text and expected text of test object 'Object Repository/Parte2/Ajustes cuenta/Cuenta/Recuperar Cuenta/android.widget.Button - Editar' are matched.

2023-06-27 14:42:10 - [TEST_STEP][PASSED] - tap(findTestObject("Parte2/Ajustes cuenta/Cuenta/Recuperar Cuenta/android.widget.ImageButton"), 0): Tapped on element 'Object Repository/Parte2/Ajustes cuenta/Cuenta/Recuperar Cuenta/android.widget.ImageButton'

2023-06-27 14:42:10 - [MESSAGE][WARNING] - Timeout '0' is invalid. Using default page load timeout: '30'

2023-06-27 14:42:10 - [MESSAGE][PASSED] - Tapped on element 'Object Repository/Parte2/Ajustes cuenta/Cuenta/Recuperar Cuenta/android.widget.ImageButton']]></system-out>
         <system-err><![CDATA[]]></system-err>
      </testcase>
      <testcase name="Test Cases/Parte2/Ajustes/Cuenta/Eliminar Cuenta/CPN204" time="1.444" classname="Test Cases/Parte2/Ajustes/Cuenta/Eliminar Cuenta/CPN204" status="PASSED">
         <system-out><![CDATA[2023-06-27 14:42:10 - [TEST_CASE][PASSED] - Test Cases/Parte2/Ajustes/Cuenta/Eliminar Cuenta/CPN204: Test Cases/Parte2/Ajustes/Cuenta/Eliminar Cuenta/CPN204

2023-06-27 14:42:10 - [TEST_STEP][PASSED] - tap(findTestObject("Parte2/Ajustes cuenta/Cuenta/Eliminar Cuenta/android.widget.TextView - Eliminar cuenta"), 0): Tapped on element 'Object Repository/Parte2/Ajustes cuenta/Cuenta/Eliminar Cuenta/android.widget.TextView - Eliminar cuenta'

2023-06-27 14:42:11 - [MESSAGE][WARNING] - Timeout '0' is invalid. Using default page load timeout: '30'

2023-06-27 14:42:11 - [MESSAGE][PASSED] - Tapped on element 'Object Repository/Parte2/Ajustes cuenta/Cuenta/Eliminar Cuenta/android.widget.TextView - Eliminar cuenta'

2023-06-27 14:42:11 - [TEST_STEP][PASSED] - verifyElementExist(findTestObject("Parte2/Ajustes cuenta/Cuenta/Eliminar Cuenta/android.view.ViewGroup"), 0): Element 'Object Repository/Parte2/Ajustes cuenta/Cuenta/Eliminar Cuenta/android.view.ViewGroup' is exist

2023-06-27 14:42:11 - [MESSAGE][WARNING] - Timeout '0' is invalid. Using default page load timeout: '30'

2023-06-27 14:42:12 - [MESSAGE][PASSED] - Element 'Object Repository/Parte2/Ajustes cuenta/Cuenta/Eliminar Cuenta/android.view.ViewGroup' is exist]]></system-out>
         <system-err><![CDATA[]]></system-err>
      </testcase>
      <testcase name="Test Cases/Parte2/Ajustes/Cuenta/Eliminar Cuenta/CPN205" time="0.421" classname="Test Cases/Parte2/Ajustes/Cuenta/Eliminar Cuenta/CPN205" status="PASSED">
         <system-out><![CDATA[2023-06-27 14:42:12 - [TEST_CASE][PASSED] - Test Cases/Parte2/Ajustes/Cuenta/Eliminar Cuenta/CPN205: Test Cases/Parte2/Ajustes/Cuenta/Eliminar Cuenta/CPN205

2023-06-27 14:42:12 - [TEST_STEP][PASSED] - tap(findTestObject("Parte2/Ajustes cuenta/Cuenta/Eliminar Cuenta/android.widget.Button - Cancelar"), 0): Tapped on element 'Object Repository/Parte2/Ajustes cuenta/Cuenta/Eliminar Cuenta/android.widget.Button - Cancelar'

2023-06-27 14:42:12 - [MESSAGE][WARNING] - Timeout '0' is invalid. Using default page load timeout: '30'

2023-06-27 14:42:12 - [MESSAGE][PASSED] - Tapped on element 'Object Repository/Parte2/Ajustes cuenta/Cuenta/Eliminar Cuenta/android.widget.Button - Cancelar']]></system-out>
         <system-err><![CDATA[]]></system-err>
      </testcase>
      <testcase name="Test Cases/Parte2/Ajustes/Cuenta/Eliminar Cuenta/CPN206" time="23.098" classname="Test Cases/Parte2/Ajustes/Cuenta/Eliminar Cuenta/CPN206" status="PASSED">
         <system-out><![CDATA[2023-06-27 14:42:12 - [TEST_CASE][PASSED] - Test Cases/Parte2/Ajustes/Cuenta/Eliminar Cuenta/CPN206: Test Cases/Parte2/Ajustes/Cuenta/Eliminar Cuenta/CPN206

2023-06-27 14:42:12 - [TEST_STEP][PASSED] - toggleWifi("off", STOP_ON_FAILURE): Toggled wifi

2023-06-27 14:42:13 - [MESSAGE][PASSED] - Toggled wifi

2023-06-27 14:42:13 - [TEST_STEP][PASSED] - delay(10, STOP_ON_FAILURE): Delayed 10 second(s)

2023-06-27 14:42:23 - [MESSAGE][PASSED] - Delayed 10 second(s)

2023-06-27 14:42:23 - [TEST_STEP][PASSED] - tap(findTestObject("Parte2/Ajustes cuenta/Cuenta/Eliminar Cuenta/android.widget.TextView - Eliminar cuenta"), 0): Tapped on element 'Object Repository/Parte2/Ajustes cuenta/Cuenta/Eliminar Cuenta/android.widget.TextView - Eliminar cuenta'

2023-06-27 14:42:23 - [MESSAGE][WARNING] - Timeout '0' is invalid. Using default page load timeout: '30'

2023-06-27 14:42:24 - [MESSAGE][PASSED] - Tapped on element 'Object Repository/Parte2/Ajustes cuenta/Cuenta/Eliminar Cuenta/android.widget.TextView - Eliminar cuenta'

2023-06-27 14:42:24 - [TEST_STEP][PASSED] - tap(findTestObject("Parte2/Ajustes cuenta/Cuenta/Eliminar Cuenta/android.widget.Button - Confirmar"), 0): Tapped on element 'Object Repository/Parte2/Ajustes cuenta/Cuenta/Eliminar Cuenta/android.widget.Button - Confirmar'

2023-06-27 14:42:24 - [MESSAGE][WARNING] - Timeout '0' is invalid. Using default page load timeout: '30'

2023-06-27 14:42:24 - [MESSAGE][PASSED] - Tapped on element 'Object Repository/Parte2/Ajustes cuenta/Cuenta/Eliminar Cuenta/android.widget.Button - Confirmar'

2023-06-27 14:42:24 - [TEST_STEP][PASSED] - toggleWifi("on", STOP_ON_FAILURE): Toggled wifi

2023-06-27 14:42:25 - [MESSAGE][PASSED] - Toggled wifi

2023-06-27 14:42:25 - [TEST_STEP][PASSED] - delay(10, STOP_ON_FAILURE): Delayed 10 second(s)

2023-06-27 14:42:35 - [MESSAGE][PASSED] - Delayed 10 second(s)]]></system-out>
         <system-err><![CDATA[]]></system-err>
      </testcase>
      <testcase name="Test Cases/Parte2/Ajustes/Cuenta/Eliminar Cuenta/CPN207" time="11.336" classname="Test Cases/Parte2/Ajustes/Cuenta/Eliminar Cuenta/CPN207" status="PASSED">
         <system-out><![CDATA[2023-06-27 14:42:35 - [TEST_CASE][PASSED] - Test Cases/Parte2/Ajustes/Cuenta/Eliminar Cuenta/CPN207: Test Cases/Parte2/Ajustes/Cuenta/Eliminar Cuenta/CPN207

2023-06-27 14:42:35 - [TEST_STEP][PASSED] - tap(findTestObject("Parte2/Ajustes cuenta/Cuenta/Eliminar Cuenta/android.widget.TextView - Eliminar cuenta"), 0): Tapped on element 'Object Repository/Parte2/Ajustes cuenta/Cuenta/Eliminar Cuenta/android.widget.TextView - Eliminar cuenta'

2023-06-27 14:42:35 - [MESSAGE][WARNING] - Timeout '0' is invalid. Using default page load timeout: '30'

2023-06-27 14:42:36 - [MESSAGE][PASSED] - Tapped on element 'Object Repository/Parte2/Ajustes cuenta/Cuenta/Eliminar Cuenta/android.widget.TextView - Eliminar cuenta'

2023-06-27 14:42:36 - [TEST_STEP][PASSED] - delay(5, STOP_ON_FAILURE): Delayed 5 second(s)

2023-06-27 14:42:41 - [MESSAGE][PASSED] - Delayed 5 second(s)

2023-06-27 14:42:41 - [TEST_STEP][PASSED] - tap(findTestObject("Parte2/Ajustes cuenta/Cuenta/Eliminar Cuenta/android.widget.Button - Confirmar"), 0): Tapped on element 'Object Repository/Parte2/Ajustes cuenta/Cuenta/Eliminar Cuenta/android.widget.Button - Confirmar'

2023-06-27 14:42:41 - [MESSAGE][WARNING] - Timeout '0' is invalid. Using default page load timeout: '30'

2023-06-27 14:42:41 - [MESSAGE][PASSED] - Tapped on element 'Object Repository/Parte2/Ajustes cuenta/Cuenta/Eliminar Cuenta/android.widget.Button - Confirmar'

2023-06-27 14:42:41 - [TEST_STEP][PASSED] - verifyElementExist(findTestObject("Parte2/Ajustes cuenta/Cuenta/Eliminar Cuenta/android.widget.FrameLayout"), 0): Element 'Object Repository/Parte2/Ajustes cuenta/Cuenta/Eliminar Cuenta/android.widget.FrameLayout' is exist

2023-06-27 14:42:41 - [MESSAGE][WARNING] - Timeout '0' is invalid. Using default page load timeout: '30'

2023-06-27 14:42:42 - [MESSAGE][PASSED] - Element 'Object Repository/Parte2/Ajustes cuenta/Cuenta/Eliminar Cuenta/android.widget.FrameLayout' is exist

2023-06-27 14:42:42 - [TEST_STEP][PASSED] - delay(5, STOP_ON_FAILURE): Delayed 5 second(s)

2023-06-27 14:42:47 - [MESSAGE][PASSED] - Delayed 5 second(s)]]></system-out>
         <system-err><![CDATA[]]></system-err>
      </testcase>
      <system-out><![CDATA[2023-06-27 14:26:22 - [TEST_SUITE][FAILED] - Integracion parte1 y parte 2: Test Cases/Parte1/Agregar contacto/agregar FAILED.
Reason:
com.kms.katalon.core.exception.StepFailedException: Failed to tap and hold on element 'Object Repository/Parte1/agregar/android.view.ViewGroup (1)' with duration 3 (Root cause: org.openqa.selenium.StaleElementReferenceException: Cached elements 'By.xpath: //*[@class = 'android.view.ViewGroup' and @resource-id = 'com.naposystems.napoleonchat:id/constrainsLayout_conversation' and (@text = '' or . = '')]' do not exist in DOM anymore
For documentation on this error, please visit: https://www.seleniumhq.org/exceptions/stale_element_reference.html
Build info: version: '3.141.59', revision: 'e82be7d358', time: '2018-11-14T08:25:53'
System info: host: 'DESKTOP-OBIGNLU', ip: '192.168.1.5', os.name: 'Windows 10', os.arch: 'amd64', os.version: '10.0', java.version: '1.8.0_282'
Driver info: com.kms.katalon.core.appium.driver.SwipeableAndroidDriver
Capabilities {app: C:\Users\Testing\Desktop\ka..., appPackage: com.naposystems.napoleonchat, autoGrantPermissions: true, automationName: uiautomator2, chromedriverPort: 60273, databaseEnabled: false, desired: {app: C:\Users\Testing\Desktop\ka..., autoGrantPermissions: true, automationName: uiautomator2, chromedriverPort: 60273, deviceId: , deviceName: samsung SM-A107M (Android 11), fullReset: true, newCommandTimeout: 1800, noReset: false, platform: ANDROID, platformName: android, platformVersion: 11, systemPort: 60271, udid: R9WN40KBXDJ}, deviceApiLevel: 30, deviceId: , deviceManufacturer: samsung, deviceModel: SM-A107M, deviceName: R9WN40KBXDJ, deviceScreenDensity: 280, deviceScreenSize: 720x1520, deviceUDID: R9WN40KBXDJ, fullReset: true, javascriptEnabled: true, locationContextEnabled: false, networkConnectionEnabled: true, newCommandTimeout: 1800, noReset: false, pixelRatio: 1.75, platform: ANDROID, platformName: Android, platformVersion: 11, statBarHeight: 57, systemPort: 60271, takesScreenshot: true, udid: R9WN40KBXDJ, viewportRect: {height: 1324, left: 0, top: 57, width: 720}, warnings: {}, webStorageEnabled: false}
Session ID: b51267d4-7280-492b-b864-0eb8c4193ae6
	at org.openqa.selenium.remote.http.W3CHttpResponseCodec.createException(W3CHttpResponseCodec.java:187)
	at org.openqa.selenium.remote.http.W3CHttpResponseCodec.decode(W3CHttpResponseCodec.java:122)
	at org.openqa.selenium.remote.http.W3CHttpResponseCodec.decode(W3CHttpResponseCodec.java:49)
	at org.openqa.selenium.remote.HttpCommandExecutor.execute(HttpCommandExecutor.java:158)
	at io.appium.java_client.remote.AppiumCommandExecutor.execute(AppiumCommandExecutor.java:239)
	at org.openqa.selenium.remote.RemoteWebDriver.execute(RemoteWebDriver.java:552)
	at io.appium.java_client.DefaultGenericMobileDriver.execute(DefaultGenericMobileDriver.java:42)
	at io.appium.java_client.AppiumDriver.execute(AppiumDriver.java:1)
	at io.appium.java_client.android.AndroidDriver.execute(AndroidDriver.java:1)
	at com.kms.katalon.core.appium.driver.SwipeableAndroidDriver.execute(SwipeableAndroidDriver.java:1)
	at org.openqa.selenium.remote.RemoteWebElement.execute(RemoteWebElement.java:285)
	at io.appium.java_client.DefaultGenericMobileElement.execute(DefaultGenericMobileElement.java:45)
	at io.appium.java_client.MobileElement.execute(MobileElement.java:1)
	at io.appium.java_client.android.AndroidElement.execute(AndroidElement.java:1)
	at org.openqa.selenium.remote.RemoteWebElement.getLocation(RemoteWebElement.java:337)
	at com.kms.katalon.core.mobile.helper.MobileElementCommonHelper.findElement(MobileElementCommonHelper.java:76)
	at com.kms.katalon.core.mobile.helper.MobileElementCommonHelper.findElementWithCheck(MobileElementCommonHelper.java:157)
	at com.kms.katalon.core.mobile.helper.MobileElementCommonHelper.tapAndHold(MobileElementCommonHelper.java:103)
	at com.kms.katalon.core.mobile.keyword.builtin.TapAndHoldKeyword$_tapAndHold_closure1.doCall(TapAndHoldKeyword.groovy:71)
	at com.kms.katalon.core.mobile.keyword.builtin.TapAndHoldKeyword$_tapAndHold_closure1.call(TapAndHoldKeyword.groovy)
	at com.kms.katalon.core.mobile.keyword.internal.MobileKeywordMain.runKeyword(MobileKeywordMain.groovy:21)
	at com.kms.katalon.core.mobile.keyword.builtin.TapAndHoldKeyword.tapAndHold(TapAndHoldKeyword.groovy:72)
	at com.kms.katalon.core.mobile.keyword.builtin.TapAndHoldKeyword.execute(TapAndHoldKeyword.groovy:65)
	at com.kms.katalon.core.keyword.internal.KeywordExecutor.executeKeywordForPlatform(KeywordExecutor.groovy:74)
	at com.kms.katalon.core.mobile.keyword.MobileBuiltInKeywords.tapAndHold(MobileBuiltInKeywords.groovy:1571)
	at com.kms.katalon.core.mobile.keyword.MobileBuiltInKeywords$tapAndHold$9.call(Unknown Source)
	at agregar.run(agregar:47)
	at com.kms.katalon.core.main.ScriptEngine.run(ScriptEngine.java:194)
	at com.kms.katalon.core.main.ScriptEngine.runScriptAsRawText(ScriptEngine.java:119)
	at com.kms.katalon.core.main.TestCaseExecutor.runScript(TestCaseExecutor.java:448)
	at com.kms.katalon.core.main.TestCaseExecutor.doExecute(TestCaseExecutor.java:439)
	at com.kms.katalon.core.main.TestCaseExecutor.processExecutionPhase(TestCaseExecutor.java:418)
	at com.kms.katalon.core.main.TestCaseExecutor.accessMainPhase(TestCaseExecutor.java:410)
	at com.kms.katalon.core.main.TestCaseExecutor.execute(TestCaseExecutor.java:285)
	at com.kms.katalon.core.common.CommonExecutor.accessTestCaseMainPhase(CommonExecutor.java:65)
	at com.kms.katalon.core.main.TestSuiteExecutor.accessTestSuiteMainPhase(TestSuiteExecutor.java:148)
	at com.kms.katalon.core.main.TestSuiteExecutor.execute(TestSuiteExecutor.java:106)
	at com.kms.katalon.core.main.TestCaseMain.startTestSuite(TestCaseMain.java:187)
	at com.kms.katalon.core.main.TestCaseMain$startTestSuite$0.call(Unknown Source)
	at TempTestSuite1687893975673.run(TempTestSuite1687893975673.groovy:36)
)
	at com.kms.katalon.core.keyword.internal.KeywordMain.stepFailed(KeywordMain.groovy:51)
	at com.kms.katalon.core.mobile.keyword.internal.MobileKeywordMain.stepFailed(MobileKeywordMain.groovy:40)
	at com.kms.katalon.core.mobile.keyword.internal.MobileKeywordMain.runKeyword(MobileKeywordMain.groovy:23)
	at com.kms.katalon.core.mobile.keyword.builtin.TapAndHoldKeyword.tapAndHold(TapAndHoldKeyword.groovy:72)
	at com.kms.katalon.core.mobile.keyword.builtin.TapAndHoldKeyword.execute(TapAndHoldKeyword.groovy:65)
	at com.kms.katalon.core.keyword.internal.KeywordExecutor.executeKeywordForPlatform(KeywordExecutor.groovy:74)
	at com.kms.katalon.core.mobile.keyword.MobileBuiltInKeywords.tapAndHold(MobileBuiltInKeywords.groovy:1571)
	at com.kms.katalon.core.mobile.keyword.MobileBuiltInKeywords$tapAndHold$9.call(Unknown Source)
	at agregar.run(agregar:47)
	at com.kms.katalon.core.main.ScriptEngine.run(ScriptEngine.java:194)
	at com.kms.katalon.core.main.ScriptEngine.runScriptAsRawText(ScriptEngine.java:119)
	at com.kms.katalon.core.main.TestCaseExecutor.runScript(TestCaseExecutor.java:448)
	at com.kms.katalon.core.main.TestCaseExecutor.doExecute(TestCaseExecutor.java:439)
	at com.kms.katalon.core.main.TestCaseExecutor.processExecutionPhase(TestCaseExecutor.java:418)
	at com.kms.katalon.core.main.TestCaseExecutor.accessMainPhase(TestCaseExecutor.java:410)
	at com.kms.katalon.core.main.TestCaseExecutor.execute(TestCaseExecutor.java:285)
	at com.kms.katalon.core.common.CommonExecutor.accessTestCaseMainPhase(CommonExecutor.java:65)
	at com.kms.katalon.core.main.TestSuiteExecutor.accessTestSuiteMainPhase(TestSuiteExecutor.java:148)
	at com.kms.katalon.core.main.TestSuiteExecutor.execute(TestSuiteExecutor.java:106)
	at com.kms.katalon.core.main.TestCaseMain.startTestSuite(TestCaseMain.java:187)
	at com.kms.katalon.core.main.TestCaseMain$startTestSuite$0.call(Unknown Source)
	at TempTestSuite1687893975673.run(TempTestSuite1687893975673.groovy:36)
Caused by: org.openqa.selenium.StaleElementReferenceException: Cached elements 'By.xpath: //*[@class = 'android.view.ViewGroup' and @resource-id = 'com.naposystems.napoleonchat:id/constrainsLayout_conversation' and (@text = '' or . = '')]' do not exist in DOM anymore
For documentation on this error, please visit: https://www.seleniumhq.org/exceptions/stale_element_reference.html
Build info: version: '3.141.59', revision: 'e82be7d358', time: '2018-11-14T08:25:53'
System info: host: 'DESKTOP-OBIGNLU', ip: '192.168.1.5', os.name: 'Windows 10', os.arch: 'amd64', os.version: '10.0', java.version: '1.8.0_282'
Driver info: com.kms.katalon.core.appium.driver.SwipeableAndroidDriver
Capabilities {app: C:\Users\Testing\Desktop\ka..., appPackage: com.naposystems.napoleonchat, autoGrantPermissions: true, automationName: uiautomator2, chromedriverPort: 60273, databaseEnabled: false, desired: {app: C:\Users\Testing\Desktop\ka..., autoGrantPermissions: true, automationName: uiautomator2, chromedriverPort: 60273, deviceId: , deviceName: samsung SM-A107M (Android 11), fullReset: true, newCommandTimeout: 1800, noReset: false, platform: ANDROID, platformName: android, platformVersion: 11, systemPort: 60271, udid: R9WN40KBXDJ}, deviceApiLevel: 30, deviceId: , deviceManufacturer: samsung, deviceModel: SM-A107M, deviceName: R9WN40KBXDJ, deviceScreenDensity: 280, deviceScreenSize: 720x1520, deviceUDID: R9WN40KBXDJ, fullReset: true, javascriptEnabled: true, locationContextEnabled: false, networkConnectionEnabled: true, newCommandTimeout: 1800, noReset: false, pixelRatio: 1.75, platform: ANDROID, platformName: Android, platformVersion: 11, statBarHeight: 57, systemPort: 60271, takesScreenshot: true, udid: R9WN40KBXDJ, viewportRect: {height: 1324, left: 0, top: 57, width: 720}, warnings: {}, webStorageEnabled: false}
Session ID: b51267d4-7280-492b-b864-0eb8c4193ae6
	at org.openqa.selenium.remote.http.W3CHttpResponseCodec.createException(W3CHttpResponseCodec.java:187)
	at org.openqa.selenium.remote.http.W3CHttpResponseCodec.decode(W3CHttpResponseCodec.java:122)
	at org.openqa.selenium.remote.http.W3CHttpResponseCodec.decode(W3CHttpResponseCodec.java:49)
	at org.openqa.selenium.remote.HttpCommandExecutor.execute(HttpCommandExecutor.java:158)
	at io.appium.java_client.remote.AppiumCommandExecutor.execute(AppiumCommandExecutor.java:239)
	at org.openqa.selenium.remote.RemoteWebDriver.execute(RemoteWebDriver.java:552)
	at io.appium.java_client.DefaultGenericMobileDriver.execute(DefaultGenericMobileDriver.java:42)
	at io.appium.java_client.AppiumDriver.execute(AppiumDriver.java:1)
	at io.appium.java_client.android.AndroidDriver.execute(AndroidDriver.java:1)
	at com.kms.katalon.core.appium.driver.SwipeableAndroidDriver.execute(SwipeableAndroidDriver.java:1)
	at org.openqa.selenium.remote.RemoteWebElement.execute(RemoteWebElement.java:285)
	at io.appium.java_client.DefaultGenericMobileElement.execute(DefaultGenericMobileElement.java:45)
	at io.appium.java_client.MobileElement.execute(MobileElement.java:1)
	at io.appium.java_client.android.AndroidElement.execute(AndroidElement.java:1)
	at org.openqa.selenium.remote.RemoteWebElement.getLocation(RemoteWebElement.java:337)
	at com.kms.katalon.core.mobile.helper.MobileElementCommonHelper.findElement(MobileElementCommonHelper.java:76)
	at com.kms.katalon.core.mobile.helper.MobileElementCommonHelper.findElementWithCheck(MobileElementCommonHelper.java:157)
	at com.kms.katalon.core.mobile.helper.MobileElementCommonHelper.tapAndHold(MobileElementCommonHelper.java:103)
	at com.kms.katalon.core.mobile.keyword.builtin.TapAndHoldKeyword$_tapAndHold_closure1.doCall(TapAndHoldKeyword.groovy:71)
	at com.kms.katalon.core.mobile.keyword.builtin.TapAndHoldKeyword$_tapAndHold_closure1.call(TapAndHoldKeyword.groovy)
	at com.kms.katalon.core.mobile.keyword.internal.MobileKeywordMain.runKeyword(MobileKeywordMain.groovy:21)
	... 19 more]]></system-out>
      <system-err><![CDATA[2023-06-27 14:26:22 - [TEST_SUITE][FAILED] - Integracion parte1 y parte 2: Test Cases/Parte1/Agregar contacto/agregar FAILED.
Reason:
com.kms.katalon.core.exception.StepFailedException: Failed to tap and hold on element 'Object Repository/Parte1/agregar/android.view.ViewGroup (1)' with duration 3 (Root cause: org.openqa.selenium.StaleElementReferenceException: Cached elements 'By.xpath: //*[@class = 'android.view.ViewGroup' and @resource-id = 'com.naposystems.napoleonchat:id/constrainsLayout_conversation' and (@text = '' or . = '')]' do not exist in DOM anymore
For documentation on this error, please visit: https://www.seleniumhq.org/exceptions/stale_element_reference.html
Build info: version: '3.141.59', revision: 'e82be7d358', time: '2018-11-14T08:25:53'
System info: host: 'DESKTOP-OBIGNLU', ip: '192.168.1.5', os.name: 'Windows 10', os.arch: 'amd64', os.version: '10.0', java.version: '1.8.0_282'
Driver info: com.kms.katalon.core.appium.driver.SwipeableAndroidDriver
Capabilities {app: C:\Users\Testing\Desktop\ka..., appPackage: com.naposystems.napoleonchat, autoGrantPermissions: true, automationName: uiautomator2, chromedriverPort: 60273, databaseEnabled: false, desired: {app: C:\Users\Testing\Desktop\ka..., autoGrantPermissions: true, automationName: uiautomator2, chromedriverPort: 60273, deviceId: , deviceName: samsung SM-A107M (Android 11), fullReset: true, newCommandTimeout: 1800, noReset: false, platform: ANDROID, platformName: android, platformVersion: 11, systemPort: 60271, udid: R9WN40KBXDJ}, deviceApiLevel: 30, deviceId: , deviceManufacturer: samsung, deviceModel: SM-A107M, deviceName: R9WN40KBXDJ, deviceScreenDensity: 280, deviceScreenSize: 720x1520, deviceUDID: R9WN40KBXDJ, fullReset: true, javascriptEnabled: true, locationContextEnabled: false, networkConnectionEnabled: true, newCommandTimeout: 1800, noReset: false, pixelRatio: 1.75, platform: ANDROID, platformName: Android, platformVersion: 11, statBarHeight: 57, systemPort: 60271, takesScreenshot: true, udid: R9WN40KBXDJ, viewportRect: {height: 1324, left: 0, top: 57, width: 720}, warnings: {}, webStorageEnabled: false}
Session ID: b51267d4-7280-492b-b864-0eb8c4193ae6
	at org.openqa.selenium.remote.http.W3CHttpResponseCodec.createException(W3CHttpResponseCodec.java:187)
	at org.openqa.selenium.remote.http.W3CHttpResponseCodec.decode(W3CHttpResponseCodec.java:122)
	at org.openqa.selenium.remote.http.W3CHttpResponseCodec.decode(W3CHttpResponseCodec.java:49)
	at org.openqa.selenium.remote.HttpCommandExecutor.execute(HttpCommandExecutor.java:158)
	at io.appium.java_client.remote.AppiumCommandExecutor.execute(AppiumCommandExecutor.java:239)
	at org.openqa.selenium.remote.RemoteWebDriver.execute(RemoteWebDriver.java:552)
	at io.appium.java_client.DefaultGenericMobileDriver.execute(DefaultGenericMobileDriver.java:42)
	at io.appium.java_client.AppiumDriver.execute(AppiumDriver.java:1)
	at io.appium.java_client.android.AndroidDriver.execute(AndroidDriver.java:1)
	at com.kms.katalon.core.appium.driver.SwipeableAndroidDriver.execute(SwipeableAndroidDriver.java:1)
	at org.openqa.selenium.remote.RemoteWebElement.execute(RemoteWebElement.java:285)
	at io.appium.java_client.DefaultGenericMobileElement.execute(DefaultGenericMobileElement.java:45)
	at io.appium.java_client.MobileElement.execute(MobileElement.java:1)
	at io.appium.java_client.android.AndroidElement.execute(AndroidElement.java:1)
	at org.openqa.selenium.remote.RemoteWebElement.getLocation(RemoteWebElement.java:337)
	at com.kms.katalon.core.mobile.helper.MobileElementCommonHelper.findElement(MobileElementCommonHelper.java:76)
	at com.kms.katalon.core.mobile.helper.MobileElementCommonHelper.findElementWithCheck(MobileElementCommonHelper.java:157)
	at com.kms.katalon.core.mobile.helper.MobileElementCommonHelper.tapAndHold(MobileElementCommonHelper.java:103)
	at com.kms.katalon.core.mobile.keyword.builtin.TapAndHoldKeyword$_tapAndHold_closure1.doCall(TapAndHoldKeyword.groovy:71)
	at com.kms.katalon.core.mobile.keyword.builtin.TapAndHoldKeyword$_tapAndHold_closure1.call(TapAndHoldKeyword.groovy)
	at com.kms.katalon.core.mobile.keyword.internal.MobileKeywordMain.runKeyword(MobileKeywordMain.groovy:21)
	at com.kms.katalon.core.mobile.keyword.builtin.TapAndHoldKeyword.tapAndHold(TapAndHoldKeyword.groovy:72)
	at com.kms.katalon.core.mobile.keyword.builtin.TapAndHoldKeyword.execute(TapAndHoldKeyword.groovy:65)
	at com.kms.katalon.core.keyword.internal.KeywordExecutor.executeKeywordForPlatform(KeywordExecutor.groovy:74)
	at com.kms.katalon.core.mobile.keyword.MobileBuiltInKeywords.tapAndHold(MobileBuiltInKeywords.groovy:1571)
	at com.kms.katalon.core.mobile.keyword.MobileBuiltInKeywords$tapAndHold$9.call(Unknown Source)
	at agregar.run(agregar:47)
	at com.kms.katalon.core.main.ScriptEngine.run(ScriptEngine.java:194)
	at com.kms.katalon.core.main.ScriptEngine.runScriptAsRawText(ScriptEngine.java:119)
	at com.kms.katalon.core.main.TestCaseExecutor.runScript(TestCaseExecutor.java:448)
	at com.kms.katalon.core.main.TestCaseExecutor.doExecute(TestCaseExecutor.java:439)
	at com.kms.katalon.core.main.TestCaseExecutor.processExecutionPhase(TestCaseExecutor.java:418)
	at com.kms.katalon.core.main.TestCaseExecutor.accessMainPhase(TestCaseExecutor.java:410)
	at com.kms.katalon.core.main.TestCaseExecutor.execute(TestCaseExecutor.java:285)
	at com.kms.katalon.core.common.CommonExecutor.accessTestCaseMainPhase(CommonExecutor.java:65)
	at com.kms.katalon.core.main.TestSuiteExecutor.accessTestSuiteMainPhase(TestSuiteExecutor.java:148)
	at com.kms.katalon.core.main.TestSuiteExecutor.execute(TestSuiteExecutor.java:106)
	at com.kms.katalon.core.main.TestCaseMain.startTestSuite(TestCaseMain.java:187)
	at com.kms.katalon.core.main.TestCaseMain$startTestSuite$0.call(Unknown Source)
	at TempTestSuite1687893975673.run(TempTestSuite1687893975673.groovy:36)
)
	at com.kms.katalon.core.keyword.internal.KeywordMain.stepFailed(KeywordMain.groovy:51)
	at com.kms.katalon.core.mobile.keyword.internal.MobileKeywordMain.stepFailed(MobileKeywordMain.groovy:40)
	at com.kms.katalon.core.mobile.keyword.internal.MobileKeywordMain.runKeyword(MobileKeywordMain.groovy:23)
	at com.kms.katalon.core.mobile.keyword.builtin.TapAndHoldKeyword.tapAndHold(TapAndHoldKeyword.groovy:72)
	at com.kms.katalon.core.mobile.keyword.builtin.TapAndHoldKeyword.execute(TapAndHoldKeyword.groovy:65)
	at com.kms.katalon.core.keyword.internal.KeywordExecutor.executeKeywordForPlatform(KeywordExecutor.groovy:74)
	at com.kms.katalon.core.mobile.keyword.MobileBuiltInKeywords.tapAndHold(MobileBuiltInKeywords.groovy:1571)
	at com.kms.katalon.core.mobile.keyword.MobileBuiltInKeywords$tapAndHold$9.call(Unknown Source)
	at agregar.run(agregar:47)
	at com.kms.katalon.core.main.ScriptEngine.run(ScriptEngine.java:194)
	at com.kms.katalon.core.main.ScriptEngine.runScriptAsRawText(ScriptEngine.java:119)
	at com.kms.katalon.core.main.TestCaseExecutor.runScript(TestCaseExecutor.java:448)
	at com.kms.katalon.core.main.TestCaseExecutor.doExecute(TestCaseExecutor.java:439)
	at com.kms.katalon.core.main.TestCaseExecutor.processExecutionPhase(TestCaseExecutor.java:418)
	at com.kms.katalon.core.main.TestCaseExecutor.accessMainPhase(TestCaseExecutor.java:410)
	at com.kms.katalon.core.main.TestCaseExecutor.execute(TestCaseExecutor.java:285)
	at com.kms.katalon.core.common.CommonExecutor.accessTestCaseMainPhase(CommonExecutor.java:65)
	at com.kms.katalon.core.main.TestSuiteExecutor.accessTestSuiteMainPhase(TestSuiteExecutor.java:148)
	at com.kms.katalon.core.main.TestSuiteExecutor.execute(TestSuiteExecutor.java:106)
	at com.kms.katalon.core.main.TestCaseMain.startTestSuite(TestCaseMain.java:187)
	at com.kms.katalon.core.main.TestCaseMain$startTestSuite$0.call(Unknown Source)
	at TempTestSuite1687893975673.run(TempTestSuite1687893975673.groovy:36)
Caused by: org.openqa.selenium.StaleElementReferenceException: Cached elements 'By.xpath: //*[@class = 'android.view.ViewGroup' and @resource-id = 'com.naposystems.napoleonchat:id/constrainsLayout_conversation' and (@text = '' or . = '')]' do not exist in DOM anymore
For documentation on this error, please visit: https://www.seleniumhq.org/exceptions/stale_element_reference.html
Build info: version: '3.141.59', revision: 'e82be7d358', time: '2018-11-14T08:25:53'
System info: host: 'DESKTOP-OBIGNLU', ip: '192.168.1.5', os.name: 'Windows 10', os.arch: 'amd64', os.version: '10.0', java.version: '1.8.0_282'
Driver info: com.kms.katalon.core.appium.driver.SwipeableAndroidDriver
Capabilities {app: C:\Users\Testing\Desktop\ka..., appPackage: com.naposystems.napoleonchat, autoGrantPermissions: true, automationName: uiautomator2, chromedriverPort: 60273, databaseEnabled: false, desired: {app: C:\Users\Testing\Desktop\ka..., autoGrantPermissions: true, automationName: uiautomator2, chromedriverPort: 60273, deviceId: , deviceName: samsung SM-A107M (Android 11), fullReset: true, newCommandTimeout: 1800, noReset: false, platform: ANDROID, platformName: android, platformVersion: 11, systemPort: 60271, udid: R9WN40KBXDJ}, deviceApiLevel: 30, deviceId: , deviceManufacturer: samsung, deviceModel: SM-A107M, deviceName: R9WN40KBXDJ, deviceScreenDensity: 280, deviceScreenSize: 720x1520, deviceUDID: R9WN40KBXDJ, fullReset: true, javascriptEnabled: true, locationContextEnabled: false, networkConnectionEnabled: true, newCommandTimeout: 1800, noReset: false, pixelRatio: 1.75, platform: ANDROID, platformName: Android, platformVersion: 11, statBarHeight: 57, systemPort: 60271, takesScreenshot: true, udid: R9WN40KBXDJ, viewportRect: {height: 1324, left: 0, top: 57, width: 720}, warnings: {}, webStorageEnabled: false}
Session ID: b51267d4-7280-492b-b864-0eb8c4193ae6
	at org.openqa.selenium.remote.http.W3CHttpResponseCodec.createException(W3CHttpResponseCodec.java:187)
	at org.openqa.selenium.remote.http.W3CHttpResponseCodec.decode(W3CHttpResponseCodec.java:122)
	at org.openqa.selenium.remote.http.W3CHttpResponseCodec.decode(W3CHttpResponseCodec.java:49)
	at org.openqa.selenium.remote.HttpCommandExecutor.execute(HttpCommandExecutor.java:158)
	at io.appium.java_client.remote.AppiumCommandExecutor.execute(AppiumCommandExecutor.java:239)
	at org.openqa.selenium.remote.RemoteWebDriver.execute(RemoteWebDriver.java:552)
	at io.appium.java_client.DefaultGenericMobileDriver.execute(DefaultGenericMobileDriver.java:42)
	at io.appium.java_client.AppiumDriver.execute(AppiumDriver.java:1)
	at io.appium.java_client.android.AndroidDriver.execute(AndroidDriver.java:1)
	at com.kms.katalon.core.appium.driver.SwipeableAndroidDriver.execute(SwipeableAndroidDriver.java:1)
	at org.openqa.selenium.remote.RemoteWebElement.execute(RemoteWebElement.java:285)
	at io.appium.java_client.DefaultGenericMobileElement.execute(DefaultGenericMobileElement.java:45)
	at io.appium.java_client.MobileElement.execute(MobileElement.java:1)
	at io.appium.java_client.android.AndroidElement.execute(AndroidElement.java:1)
	at org.openqa.selenium.remote.RemoteWebElement.getLocation(RemoteWebElement.java:337)
	at com.kms.katalon.core.mobile.helper.MobileElementCommonHelper.findElement(MobileElementCommonHelper.java:76)
	at com.kms.katalon.core.mobile.helper.MobileElementCommonHelper.findElementWithCheck(MobileElementCommonHelper.java:157)
	at com.kms.katalon.core.mobile.helper.MobileElementCommonHelper.tapAndHold(MobileElementCommonHelper.java:103)
	at com.kms.katalon.core.mobile.keyword.builtin.TapAndHoldKeyword$_tapAndHold_closure1.doCall(TapAndHoldKeyword.groovy:71)
	at com.kms.katalon.core.mobile.keyword.builtin.TapAndHoldKeyword$_tapAndHold_closure1.call(TapAndHoldKeyword.groovy)
	at com.kms.katalon.core.mobile.keyword.internal.MobileKeywordMain.runKeyword(MobileKeywordMain.groovy:21)
	... 19 more]]></system-err>
   </testsuite>
</testsuites>
