<?xml version="1.0" encoding="UTF-8"?>
<testsuites name="pERFILPROPIO" time="132.491" tests="6" failures="0" errors="0">
   <testsuite name="pERFILPROPIO" tests="6" failures="0" errors="0" time="132.491" skipped="0" timestamp="2023-06-20 11:04:13" hostname="Testing - DESKTOP-OBIGNLU" id="Test Suites/pERFILPROPIO">
      <properties>
         <property name="deviceName" value="samsung SM-A107M (Android 11)"/>
         <property name="devicePlatform" value=""/>
         <property name="logFolder" value="C:\\Users\\Testing\\Katalon Studio\\NN_Version2\\Reports\\20230620_110405\\pERFILPROPIO\\20230620_110405"/>
         <property name="logFiles" value="C:\\Users\\Testing\\Katalon Studio\\NN_Version2\\Reports\\20230620_110405\\pERFILPROPIO\\20230620_110405\\appium.log, C:\\Users\\Testing\\Katalon Studio\\NN_Version2\\Reports\\20230620_110405\\pERFILPROPIO\\20230620_110405\\execution0.log"/>
         <property name="attachments" value=""/>
         <property name="hostName" value="Testing - DESKTOP-OBIGNLU"/>
         <property name="os" value="Windows 10 64bit"/>
         <property name="appiumServerStatus" value="{&quot;value&quot;:{&quot;build&quot;:{&quot;version&quot;:&quot;1.22.3&quot;}},&quot;sessionId&quot;:null,&quot;status&quot;:0}"/>
         <property name="katalonVersion" value="8.6.5.208"/>
         <property name="deviceOS" value="Android"/>
         <property name="appiumVersion" value="1.22.3"/>
         <property name="deviceModel" value="SM-A107M"/>
         <property name="hostAddress" value="192.168.1.1"/>
         <property name="deviceManufacturer" value="samsung"/>
         <property name="deviceId" value="R9WN40KBXDJ"/>
         <property name="deviceName" value="samsung SM-A107M (Android 11)"/>
         <property name="deviceOSVersion" value="11"/>
      </properties>
      <testcase name="Test Cases/ingreso para prueba" time="62.519" classname="Test Cases/ingreso para prueba" status="PASSED">
         <system-out><![CDATA[2023-06-20 11:04:13 - [TEST_CASE][PASSED] - Test Cases/ingreso para prueba: Test Cases/ingreso para prueba

2023-06-20 11:04:13 - [TEST_STEP][PASSED] - startApplication("C:\Users\Testing\Desktop\katalon\Version nueva\app-debug (2).apk", true): Started app at: 'C:\Users\Testing\Desktop\katalon\Version nueva\app-debug (2).apk'

2023-06-20 11:04:13 - [MESSAGE][INFO] - User set preference: ['deviceId', '']

2023-06-20 11:04:14 - [MESSAGE][INFO] - Detected NodeJS location: "C:\Program Files\nodejs\node.exe"

2023-06-20 11:04:15 - [MESSAGE][INFO] - Appium server started on port 64.186

2023-06-20 11:04:52 - [MESSAGE][PASSED] - Started app at: 'C:\Users\Testing\Desktop\katalon\Version nueva\app-debug (2).apk'

2023-06-20 11:04:52 - [TEST_STEP][PASSED] - tap(findTestObject("Object Repository/ingreso/android.widget.TextView - Omitir"), 0): Tapped on element 'Object Repository/ingreso/android.widget.TextView - Omitir'

2023-06-20 11:04:52 - [MESSAGE][WARNING] - Timeout '0' is invalid. Using default page load timeout: '30'

2023-06-20 11:04:53 - [MESSAGE][PASSED] - Tapped on element 'Object Repository/ingreso/android.widget.TextView - Omitir'

2023-06-20 11:04:53 - [TEST_STEP][PASSED] - tap(findTestObject("Object Repository/ingreso/android.widget.Button - Crear Cuenta"), 0): Tapped on element 'Object Repository/ingreso/android.widget.Button - Crear Cuenta'

2023-06-20 11:04:53 - [MESSAGE][WARNING] - Timeout '0' is invalid. Using default page load timeout: '30'

2023-06-20 11:04:55 - [MESSAGE][PASSED] - Tapped on element 'Object Repository/ingreso/android.widget.Button - Crear Cuenta'

2023-06-20 11:04:55 - [TEST_STEP][PASSED] - tap(findTestObject("Object Repository/ingreso/android.widget.Button - Enviar cdigo de registro"), 0): Tapped on element 'Object Repository/ingreso/android.widget.Button - Enviar cdigo de registro'

2023-06-20 11:04:55 - [MESSAGE][WARNING] - Timeout '0' is invalid. Using default page load timeout: '30'

2023-06-20 11:04:56 - [MESSAGE][PASSED] - Tapped on element 'Object Repository/ingreso/android.widget.Button - Enviar cdigo de registro'

2023-06-20 11:04:56 - [TEST_STEP][PASSED] - tap(findTestObject("Object Repository/ingreso/android.widget.Button - Continuar"), 0): Tapped on element 'Object Repository/ingreso/android.widget.Button - Continuar'

2023-06-20 11:04:56 - [MESSAGE][WARNING] - Timeout '0' is invalid. Using default page load timeout: '30'

2023-06-20 11:05:04 - [MESSAGE][PASSED] - Tapped on element 'Object Repository/ingreso/android.widget.Button - Continuar'

2023-06-20 11:05:04 - [TEST_STEP][PASSED] - setText(findTestObject("Object Repository/ingreso/android.widget.EditText - Apodo"), "libre024", 0): Text 'libre024' has been set to element 'Object Repository/ingreso/android.widget.EditText - Apodo'

2023-06-20 11:05:04 - [MESSAGE][WARNING] - Timeout '0' is invalid. Using default page load timeout: '30'

2023-06-20 11:05:07 - [MESSAGE][PASSED] - Text 'libre024' has been set to element 'Object Repository/ingreso/android.widget.EditText - Apodo'

2023-06-20 11:05:07 - [TEST_STEP][PASSED] - tap(findTestObject("Object Repository/ingreso/android.widget.Button - Siguiente"), 0): Tapped on element 'Object Repository/ingreso/android.widget.Button - Siguiente'

2023-06-20 11:05:07 - [MESSAGE][WARNING] - Timeout '0' is invalid. Using default page load timeout: '30'

2023-06-20 11:05:09 - [MESSAGE][PASSED] - Tapped on element 'Object Repository/ingreso/android.widget.Button - Siguiente'

2023-06-20 11:05:09 - [TEST_STEP][PASSED] - setText(findTestObject("Object Repository/ingreso/android.widget.EditText - Pin de Acceso"), "0000", 0): Text '0000' has been set to element 'Object Repository/ingreso/android.widget.EditText - Pin de Acceso'

2023-06-20 11:05:09 - [MESSAGE][WARNING] - Timeout '0' is invalid. Using default page load timeout: '30'

2023-06-20 11:05:12 - [MESSAGE][PASSED] - Text '0000' has been set to element 'Object Repository/ingreso/android.widget.EditText - Pin de Acceso'

2023-06-20 11:05:12 - [TEST_STEP][PASSED] - setText(findTestObject("Object Repository/ingreso/android.widget.EditText - Confirmar nuevo pin de acceso"), "0000", 0): Text '0000' has been set to element 'Object Repository/ingreso/android.widget.EditText - Confirmar nuevo pin de acceso'

2023-06-20 11:05:12 - [MESSAGE][WARNING] - Timeout '0' is invalid. Using default page load timeout: '30'

2023-06-20 11:05:14 - [MESSAGE][PASSED] - Text '0000' has been set to element 'Object Repository/ingreso/android.widget.EditText - Confirmar nuevo pin de acceso'

2023-06-20 11:05:14 - [TEST_STEP][PASSED] - tap(findTestObject("Object Repository/ingreso/android.widget.Button - Crear Cuenta (1)"), 0): Tapped on element 'Object Repository/ingreso/android.widget.Button - Crear Cuenta (1)'

2023-06-20 11:05:15 - [MESSAGE][WARNING] - Timeout '0' is invalid. Using default page load timeout: '30'

2023-06-20 11:05:15 - [MESSAGE][PASSED] - Tapped on element 'Object Repository/ingreso/android.widget.Button - Crear Cuenta (1)']]></system-out>
         <system-err><![CDATA[]]></system-err>
      </testcase>
      <testcase name="Test Cases/CPN250" time="15.468" classname="Test Cases/CPN250" status="PASSED">
         <system-out><![CDATA[2023-06-20 11:05:15 - [TEST_CASE][PASSED] - Test Cases/CPN250: Test Cases/CPN250

2023-06-20 11:05:16 - [TEST_STEP][PASSED] - tap(findTestObject("Object Repository/CPN250/android.widget.ImageView"), 1): Tapped on element 'Object Repository/CPN250/android.widget.ImageView'

2023-06-20 11:05:18 - [MESSAGE][PASSED] - Tapped on element 'Object Repository/CPN250/android.widget.ImageView'

2023-06-20 11:05:18 - [TEST_STEP][PASSED] - tap(findTestObject("Object Repository/CPN250/android.widget.ImageView (1)"), 1): Tapped on element 'Object Repository/CPN250/android.widget.ImageView (1)'

2023-06-20 11:05:20 - [MESSAGE][PASSED] - Tapped on element 'Object Repository/CPN250/android.widget.ImageView (1)'

2023-06-20 11:05:20 - [TEST_STEP][PASSED] - tap(findTestObject("Object Repository/CPN250/android.widget.ImageButton"), 1): Tapped on element 'Object Repository/CPN250/android.widget.ImageButton'

2023-06-20 11:05:22 - [MESSAGE][PASSED] - Tapped on element 'Object Repository/CPN250/android.widget.ImageButton'

2023-06-20 11:05:22 - [TEST_STEP][PASSED] - tap(findTestObject("Object Repository/CPN250/android.widget.EditText - Mensaje"), 1): Tapped on element 'Object Repository/CPN250/android.widget.EditText - Mensaje'

2023-06-20 11:05:23 - [MESSAGE][PASSED] - Tapped on element 'Object Repository/CPN250/android.widget.EditText - Mensaje'

2023-06-20 11:05:23 - [TEST_STEP][PASSED] - setText(findTestObject("Object Repository/CPN250/android.widget.EditText - Mensaje (1)"), "Mensaje de prueba mayor de 20 caracteres", 0): Text 'Mensaje de prueba mayor de 20 caracteres' has been set to element 'Object Repository/CPN250/android.widget.EditText - Mensaje (1)'

2023-06-20 11:05:23 - [MESSAGE][WARNING] - Timeout '0' is invalid. Using default page load timeout: '30'

2023-06-20 11:05:26 - [MESSAGE][PASSED] - Text 'Mensaje de prueba mayor de 20 caracteres' has been set to element 'Object Repository/CPN250/android.widget.EditText - Mensaje (1)'

2023-06-20 11:05:26 - [TEST_STEP][PASSED] - hideKeyboard(): Keyboard is hidden

2023-06-20 11:05:29 - [MESSAGE][PASSED] - Keyboard is hidden

2023-06-20 11:05:29 - [TEST_STEP][PASSED] - tap(findTestObject("Object Repository/CPN250/android.widget.Button - Enviar"), 1): Tapped on element 'Object Repository/CPN250/android.widget.Button - Enviar'

2023-06-20 11:05:29 - [MESSAGE][PASSED] - Tapped on element 'Object Repository/CPN250/android.widget.Button - Enviar'

2023-06-20 11:05:29 - [TEST_STEP][PASSED] - verifyElementText(findTestObject("Object Repository/CPN250/android.widget.TextView - T solicitud ha sido envida satisfactoriamente"), "TÃº solicitud ha sido envida satisfactoriamente"): Actual text and expected text of test object 'Object Repository/CPN250/android.widget.TextView - T solicitud ha sido envida satisfactoriamente' are matched.

2023-06-20 11:05:30 - [MESSAGE][PASSED] - Actual text and expected text of test object 'Object Repository/CPN250/android.widget.TextView - T solicitud ha sido envida satisfactoriamente' are matched.

2023-06-20 11:05:30 - [TEST_STEP][PASSED] - tap(findTestObject("Object Repository/CPN250/android.widget.Button - OK"), 1): Tapped on element 'Object Repository/CPN250/android.widget.Button - OK'

2023-06-20 11:05:31 - [MESSAGE][PASSED] - Tapped on element 'Object Repository/CPN250/android.widget.Button - OK']]></system-out>
         <system-err><![CDATA[]]></system-err>
      </testcase>
      <testcase name="Test Cases/CPN251" time="10.13" classname="Test Cases/CPN251" status="PASSED">
         <system-out><![CDATA[2023-06-20 11:05:31 - [TEST_CASE][PASSED] - Test Cases/CPN251: Test Cases/CPN251

2023-06-20 11:05:31 - [TEST_STEP][PASSED] - verifyElementVisible(findTestObject("Object Repository/CPN251/android.view.ViewGroup"), 0): Element 'Object Repository/CPN251/android.view.ViewGroup' is visible

2023-06-20 11:05:31 - [MESSAGE][WARNING] - Timeout '0' is invalid. Using default page load timeout: '30'

2023-06-20 11:05:32 - [MESSAGE][PASSED] - Element 'Object Repository/CPN251/android.view.ViewGroup' is visible

2023-06-20 11:05:32 - [TEST_STEP][PASSED] - tap(findTestObject("Object Repository/CPN251/android.widget.TextView - Reportar un problema"), 1): Tapped on element 'Object Repository/CPN251/android.widget.TextView - Reportar un problema'

2023-06-20 11:05:32 - [MESSAGE][PASSED] - Tapped on element 'Object Repository/CPN251/android.widget.TextView - Reportar un problema'

2023-06-20 11:05:32 - [TEST_STEP][PASSED] - tap(findTestObject("Object Repository/CPN251/android.widget.TextView - Comentario"), 1): Tapped on element 'Object Repository/CPN251/android.widget.TextView - Comentario'

2023-06-20 11:05:34 - [MESSAGE][PASSED] - Tapped on element 'Object Repository/CPN251/android.widget.TextView - Comentario'

2023-06-20 11:05:34 - [TEST_STEP][PASSED] - tap(findTestObject("Object Repository/CPN251/android.widget.EditText - Mensaje"), 1): Tapped on element 'Object Repository/CPN251/android.widget.EditText - Mensaje'

2023-06-20 11:05:34 - [MESSAGE][PASSED] - Tapped on element 'Object Repository/CPN251/android.widget.EditText - Mensaje'

2023-06-20 11:05:34 - [TEST_STEP][PASSED] - setText(findTestObject("Object Repository/CPN251/android.widget.EditText - Mensaje (1)"), "Comentario de prueba para App NN CHAT", 0): Text 'Comentario de prueba para App NN CHAT' has been set to element 'Object Repository/CPN251/android.widget.EditText - Mensaje (1)'

2023-06-20 11:05:34 - [MESSAGE][WARNING] - Timeout '0' is invalid. Using default page load timeout: '30'

2023-06-20 11:05:37 - [MESSAGE][PASSED] - Text 'Comentario de prueba para App NN CHAT' has been set to element 'Object Repository/CPN251/android.widget.EditText - Mensaje (1)'

2023-06-20 11:05:37 - [TEST_STEP][PASSED] - hideKeyboard(): Keyboard is hidden

2023-06-20 11:05:39 - [MESSAGE][PASSED] - Keyboard is hidden

2023-06-20 11:05:39 - [TEST_STEP][PASSED] - tap(findTestObject("Object Repository/CPN251/android.widget.Button - Enviar"), 1): Tapped on element 'Object Repository/CPN251/android.widget.Button - Enviar'

2023-06-20 11:05:39 - [MESSAGE][PASSED] - Tapped on element 'Object Repository/CPN251/android.widget.Button - Enviar'

2023-06-20 11:05:39 - [TEST_STEP][PASSED] - verifyElementText(findTestObject("Object Repository/CPN251/android.widget.TextView - T solicitud ha sido envida satisfactoriamente"), "TÃº solicitud ha sido envida satisfactoriamente"): Actual text and expected text of test object 'Object Repository/CPN251/android.widget.TextView - T solicitud ha sido envida satisfactoriamente' are matched.

2023-06-20 11:05:41 - [MESSAGE][PASSED] - Actual text and expected text of test object 'Object Repository/CPN251/android.widget.TextView - T solicitud ha sido envida satisfactoriamente' are matched.

2023-06-20 11:05:41 - [TEST_STEP][PASSED] - tap(findTestObject("Object Repository/CPN251/android.widget.Button - OK"), 1): Tapped on element 'Object Repository/CPN251/android.widget.Button - OK'

2023-06-20 11:05:41 - [MESSAGE][PASSED] - Tapped on element 'Object Repository/CPN251/android.widget.Button - OK']]></system-out>
         <system-err><![CDATA[]]></system-err>
      </testcase>
      <testcase name="Test Cases/CPN252" time="9.177" classname="Test Cases/CPN252" status="PASSED">
         <system-out><![CDATA[2023-06-20 11:05:41 - [TEST_CASE][PASSED] - Test Cases/CPN252: Test Cases/CPN252

2023-06-20 11:05:41 - [TEST_STEP][PASSED] - tap(findTestObject("Object Repository/CPN252/android.widget.TextView - Reportar un problema"), 0): Tapped on element 'Object Repository/CPN252/android.widget.TextView - Reportar un problema'

2023-06-20 11:05:41 - [MESSAGE][WARNING] - Timeout '0' is invalid. Using default page load timeout: '30'

2023-06-20 11:05:42 - [MESSAGE][PASSED] - Tapped on element 'Object Repository/CPN252/android.widget.TextView - Reportar un problema'

2023-06-20 11:05:42 - [TEST_STEP][PASSED] - tap(findTestObject("Object Repository/CPN252/android.widget.TextView - Sugerencia"), 0): Tapped on element 'Object Repository/CPN252/android.widget.TextView - Sugerencia'

2023-06-20 11:05:42 - [MESSAGE][WARNING] - Timeout '0' is invalid. Using default page load timeout: '30'

2023-06-20 11:05:44 - [MESSAGE][PASSED] - Tapped on element 'Object Repository/CPN252/android.widget.TextView - Sugerencia'

2023-06-20 11:05:44 - [TEST_STEP][PASSED] - tap(findTestObject("Object Repository/CPN252/android.widget.EditText - Mensaje"), 0): Tapped on element 'Object Repository/CPN252/android.widget.EditText - Mensaje'

2023-06-20 11:05:44 - [MESSAGE][WARNING] - Timeout '0' is invalid. Using default page load timeout: '30'

2023-06-20 11:05:44 - [MESSAGE][PASSED] - Tapped on element 'Object Repository/CPN252/android.widget.EditText - Mensaje'

2023-06-20 11:05:44 - [TEST_STEP][PASSED] - setText(findTestObject("Object Repository/CPN252/android.widget.EditText - Mensaje (1)"), "Sugerencia de prueba App NN Chat", 0): Text 'Sugerencia de prueba App NN Chat' has been set to element 'Object Repository/CPN252/android.widget.EditText - Mensaje (1)'

2023-06-20 11:05:44 - [MESSAGE][WARNING] - Timeout '0' is invalid. Using default page load timeout: '30'

2023-06-20 11:05:47 - [MESSAGE][PASSED] - Text 'Sugerencia de prueba App NN Chat' has been set to element 'Object Repository/CPN252/android.widget.EditText - Mensaje (1)'

2023-06-20 11:05:47 - [TEST_STEP][PASSED] - tap(findTestObject("Object Repository/CPN252/android.widget.Button - Enviar"), 0): Tapped on element 'Object Repository/CPN252/android.widget.Button - Enviar'

2023-06-20 11:05:47 - [MESSAGE][WARNING] - Timeout '0' is invalid. Using default page load timeout: '30'

2023-06-20 11:05:48 - [MESSAGE][PASSED] - Tapped on element 'Object Repository/CPN252/android.widget.Button - Enviar'

2023-06-20 11:05:48 - [TEST_STEP][PASSED] - verifyElementText(findTestObject("Object Repository/CPN252/android.widget.TextView - T solicitud ha sido envida satisfactoriamente"), "TÃº solicitud ha sido envida satisfactoriamente"): Actual text and expected text of test object 'Object Repository/CPN252/android.widget.TextView - T solicitud ha sido envida satisfactoriamente' are matched.

2023-06-20 11:05:49 - [MESSAGE][PASSED] - Actual text and expected text of test object 'Object Repository/CPN252/android.widget.TextView - T solicitud ha sido envida satisfactoriamente' are matched.

2023-06-20 11:05:49 - [TEST_STEP][PASSED] - tap(findTestObject("Object Repository/CPN252/android.widget.Button - OK"), 0): Tapped on element 'Object Repository/CPN252/android.widget.Button - OK'

2023-06-20 11:05:49 - [MESSAGE][WARNING] - Timeout '0' is invalid. Using default page load timeout: '30'

2023-06-20 11:05:50 - [MESSAGE][PASSED] - Tapped on element 'Object Repository/CPN252/android.widget.Button - OK']]></system-out>
         <system-err><![CDATA[]]></system-err>
      </testcase>
      <testcase name="Test Cases/CPN253" time="8.244" classname="Test Cases/CPN253" status="PASSED">
         <system-out><![CDATA[2023-06-20 11:05:50 - [TEST_CASE][PASSED] - Test Cases/CPN253: Test Cases/CPN253

2023-06-20 11:05:50 - [TEST_STEP][PASSED] - tap(findTestObject("Object Repository/CPN253/android.widget.EditText - Mensaje"), 0): Tapped on element 'Object Repository/CPN253/android.widget.EditText - Mensaje'

2023-06-20 11:05:50 - [MESSAGE][WARNING] - Timeout '0' is invalid. Using default page load timeout: '30'

2023-06-20 11:05:51 - [MESSAGE][PASSED] - Tapped on element 'Object Repository/CPN253/android.widget.EditText - Mensaje'

2023-06-20 11:05:51 - [TEST_STEP][PASSED] - setText(findTestObject("Object Repository/CPN253/android.widget.EditText - Mensaje (1)"), "Doce caracteres", 0): Text 'Doce caracteres' has been set to element 'Object Repository/CPN253/android.widget.EditText - Mensaje (1)'

2023-06-20 11:05:51 - [MESSAGE][WARNING] - Timeout '0' is invalid. Using default page load timeout: '30'

2023-06-20 11:05:54 - [MESSAGE][PASSED] - Text 'Doce caracteres' has been set to element 'Object Repository/CPN253/android.widget.EditText - Mensaje (1)'

2023-06-20 11:05:54 - [TEST_STEP][PASSED] - hideKeyboard(): Keyboard is hidden

2023-06-20 11:05:56 - [MESSAGE][PASSED] - Keyboard is hidden

2023-06-20 11:05:56 - [TEST_STEP][PASSED] - verifyElementVisible(findTestObject("Object Repository/CPN253/android.widget.ImageButton"), 0): Element 'Object Repository/CPN253/android.widget.ImageButton' is visible

2023-06-20 11:05:56 - [MESSAGE][WARNING] - Timeout '0' is invalid. Using default page load timeout: '30'

2023-06-20 11:05:56 - [MESSAGE][PASSED] - Element 'Object Repository/CPN253/android.widget.ImageButton' is visible

2023-06-20 11:05:56 - [TEST_STEP][PASSED] - verifyElementText(findTestObject("Object Repository/CPN253/android.widget.TextView - Mnimo 20 caracteres"), "MÃ­nimo 20 caracteres"): Actual text and expected text of test object 'Object Repository/CPN253/android.widget.TextView - Mnimo 20 caracteres' are matched.

2023-06-20 11:05:56 - [MESSAGE][PASSED] - Actual text and expected text of test object 'Object Repository/CPN253/android.widget.TextView - Mnimo 20 caracteres' are matched.

2023-06-20 11:05:56 - [TEST_STEP][PASSED] - tap(findTestObject("Object Repository/CPN253/android.widget.Button - Enviar"), 0): Tapped on element 'Object Repository/CPN253/android.widget.Button - Enviar'

2023-06-20 11:05:56 - [MESSAGE][WARNING] - Timeout '0' is invalid. Using default page load timeout: '30'

2023-06-20 11:05:56 - [MESSAGE][PASSED] - Tapped on element 'Object Repository/CPN253/android.widget.Button - Enviar'

2023-06-20 11:05:56 - [TEST_STEP][PASSED] - tap(findTestObject("Object Repository/CPN253/android.widget.ImageButton (1)"), 0): Tapped on element 'Object Repository/CPN253/android.widget.ImageButton (1)'

2023-06-20 11:05:56 - [MESSAGE][WARNING] - Timeout '0' is invalid. Using default page load timeout: '30'

2023-06-20 11:05:57 - [MESSAGE][PASSED] - Tapped on element 'Object Repository/CPN253/android.widget.ImageButton (1)'

2023-06-20 11:05:57 - [TEST_STEP][PASSED] - tap(findTestObject("CPN253/android.widget.ImageButton (1)"), 0): Tapped on element 'Object Repository/CPN253/android.widget.ImageButton (1)'

2023-06-20 11:05:57 - [MESSAGE][WARNING] - Timeout '0' is invalid. Using default page load timeout: '30'

2023-06-20 11:05:57 - [MESSAGE][PASSED] - Tapped on element 'Object Repository/CPN253/android.widget.ImageButton (1)'

2023-06-20 11:05:57 - [TEST_STEP][PASSED] - tap(findTestObject("Object Repository/CPN253/android.widget.ImageView"), 0): Tapped on element 'Object Repository/CPN253/android.widget.ImageView'

2023-06-20 11:05:57 - [MESSAGE][WARNING] - Timeout '0' is invalid. Using default page load timeout: '30'

2023-06-20 11:05:58 - [MESSAGE][PASSED] - Tapped on element 'Object Repository/CPN253/android.widget.ImageView']]></system-out>
         <system-err><![CDATA[]]></system-err>
      </testcase>
      <testcase name="Test Cases/CPN254" time="26.62" classname="Test Cases/CPN254" status="PASSED">
         <system-out><![CDATA[2023-06-20 11:05:58 - [TEST_CASE][PASSED] - Test Cases/CPN254: Test Cases/CPN254

2023-06-20 11:05:59 - [TEST_STEP][PASSED] - tap(findTestObject("Object Repository/CPN254/android.widget.FrameLayout"), 0): Tapped on element 'Object Repository/CPN254/android.widget.FrameLayout'

2023-06-20 11:05:59 - [MESSAGE][WARNING] - Timeout '0' is invalid. Using default page load timeout: '30'

2023-06-20 11:06:00 - [MESSAGE][PASSED] - Tapped on element 'Object Repository/CPN254/android.widget.FrameLayout'

2023-06-20 11:06:00 - [TEST_STEP][PASSED] - tap(findTestObject("Object Repository/CPN254/android.widget.ImageView"), 0): Tapped on element 'Object Repository/CPN254/android.widget.ImageView'

2023-06-20 11:06:00 - [MESSAGE][WARNING] - Timeout '0' is invalid. Using default page load timeout: '30'

2023-06-20 11:06:01 - [MESSAGE][PASSED] - Tapped on element 'Object Repository/CPN254/android.widget.ImageView'

2023-06-20 11:06:01 - [TEST_STEP][PASSED] - tap(findTestObject("Object Repository/CPN254/android.widget.ImageView (1)"), 0): Tapped on element 'Object Repository/CPN254/android.widget.ImageView (1)'

2023-06-20 11:06:01 - [MESSAGE][WARNING] - Timeout '0' is invalid. Using default page load timeout: '30'

2023-06-20 11:06:02 - [MESSAGE][PASSED] - Tapped on element 'Object Repository/CPN254/android.widget.ImageView (1)'

2023-06-20 11:06:02 - [TEST_STEP][PASSED] - tap(findTestObject("Object Repository/CPN254/android.widget.ImageButton"), 0): Tapped on element 'Object Repository/CPN254/android.widget.ImageButton'

2023-06-20 11:06:02 - [MESSAGE][WARNING] - Timeout '0' is invalid. Using default page load timeout: '30'

2023-06-20 11:06:03 - [MESSAGE][PASSED] - Tapped on element 'Object Repository/CPN254/android.widget.ImageButton'

2023-06-20 11:06:03 - [TEST_STEP][PASSED] - delay(5, CONTINUE_ON_FAILURE): Delayed 5 second(s)

2023-06-20 11:06:08 - [MESSAGE][PASSED] - Delayed 5 second(s)

2023-06-20 11:06:08 - [TEST_STEP][PASSED] - scrollToText("adjuntos"): Scrolling to text 'adjuntos' successfully

2023-06-20 11:06:14 - [MESSAGE][PASSED] - Scrolling to text 'adjuntos' successfully

2023-06-20 11:06:14 - [TEST_STEP][PASSED] - pressBack(): Press back button successfully

2023-06-20 11:06:15 - [MESSAGE][PASSED] - Press back button successfully

2023-06-20 11:06:15 - [TEST_STEP][PASSED] - tap(findTestObject("Object Repository/CPN254/android.widget.ImageButton (1)"), 0): Tapped on element 'Object Repository/CPN254/android.widget.ImageButton (1)'

2023-06-20 11:06:15 - [MESSAGE][WARNING] - Timeout '0' is invalid. Using default page load timeout: '30'

2023-06-20 11:06:19 - [MESSAGE][PASSED] - Tapped on element 'Object Repository/CPN254/android.widget.ImageButton (1)'

2023-06-20 11:06:19 - [TEST_STEP][PASSED] - delay(5, CONTINUE_ON_FAILURE): Delayed 5 second(s)

2023-06-20 11:06:24 - [MESSAGE][PASSED] - Delayed 5 second(s)

2023-06-20 11:06:24 - [TEST_STEP][PASSED] - scrollToText("Acerca"): Scrolling to text 'Acerca' successfully

2023-06-20 11:06:25 - [MESSAGE][PASSED] - Scrolling to text 'Acerca' successfully

2023-06-20 11:06:25 - [TEST_STEP][PASSED] - pressBack(): Press back button successfully

2023-06-20 11:06:25 - [MESSAGE][PASSED] - Press back button successfully]]></system-out>
         <system-err><![CDATA[]]></system-err>
      </testcase>
      <system-out><![CDATA[2023-06-20 11:04:13 - [TEST_SUITE][PASSED] - pERFILPROPIO: Test Cases/CPN254]]></system-out>
      <system-err><![CDATA[]]></system-err>
   </testsuite>
</testsuites>
