<?xml version="1.0" encoding="UTF-8"?>
<testsuites name="Crear_usuario" time="255.508" tests="18" failures="0" errors="0">
   <testsuite name="Crear_usuario" tests="18" failures="0" errors="0" time="255.508" skipped="0" timestamp="2023-05-19 13:48:57" hostname="Testing - DESKTOP-OBIGNLU" id="Test Suites/Crear_usuario">
      <properties>
         <property name="deviceName" value="samsung SM-A107M (Android 11)"/>
         <property name="devicePlatform" value=""/>
         <property name="logFolder" value="C:\\Users\\Testing\\Katalon Studio\\NN_Version2\\Reports\\20230519_134851\\Crear_usuario\\20230519_134851"/>
         <property name="logFiles" value="C:\\Users\\Testing\\Katalon Studio\\NN_Version2\\Reports\\20230519_134851\\Crear_usuario\\20230519_134851\\appium.log, C:\\Users\\Testing\\Katalon Studio\\NN_Version2\\Reports\\20230519_134851\\Crear_usuario\\20230519_134851\\execution0.log"/>
         <property name="attachments" value=""/>
         <property name="hostName" value="Testing - DESKTOP-OBIGNLU"/>
         <property name="os" value="Windows 10 64bit"/>
         <property name="appiumServerStatus" value="{&quot;value&quot;:{&quot;build&quot;:{&quot;version&quot;:&quot;1.22.3&quot;}},&quot;sessionId&quot;:null,&quot;status&quot;:0}"/>
         <property name="katalonVersion" value="8.5.5.208"/>
         <property name="deviceOS" value="Android"/>
         <property name="appiumVersion" value="1.22.3"/>
         <property name="deviceModel" value="SM-A107M"/>
         <property name="hostAddress" value="192.168.1.5"/>
         <property name="deviceManufacturer" value="samsung"/>
         <property name="deviceId" value="R9WN40KBXDJ"/>
         <property name="deviceName" value="samsung SM-A107M (Android 11)"/>
         <property name="deviceOSVersion" value="11"/>
      </properties>
      <testcase name="Test Cases/Abrir_App/CPN1" time="43.281" classname="Test Cases/Abrir_App/CPN1" status="PASSED">
         <system-out><![CDATA[2023-05-19 13:48:58 - [TEST_CASE][PASSED] - Test Cases/Abrir_App/CPN1: Test Cases/Abrir_App/CPN1

2023-05-19 13:48:58 - [TEST_STEP][PASSED] - startApplication("C:\Users\Testing\Desktop\katalon\Version nueva\app-debug (2).apk", true): Started app at: 'C:\Users\Testing\Desktop\katalon\Version nueva\app-debug (2).apk'

2023-05-19 13:48:58 - [MESSAGE][INFO] - Detected NodeJS location: "C:\Program Files\nodejs\node.exe"

2023-05-19 13:49:00 - [MESSAGE][INFO] - Appium server started on port 63.548

2023-05-19 13:49:37 - [MESSAGE][PASSED] - Started app at: 'C:\Users\Testing\Desktop\katalon\Version nueva\app-debug (2).apk'

2023-05-19 13:49:37 - [TEST_STEP][PASSED] - pressBack(): Press back button successfully

2023-05-19 13:49:37 - [MESSAGE][PASSED] - Press back button successfully

2023-05-19 13:49:37 - [TEST_STEP][PASSED] - toggleWifi("OFF", STOP_ON_FAILURE): Toggled wifi

2023-05-19 13:49:38 - [MESSAGE][PASSED] - Toggled wifi

2023-05-19 13:49:38 - [TEST_STEP][PASSED] - tap(findTestObject("Object Repository/Abrir_App/CPN1/android.widget.TextView - NapoleoN"), 0): Tapped on element 'Object Repository/Abrir_App/CPN1/android.widget.TextView - NapoleoN'

2023-05-19 13:49:38 - [MESSAGE][WARNING] - Timeout '0' is invalid. Using default page load timeout: '30'

2023-05-19 13:49:40 - [MESSAGE][PASSED] - Tapped on element 'Object Repository/Abrir_App/CPN1/android.widget.TextView - NapoleoN'

2023-05-19 13:49:40 - [TEST_STEP][PASSED] - delay(1): Delayed 1 second(s)

2023-05-19 13:49:41 - [MESSAGE][PASSED] - Delayed 1 second(s)]]></system-out>
         <system-err><![CDATA[]]></system-err>
      </testcase>
      <testcase name="Test Cases/Abrir_App/CPN2" time="2.611" classname="Test Cases/Abrir_App/CPN2" status="PASSED">
         <system-out><![CDATA[2023-05-19 13:49:41 - [TEST_CASE][PASSED] - Test Cases/Abrir_App/CPN2: Test Cases/Abrir_App/CPN2

2023-05-19 13:49:41 - [TEST_STEP][PASSED] - toggleWifi("OFF", STOP_ON_FAILURE): Toggled wifi

2023-05-19 13:49:42 - [MESSAGE][PASSED] - Toggled wifi

2023-05-19 13:49:42 - [TEST_STEP][PASSED] - verifyElementVisible(findTestObject("Abrir_App/CPN2/android.widget.FrameLayout"), 0): Element 'Object Repository/Abrir_App/CPN2/android.widget.FrameLayout' is visible

2023-05-19 13:49:42 - [MESSAGE][WARNING] - Timeout '0' is invalid. Using default page load timeout: '30'

2023-05-19 13:49:42 - [MESSAGE][PASSED] - Element 'Object Repository/Abrir_App/CPN2/android.widget.FrameLayout' is visible

2023-05-19 13:49:42 - [TEST_STEP][PASSED] - pressBack(): Press back button successfully

2023-05-19 13:49:42 - [MESSAGE][PASSED] - Press back button successfully

2023-05-19 13:49:42 - [TEST_STEP][PASSED] - pressBack(): Press back button successfully

2023-05-19 13:49:44 - [MESSAGE][PASSED] - Press back button successfully]]></system-out>
         <system-err><![CDATA[]]></system-err>
      </testcase>
      <testcase name="Test Cases/Abrir_App/CPN3" time="21.053" classname="Test Cases/Abrir_App/CPN3" status="PASSED">
         <system-out><![CDATA[2023-05-19 13:49:44 - [TEST_CASE][PASSED] - Test Cases/Abrir_App/CPN3: Test Cases/Abrir_App/CPN3

2023-05-19 13:49:44 - [TEST_STEP][PASSED] - toggleWifi("ON", STOP_ON_FAILURE): Toggled wifi

2023-05-19 13:49:45 - [MESSAGE][PASSED] - Toggled wifi

2023-05-19 13:49:45 - [TEST_STEP][PASSED] - delay(4): Delayed 4 second(s)

2023-05-19 13:49:49 - [MESSAGE][PASSED] - Delayed 4 second(s)

2023-05-19 13:49:49 - [TEST_STEP][PASSED] - toggleWifi("OFF", STOP_ON_FAILURE): Toggled wifi

2023-05-19 13:49:50 - [MESSAGE][PASSED] - Toggled wifi

2023-05-19 13:49:50 - [TEST_STEP][PASSED] - tap(findTestObject("Object Repository/Abrir_App/CPN3/android.widget.TextView - NapoleoN"), 0): Tapped on element 'Object Repository/Abrir_App/CPN3/android.widget.TextView - NapoleoN'

2023-05-19 13:49:50 - [MESSAGE][WARNING] - Timeout '0' is invalid. Using default page load timeout: '30'

2023-05-19 13:49:51 - [MESSAGE][PASSED] - Tapped on element 'Object Repository/Abrir_App/CPN3/android.widget.TextView - NapoleoN'

2023-05-19 13:49:51 - [TEST_STEP][PASSED] - pressBack(): Press back button successfully

2023-05-19 13:49:53 - [MESSAGE][PASSED] - Press back button successfully

2023-05-19 13:49:53 - [TEST_STEP][PASSED] - tap(findTestObject("Object Repository/Abrir_App/CPN3/android.widget.TextView - NapoleoN"), 0): Tapped on element 'Object Repository/Abrir_App/CPN3/android.widget.TextView - NapoleoN'

2023-05-19 13:49:53 - [MESSAGE][WARNING] - Timeout '0' is invalid. Using default page load timeout: '30'

2023-05-19 13:49:54 - [MESSAGE][PASSED] - Tapped on element 'Object Repository/Abrir_App/CPN3/android.widget.TextView - NapoleoN'

2023-05-19 13:49:54 - [TEST_STEP][PASSED] - tap(findTestObject("Object Repository/Abrir_App/CPN3/android.widget.TextView - Omitir"), 0): Tapped on element 'Object Repository/Abrir_App/CPN3/android.widget.TextView - Omitir'

2023-05-19 13:49:54 - [MESSAGE][WARNING] - Timeout '0' is invalid. Using default page load timeout: '30'

2023-05-19 13:49:55 - [MESSAGE][PASSED] - Tapped on element 'Object Repository/Abrir_App/CPN3/android.widget.TextView - Omitir'

2023-05-19 13:49:55 - [TEST_STEP][PASSED] - tap(findTestObject("Abrir_App/CPN3/android.widget.Button - Crear Cuenta"), 0): Tapped on element 'Object Repository/Abrir_App/CPN3/android.widget.Button - Crear Cuenta'

2023-05-19 13:49:55 - [MESSAGE][WARNING] - Timeout '0' is invalid. Using default page load timeout: '30'

2023-05-19 13:49:57 - [MESSAGE][PASSED] - Tapped on element 'Object Repository/Abrir_App/CPN3/android.widget.Button - Crear Cuenta'

2023-05-19 13:49:57 - [TEST_STEP][PASSED] - tap(findTestObject("Object Repository/Abrir_App/CPN3/android.widget.Button - Enviar cdigo de registro"), 0): Tapped on element 'Object Repository/Abrir_App/CPN3/android.widget.Button - Enviar cdigo de registro'

2023-05-19 13:49:57 - [MESSAGE][WARNING] - Timeout '0' is invalid. Using default page load timeout: '30'

2023-05-19 13:49:58 - [MESSAGE][PASSED] - Tapped on element 'Object Repository/Abrir_App/CPN3/android.widget.Button - Enviar cdigo de registro'

2023-05-19 13:49:58 - [TEST_STEP][PASSED] - verifyElementVisible(findTestObject("Object Repository/Abrir_App/CPN3/android.widget.FrameLayout"), 0): Element 'Object Repository/Abrir_App/CPN3/android.widget.FrameLayout' is visible

2023-05-19 13:49:58 - [MESSAGE][WARNING] - Timeout '0' is invalid. Using default page load timeout: '30'

2023-05-19 13:50:00 - [MESSAGE][PASSED] - Element 'Object Repository/Abrir_App/CPN3/android.widget.FrameLayout' is visible

2023-05-19 13:50:00 - [TEST_STEP][PASSED] - tap(findTestObject("Object Repository/Abrir_App/CPN3/android.widget.Button - OK"), 0): Tapped on element 'Object Repository/Abrir_App/CPN3/android.widget.Button - OK'

2023-05-19 13:50:01 - [MESSAGE][WARNING] - Timeout '0' is invalid. Using default page load timeout: '30'

2023-05-19 13:50:01 - [MESSAGE][PASSED] - Tapped on element 'Object Repository/Abrir_App/CPN3/android.widget.Button - OK'

2023-05-19 13:50:01 - [TEST_STEP][PASSED] - toggleWifi("ON", STOP_ON_FAILURE): Toggled wifi

2023-05-19 13:50:02 - [MESSAGE][PASSED] - Toggled wifi

2023-05-19 13:50:02 - [TEST_STEP][PASSED] - delay(3): Delayed 3 second(s)

2023-05-19 13:50:05 - [MESSAGE][PASSED] - Delayed 3 second(s)]]></system-out>
         <system-err><![CDATA[]]></system-err>
      </testcase>
      <testcase name="Test Cases/INICIA_SESION_APODO_INEXISTENTE/CPN21" time="23.211" classname="Test Cases/INICIA_SESION_APODO_INEXISTENTE/CPN21" status="PASSED">
         <system-out><![CDATA[2023-05-19 13:50:05 - [TEST_CASE][PASSED] - Test Cases/INICIA_SESION_APODO_INEXISTENTE/CPN21: Test Cases/INICIA_SESION_APODO_INEXISTENTE/CPN21

2023-05-19 13:50:05 - [TEST_STEP][PASSED] - tap(findTestObject("Object Repository/INICIA_SESION_APODO_INEXISTENTE/CPN21/android.widget.ImageButton"), 0): Tapped on element 'Object Repository/INICIA_SESION_APODO_INEXISTENTE/CPN21/android.widget.ImageButton'

2023-05-19 13:50:05 - [MESSAGE][WARNING] - Timeout '0' is invalid. Using default page load timeout: '30'

2023-05-19 13:50:05 - [MESSAGE][PASSED] - Tapped on element 'Object Repository/INICIA_SESION_APODO_INEXISTENTE/CPN21/android.widget.ImageButton'

2023-05-19 13:50:05 - [TEST_STEP][PASSED] - tap(findTestObject("Object Repository/INICIA_SESION_APODO_INEXISTENTE/CPN21/android.widget.TextView - Iniciar sesin"), 0): Tapped on element 'Object Repository/INICIA_SESION_APODO_INEXISTENTE/CPN21/android.widget.TextView - Iniciar sesin'

2023-05-19 13:50:05 - [MESSAGE][WARNING] - Timeout '0' is invalid. Using default page load timeout: '30'

2023-05-19 13:50:06 - [MESSAGE][PASSED] - Tapped on element 'Object Repository/INICIA_SESION_APODO_INEXISTENTE/CPN21/android.widget.TextView - Iniciar sesin'

2023-05-19 13:50:06 - [TEST_STEP][PASSED] - verifyElementText(findTestObject("Object Repository/INICIA_SESION_APODO_INEXISTENTE/CPN21/android.widget.TextView - Recuperar Cuenta"), "Recuperar Cuenta"): Actual text and expected text of test object 'Object Repository/INICIA_SESION_APODO_INEXISTENTE/CPN21/android.widget.TextView - Recuperar Cuenta' are matched.

2023-05-19 13:50:08 - [MESSAGE][PASSED] - Actual text and expected text of test object 'Object Repository/INICIA_SESION_APODO_INEXISTENTE/CPN21/android.widget.TextView - Recuperar Cuenta' are matched.

2023-05-19 13:50:08 - [TEST_STEP][PASSED] - tap(findTestObject("Object Repository/INICIA_SESION_APODO_INEXISTENTE/CPN21/android.widget.EditText - Apodo"), 0): Tapped on element 'Object Repository/INICIA_SESION_APODO_INEXISTENTE/CPN21/android.widget.EditText - Apodo'

2023-05-19 13:50:08 - [MESSAGE][WARNING] - Timeout '0' is invalid. Using default page load timeout: '30'

2023-05-19 13:50:09 - [MESSAGE][PASSED] - Tapped on element 'Object Repository/INICIA_SESION_APODO_INEXISTENTE/CPN21/android.widget.EditText - Apodo'

2023-05-19 13:50:09 - [TEST_STEP][PASSED] - setText(findTestObject("Object Repository/INICIA_SESION_APODO_INEXISTENTE/CPN21/android.widget.EditText - Apodo (1)"), "AUTOMATIZACION", 0): Text 'AUTOMATIZACION' has been set to element 'Object Repository/INICIA_SESION_APODO_INEXISTENTE/CPN21/android.widget.EditText - Apodo (1)'

2023-05-19 13:50:09 - [MESSAGE][WARNING] - Timeout '0' is invalid. Using default page load timeout: '30'

2023-05-19 13:50:12 - [MESSAGE][PASSED] - Text 'AUTOMATIZACION' has been set to element 'Object Repository/INICIA_SESION_APODO_INEXISTENTE/CPN21/android.widget.EditText - Apodo (1)'

2023-05-19 13:50:12 - [TEST_STEP][PASSED] - hideKeyboard(): Keyboard is hidden

2023-05-19 13:50:14 - [MESSAGE][PASSED] - Keyboard is hidden

2023-05-19 13:50:15 - [TEST_STEP][PASSED] - tap(findTestObject("Object Repository/INICIA_SESION_APODO_INEXISTENTE/CPN21/android.widget.Button - Recuperar"), 0): Tapped on element 'Object Repository/INICIA_SESION_APODO_INEXISTENTE/CPN21/android.widget.Button - Recuperar'

2023-05-19 13:50:15 - [MESSAGE][WARNING] - Timeout '0' is invalid. Using default page load timeout: '30'

2023-05-19 13:50:15 - [MESSAGE][PASSED] - Tapped on element 'Object Repository/INICIA_SESION_APODO_INEXISTENTE/CPN21/android.widget.Button - Recuperar'

2023-05-19 13:50:15 - [TEST_STEP][PASSED] - tap(findTestObject("Object Repository/INICIA_SESION_APODO_INEXISTENTE/CPN21/android.widget.RadioButton - No eleg esta pregunta"), 0): Tapped on element 'Object Repository/INICIA_SESION_APODO_INEXISTENTE/CPN21/android.widget.RadioButton - No eleg esta pregunta'

2023-05-19 13:50:15 - [MESSAGE][WARNING] - Timeout '0' is invalid. Using default page load timeout: '30'

2023-05-19 13:50:18 - [MESSAGE][PASSED] - Tapped on element 'Object Repository/INICIA_SESION_APODO_INEXISTENTE/CPN21/android.widget.RadioButton - No eleg esta pregunta'

2023-05-19 13:50:18 - [TEST_STEP][PASSED] - tap(findTestObject("Object Repository/INICIA_SESION_APODO_INEXISTENTE/CPN21/android.widget.Button - Siguiente"), 0): Tapped on element 'Object Repository/INICIA_SESION_APODO_INEXISTENTE/CPN21/android.widget.Button - Siguiente'

2023-05-19 13:50:18 - [MESSAGE][WARNING] - Timeout '0' is invalid. Using default page load timeout: '30'

2023-05-19 13:50:19 - [MESSAGE][PASSED] - Tapped on element 'Object Repository/INICIA_SESION_APODO_INEXISTENTE/CPN21/android.widget.Button - Siguiente'

2023-05-19 13:50:19 - [TEST_STEP][PASSED] - tap(findTestObject("Object Repository/INICIA_SESION_APODO_INEXISTENTE/CPN21/android.widget.Button - Siguiente (1)"), 0): Tapped on element 'Object Repository/INICIA_SESION_APODO_INEXISTENTE/CPN21/android.widget.Button - Siguiente (1)'

2023-05-19 13:50:19 - [MESSAGE][WARNING] - Timeout '0' is invalid. Using default page load timeout: '30'

2023-05-19 13:50:19 - [MESSAGE][PASSED] - Tapped on element 'Object Repository/INICIA_SESION_APODO_INEXISTENTE/CPN21/android.widget.Button - Siguiente (1)'

2023-05-19 13:50:19 - [TEST_STEP][PASSED] - tap(findTestObject("Object Repository/INICIA_SESION_APODO_INEXISTENTE/CPN21/android.widget.RadioGroup"), 0): Tapped on element 'Object Repository/INICIA_SESION_APODO_INEXISTENTE/CPN21/android.widget.RadioGroup'

2023-05-19 13:50:19 - [MESSAGE][WARNING] - Timeout '0' is invalid. Using default page load timeout: '30'

2023-05-19 13:50:20 - [MESSAGE][PASSED] - Tapped on element 'Object Repository/INICIA_SESION_APODO_INEXISTENTE/CPN21/android.widget.RadioGroup'

2023-05-19 13:50:20 - [TEST_STEP][PASSED] - tap(findTestObject("INICIA_SESION_APODO_INEXISTENTE/CPN21/android.widget.Button - Siguiente (1)"), 0): Tapped on element 'Object Repository/INICIA_SESION_APODO_INEXISTENTE/CPN21/android.widget.Button - Siguiente (1)'

2023-05-19 13:50:20 - [MESSAGE][WARNING] - Timeout '0' is invalid. Using default page load timeout: '30'

2023-05-19 13:50:21 - [MESSAGE][PASSED] - Tapped on element 'Object Repository/INICIA_SESION_APODO_INEXISTENTE/CPN21/android.widget.Button - Siguiente (1)'

2023-05-19 13:50:21 - [TEST_STEP][PASSED] - tap(findTestObject("Object Repository/INICIA_SESION_APODO_INEXISTENTE/CPN21/android.widget.RadioGroup (1)"), 0): Tapped on element 'Object Repository/INICIA_SESION_APODO_INEXISTENTE/CPN21/android.widget.RadioGroup (1)'

2023-05-19 13:50:21 - [MESSAGE][WARNING] - Timeout '0' is invalid. Using default page load timeout: '30'

2023-05-19 13:50:22 - [MESSAGE][PASSED] - Tapped on element 'Object Repository/INICIA_SESION_APODO_INEXISTENTE/CPN21/android.widget.RadioGroup (1)'

2023-05-19 13:50:22 - [TEST_STEP][PASSED] - tap(findTestObject("INICIA_SESION_APODO_INEXISTENTE/CPN21/android.widget.Button - Siguiente (1)"), 0): Tapped on element 'Object Repository/INICIA_SESION_APODO_INEXISTENTE/CPN21/android.widget.Button - Siguiente (1)'

2023-05-19 13:50:22 - [MESSAGE][WARNING] - Timeout '0' is invalid. Using default page load timeout: '30'

2023-05-19 13:50:23 - [MESSAGE][PASSED] - Tapped on element 'Object Repository/INICIA_SESION_APODO_INEXISTENTE/CPN21/android.widget.Button - Siguiente (1)'

2023-05-19 13:50:23 - [TEST_STEP][PASSED] - tap(findTestObject("INICIA_SESION_APODO_INEXISTENTE/CPN21/android.widget.Button - Siguiente (1)"), 0): Tapped on element 'Object Repository/INICIA_SESION_APODO_INEXISTENTE/CPN21/android.widget.Button - Siguiente (1)'

2023-05-19 13:50:23 - [MESSAGE][WARNING] - Timeout '0' is invalid. Using default page load timeout: '30'

2023-05-19 13:50:23 - [MESSAGE][PASSED] - Tapped on element 'Object Repository/INICIA_SESION_APODO_INEXISTENTE/CPN21/android.widget.Button - Siguiente (1)'

2023-05-19 13:50:23 - [TEST_STEP][PASSED] - tap(findTestObject("INICIA_SESION_APODO_INEXISTENTE/CPN21/android.widget.RadioGroup (1)"), 0): Tapped on element 'Object Repository/INICIA_SESION_APODO_INEXISTENTE/CPN21/android.widget.RadioGroup (1)'

2023-05-19 13:50:23 - [MESSAGE][WARNING] - Timeout '0' is invalid. Using default page load timeout: '30'

2023-05-19 13:50:24 - [MESSAGE][PASSED] - Tapped on element 'Object Repository/INICIA_SESION_APODO_INEXISTENTE/CPN21/android.widget.RadioGroup (1)'

2023-05-19 13:50:24 - [TEST_STEP][PASSED] - tap(findTestObject("INICIA_SESION_APODO_INEXISTENTE/CPN21/android.widget.Button - Siguiente (1)"), 0): Tapped on element 'Object Repository/INICIA_SESION_APODO_INEXISTENTE/CPN21/android.widget.Button - Siguiente (1)'

2023-05-19 13:50:24 - [MESSAGE][WARNING] - Timeout '0' is invalid. Using default page load timeout: '30'

2023-05-19 13:50:25 - [MESSAGE][PASSED] - Tapped on element 'Object Repository/INICIA_SESION_APODO_INEXISTENTE/CPN21/android.widget.Button - Siguiente (1)'

2023-05-19 13:50:25 - [TEST_STEP][PASSED] - tap(findTestObject("INICIA_SESION_APODO_INEXISTENTE/CPN21/android.widget.RadioGroup (1)"), 0): Tapped on element 'Object Repository/INICIA_SESION_APODO_INEXISTENTE/CPN21/android.widget.RadioGroup (1)'

2023-05-19 13:50:25 - [MESSAGE][WARNING] - Timeout '0' is invalid. Using default page load timeout: '30'

2023-05-19 13:50:25 - [MESSAGE][PASSED] - Tapped on element 'Object Repository/INICIA_SESION_APODO_INEXISTENTE/CPN21/android.widget.RadioGroup (1)'

2023-05-19 13:50:25 - [TEST_STEP][PASSED] - tap(findTestObject("Object Repository/INICIA_SESION_APODO_INEXISTENTE/CPN21/android.widget.Button - Finalizar"), 0): Tapped on element 'Object Repository/INICIA_SESION_APODO_INEXISTENTE/CPN21/android.widget.Button - Finalizar'

2023-05-19 13:50:26 - [MESSAGE][WARNING] - Timeout '0' is invalid. Using default page load timeout: '30'

2023-05-19 13:50:26 - [MESSAGE][PASSED] - Tapped on element 'Object Repository/INICIA_SESION_APODO_INEXISTENTE/CPN21/android.widget.Button - Finalizar'

2023-05-19 13:50:26 - [TEST_STEP][PASSED] - verifyElementVisible(findTestObject("Object Repository/INICIA_SESION_APODO_INEXISTENTE/CPN21/androidx.appcompat.widget.LinearLayoutCompat"), 0): Element 'Object Repository/INICIA_SESION_APODO_INEXISTENTE/CPN21/androidx.appcompat.widget.LinearLayoutCompat' is visible

2023-05-19 13:50:26 - [MESSAGE][WARNING] - Timeout '0' is invalid. Using default page load timeout: '30'

2023-05-19 13:50:28 - [MESSAGE][PASSED] - Element 'Object Repository/INICIA_SESION_APODO_INEXISTENTE/CPN21/androidx.appcompat.widget.LinearLayoutCompat' is visible

2023-05-19 13:50:28 - [TEST_STEP][PASSED] - tap(findTestObject("Object Repository/INICIA_SESION_APODO_INEXISTENTE/CPN21/android.widget.Button - Cerrar"), 0): Tapped on element 'Object Repository/INICIA_SESION_APODO_INEXISTENTE/CPN21/android.widget.Button - Cerrar'

2023-05-19 13:50:28 - [MESSAGE][WARNING] - Timeout '0' is invalid. Using default page load timeout: '30'

2023-05-19 13:50:28 - [MESSAGE][PASSED] - Tapped on element 'Object Repository/INICIA_SESION_APODO_INEXISTENTE/CPN21/android.widget.Button - Cerrar']]></system-out>
         <system-err><![CDATA[]]></system-err>
      </testcase>
      <testcase name="Test Cases/INICIA_SESION_APODO_EXISTENTE/CPN22" time="18.537" classname="Test Cases/INICIA_SESION_APODO_EXISTENTE/CPN22" status="PASSED">
         <system-out><![CDATA[2023-05-19 13:50:28 - [TEST_CASE][PASSED] - Test Cases/INICIA_SESION_APODO_EXISTENTE/CPN22: Test Cases/INICIA_SESION_APODO_EXISTENTE/CPN22

2023-05-19 13:50:28 - [TEST_STEP][PASSED] - tap(findTestObject("Object Repository/INICIA_SESION_APODO_EXISTENTE/CPN22/android.widget.EditText - Apodo"), 0): Tapped on element 'Object Repository/INICIA_SESION_APODO_EXISTENTE/CPN22/android.widget.EditText - Apodo'

2023-05-19 13:50:28 - [MESSAGE][WARNING] - Timeout '0' is invalid. Using default page load timeout: '30'

2023-05-19 13:50:29 - [MESSAGE][PASSED] - Tapped on element 'Object Repository/INICIA_SESION_APODO_EXISTENTE/CPN22/android.widget.EditText - Apodo'

2023-05-19 13:50:29 - [TEST_STEP][PASSED] - setText(findTestObject("Object Repository/INICIA_SESION_APODO_EXISTENTE/CPN22/android.widget.EditText - Apodo (1)"), "angello16", 0): Text 'angello16' has been set to element 'Object Repository/INICIA_SESION_APODO_EXISTENTE/CPN22/android.widget.EditText - Apodo (1)'

2023-05-19 13:50:29 - [MESSAGE][WARNING] - Timeout '0' is invalid. Using default page load timeout: '30'

2023-05-19 13:50:32 - [MESSAGE][PASSED] - Text 'angello16' has been set to element 'Object Repository/INICIA_SESION_APODO_EXISTENTE/CPN22/android.widget.EditText - Apodo (1)'

2023-05-19 13:50:32 - [TEST_STEP][PASSED] - hideKeyboard(): Keyboard is hidden

2023-05-19 13:50:34 - [MESSAGE][PASSED] - Keyboard is hidden

2023-05-19 13:50:34 - [TEST_STEP][PASSED] - tap(findTestObject("Object Repository/INICIA_SESION_APODO_EXISTENTE/CPN22/android.widget.Button - Recuperar"), 0): Tapped on element 'Object Repository/INICIA_SESION_APODO_EXISTENTE/CPN22/android.widget.Button - Recuperar'

2023-05-19 13:50:34 - [MESSAGE][WARNING] - Timeout '0' is invalid. Using default page load timeout: '30'

2023-05-19 13:50:34 - [MESSAGE][PASSED] - Tapped on element 'Object Repository/INICIA_SESION_APODO_EXISTENTE/CPN22/android.widget.Button - Recuperar'

2023-05-19 13:50:34 - [TEST_STEP][PASSED] - tap(findTestObject("INICIA_SESION_APODO_EXISTENTE/CPN22/android.widget.RadioGroup"), 0): Tapped on element 'Object Repository/INICIA_SESION_APODO_EXISTENTE/CPN22/android.widget.RadioGroup'

2023-05-19 13:50:34 - [MESSAGE][WARNING] - Timeout '0' is invalid. Using default page load timeout: '30'

2023-05-19 13:50:36 - [MESSAGE][PASSED] - Tapped on element 'Object Repository/INICIA_SESION_APODO_EXISTENTE/CPN22/android.widget.RadioGroup'

2023-05-19 13:50:36 - [TEST_STEP][PASSED] - tap(findTestObject("Object Repository/INICIA_SESION_APODO_EXISTENTE/CPN22/android.widget.Button - Siguiente"), 0): Tapped on element 'Object Repository/INICIA_SESION_APODO_EXISTENTE/CPN22/android.widget.Button - Siguiente'

2023-05-19 13:50:36 - [MESSAGE][WARNING] - Timeout '0' is invalid. Using default page load timeout: '30'

2023-05-19 13:50:37 - [MESSAGE][PASSED] - Tapped on element 'Object Repository/INICIA_SESION_APODO_EXISTENTE/CPN22/android.widget.Button - Siguiente'

2023-05-19 13:50:37 - [TEST_STEP][PASSED] - tap(findTestObject("Object Repository/INICIA_SESION_APODO_EXISTENTE/CPN22/android.widget.Button - Siguiente (1)"), 0): Tapped on element 'Object Repository/INICIA_SESION_APODO_EXISTENTE/CPN22/android.widget.Button - Siguiente (1)'

2023-05-19 13:50:37 - [MESSAGE][WARNING] - Timeout '0' is invalid. Using default page load timeout: '30'

2023-05-19 13:50:38 - [MESSAGE][PASSED] - Tapped on element 'Object Repository/INICIA_SESION_APODO_EXISTENTE/CPN22/android.widget.Button - Siguiente (1)'

2023-05-19 13:50:38 - [TEST_STEP][PASSED] - tap(findTestObject("Object Repository/INICIA_SESION_APODO_EXISTENTE/CPN22/android.widget.RadioGroup (1)"), 0): Tapped on element 'Object Repository/INICIA_SESION_APODO_EXISTENTE/CPN22/android.widget.RadioGroup (1)'

2023-05-19 13:50:38 - [MESSAGE][WARNING] - Timeout '0' is invalid. Using default page load timeout: '30'

2023-05-19 13:50:38 - [MESSAGE][PASSED] - Tapped on element 'Object Repository/INICIA_SESION_APODO_EXISTENTE/CPN22/android.widget.RadioGroup (1)'

2023-05-19 13:50:38 - [TEST_STEP][PASSED] - tap(findTestObject("INICIA_SESION_APODO_EXISTENTE/CPN22/android.widget.Button - Siguiente (1)"), 0): Tapped on element 'Object Repository/INICIA_SESION_APODO_EXISTENTE/CPN22/android.widget.Button - Siguiente (1)'

2023-05-19 13:50:38 - [MESSAGE][WARNING] - Timeout '0' is invalid. Using default page load timeout: '30'

2023-05-19 13:50:39 - [MESSAGE][PASSED] - Tapped on element 'Object Repository/INICIA_SESION_APODO_EXISTENTE/CPN22/android.widget.Button - Siguiente (1)'

2023-05-19 13:50:39 - [TEST_STEP][PASSED] - tap(findTestObject("Object Repository/INICIA_SESION_APODO_EXISTENTE/CPN22/android.widget.RadioButton - No eleg esta pregunta"), 0): Tapped on element 'Object Repository/INICIA_SESION_APODO_EXISTENTE/CPN22/android.widget.RadioButton - No eleg esta pregunta'

2023-05-19 13:50:39 - [MESSAGE][WARNING] - Timeout '0' is invalid. Using default page load timeout: '30'

2023-05-19 13:50:40 - [MESSAGE][PASSED] - Tapped on element 'Object Repository/INICIA_SESION_APODO_EXISTENTE/CPN22/android.widget.RadioButton - No eleg esta pregunta'

2023-05-19 13:50:40 - [TEST_STEP][PASSED] - tap(findTestObject("INICIA_SESION_APODO_EXISTENTE/CPN22/android.widget.Button - Siguiente (1)"), 0): Tapped on element 'Object Repository/INICIA_SESION_APODO_EXISTENTE/CPN22/android.widget.Button - Siguiente (1)'

2023-05-19 13:50:40 - [MESSAGE][WARNING] - Timeout '0' is invalid. Using default page load timeout: '30'

2023-05-19 13:50:41 - [MESSAGE][PASSED] - Tapped on element 'Object Repository/INICIA_SESION_APODO_EXISTENTE/CPN22/android.widget.Button - Siguiente (1)'

2023-05-19 13:50:41 - [TEST_STEP][PASSED] - tap(findTestObject("INICIA_SESION_APODO_EXISTENTE/CPN22/android.widget.RadioGroup"), 0): Tapped on element 'Object Repository/INICIA_SESION_APODO_EXISTENTE/CPN22/android.widget.RadioGroup'

2023-05-19 13:50:41 - [MESSAGE][WARNING] - Timeout '0' is invalid. Using default page load timeout: '30'

2023-05-19 13:50:41 - [MESSAGE][PASSED] - Tapped on element 'Object Repository/INICIA_SESION_APODO_EXISTENTE/CPN22/android.widget.RadioGroup'

2023-05-19 13:50:41 - [TEST_STEP][PASSED] - tap(findTestObject("INICIA_SESION_APODO_EXISTENTE/CPN22/android.widget.Button - Siguiente (1)"), 0): Tapped on element 'Object Repository/INICIA_SESION_APODO_EXISTENTE/CPN22/android.widget.Button - Siguiente (1)'

2023-05-19 13:50:41 - [MESSAGE][WARNING] - Timeout '0' is invalid. Using default page load timeout: '30'

2023-05-19 13:50:42 - [MESSAGE][PASSED] - Tapped on element 'Object Repository/INICIA_SESION_APODO_EXISTENTE/CPN22/android.widget.Button - Siguiente (1)'

2023-05-19 13:50:42 - [TEST_STEP][PASSED] - tap(findTestObject("INICIA_SESION_APODO_EXISTENTE/CPN22/android.widget.RadioGroup"), 0): Tapped on element 'Object Repository/INICIA_SESION_APODO_EXISTENTE/CPN22/android.widget.RadioGroup'

2023-05-19 13:50:42 - [MESSAGE][WARNING] - Timeout '0' is invalid. Using default page load timeout: '30'

2023-05-19 13:50:43 - [MESSAGE][PASSED] - Tapped on element 'Object Repository/INICIA_SESION_APODO_EXISTENTE/CPN22/android.widget.RadioGroup'

2023-05-19 13:50:43 - [TEST_STEP][PASSED] - tap(findTestObject("Object Repository/INICIA_SESION_APODO_EXISTENTE/CPN22/android.widget.Button - Finalizar"), 0): Tapped on element 'Object Repository/INICIA_SESION_APODO_EXISTENTE/CPN22/android.widget.Button - Finalizar'

2023-05-19 13:50:43 - [MESSAGE][WARNING] - Timeout '0' is invalid. Using default page load timeout: '30'

2023-05-19 13:50:44 - [MESSAGE][PASSED] - Tapped on element 'Object Repository/INICIA_SESION_APODO_EXISTENTE/CPN22/android.widget.Button - Finalizar'

2023-05-19 13:50:44 - [TEST_STEP][PASSED] - verifyElementVisible(findTestObject("Object Repository/INICIA_SESION_APODO_EXISTENTE/CPN22/androidx.appcompat.widget.LinearLayoutCompat"), 0): Element 'Object Repository/INICIA_SESION_APODO_EXISTENTE/CPN22/androidx.appcompat.widget.LinearLayoutCompat' is visible

2023-05-19 13:50:44 - [MESSAGE][WARNING] - Timeout '0' is invalid. Using default page load timeout: '30'

2023-05-19 13:50:45 - [MESSAGE][PASSED] - Element 'Object Repository/INICIA_SESION_APODO_EXISTENTE/CPN22/androidx.appcompat.widget.LinearLayoutCompat' is visible

2023-05-19 13:50:45 - [TEST_STEP][PASSED] - tap(findTestObject("Object Repository/INICIA_SESION_APODO_EXISTENTE/CPN22/android.widget.Button - Cerrar"), 0): Tapped on element 'Object Repository/INICIA_SESION_APODO_EXISTENTE/CPN22/android.widget.Button - Cerrar'

2023-05-19 13:50:45 - [MESSAGE][WARNING] - Timeout '0' is invalid. Using default page load timeout: '30'

2023-05-19 13:50:45 - [MESSAGE][PASSED] - Tapped on element 'Object Repository/INICIA_SESION_APODO_EXISTENTE/CPN22/android.widget.Button - Cerrar'

2023-05-19 13:50:45 - [TEST_STEP][PASSED] - tap(findTestObject("Object Repository/INICIA_SESION_APODO_EXISTENTE/CPN22/android.widget.ImageButton"), 0): Tapped on element 'Object Repository/INICIA_SESION_APODO_EXISTENTE/CPN22/android.widget.ImageButton'

2023-05-19 13:50:45 - [MESSAGE][WARNING] - Timeout '0' is invalid. Using default page load timeout: '30'

2023-05-19 13:50:46 - [MESSAGE][PASSED] - Tapped on element 'Object Repository/INICIA_SESION_APODO_EXISTENTE/CPN22/android.widget.ImageButton']]></system-out>
         <system-err><![CDATA[]]></system-err>
      </testcase>
      <testcase name="Test Cases/Abrir_App/CPN4" time="1.158" classname="Test Cases/Abrir_App/CPN4" status="PASSED">
         <system-out><![CDATA[2023-05-19 13:50:46 - [TEST_CASE][PASSED] - Test Cases/Abrir_App/CPN4: Test Cases/Abrir_App/CPN4

2023-05-19 13:50:47 - [TEST_STEP][PASSED] - toggleWifi("OFF", STOP_ON_FAILURE): Toggled wifi

2023-05-19 13:50:48 - [MESSAGE][PASSED] - Toggled wifi]]></system-out>
         <system-err><![CDATA[]]></system-err>
      </testcase>
      <testcase name="Test Cases/CPNTUTORIAL/CPNTUTORIAL" time="9.525" classname="Test Cases/CPNTUTORIAL/CPNTUTORIAL" status="PASSED">
         <system-out><![CDATA[2023-05-19 13:50:48 - [TEST_CASE][PASSED] - Test Cases/CPNTUTORIAL/CPNTUTORIAL: Test Cases/CPNTUTORIAL/CPNTUTORIAL

2023-05-19 13:50:48 - [TEST_STEP][PASSED] - verifyElementText(findTestObject("Object Repository/CPNTUTORIAL/android.widget.FrameLayout (1)"), ""): Actual text and expected text of test object 'Object Repository/CPNTUTORIAL/android.widget.FrameLayout (1)' are matched.

2023-05-19 13:50:48 - [MESSAGE][PASSED] - Actual text and expected text of test object 'Object Repository/CPNTUTORIAL/android.widget.FrameLayout (1)' are matched.

2023-05-19 13:50:48 - [TEST_STEP][PASSED] - pressBack(): Press back button successfully

2023-05-19 13:50:49 - [MESSAGE][PASSED] - Press back button successfully

2023-05-19 13:50:49 - [TEST_STEP][PASSED] - tap(findTestObject("Object Repository/CPNTUTORIAL/android.widget.TextView - Omitir"), 0): Tapped on element 'Object Repository/CPNTUTORIAL/android.widget.TextView - Omitir'

2023-05-19 13:50:49 - [MESSAGE][WARNING] - Timeout '0' is invalid. Using default page load timeout: '30'

2023-05-19 13:50:50 - [MESSAGE][PASSED] - Tapped on element 'Object Repository/CPNTUTORIAL/android.widget.TextView - Omitir'

2023-05-19 13:50:50 - [TEST_STEP][PASSED] - pressBack(): Press back button successfully

2023-05-19 13:50:50 - [MESSAGE][PASSED] - Press back button successfully

2023-05-19 13:50:50 - [TEST_STEP][PASSED] - toggleWifi("ON", STOP_ON_FAILURE): Toggled wifi

2023-05-19 13:50:51 - [MESSAGE][PASSED] - Toggled wifi

2023-05-19 13:50:51 - [TEST_STEP][PASSED] - tap(findTestObject("Object Repository/CPNTUTORIAL/android.widget.TextView - Siguiente"), 0): Tapped on element 'Object Repository/CPNTUTORIAL/android.widget.TextView - Siguiente'

2023-05-19 13:50:51 - [MESSAGE][WARNING] - Timeout '0' is invalid. Using default page load timeout: '30'

2023-05-19 13:50:51 - [MESSAGE][PASSED] - Tapped on element 'Object Repository/CPNTUTORIAL/android.widget.TextView - Siguiente'

2023-05-19 13:50:51 - [TEST_STEP][PASSED] - verifyElementText(findTestObject("CPNTUTORIAL/android.widget.FrameLayout"), ""): Actual text and expected text of test object 'Object Repository/CPNTUTORIAL/android.widget.FrameLayout' are matched.

2023-05-19 13:50:52 - [MESSAGE][PASSED] - Actual text and expected text of test object 'Object Repository/CPNTUTORIAL/android.widget.FrameLayout' are matched.

2023-05-19 13:50:52 - [TEST_STEP][PASSED] - tap(findTestObject("Object Repository/CPNTUTORIAL/android.widget.TextView - Siguiente (1)"), 0): Tapped on element 'Object Repository/CPNTUTORIAL/android.widget.TextView - Siguiente (1)'

2023-05-19 13:50:52 - [MESSAGE][WARNING] - Timeout '0' is invalid. Using default page load timeout: '30'

2023-05-19 13:50:53 - [MESSAGE][PASSED] - Tapped on element 'Object Repository/CPNTUTORIAL/android.widget.TextView - Siguiente (1)'

2023-05-19 13:50:53 - [TEST_STEP][PASSED] - verifyElementText(findTestObject("CPNTUTORIAL/android.widget.FrameLayout"), ""): Actual text and expected text of test object 'Object Repository/CPNTUTORIAL/android.widget.FrameLayout' are matched.

2023-05-19 13:50:54 - [MESSAGE][PASSED] - Actual text and expected text of test object 'Object Repository/CPNTUTORIAL/android.widget.FrameLayout' are matched.

2023-05-19 13:50:54 - [TEST_STEP][PASSED] - tap(findTestObject("CPNTUTORIAL/android.widget.TextView - Siguiente (1)"), 0): Tapped on element 'Object Repository/CPNTUTORIAL/android.widget.TextView - Siguiente (1)'

2023-05-19 13:50:54 - [MESSAGE][WARNING] - Timeout '0' is invalid. Using default page load timeout: '30'

2023-05-19 13:50:54 - [MESSAGE][PASSED] - Tapped on element 'Object Repository/CPNTUTORIAL/android.widget.TextView - Siguiente (1)'

2023-05-19 13:50:54 - [TEST_STEP][PASSED] - tap(findTestObject("CPNTUTORIAL/android.widget.TextView - Siguiente (1)"), 0): Tapped on element 'Object Repository/CPNTUTORIAL/android.widget.TextView - Siguiente (1)'

2023-05-19 13:50:54 - [MESSAGE][WARNING] - Timeout '0' is invalid. Using default page load timeout: '30'

2023-05-19 13:50:55 - [MESSAGE][PASSED] - Tapped on element 'Object Repository/CPNTUTORIAL/android.widget.TextView - Siguiente (1)'

2023-05-19 13:50:55 - [TEST_STEP][PASSED] - verifyElementText(findTestObject("CPNTUTORIAL/android.widget.FrameLayout"), ""): Actual text and expected text of test object 'Object Repository/CPNTUTORIAL/android.widget.FrameLayout' are matched.

2023-05-19 13:50:56 - [MESSAGE][PASSED] - Actual text and expected text of test object 'Object Repository/CPNTUTORIAL/android.widget.FrameLayout' are matched.

2023-05-19 13:50:56 - [TEST_STEP][PASSED] - tap(findTestObject("CPNTUTORIAL/android.widget.TextView - Siguiente (1)"), 0): Tapped on element 'Object Repository/CPNTUTORIAL/android.widget.TextView - Siguiente (1)'

2023-05-19 13:50:56 - [MESSAGE][WARNING] - Timeout '0' is invalid. Using default page load timeout: '30'

2023-05-19 13:50:56 - [MESSAGE][PASSED] - Tapped on element 'Object Repository/CPNTUTORIAL/android.widget.TextView - Siguiente (1)'

2023-05-19 13:50:56 - [TEST_STEP][PASSED] - verifyElementText(findTestObject("CPNTUTORIAL/android.widget.FrameLayout"), ""): Actual text and expected text of test object 'Object Repository/CPNTUTORIAL/android.widget.FrameLayout' are matched.

2023-05-19 13:50:57 - [MESSAGE][PASSED] - Actual text and expected text of test object 'Object Repository/CPNTUTORIAL/android.widget.FrameLayout' are matched.

2023-05-19 13:50:57 - [TEST_STEP][PASSED] - tap(findTestObject("Object Repository/CPNTUTORIAL/android.widget.TextView - Empezar"), 0): Tapped on element 'Object Repository/CPNTUTORIAL/android.widget.TextView - Empezar'

2023-05-19 13:50:57 - [MESSAGE][WARNING] - Timeout '0' is invalid. Using default page load timeout: '30'

2023-05-19 13:50:57 - [MESSAGE][PASSED] - Tapped on element 'Object Repository/CPNTUTORIAL/android.widget.TextView - Empezar']]></system-out>
         <system-err><![CDATA[]]></system-err>
      </testcase>
      <testcase name="Test Cases/Crear cuenta/CPN5" time="7.014" classname="Test Cases/Crear cuenta/CPN5" status="PASSED">
         <system-out><![CDATA[2023-05-19 13:50:57 - [TEST_CASE][PASSED] - Test Cases/Crear cuenta/CPN5: Test Cases/Crear cuenta/CPN5

2023-05-19 13:50:57 - [TEST_STEP][PASSED] - tap(findTestObject("Object Repository/Crear_cuenta/CPN5/android.widget.Button - Crear Cuenta"), 0): Tapped on element 'Object Repository/Crear_cuenta/CPN5/android.widget.Button - Crear Cuenta'

2023-05-19 13:50:57 - [MESSAGE][WARNING] - Timeout '0' is invalid. Using default page load timeout: '30'

2023-05-19 13:50:58 - [MESSAGE][PASSED] - Tapped on element 'Object Repository/Crear_cuenta/CPN5/android.widget.Button - Crear Cuenta'

2023-05-19 13:50:58 - [TEST_STEP][PASSED] - verifyElementText(findTestObject("Crear_cuenta/CPN5/android.widget.FrameLayout"), ""): Actual text and expected text of test object 'Object Repository/Crear_cuenta/CPN5/android.widget.FrameLayout' are matched.

2023-05-19 13:50:59 - [MESSAGE][PASSED] - Actual text and expected text of test object 'Object Repository/Crear_cuenta/CPN5/android.widget.FrameLayout' are matched.

2023-05-19 13:50:59 - [TEST_STEP][PASSED] - tap(findTestObject("Object Repository/Crear_cuenta/CPN5/android.widget.Button - Enviar cdigo de registro"), 0): Tapped on element 'Object Repository/Crear_cuenta/CPN5/android.widget.Button - Enviar cdigo de registro'

2023-05-19 13:50:59 - [MESSAGE][WARNING] - Timeout '0' is invalid. Using default page load timeout: '30'

2023-05-19 13:50:59 - [MESSAGE][PASSED] - Tapped on element 'Object Repository/Crear_cuenta/CPN5/android.widget.Button - Enviar cdigo de registro'

2023-05-19 13:50:59 - [TEST_STEP][PASSED] - verifyElementText(findTestObject("Object Repository/Crear_cuenta/CPN5/android.widget.TextView - Bienvenido a NapoleoN Chat"), "Bienvenido a NapoleoN Chat"): Actual text and expected text of test object 'Object Repository/Crear_cuenta/CPN5/android.widget.TextView - Bienvenido a NapoleoN Chat' are matched.

2023-05-19 13:51:04 - [MESSAGE][PASSED] - Actual text and expected text of test object 'Object Repository/Crear_cuenta/CPN5/android.widget.TextView - Bienvenido a NapoleoN Chat' are matched.

2023-05-19 13:51:04 - [TEST_STEP][PASSED] - verifyElementVisible(findTestObject("Object Repository/Crear_cuenta/CPN5/android.widget.LinearLayout"), 0): Element 'Object Repository/Crear_cuenta/CPN5/android.widget.LinearLayout' is visible

2023-05-19 13:51:04 - [MESSAGE][WARNING] - Timeout '0' is invalid. Using default page load timeout: '30'

2023-05-19 13:51:04 - [MESSAGE][PASSED] - Element 'Object Repository/Crear_cuenta/CPN5/android.widget.LinearLayout' is visible]]></system-out>
         <system-err><![CDATA[]]></system-err>
      </testcase>
      <testcase name="Test Cases/Crear cuenta/CPN6-7" time="37.288" classname="Test Cases/Crear cuenta/CPN6-7" status="PASSED">
         <system-out><![CDATA[2023-05-19 13:51:04 - [TEST_CASE][PASSED] - Test Cases/Crear cuenta/CPN6-7: Test Cases/Crear cuenta/CPN6-7

2023-05-19 13:51:04 - [TEST_STEP][PASSED] - verifyElementVisible(findTestObject("Crear_cuenta/CPN6-7/android.widget.LinearLayout"), 0): Element 'Object Repository/Crear_cuenta/CPN6-7/android.widget.LinearLayout' is visible

2023-05-19 13:51:04 - [MESSAGE][WARNING] - Timeout '0' is invalid. Using default page load timeout: '30'

2023-05-19 13:51:05 - [MESSAGE][PASSED] - Element 'Object Repository/Crear_cuenta/CPN6-7/android.widget.LinearLayout' is visible

2023-05-19 13:51:05 - [TEST_STEP][PASSED] - tap(findTestObject("Object Repository/Crear_cuenta/CPN6-7/android.widget.Button - Reenviar cdigo"), 0): Tapped on element 'Object Repository/Crear_cuenta/CPN6-7/android.widget.Button - Reenviar cdigo'

2023-05-19 13:51:05 - [MESSAGE][WARNING] - Timeout '0' is invalid. Using default page load timeout: '30'

2023-05-19 13:51:06 - [MESSAGE][PASSED] - Tapped on element 'Object Repository/Crear_cuenta/CPN6-7/android.widget.Button - Reenviar cdigo'

2023-05-19 13:51:06 - [TEST_STEP][PASSED] - delay(1): Delayed 1 second(s)

2023-05-19 13:51:07 - [MESSAGE][PASSED] - Delayed 1 second(s)

2023-05-19 13:51:07 - [TEST_STEP][PASSED] - verifyElementVisible(findTestObject("Crear_cuenta/CPN6-7/android.widget.LinearLayout"), 0): Element 'Object Repository/Crear_cuenta/CPN6-7/android.widget.LinearLayout' is visible

2023-05-19 13:51:07 - [MESSAGE][WARNING] - Timeout '0' is invalid. Using default page load timeout: '30'

2023-05-19 13:51:08 - [MESSAGE][PASSED] - Element 'Object Repository/Crear_cuenta/CPN6-7/android.widget.LinearLayout' is visible

2023-05-19 13:51:08 - [TEST_STEP][PASSED] - tap(findTestObject("Crear_cuenta/CPN6-7/android.widget.Button - Reenviar cdigo (1)"), 0): Tapped on element 'Object Repository/Crear_cuenta/CPN6-7/android.widget.Button - Reenviar cdigo (1)'

2023-05-19 13:51:08 - [MESSAGE][WARNING] - Timeout '0' is invalid. Using default page load timeout: '30'

2023-05-19 13:51:09 - [MESSAGE][PASSED] - Tapped on element 'Object Repository/Crear_cuenta/CPN6-7/android.widget.Button - Reenviar cdigo (1)'

2023-05-19 13:51:09 - [TEST_STEP][PASSED] - delay(31): Delayed 31 second(s)

2023-05-19 13:51:40 - [MESSAGE][PASSED] - Delayed 31 second(s)

2023-05-19 13:51:40 - [TEST_STEP][PASSED] - verifyElementVisible(findTestObject("Crear_cuenta/CPN6-7/android.widget.LinearLayout"), 0): Element 'Object Repository/Crear_cuenta/CPN6-7/android.widget.LinearLayout' is visible

2023-05-19 13:51:40 - [MESSAGE][WARNING] - Timeout '0' is invalid. Using default page load timeout: '30'

2023-05-19 13:51:40 - [MESSAGE][PASSED] - Element 'Object Repository/Crear_cuenta/CPN6-7/android.widget.LinearLayout' is visible

2023-05-19 13:51:40 - [TEST_STEP][PASSED] - delay(1): Delayed 1 second(s)

2023-05-19 13:51:41 - [MESSAGE][PASSED] - Delayed 1 second(s)

2023-05-19 13:51:41 - [TEST_STEP][PASSED] - tap(findTestObject("Crear_cuenta/CPN6-7/android.widget.Button - Reenviar cdigo (1)"), 0): Tapped on element 'Object Repository/Crear_cuenta/CPN6-7/android.widget.Button - Reenviar cdigo (1)'

2023-05-19 13:51:41 - [MESSAGE][WARNING] - Timeout '0' is invalid. Using default page load timeout: '30'

2023-05-19 13:51:41 - [MESSAGE][PASSED] - Tapped on element 'Object Repository/Crear_cuenta/CPN6-7/android.widget.Button - Reenviar cdigo (1)']]></system-out>
         <system-err><![CDATA[]]></system-err>
      </testcase>
      <testcase name="Test Cases/Crear cuenta/CPN9" time="14.0" classname="Test Cases/Crear cuenta/CPN9" status="PASSED">
         <system-out><![CDATA[2023-05-19 13:51:41 - [TEST_CASE][PASSED] - Test Cases/Crear cuenta/CPN9: Test Cases/Crear cuenta/CPN9

2023-05-19 13:51:42 - [TEST_STEP][PASSED] - tap(findTestObject("Object Repository/Crear_cuenta/CPN9/android.widget.Button - Continuar"), 0): Tapped on element 'Object Repository/Crear_cuenta/CPN9/android.widget.Button - Continuar'

2023-05-19 13:51:42 - [MESSAGE][WARNING] - Timeout '0' is invalid. Using default page load timeout: '30'

2023-05-19 13:51:48 - [MESSAGE][PASSED] - Tapped on element 'Object Repository/Crear_cuenta/CPN9/android.widget.Button - Continuar'

2023-05-19 13:51:48 - [TEST_STEP][PASSED] - verifyElementText(findTestObject("Object Repository/Crear_cuenta/CPN9/android.view.ViewGroup"), ""): Actual text and expected text of test object 'Object Repository/Crear_cuenta/CPN9/android.view.ViewGroup' are matched.

2023-05-19 13:51:49 - [MESSAGE][PASSED] - Actual text and expected text of test object 'Object Repository/Crear_cuenta/CPN9/android.view.ViewGroup' are matched.

2023-05-19 13:51:49 - [TEST_STEP][PASSED] - tap(findTestObject("Object Repository/Crear_cuenta/CPN9/android.widget.EditText - Apodo"), 0): Tapped on element 'Object Repository/Crear_cuenta/CPN9/android.widget.EditText - Apodo'

2023-05-19 13:51:49 - [MESSAGE][WARNING] - Timeout '0' is invalid. Using default page load timeout: '30'

2023-05-19 13:51:49 - [MESSAGE][PASSED] - Tapped on element 'Object Repository/Crear_cuenta/CPN9/android.widget.EditText - Apodo'

2023-05-19 13:51:49 - [TEST_STEP][PASSED] - setText(findTestObject("Object Repository/Crear_cuenta/CPN9/android.widget.EditText - Apodo (1)"), "PRUEBA", 0): Text 'PRUEBA' has been set to element 'Object Repository/Crear_cuenta/CPN9/android.widget.EditText - Apodo (1)'

2023-05-19 13:51:49 - [MESSAGE][WARNING] - Timeout '0' is invalid. Using default page load timeout: '30'

2023-05-19 13:51:52 - [MESSAGE][PASSED] - Text 'PRUEBA' has been set to element 'Object Repository/Crear_cuenta/CPN9/android.widget.EditText - Apodo (1)'

2023-05-19 13:51:52 - [TEST_STEP][PASSED] - clearText(findTestObject("Object Repository/Crear_cuenta/CPN9/android.widget.EditText - PRUEBA"), 0): Element 'Object Repository/Crear_cuenta/CPN9/android.widget.EditText - PRUEBA' text is cleared

2023-05-19 13:51:52 - [MESSAGE][WARNING] - Timeout '0' is invalid. Using default page load timeout: '30'

2023-05-19 13:51:53 - [MESSAGE][PASSED] - Element 'Object Repository/Crear_cuenta/CPN9/android.widget.EditText - PRUEBA' text is cleared

2023-05-19 13:51:53 - [TEST_STEP][PASSED] - hideKeyboard(): Keyboard is hidden

2023-05-19 13:51:55 - [MESSAGE][PASSED] - Keyboard is hidden

2023-05-19 13:51:55 - [TEST_STEP][PASSED] - verifyElementText(findTestObject("Object Repository/Crear_cuenta/CPN9/android.widget.TextView - El Apodo es obligatorio"), "El Apodo es obligatorio"): Actual text and expected text of test object 'Object Repository/Crear_cuenta/CPN9/android.widget.TextView - El Apodo es obligatorio' are matched.

2023-05-19 13:51:55 - [MESSAGE][PASSED] - Actual text and expected text of test object 'Object Repository/Crear_cuenta/CPN9/android.widget.TextView - El Apodo es obligatorio' are matched.]]></system-out>
         <system-err><![CDATA[]]></system-err>
      </testcase>
      <testcase name="Test Cases/Crear cuenta/CPN10" time="6.779" classname="Test Cases/Crear cuenta/CPN10" status="PASSED">
         <system-out><![CDATA[2023-05-19 13:51:55 - [TEST_CASE][PASSED] - Test Cases/Crear cuenta/CPN10: Test Cases/Crear cuenta/CPN10

2023-05-19 13:51:56 - [TEST_STEP][PASSED] - tap(findTestObject("Object Repository/Crear_cuenta/CPN10/android.widget.EditText - Apodo"), 0): Tapped on element 'Object Repository/Crear_cuenta/CPN10/android.widget.EditText - Apodo'

2023-05-19 13:51:56 - [MESSAGE][WARNING] - Timeout '0' is invalid. Using default page load timeout: '30'

2023-05-19 13:51:57 - [MESSAGE][PASSED] - Tapped on element 'Object Repository/Crear_cuenta/CPN10/android.widget.EditText - Apodo'

2023-05-19 13:51:57 - [TEST_STEP][PASSED] - setText(findTestObject("Object Repository/Crear_cuenta/CPN10/android.widget.EditText - Apodo (1)"), "0123456789", 0): Text '0123456789' has been set to element 'Object Repository/Crear_cuenta/CPN10/android.widget.EditText - Apodo (1)'

2023-05-19 13:51:57 - [MESSAGE][WARNING] - Timeout '0' is invalid. Using default page load timeout: '30'

2023-05-19 13:51:59 - [MESSAGE][PASSED] - Text '0123456789' has been set to element 'Object Repository/Crear_cuenta/CPN10/android.widget.EditText - Apodo (1)'

2023-05-19 13:51:59 - [TEST_STEP][PASSED] - verifyElementText(findTestObject("Object Repository/Crear_cuenta/CPN10/android.widget.TextView - El Apodo debe comenzar con una letra"), "El Apodo debe comenzar con una letra"): Actual text and expected text of test object 'Object Repository/Crear_cuenta/CPN10/android.widget.TextView - El Apodo debe comenzar con una letra' are matched.

2023-05-19 13:52:00 - [MESSAGE][PASSED] - Actual text and expected text of test object 'Object Repository/Crear_cuenta/CPN10/android.widget.TextView - El Apodo debe comenzar con una letra' are matched.

2023-05-19 13:52:00 - [TEST_STEP][PASSED] - hideKeyboard(): Keyboard is hidden

2023-05-19 13:52:02 - [MESSAGE][PASSED] - Keyboard is hidden

2023-05-19 13:52:02 - [TEST_STEP][PASSED] - tap(findTestObject("Object Repository/Crear_cuenta/CPN10/android.widget.Button - Siguiente"), 0): Tapped on element 'Object Repository/Crear_cuenta/CPN10/android.widget.Button - Siguiente'

2023-05-19 13:52:02 - [MESSAGE][WARNING] - Timeout '0' is invalid. Using default page load timeout: '30'

2023-05-19 13:52:02 - [MESSAGE][PASSED] - Tapped on element 'Object Repository/Crear_cuenta/CPN10/android.widget.Button - Siguiente']]></system-out>
         <system-err><![CDATA[]]></system-err>
      </testcase>
      <testcase name="Test Cases/Crear cuenta/CPN11" time="7.862" classname="Test Cases/Crear cuenta/CPN11" status="PASSED">
         <system-out><![CDATA[2023-05-19 13:52:02 - [TEST_CASE][PASSED] - Test Cases/Crear cuenta/CPN11: Test Cases/Crear cuenta/CPN11

2023-05-19 13:52:02 - [TEST_STEP][PASSED] - clearText(findTestObject("Object Repository/Crear_cuenta/CPN11/android.widget.EditText - 0123456789"), 0): Element 'Object Repository/Crear_cuenta/CPN11/android.widget.EditText - 0123456789' text is cleared

2023-05-19 13:52:02 - [MESSAGE][WARNING] - Timeout '0' is invalid. Using default page load timeout: '30'

2023-05-19 13:52:03 - [MESSAGE][PASSED] - Element 'Object Repository/Crear_cuenta/CPN11/android.widget.EditText - 0123456789' text is cleared

2023-05-19 13:52:03 - [TEST_STEP][PASSED] - tap(findTestObject("Object Repository/Crear_cuenta/CPN11/android.widget.EditText - Apodo"), 0): Tapped on element 'Object Repository/Crear_cuenta/CPN11/android.widget.EditText - Apodo'

2023-05-19 13:52:03 - [MESSAGE][WARNING] - Timeout '0' is invalid. Using default page load timeout: '30'

2023-05-19 13:52:05 - [MESSAGE][PASSED] - Tapped on element 'Object Repository/Crear_cuenta/CPN11/android.widget.EditText - Apodo'

2023-05-19 13:52:05 - [TEST_STEP][PASSED] - setText(findTestObject("Object Repository/Crear_cuenta/CPN11/android.widget.EditText - Apodo (1)"), "abcde", 0): Text 'abcde' has been set to element 'Object Repository/Crear_cuenta/CPN11/android.widget.EditText - Apodo (1)'

2023-05-19 13:52:05 - [MESSAGE][WARNING] - Timeout '0' is invalid. Using default page load timeout: '30'

2023-05-19 13:52:07 - [MESSAGE][PASSED] - Text 'abcde' has been set to element 'Object Repository/Crear_cuenta/CPN11/android.widget.EditText - Apodo (1)'

2023-05-19 13:52:07 - [TEST_STEP][PASSED] - verifyElementText(findTestObject("Object Repository/Crear_cuenta/CPN11/android.widget.TextView - El apodo debe contener al menos un nmero"), "El apodo debe contener al menos un número"): Actual text and expected text of test object 'Object Repository/Crear_cuenta/CPN11/android.widget.TextView - El apodo debe contener al menos un nmero' are matched.

2023-05-19 13:52:08 - [MESSAGE][PASSED] - Actual text and expected text of test object 'Object Repository/Crear_cuenta/CPN11/android.widget.TextView - El apodo debe contener al menos un nmero' are matched.

2023-05-19 13:52:08 - [TEST_STEP][PASSED] - hideKeyboard(): Keyboard is hidden

2023-05-19 13:52:10 - [MESSAGE][PASSED] - Keyboard is hidden

2023-05-19 13:52:10 - [TEST_STEP][PASSED] - tap(findTestObject("Object Repository/Crear_cuenta/CPN11/android.widget.Button - Siguiente"), 0): Tapped on element 'Object Repository/Crear_cuenta/CPN11/android.widget.Button - Siguiente'

2023-05-19 13:52:10 - [MESSAGE][WARNING] - Timeout '0' is invalid. Using default page load timeout: '30'

2023-05-19 13:52:10 - [MESSAGE][PASSED] - Tapped on element 'Object Repository/Crear_cuenta/CPN11/android.widget.Button - Siguiente'

2023-05-19 13:52:10 - [TEST_STEP][PASSED] - clearText(findTestObject("Object Repository/Crear_cuenta/CPN11/android.widget.EditText - abcde"), 0): Element 'Object Repository/Crear_cuenta/CPN11/android.widget.EditText - abcde' text is cleared

2023-05-19 13:52:10 - [MESSAGE][WARNING] - Timeout '0' is invalid. Using default page load timeout: '30'

2023-05-19 13:52:10 - [MESSAGE][PASSED] - Element 'Object Repository/Crear_cuenta/CPN11/android.widget.EditText - abcde' text is cleared]]></system-out>
         <system-err><![CDATA[]]></system-err>
      </testcase>
      <testcase name="Test Cases/Crear cuenta/CPN12" time="4.681" classname="Test Cases/Crear cuenta/CPN12" status="PASSED">
         <system-out><![CDATA[2023-05-19 13:52:10 - [TEST_CASE][PASSED] - Test Cases/Crear cuenta/CPN12: Test Cases/Crear cuenta/CPN12

2023-05-19 13:52:10 - [TEST_STEP][PASSED] - setText(findTestObject("Object Repository/Crear_cuenta/CPN12/android.widget.EditText - Apodo"), "0123456789012345678901", 0): Text '0123456789012345678901' has been set to element 'Object Repository/Crear_cuenta/CPN12/android.widget.EditText - Apodo'

2023-05-19 13:52:10 - [MESSAGE][WARNING] - Timeout '0' is invalid. Using default page load timeout: '30'

2023-05-19 13:52:13 - [MESSAGE][PASSED] - Text '0123456789012345678901' has been set to element 'Object Repository/Crear_cuenta/CPN12/android.widget.EditText - Apodo'

2023-05-19 13:52:13 - [TEST_STEP][PASSED] - hideKeyboard(): Keyboard is hidden

2023-05-19 13:52:13 - [MESSAGE][PASSED] - Keyboard is hidden

2023-05-19 13:52:13 - [TEST_STEP][PASSED] - clearText(findTestObject("Object Repository/Crear_cuenta/CPN12/android.widget.EditText - 01234567890123456789"), 0): Element 'Object Repository/Crear_cuenta/CPN12/android.widget.EditText - 01234567890123456789' text is cleared

2023-05-19 13:52:13 - [MESSAGE][WARNING] - Timeout '0' is invalid. Using default page load timeout: '30'

2023-05-19 13:52:14 - [MESSAGE][PASSED] - Element 'Object Repository/Crear_cuenta/CPN12/android.widget.EditText - 01234567890123456789' text is cleared

2023-05-19 13:52:14 - [TEST_STEP][PASSED] - tap(findTestObject("Object Repository/Crear_cuenta/CPN12/android.widget.Button - Siguiente"), 0): Tapped on element 'Object Repository/Crear_cuenta/CPN12/android.widget.Button - Siguiente'

2023-05-19 13:52:14 - [MESSAGE][WARNING] - Timeout '0' is invalid. Using default page load timeout: '30'

2023-05-19 13:52:15 - [MESSAGE][PASSED] - Tapped on element 'Object Repository/Crear_cuenta/CPN12/android.widget.Button - Siguiente']]></system-out>
         <system-err><![CDATA[]]></system-err>
      </testcase>
      <testcase name="Test Cases/Crear cuenta/CPN13" time="6.874" classname="Test Cases/Crear cuenta/CPN13" status="PASSED">
         <system-out><![CDATA[2023-05-19 13:52:15 - [TEST_CASE][PASSED] - Test Cases/Crear cuenta/CPN13: Test Cases/Crear cuenta/CPN13

2023-05-19 13:52:15 - [TEST_STEP][PASSED] - tap(findTestObject("Object Repository/Crear_cuenta/CPN13/android.widget.EditText - Apodo"), 0): Tapped on element 'Object Repository/Crear_cuenta/CPN13/android.widget.EditText - Apodo'

2023-05-19 13:52:15 - [MESSAGE][WARNING] - Timeout '0' is invalid. Using default page load timeout: '30'

2023-05-19 13:52:15 - [MESSAGE][PASSED] - Tapped on element 'Object Repository/Crear_cuenta/CPN13/android.widget.EditText - Apodo'

2023-05-19 13:52:15 - [TEST_STEP][PASSED] - setText(findTestObject("Object Repository/Crear_cuenta/CPN13/android.widget.EditText - Apodo (1)"), "HO", 0): Text 'HO' has been set to element 'Object Repository/Crear_cuenta/CPN13/android.widget.EditText - Apodo (1)'

2023-05-19 13:52:15 - [MESSAGE][WARNING] - Timeout '0' is invalid. Using default page load timeout: '30'

2023-05-19 13:52:18 - [MESSAGE][PASSED] - Text 'HO' has been set to element 'Object Repository/Crear_cuenta/CPN13/android.widget.EditText - Apodo (1)'

2023-05-19 13:52:18 - [TEST_STEP][PASSED] - verifyElementText(findTestObject("Object Repository/Crear_cuenta/CPN13/android.widget.TextView - El Apodo debe contener mnimo 3 caracteres y 1 nmero"), "El Apodo debe contener mínimo 3 caracteres y 1 número"): Actual text and expected text of test object 'Object Repository/Crear_cuenta/CPN13/android.widget.TextView - El Apodo debe contener mnimo 3 caracteres y 1 nmero' are matched.

2023-05-19 13:52:19 - [MESSAGE][PASSED] - Actual text and expected text of test object 'Object Repository/Crear_cuenta/CPN13/android.widget.TextView - El Apodo debe contener mnimo 3 caracteres y 1 nmero' are matched.

2023-05-19 13:52:19 - [TEST_STEP][PASSED] - hideKeyboard(): Keyboard is hidden

2023-05-19 13:52:21 - [MESSAGE][PASSED] - Keyboard is hidden

2023-05-19 13:52:21 - [TEST_STEP][PASSED] - tap(findTestObject("Object Repository/Crear_cuenta/CPN13/android.widget.Button - Siguiente"), 0): Tapped on element 'Object Repository/Crear_cuenta/CPN13/android.widget.Button - Siguiente'

2023-05-19 13:52:21 - [MESSAGE][WARNING] - Timeout '0' is invalid. Using default page load timeout: '30'

2023-05-19 13:52:21 - [MESSAGE][PASSED] - Tapped on element 'Object Repository/Crear_cuenta/CPN13/android.widget.Button - Siguiente'

2023-05-19 13:52:21 - [TEST_STEP][PASSED] - clearText(findTestObject("Object Repository/Crear_cuenta/CPN13/android.widget.EditText - HO"), 0): Element 'Object Repository/Crear_cuenta/CPN13/android.widget.EditText - HO' text is cleared

2023-05-19 13:52:21 - [MESSAGE][WARNING] - Timeout '0' is invalid. Using default page load timeout: '30'

2023-05-19 13:52:22 - [MESSAGE][PASSED] - Element 'Object Repository/Crear_cuenta/CPN13/android.widget.EditText - HO' text is cleared]]></system-out>
         <system-err><![CDATA[]]></system-err>
      </testcase>
      <testcase name="Test Cases/Crear cuenta/CPN14" time="11.217" classname="Test Cases/Crear cuenta/CPN14" status="PASSED">
         <system-out><![CDATA[2023-05-19 13:52:22 - [TEST_CASE][PASSED] - Test Cases/Crear cuenta/CPN14: Test Cases/Crear cuenta/CPN14

2023-05-19 13:52:22 - [TEST_STEP][PASSED] - tap(findTestObject("Object Repository/Crear_cuenta/CPN14/android.widget.EditText - Nombre a mostrar (opcional)"), 0): Tapped on element 'Object Repository/Crear_cuenta/CPN14/android.widget.EditText - Nombre a mostrar (opcional)'

2023-05-19 13:52:22 - [MESSAGE][WARNING] - Timeout '0' is invalid. Using default page load timeout: '30'

2023-05-19 13:52:23 - [MESSAGE][PASSED] - Tapped on element 'Object Repository/Crear_cuenta/CPN14/android.widget.EditText - Nombre a mostrar (opcional)'

2023-05-19 13:52:23 - [TEST_STEP][PASSED] - setText(findTestObject("Object Repository/Crear_cuenta/CPN14/android.widget.EditText - Nombre a mostrar (opcional) (1)"), "Opcional", 0): Text 'Opcional' has been set to element 'Object Repository/Crear_cuenta/CPN14/android.widget.EditText - Nombre a mostrar (opcional) (1)'

2023-05-19 13:52:23 - [MESSAGE][WARNING] - Timeout '0' is invalid. Using default page load timeout: '30'

2023-05-19 13:52:25 - [MESSAGE][PASSED] - Text 'Opcional' has been set to element 'Object Repository/Crear_cuenta/CPN14/android.widget.EditText - Nombre a mostrar (opcional) (1)'

2023-05-19 13:52:25 - [TEST_STEP][PASSED] - hideKeyboard(): Keyboard is hidden

2023-05-19 13:52:27 - [MESSAGE][PASSED] - Keyboard is hidden

2023-05-19 13:52:27 - [TEST_STEP][PASSED] - tap(findTestObject("Object Repository/Crear_cuenta/CPN14/android.widget.Button - Siguiente"), 0): Tapped on element 'Object Repository/Crear_cuenta/CPN14/android.widget.Button - Siguiente'

2023-05-19 13:52:27 - [MESSAGE][WARNING] - Timeout '0' is invalid. Using default page load timeout: '30'

2023-05-19 13:52:27 - [MESSAGE][PASSED] - Tapped on element 'Object Repository/Crear_cuenta/CPN14/android.widget.Button - Siguiente'

2023-05-19 13:52:27 - [TEST_STEP][PASSED] - tap(findTestObject("Object Repository/Crear_cuenta/CPN14/android.widget.EditText - Apodo"), 0): Tapped on element 'Object Repository/Crear_cuenta/CPN14/android.widget.EditText - Apodo'

2023-05-19 13:52:27 - [MESSAGE][WARNING] - Timeout '0' is invalid. Using default page load timeout: '30'

2023-05-19 13:52:27 - [MESSAGE][PASSED] - Tapped on element 'Object Repository/Crear_cuenta/CPN14/android.widget.EditText - Apodo'

2023-05-19 13:52:27 - [TEST_STEP][PASSED] - setText(findTestObject("Crear_cuenta/CPN14/android.widget.EditText - Apodo (1)"), "angello16", 0): Text 'angello16' has been set to element 'Object Repository/Crear_cuenta/CPN14/android.widget.EditText - Apodo (1)'

2023-05-19 13:52:27 - [MESSAGE][WARNING] - Timeout '0' is invalid. Using default page load timeout: '30'

2023-05-19 13:52:30 - [MESSAGE][PASSED] - Text 'angello16' has been set to element 'Object Repository/Crear_cuenta/CPN14/android.widget.EditText - Apodo (1)'

2023-05-19 13:52:30 - [TEST_STEP][PASSED] - hideKeyboard(): Keyboard is hidden

2023-05-19 13:52:32 - [MESSAGE][PASSED] - Keyboard is hidden

2023-05-19 13:52:32 - [TEST_STEP][PASSED] - verifyElementText(findTestObject("Object Repository/Crear_cuenta/CPN14/android.widget.TextView - Apodo no disponible"), "Apodo no disponible"): Actual text and expected text of test object 'Object Repository/Crear_cuenta/CPN14/android.widget.TextView - Apodo no disponible' are matched.

2023-05-19 13:52:32 - [MESSAGE][PASSED] - Actual text and expected text of test object 'Object Repository/Crear_cuenta/CPN14/android.widget.TextView - Apodo no disponible' are matched.

2023-05-19 13:52:32 - [TEST_STEP][PASSED] - verifyElementVisible(findTestObject("Crear_cuenta/CPN14/android.widget.ImageButton"), 0): Element 'Object Repository/Crear_cuenta/CPN14/android.widget.ImageButton' is visible

2023-05-19 13:52:32 - [MESSAGE][WARNING] - Timeout '0' is invalid. Using default page load timeout: '30'

2023-05-19 13:52:33 - [MESSAGE][PASSED] - Element 'Object Repository/Crear_cuenta/CPN14/android.widget.ImageButton' is visible

2023-05-19 13:52:33 - [TEST_STEP][PASSED] - tap(findTestObject("Crear_cuenta/CPN14/android.widget.Button - Siguiente"), 0): Tapped on element 'Object Repository/Crear_cuenta/CPN14/android.widget.Button - Siguiente'

2023-05-19 13:52:33 - [MESSAGE][WARNING] - Timeout '0' is invalid. Using default page load timeout: '30'

2023-05-19 13:52:33 - [MESSAGE][PASSED] - Tapped on element 'Object Repository/Crear_cuenta/CPN14/android.widget.Button - Siguiente']]></system-out>
         <system-err><![CDATA[]]></system-err>
      </testcase>
      <testcase name="Test Cases/Crear cuenta/CPN15" time="13.012" classname="Test Cases/Crear cuenta/CPN15" status="PASSED">
         <system-out><![CDATA[2023-05-19 13:52:33 - [TEST_CASE][PASSED] - Test Cases/Crear cuenta/CPN15: Test Cases/Crear cuenta/CPN15

2023-05-19 13:52:33 - [TEST_STEP][PASSED] - clearText(findTestObject("Object Repository/Crear_cuenta/CPN15/android.widget.EditText - angello16"), 0): Element 'Object Repository/Crear_cuenta/CPN15/android.widget.EditText - angello16' text is cleared

2023-05-19 13:52:33 - [MESSAGE][WARNING] - Timeout '0' is invalid. Using default page load timeout: '30'

2023-05-19 13:52:33 - [MESSAGE][PASSED] - Element 'Object Repository/Crear_cuenta/CPN15/android.widget.EditText - angello16' text is cleared

2023-05-19 13:52:33 - [TEST_STEP][PASSED] - tap(findTestObject("Object Repository/Crear_cuenta/CPN15/android.widget.EditText - Apodo"), 0): Tapped on element 'Object Repository/Crear_cuenta/CPN15/android.widget.EditText - Apodo'

2023-05-19 13:52:33 - [MESSAGE][WARNING] - Timeout '0' is invalid. Using default page load timeout: '30'

2023-05-19 13:52:34 - [MESSAGE][PASSED] - Tapped on element 'Object Repository/Crear_cuenta/CPN15/android.widget.EditText - Apodo'

2023-05-19 13:52:34 - [TEST_STEP][PASSED] - setText(findTestObject("Object Repository/Crear_cuenta/CPN15/android.widget.EditText - P000"), "LIBRE02", 0): Text 'LIBRE02' has been set to element 'Object Repository/Crear_cuenta/CPN15/android.widget.EditText - P000'

2023-05-19 13:52:34 - [MESSAGE][WARNING] - Timeout '0' is invalid. Using default page load timeout: '30'

2023-05-19 13:52:37 - [MESSAGE][PASSED] - Text 'LIBRE02' has been set to element 'Object Repository/Crear_cuenta/CPN15/android.widget.EditText - P000'

2023-05-19 13:52:37 - [TEST_STEP][PASSED] - verifyElementText(findTestObject("Object Repository/Crear_cuenta/CPN15/android.widget.TextView - El apodo te servir para identificarse en NapoleoN Chat, no lo podrs cambiar despes"), "El apodo te servirá para identificarse en NapoleoN Chat, no lo podrás cambiar despúes"): Actual text and expected text of test object 'Object Repository/Crear_cuenta/CPN15/android.widget.TextView - El apodo te servir para identificarse en NapoleoN Chat, no lo podrs cambiar despes' are matched.

2023-05-19 13:52:43 - [MESSAGE][PASSED] - Actual text and expected text of test object 'Object Repository/Crear_cuenta/CPN15/android.widget.TextView - El apodo te servir para identificarse en NapoleoN Chat, no lo podrs cambiar despes' are matched.

2023-05-19 13:52:43 - [TEST_STEP][PASSED] - clearText(findTestObject("Object Repository/Crear_cuenta/CPN15/android.widget.EditText - Opcional"), 0): Element 'Object Repository/Crear_cuenta/CPN15/android.widget.EditText - Opcional' text is cleared

2023-05-19 13:52:44 - [MESSAGE][WARNING] - Timeout '0' is invalid. Using default page load timeout: '30'

2023-05-19 13:52:44 - [MESSAGE][PASSED] - Element 'Object Repository/Crear_cuenta/CPN15/android.widget.EditText - Opcional' text is cleared

2023-05-19 13:52:44 - [TEST_STEP][PASSED] - hideKeyboard(): Keyboard is hidden

2023-05-19 13:52:46 - [MESSAGE][PASSED] - Keyboard is hidden

2023-05-19 13:52:46 - [TEST_STEP][PASSED] - tap(findTestObject("Object Repository/Crear_cuenta/CPN15/android.widget.Button - Siguiente"), 0): Tapped on element 'Object Repository/Crear_cuenta/CPN15/android.widget.Button - Siguiente'

2023-05-19 13:52:46 - [MESSAGE][WARNING] - Timeout '0' is invalid. Using default page load timeout: '30'

2023-05-19 13:52:46 - [MESSAGE][PASSED] - Tapped on element 'Object Repository/Crear_cuenta/CPN15/android.widget.Button - Siguiente']]></system-out>
         <system-err><![CDATA[]]></system-err>
      </testcase>
      <testcase name="Test Cases/Crear cuenta/CPN16-17" time="9.316" classname="Test Cases/Crear cuenta/CPN16-17" status="PASSED">
         <system-out><![CDATA[2023-05-19 13:52:46 - [TEST_CASE][PASSED] - Test Cases/Crear cuenta/CPN16-17: Test Cases/Crear cuenta/CPN16-17

2023-05-19 13:52:46 - [TEST_STEP][PASSED] - tap(findTestObject("Object Repository/Crear_cuenta/CPN16-17/android.widget.EditText - Pin de Acceso"), 0): Tapped on element 'Object Repository/Crear_cuenta/CPN16-17/android.widget.EditText - Pin de Acceso'

2023-05-19 13:52:46 - [MESSAGE][WARNING] - Timeout '0' is invalid. Using default page load timeout: '30'

2023-05-19 13:52:47 - [MESSAGE][PASSED] - Tapped on element 'Object Repository/Crear_cuenta/CPN16-17/android.widget.EditText - Pin de Acceso'

2023-05-19 13:52:47 - [TEST_STEP][PASSED] - setText(findTestObject("Object Repository/Crear_cuenta/CPN16-17/android.widget.EditText - Pin de Acceso (1)"), "00000", 0): Text '00000' has been set to element 'Object Repository/Crear_cuenta/CPN16-17/android.widget.EditText - Pin de Acceso (1)'

2023-05-19 13:52:47 - [MESSAGE][WARNING] - Timeout '0' is invalid. Using default page load timeout: '30'

2023-05-19 13:52:50 - [MESSAGE][PASSED] - Text '00000' has been set to element 'Object Repository/Crear_cuenta/CPN16-17/android.widget.EditText - Pin de Acceso (1)'

2023-05-19 13:52:50 - [TEST_STEP][PASSED] - setText(findTestObject("Object Repository/Crear_cuenta/CPN16-17/android.widget.EditText - Confirmar nuevo pin de acceso"), "1234", 0): Text '1234' has been set to element 'Object Repository/Crear_cuenta/CPN16-17/android.widget.EditText - Confirmar nuevo pin de acceso'

2023-05-19 13:52:51 - [MESSAGE][WARNING] - Timeout '0' is invalid. Using default page load timeout: '30'

2023-05-19 13:52:53 - [MESSAGE][PASSED] - Text '1234' has been set to element 'Object Repository/Crear_cuenta/CPN16-17/android.widget.EditText - Confirmar nuevo pin de acceso'

2023-05-19 13:52:53 - [TEST_STEP][PASSED] - hideKeyboard(): Keyboard is hidden

2023-05-19 13:52:55 - [MESSAGE][PASSED] - Keyboard is hidden

2023-05-19 13:52:55 - [TEST_STEP][PASSED] - verifyElementText(findTestObject("Object Repository/Crear_cuenta/CPN16-17/android.widget.TextView - El pin de acceso no coincide"), "El pin de acceso no coincide"): Actual text and expected text of test object 'Object Repository/Crear_cuenta/CPN16-17/android.widget.TextView - El pin de acceso no coincide' are matched.

2023-05-19 13:52:55 - [MESSAGE][PASSED] - Actual text and expected text of test object 'Object Repository/Crear_cuenta/CPN16-17/android.widget.TextView - El pin de acceso no coincide' are matched.

2023-05-19 13:52:55 - [TEST_STEP][PASSED] - verifyElementText(findTestObject("Object Repository/Crear_cuenta/CPN16-17/android.widget.TextView - El pin de acceso no coincide (1)"), "El pin de acceso no coincide"): Actual text and expected text of test object 'Object Repository/Crear_cuenta/CPN16-17/android.widget.TextView - El pin de acceso no coincide (1)' are matched.

2023-05-19 13:52:55 - [MESSAGE][PASSED] - Actual text and expected text of test object 'Object Repository/Crear_cuenta/CPN16-17/android.widget.TextView - El pin de acceso no coincide (1)' are matched.]]></system-out>
         <system-err><![CDATA[]]></system-err>
      </testcase>
      <testcase name="Test Cases/Crear cuenta/CPN18-19" time="17.748" classname="Test Cases/Crear cuenta/CPN18-19" status="PASSED">
         <system-out><![CDATA[2023-05-19 13:52:55 - [TEST_CASE][PASSED] - Test Cases/Crear cuenta/CPN18-19: Test Cases/Crear cuenta/CPN18-19

2023-05-19 13:52:55 - [TEST_STEP][PASSED] - tap(findTestObject("Object Repository/Crear_cuenta/CPN18-19/android.widget.EditText - 0000"), 0): Tapped on element 'Object Repository/Crear_cuenta/CPN18-19/android.widget.EditText - 0000'

2023-05-19 13:52:55 - [MESSAGE][WARNING] - Timeout '0' is invalid. Using default page load timeout: '30'

2023-05-19 13:52:56 - [MESSAGE][PASSED] - Tapped on element 'Object Repository/Crear_cuenta/CPN18-19/android.widget.EditText - 0000'

2023-05-19 13:52:56 - [TEST_STEP][PASSED] - clearText(findTestObject("Object Repository/Crear_cuenta/CPN18-19/android.widget.EditText - 0000 (1)"), 0): Element 'Object Repository/Crear_cuenta/CPN18-19/android.widget.EditText - 0000 (1)' text is cleared

2023-05-19 13:52:56 - [MESSAGE][WARNING] - Timeout '0' is invalid. Using default page load timeout: '30'

2023-05-19 13:52:57 - [MESSAGE][PASSED] - Element 'Object Repository/Crear_cuenta/CPN18-19/android.widget.EditText - 0000 (1)' text is cleared

2023-05-19 13:52:57 - [TEST_STEP][PASSED] - clearText(findTestObject("Object Repository/Crear_cuenta/CPN18-19/android.widget.EditText - 1234"), 0): Element 'Object Repository/Crear_cuenta/CPN18-19/android.widget.EditText - 1234' text is cleared

2023-05-19 13:52:57 - [MESSAGE][WARNING] - Timeout '0' is invalid. Using default page load timeout: '30'

2023-05-19 13:52:58 - [MESSAGE][PASSED] - Element 'Object Repository/Crear_cuenta/CPN18-19/android.widget.EditText - 1234' text is cleared

2023-05-19 13:52:58 - [TEST_STEP][PASSED] - setText(findTestObject("Object Repository/Crear_cuenta/CPN18-19/android.widget.EditText - Pin de Acceso"), "0000", 0): Text '0000' has been set to element 'Object Repository/Crear_cuenta/CPN18-19/android.widget.EditText - Pin de Acceso'

2023-05-19 13:52:58 - [MESSAGE][WARNING] - Timeout '0' is invalid. Using default page load timeout: '30'

2023-05-19 13:53:01 - [MESSAGE][PASSED] - Text '0000' has been set to element 'Object Repository/Crear_cuenta/CPN18-19/android.widget.EditText - Pin de Acceso'

2023-05-19 13:53:01 - [TEST_STEP][PASSED] - setText(findTestObject("Object Repository/Crear_cuenta/CPN18-19/android.widget.EditText - Confirmar nuevo pin de acceso"), "1111", 0): Text '1111' has been set to element 'Object Repository/Crear_cuenta/CPN18-19/android.widget.EditText - Confirmar nuevo pin de acceso'

2023-05-19 13:53:01 - [MESSAGE][WARNING] - Timeout '0' is invalid. Using default page load timeout: '30'

2023-05-19 13:53:04 - [MESSAGE][PASSED] - Text '1111' has been set to element 'Object Repository/Crear_cuenta/CPN18-19/android.widget.EditText - Confirmar nuevo pin de acceso'

2023-05-19 13:53:04 - [TEST_STEP][PASSED] - clearText(findTestObject("Object Repository/Crear_cuenta/CPN18-19/android.widget.EditText - 1111"), 0): Element 'Object Repository/Crear_cuenta/CPN18-19/android.widget.EditText - 1111' text is cleared

2023-05-19 13:53:04 - [MESSAGE][WARNING] - Timeout '0' is invalid. Using default page load timeout: '30'

2023-05-19 13:53:05 - [MESSAGE][PASSED] - Element 'Object Repository/Crear_cuenta/CPN18-19/android.widget.EditText - 1111' text is cleared

2023-05-19 13:53:05 - [TEST_STEP][PASSED] - setText(findTestObject("Crear_cuenta/CPN18-19/android.widget.EditText - Confirmar nuevo pin de acceso"), "0000", 0): Text '0000' has been set to element 'Object Repository/Crear_cuenta/CPN18-19/android.widget.EditText - Confirmar nuevo pin de acceso'

2023-05-19 13:53:05 - [MESSAGE][WARNING] - Timeout '0' is invalid. Using default page load timeout: '30'

2023-05-19 13:53:08 - [MESSAGE][PASSED] - Text '0000' has been set to element 'Object Repository/Crear_cuenta/CPN18-19/android.widget.EditText - Confirmar nuevo pin de acceso'

2023-05-19 13:53:08 - [TEST_STEP][PASSED] - hideKeyboard(): Keyboard is hidden

2023-05-19 13:53:09 - [MESSAGE][PASSED] - Keyboard is hidden

2023-05-19 13:53:09 - [TEST_STEP][PASSED] - tap(findTestObject("Object Repository/Crear_cuenta/CPN18-19/android.widget.Button - Crear Cuenta"), 0): Tapped on element 'Object Repository/Crear_cuenta/CPN18-19/android.widget.Button - Crear Cuenta'

2023-05-19 13:53:09 - [MESSAGE][WARNING] - Timeout '0' is invalid. Using default page load timeout: '30'

2023-05-19 13:53:10 - [MESSAGE][PASSED] - Tapped on element 'Object Repository/Crear_cuenta/CPN18-19/android.widget.Button - Crear Cuenta'

2023-05-19 13:53:10 - [TEST_STEP][PASSED] - verifyElementExist(findTestObject("Object Repository/Crear_cuenta/CPN18-19/android.widget.TextView - NapoleoN"), 0): Element 'Object Repository/Crear_cuenta/CPN18-19/android.widget.TextView - NapoleoN' is exist

2023-05-19 13:53:10 - [MESSAGE][WARNING] - Timeout '0' is invalid. Using default page load timeout: '30'

2023-05-19 13:53:13 - [MESSAGE][PASSED] - Element 'Object Repository/Crear_cuenta/CPN18-19/android.widget.TextView - NapoleoN' is exist]]></system-out>
         <system-err><![CDATA[]]></system-err>
      </testcase>
      <system-out><![CDATA[2023-05-19 13:48:57 - [TEST_SUITE][PASSED] - Crear_usuario: Test Cases/Crear cuenta/CPN18-19]]></system-out>
      <system-err><![CDATA[]]></system-err>
   </testsuite>
</testsuites>
