<?xml version="1.0" encoding="UTF-8"?>
<testsuites name="Recuperar cuenta" time="190.789" tests="5" failures="0" errors="0">
   <testsuite name="Recuperar cuenta" tests="5" failures="0" errors="0" time="190.789" skipped="0" timestamp="2023-09-26 16:58:33" hostname="Testing - DESKTOP-OBIGNLU" id="Test Suites/Recuperar cuenta">
      <properties>
         <property name="deviceName" value="samsung SM-A107M (Android 11)"/>
         <property name="devicePlatform" value=""/>
         <property name="logFolder" value="C:\\Users\\Testing\\Katalon Studio\\NN_Version2\\Reports\\20230926_165827\\Recuperar cuenta\\20230926_165827"/>
         <property name="logFiles" value="C:\\Users\\Testing\\Katalon Studio\\NN_Version2\\Reports\\20230926_165827\\Recuperar cuenta\\20230926_165827\\appium.log, C:\\Users\\Testing\\Katalon Studio\\NN_Version2\\Reports\\20230926_165827\\Recuperar cuenta\\20230926_165827\\execution0.log"/>
         <property name="attachments" value=""/>
         <property name="hostName" value="Testing - DESKTOP-OBIGNLU"/>
         <property name="os" value="Windows 10 64bit"/>
         <property name="appiumServerStatus" value="{&quot;value&quot;:{&quot;build&quot;:{&quot;version&quot;:&quot;1.22.3&quot;}},&quot;sessionId&quot;:null,&quot;status&quot;:0}"/>
         <property name="katalonVersion" value="8.6.8.208"/>
         <property name="deviceOS" value="Android"/>
         <property name="appiumVersion" value="1.22.3"/>
         <property name="deviceModel" value="SM-A107M"/>
         <property name="hostAddress" value="192.168.1.6"/>
         <property name="deviceManufacturer" value="samsung"/>
         <property name="deviceId" value="R9WN40KBXDJ"/>
         <property name="deviceName" value="samsung SM-A107M (Android 11)"/>
         <property name="deviceOSVersion" value="11"/>
      </properties>
      <testcase name="Test Cases/ingreso para prueba" time="42.195" classname="Test Cases/ingreso para prueba" status="PASSED">
         <system-out><![CDATA[2023-09-26 16:58:33 - [TEST_CASE][PASSED] - Test Cases/ingreso para prueba: Test Cases/ingreso para prueba

2023-09-26 16:58:34 - [TEST_STEP][PASSED] - startApplication("C:\Users\Testing\Desktop\katalon\Apk actualizada Android 13\NapoleoN.apk", true): Started app at: 'C:\Users\Testing\Desktop\katalon\Apk actualizada Android 13\NapoleoN.apk'

2023-09-26 16:58:34 - [MESSAGE][INFO] - User set preference: ['deviceId', '']

2023-09-26 16:58:35 - [MESSAGE][INFO] - Detected NodeJS location: "C:\Program Files\nodejs\node.exe"

2023-09-26 16:58:36 - [MESSAGE][INFO] - Appium server started on port 60.742

2023-09-26 16:59:14 - [MESSAGE][PASSED] - Started app at: 'C:\Users\Testing\Desktop\katalon\Apk actualizada Android 13\NapoleoN.apk'

2023-09-26 16:59:14 - [TEST_STEP][PASSED] - tap(findTestObject("Object Repository/Parte1/ingreso solo prueba/android.widget.TextView - Omitir"), 0): Tapped on element 'Object Repository/Parte1/ingreso solo prueba/android.widget.TextView - Omitir'

2023-09-26 16:59:14 - [MESSAGE][WARNING] - Timeout '0' is invalid. Using default page load timeout: '30'

2023-09-26 16:59:16 - [MESSAGE][PASSED] - Tapped on element 'Object Repository/Parte1/ingreso solo prueba/android.widget.TextView - Omitir']]></system-out>
         <system-err><![CDATA[]]></system-err>
      </testcase>
      <testcase name="Test Cases/Parte1/Iniciar_sesioncorrectamente/CPN22_23_24" time="73.539" classname="Test Cases/Parte1/Iniciar_sesioncorrectamente/CPN22_23_24" status="PASSED">
         <system-out><![CDATA[2023-09-26 16:59:16 - [TEST_CASE][PASSED] - Test Cases/Parte1/Iniciar_sesioncorrectamente/CPN22_23_24: Test Cases/Parte1/Iniciar_sesioncorrectamente/CPN22_23_24

2023-09-26 16:59:16 - [TEST_STEP][PASSED] - tap(findTestObject("Object Repository/Parte1/Iniciar_sesioncorrectamente/CPN22_23_24/android.widget.TextView - Iniciar sesin"), 0): Tapped on element 'Object Repository/Parte1/Iniciar_sesioncorrectamente/CPN22_23_24/android.widget.TextView - Iniciar sesin'

2023-09-26 16:59:16 - [MESSAGE][WARNING] - Timeout '0' is invalid. Using default page load timeout: '30'

2023-09-26 16:59:17 - [MESSAGE][PASSED] - Tapped on element 'Object Repository/Parte1/Iniciar_sesioncorrectamente/CPN22_23_24/android.widget.TextView - Iniciar sesin'

2023-09-26 16:59:17 - [TEST_STEP][PASSED] - waitForElementPresent(findTestObject("Object Repository/Parte1/Iniciar_sesioncorrectamente/CPN22_23_24/android.widget.TextView - Recuperar Cuenta"), 0): Element 'Object Repository/Parte1/Iniciar_sesioncorrectamente/CPN22_23_24/android.widget.TextView - Recuperar Cuenta' is present

2023-09-26 16:59:17 - [MESSAGE][WARNING] - Timeout '0' is invalid. Using default page load timeout: '30'

2023-09-26 16:59:19 - [MESSAGE][PASSED] - Element 'Object Repository/Parte1/Iniciar_sesioncorrectamente/CPN22_23_24/android.widget.TextView - Recuperar Cuenta' is present

2023-09-26 16:59:19 - [TEST_STEP][PASSED] - tap(findTestObject("Object Repository/Parte1/Iniciar_sesioncorrectamente/CPN22_23_24/android.widget.EditText - Apodo"), 0): Tapped on element 'Object Repository/Parte1/Iniciar_sesioncorrectamente/CPN22_23_24/android.widget.EditText - Apodo'

2023-09-26 16:59:19 - [MESSAGE][WARNING] - Timeout '0' is invalid. Using default page load timeout: '30'

2023-09-26 16:59:19 - [MESSAGE][PASSED] - Tapped on element 'Object Repository/Parte1/Iniciar_sesioncorrectamente/CPN22_23_24/android.widget.EditText - Apodo'

2023-09-26 16:59:19 - [TEST_STEP][PASSED] - setText(findTestObject("Object Repository/Parte1/Iniciar_sesioncorrectamente/CPN22_23_24/android.widget.EditText - Apodo (1)"), "edwin_1324", 0): Text 'edwin_1324' has been set to element 'Object Repository/Parte1/Iniciar_sesioncorrectamente/CPN22_23_24/android.widget.EditText - Apodo (1)'

2023-09-26 16:59:19 - [MESSAGE][WARNING] - Timeout '0' is invalid. Using default page load timeout: '30'

2023-09-26 16:59:22 - [MESSAGE][PASSED] - Text 'edwin_1324' has been set to element 'Object Repository/Parte1/Iniciar_sesioncorrectamente/CPN22_23_24/android.widget.EditText - Apodo (1)'

2023-09-26 16:59:22 - [TEST_STEP][PASSED] - hideKeyboard(): Keyboard is hidden

2023-09-26 16:59:26 - [MESSAGE][PASSED] - Keyboard is hidden

2023-09-26 16:59:26 - [TEST_STEP][PASSED] - tap(findTestObject("Object Repository/Parte1/Iniciar_sesioncorrectamente/CPN22_23_24/android.widget.Button - Recuperar"), 0): Tapped on element 'Object Repository/Parte1/Iniciar_sesioncorrectamente/CPN22_23_24/android.widget.Button - Recuperar'

2023-09-26 16:59:26 - [MESSAGE][WARNING] - Timeout '0' is invalid. Using default page load timeout: '30'

2023-09-26 16:59:27 - [MESSAGE][PASSED] - Tapped on element 'Object Repository/Parte1/Iniciar_sesioncorrectamente/CPN22_23_24/android.widget.Button - Recuperar'

2023-09-26 16:59:27 - [TEST_STEP][PASSED] - delay(5, STOP_ON_FAILURE): Delayed 5 second(s)

2023-09-26 16:59:32 - [MESSAGE][PASSED] - Delayed 5 second(s)

2023-09-26 16:59:32 - [TEST_STEP][PASSED] - i = 1: null

2023-09-26 16:59:32 - [TEST_STEP][PASSED] - while (i <= 5): null

2023-09-26 16:59:32 - [TEST_STEP][PASSED] - radioGroupObject = findTestObject("Object Repository/Parte1/Iniciar_sesioncorrectamente/CPN22_23_24/android.widget.RadioGroup"): null

2023-09-26 16:59:32 - [TEST_STEP][PASSED] - optionUnoObject = findTestObject("Object Repository/Parte1/Iniciar_sesioncorrectamente/CPN22_23_24/android.widget.RadioButton - Uno"): null

2023-09-26 16:59:32 - [TEST_STEP][PASSED] - optionDosObject = findTestObject("Object Repository/Parte1/Iniciar_sesioncorrectamente/CPN22_23_24/android.widget.RadioButton - Dos"): null

2023-09-26 16:59:32 - [TEST_STEP][PASSED] - optionTresObject = findTestObject("Object Repository/Parte1/Iniciar_sesioncorrectamente/CPN22_23_24/android.widget.RadioButton - Tres"): null

2023-09-26 16:59:32 - [TEST_STEP][PASSED] - siguienteButton = findTestObject("Parte1/Iniciar_sesioncorrectamente/CPN22_23_24/android.widget.Button - Siguiente"): null

2023-09-26 16:59:32 - [TEST_STEP][PASSED] - if (waitForElementPresent(radioGroupObject, 2)): null

2023-09-26 16:59:32 - [MESSAGE][PASSED] - Element 'Object Repository/Parte1/Iniciar_sesioncorrectamente/CPN22_23_24/android.widget.RadioGroup' is present

2023-09-26 16:59:32 - [TEST_STEP][PASSED] - if (waitForElementPresent(optionUnoObject, 2)): null

2023-09-26 16:59:33 - [MESSAGE][PASSED] - Element 'Object Repository/Parte1/Iniciar_sesioncorrectamente/CPN22_23_24/android.widget.RadioButton - Uno' is present

2023-09-26 16:59:33 - [TEST_STEP][PASSED] - tap(optionUnoObject, 2): Tapped on element 'Object Repository/Parte1/Iniciar_sesioncorrectamente/CPN22_23_24/android.widget.RadioButton - Uno'

2023-09-26 16:59:33 - [MESSAGE][PASSED] - Tapped on element 'Object Repository/Parte1/Iniciar_sesioncorrectamente/CPN22_23_24/android.widget.RadioButton - Uno'

2023-09-26 16:59:33 - [TEST_STEP][PASSED] - if (waitForElementPresent(siguienteButton, 2)): null

2023-09-26 16:59:34 - [MESSAGE][PASSED] - Element 'Object Repository/Parte1/Iniciar_sesioncorrectamente/CPN22_23_24/android.widget.Button - Siguiente' is present

2023-09-26 16:59:34 - [TEST_STEP][PASSED] - tap(siguienteButton, 0): Tapped on element 'Object Repository/Parte1/Iniciar_sesioncorrectamente/CPN22_23_24/android.widget.Button - Siguiente'

2023-09-26 16:59:34 - [MESSAGE][WARNING] - Timeout '0' is invalid. Using default page load timeout: '30'

2023-09-26 16:59:35 - [MESSAGE][PASSED] - Tapped on element 'Object Repository/Parte1/Iniciar_sesioncorrectamente/CPN22_23_24/android.widget.Button - Siguiente'

2023-09-26 16:59:35 - [TEST_STEP][PASSED] - (i++): null

2023-09-26 16:59:35 - [TEST_STEP][PASSED] - radioGroupObject = findTestObject("Object Repository/Parte1/Iniciar_sesioncorrectamente/CPN22_23_24/android.widget.RadioGroup"): null

2023-09-26 16:59:35 - [TEST_STEP][PASSED] - optionUnoObject = findTestObject("Object Repository/Parte1/Iniciar_sesioncorrectamente/CPN22_23_24/android.widget.RadioButton - Uno"): null

2023-09-26 16:59:35 - [TEST_STEP][PASSED] - optionDosObject = findTestObject("Object Repository/Parte1/Iniciar_sesioncorrectamente/CPN22_23_24/android.widget.RadioButton - Dos"): null

2023-09-26 16:59:35 - [TEST_STEP][PASSED] - optionTresObject = findTestObject("Object Repository/Parte1/Iniciar_sesioncorrectamente/CPN22_23_24/android.widget.RadioButton - Tres"): null

2023-09-26 16:59:35 - [TEST_STEP][PASSED] - siguienteButton = findTestObject("Parte1/Iniciar_sesioncorrectamente/CPN22_23_24/android.widget.Button - Siguiente"): null

2023-09-26 16:59:35 - [TEST_STEP][PASSED] - if (waitForElementPresent(radioGroupObject, 2)): null

2023-09-26 16:59:35 - [MESSAGE][PASSED] - Element 'Object Repository/Parte1/Iniciar_sesioncorrectamente/CPN22_23_24/android.widget.RadioGroup' is present

2023-09-26 16:59:35 - [TEST_STEP][PASSED] - if (waitForElementPresent(optionUnoObject, 2)): Element 'Object Repository/Parte1/Iniciar_sesioncorrectamente/CPN22_23_24/android.widget.RadioButton - Dos' is present

2023-09-26 16:59:37 - [MESSAGE][WARNING] - Object Object Repository/Parte1/Iniciar_sesioncorrectamente/CPN22_23_24/android.widget.RadioButton - Uno not found

2023-09-26 16:59:38 - [MESSAGE][PASSED] - Element 'Object Repository/Parte1/Iniciar_sesioncorrectamente/CPN22_23_24/android.widget.RadioButton - Dos' is present

2023-09-26 16:59:38 - [TEST_STEP][PASSED] - else if (waitForElementPresent(optionDosObject, 2)): Tapped on element 'Object Repository/Parte1/Iniciar_sesioncorrectamente/CPN22_23_24/android.widget.RadioButton - Dos'

2023-09-26 16:59:38 - [TEST_STEP][PASSED] - tap(optionDosObject, 2): Tapped on element 'Object Repository/Parte1/Iniciar_sesioncorrectamente/CPN22_23_24/android.widget.RadioButton - Dos'

2023-09-26 16:59:38 - [MESSAGE][PASSED] - Tapped on element 'Object Repository/Parte1/Iniciar_sesioncorrectamente/CPN22_23_24/android.widget.RadioButton - Dos'

2023-09-26 16:59:38 - [TEST_STEP][PASSED] - if (waitForElementPresent(siguienteButton, 2)): null

2023-09-26 16:59:39 - [MESSAGE][PASSED] - Element 'Object Repository/Parte1/Iniciar_sesioncorrectamente/CPN22_23_24/android.widget.Button - Siguiente' is present

2023-09-26 16:59:39 - [TEST_STEP][PASSED] - tap(siguienteButton, 0): Tapped on element 'Object Repository/Parte1/Iniciar_sesioncorrectamente/CPN22_23_24/android.widget.Button - Siguiente'

2023-09-26 16:59:39 - [MESSAGE][WARNING] - Timeout '0' is invalid. Using default page load timeout: '30'

2023-09-26 16:59:40 - [MESSAGE][PASSED] - Tapped on element 'Object Repository/Parte1/Iniciar_sesioncorrectamente/CPN22_23_24/android.widget.Button - Siguiente'

2023-09-26 16:59:40 - [TEST_STEP][PASSED] - (i++): null

2023-09-26 16:59:40 - [TEST_STEP][PASSED] - radioGroupObject = findTestObject("Object Repository/Parte1/Iniciar_sesioncorrectamente/CPN22_23_24/android.widget.RadioGroup"): null

2023-09-26 16:59:40 - [TEST_STEP][PASSED] - optionUnoObject = findTestObject("Object Repository/Parte1/Iniciar_sesioncorrectamente/CPN22_23_24/android.widget.RadioButton - Uno"): null

2023-09-26 16:59:40 - [TEST_STEP][PASSED] - optionDosObject = findTestObject("Object Repository/Parte1/Iniciar_sesioncorrectamente/CPN22_23_24/android.widget.RadioButton - Dos"): null

2023-09-26 16:59:40 - [TEST_STEP][PASSED] - optionTresObject = findTestObject("Object Repository/Parte1/Iniciar_sesioncorrectamente/CPN22_23_24/android.widget.RadioButton - Tres"): null

2023-09-26 16:59:40 - [TEST_STEP][PASSED] - siguienteButton = findTestObject("Parte1/Iniciar_sesioncorrectamente/CPN22_23_24/android.widget.Button - Siguiente"): null

2023-09-26 16:59:40 - [TEST_STEP][PASSED] - if (waitForElementPresent(radioGroupObject, 2)): null

2023-09-26 16:59:40 - [MESSAGE][PASSED] - Element 'Object Repository/Parte1/Iniciar_sesioncorrectamente/CPN22_23_24/android.widget.RadioGroup' is present

2023-09-26 16:59:40 - [TEST_STEP][PASSED] - if (waitForElementPresent(optionUnoObject, 2)): Object Object Repository/Parte1/Iniciar_sesioncorrectamente/CPN22_23_24/android.widget.RadioButton - Tres not found

2023-09-26 16:59:42 - [MESSAGE][WARNING] - Object Object Repository/Parte1/Iniciar_sesioncorrectamente/CPN22_23_24/android.widget.RadioButton - Uno not found

2023-09-26 16:59:44 - [MESSAGE][WARNING] - Object Object Repository/Parte1/Iniciar_sesioncorrectamente/CPN22_23_24/android.widget.RadioButton - Dos not found

2023-09-26 16:59:46 - [MESSAGE][WARNING] - Object Object Repository/Parte1/Iniciar_sesioncorrectamente/CPN22_23_24/android.widget.RadioButton - Tres not found

2023-09-26 16:59:46 - [TEST_STEP][PASSED] - else if (waitForElementPresent(optionDosObject, 2)): null

2023-09-26 16:59:46 - [TEST_STEP][PASSED] - else if (waitForElementPresent(optionTresObject, 2)): null

2023-09-26 16:59:46 - [TEST_STEP][PASSED] - else: Tapped on element 'Object Repository/Parte1/Iniciar_sesioncorrectamente/CPN22_23_24/android.widget.RadioButton - No eleg esta pregunta'

2023-09-26 16:59:46 - [TEST_STEP][PASSED] - tap(findTestObject("Parte1/Iniciar_sesioncorrectamente/CPN22_23_24/android.widget.RadioButton - No eleg esta pregunta"), 0): Tapped on element 'Object Repository/Parte1/Iniciar_sesioncorrectamente/CPN22_23_24/android.widget.RadioButton - No eleg esta pregunta'

2023-09-26 16:59:46 - [MESSAGE][WARNING] - Timeout '0' is invalid. Using default page load timeout: '30'

2023-09-26 16:59:46 - [MESSAGE][PASSED] - Tapped on element 'Object Repository/Parte1/Iniciar_sesioncorrectamente/CPN22_23_24/android.widget.RadioButton - No eleg esta pregunta'

2023-09-26 16:59:46 - [TEST_STEP][PASSED] - if (waitForElementPresent(siguienteButton, 2)): null

2023-09-26 16:59:47 - [MESSAGE][PASSED] - Element 'Object Repository/Parte1/Iniciar_sesioncorrectamente/CPN22_23_24/android.widget.Button - Siguiente' is present

2023-09-26 16:59:47 - [TEST_STEP][PASSED] - tap(siguienteButton, 0): Tapped on element 'Object Repository/Parte1/Iniciar_sesioncorrectamente/CPN22_23_24/android.widget.Button - Siguiente'

2023-09-26 16:59:47 - [MESSAGE][WARNING] - Timeout '0' is invalid. Using default page load timeout: '30'

2023-09-26 16:59:48 - [MESSAGE][PASSED] - Tapped on element 'Object Repository/Parte1/Iniciar_sesioncorrectamente/CPN22_23_24/android.widget.Button - Siguiente'

2023-09-26 16:59:48 - [TEST_STEP][PASSED] - (i++): null

2023-09-26 16:59:48 - [TEST_STEP][PASSED] - radioGroupObject = findTestObject("Object Repository/Parte1/Iniciar_sesioncorrectamente/CPN22_23_24/android.widget.RadioGroup"): null

2023-09-26 16:59:48 - [TEST_STEP][PASSED] - optionUnoObject = findTestObject("Object Repository/Parte1/Iniciar_sesioncorrectamente/CPN22_23_24/android.widget.RadioButton - Uno"): null

2023-09-26 16:59:48 - [TEST_STEP][PASSED] - optionDosObject = findTestObject("Object Repository/Parte1/Iniciar_sesioncorrectamente/CPN22_23_24/android.widget.RadioButton - Dos"): null

2023-09-26 16:59:48 - [TEST_STEP][PASSED] - optionTresObject = findTestObject("Object Repository/Parte1/Iniciar_sesioncorrectamente/CPN22_23_24/android.widget.RadioButton - Tres"): null

2023-09-26 16:59:48 - [TEST_STEP][PASSED] - siguienteButton = findTestObject("Parte1/Iniciar_sesioncorrectamente/CPN22_23_24/android.widget.Button - Siguiente"): null

2023-09-26 16:59:48 - [TEST_STEP][PASSED] - if (waitForElementPresent(radioGroupObject, 2)): null

2023-09-26 16:59:48 - [MESSAGE][PASSED] - Element 'Object Repository/Parte1/Iniciar_sesioncorrectamente/CPN22_23_24/android.widget.RadioGroup' is present

2023-09-26 16:59:48 - [TEST_STEP][PASSED] - if (waitForElementPresent(optionUnoObject, 2)): Object Object Repository/Parte1/Iniciar_sesioncorrectamente/CPN22_23_24/android.widget.RadioButton - Tres not found

2023-09-26 16:59:51 - [MESSAGE][WARNING] - Object Object Repository/Parte1/Iniciar_sesioncorrectamente/CPN22_23_24/android.widget.RadioButton - Uno not found

2023-09-26 16:59:53 - [MESSAGE][WARNING] - Object Object Repository/Parte1/Iniciar_sesioncorrectamente/CPN22_23_24/android.widget.RadioButton - Dos not found

2023-09-26 16:59:55 - [MESSAGE][WARNING] - Object Object Repository/Parte1/Iniciar_sesioncorrectamente/CPN22_23_24/android.widget.RadioButton - Tres not found

2023-09-26 16:59:55 - [TEST_STEP][PASSED] - else if (waitForElementPresent(optionDosObject, 2)): null

2023-09-26 16:59:55 - [TEST_STEP][PASSED] - else if (waitForElementPresent(optionTresObject, 2)): null

2023-09-26 16:59:55 - [TEST_STEP][PASSED] - else: Tapped on element 'Object Repository/Parte1/Iniciar_sesioncorrectamente/CPN22_23_24/android.widget.RadioButton - No eleg esta pregunta'

2023-09-26 16:59:55 - [TEST_STEP][PASSED] - tap(findTestObject("Parte1/Iniciar_sesioncorrectamente/CPN22_23_24/android.widget.RadioButton - No eleg esta pregunta"), 0): Tapped on element 'Object Repository/Parte1/Iniciar_sesioncorrectamente/CPN22_23_24/android.widget.RadioButton - No eleg esta pregunta'

2023-09-26 16:59:55 - [MESSAGE][WARNING] - Timeout '0' is invalid. Using default page load timeout: '30'

2023-09-26 16:59:55 - [MESSAGE][PASSED] - Tapped on element 'Object Repository/Parte1/Iniciar_sesioncorrectamente/CPN22_23_24/android.widget.RadioButton - No eleg esta pregunta'

2023-09-26 16:59:55 - [TEST_STEP][PASSED] - if (waitForElementPresent(siguienteButton, 2)): null

2023-09-26 16:59:56 - [MESSAGE][PASSED] - Element 'Object Repository/Parte1/Iniciar_sesioncorrectamente/CPN22_23_24/android.widget.Button - Siguiente' is present

2023-09-26 16:59:56 - [TEST_STEP][PASSED] - tap(siguienteButton, 0): Tapped on element 'Object Repository/Parte1/Iniciar_sesioncorrectamente/CPN22_23_24/android.widget.Button - Siguiente'

2023-09-26 16:59:56 - [MESSAGE][WARNING] - Timeout '0' is invalid. Using default page load timeout: '30'

2023-09-26 16:59:57 - [MESSAGE][PASSED] - Tapped on element 'Object Repository/Parte1/Iniciar_sesioncorrectamente/CPN22_23_24/android.widget.Button - Siguiente'

2023-09-26 16:59:57 - [TEST_STEP][PASSED] - (i++): null

2023-09-26 16:59:57 - [TEST_STEP][PASSED] - radioGroupObject = findTestObject("Object Repository/Parte1/Iniciar_sesioncorrectamente/CPN22_23_24/android.widget.RadioGroup"): null

2023-09-26 16:59:57 - [TEST_STEP][PASSED] - optionUnoObject = findTestObject("Object Repository/Parte1/Iniciar_sesioncorrectamente/CPN22_23_24/android.widget.RadioButton - Uno"): null

2023-09-26 16:59:57 - [TEST_STEP][PASSED] - optionDosObject = findTestObject("Object Repository/Parte1/Iniciar_sesioncorrectamente/CPN22_23_24/android.widget.RadioButton - Dos"): null

2023-09-26 16:59:57 - [TEST_STEP][PASSED] - optionTresObject = findTestObject("Object Repository/Parte1/Iniciar_sesioncorrectamente/CPN22_23_24/android.widget.RadioButton - Tres"): null

2023-09-26 16:59:57 - [TEST_STEP][PASSED] - siguienteButton = findTestObject("Parte1/Iniciar_sesioncorrectamente/CPN22_23_24/android.widget.Button - Siguiente"): null

2023-09-26 16:59:57 - [TEST_STEP][PASSED] - if (waitForElementPresent(radioGroupObject, 2)): null

2023-09-26 16:59:57 - [MESSAGE][PASSED] - Element 'Object Repository/Parte1/Iniciar_sesioncorrectamente/CPN22_23_24/android.widget.RadioGroup' is present

2023-09-26 16:59:57 - [TEST_STEP][PASSED] - if (waitForElementPresent(optionUnoObject, 2)): Element 'Object Repository/Parte1/Iniciar_sesioncorrectamente/CPN22_23_24/android.widget.RadioButton - Tres' is present

2023-09-26 16:59:59 - [MESSAGE][WARNING] - Object Object Repository/Parte1/Iniciar_sesioncorrectamente/CPN22_23_24/android.widget.RadioButton - Uno not found

2023-09-26 17:00:01 - [MESSAGE][WARNING] - Object Object Repository/Parte1/Iniciar_sesioncorrectamente/CPN22_23_24/android.widget.RadioButton - Dos not found

2023-09-26 17:00:01 - [MESSAGE][PASSED] - Element 'Object Repository/Parte1/Iniciar_sesioncorrectamente/CPN22_23_24/android.widget.RadioButton - Tres' is present

2023-09-26 17:00:01 - [TEST_STEP][PASSED] - else if (waitForElementPresent(optionDosObject, 2)): null

2023-09-26 17:00:01 - [TEST_STEP][PASSED] - else if (waitForElementPresent(optionTresObject, 2)): Tapped on element 'Object Repository/Parte1/Iniciar_sesioncorrectamente/CPN22_23_24/android.widget.RadioButton - Tres'

2023-09-26 17:00:01 - [TEST_STEP][PASSED] - tap(optionTresObject, 2): Tapped on element 'Object Repository/Parte1/Iniciar_sesioncorrectamente/CPN22_23_24/android.widget.RadioButton - Tres'

2023-09-26 17:00:02 - [MESSAGE][PASSED] - Tapped on element 'Object Repository/Parte1/Iniciar_sesioncorrectamente/CPN22_23_24/android.widget.RadioButton - Tres'

2023-09-26 17:00:02 - [TEST_STEP][PASSED] - if (waitForElementPresent(siguienteButton, 2)): Object Object Repository/Parte1/Iniciar_sesioncorrectamente/CPN22_23_24/android.widget.Button - Siguiente not found

2023-09-26 17:00:04 - [MESSAGE][WARNING] - Object Object Repository/Parte1/Iniciar_sesioncorrectamente/CPN22_23_24/android.widget.Button - Siguiente not found

2023-09-26 17:00:04 - [TEST_STEP][PASSED] - else: Tapped on element 'Object Repository/Parte1/Iniciar_sesioncorrectamente/CPN22_23_24/android.widget.Button - Finalizar'

2023-09-26 17:00:04 - [TEST_STEP][PASSED] - tap(findTestObject("Parte1/Iniciar_sesioncorrectamente/CPN22_23_24/android.widget.Button - Finalizar"), 0): Tapped on element 'Object Repository/Parte1/Iniciar_sesioncorrectamente/CPN22_23_24/android.widget.Button - Finalizar'

2023-09-26 17:00:04 - [MESSAGE][WARNING] - Timeout '0' is invalid. Using default page load timeout: '30'

2023-09-26 17:00:04 - [MESSAGE][PASSED] - Tapped on element 'Object Repository/Parte1/Iniciar_sesioncorrectamente/CPN22_23_24/android.widget.Button - Finalizar'

2023-09-26 17:00:04 - [TEST_STEP][PASSED] - (i++): null

2023-09-26 17:00:04 - [TEST_STEP][PASSED] - verifyElementVisible(findTestObject("Parte1/Iniciar_sesioncorrectamente/CPN22_23_24/android.widget.TextView - Tu cuenta ha sido recuperada. Gracias por recuperar tu cuenta, ahora puedes chatear de forma privada y segura con tus contactos"), 0): Element 'Object Repository/Parte1/Iniciar_sesioncorrectamente/CPN22_23_24/android.widget.TextView - Tu cuenta ha sido recuperada. Gracias por recuperar tu cuenta, ahora puedes chatear de forma privada y segura con tus contactos' is visible

2023-09-26 17:00:05 - [MESSAGE][WARNING] - Timeout '0' is invalid. Using default page load timeout: '30'

2023-09-26 17:00:07 - [MESSAGE][PASSED] - Element 'Object Repository/Parte1/Iniciar_sesioncorrectamente/CPN22_23_24/android.widget.TextView - Tu cuenta ha sido recuperada. Gracias por recuperar tu cuenta, ahora puedes chatear de forma privada y segura con tus contactos' is visible

2023-09-26 17:00:07 - [TEST_STEP][PASSED] - tap(findTestObject("Object Repository/Parte1/Iniciar_sesioncorrectamente/CPN22_23_24/android.widget.Button - Cerrar"), 0): Tapped on element 'Object Repository/Parte1/Iniciar_sesioncorrectamente/CPN22_23_24/android.widget.Button - Cerrar'

2023-09-26 17:00:07 - [MESSAGE][WARNING] - Timeout '0' is invalid. Using default page load timeout: '30'

2023-09-26 17:00:09 - [MESSAGE][PASSED] - Tapped on element 'Object Repository/Parte1/Iniciar_sesioncorrectamente/CPN22_23_24/android.widget.Button - Cerrar'

2023-09-26 17:00:09 - [TEST_STEP][PASSED] - tap(findTestObject("Object Repository/Parte1/Iniciar_sesioncorrectamente/CPN22_23_24/android.widget.EditText - Pin de Acceso"), 0): Tapped on element 'Object Repository/Parte1/Iniciar_sesioncorrectamente/CPN22_23_24/android.widget.EditText - Pin de Acceso'

2023-09-26 17:00:09 - [MESSAGE][WARNING] - Timeout '0' is invalid. Using default page load timeout: '30'

2023-09-26 17:00:13 - [MESSAGE][PASSED] - Tapped on element 'Object Repository/Parte1/Iniciar_sesioncorrectamente/CPN22_23_24/android.widget.EditText - Pin de Acceso'

2023-09-26 17:00:13 - [TEST_STEP][PASSED] - setText(findTestObject("Object Repository/Parte1/Iniciar_sesioncorrectamente/CPN22_23_24/android.widget.EditText - Pin de Acceso (1)"), "0000", 0): Text '0000' has been set to element 'Object Repository/Parte1/Iniciar_sesioncorrectamente/CPN22_23_24/android.widget.EditText - Pin de Acceso (1)'

2023-09-26 17:00:13 - [MESSAGE][WARNING] - Timeout '0' is invalid. Using default page load timeout: '30'

2023-09-26 17:00:17 - [MESSAGE][PASSED] - Text '0000' has been set to element 'Object Repository/Parte1/Iniciar_sesioncorrectamente/CPN22_23_24/android.widget.EditText - Pin de Acceso (1)'

2023-09-26 17:00:17 - [TEST_STEP][PASSED] - tap(findTestObject("Object Repository/Parte1/Iniciar_sesioncorrectamente/CPN22_23_24/android.widget.EditText - Confirmar nuevo pin de acceso"), 0): Tapped on element 'Object Repository/Parte1/Iniciar_sesioncorrectamente/CPN22_23_24/android.widget.EditText - Confirmar nuevo pin de acceso'

2023-09-26 17:00:17 - [MESSAGE][WARNING] - Timeout '0' is invalid. Using default page load timeout: '30'

2023-09-26 17:00:18 - [MESSAGE][PASSED] - Tapped on element 'Object Repository/Parte1/Iniciar_sesioncorrectamente/CPN22_23_24/android.widget.EditText - Confirmar nuevo pin de acceso'

2023-09-26 17:00:18 - [TEST_STEP][PASSED] - setText(findTestObject("Object Repository/Parte1/Iniciar_sesioncorrectamente/CPN22_23_24/android.widget.EditText - Confirmar nuevo pin de acceso (1)"), "0000", 0): Text '0000' has been set to element 'Object Repository/Parte1/Iniciar_sesioncorrectamente/CPN22_23_24/android.widget.EditText - Confirmar nuevo pin de acceso (1)'

2023-09-26 17:00:18 - [MESSAGE][WARNING] - Timeout '0' is invalid. Using default page load timeout: '30'

2023-09-26 17:00:20 - [MESSAGE][PASSED] - Text '0000' has been set to element 'Object Repository/Parte1/Iniciar_sesioncorrectamente/CPN22_23_24/android.widget.EditText - Confirmar nuevo pin de acceso (1)'

2023-09-26 17:00:20 - [TEST_STEP][PASSED] - hideKeyboard(): Keyboard is hidden

2023-09-26 17:00:23 - [MESSAGE][PASSED] - Keyboard is hidden

2023-09-26 17:00:23 - [TEST_STEP][PASSED] - tap(findTestObject("Object Repository/Parte1/Iniciar_sesioncorrectamente/CPN22_23_24/android.widget.Button - Recuperar cuenta"), 0): Tapped on element 'Object Repository/Parte1/Iniciar_sesioncorrectamente/CPN22_23_24/android.widget.Button - Recuperar cuenta'

2023-09-26 17:00:23 - [MESSAGE][WARNING] - Timeout '0' is invalid. Using default page load timeout: '30'

2023-09-26 17:00:23 - [MESSAGE][PASSED] - Tapped on element 'Object Repository/Parte1/Iniciar_sesioncorrectamente/CPN22_23_24/android.widget.Button - Recuperar cuenta'

2023-09-26 17:00:23 - [TEST_STEP][PASSED] - delay(6, STOP_ON_FAILURE): Delayed 6 second(s)

2023-09-26 17:00:29 - [MESSAGE][PASSED] - Delayed 6 second(s)]]></system-out>
         <system-err><![CDATA[]]></system-err>
      </testcase>
      <testcase name="Test Cases/Tutorial_nuevo" time="7.108" classname="Test Cases/Tutorial_nuevo" status="PASSED">
         <system-out><![CDATA[2023-09-26 17:00:29 - [TEST_CASE][PASSED] - Test Cases/Tutorial_nuevo: Test Cases/Tutorial_nuevo

2023-09-26 17:00:29 - [TEST_STEP][PASSED] - delay(5, STOP_ON_FAILURE): Delayed 5 second(s)

2023-09-26 17:00:34 - [MESSAGE][PASSED] - Delayed 5 second(s)

2023-09-26 17:00:34 - [TEST_STEP][PASSED] - tap(findTestObject("Object Repository/Parte1/Tutorial_nuevo/android.widget.FrameLayout"), 0): Tapped on element 'Object Repository/Parte1/Tutorial_nuevo/android.widget.FrameLayout'

2023-09-26 17:00:34 - [MESSAGE][WARNING] - Timeout '0' is invalid. Using default page load timeout: '30'

2023-09-26 17:00:35 - [MESSAGE][PASSED] - Tapped on element 'Object Repository/Parte1/Tutorial_nuevo/android.widget.FrameLayout'

2023-09-26 17:00:35 - [TEST_STEP][PASSED] - waitForElementPresent(findTestObject("Object Repository/Parte1/Tutorial_nuevo/android.widget.TextView - NapoleoN"), 0): Element 'Object Repository/Parte1/Tutorial_nuevo/android.widget.TextView - NapoleoN' is present

2023-09-26 17:00:35 - [MESSAGE][WARNING] - Timeout '0' is invalid. Using default page load timeout: '30'

2023-09-26 17:00:36 - [MESSAGE][PASSED] - Element 'Object Repository/Parte1/Tutorial_nuevo/android.widget.TextView - NapoleoN' is present]]></system-out>
         <system-err><![CDATA[]]></system-err>
      </testcase>
      <testcase name="Test Cases/Parte1/Recuperar_cuenta/CPN25" time="24.752" classname="Test Cases/Parte1/Recuperar_cuenta/CPN25" status="PASSED">
         <system-out><![CDATA[2023-09-26 17:00:36 - [TEST_CASE][PASSED] - Test Cases/Parte1/Recuperar_cuenta/CPN25: Test Cases/Parte1/Recuperar_cuenta/CPN25

2023-09-26 17:00:36 - [TEST_STEP][PASSED] - tap(findTestObject("Object Repository/Parte1/Recuperar_cuenta/CPN25/android.widget.FrameLayout (2)"), 0): Tapped on element 'Object Repository/Parte1/Recuperar_cuenta/CPN25/android.widget.FrameLayout (2)'

2023-09-26 17:00:36 - [MESSAGE][WARNING] - Timeout '0' is invalid. Using default page load timeout: '30'

2023-09-26 17:00:38 - [MESSAGE][PASSED] - Tapped on element 'Object Repository/Parte1/Recuperar_cuenta/CPN25/android.widget.FrameLayout (2)'

2023-09-26 17:00:38 - [TEST_STEP][PASSED] - tap(findTestObject("Object Repository/Parte1/Recuperar_cuenta/CPN25/android.widget.ImageButton (1)"), 0): Tapped on element 'Object Repository/Parte1/Recuperar_cuenta/CPN25/android.widget.ImageButton (1)'

2023-09-26 17:00:38 - [MESSAGE][WARNING] - Timeout '0' is invalid. Using default page load timeout: '30'

2023-09-26 17:00:39 - [MESSAGE][PASSED] - Tapped on element 'Object Repository/Parte1/Recuperar_cuenta/CPN25/android.widget.ImageButton (1)'

2023-09-26 17:00:39 - [TEST_STEP][PASSED] - tap(findTestObject("Object Repository/Parte1/Recuperar_cuenta/CPN25/android.widget.LinearLayout"), 0): Tapped on element 'Object Repository/Parte1/Recuperar_cuenta/CPN25/android.widget.LinearLayout'

2023-09-26 17:00:39 - [MESSAGE][WARNING] - Timeout '0' is invalid. Using default page load timeout: '30'

2023-09-26 17:00:40 - [MESSAGE][PASSED] - Tapped on element 'Object Repository/Parte1/Recuperar_cuenta/CPN25/android.widget.LinearLayout'

2023-09-26 17:00:40 - [TEST_STEP][PASSED] - tap(findTestObject("Object Repository/Parte1/Recuperar_cuenta/CPN25/android.widget.ImageButton (2)"), 0): Tapped on element 'Object Repository/Parte1/Recuperar_cuenta/CPN25/android.widget.ImageButton (2)'

2023-09-26 17:00:40 - [MESSAGE][WARNING] - Timeout '0' is invalid. Using default page load timeout: '30'

2023-09-26 17:00:42 - [MESSAGE][PASSED] - Tapped on element 'Object Repository/Parte1/Recuperar_cuenta/CPN25/android.widget.ImageButton (2)'

2023-09-26 17:00:42 - [TEST_STEP][PASSED] - tap(findTestObject("Object Repository/Parte1/Recuperar_cuenta/CPN25/android.widget.Button"), 0): Tapped on element 'Object Repository/Parte1/Recuperar_cuenta/CPN25/android.widget.Button'

2023-09-26 17:00:42 - [MESSAGE][WARNING] - Timeout '0' is invalid. Using default page load timeout: '30'

2023-09-26 17:00:47 - [MESSAGE][PASSED] - Tapped on element 'Object Repository/Parte1/Recuperar_cuenta/CPN25/android.widget.Button'

2023-09-26 17:00:47 - [TEST_STEP][PASSED] - delay(4, STOP_ON_FAILURE): Delayed 4 second(s)

2023-09-26 17:00:51 - [MESSAGE][PASSED] - Delayed 4 second(s)

2023-09-26 17:00:51 - [TEST_STEP][PASSED] - tap(findTestObject("Parte1/Recuperar_cuenta/CPN25/android.widget.ImageButton (1)"), 0): Tapped on element 'Object Repository/Parte1/Recuperar_cuenta/CPN25/android.widget.ImageButton (1)'

2023-09-26 17:00:51 - [MESSAGE][WARNING] - Timeout '0' is invalid. Using default page load timeout: '30'

2023-09-26 17:00:51 - [MESSAGE][PASSED] - Tapped on element 'Object Repository/Parte1/Recuperar_cuenta/CPN25/android.widget.ImageButton (1)'

2023-09-26 17:00:51 - [TEST_STEP][PASSED] - tap(findTestObject("Object Repository/Parte1/Recuperar_cuenta/CPN25/android.widget.LinearLayout (1)"), 0): Tapped on element 'Object Repository/Parte1/Recuperar_cuenta/CPN25/android.widget.LinearLayout (1)'

2023-09-26 17:00:51 - [MESSAGE][WARNING] - Timeout '0' is invalid. Using default page load timeout: '30'

2023-09-26 17:00:52 - [MESSAGE][PASSED] - Tapped on element 'Object Repository/Parte1/Recuperar_cuenta/CPN25/android.widget.LinearLayout (1)'

2023-09-26 17:00:52 - [TEST_STEP][PASSED] - tap(findTestObject("Object Repository/Parte1/Recuperar_cuenta/CPN25/android.widget.ImageView (5)"), 0): Tapped on element 'Object Repository/Parte1/Recuperar_cuenta/CPN25/android.widget.ImageView (5)'

2023-09-26 17:00:52 - [MESSAGE][WARNING] - Timeout '0' is invalid. Using default page load timeout: '30'

2023-09-26 17:00:53 - [MESSAGE][PASSED] - Tapped on element 'Object Repository/Parte1/Recuperar_cuenta/CPN25/android.widget.ImageView (5)'

2023-09-26 17:00:53 - [TEST_STEP][PASSED] - tap(findTestObject("Object Repository/Parte1/Recuperar_cuenta/CPN25/android.widget.ImageView (6)"), 0): Tapped on element 'Object Repository/Parte1/Recuperar_cuenta/CPN25/android.widget.ImageView (6)'

2023-09-26 17:00:54 - [MESSAGE][WARNING] - Timeout '0' is invalid. Using default page load timeout: '30'

2023-09-26 17:00:55 - [MESSAGE][PASSED] - Tapped on element 'Object Repository/Parte1/Recuperar_cuenta/CPN25/android.widget.ImageView (6)'

2023-09-26 17:00:55 - [TEST_STEP][PASSED] - tap(findTestObject("Object Repository/Parte1/Recuperar_cuenta/CPN25/android.widget.Button (1)"), 0): Tapped on element 'Object Repository/Parte1/Recuperar_cuenta/CPN25/android.widget.Button (1)'

2023-09-26 17:00:55 - [MESSAGE][WARNING] - Timeout '0' is invalid. Using default page load timeout: '30'

2023-09-26 17:00:57 - [MESSAGE][PASSED] - Tapped on element 'Object Repository/Parte1/Recuperar_cuenta/CPN25/android.widget.Button (1)'

2023-09-26 17:00:57 - [TEST_STEP][PASSED] - delay(4, STOP_ON_FAILURE): Delayed 4 second(s)

2023-09-26 17:01:01 - [MESSAGE][PASSED] - Delayed 4 second(s)

2023-09-26 17:01:01 - [TEST_STEP][PASSED] - tap(findTestObject("Parte1/Recuperar_cuenta/CPN25/android.widget.FrameLayout (3)"), 0): Tapped on element 'Object Repository/Parte1/Recuperar_cuenta/CPN25/android.widget.FrameLayout (3)'

2023-09-26 17:01:01 - [MESSAGE][WARNING] - Timeout '0' is invalid. Using default page load timeout: '30'

2023-09-26 17:01:01 - [MESSAGE][PASSED] - Tapped on element 'Object Repository/Parte1/Recuperar_cuenta/CPN25/android.widget.FrameLayout (3)']]></system-out>
         <system-err><![CDATA[]]></system-err>
      </testcase>
      <testcase name="Test Cases/Parte1/Recuperar_cuenta/CPN26" time="42.901" classname="Test Cases/Parte1/Recuperar_cuenta/CPN26" status="PASSED">
         <system-out><![CDATA[2023-09-26 17:01:01 - [TEST_CASE][PASSED] - Test Cases/Parte1/Recuperar_cuenta/CPN26: Test Cases/Parte1/Recuperar_cuenta/CPN26

2023-09-26 17:01:01 - [TEST_STEP][PASSED] - tap(findTestObject("Object Repository/Parte1/Recuperar_cuenta/CPN26/android.widget.FrameLayout"), 0): Tapped on element 'Object Repository/Parte1/Recuperar_cuenta/CPN26/android.widget.FrameLayout'

2023-09-26 17:01:01 - [MESSAGE][WARNING] - Timeout '0' is invalid. Using default page load timeout: '30'

2023-09-26 17:01:04 - [MESSAGE][PASSED] - Tapped on element 'Object Repository/Parte1/Recuperar_cuenta/CPN26/android.widget.FrameLayout'

2023-09-26 17:01:04 - [TEST_STEP][PASSED] - tap(findTestObject("Object Repository/Parte1/Recuperar_cuenta/CPN26/android.widget.ImageButton"), 0): Tapped on element 'Object Repository/Parte1/Recuperar_cuenta/CPN26/android.widget.ImageButton'

2023-09-26 17:01:04 - [MESSAGE][WARNING] - Timeout '0' is invalid. Using default page load timeout: '30'

2023-09-26 17:01:08 - [MESSAGE][PASSED] - Tapped on element 'Object Repository/Parte1/Recuperar_cuenta/CPN26/android.widget.ImageButton'

2023-09-26 17:01:08 - [TEST_STEP][PASSED] - tap(findTestObject("Object Repository/Parte1/Recuperar_cuenta/CPN26/android.widget.TextView - Ver perfil"), 0): Tapped on element 'Object Repository/Parte1/Recuperar_cuenta/CPN26/android.widget.TextView - Ver perfil'

2023-09-26 17:01:08 - [MESSAGE][WARNING] - Timeout '0' is invalid. Using default page load timeout: '30'

2023-09-26 17:01:09 - [MESSAGE][PASSED] - Tapped on element 'Object Repository/Parte1/Recuperar_cuenta/CPN26/android.widget.TextView - Ver perfil'

2023-09-26 17:01:09 - [TEST_STEP][PASSED] - delay(1, STOP_ON_FAILURE): Delayed 1 second(s)

2023-09-26 17:01:10 - [MESSAGE][PASSED] - Delayed 1 second(s)

2023-09-26 17:01:10 - [TEST_STEP][PASSED] - tap(findTestObject("Object Repository/Parte1/Recuperar_cuenta/CPN26/android.widget.ImageButton (1)"), 0): Tapped on element 'Object Repository/Parte1/Recuperar_cuenta/CPN26/android.widget.ImageButton (1)'

2023-09-26 17:01:10 - [MESSAGE][WARNING] - Timeout '0' is invalid. Using default page load timeout: '30'

2023-09-26 17:01:11 - [MESSAGE][PASSED] - Tapped on element 'Object Repository/Parte1/Recuperar_cuenta/CPN26/android.widget.ImageButton (1)'

2023-09-26 17:01:11 - [TEST_STEP][PASSED] - clearText(findTestObject("Parte1/Recuperar_cuenta/CPN26/android.widget.EditText - android once"), 0): Element 'Object Repository/Parte1/Recuperar_cuenta/CPN26/android.widget.EditText - android once' text is cleared

2023-09-26 17:01:11 - [MESSAGE][WARNING] - Timeout '0' is invalid. Using default page load timeout: '30'

2023-09-26 17:01:12 - [MESSAGE][PASSED] - Element 'Object Repository/Parte1/Recuperar_cuenta/CPN26/android.widget.EditText - android once' text is cleared

2023-09-26 17:01:12 - [TEST_STEP][PASSED] - tap(findTestObject("Object Repository/Parte1/Recuperar_cuenta/CPN26/android.widget.EditText"), 0): Tapped on element 'Object Repository/Parte1/Recuperar_cuenta/CPN26/android.widget.EditText'

2023-09-26 17:01:12 - [MESSAGE][WARNING] - Timeout '0' is invalid. Using default page load timeout: '30'

2023-09-26 17:01:12 - [MESSAGE][PASSED] - Tapped on element 'Object Repository/Parte1/Recuperar_cuenta/CPN26/android.widget.EditText'

2023-09-26 17:01:12 - [TEST_STEP][PASSED] - setText(findTestObject("Object Repository/Parte1/Recuperar_cuenta/CPN26/android.widget.EditText (1)"), "Nombre de prueba", 0): Text 'Nombre de prueba' has been set to element 'Object Repository/Parte1/Recuperar_cuenta/CPN26/android.widget.EditText (1)'

2023-09-26 17:01:12 - [MESSAGE][WARNING] - Timeout '0' is invalid. Using default page load timeout: '30'

2023-09-26 17:01:14 - [MESSAGE][PASSED] - Text 'Nombre de prueba' has been set to element 'Object Repository/Parte1/Recuperar_cuenta/CPN26/android.widget.EditText (1)'

2023-09-26 17:01:14 - [TEST_STEP][PASSED] - delay(3, STOP_ON_FAILURE): Delayed 3 second(s)

2023-09-26 17:01:17 - [MESSAGE][PASSED] - Delayed 3 second(s)

2023-09-26 17:01:17 - [TEST_STEP][PASSED] - tap(findTestObject("Object Repository/Parte1/Recuperar_cuenta/CPN26/android.widget.Button - Aceptar"), 0): Tapped on element 'Object Repository/Parte1/Recuperar_cuenta/CPN26/android.widget.Button - Aceptar'

2023-09-26 17:01:17 - [MESSAGE][WARNING] - Timeout '0' is invalid. Using default page load timeout: '30'

2023-09-26 17:01:18 - [MESSAGE][PASSED] - Tapped on element 'Object Repository/Parte1/Recuperar_cuenta/CPN26/android.widget.Button - Aceptar'

2023-09-26 17:01:18 - [TEST_STEP][PASSED] - hideKeyboard(): Keyboard is hidden

2023-09-26 17:01:21 - [MESSAGE][PASSED] - Keyboard is hidden

2023-09-26 17:01:21 - [TEST_STEP][PASSED] - tap(findTestObject("Object Repository/Parte1/Recuperar_cuenta/CPN26/android.widget.ImageButton (2)"), 0): Tapped on element 'Object Repository/Parte1/Recuperar_cuenta/CPN26/android.widget.ImageButton (2)'

2023-09-26 17:01:21 - [MESSAGE][WARNING] - Timeout '0' is invalid. Using default page load timeout: '30'

2023-09-26 17:01:21 - [MESSAGE][PASSED] - Tapped on element 'Object Repository/Parte1/Recuperar_cuenta/CPN26/android.widget.ImageButton (2)'

2023-09-26 17:01:21 - [TEST_STEP][PASSED] - clearText(findTestObject("Object Repository/Parte1/Recuperar_cuenta/CPN26/android.widget.EditText - android11bshsjsjs"), 0): Element 'Object Repository/Parte1/Recuperar_cuenta/CPN26/android.widget.EditText - android11bshsjsjs' text is cleared

2023-09-26 17:01:21 - [MESSAGE][WARNING] - Timeout '0' is invalid. Using default page load timeout: '30'

2023-09-26 17:01:22 - [MESSAGE][PASSED] - Element 'Object Repository/Parte1/Recuperar_cuenta/CPN26/android.widget.EditText - android11bshsjsjs' text is cleared

2023-09-26 17:01:22 - [TEST_STEP][PASSED] - setText(findTestObject("Object Repository/Parte1/Recuperar_cuenta/CPN26/android.widget.EditText (2)"), "personalizado456", 0): Text 'personalizado456' has been set to element 'Object Repository/Parte1/Recuperar_cuenta/CPN26/android.widget.EditText (2)'

2023-09-26 17:01:22 - [MESSAGE][WARNING] - Timeout '0' is invalid. Using default page load timeout: '30'

2023-09-26 17:01:24 - [MESSAGE][PASSED] - Text 'personalizado456' has been set to element 'Object Repository/Parte1/Recuperar_cuenta/CPN26/android.widget.EditText (2)'

2023-09-26 17:01:24 - [TEST_STEP][PASSED] - delay(3, STOP_ON_FAILURE): Delayed 3 second(s)

2023-09-26 17:01:27 - [MESSAGE][PASSED] - Delayed 3 second(s)

2023-09-26 17:01:27 - [TEST_STEP][PASSED] - tap(findTestObject("Parte1/Recuperar_cuenta/CPN26/android.widget.Button - Aceptar"), 0): Tapped on element 'Object Repository/Parte1/Recuperar_cuenta/CPN26/android.widget.Button - Aceptar'

2023-09-26 17:01:27 - [MESSAGE][WARNING] - Timeout '0' is invalid. Using default page load timeout: '30'

2023-09-26 17:01:27 - [MESSAGE][PASSED] - Tapped on element 'Object Repository/Parte1/Recuperar_cuenta/CPN26/android.widget.Button - Aceptar'

2023-09-26 17:01:27 - [TEST_STEP][PASSED] - tap(findTestObject("Parte1/Recuperar_cuenta/CPN26/android.widget.ImageButton (3)"), 0): Tapped on element 'Object Repository/Parte1/Recuperar_cuenta/CPN26/android.widget.ImageButton (3)'

2023-09-26 17:01:27 - [MESSAGE][WARNING] - Timeout '0' is invalid. Using default page load timeout: '30'

2023-09-26 17:01:28 - [MESSAGE][PASSED] - Tapped on element 'Object Repository/Parte1/Recuperar_cuenta/CPN26/android.widget.ImageButton (3)'

2023-09-26 17:01:28 - [TEST_STEP][PASSED] - tap(findTestObject("Object Repository/Parte1/Recuperar_cuenta/CPN26/android.widget.LinearLayout (1)"), 0): Tapped on element 'Object Repository/Parte1/Recuperar_cuenta/CPN26/android.widget.LinearLayout (1)'

2023-09-26 17:01:28 - [MESSAGE][WARNING] - Timeout '0' is invalid. Using default page load timeout: '30'

2023-09-26 17:01:29 - [MESSAGE][PASSED] - Tapped on element 'Object Repository/Parte1/Recuperar_cuenta/CPN26/android.widget.LinearLayout (1)'

2023-09-26 17:01:29 - [TEST_STEP][PASSED] - tap(findTestObject("Object Repository/Parte1/Recuperar_cuenta/CPN26/android.widget.ImageButton (4)"), 0): Tapped on element 'Object Repository/Parte1/Recuperar_cuenta/CPN26/android.widget.ImageButton (4)'

2023-09-26 17:01:29 - [MESSAGE][WARNING] - Timeout '0' is invalid. Using default page load timeout: '30'

2023-09-26 17:01:31 - [MESSAGE][PASSED] - Tapped on element 'Object Repository/Parte1/Recuperar_cuenta/CPN26/android.widget.ImageButton (4)'

2023-09-26 17:01:31 - [TEST_STEP][PASSED] - tap(findTestObject("Object Repository/Parte1/Recuperar_cuenta/CPN26/android.widget.Button"), 0): Tapped on element 'Object Repository/Parte1/Recuperar_cuenta/CPN26/android.widget.Button'

2023-09-26 17:01:31 - [MESSAGE][WARNING] - Timeout '0' is invalid. Using default page load timeout: '30'

2023-09-26 17:01:35 - [MESSAGE][PASSED] - Tapped on element 'Object Repository/Parte1/Recuperar_cuenta/CPN26/android.widget.Button'

2023-09-26 17:01:35 - [TEST_STEP][PASSED] - delay(4, STOP_ON_FAILURE): Delayed 4 second(s)

2023-09-26 17:01:39 - [MESSAGE][PASSED] - Delayed 4 second(s)

2023-09-26 17:01:39 - [TEST_STEP][PASSED] - tap(findTestObject("Object Repository/Parte1/Recuperar_cuenta/CPN26/android.widget.ImageButton (5)"), 0): Tapped on element 'Object Repository/Parte1/Recuperar_cuenta/CPN26/android.widget.ImageButton (5)'

2023-09-26 17:01:39 - [MESSAGE][WARNING] - Timeout '0' is invalid. Using default page load timeout: '30'

2023-09-26 17:01:39 - [MESSAGE][PASSED] - Tapped on element 'Object Repository/Parte1/Recuperar_cuenta/CPN26/android.widget.ImageButton (5)'

2023-09-26 17:01:39 - [TEST_STEP][PASSED] - delay(1, STOP_ON_FAILURE): Delayed 1 second(s)

2023-09-26 17:01:40 - [MESSAGE][PASSED] - Delayed 1 second(s)

2023-09-26 17:01:40 - [TEST_STEP][PASSED] - tap(findTestObject("Object Repository/Parte1/Recuperar_cuenta/CPN26/android.widget.FrameLayout (1)"), 0): Tapped on element 'Object Repository/Parte1/Recuperar_cuenta/CPN26/android.widget.FrameLayout (1)'

2023-09-26 17:01:40 - [MESSAGE][WARNING] - Timeout '0' is invalid. Using default page load timeout: '30'

2023-09-26 17:01:41 - [MESSAGE][PASSED] - Tapped on element 'Object Repository/Parte1/Recuperar_cuenta/CPN26/android.widget.FrameLayout (1)'

2023-09-26 17:01:41 - [TEST_STEP][PASSED] - delay(3, STOP_ON_FAILURE): Delayed 3 second(s)

2023-09-26 17:01:44 - [MESSAGE][PASSED] - Delayed 3 second(s)]]></system-out>
         <system-err><![CDATA[]]></system-err>
      </testcase>
      <system-out><![CDATA[2023-09-26 16:58:33 - [TEST_SUITE][PASSED] - Recuperar cuenta: Test Cases/Parte1/Recuperar_cuenta/CPN26]]></system-out>
      <system-err><![CDATA[]]></system-err>
   </testsuite>
</testsuites>
