<?xml version="1.0" encoding="UTF-8"?>
<testsuites name="PRUEBA" time="70.174" tests="3" failures="0" errors="0">
   <testsuite name="PRUEBA" tests="3" failures="0" errors="0" time="70.174" skipped="0" timestamp="2023-06-01 11:11:04" hostname="Testing - DESKTOP-OBIGNLU" id="Test Suites/PRUEBA">
      <properties>
         <property name="deviceName" value="samsung SM-A107M (Android 11)"/>
         <property name="devicePlatform" value=""/>
         <property name="logFolder" value="C:\\Users\\Testing\\Katalon Studio\\NN_Version2\\Reports\\20230601_111059\\PRUEBA\\20230601_111059"/>
         <property name="logFiles" value="C:\\Users\\Testing\\Katalon Studio\\NN_Version2\\Reports\\20230601_111059\\PRUEBA\\20230601_111059\\appium.log, C:\\Users\\Testing\\Katalon Studio\\NN_Version2\\Reports\\20230601_111059\\PRUEBA\\20230601_111059\\execution0.log"/>
         <property name="attachments" value=""/>
         <property name="hostName" value="Testing - DESKTOP-OBIGNLU"/>
         <property name="os" value="Windows 10 64bit"/>
         <property name="appiumServerStatus" value="{&quot;value&quot;:{&quot;build&quot;:{&quot;version&quot;:&quot;1.22.3&quot;}},&quot;sessionId&quot;:null,&quot;status&quot;:0}"/>
         <property name="katalonVersion" value="8.5.5.208"/>
         <property name="deviceOS" value="Android"/>
         <property name="appiumVersion" value="1.22.3"/>
         <property name="deviceModel" value="SM-A107M"/>
         <property name="hostAddress" value="192.168.1.6"/>
         <property name="deviceManufacturer" value="samsung"/>
         <property name="deviceId" value="R9WN40KBXDJ"/>
         <property name="deviceName" value="samsung SM-A107M (Android 11)"/>
         <property name="deviceOSVersion" value="11"/>
      </properties>
      <testcase name="Test Cases/Abrir_App/CPN1" time="43.773" classname="Test Cases/Abrir_App/CPN1" status="PASSED">
         <system-out><![CDATA[2023-06-01 11:11:04 - [TEST_CASE][PASSED] - Test Cases/Abrir_App/CPN1: Test Cases/Abrir_App/CPN1

2023-06-01 11:11:05 - [TEST_STEP][PASSED] - startApplication("C:\Users\Testing\Desktop\katalon\Version nueva\app-debug (2).apk", true): Started app at: 'C:\Users\Testing\Desktop\katalon\Version nueva\app-debug (2).apk'

2023-06-01 11:11:05 - [MESSAGE][INFO] - Detected NodeJS location: "C:\Program Files\nodejs\node.exe"

2023-06-01 11:11:06 - [MESSAGE][INFO] - Appium server started on port 65.359

2023-06-01 11:11:38 - [MESSAGE][PASSED] - Started app at: 'C:\Users\Testing\Desktop\katalon\Version nueva\app-debug (2).apk'

2023-06-01 11:11:38 - [TEST_STEP][PASSED] - pressBack(): Press back button successfully

2023-06-01 11:11:39 - [MESSAGE][PASSED] - Press back button successfully

2023-06-01 11:11:39 - [TEST_STEP][PASSED] - toggleWifi("OFF", STOP_ON_FAILURE): Toggled wifi

2023-06-01 11:11:40 - [MESSAGE][PASSED] - Toggled wifi

2023-06-01 11:11:40 - [TEST_STEP][PASSED] - tap(findTestObject("Object Repository/Abrir_App/CPN1/android.widget.TextView - NapoleoN"), 0): Tapped on element 'Object Repository/Abrir_App/CPN1/android.widget.TextView - NapoleoN'

2023-06-01 11:11:40 - [MESSAGE][WARNING] - Timeout '0' is invalid. Using default page load timeout: '30'

2023-06-01 11:11:41 - [MESSAGE][PASSED] - Tapped on element 'Object Repository/Abrir_App/CPN1/android.widget.TextView - NapoleoN'

2023-06-01 11:11:41 - [TEST_STEP][PASSED] - delay(2): Delayed 2 second(s)

2023-06-01 11:11:43 - [MESSAGE][PASSED] - Delayed 2 second(s)

2023-06-01 11:11:43 - [TEST_STEP][PASSED] - toggleWifi("ON", STOP_ON_FAILURE): Toggled wifi

2023-06-01 11:11:44 - [MESSAGE][PASSED] - Toggled wifi

2023-06-01 11:11:44 - [TEST_STEP][PASSED] - delay(4): Delayed 4 second(s)

2023-06-01 11:11:48 - [MESSAGE][PASSED] - Delayed 4 second(s)]]></system-out>
         <system-err><![CDATA[]]></system-err>
      </testcase>
      <testcase name="Test Cases/Abrir_App/CPN2" time="8.151" classname="Test Cases/Abrir_App/CPN2" status="PASSED">
         <system-out><![CDATA[2023-06-01 11:11:48 - [TEST_CASE][PASSED] - Test Cases/Abrir_App/CPN2: Test Cases/Abrir_App/CPN2

2023-06-01 11:11:48 - [TEST_STEP][PASSED] - pressBack(): Press back button successfully

2023-06-01 11:11:49 - [MESSAGE][PASSED] - Press back button successfully

2023-06-01 11:11:49 - [TEST_STEP][PASSED] - tap(findTestObject("Object Repository/CPN2/android.widget.TextView - NapoleoN"), 0): Tapped on element 'Object Repository/CPN2/android.widget.TextView - NapoleoN'

2023-06-01 11:11:49 - [MESSAGE][WARNING] - Timeout '0' is invalid. Using default page load timeout: '30'

2023-06-01 11:11:51 - [MESSAGE][PASSED] - Tapped on element 'Object Repository/CPN2/android.widget.TextView - NapoleoN'

2023-06-01 11:11:51 - [TEST_STEP][PASSED] - tap(findTestObject("Object Repository/CPN2/android.widget.TextView - Omitir"), 0): Tapped on element 'Object Repository/CPN2/android.widget.TextView - Omitir'

2023-06-01 11:11:51 - [MESSAGE][WARNING] - Timeout '0' is invalid. Using default page load timeout: '30'

2023-06-01 11:11:54 - [MESSAGE][PASSED] - Tapped on element 'Object Repository/CPN2/android.widget.TextView - Omitir'

2023-06-01 11:11:54 - [TEST_STEP][PASSED] - toggleWifi("off", STOP_ON_FAILURE): Toggled wifi

2023-06-01 11:11:56 - [MESSAGE][PASSED] - Toggled wifi]]></system-out>
         <system-err><![CDATA[]]></system-err>
      </testcase>
      <testcase name="Test Cases/Abrir_App/CPN3" time="18.004" classname="Test Cases/Abrir_App/CPN3" status="PASSED">
         <system-out><![CDATA[2023-06-01 11:11:56 - [TEST_CASE][PASSED] - Test Cases/Abrir_App/CPN3: Test Cases/Abrir_App/CPN3

2023-06-01 11:11:56 - [TEST_STEP][PASSED] - pressBack(): Press back button successfully

2023-06-01 11:11:57 - [MESSAGE][PASSED] - Press back button successfully

2023-06-01 11:11:57 - [TEST_STEP][PASSED] - toggleWifi("ON", STOP_ON_FAILURE): Toggled wifi

2023-06-01 11:11:58 - [MESSAGE][PASSED] - Toggled wifi

2023-06-01 11:11:58 - [TEST_STEP][PASSED] - delay(4): Delayed 4 second(s)

2023-06-01 11:12:02 - [MESSAGE][PASSED] - Delayed 4 second(s)

2023-06-01 11:12:02 - [TEST_STEP][PASSED] - toggleWifi("OFF", STOP_ON_FAILURE): Toggled wifi

2023-06-01 11:12:03 - [MESSAGE][PASSED] - Toggled wifi

2023-06-01 11:12:03 - [TEST_STEP][PASSED] - tap(findTestObject("Object Repository/Abrir_App/CPN3/android.widget.TextView - Omitir"), 0): Tapped on element 'Object Repository/Abrir_App/CPN3/android.widget.TextView - Omitir'

2023-06-01 11:12:03 - [MESSAGE][WARNING] - Timeout '0' is invalid. Using default page load timeout: '30'

2023-06-01 11:12:05 - [MESSAGE][PASSED] - Tapped on element 'Object Repository/Abrir_App/CPN3/android.widget.TextView - Omitir'

2023-06-01 11:12:05 - [TEST_STEP][PASSED] - tap(findTestObject("Abrir_App/CPN3/android.widget.Button - Crear Cuenta"), 0): Tapped on element 'Object Repository/Abrir_App/CPN3/android.widget.Button - Crear Cuenta'

2023-06-01 11:12:05 - [MESSAGE][WARNING] - Timeout '0' is invalid. Using default page load timeout: '30'

2023-06-01 11:12:06 - [MESSAGE][PASSED] - Tapped on element 'Object Repository/Abrir_App/CPN3/android.widget.Button - Crear Cuenta'

2023-06-01 11:12:06 - [TEST_STEP][PASSED] - tap(findTestObject("Object Repository/Abrir_App/CPN3/android.widget.Button - Enviar cdigo de registro"), 0): Tapped on element 'Object Repository/Abrir_App/CPN3/android.widget.Button - Enviar cdigo de registro'

2023-06-01 11:12:06 - [MESSAGE][WARNING] - Timeout '0' is invalid. Using default page load timeout: '30'

2023-06-01 11:12:08 - [MESSAGE][PASSED] - Tapped on element 'Object Repository/Abrir_App/CPN3/android.widget.Button - Enviar cdigo de registro'

2023-06-01 11:12:08 - [TEST_STEP][PASSED] - verifyElementVisible(findTestObject("Object Repository/Abrir_App/CPN3/android.widget.FrameLayout"), 0): Element 'Object Repository/Abrir_App/CPN3/android.widget.FrameLayout' is visible

2023-06-01 11:12:08 - [MESSAGE][WARNING] - Timeout '0' is invalid. Using default page load timeout: '30'

2023-06-01 11:12:10 - [MESSAGE][PASSED] - Element 'Object Repository/Abrir_App/CPN3/android.widget.FrameLayout' is visible

2023-06-01 11:12:10 - [TEST_STEP][PASSED] - tap(findTestObject("Object Repository/Abrir_App/CPN3/android.widget.Button - OK"), 0): Tapped on element 'Object Repository/Abrir_App/CPN3/android.widget.Button - OK'

2023-06-01 11:12:10 - [MESSAGE][WARNING] - Timeout '0' is invalid. Using default page load timeout: '30'

2023-06-01 11:12:10 - [MESSAGE][PASSED] - Tapped on element 'Object Repository/Abrir_App/CPN3/android.widget.Button - OK'

2023-06-01 11:12:10 - [TEST_STEP][PASSED] - toggleWifi("ON", STOP_ON_FAILURE): Toggled wifi

2023-06-01 11:12:11 - [MESSAGE][PASSED] - Toggled wifi

2023-06-01 11:12:11 - [TEST_STEP][PASSED] - delay(3): Delayed 3 second(s)

2023-06-01 11:12:14 - [MESSAGE][PASSED] - Delayed 3 second(s)]]></system-out>
         <system-err><![CDATA[]]></system-err>
      </testcase>
      <system-out><![CDATA[2023-06-01 11:11:04 - [TEST_SUITE][PASSED] - PRUEBA: Test Cases/Abrir_App/CPN3]]></system-out>
      <system-err><![CDATA[]]></system-err>
   </testsuite>
</testsuites>
