<?xml version="1.0" encoding="UTF-8"?>
<testsuites name="Recuperar cuenta" time="443.459" tests="19" failures="1" errors="0">
   <testsuite name="Recuperar cuenta" tests="19" failures="1" errors="0" time="443.459" skipped="0" timestamp="2023-09-22 14:52:31" hostname="Testing - DESKTOP-OBIGNLU" id="Test Suites/Recuperar cuenta">
      <properties>
         <property name="deviceName" value="samsung SM-A107M (Android 11)"/>
         <property name="devicePlatform" value=""/>
         <property name="logFolder" value="C:\\Users\\Testing\\Katalon Studio\\NN_Version2\\Reports\\20230922_145223\\Recuperar cuenta\\20230922_145223"/>
         <property name="logFiles" value="C:\\Users\\Testing\\Katalon Studio\\NN_Version2\\Reports\\20230922_145223\\Recuperar cuenta\\20230922_145223\\appium.log, C:\\Users\\Testing\\Katalon Studio\\NN_Version2\\Reports\\20230922_145223\\Recuperar cuenta\\20230922_145223\\execution0.log"/>
         <property name="attachments" value="C:\\Users\\Testing\\Katalon Studio\\NN_Version2\\Reports\\20230922_145223\\Recuperar cuenta\\20230922_145223\\1695412681726.png"/>
         <property name="hostName" value="Testing - DESKTOP-OBIGNLU"/>
         <property name="os" value="Windows 10 64bit"/>
         <property name="appiumServerStatus" value="{&quot;value&quot;:{&quot;build&quot;:{&quot;version&quot;:&quot;1.22.3&quot;}},&quot;sessionId&quot;:null,&quot;status&quot;:0}"/>
         <property name="katalonVersion" value="8.6.8.208"/>
         <property name="deviceOS" value="Android"/>
         <property name="appiumVersion" value="1.22.3"/>
         <property name="deviceModel" value="SM-A107M"/>
         <property name="hostAddress" value="192.168.1.6"/>
         <property name="deviceManufacturer" value="samsung"/>
         <property name="deviceId" value="R9WN40KBXDJ"/>
         <property name="deviceName" value="samsung SM-A107M (Android 11)"/>
         <property name="deviceOSVersion" value="11"/>
      </properties>
      <testcase name="Test Cases/ingreso para prueba" time="45.322" classname="Test Cases/ingreso para prueba" status="PASSED">
         <system-out><![CDATA[2023-09-22 14:52:31 - [TEST_CASE][PASSED] - Test Cases/ingreso para prueba: Test Cases/ingreso para prueba

2023-09-22 14:52:31 - [TEST_STEP][PASSED] - startApplication("C:\Users\Testing\Desktop\katalon\Apk actualizada Android 13\NapoleoN.apk", true): Started app at: 'C:\Users\Testing\Desktop\katalon\Apk actualizada Android 13\NapoleoN.apk'

2023-09-22 14:52:32 - [MESSAGE][INFO] - User set preference: ['deviceId', '']

2023-09-22 14:52:32 - [MESSAGE][INFO] - Detected NodeJS location: "C:\Program Files\nodejs\node.exe"

2023-09-22 14:52:33 - [MESSAGE][INFO] - Appium server started on port 50.802

2023-09-22 14:53:15 - [MESSAGE][PASSED] - Started app at: 'C:\Users\Testing\Desktop\katalon\Apk actualizada Android 13\NapoleoN.apk'

2023-09-22 14:53:15 - [TEST_STEP][PASSED] - tap(findTestObject("Object Repository/Parte1/ingreso solo prueba/android.widget.TextView - Omitir"), 0): Tapped on element 'Object Repository/Parte1/ingreso solo prueba/android.widget.TextView - Omitir'

2023-09-22 14:53:15 - [MESSAGE][WARNING] - Timeout '0' is invalid. Using default page load timeout: '30'

2023-09-22 14:53:16 - [MESSAGE][PASSED] - Tapped on element 'Object Repository/Parte1/ingreso solo prueba/android.widget.TextView - Omitir']]></system-out>
         <system-err><![CDATA[]]></system-err>
      </testcase>
      <testcase name="Test Cases/Parte1/Iniciar_sesioncorrectamente/CPN22_23_24" time="70.569" classname="Test Cases/Parte1/Iniciar_sesioncorrectamente/CPN22_23_24" status="PASSED">
         <system-out><![CDATA[2023-09-22 14:53:16 - [TEST_CASE][PASSED] - Test Cases/Parte1/Iniciar_sesioncorrectamente/CPN22_23_24: Test Cases/Parte1/Iniciar_sesioncorrectamente/CPN22_23_24

2023-09-22 14:53:17 - [TEST_STEP][PASSED] - tap(findTestObject("Object Repository/Parte1/Iniciar_sesioncorrectamente/CPN22_23_24/android.widget.TextView - Iniciar sesin"), 0): Tapped on element 'Object Repository/Parte1/Iniciar_sesioncorrectamente/CPN22_23_24/android.widget.TextView - Iniciar sesin'

2023-09-22 14:53:17 - [MESSAGE][WARNING] - Timeout '0' is invalid. Using default page load timeout: '30'

2023-09-22 14:53:18 - [MESSAGE][PASSED] - Tapped on element 'Object Repository/Parte1/Iniciar_sesioncorrectamente/CPN22_23_24/android.widget.TextView - Iniciar sesin'

2023-09-22 14:53:18 - [TEST_STEP][PASSED] - waitForElementPresent(findTestObject("Object Repository/Parte1/Iniciar_sesioncorrectamente/CPN22_23_24/android.widget.TextView - Recuperar Cuenta"), 0): Element 'Object Repository/Parte1/Iniciar_sesioncorrectamente/CPN22_23_24/android.widget.TextView - Recuperar Cuenta' is present

2023-09-22 14:53:18 - [MESSAGE][WARNING] - Timeout '0' is invalid. Using default page load timeout: '30'

2023-09-22 14:53:19 - [MESSAGE][PASSED] - Element 'Object Repository/Parte1/Iniciar_sesioncorrectamente/CPN22_23_24/android.widget.TextView - Recuperar Cuenta' is present

2023-09-22 14:53:19 - [TEST_STEP][PASSED] - tap(findTestObject("Object Repository/Parte1/Iniciar_sesioncorrectamente/CPN22_23_24/android.widget.EditText - Apodo"), 0): Tapped on element 'Object Repository/Parte1/Iniciar_sesioncorrectamente/CPN22_23_24/android.widget.EditText - Apodo'

2023-09-22 14:53:20 - [MESSAGE][WARNING] - Timeout '0' is invalid. Using default page load timeout: '30'

2023-09-22 14:53:20 - [MESSAGE][PASSED] - Tapped on element 'Object Repository/Parte1/Iniciar_sesioncorrectamente/CPN22_23_24/android.widget.EditText - Apodo'

2023-09-22 14:53:20 - [TEST_STEP][PASSED] - setText(findTestObject("Object Repository/Parte1/Iniciar_sesioncorrectamente/CPN22_23_24/android.widget.EditText - Apodo (1)"), "edwin_1324", 0): Text 'edwin_1324' has been set to element 'Object Repository/Parte1/Iniciar_sesioncorrectamente/CPN22_23_24/android.widget.EditText - Apodo (1)'

2023-09-22 14:53:20 - [MESSAGE][WARNING] - Timeout '0' is invalid. Using default page load timeout: '30'

2023-09-22 14:53:23 - [MESSAGE][PASSED] - Text 'edwin_1324' has been set to element 'Object Repository/Parte1/Iniciar_sesioncorrectamente/CPN22_23_24/android.widget.EditText - Apodo (1)'

2023-09-22 14:53:23 - [TEST_STEP][PASSED] - hideKeyboard(): Keyboard is hidden

2023-09-22 14:53:26 - [MESSAGE][PASSED] - Keyboard is hidden

2023-09-22 14:53:26 - [TEST_STEP][PASSED] - tap(findTestObject("Object Repository/Parte1/Iniciar_sesioncorrectamente/CPN22_23_24/android.widget.Button - Recuperar"), 0): Tapped on element 'Object Repository/Parte1/Iniciar_sesioncorrectamente/CPN22_23_24/android.widget.Button - Recuperar'

2023-09-22 14:53:27 - [MESSAGE][WARNING] - Timeout '0' is invalid. Using default page load timeout: '30'

2023-09-22 14:53:27 - [MESSAGE][PASSED] - Tapped on element 'Object Repository/Parte1/Iniciar_sesioncorrectamente/CPN22_23_24/android.widget.Button - Recuperar'

2023-09-22 14:53:27 - [TEST_STEP][PASSED] - delay(5, STOP_ON_FAILURE): Delayed 5 second(s)

2023-09-22 14:53:32 - [MESSAGE][PASSED] - Delayed 5 second(s)

2023-09-22 14:53:32 - [TEST_STEP][PASSED] - i = 1: null

2023-09-22 14:53:32 - [TEST_STEP][PASSED] - while (i <= 5): null

2023-09-22 14:53:32 - [TEST_STEP][PASSED] - radioGroupObject = findTestObject("Object Repository/Parte1/Iniciar_sesioncorrectamente/CPN22_23_24/android.widget.RadioGroup"): null

2023-09-22 14:53:32 - [TEST_STEP][PASSED] - optionUnoObject = findTestObject("Object Repository/Parte1/Iniciar_sesioncorrectamente/CPN22_23_24/android.widget.RadioButton - Uno"): null

2023-09-22 14:53:32 - [TEST_STEP][PASSED] - optionDosObject = findTestObject("Object Repository/Parte1/Iniciar_sesioncorrectamente/CPN22_23_24/android.widget.RadioButton - Dos"): null

2023-09-22 14:53:32 - [TEST_STEP][PASSED] - optionTresObject = findTestObject("Object Repository/Parte1/Iniciar_sesioncorrectamente/CPN22_23_24/android.widget.RadioButton - Tres"): null

2023-09-22 14:53:32 - [TEST_STEP][PASSED] - siguienteButton = findTestObject("Parte1/Iniciar_sesioncorrectamente/CPN22_23_24/android.widget.Button - Siguiente"): null

2023-09-22 14:53:32 - [TEST_STEP][PASSED] - if (waitForElementPresent(radioGroupObject, 2)): null

2023-09-22 14:53:33 - [MESSAGE][PASSED] - Element 'Object Repository/Parte1/Iniciar_sesioncorrectamente/CPN22_23_24/android.widget.RadioGroup' is present

2023-09-22 14:53:33 - [TEST_STEP][PASSED] - if (waitForElementPresent(optionUnoObject, 2)): null

2023-09-22 14:53:33 - [MESSAGE][PASSED] - Element 'Object Repository/Parte1/Iniciar_sesioncorrectamente/CPN22_23_24/android.widget.RadioButton - Uno' is present

2023-09-22 14:53:33 - [TEST_STEP][PASSED] - tap(optionUnoObject, 2): Tapped on element 'Object Repository/Parte1/Iniciar_sesioncorrectamente/CPN22_23_24/android.widget.RadioButton - Uno'

2023-09-22 14:53:33 - [MESSAGE][PASSED] - Tapped on element 'Object Repository/Parte1/Iniciar_sesioncorrectamente/CPN22_23_24/android.widget.RadioButton - Uno'

2023-09-22 14:53:33 - [TEST_STEP][PASSED] - if (waitForElementPresent(siguienteButton, 2)): null

2023-09-22 14:53:34 - [MESSAGE][PASSED] - Element 'Object Repository/Parte1/Iniciar_sesioncorrectamente/CPN22_23_24/android.widget.Button - Siguiente' is present

2023-09-22 14:53:34 - [TEST_STEP][PASSED] - tap(siguienteButton, 0): Tapped on element 'Object Repository/Parte1/Iniciar_sesioncorrectamente/CPN22_23_24/android.widget.Button - Siguiente'

2023-09-22 14:53:34 - [MESSAGE][WARNING] - Timeout '0' is invalid. Using default page load timeout: '30'

2023-09-22 14:53:34 - [MESSAGE][PASSED] - Tapped on element 'Object Repository/Parte1/Iniciar_sesioncorrectamente/CPN22_23_24/android.widget.Button - Siguiente'

2023-09-22 14:53:34 - [TEST_STEP][PASSED] - (i++): null

2023-09-22 14:53:34 - [TEST_STEP][PASSED] - radioGroupObject = findTestObject("Object Repository/Parte1/Iniciar_sesioncorrectamente/CPN22_23_24/android.widget.RadioGroup"): null

2023-09-22 14:53:34 - [TEST_STEP][PASSED] - optionUnoObject = findTestObject("Object Repository/Parte1/Iniciar_sesioncorrectamente/CPN22_23_24/android.widget.RadioButton - Uno"): null

2023-09-22 14:53:34 - [TEST_STEP][PASSED] - optionDosObject = findTestObject("Object Repository/Parte1/Iniciar_sesioncorrectamente/CPN22_23_24/android.widget.RadioButton - Dos"): null

2023-09-22 14:53:34 - [TEST_STEP][PASSED] - optionTresObject = findTestObject("Object Repository/Parte1/Iniciar_sesioncorrectamente/CPN22_23_24/android.widget.RadioButton - Tres"): null

2023-09-22 14:53:34 - [TEST_STEP][PASSED] - siguienteButton = findTestObject("Parte1/Iniciar_sesioncorrectamente/CPN22_23_24/android.widget.Button - Siguiente"): null

2023-09-22 14:53:35 - [TEST_STEP][PASSED] - if (waitForElementPresent(radioGroupObject, 2)): null

2023-09-22 14:53:35 - [MESSAGE][PASSED] - Element 'Object Repository/Parte1/Iniciar_sesioncorrectamente/CPN22_23_24/android.widget.RadioGroup' is present

2023-09-22 14:53:35 - [TEST_STEP][PASSED] - if (waitForElementPresent(optionUnoObject, 2)): Object Object Repository/Parte1/Iniciar_sesioncorrectamente/CPN22_23_24/android.widget.RadioButton - Tres not found

2023-09-22 14:53:37 - [MESSAGE][WARNING] - Object Object Repository/Parte1/Iniciar_sesioncorrectamente/CPN22_23_24/android.widget.RadioButton - Uno not found

2023-09-22 14:53:39 - [MESSAGE][WARNING] - Object Object Repository/Parte1/Iniciar_sesioncorrectamente/CPN22_23_24/android.widget.RadioButton - Dos not found

2023-09-22 14:53:41 - [MESSAGE][WARNING] - Object Object Repository/Parte1/Iniciar_sesioncorrectamente/CPN22_23_24/android.widget.RadioButton - Tres not found

2023-09-22 14:53:41 - [TEST_STEP][PASSED] - else if (waitForElementPresent(optionDosObject, 2)): null

2023-09-22 14:53:41 - [TEST_STEP][PASSED] - else if (waitForElementPresent(optionTresObject, 2)): null

2023-09-22 14:53:41 - [TEST_STEP][PASSED] - else: Tapped on element 'Object Repository/Parte1/Iniciar_sesioncorrectamente/CPN22_23_24/android.widget.RadioButton - No eleg esta pregunta'

2023-09-22 14:53:41 - [TEST_STEP][PASSED] - tap(findTestObject("Parte1/Iniciar_sesioncorrectamente/CPN22_23_24/android.widget.RadioButton - No eleg esta pregunta"), 0): Tapped on element 'Object Repository/Parte1/Iniciar_sesioncorrectamente/CPN22_23_24/android.widget.RadioButton - No eleg esta pregunta'

2023-09-22 14:53:41 - [MESSAGE][WARNING] - Timeout '0' is invalid. Using default page load timeout: '30'

2023-09-22 14:53:42 - [MESSAGE][PASSED] - Tapped on element 'Object Repository/Parte1/Iniciar_sesioncorrectamente/CPN22_23_24/android.widget.RadioButton - No eleg esta pregunta'

2023-09-22 14:53:42 - [TEST_STEP][PASSED] - if (waitForElementPresent(siguienteButton, 2)): null

2023-09-22 14:53:42 - [MESSAGE][PASSED] - Element 'Object Repository/Parte1/Iniciar_sesioncorrectamente/CPN22_23_24/android.widget.Button - Siguiente' is present

2023-09-22 14:53:42 - [TEST_STEP][PASSED] - tap(siguienteButton, 0): Tapped on element 'Object Repository/Parte1/Iniciar_sesioncorrectamente/CPN22_23_24/android.widget.Button - Siguiente'

2023-09-22 14:53:42 - [MESSAGE][WARNING] - Timeout '0' is invalid. Using default page load timeout: '30'

2023-09-22 14:53:43 - [MESSAGE][PASSED] - Tapped on element 'Object Repository/Parte1/Iniciar_sesioncorrectamente/CPN22_23_24/android.widget.Button - Siguiente'

2023-09-22 14:53:43 - [TEST_STEP][PASSED] - (i++): null

2023-09-22 14:53:43 - [TEST_STEP][PASSED] - radioGroupObject = findTestObject("Object Repository/Parte1/Iniciar_sesioncorrectamente/CPN22_23_24/android.widget.RadioGroup"): null

2023-09-22 14:53:43 - [TEST_STEP][PASSED] - optionUnoObject = findTestObject("Object Repository/Parte1/Iniciar_sesioncorrectamente/CPN22_23_24/android.widget.RadioButton - Uno"): null

2023-09-22 14:53:43 - [TEST_STEP][PASSED] - optionDosObject = findTestObject("Object Repository/Parte1/Iniciar_sesioncorrectamente/CPN22_23_24/android.widget.RadioButton - Dos"): null

2023-09-22 14:53:44 - [TEST_STEP][PASSED] - optionTresObject = findTestObject("Object Repository/Parte1/Iniciar_sesioncorrectamente/CPN22_23_24/android.widget.RadioButton - Tres"): null

2023-09-22 14:53:44 - [TEST_STEP][PASSED] - siguienteButton = findTestObject("Parte1/Iniciar_sesioncorrectamente/CPN22_23_24/android.widget.Button - Siguiente"): null

2023-09-22 14:53:44 - [TEST_STEP][PASSED] - if (waitForElementPresent(radioGroupObject, 2)): null

2023-09-22 14:53:44 - [MESSAGE][PASSED] - Element 'Object Repository/Parte1/Iniciar_sesioncorrectamente/CPN22_23_24/android.widget.RadioGroup' is present

2023-09-22 14:53:44 - [TEST_STEP][PASSED] - if (waitForElementPresent(optionUnoObject, 2)): Element 'Object Repository/Parte1/Iniciar_sesioncorrectamente/CPN22_23_24/android.widget.RadioButton - Tres' is present

2023-09-22 14:53:46 - [MESSAGE][WARNING] - Object Object Repository/Parte1/Iniciar_sesioncorrectamente/CPN22_23_24/android.widget.RadioButton - Uno not found

2023-09-22 14:53:48 - [MESSAGE][WARNING] - Object Object Repository/Parte1/Iniciar_sesioncorrectamente/CPN22_23_24/android.widget.RadioButton - Dos not found

2023-09-22 14:53:48 - [MESSAGE][PASSED] - Element 'Object Repository/Parte1/Iniciar_sesioncorrectamente/CPN22_23_24/android.widget.RadioButton - Tres' is present

2023-09-22 14:53:48 - [TEST_STEP][PASSED] - else if (waitForElementPresent(optionDosObject, 2)): null

2023-09-22 14:53:48 - [TEST_STEP][PASSED] - else if (waitForElementPresent(optionTresObject, 2)): Tapped on element 'Object Repository/Parte1/Iniciar_sesioncorrectamente/CPN22_23_24/android.widget.RadioButton - Tres'

2023-09-22 14:53:48 - [TEST_STEP][PASSED] - tap(optionTresObject, 2): Tapped on element 'Object Repository/Parte1/Iniciar_sesioncorrectamente/CPN22_23_24/android.widget.RadioButton - Tres'

2023-09-22 14:53:48 - [MESSAGE][PASSED] - Tapped on element 'Object Repository/Parte1/Iniciar_sesioncorrectamente/CPN22_23_24/android.widget.RadioButton - Tres'

2023-09-22 14:53:48 - [TEST_STEP][PASSED] - if (waitForElementPresent(siguienteButton, 2)): null

2023-09-22 14:53:49 - [MESSAGE][PASSED] - Element 'Object Repository/Parte1/Iniciar_sesioncorrectamente/CPN22_23_24/android.widget.Button - Siguiente' is present

2023-09-22 14:53:49 - [TEST_STEP][PASSED] - tap(siguienteButton, 0): Tapped on element 'Object Repository/Parte1/Iniciar_sesioncorrectamente/CPN22_23_24/android.widget.Button - Siguiente'

2023-09-22 14:53:49 - [MESSAGE][WARNING] - Timeout '0' is invalid. Using default page load timeout: '30'

2023-09-22 14:53:49 - [MESSAGE][PASSED] - Tapped on element 'Object Repository/Parte1/Iniciar_sesioncorrectamente/CPN22_23_24/android.widget.Button - Siguiente'

2023-09-22 14:53:49 - [TEST_STEP][PASSED] - (i++): null

2023-09-22 14:53:49 - [TEST_STEP][PASSED] - radioGroupObject = findTestObject("Object Repository/Parte1/Iniciar_sesioncorrectamente/CPN22_23_24/android.widget.RadioGroup"): null

2023-09-22 14:53:49 - [TEST_STEP][PASSED] - optionUnoObject = findTestObject("Object Repository/Parte1/Iniciar_sesioncorrectamente/CPN22_23_24/android.widget.RadioButton - Uno"): null

2023-09-22 14:53:49 - [TEST_STEP][PASSED] - optionDosObject = findTestObject("Object Repository/Parte1/Iniciar_sesioncorrectamente/CPN22_23_24/android.widget.RadioButton - Dos"): null

2023-09-22 14:53:50 - [TEST_STEP][PASSED] - optionTresObject = findTestObject("Object Repository/Parte1/Iniciar_sesioncorrectamente/CPN22_23_24/android.widget.RadioButton - Tres"): null

2023-09-22 14:53:50 - [TEST_STEP][PASSED] - siguienteButton = findTestObject("Parte1/Iniciar_sesioncorrectamente/CPN22_23_24/android.widget.Button - Siguiente"): null

2023-09-22 14:53:50 - [TEST_STEP][PASSED] - if (waitForElementPresent(radioGroupObject, 2)): null

2023-09-22 14:53:50 - [MESSAGE][PASSED] - Element 'Object Repository/Parte1/Iniciar_sesioncorrectamente/CPN22_23_24/android.widget.RadioGroup' is present

2023-09-22 14:53:50 - [TEST_STEP][PASSED] - if (waitForElementPresent(optionUnoObject, 2)): Object Object Repository/Parte1/Iniciar_sesioncorrectamente/CPN22_23_24/android.widget.RadioButton - Tres not found

2023-09-22 14:53:52 - [MESSAGE][WARNING] - Object Object Repository/Parte1/Iniciar_sesioncorrectamente/CPN22_23_24/android.widget.RadioButton - Uno not found

2023-09-22 14:53:54 - [MESSAGE][WARNING] - Object Object Repository/Parte1/Iniciar_sesioncorrectamente/CPN22_23_24/android.widget.RadioButton - Dos not found

2023-09-22 14:53:56 - [MESSAGE][WARNING] - Object Object Repository/Parte1/Iniciar_sesioncorrectamente/CPN22_23_24/android.widget.RadioButton - Tres not found

2023-09-22 14:53:56 - [TEST_STEP][PASSED] - else if (waitForElementPresent(optionDosObject, 2)): null

2023-09-22 14:53:56 - [TEST_STEP][PASSED] - else if (waitForElementPresent(optionTresObject, 2)): null

2023-09-22 14:53:56 - [TEST_STEP][PASSED] - else: Tapped on element 'Object Repository/Parte1/Iniciar_sesioncorrectamente/CPN22_23_24/android.widget.RadioButton - No eleg esta pregunta'

2023-09-22 14:53:56 - [TEST_STEP][PASSED] - tap(findTestObject("Parte1/Iniciar_sesioncorrectamente/CPN22_23_24/android.widget.RadioButton - No eleg esta pregunta"), 0): Tapped on element 'Object Repository/Parte1/Iniciar_sesioncorrectamente/CPN22_23_24/android.widget.RadioButton - No eleg esta pregunta'

2023-09-22 14:53:56 - [MESSAGE][WARNING] - Timeout '0' is invalid. Using default page load timeout: '30'

2023-09-22 14:53:57 - [MESSAGE][PASSED] - Tapped on element 'Object Repository/Parte1/Iniciar_sesioncorrectamente/CPN22_23_24/android.widget.RadioButton - No eleg esta pregunta'

2023-09-22 14:53:57 - [TEST_STEP][PASSED] - if (waitForElementPresent(siguienteButton, 2)): null

2023-09-22 14:53:57 - [MESSAGE][PASSED] - Element 'Object Repository/Parte1/Iniciar_sesioncorrectamente/CPN22_23_24/android.widget.Button - Siguiente' is present

2023-09-22 14:53:57 - [TEST_STEP][PASSED] - tap(siguienteButton, 0): Tapped on element 'Object Repository/Parte1/Iniciar_sesioncorrectamente/CPN22_23_24/android.widget.Button - Siguiente'

2023-09-22 14:53:57 - [MESSAGE][WARNING] - Timeout '0' is invalid. Using default page load timeout: '30'

2023-09-22 14:53:58 - [MESSAGE][PASSED] - Tapped on element 'Object Repository/Parte1/Iniciar_sesioncorrectamente/CPN22_23_24/android.widget.Button - Siguiente'

2023-09-22 14:53:58 - [TEST_STEP][PASSED] - (i++): null

2023-09-22 14:53:58 - [TEST_STEP][PASSED] - radioGroupObject = findTestObject("Object Repository/Parte1/Iniciar_sesioncorrectamente/CPN22_23_24/android.widget.RadioGroup"): null

2023-09-22 14:53:58 - [TEST_STEP][PASSED] - optionUnoObject = findTestObject("Object Repository/Parte1/Iniciar_sesioncorrectamente/CPN22_23_24/android.widget.RadioButton - Uno"): null

2023-09-22 14:53:58 - [TEST_STEP][PASSED] - optionDosObject = findTestObject("Object Repository/Parte1/Iniciar_sesioncorrectamente/CPN22_23_24/android.widget.RadioButton - Dos"): null

2023-09-22 14:53:58 - [TEST_STEP][PASSED] - optionTresObject = findTestObject("Object Repository/Parte1/Iniciar_sesioncorrectamente/CPN22_23_24/android.widget.RadioButton - Tres"): null

2023-09-22 14:53:58 - [TEST_STEP][PASSED] - siguienteButton = findTestObject("Parte1/Iniciar_sesioncorrectamente/CPN22_23_24/android.widget.Button - Siguiente"): null

2023-09-22 14:53:58 - [TEST_STEP][PASSED] - if (waitForElementPresent(radioGroupObject, 2)): null

2023-09-22 14:53:58 - [MESSAGE][PASSED] - Element 'Object Repository/Parte1/Iniciar_sesioncorrectamente/CPN22_23_24/android.widget.RadioGroup' is present

2023-09-22 14:53:58 - [TEST_STEP][PASSED] - if (waitForElementPresent(optionUnoObject, 2)): Element 'Object Repository/Parte1/Iniciar_sesioncorrectamente/CPN22_23_24/android.widget.RadioButton - Dos' is present

2023-09-22 14:54:00 - [MESSAGE][WARNING] - Object Object Repository/Parte1/Iniciar_sesioncorrectamente/CPN22_23_24/android.widget.RadioButton - Uno not found

2023-09-22 14:54:01 - [MESSAGE][PASSED] - Element 'Object Repository/Parte1/Iniciar_sesioncorrectamente/CPN22_23_24/android.widget.RadioButton - Dos' is present

2023-09-22 14:54:01 - [TEST_STEP][PASSED] - else if (waitForElementPresent(optionDosObject, 2)): Tapped on element 'Object Repository/Parte1/Iniciar_sesioncorrectamente/CPN22_23_24/android.widget.RadioButton - Dos'

2023-09-22 14:54:01 - [TEST_STEP][PASSED] - tap(optionDosObject, 2): Tapped on element 'Object Repository/Parte1/Iniciar_sesioncorrectamente/CPN22_23_24/android.widget.RadioButton - Dos'

2023-09-22 14:54:01 - [MESSAGE][PASSED] - Tapped on element 'Object Repository/Parte1/Iniciar_sesioncorrectamente/CPN22_23_24/android.widget.RadioButton - Dos'

2023-09-22 14:54:01 - [TEST_STEP][PASSED] - if (waitForElementPresent(siguienteButton, 2)): Object Object Repository/Parte1/Iniciar_sesioncorrectamente/CPN22_23_24/android.widget.Button - Siguiente not found

2023-09-22 14:54:03 - [MESSAGE][WARNING] - Object Object Repository/Parte1/Iniciar_sesioncorrectamente/CPN22_23_24/android.widget.Button - Siguiente not found

2023-09-22 14:54:03 - [TEST_STEP][PASSED] - else: Tapped on element 'Object Repository/Parte1/Iniciar_sesioncorrectamente/CPN22_23_24/android.widget.Button - Finalizar'

2023-09-22 14:54:03 - [TEST_STEP][PASSED] - tap(findTestObject("Parte1/Iniciar_sesioncorrectamente/CPN22_23_24/android.widget.Button - Finalizar"), 0): Tapped on element 'Object Repository/Parte1/Iniciar_sesioncorrectamente/CPN22_23_24/android.widget.Button - Finalizar'

2023-09-22 14:54:03 - [MESSAGE][WARNING] - Timeout '0' is invalid. Using default page load timeout: '30'

2023-09-22 14:54:03 - [MESSAGE][PASSED] - Tapped on element 'Object Repository/Parte1/Iniciar_sesioncorrectamente/CPN22_23_24/android.widget.Button - Finalizar'

2023-09-22 14:54:03 - [TEST_STEP][PASSED] - (i++): null

2023-09-22 14:54:03 - [TEST_STEP][PASSED] - verifyElementVisible(findTestObject("Parte1/Iniciar_sesioncorrectamente/CPN22_23_24/android.widget.TextView - Tu cuenta ha sido recuperada. Gracias por recuperar tu cuenta, ahora puedes chatear de forma privada y segura con tus contactos"), 0): Element 'Object Repository/Parte1/Iniciar_sesioncorrectamente/CPN22_23_24/android.widget.TextView - Tu cuenta ha sido recuperada. Gracias por recuperar tu cuenta, ahora puedes chatear de forma privada y segura con tus contactos' is visible

2023-09-22 14:54:03 - [MESSAGE][WARNING] - Timeout '0' is invalid. Using default page load timeout: '30'

2023-09-22 14:54:07 - [MESSAGE][PASSED] - Element 'Object Repository/Parte1/Iniciar_sesioncorrectamente/CPN22_23_24/android.widget.TextView - Tu cuenta ha sido recuperada. Gracias por recuperar tu cuenta, ahora puedes chatear de forma privada y segura con tus contactos' is visible

2023-09-22 14:54:07 - [TEST_STEP][PASSED] - tap(findTestObject("Object Repository/Parte1/Iniciar_sesioncorrectamente/CPN22_23_24/android.widget.Button - Cerrar"), 0): Tapped on element 'Object Repository/Parte1/Iniciar_sesioncorrectamente/CPN22_23_24/android.widget.Button - Cerrar'

2023-09-22 14:54:07 - [MESSAGE][WARNING] - Timeout '0' is invalid. Using default page load timeout: '30'

2023-09-22 14:54:08 - [MESSAGE][PASSED] - Tapped on element 'Object Repository/Parte1/Iniciar_sesioncorrectamente/CPN22_23_24/android.widget.Button - Cerrar'

2023-09-22 14:54:08 - [TEST_STEP][PASSED] - tap(findTestObject("Object Repository/Parte1/Iniciar_sesioncorrectamente/CPN22_23_24/android.widget.EditText - Pin de Acceso"), 0): Tapped on element 'Object Repository/Parte1/Iniciar_sesioncorrectamente/CPN22_23_24/android.widget.EditText - Pin de Acceso'

2023-09-22 14:54:08 - [MESSAGE][WARNING] - Timeout '0' is invalid. Using default page load timeout: '30'

2023-09-22 14:54:11 - [MESSAGE][PASSED] - Tapped on element 'Object Repository/Parte1/Iniciar_sesioncorrectamente/CPN22_23_24/android.widget.EditText - Pin de Acceso'

2023-09-22 14:54:11 - [TEST_STEP][PASSED] - setText(findTestObject("Object Repository/Parte1/Iniciar_sesioncorrectamente/CPN22_23_24/android.widget.EditText - Pin de Acceso (1)"), "0000", 0): Text '0000' has been set to element 'Object Repository/Parte1/Iniciar_sesioncorrectamente/CPN22_23_24/android.widget.EditText - Pin de Acceso (1)'

2023-09-22 14:54:11 - [MESSAGE][WARNING] - Timeout '0' is invalid. Using default page load timeout: '30'

2023-09-22 14:54:15 - [MESSAGE][PASSED] - Text '0000' has been set to element 'Object Repository/Parte1/Iniciar_sesioncorrectamente/CPN22_23_24/android.widget.EditText - Pin de Acceso (1)'

2023-09-22 14:54:15 - [TEST_STEP][PASSED] - tap(findTestObject("Object Repository/Parte1/Iniciar_sesioncorrectamente/CPN22_23_24/android.widget.EditText - Confirmar nuevo pin de acceso"), 0): Tapped on element 'Object Repository/Parte1/Iniciar_sesioncorrectamente/CPN22_23_24/android.widget.EditText - Confirmar nuevo pin de acceso'

2023-09-22 14:54:15 - [MESSAGE][WARNING] - Timeout '0' is invalid. Using default page load timeout: '30'

2023-09-22 14:54:16 - [MESSAGE][PASSED] - Tapped on element 'Object Repository/Parte1/Iniciar_sesioncorrectamente/CPN22_23_24/android.widget.EditText - Confirmar nuevo pin de acceso'

2023-09-22 14:54:16 - [TEST_STEP][PASSED] - setText(findTestObject("Object Repository/Parte1/Iniciar_sesioncorrectamente/CPN22_23_24/android.widget.EditText - Confirmar nuevo pin de acceso (1)"), "0000", 0): Text '0000' has been set to element 'Object Repository/Parte1/Iniciar_sesioncorrectamente/CPN22_23_24/android.widget.EditText - Confirmar nuevo pin de acceso (1)'

2023-09-22 14:54:16 - [MESSAGE][WARNING] - Timeout '0' is invalid. Using default page load timeout: '30'

2023-09-22 14:54:18 - [MESSAGE][PASSED] - Text '0000' has been set to element 'Object Repository/Parte1/Iniciar_sesioncorrectamente/CPN22_23_24/android.widget.EditText - Confirmar nuevo pin de acceso (1)'

2023-09-22 14:54:18 - [TEST_STEP][PASSED] - hideKeyboard(): Keyboard is hidden

2023-09-22 14:54:21 - [MESSAGE][PASSED] - Keyboard is hidden

2023-09-22 14:54:21 - [TEST_STEP][PASSED] - tap(findTestObject("Object Repository/Parte1/Iniciar_sesioncorrectamente/CPN22_23_24/android.widget.Button - Recuperar cuenta"), 0): Tapped on element 'Object Repository/Parte1/Iniciar_sesioncorrectamente/CPN22_23_24/android.widget.Button - Recuperar cuenta'

2023-09-22 14:54:21 - [MESSAGE][WARNING] - Timeout '0' is invalid. Using default page load timeout: '30'

2023-09-22 14:54:21 - [MESSAGE][PASSED] - Tapped on element 'Object Repository/Parte1/Iniciar_sesioncorrectamente/CPN22_23_24/android.widget.Button - Recuperar cuenta'

2023-09-22 14:54:21 - [TEST_STEP][PASSED] - delay(6, STOP_ON_FAILURE): Delayed 6 second(s)

2023-09-22 14:54:27 - [MESSAGE][PASSED] - Delayed 6 second(s)]]></system-out>
         <system-err><![CDATA[]]></system-err>
      </testcase>
      <testcase name="Test Cases/Tutorial_nuevo" time="5.68" classname="Test Cases/Tutorial_nuevo" status="PASSED">
         <system-out><![CDATA[2023-09-22 14:54:27 - [TEST_CASE][PASSED] - Test Cases/Tutorial_nuevo: Test Cases/Tutorial_nuevo

2023-09-22 14:54:27 - [TEST_STEP][PASSED] - delay(4, STOP_ON_FAILURE): Delayed 4 second(s)

2023-09-22 14:54:31 - [MESSAGE][PASSED] - Delayed 4 second(s)

2023-09-22 14:54:31 - [TEST_STEP][PASSED] - tap(findTestObject("Object Repository/Parte1/Tutorial_nuevo/android.widget.FrameLayout"), 0): Tapped on element 'Object Repository/Parte1/Tutorial_nuevo/android.widget.FrameLayout'

2023-09-22 14:54:31 - [MESSAGE][WARNING] - Timeout '0' is invalid. Using default page load timeout: '30'

2023-09-22 14:54:32 - [MESSAGE][PASSED] - Tapped on element 'Object Repository/Parte1/Tutorial_nuevo/android.widget.FrameLayout'

2023-09-22 14:54:32 - [TEST_STEP][PASSED] - waitForElementPresent(findTestObject("Object Repository/Parte1/Tutorial_nuevo/android.widget.TextView - NapoleoN"), 0): Element 'Object Repository/Parte1/Tutorial_nuevo/android.widget.TextView - NapoleoN' is present

2023-09-22 14:54:32 - [MESSAGE][WARNING] - Timeout '0' is invalid. Using default page load timeout: '30'

2023-09-22 14:54:33 - [MESSAGE][PASSED] - Element 'Object Repository/Parte1/Tutorial_nuevo/android.widget.TextView - NapoleoN' is present]]></system-out>
         <system-err><![CDATA[]]></system-err>
      </testcase>
      <testcase name="Test Cases/Parte2/Chats/CPN208" time="42.823" classname="Test Cases/Parte2/Chats/CPN208" status="PASSED">
         <system-out><![CDATA[2023-09-22 14:54:33 - [TEST_CASE][PASSED] - Test Cases/Parte2/Chats/CPN208: Test Cases/Parte2/Chats/CPN208

2023-09-22 14:54:33 - [TEST_STEP][PASSED] - tap(findTestObject("Parte2/Ajustes cuenta/Chats/CPN208/android.widget.FrameLayout"), 0): Tapped on element 'Object Repository/Parte2/Ajustes cuenta/Chats/CPN208/android.widget.FrameLayout'

2023-09-22 14:54:33 - [MESSAGE][WARNING] - Timeout '0' is invalid. Using default page load timeout: '30'

2023-09-22 14:54:33 - [MESSAGE][PASSED] - Tapped on element 'Object Repository/Parte2/Ajustes cuenta/Chats/CPN208/android.widget.FrameLayout'

2023-09-22 14:54:33 - [TEST_STEP][PASSED] - tap(findTestObject("Parte2/Ajustes cuenta/Chats/CPN208/android.widget.LinearLayout"), 0): Tapped on element 'Object Repository/Parte2/Ajustes cuenta/Chats/CPN208/android.widget.LinearLayout'

2023-09-22 14:54:33 - [MESSAGE][WARNING] - Timeout '0' is invalid. Using default page load timeout: '30'

2023-09-22 14:54:35 - [MESSAGE][PASSED] - Tapped on element 'Object Repository/Parte2/Ajustes cuenta/Chats/CPN208/android.widget.LinearLayout'

2023-09-22 14:54:35 - [TEST_STEP][PASSED] - tap(findTestObject("Parte2/Ajustes cuenta/Chats/CPN208/android.widget.LinearLayout (1)"), 0): Tapped on element 'Object Repository/Parte2/Ajustes cuenta/Chats/CPN208/android.widget.LinearLayout (1)'

2023-09-22 14:54:35 - [MESSAGE][WARNING] - Timeout '0' is invalid. Using default page load timeout: '30'

2023-09-22 14:54:36 - [MESSAGE][PASSED] - Tapped on element 'Object Repository/Parte2/Ajustes cuenta/Chats/CPN208/android.widget.LinearLayout (1)'

2023-09-22 14:54:36 - [TEST_STEP][PASSED] - tap(findTestObject("Parte2/Ajustes cuenta/Chats/CPN208/android.widget.LinearLayout (2)"), 0): Tapped on element 'Object Repository/Parte2/Ajustes cuenta/Chats/CPN208/android.widget.LinearLayout (2)'

2023-09-22 14:54:36 - [MESSAGE][WARNING] - Timeout '0' is invalid. Using default page load timeout: '30'

2023-09-22 14:54:36 - [MESSAGE][PASSED] - Tapped on element 'Object Repository/Parte2/Ajustes cuenta/Chats/CPN208/android.widget.LinearLayout (2)'

2023-09-22 14:54:36 - [TEST_STEP][PASSED] - verifyElementVisible(findTestObject("Parte2/Ajustes cuenta/Chats/CPN208/android.widget.ImageButton"), 0): Element 'Object Repository/Parte2/Ajustes cuenta/Chats/CPN208/android.widget.ImageButton' is visible

2023-09-22 14:54:37 - [MESSAGE][WARNING] - Timeout '0' is invalid. Using default page load timeout: '30'

2023-09-22 14:54:38 - [MESSAGE][PASSED] - Element 'Object Repository/Parte2/Ajustes cuenta/Chats/CPN208/android.widget.ImageButton' is visible

2023-09-22 14:54:38 - [TEST_STEP][PASSED] - delay(2, CONTINUE_ON_FAILURE): Delayed 2 second(s)

2023-09-22 14:54:40 - [MESSAGE][PASSED] - Delayed 2 second(s)

2023-09-22 14:54:40 - [TEST_STEP][PASSED] - tap(findTestObject("Parte2/Ajustes cuenta/Chats/CPN208/android.widget.ImageButton"), 0): Tapped on element 'Object Repository/Parte2/Ajustes cuenta/Chats/CPN208/android.widget.ImageButton'

2023-09-22 14:54:40 - [MESSAGE][WARNING] - Timeout '0' is invalid. Using default page load timeout: '30'

2023-09-22 14:54:40 - [MESSAGE][PASSED] - Tapped on element 'Object Repository/Parte2/Ajustes cuenta/Chats/CPN208/android.widget.ImageButton'

2023-09-22 14:54:40 - [TEST_STEP][PASSED] - verifyElementVisible(findTestObject("Parte2/Ajustes cuenta/Chats/CPN208/android.widget.ImageButton"), 0): Element 'Object Repository/Parte2/Ajustes cuenta/Chats/CPN208/android.widget.ImageButton' is visible

2023-09-22 14:54:40 - [MESSAGE][WARNING] - Timeout '0' is invalid. Using default page load timeout: '30'

2023-09-22 14:54:41 - [MESSAGE][PASSED] - Element 'Object Repository/Parte2/Ajustes cuenta/Chats/CPN208/android.widget.ImageButton' is visible

2023-09-22 14:54:41 - [TEST_STEP][PASSED] - tap(findTestObject("Object Repository/Parte2/Ajustes cuenta/Chats/CPN208/android.widget.ImageButton (1)"), 0): Tapped on element 'Object Repository/Parte2/Ajustes cuenta/Chats/CPN208/android.widget.ImageButton (1)'

2023-09-22 14:54:41 - [MESSAGE][WARNING] - Timeout '0' is invalid. Using default page load timeout: '30'

2023-09-22 14:54:41 - [MESSAGE][PASSED] - Tapped on element 'Object Repository/Parte2/Ajustes cuenta/Chats/CPN208/android.widget.ImageButton (1)'

2023-09-22 14:54:41 - [TEST_STEP][PASSED] - delay(3, CONTINUE_ON_FAILURE): Delayed 3 second(s)

2023-09-22 14:54:44 - [MESSAGE][PASSED] - Delayed 3 second(s)

2023-09-22 14:54:44 - [TEST_STEP][PASSED] - tap(findTestObject("Object Repository/Parte2/Ajustes cuenta/Chats/CPN208/android.widget.ImageButton (2)"), 0): Tapped on element 'Object Repository/Parte2/Ajustes cuenta/Chats/CPN208/android.widget.ImageButton (2)'

2023-09-22 14:54:44 - [MESSAGE][WARNING] - Timeout '0' is invalid. Using default page load timeout: '30'

2023-09-22 14:54:45 - [MESSAGE][PASSED] - Tapped on element 'Object Repository/Parte2/Ajustes cuenta/Chats/CPN208/android.widget.ImageButton (2)'

2023-09-22 14:54:45 - [TEST_STEP][PASSED] - tap(findTestObject("Parte2/Ajustes cuenta/Chats/CPN208/android.widget.LinearLayout (1)"), 0): Tapped on element 'Object Repository/Parte2/Ajustes cuenta/Chats/CPN208/android.widget.LinearLayout (1)'

2023-09-22 14:54:45 - [MESSAGE][WARNING] - Timeout '0' is invalid. Using default page load timeout: '30'

2023-09-22 14:54:47 - [MESSAGE][PASSED] - Tapped on element 'Object Repository/Parte2/Ajustes cuenta/Chats/CPN208/android.widget.LinearLayout (1)'

2023-09-22 14:54:47 - [TEST_STEP][PASSED] - tap(findTestObject("Parte2/Ajustes cuenta/Chats/CPN208/android.widget.LinearLayout (2)"), 0): Tapped on element 'Object Repository/Parte2/Ajustes cuenta/Chats/CPN208/android.widget.LinearLayout (2)'

2023-09-22 14:54:47 - [MESSAGE][WARNING] - Timeout '0' is invalid. Using default page load timeout: '30'

2023-09-22 14:54:48 - [MESSAGE][PASSED] - Tapped on element 'Object Repository/Parte2/Ajustes cuenta/Chats/CPN208/android.widget.LinearLayout (2)'

2023-09-22 14:54:48 - [TEST_STEP][PASSED] - delay(2, CONTINUE_ON_FAILURE): Delayed 2 second(s)

2023-09-22 14:54:50 - [MESSAGE][PASSED] - Delayed 2 second(s)

2023-09-22 14:54:50 - [TEST_STEP][PASSED] - tap(findTestObject("Parte2/Ajustes cuenta/Chats/CPN208/android.widget.ImageButton"), 0): Tapped on element 'Object Repository/Parte2/Ajustes cuenta/Chats/CPN208/android.widget.ImageButton'

2023-09-22 14:54:50 - [MESSAGE][WARNING] - Timeout '0' is invalid. Using default page load timeout: '30'

2023-09-22 14:54:50 - [MESSAGE][PASSED] - Tapped on element 'Object Repository/Parte2/Ajustes cuenta/Chats/CPN208/android.widget.ImageButton'

2023-09-22 14:54:50 - [TEST_STEP][PASSED] - tap(findTestObject("Parte2/Ajustes cuenta/Chats/CPN208/android.widget.ImageButton"), 0): Tapped on element 'Object Repository/Parte2/Ajustes cuenta/Chats/CPN208/android.widget.ImageButton'

2023-09-22 14:54:50 - [MESSAGE][WARNING] - Timeout '0' is invalid. Using default page load timeout: '30'

2023-09-22 14:54:51 - [MESSAGE][PASSED] - Tapped on element 'Object Repository/Parte2/Ajustes cuenta/Chats/CPN208/android.widget.ImageButton'

2023-09-22 14:54:51 - [TEST_STEP][PASSED] - verifyElementVisible(findTestObject("Parte2/Ajustes cuenta/Chats/CPN208/android.view.ViewGroup"), 0): Element 'Object Repository/Parte2/Ajustes cuenta/Chats/CPN208/android.view.ViewGroup' is visible

2023-09-22 14:54:51 - [MESSAGE][WARNING] - Timeout '0' is invalid. Using default page load timeout: '30'

2023-09-22 14:54:51 - [MESSAGE][PASSED] - Element 'Object Repository/Parte2/Ajustes cuenta/Chats/CPN208/android.view.ViewGroup' is visible

2023-09-22 14:54:51 - [TEST_STEP][PASSED] - tap(findTestObject("Object Repository/Parte2/Ajustes cuenta/Chats/CPN208/android.widget.ImageButton (1)"), 0): Tapped on element 'Object Repository/Parte2/Ajustes cuenta/Chats/CPN208/android.widget.ImageButton (1)'

2023-09-22 14:54:51 - [MESSAGE][WARNING] - Timeout '0' is invalid. Using default page load timeout: '30'

2023-09-22 14:54:51 - [MESSAGE][PASSED] - Tapped on element 'Object Repository/Parte2/Ajustes cuenta/Chats/CPN208/android.widget.ImageButton (1)'

2023-09-22 14:54:51 - [TEST_STEP][PASSED] - delay(3, CONTINUE_ON_FAILURE): Delayed 3 second(s)

2023-09-22 14:54:54 - [MESSAGE][PASSED] - Delayed 3 second(s)

2023-09-22 14:54:54 - [TEST_STEP][PASSED] - tap(findTestObject("Object Repository/Parte2/Ajustes cuenta/Chats/CPN208/android.widget.ImageButton (2)"), 0): Tapped on element 'Object Repository/Parte2/Ajustes cuenta/Chats/CPN208/android.widget.ImageButton (2)'

2023-09-22 14:54:54 - [MESSAGE][WARNING] - Timeout '0' is invalid. Using default page load timeout: '30'

2023-09-22 14:54:55 - [MESSAGE][PASSED] - Tapped on element 'Object Repository/Parte2/Ajustes cuenta/Chats/CPN208/android.widget.ImageButton (2)'

2023-09-22 14:54:55 - [TEST_STEP][PASSED] - tap(findTestObject("Parte2/Ajustes cuenta/Chats/CPN208/android.widget.LinearLayout (1)"), 0): Tapped on element 'Object Repository/Parte2/Ajustes cuenta/Chats/CPN208/android.widget.LinearLayout (1)'

2023-09-22 14:54:55 - [MESSAGE][WARNING] - Timeout '0' is invalid. Using default page load timeout: '30'

2023-09-22 14:54:56 - [MESSAGE][PASSED] - Tapped on element 'Object Repository/Parte2/Ajustes cuenta/Chats/CPN208/android.widget.LinearLayout (1)'

2023-09-22 14:54:56 - [TEST_STEP][PASSED] - tap(findTestObject("Parte2/Ajustes cuenta/Chats/CPN208/android.widget.LinearLayout (2)"), 0): Tapped on element 'Object Repository/Parte2/Ajustes cuenta/Chats/CPN208/android.widget.LinearLayout (2)'

2023-09-22 14:54:56 - [MESSAGE][WARNING] - Timeout '0' is invalid. Using default page load timeout: '30'

2023-09-22 14:54:57 - [MESSAGE][PASSED] - Tapped on element 'Object Repository/Parte2/Ajustes cuenta/Chats/CPN208/android.widget.LinearLayout (2)'

2023-09-22 14:54:57 - [TEST_STEP][PASSED] - delay(2, CONTINUE_ON_FAILURE): Delayed 2 second(s)

2023-09-22 14:54:59 - [MESSAGE][PASSED] - Delayed 2 second(s)

2023-09-22 14:54:59 - [TEST_STEP][PASSED] - tap(findTestObject("Parte2/Ajustes cuenta/Chats/CPN208/android.widget.ImageButton"), 0): Tapped on element 'Object Repository/Parte2/Ajustes cuenta/Chats/CPN208/android.widget.ImageButton'

2023-09-22 14:54:59 - [MESSAGE][WARNING] - Timeout '0' is invalid. Using default page load timeout: '30'

2023-09-22 14:55:00 - [MESSAGE][PASSED] - Tapped on element 'Object Repository/Parte2/Ajustes cuenta/Chats/CPN208/android.widget.ImageButton'

2023-09-22 14:55:00 - [TEST_STEP][PASSED] - tap(findTestObject("Parte2/Ajustes cuenta/Chats/CPN208/android.widget.ImageButton"), 0): Tapped on element 'Object Repository/Parte2/Ajustes cuenta/Chats/CPN208/android.widget.ImageButton'

2023-09-22 14:55:00 - [MESSAGE][WARNING] - Timeout '0' is invalid. Using default page load timeout: '30'

2023-09-22 14:55:00 - [MESSAGE][PASSED] - Tapped on element 'Object Repository/Parte2/Ajustes cuenta/Chats/CPN208/android.widget.ImageButton'

2023-09-22 14:55:00 - [TEST_STEP][PASSED] - tap(findTestObject("Parte2/Ajustes cuenta/Chats/CPN208/android.widget.ImageButton"), 0): Tapped on element 'Object Repository/Parte2/Ajustes cuenta/Chats/CPN208/android.widget.ImageButton'

2023-09-22 14:55:00 - [MESSAGE][WARNING] - Timeout '0' is invalid. Using default page load timeout: '30'

2023-09-22 14:55:01 - [MESSAGE][PASSED] - Tapped on element 'Object Repository/Parte2/Ajustes cuenta/Chats/CPN208/android.widget.ImageButton'

2023-09-22 14:55:01 - [TEST_STEP][PASSED] - verifyElementVisible(findTestObject("Parte2/Ajustes cuenta/Chats/CPN208/android.widget.ImageButton"), 0): Element 'Object Repository/Parte2/Ajustes cuenta/Chats/CPN208/android.widget.ImageButton' is visible

2023-09-22 14:55:01 - [MESSAGE][WARNING] - Timeout '0' is invalid. Using default page load timeout: '30'

2023-09-22 14:55:02 - [MESSAGE][PASSED] - Element 'Object Repository/Parte2/Ajustes cuenta/Chats/CPN208/android.widget.ImageButton' is visible

2023-09-22 14:55:02 - [TEST_STEP][PASSED] - tap(findTestObject("Object Repository/Parte2/Ajustes cuenta/Chats/CPN208/android.widget.ImageButton (1)"), 0): Tapped on element 'Object Repository/Parte2/Ajustes cuenta/Chats/CPN208/android.widget.ImageButton (1)'

2023-09-22 14:55:02 - [MESSAGE][WARNING] - Timeout '0' is invalid. Using default page load timeout: '30'

2023-09-22 14:55:02 - [MESSAGE][PASSED] - Tapped on element 'Object Repository/Parte2/Ajustes cuenta/Chats/CPN208/android.widget.ImageButton (1)'

2023-09-22 14:55:02 - [TEST_STEP][PASSED] - delay(3, CONTINUE_ON_FAILURE): Delayed 3 second(s)

2023-09-22 14:55:05 - [MESSAGE][PASSED] - Delayed 3 second(s)

2023-09-22 14:55:05 - [TEST_STEP][PASSED] - tap(findTestObject("Object Repository/Parte2/Ajustes cuenta/Chats/CPN208/android.widget.ImageButton (2)"), 0): Tapped on element 'Object Repository/Parte2/Ajustes cuenta/Chats/CPN208/android.widget.ImageButton (2)'

2023-09-22 14:55:05 - [MESSAGE][WARNING] - Timeout '0' is invalid. Using default page load timeout: '30'

2023-09-22 14:55:05 - [MESSAGE][PASSED] - Tapped on element 'Object Repository/Parte2/Ajustes cuenta/Chats/CPN208/android.widget.ImageButton (2)'

2023-09-22 14:55:05 - [TEST_STEP][PASSED] - tap(findTestObject("Parte2/Ajustes cuenta/Chats/CPN208/android.widget.LinearLayout (1)"), 0): Tapped on element 'Object Repository/Parte2/Ajustes cuenta/Chats/CPN208/android.widget.LinearLayout (1)'

2023-09-22 14:55:05 - [MESSAGE][WARNING] - Timeout '0' is invalid. Using default page load timeout: '30'

2023-09-22 14:55:07 - [MESSAGE][PASSED] - Tapped on element 'Object Repository/Parte2/Ajustes cuenta/Chats/CPN208/android.widget.LinearLayout (1)'

2023-09-22 14:55:07 - [TEST_STEP][PASSED] - tap(findTestObject("Parte2/Ajustes cuenta/Chats/CPN208/android.widget.LinearLayout (2)"), 0): Tapped on element 'Object Repository/Parte2/Ajustes cuenta/Chats/CPN208/android.widget.LinearLayout (2)'

2023-09-22 14:55:07 - [MESSAGE][WARNING] - Timeout '0' is invalid. Using default page load timeout: '30'

2023-09-22 14:55:07 - [MESSAGE][PASSED] - Tapped on element 'Object Repository/Parte2/Ajustes cuenta/Chats/CPN208/android.widget.LinearLayout (2)'

2023-09-22 14:55:07 - [TEST_STEP][PASSED] - delay(2, CONTINUE_ON_FAILURE): Delayed 2 second(s)

2023-09-22 14:55:09 - [MESSAGE][PASSED] - Delayed 2 second(s)

2023-09-22 14:55:09 - [TEST_STEP][PASSED] - pressBack(): Press back button successfully

2023-09-22 14:55:10 - [MESSAGE][PASSED] - Press back button successfully

2023-09-22 14:55:10 - [TEST_STEP][PASSED] - pressBack(): Press back button successfully

2023-09-22 14:55:11 - [MESSAGE][PASSED] - Press back button successfully

2023-09-22 14:55:11 - [TEST_STEP][PASSED] - tap(findTestObject("Parte2/Ajustes cuenta/Chats/CPN208/android.widget.FrameLayout (1)"), 0): Tapped on element 'Object Repository/Parte2/Ajustes cuenta/Chats/CPN208/android.widget.FrameLayout (1)'

2023-09-22 14:55:11 - [MESSAGE][WARNING] - Timeout '0' is invalid. Using default page load timeout: '30'

2023-09-22 14:55:11 - [MESSAGE][PASSED] - Tapped on element 'Object Repository/Parte2/Ajustes cuenta/Chats/CPN208/android.widget.FrameLayout (1)'

2023-09-22 14:55:11 - [TEST_STEP][PASSED] - delay(4, CONTINUE_ON_FAILURE): Delayed 4 second(s)

2023-09-22 14:55:15 - [MESSAGE][PASSED] - Delayed 4 second(s)]]></system-out>
         <system-err><![CDATA[]]></system-err>
      </testcase>
      <testcase name="Test Cases/Parte2/Chats/CPN209" time="36.659" classname="Test Cases/Parte2/Chats/CPN209" status="PASSED">
         <system-out><![CDATA[2023-09-22 14:55:15 - [TEST_CASE][PASSED] - Test Cases/Parte2/Chats/CPN209: Test Cases/Parte2/Chats/CPN209

2023-09-22 14:55:16 - [TEST_STEP][PASSED] - tap(findTestObject("Object Repository/Parte2/Ajustes cuenta/Chats/CPN209/android.widget.FrameLayout"), 0): Tapped on element 'Object Repository/Parte2/Ajustes cuenta/Chats/CPN209/android.widget.FrameLayout'

2023-09-22 14:55:16 - [MESSAGE][WARNING] - Timeout '0' is invalid. Using default page load timeout: '30'

2023-09-22 14:55:20 - [MESSAGE][PASSED] - Tapped on element 'Object Repository/Parte2/Ajustes cuenta/Chats/CPN209/android.widget.FrameLayout'

2023-09-22 14:55:20 - [TEST_STEP][PASSED] - tap(findTestObject("Object Repository/Parte2/Ajustes cuenta/Chats/CPN209/android.widget.LinearLayout"), 0): Tapped on element 'Object Repository/Parte2/Ajustes cuenta/Chats/CPN209/android.widget.LinearLayout'

2023-09-22 14:55:20 - [MESSAGE][WARNING] - Timeout '0' is invalid. Using default page load timeout: '30'

2023-09-22 14:55:21 - [MESSAGE][PASSED] - Tapped on element 'Object Repository/Parte2/Ajustes cuenta/Chats/CPN209/android.widget.LinearLayout'

2023-09-22 14:55:21 - [TEST_STEP][PASSED] - tap(findTestObject("Object Repository/Parte2/Ajustes cuenta/Chats/CPN209/android.widget.LinearLayout (1)"), 0): Tapped on element 'Object Repository/Parte2/Ajustes cuenta/Chats/CPN209/android.widget.LinearLayout (1)'

2023-09-22 14:55:21 - [MESSAGE][WARNING] - Timeout '0' is invalid. Using default page load timeout: '30'

2023-09-22 14:55:22 - [MESSAGE][PASSED] - Tapped on element 'Object Repository/Parte2/Ajustes cuenta/Chats/CPN209/android.widget.LinearLayout (1)'

2023-09-22 14:55:22 - [TEST_STEP][PASSED] - tap(findTestObject("Object Repository/Parte2/Ajustes cuenta/Chats/CPN209/android.widget.LinearLayout (2)"), 0): Tapped on element 'Object Repository/Parte2/Ajustes cuenta/Chats/CPN209/android.widget.LinearLayout (2)'

2023-09-22 14:55:22 - [MESSAGE][WARNING] - Timeout '0' is invalid. Using default page load timeout: '30'

2023-09-22 14:55:23 - [MESSAGE][PASSED] - Tapped on element 'Object Repository/Parte2/Ajustes cuenta/Chats/CPN209/android.widget.LinearLayout (2)'

2023-09-22 14:55:23 - [TEST_STEP][PASSED] - tap(findTestObject("Object Repository/Parte2/Ajustes cuenta/Chats/CPN209/android.widget.ImageButton"), 0): Tapped on element 'Object Repository/Parte2/Ajustes cuenta/Chats/CPN209/android.widget.ImageButton'

2023-09-22 14:55:23 - [MESSAGE][WARNING] - Timeout '0' is invalid. Using default page load timeout: '30'

2023-09-22 14:55:24 - [MESSAGE][PASSED] - Tapped on element 'Object Repository/Parte2/Ajustes cuenta/Chats/CPN209/android.widget.ImageButton'

2023-09-22 14:55:24 - [TEST_STEP][PASSED] - tap(findTestObject("Object Repository/Parte2/Ajustes cuenta/Chats/CPN209/android.widget.ImageButton (1)"), 0): Tapped on element 'Object Repository/Parte2/Ajustes cuenta/Chats/CPN209/android.widget.ImageButton (1)'

2023-09-22 14:55:24 - [MESSAGE][WARNING] - Timeout '0' is invalid. Using default page load timeout: '30'

2023-09-22 14:55:26 - [MESSAGE][PASSED] - Tapped on element 'Object Repository/Parte2/Ajustes cuenta/Chats/CPN209/android.widget.ImageButton (1)'

2023-09-22 14:55:26 - [TEST_STEP][PASSED] - delay(3, CONTINUE_ON_FAILURE): Delayed 3 second(s)

2023-09-22 14:55:29 - [MESSAGE][PASSED] - Delayed 3 second(s)

2023-09-22 14:55:29 - [TEST_STEP][PASSED] - tap(findTestObject("Object Repository/Parte2/Ajustes cuenta/Chats/CPN209/android.widget.ImageButton (2)"), 0): Tapped on element 'Object Repository/Parte2/Ajustes cuenta/Chats/CPN209/android.widget.ImageButton (2)'

2023-09-22 14:55:29 - [MESSAGE][WARNING] - Timeout '0' is invalid. Using default page load timeout: '30'

2023-09-22 14:55:29 - [MESSAGE][PASSED] - Tapped on element 'Object Repository/Parte2/Ajustes cuenta/Chats/CPN209/android.widget.ImageButton (2)'

2023-09-22 14:55:29 - [TEST_STEP][PASSED] - tap(findTestObject("Parte2/Ajustes cuenta/Chats/CPN209/android.widget.LinearLayout (1)"), 0): Tapped on element 'Object Repository/Parte2/Ajustes cuenta/Chats/CPN209/android.widget.LinearLayout (1)'

2023-09-22 14:55:29 - [MESSAGE][WARNING] - Timeout '0' is invalid. Using default page load timeout: '30'

2023-09-22 14:55:30 - [MESSAGE][PASSED] - Tapped on element 'Object Repository/Parte2/Ajustes cuenta/Chats/CPN209/android.widget.LinearLayout (1)'

2023-09-22 14:55:30 - [TEST_STEP][PASSED] - tap(findTestObject("Parte2/Ajustes cuenta/Chats/CPN209/android.widget.LinearLayout (2)"), 0): Tapped on element 'Object Repository/Parte2/Ajustes cuenta/Chats/CPN209/android.widget.LinearLayout (2)'

2023-09-22 14:55:30 - [MESSAGE][WARNING] - Timeout '0' is invalid. Using default page load timeout: '30'

2023-09-22 14:55:31 - [MESSAGE][PASSED] - Tapped on element 'Object Repository/Parte2/Ajustes cuenta/Chats/CPN209/android.widget.LinearLayout (2)'

2023-09-22 14:55:31 - [TEST_STEP][PASSED] - tap(findTestObject("Parte2/Ajustes cuenta/Chats/CPN209/android.widget.ImageButton"), 0): Tapped on element 'Object Repository/Parte2/Ajustes cuenta/Chats/CPN209/android.widget.ImageButton'

2023-09-22 14:55:31 - [MESSAGE][WARNING] - Timeout '0' is invalid. Using default page load timeout: '30'

2023-09-22 14:55:32 - [MESSAGE][PASSED] - Tapped on element 'Object Repository/Parte2/Ajustes cuenta/Chats/CPN209/android.widget.ImageButton'

2023-09-22 14:55:32 - [TEST_STEP][PASSED] - tap(findTestObject("Object Repository/Parte2/Ajustes cuenta/Chats/CPN209/android.widget.ImageButton (3)"), 0): Tapped on element 'Object Repository/Parte2/Ajustes cuenta/Chats/CPN209/android.widget.ImageButton (3)'

2023-09-22 14:55:32 - [MESSAGE][WARNING] - Timeout '0' is invalid. Using default page load timeout: '30'

2023-09-22 14:55:33 - [MESSAGE][PASSED] - Tapped on element 'Object Repository/Parte2/Ajustes cuenta/Chats/CPN209/android.widget.ImageButton (3)'

2023-09-22 14:55:33 - [TEST_STEP][PASSED] - tap(findTestObject("Parte2/Ajustes cuenta/Chats/CPN209/android.widget.ImageButton (1)"), 0): Tapped on element 'Object Repository/Parte2/Ajustes cuenta/Chats/CPN209/android.widget.ImageButton (1)'

2023-09-22 14:55:33 - [MESSAGE][WARNING] - Timeout '0' is invalid. Using default page load timeout: '30'

2023-09-22 14:55:34 - [MESSAGE][PASSED] - Tapped on element 'Object Repository/Parte2/Ajustes cuenta/Chats/CPN209/android.widget.ImageButton (1)'

2023-09-22 14:55:34 - [TEST_STEP][PASSED] - delay(3, CONTINUE_ON_FAILURE): Delayed 3 second(s)

2023-09-22 14:55:37 - [MESSAGE][PASSED] - Delayed 3 second(s)

2023-09-22 14:55:37 - [TEST_STEP][PASSED] - tap(findTestObject("Parte2/Ajustes cuenta/Chats/CPN209/android.widget.ImageButton (2)"), 0): Tapped on element 'Object Repository/Parte2/Ajustes cuenta/Chats/CPN209/android.widget.ImageButton (2)'

2023-09-22 14:55:37 - [MESSAGE][WARNING] - Timeout '0' is invalid. Using default page load timeout: '30'

2023-09-22 14:55:37 - [MESSAGE][PASSED] - Tapped on element 'Object Repository/Parte2/Ajustes cuenta/Chats/CPN209/android.widget.ImageButton (2)'

2023-09-22 14:55:37 - [TEST_STEP][PASSED] - tap(findTestObject("Parte2/Ajustes cuenta/Chats/CPN209/android.widget.LinearLayout (1)"), 0): Tapped on element 'Object Repository/Parte2/Ajustes cuenta/Chats/CPN209/android.widget.LinearLayout (1)'

2023-09-22 14:55:37 - [MESSAGE][WARNING] - Timeout '0' is invalid. Using default page load timeout: '30'

2023-09-22 14:55:39 - [MESSAGE][PASSED] - Tapped on element 'Object Repository/Parte2/Ajustes cuenta/Chats/CPN209/android.widget.LinearLayout (1)'

2023-09-22 14:55:39 - [TEST_STEP][PASSED] - tap(findTestObject("Parte2/Ajustes cuenta/Chats/CPN209/android.widget.LinearLayout (2)"), 0): Tapped on element 'Object Repository/Parte2/Ajustes cuenta/Chats/CPN209/android.widget.LinearLayout (2)'

2023-09-22 14:55:39 - [MESSAGE][WARNING] - Timeout '0' is invalid. Using default page load timeout: '30'

2023-09-22 14:55:39 - [MESSAGE][PASSED] - Tapped on element 'Object Repository/Parte2/Ajustes cuenta/Chats/CPN209/android.widget.LinearLayout (2)'

2023-09-22 14:55:39 - [TEST_STEP][PASSED] - tap(findTestObject("Parte2/Ajustes cuenta/Chats/CPN209/android.widget.ImageButton"), 0): Tapped on element 'Object Repository/Parte2/Ajustes cuenta/Chats/CPN209/android.widget.ImageButton'

2023-09-22 14:55:39 - [MESSAGE][WARNING] - Timeout '0' is invalid. Using default page load timeout: '30'

2023-09-22 14:55:40 - [MESSAGE][PASSED] - Tapped on element 'Object Repository/Parte2/Ajustes cuenta/Chats/CPN209/android.widget.ImageButton'

2023-09-22 14:55:40 - [TEST_STEP][PASSED] - tap(findTestObject("Parte2/Ajustes cuenta/Chats/CPN209/android.widget.ImageButton (3)"), 1): Tapped on element 'Object Repository/Parte2/Ajustes cuenta/Chats/CPN209/android.widget.ImageButton (3)'

2023-09-22 14:55:41 - [MESSAGE][PASSED] - Tapped on element 'Object Repository/Parte2/Ajustes cuenta/Chats/CPN209/android.widget.ImageButton (3)'

2023-09-22 14:55:41 - [TEST_STEP][PASSED] - tap(findTestObject("Parte2/Ajustes cuenta/Chats/CPN209/android.widget.ImageButton (3)"), 0): Tapped on element 'Object Repository/Parte2/Ajustes cuenta/Chats/CPN209/android.widget.ImageButton (3)'

2023-09-22 14:55:41 - [MESSAGE][WARNING] - Timeout '0' is invalid. Using default page load timeout: '30'

2023-09-22 14:55:42 - [MESSAGE][PASSED] - Tapped on element 'Object Repository/Parte2/Ajustes cuenta/Chats/CPN209/android.widget.ImageButton (3)'

2023-09-22 14:55:42 - [TEST_STEP][PASSED] - tap(findTestObject("Parte2/Ajustes cuenta/Chats/CPN209/android.widget.ImageButton (1)"), 0): Tapped on element 'Object Repository/Parte2/Ajustes cuenta/Chats/CPN209/android.widget.ImageButton (1)'

2023-09-22 14:55:42 - [MESSAGE][WARNING] - Timeout '0' is invalid. Using default page load timeout: '30'

2023-09-22 14:55:43 - [MESSAGE][PASSED] - Tapped on element 'Object Repository/Parte2/Ajustes cuenta/Chats/CPN209/android.widget.ImageButton (1)'

2023-09-22 14:55:43 - [TEST_STEP][PASSED] - delay(3, CONTINUE_ON_FAILURE): Delayed 3 second(s)

2023-09-22 14:55:46 - [MESSAGE][PASSED] - Delayed 3 second(s)

2023-09-22 14:55:46 - [TEST_STEP][PASSED] - tap(findTestObject("Parte2/Ajustes cuenta/Chats/CPN209/android.widget.ImageButton (2)"), 0): Tapped on element 'Object Repository/Parte2/Ajustes cuenta/Chats/CPN209/android.widget.ImageButton (2)'

2023-09-22 14:55:46 - [MESSAGE][WARNING] - Timeout '0' is invalid. Using default page load timeout: '30'

2023-09-22 14:55:46 - [MESSAGE][PASSED] - Tapped on element 'Object Repository/Parte2/Ajustes cuenta/Chats/CPN209/android.widget.ImageButton (2)'

2023-09-22 14:55:46 - [TEST_STEP][PASSED] - pressBack(): Press back button successfully

2023-09-22 14:55:47 - [MESSAGE][PASSED] - Press back button successfully

2023-09-22 14:55:47 - [TEST_STEP][PASSED] - tap(findTestObject("Object Repository/Parte2/Ajustes cuenta/Chats/CPN209/android.widget.FrameLayout (1)"), 0): Tapped on element 'Object Repository/Parte2/Ajustes cuenta/Chats/CPN209/android.widget.FrameLayout (1)'

2023-09-22 14:55:47 - [MESSAGE][WARNING] - Timeout '0' is invalid. Using default page load timeout: '30'

2023-09-22 14:55:48 - [MESSAGE][PASSED] - Tapped on element 'Object Repository/Parte2/Ajustes cuenta/Chats/CPN209/android.widget.FrameLayout (1)'

2023-09-22 14:55:48 - [TEST_STEP][PASSED] - delay(4, CONTINUE_ON_FAILURE): Delayed 4 second(s)

2023-09-22 14:55:52 - [MESSAGE][PASSED] - Delayed 4 second(s)]]></system-out>
         <system-err><![CDATA[]]></system-err>
      </testcase>
      <testcase name="Test Cases/Parte2/Chats/CPN210" time="12.455" classname="Test Cases/Parte2/Chats/CPN210" status="PASSED">
         <system-out><![CDATA[2023-09-22 14:55:52 - [TEST_CASE][PASSED] - Test Cases/Parte2/Chats/CPN210: Test Cases/Parte2/Chats/CPN210

2023-09-22 14:55:52 - [TEST_STEP][PASSED] - tap(findTestObject("Parte2/Ajustes cuenta/Chats/CPN210/android.widget.FrameLayout"), 0): Tapped on element 'Object Repository/Parte2/Ajustes cuenta/Chats/CPN210/android.widget.FrameLayout'

2023-09-22 14:55:52 - [MESSAGE][WARNING] - Timeout '0' is invalid. Using default page load timeout: '30'

2023-09-22 14:55:53 - [MESSAGE][PASSED] - Tapped on element 'Object Repository/Parte2/Ajustes cuenta/Chats/CPN210/android.widget.FrameLayout'

2023-09-22 14:55:53 - [TEST_STEP][PASSED] - tap(findTestObject("Object Repository/Parte2/Ajustes cuenta/Chats/CPN210/android.widget.LinearLayout (1)"), 0): Tapped on element 'Object Repository/Parte2/Ajustes cuenta/Chats/CPN210/android.widget.LinearLayout (1)'

2023-09-22 14:55:53 - [MESSAGE][WARNING] - Timeout '0' is invalid. Using default page load timeout: '30'

2023-09-22 14:55:54 - [MESSAGE][PASSED] - Tapped on element 'Object Repository/Parte2/Ajustes cuenta/Chats/CPN210/android.widget.LinearLayout (1)'

2023-09-22 14:55:54 - [TEST_STEP][PASSED] - tap(findTestObject("Object Repository/Parte2/Ajustes cuenta/Chats/CPN210/android.widget.LinearLayout (2)"), 0): Tapped on element 'Object Repository/Parte2/Ajustes cuenta/Chats/CPN210/android.widget.LinearLayout (2)'

2023-09-22 14:55:54 - [MESSAGE][WARNING] - Timeout '0' is invalid. Using default page load timeout: '30'

2023-09-22 14:55:55 - [MESSAGE][PASSED] - Tapped on element 'Object Repository/Parte2/Ajustes cuenta/Chats/CPN210/android.widget.LinearLayout (2)'

2023-09-22 14:55:55 - [TEST_STEP][PASSED] - tap(findTestObject("Object Repository/Parte2/Ajustes cuenta/Chats/CPN210/android.widget.LinearLayout (3)"), 0): Tapped on element 'Object Repository/Parte2/Ajustes cuenta/Chats/CPN210/android.widget.LinearLayout (3)'

2023-09-22 14:55:55 - [MESSAGE][WARNING] - Timeout '0' is invalid. Using default page load timeout: '30'

2023-09-22 14:55:55 - [MESSAGE][PASSED] - Tapped on element 'Object Repository/Parte2/Ajustes cuenta/Chats/CPN210/android.widget.LinearLayout (3)'

2023-09-22 14:55:55 - [TEST_STEP][PASSED] - tap(findTestObject("Parte2/Ajustes cuenta/Chats/CPN210/android.widget.SeekBar - 0.0"), 0): Tapped on element 'Object Repository/Parte2/Ajustes cuenta/Chats/CPN210/android.widget.SeekBar - 0.0'

2023-09-22 14:55:55 - [MESSAGE][WARNING] - Timeout '0' is invalid. Using default page load timeout: '30'

2023-09-22 14:55:56 - [MESSAGE][PASSED] - Tapped on element 'Object Repository/Parte2/Ajustes cuenta/Chats/CPN210/android.widget.SeekBar - 0.0'

2023-09-22 14:55:56 - [TEST_STEP][PASSED] - delay(2, CONTINUE_ON_FAILURE): Delayed 2 second(s)

2023-09-22 14:55:58 - [MESSAGE][PASSED] - Delayed 2 second(s)

2023-09-22 14:55:58 - [TEST_STEP][PASSED] - pressBack(): Press back button successfully

2023-09-22 14:55:59 - [MESSAGE][PASSED] - Press back button successfully

2023-09-22 14:55:59 - [TEST_STEP][PASSED] - tap(findTestObject("Object Repository/Parte2/Ajustes cuenta/Chats/CPN210/android.widget.ImageButton (1)"), 0): Tapped on element 'Object Repository/Parte2/Ajustes cuenta/Chats/CPN210/android.widget.ImageButton (1)'

2023-09-22 14:55:59 - [MESSAGE][WARNING] - Timeout '0' is invalid. Using default page load timeout: '30'

2023-09-22 14:56:00 - [MESSAGE][PASSED] - Tapped on element 'Object Repository/Parte2/Ajustes cuenta/Chats/CPN210/android.widget.ImageButton (1)'

2023-09-22 14:56:00 - [TEST_STEP][PASSED] - tap(findTestObject("Object Repository/Parte2/Ajustes cuenta/Chats/CPN210/android.widget.FrameLayout (1)"), 0): Tapped on element 'Object Repository/Parte2/Ajustes cuenta/Chats/CPN210/android.widget.FrameLayout (1)'

2023-09-22 14:56:00 - [MESSAGE][WARNING] - Timeout '0' is invalid. Using default page load timeout: '30'

2023-09-22 14:56:01 - [MESSAGE][PASSED] - Tapped on element 'Object Repository/Parte2/Ajustes cuenta/Chats/CPN210/android.widget.FrameLayout (1)'

2023-09-22 14:56:01 - [TEST_STEP][PASSED] - delay(4, STOP_ON_FAILURE): Delayed 4 second(s)

2023-09-22 14:56:05 - [MESSAGE][PASSED] - Delayed 4 second(s)]]></system-out>
         <system-err><![CDATA[]]></system-err>
      </testcase>
      <testcase name="Test Cases/Parte2/Chats/CPN211" time="14.631" classname="Test Cases/Parte2/Chats/CPN211" status="PASSED">
         <system-out><![CDATA[2023-09-22 14:56:05 - [TEST_CASE][PASSED] - Test Cases/Parte2/Chats/CPN211: Test Cases/Parte2/Chats/CPN211

2023-09-22 14:56:05 - [TEST_STEP][PASSED] - tap(findTestObject("Object Repository/Parte2/Ajustes cuenta/Chats/CPN211/android.widget.FrameLayout"), 0): Tapped on element 'Object Repository/Parte2/Ajustes cuenta/Chats/CPN211/android.widget.FrameLayout'

2023-09-22 14:56:05 - [MESSAGE][WARNING] - Timeout '0' is invalid. Using default page load timeout: '30'

2023-09-22 14:56:05 - [MESSAGE][PASSED] - Tapped on element 'Object Repository/Parte2/Ajustes cuenta/Chats/CPN211/android.widget.FrameLayout'

2023-09-22 14:56:05 - [TEST_STEP][PASSED] - tap(findTestObject("Object Repository/Parte2/Ajustes cuenta/Chats/CPN211/android.widget.LinearLayout"), 0): Tapped on element 'Object Repository/Parte2/Ajustes cuenta/Chats/CPN211/android.widget.LinearLayout'

2023-09-22 14:56:05 - [MESSAGE][WARNING] - Timeout '0' is invalid. Using default page load timeout: '30'

2023-09-22 14:56:06 - [MESSAGE][PASSED] - Tapped on element 'Object Repository/Parte2/Ajustes cuenta/Chats/CPN211/android.widget.LinearLayout'

2023-09-22 14:56:06 - [TEST_STEP][PASSED] - tap(findTestObject("Object Repository/Parte2/Ajustes cuenta/Chats/CPN211/android.widget.LinearLayout (1)"), 0): Tapped on element 'Object Repository/Parte2/Ajustes cuenta/Chats/CPN211/android.widget.LinearLayout (1)'

2023-09-22 14:56:06 - [MESSAGE][WARNING] - Timeout '0' is invalid. Using default page load timeout: '30'

2023-09-22 14:56:07 - [MESSAGE][PASSED] - Tapped on element 'Object Repository/Parte2/Ajustes cuenta/Chats/CPN211/android.widget.LinearLayout (1)'

2023-09-22 14:56:07 - [TEST_STEP][PASSED] - tap(findTestObject("Object Repository/Parte2/Ajustes cuenta/Chats/CPN211/android.widget.LinearLayout (2)"), 0): Tapped on element 'Object Repository/Parte2/Ajustes cuenta/Chats/CPN211/android.widget.LinearLayout (2)'

2023-09-22 14:56:07 - [MESSAGE][WARNING] - Timeout '0' is invalid. Using default page load timeout: '30'

2023-09-22 14:56:08 - [MESSAGE][PASSED] - Tapped on element 'Object Repository/Parte2/Ajustes cuenta/Chats/CPN211/android.widget.LinearLayout (2)'

2023-09-22 14:56:08 - [TEST_STEP][PASSED] - tap(findTestObject("Object Repository/Parte2/Ajustes cuenta/Chats/CPN211/android.widget.ImageButton"), 0): Tapped on element 'Object Repository/Parte2/Ajustes cuenta/Chats/CPN211/android.widget.ImageButton'

2023-09-22 14:56:08 - [MESSAGE][WARNING] - Timeout '0' is invalid. Using default page load timeout: '30'

2023-09-22 14:56:09 - [MESSAGE][PASSED] - Tapped on element 'Object Repository/Parte2/Ajustes cuenta/Chats/CPN211/android.widget.ImageButton'

2023-09-22 14:56:09 - [TEST_STEP][PASSED] - tap(findTestObject("Object Repository/Parte2/Ajustes cuenta/Chats/CPN211/android.widget.ImageButton (1)"), 0): Tapped on element 'Object Repository/Parte2/Ajustes cuenta/Chats/CPN211/android.widget.ImageButton (1)'

2023-09-22 14:56:09 - [MESSAGE][WARNING] - Timeout '0' is invalid. Using default page load timeout: '30'

2023-09-22 14:56:10 - [MESSAGE][PASSED] - Tapped on element 'Object Repository/Parte2/Ajustes cuenta/Chats/CPN211/android.widget.ImageButton (1)'

2023-09-22 14:56:10 - [TEST_STEP][PASSED] - delay(3, CONTINUE_ON_FAILURE): Delayed 3 second(s)

2023-09-22 14:56:13 - [MESSAGE][PASSED] - Delayed 3 second(s)

2023-09-22 14:56:13 - [TEST_STEP][PASSED] - pressBack(): Press back button successfully

2023-09-22 14:56:13 - [MESSAGE][PASSED] - Press back button successfully

2023-09-22 14:56:13 - [TEST_STEP][PASSED] - tap(findTestObject("Object Repository/Parte2/Ajustes cuenta/Chats/CPN211/android.widget.ImageButton (2)"), 0): Tapped on element 'Object Repository/Parte2/Ajustes cuenta/Chats/CPN211/android.widget.ImageButton (2)'

2023-09-22 14:56:14 - [MESSAGE][WARNING] - Timeout '0' is invalid. Using default page load timeout: '30'

2023-09-22 14:56:14 - [MESSAGE][PASSED] - Tapped on element 'Object Repository/Parte2/Ajustes cuenta/Chats/CPN211/android.widget.ImageButton (2)'

2023-09-22 14:56:14 - [TEST_STEP][PASSED] - tap(findTestObject("Object Repository/Parte2/Ajustes cuenta/Chats/CPN211/android.widget.FrameLayout (1)"), 0): Tapped on element 'Object Repository/Parte2/Ajustes cuenta/Chats/CPN211/android.widget.FrameLayout (1)'

2023-09-22 14:56:14 - [MESSAGE][WARNING] - Timeout '0' is invalid. Using default page load timeout: '30'

2023-09-22 14:56:15 - [MESSAGE][PASSED] - Tapped on element 'Object Repository/Parte2/Ajustes cuenta/Chats/CPN211/android.widget.FrameLayout (1)'

2023-09-22 14:56:15 - [TEST_STEP][PASSED] - delay(4, CONTINUE_ON_FAILURE): Delayed 4 second(s)

2023-09-22 14:56:19 - [MESSAGE][PASSED] - Delayed 4 second(s)]]></system-out>
         <system-err><![CDATA[]]></system-err>
      </testcase>
      <testcase name="Test Cases/Parte2/Chats/CPN212" time="18.055" classname="Test Cases/Parte2/Chats/CPN212" status="PASSED">
         <system-out><![CDATA[2023-09-22 14:56:19 - [TEST_CASE][PASSED] - Test Cases/Parte2/Chats/CPN212: Test Cases/Parte2/Chats/CPN212

2023-09-22 14:56:19 - [TEST_STEP][PASSED] - tap(findTestObject("Object Repository/Parte2/Ajustes cuenta/Chats/CPN212/android.widget.FrameLayout"), 0): Tapped on element 'Object Repository/Parte2/Ajustes cuenta/Chats/CPN212/android.widget.FrameLayout'

2023-09-22 14:56:19 - [MESSAGE][WARNING] - Timeout '0' is invalid. Using default page load timeout: '30'

2023-09-22 14:56:21 - [MESSAGE][PASSED] - Tapped on element 'Object Repository/Parte2/Ajustes cuenta/Chats/CPN212/android.widget.FrameLayout'

2023-09-22 14:56:21 - [TEST_STEP][PASSED] - tap(findTestObject("Object Repository/Parte2/Ajustes cuenta/Chats/CPN212/android.widget.LinearLayout"), 0): Tapped on element 'Object Repository/Parte2/Ajustes cuenta/Chats/CPN212/android.widget.LinearLayout'

2023-09-22 14:56:21 - [MESSAGE][WARNING] - Timeout '0' is invalid. Using default page load timeout: '30'

2023-09-22 14:56:22 - [MESSAGE][PASSED] - Tapped on element 'Object Repository/Parte2/Ajustes cuenta/Chats/CPN212/android.widget.LinearLayout'

2023-09-22 14:56:22 - [TEST_STEP][PASSED] - tap(findTestObject("Object Repository/Parte2/Ajustes cuenta/Chats/CPN212/android.widget.LinearLayout (1)"), 0): Tapped on element 'Object Repository/Parte2/Ajustes cuenta/Chats/CPN212/android.widget.LinearLayout (1)'

2023-09-22 14:56:22 - [MESSAGE][WARNING] - Timeout '0' is invalid. Using default page load timeout: '30'

2023-09-22 14:56:23 - [MESSAGE][PASSED] - Tapped on element 'Object Repository/Parte2/Ajustes cuenta/Chats/CPN212/android.widget.LinearLayout (1)'

2023-09-22 14:56:23 - [TEST_STEP][PASSED] - tap(findTestObject("Object Repository/Parte2/Ajustes cuenta/Chats/CPN212/android.widget.LinearLayout (2)"), 0): Tapped on element 'Object Repository/Parte2/Ajustes cuenta/Chats/CPN212/android.widget.LinearLayout (2)'

2023-09-22 14:56:23 - [MESSAGE][WARNING] - Timeout '0' is invalid. Using default page load timeout: '30'

2023-09-22 14:56:23 - [MESSAGE][PASSED] - Tapped on element 'Object Repository/Parte2/Ajustes cuenta/Chats/CPN212/android.widget.LinearLayout (2)'

2023-09-22 14:56:23 - [TEST_STEP][PASSED] - tap(findTestObject("Object Repository/Parte2/Ajustes cuenta/Chats/CPN212/android.widget.SeekBar - 0.0"), 0): Tapped on element 'Object Repository/Parte2/Ajustes cuenta/Chats/CPN212/android.widget.SeekBar - 0.0'

2023-09-22 14:56:23 - [MESSAGE][WARNING] - Timeout '0' is invalid. Using default page load timeout: '30'

2023-09-22 14:56:24 - [MESSAGE][PASSED] - Tapped on element 'Object Repository/Parte2/Ajustes cuenta/Chats/CPN212/android.widget.SeekBar - 0.0'

2023-09-22 14:56:24 - [TEST_STEP][PASSED] - delay(3, CONTINUE_ON_FAILURE): Delayed 3 second(s)

2023-09-22 14:56:27 - [MESSAGE][PASSED] - Delayed 3 second(s)

2023-09-22 14:56:27 - [TEST_STEP][PASSED] - tap(findTestObject("Object Repository/Parte2/Ajustes cuenta/Chats/CPN212/android.widget.ImageButton"), 0): Tapped on element 'Object Repository/Parte2/Ajustes cuenta/Chats/CPN212/android.widget.ImageButton'

2023-09-22 14:56:28 - [MESSAGE][WARNING] - Timeout '0' is invalid. Using default page load timeout: '30'

2023-09-22 14:56:28 - [MESSAGE][PASSED] - Tapped on element 'Object Repository/Parte2/Ajustes cuenta/Chats/CPN212/android.widget.ImageButton'

2023-09-22 14:56:28 - [TEST_STEP][PASSED] - delay(3, CONTINUE_ON_FAILURE): Delayed 3 second(s)

2023-09-22 14:56:31 - [MESSAGE][PASSED] - Delayed 3 second(s)

2023-09-22 14:56:31 - [TEST_STEP][PASSED] - pressBack(): Press back button successfully

2023-09-22 14:56:32 - [MESSAGE][PASSED] - Press back button successfully

2023-09-22 14:56:32 - [TEST_STEP][PASSED] - tap(findTestObject("Object Repository/Parte2/Ajustes cuenta/Chats/CPN212/android.widget.ImageButton (1)"), 0): Tapped on element 'Object Repository/Parte2/Ajustes cuenta/Chats/CPN212/android.widget.ImageButton (1)'

2023-09-22 14:56:32 - [MESSAGE][WARNING] - Timeout '0' is invalid. Using default page load timeout: '30'

2023-09-22 14:56:33 - [MESSAGE][PASSED] - Tapped on element 'Object Repository/Parte2/Ajustes cuenta/Chats/CPN212/android.widget.ImageButton (1)'

2023-09-22 14:56:33 - [TEST_STEP][PASSED] - tap(findTestObject("Object Repository/Parte2/Ajustes cuenta/Chats/CPN212/android.widget.FrameLayout (1)"), 0): Tapped on element 'Object Repository/Parte2/Ajustes cuenta/Chats/CPN212/android.widget.FrameLayout (1)'

2023-09-22 14:56:33 - [MESSAGE][WARNING] - Timeout '0' is invalid. Using default page load timeout: '30'

2023-09-22 14:56:33 - [MESSAGE][PASSED] - Tapped on element 'Object Repository/Parte2/Ajustes cuenta/Chats/CPN212/android.widget.FrameLayout (1)'

2023-09-22 14:56:33 - [TEST_STEP][PASSED] - delay(4, CONTINUE_ON_FAILURE): Delayed 4 second(s)

2023-09-22 14:56:37 - [MESSAGE][PASSED] - Delayed 4 second(s)]]></system-out>
         <system-err><![CDATA[]]></system-err>
      </testcase>
      <testcase name="Test Cases/Parte2/Chats/CPN213" time="16.842" classname="Test Cases/Parte2/Chats/CPN213" status="PASSED">
         <system-out><![CDATA[2023-09-22 14:56:37 - [TEST_CASE][PASSED] - Test Cases/Parte2/Chats/CPN213: Test Cases/Parte2/Chats/CPN213

2023-09-22 14:56:38 - [TEST_STEP][PASSED] - tap(findTestObject("Object Repository/Parte2/Ajustes cuenta/Chats/CPN213/android.widget.FrameLayout"), 0): Tapped on element 'Object Repository/Parte2/Ajustes cuenta/Chats/CPN213/android.widget.FrameLayout'

2023-09-22 14:56:38 - [MESSAGE][WARNING] - Timeout '0' is invalid. Using default page load timeout: '30'

2023-09-22 14:56:38 - [MESSAGE][PASSED] - Tapped on element 'Object Repository/Parte2/Ajustes cuenta/Chats/CPN213/android.widget.FrameLayout'

2023-09-22 14:56:38 - [TEST_STEP][PASSED] - tap(findTestObject("Object Repository/Parte2/Ajustes cuenta/Chats/CPN213/android.widget.LinearLayout"), 0): Tapped on element 'Object Repository/Parte2/Ajustes cuenta/Chats/CPN213/android.widget.LinearLayout'

2023-09-22 14:56:38 - [MESSAGE][WARNING] - Timeout '0' is invalid. Using default page load timeout: '30'

2023-09-22 14:56:39 - [MESSAGE][PASSED] - Tapped on element 'Object Repository/Parte2/Ajustes cuenta/Chats/CPN213/android.widget.LinearLayout'

2023-09-22 14:56:39 - [TEST_STEP][PASSED] - tap(findTestObject("Object Repository/Parte2/Ajustes cuenta/Chats/CPN213/android.widget.LinearLayout (1)"), 0): Tapped on element 'Object Repository/Parte2/Ajustes cuenta/Chats/CPN213/android.widget.LinearLayout (1)'

2023-09-22 14:56:39 - [MESSAGE][WARNING] - Timeout '0' is invalid. Using default page load timeout: '30'

2023-09-22 14:56:40 - [MESSAGE][PASSED] - Tapped on element 'Object Repository/Parte2/Ajustes cuenta/Chats/CPN213/android.widget.LinearLayout (1)'

2023-09-22 14:56:40 - [TEST_STEP][PASSED] - tap(findTestObject("Object Repository/Parte2/Ajustes cuenta/Chats/CPN213/android.widget.LinearLayout (2)"), 0): Tapped on element 'Object Repository/Parte2/Ajustes cuenta/Chats/CPN213/android.widget.LinearLayout (2)'

2023-09-22 14:56:40 - [MESSAGE][WARNING] - Timeout '0' is invalid. Using default page load timeout: '30'

2023-09-22 14:56:41 - [MESSAGE][PASSED] - Tapped on element 'Object Repository/Parte2/Ajustes cuenta/Chats/CPN213/android.widget.LinearLayout (2)'

2023-09-22 14:56:41 - [TEST_STEP][PASSED] - delay(1, CONTINUE_ON_FAILURE): Delayed 1 second(s)

2023-09-22 14:56:42 - [MESSAGE][PASSED] - Delayed 1 second(s)

2023-09-22 14:56:42 - [TEST_STEP][PASSED] - tap(findTestObject("Object Repository/Parte2/Ajustes cuenta/Chats/CPN213/android.widget.ImageButton"), 0): Tapped on element 'Object Repository/Parte2/Ajustes cuenta/Chats/CPN213/android.widget.ImageButton'

2023-09-22 14:56:42 - [MESSAGE][WARNING] - Timeout '0' is invalid. Using default page load timeout: '30'

2023-09-22 14:56:42 - [MESSAGE][PASSED] - Tapped on element 'Object Repository/Parte2/Ajustes cuenta/Chats/CPN213/android.widget.ImageButton'

2023-09-22 14:56:42 - [TEST_STEP][PASSED] - delay(2, CONTINUE_ON_FAILURE): Delayed 2 second(s)

2023-09-22 14:56:44 - [MESSAGE][PASSED] - Delayed 2 second(s)

2023-09-22 14:56:44 - [TEST_STEP][PASSED] - tap(findTestObject("Object Repository/Parte2/Ajustes cuenta/Chats/CPN213/android.widget.ImageButton (1)"), 0): Tapped on element 'Object Repository/Parte2/Ajustes cuenta/Chats/CPN213/android.widget.ImageButton (1)'

2023-09-22 14:56:44 - [MESSAGE][WARNING] - Timeout '0' is invalid. Using default page load timeout: '30'

2023-09-22 14:56:45 - [MESSAGE][PASSED] - Tapped on element 'Object Repository/Parte2/Ajustes cuenta/Chats/CPN213/android.widget.ImageButton (1)'

2023-09-22 14:56:45 - [TEST_STEP][PASSED] - delay(3, CONTINUE_ON_FAILURE): Delayed 3 second(s)

2023-09-22 14:56:48 - [MESSAGE][PASSED] - Delayed 3 second(s)

2023-09-22 14:56:48 - [TEST_STEP][PASSED] - pressBack(): Press back button successfully

2023-09-22 14:56:48 - [MESSAGE][PASSED] - Press back button successfully

2023-09-22 14:56:48 - [TEST_STEP][PASSED] - tap(findTestObject("Object Repository/Parte2/Ajustes cuenta/Chats/CPN213/android.widget.ImageButton (2)"), 0): Tapped on element 'Object Repository/Parte2/Ajustes cuenta/Chats/CPN213/android.widget.ImageButton (2)'

2023-09-22 14:56:48 - [MESSAGE][WARNING] - Timeout '0' is invalid. Using default page load timeout: '30'

2023-09-22 14:56:50 - [MESSAGE][PASSED] - Tapped on element 'Object Repository/Parte2/Ajustes cuenta/Chats/CPN213/android.widget.ImageButton (2)'

2023-09-22 14:56:50 - [TEST_STEP][PASSED] - tap(findTestObject("Object Repository/Parte2/Ajustes cuenta/Chats/CPN213/android.widget.FrameLayout (1)"), 0): Tapped on element 'Object Repository/Parte2/Ajustes cuenta/Chats/CPN213/android.widget.FrameLayout (1)'

2023-09-22 14:56:50 - [MESSAGE][WARNING] - Timeout '0' is invalid. Using default page load timeout: '30'

2023-09-22 14:56:50 - [MESSAGE][PASSED] - Tapped on element 'Object Repository/Parte2/Ajustes cuenta/Chats/CPN213/android.widget.FrameLayout (1)'

2023-09-22 14:56:50 - [TEST_STEP][PASSED] - delay(4, CONTINUE_ON_FAILURE): Delayed 4 second(s)

2023-09-22 14:56:54 - [MESSAGE][PASSED] - Delayed 4 second(s)]]></system-out>
         <system-err><![CDATA[]]></system-err>
      </testcase>
      <testcase name="Test Cases/Parte2/Chats/CPN214" time="28.323" classname="Test Cases/Parte2/Chats/CPN214" status="PASSED">
         <system-out><![CDATA[2023-09-22 14:56:54 - [TEST_CASE][PASSED] - Test Cases/Parte2/Chats/CPN214: Test Cases/Parte2/Chats/CPN214

2023-09-22 14:56:54 - [TEST_STEP][PASSED] - tap(findTestObject("Object Repository/Parte2/Ajustes cuenta/Chats/CPN214/android.widget.FrameLayout"), 0): Tapped on element 'Object Repository/Parte2/Ajustes cuenta/Chats/CPN214/android.widget.FrameLayout'

2023-09-22 14:56:54 - [MESSAGE][WARNING] - Timeout '0' is invalid. Using default page load timeout: '30'

2023-09-22 14:56:55 - [MESSAGE][PASSED] - Tapped on element 'Object Repository/Parte2/Ajustes cuenta/Chats/CPN214/android.widget.FrameLayout'

2023-09-22 14:56:55 - [TEST_STEP][PASSED] - tap(findTestObject("Object Repository/Parte2/Ajustes cuenta/Chats/CPN214/android.widget.LinearLayout"), 0): Tapped on element 'Object Repository/Parte2/Ajustes cuenta/Chats/CPN214/android.widget.LinearLayout'

2023-09-22 14:56:55 - [MESSAGE][WARNING] - Timeout '0' is invalid. Using default page load timeout: '30'

2023-09-22 14:56:56 - [MESSAGE][PASSED] - Tapped on element 'Object Repository/Parte2/Ajustes cuenta/Chats/CPN214/android.widget.LinearLayout'

2023-09-22 14:56:56 - [TEST_STEP][PASSED] - tap(findTestObject("Object Repository/Parte2/Ajustes cuenta/Chats/CPN214/android.widget.LinearLayout (1)"), 0): Tapped on element 'Object Repository/Parte2/Ajustes cuenta/Chats/CPN214/android.widget.LinearLayout (1)'

2023-09-22 14:56:56 - [MESSAGE][WARNING] - Timeout '0' is invalid. Using default page load timeout: '30'

2023-09-22 14:56:57 - [MESSAGE][PASSED] - Tapped on element 'Object Repository/Parte2/Ajustes cuenta/Chats/CPN214/android.widget.LinearLayout (1)'

2023-09-22 14:56:57 - [TEST_STEP][PASSED] - tap(findTestObject("Object Repository/Parte2/Ajustes cuenta/Chats/CPN214/android.widget.LinearLayout (2)"), 0): Tapped on element 'Object Repository/Parte2/Ajustes cuenta/Chats/CPN214/android.widget.LinearLayout (2)'

2023-09-22 14:56:57 - [MESSAGE][WARNING] - Timeout '0' is invalid. Using default page load timeout: '30'

2023-09-22 14:56:58 - [MESSAGE][PASSED] - Tapped on element 'Object Repository/Parte2/Ajustes cuenta/Chats/CPN214/android.widget.LinearLayout (2)'

2023-09-22 14:56:58 - [TEST_STEP][PASSED] - delay(2, CONTINUE_ON_FAILURE): Delayed 2 second(s)

2023-09-22 14:57:00 - [MESSAGE][PASSED] - Delayed 2 second(s)

2023-09-22 14:57:00 - [TEST_STEP][PASSED] - tap(findTestObject("Object Repository/Parte2/Ajustes cuenta/Chats/CPN214/android.widget.ImageButton"), 0): Tapped on element 'Object Repository/Parte2/Ajustes cuenta/Chats/CPN214/android.widget.ImageButton'

2023-09-22 14:57:00 - [MESSAGE][WARNING] - Timeout '0' is invalid. Using default page load timeout: '30'

2023-09-22 14:57:01 - [MESSAGE][PASSED] - Tapped on element 'Object Repository/Parte2/Ajustes cuenta/Chats/CPN214/android.widget.ImageButton'

2023-09-22 14:57:01 - [TEST_STEP][PASSED] - delay(3, CONTINUE_ON_FAILURE): Delayed 3 second(s)

2023-09-22 14:57:04 - [MESSAGE][PASSED] - Delayed 3 second(s)

2023-09-22 14:57:04 - [TEST_STEP][PASSED] - pinchToZoomInAtPosition(0, 400, 150, STOP_ON_FAILURE): Zoomed in at [0, 400] with offset 150

2023-09-22 14:57:05 - [MESSAGE][PASSED] - Zoomed in at [0, 400] with offset 150

2023-09-22 14:57:05 - [TEST_STEP][PASSED] - delay(5, CONTINUE_ON_FAILURE): Delayed 5 second(s)

2023-09-22 14:57:10 - [MESSAGE][PASSED] - Delayed 5 second(s)

2023-09-22 14:57:10 - [TEST_STEP][PASSED] - tap(findTestObject("Object Repository/Parte2/Ajustes cuenta/Chats/android.widget.Button"), 0): Tapped on element 'Object Repository/Parte2/Ajustes cuenta/Chats/android.widget.Button'

2023-09-22 14:57:10 - [MESSAGE][WARNING] - Timeout '0' is invalid. Using default page load timeout: '30'

2023-09-22 14:57:10 - [MESSAGE][PASSED] - Tapped on element 'Object Repository/Parte2/Ajustes cuenta/Chats/android.widget.Button'

2023-09-22 14:57:10 - [TEST_STEP][PASSED] - delay(2, CONTINUE_ON_FAILURE): Delayed 2 second(s)

2023-09-22 14:57:12 - [MESSAGE][PASSED] - Delayed 2 second(s)

2023-09-22 14:57:12 - [TEST_STEP][PASSED] - pressBack(): Press back button successfully

2023-09-22 14:57:13 - [MESSAGE][PASSED] - Press back button successfully

2023-09-22 14:57:13 - [TEST_STEP][PASSED] - tap(findTestObject("Object Repository/Parte2/Ajustes cuenta/Chats/CPN214/android.widget.ImageButton (1)"), 0): Tapped on element 'Object Repository/Parte2/Ajustes cuenta/Chats/CPN214/android.widget.ImageButton (1)'

2023-09-22 14:57:13 - [MESSAGE][WARNING] - Timeout '0' is invalid. Using default page load timeout: '30'

2023-09-22 14:57:14 - [MESSAGE][PASSED] - Tapped on element 'Object Repository/Parte2/Ajustes cuenta/Chats/CPN214/android.widget.ImageButton (1)'

2023-09-22 14:57:14 - [TEST_STEP][PASSED] - delay(2, CONTINUE_ON_FAILURE): Delayed 2 second(s)

2023-09-22 14:57:16 - [MESSAGE][PASSED] - Delayed 2 second(s)

2023-09-22 14:57:16 - [TEST_STEP][PASSED] - tap(findTestObject("Object Repository/Parte2/Ajustes cuenta/Chats/CPN214/android.widget.FrameLayout (1)"), 0): Tapped on element 'Object Repository/Parte2/Ajustes cuenta/Chats/CPN214/android.widget.FrameLayout (1)'

2023-09-22 14:57:16 - [MESSAGE][WARNING] - Timeout '0' is invalid. Using default page load timeout: '30'

2023-09-22 14:57:17 - [MESSAGE][PASSED] - Tapped on element 'Object Repository/Parte2/Ajustes cuenta/Chats/CPN214/android.widget.FrameLayout (1)'

2023-09-22 14:57:17 - [TEST_STEP][PASSED] - delay(5, CONTINUE_ON_FAILURE): Delayed 5 second(s)

2023-09-22 14:57:22 - [MESSAGE][PASSED] - Delayed 5 second(s)]]></system-out>
         <system-err><![CDATA[]]></system-err>
      </testcase>
      <testcase name="Test Cases/Parte2/Chats/CPN215" time="17.367" classname="Test Cases/Parte2/Chats/CPN215" status="PASSED">
         <system-out><![CDATA[2023-09-22 14:57:22 - [TEST_CASE][PASSED] - Test Cases/Parte2/Chats/CPN215: Test Cases/Parte2/Chats/CPN215

2023-09-22 14:57:23 - [TEST_STEP][PASSED] - tap(findTestObject("Object Repository/Parte2/Ajustes cuenta/Chats/CPN215/android.widget.FrameLayout"), 0): Tapped on element 'Object Repository/Parte2/Ajustes cuenta/Chats/CPN215/android.widget.FrameLayout'

2023-09-22 14:57:23 - [MESSAGE][WARNING] - Timeout '0' is invalid. Using default page load timeout: '30'

2023-09-22 14:57:23 - [MESSAGE][PASSED] - Tapped on element 'Object Repository/Parte2/Ajustes cuenta/Chats/CPN215/android.widget.FrameLayout'

2023-09-22 14:57:23 - [TEST_STEP][PASSED] - tap(findTestObject("Parte2/Ajustes cuenta/Chats/CPN215/android.widget.LinearLayout"), 0): Tapped on element 'Object Repository/Parte2/Ajustes cuenta/Chats/CPN215/android.widget.LinearLayout'

2023-09-22 14:57:23 - [MESSAGE][WARNING] - Timeout '0' is invalid. Using default page load timeout: '30'

2023-09-22 14:57:25 - [MESSAGE][PASSED] - Tapped on element 'Object Repository/Parte2/Ajustes cuenta/Chats/CPN215/android.widget.LinearLayout'

2023-09-22 14:57:25 - [TEST_STEP][PASSED] - tap(findTestObject("Parte2/Ajustes cuenta/Chats/CPN215/android.widget.LinearLayout (1)"), 0): Tapped on element 'Object Repository/Parte2/Ajustes cuenta/Chats/CPN215/android.widget.LinearLayout (1)'

2023-09-22 14:57:25 - [MESSAGE][WARNING] - Timeout '0' is invalid. Using default page load timeout: '30'

2023-09-22 14:57:25 - [MESSAGE][PASSED] - Tapped on element 'Object Repository/Parte2/Ajustes cuenta/Chats/CPN215/android.widget.LinearLayout (1)'

2023-09-22 14:57:25 - [TEST_STEP][PASSED] - tap(findTestObject("Parte2/Ajustes cuenta/Chats/CPN215/android.widget.LinearLayout (2)"), 0): Tapped on element 'Object Repository/Parte2/Ajustes cuenta/Chats/CPN215/android.widget.LinearLayout (2)'

2023-09-22 14:57:25 - [MESSAGE][WARNING] - Timeout '0' is invalid. Using default page load timeout: '30'

2023-09-22 14:57:26 - [MESSAGE][PASSED] - Tapped on element 'Object Repository/Parte2/Ajustes cuenta/Chats/CPN215/android.widget.LinearLayout (2)'

2023-09-22 14:57:26 - [TEST_STEP][PASSED] - delay(2, CONTINUE_ON_FAILURE): Delayed 2 second(s)

2023-09-22 14:57:28 - [MESSAGE][PASSED] - Delayed 2 second(s)

2023-09-22 14:57:28 - [TEST_STEP][PASSED] - tap(findTestObject("Parte2/Ajustes cuenta/Chats/CPN215/android.widget.ImageButton"), 0): Tapped on element 'Object Repository/Parte2/Ajustes cuenta/Chats/CPN215/android.widget.ImageButton'

2023-09-22 14:57:28 - [MESSAGE][WARNING] - Timeout '0' is invalid. Using default page load timeout: '30'

2023-09-22 14:57:28 - [MESSAGE][PASSED] - Tapped on element 'Object Repository/Parte2/Ajustes cuenta/Chats/CPN215/android.widget.ImageButton'

2023-09-22 14:57:28 - [TEST_STEP][PASSED] - delay(2, CONTINUE_ON_FAILURE): Delayed 2 second(s)

2023-09-22 14:57:30 - [MESSAGE][PASSED] - Delayed 2 second(s)

2023-09-22 14:57:30 - [TEST_STEP][PASSED] - tap(findTestObject("Parte2/Ajustes cuenta/Chats/CPN215/android.widget.LinearLayout (3)"), 0): Tapped on element 'Object Repository/Parte2/Ajustes cuenta/Chats/CPN215/android.widget.LinearLayout (3)'

2023-09-22 14:57:30 - [MESSAGE][WARNING] - Timeout '0' is invalid. Using default page load timeout: '30'

2023-09-22 14:57:31 - [MESSAGE][PASSED] - Tapped on element 'Object Repository/Parte2/Ajustes cuenta/Chats/CPN215/android.widget.LinearLayout (3)'

2023-09-22 14:57:31 - [TEST_STEP][PASSED] - tap(findTestObject("Object Repository/Parte2/Ajustes cuenta/Chats/CPN215/android.widget.ImageView (1)"), 0): Tapped on element 'Object Repository/Parte2/Ajustes cuenta/Chats/CPN215/android.widget.ImageView (1)'

2023-09-22 14:57:31 - [MESSAGE][WARNING] - Timeout '0' is invalid. Using default page load timeout: '30'

2023-09-22 14:57:32 - [MESSAGE][PASSED] - Tapped on element 'Object Repository/Parte2/Ajustes cuenta/Chats/CPN215/android.widget.ImageView (1)'

2023-09-22 14:57:32 - [TEST_STEP][PASSED] - tap(findTestObject("Parte2/Ajustes cuenta/Chats/android.widget.Button"), 0): Tapped on element 'Object Repository/Parte2/Ajustes cuenta/Chats/android.widget.Button'

2023-09-22 14:57:32 - [MESSAGE][WARNING] - Timeout '0' is invalid. Using default page load timeout: '30'

2023-09-22 14:57:34 - [MESSAGE][PASSED] - Tapped on element 'Object Repository/Parte2/Ajustes cuenta/Chats/android.widget.Button'

2023-09-22 14:57:34 - [TEST_STEP][PASSED] - pressBack(): Press back button successfully

2023-09-22 14:57:34 - [MESSAGE][PASSED] - Press back button successfully

2023-09-22 14:57:34 - [TEST_STEP][PASSED] - tap(findTestObject("Object Repository/Parte2/Ajustes cuenta/Chats/CPN215/android.widget.ImageButton (1)"), 0): Tapped on element 'Object Repository/Parte2/Ajustes cuenta/Chats/CPN215/android.widget.ImageButton (1)'

2023-09-22 14:57:34 - [MESSAGE][WARNING] - Timeout '0' is invalid. Using default page load timeout: '30'

2023-09-22 14:57:35 - [MESSAGE][PASSED] - Tapped on element 'Object Repository/Parte2/Ajustes cuenta/Chats/CPN215/android.widget.ImageButton (1)'

2023-09-22 14:57:35 - [TEST_STEP][PASSED] - tap(findTestObject("Object Repository/Parte2/Ajustes cuenta/Chats/CPN215/android.widget.FrameLayout (2)"), 0): Tapped on element 'Object Repository/Parte2/Ajustes cuenta/Chats/CPN215/android.widget.FrameLayout (2)'

2023-09-22 14:57:36 - [MESSAGE][WARNING] - Timeout '0' is invalid. Using default page load timeout: '30'

2023-09-22 14:57:36 - [MESSAGE][PASSED] - Tapped on element 'Object Repository/Parte2/Ajustes cuenta/Chats/CPN215/android.widget.FrameLayout (2)'

2023-09-22 14:57:36 - [TEST_STEP][PASSED] - delay(4, CONTINUE_ON_FAILURE): Delayed 4 second(s)

2023-09-22 14:57:40 - [MESSAGE][PASSED] - Delayed 4 second(s)]]></system-out>
         <system-err><![CDATA[]]></system-err>
      </testcase>
      <testcase name="Test Cases/Parte2/Chats/CPN216" time="18.012" classname="Test Cases/Parte2/Chats/CPN216" status="PASSED">
         <system-out><![CDATA[2023-09-22 14:57:40 - [TEST_CASE][PASSED] - Test Cases/Parte2/Chats/CPN216: Test Cases/Parte2/Chats/CPN216

2023-09-22 14:57:40 - [TEST_STEP][PASSED] - tap(findTestObject("Object Repository/Parte2/Ajustes cuenta/Chats/CPN216/android.widget.FrameLayout"), 0): Tapped on element 'Object Repository/Parte2/Ajustes cuenta/Chats/CPN216/android.widget.FrameLayout'

2023-09-22 14:57:40 - [MESSAGE][WARNING] - Timeout '0' is invalid. Using default page load timeout: '30'

2023-09-22 14:57:44 - [MESSAGE][PASSED] - Tapped on element 'Object Repository/Parte2/Ajustes cuenta/Chats/CPN216/android.widget.FrameLayout'

2023-09-22 14:57:44 - [TEST_STEP][PASSED] - tap(findTestObject("Object Repository/Parte2/Ajustes cuenta/Chats/CPN216/android.widget.LinearLayout"), 0): Tapped on element 'Object Repository/Parte2/Ajustes cuenta/Chats/CPN216/android.widget.LinearLayout'

2023-09-22 14:57:44 - [MESSAGE][WARNING] - Timeout '0' is invalid. Using default page load timeout: '30'

2023-09-22 14:57:45 - [MESSAGE][PASSED] - Tapped on element 'Object Repository/Parte2/Ajustes cuenta/Chats/CPN216/android.widget.LinearLayout'

2023-09-22 14:57:45 - [TEST_STEP][PASSED] - tap(findTestObject("Object Repository/Parte2/Ajustes cuenta/Chats/CPN216/android.widget.LinearLayout (1)"), 0): Tapped on element 'Object Repository/Parte2/Ajustes cuenta/Chats/CPN216/android.widget.LinearLayout (1)'

2023-09-22 14:57:45 - [MESSAGE][WARNING] - Timeout '0' is invalid. Using default page load timeout: '30'

2023-09-22 14:57:46 - [MESSAGE][PASSED] - Tapped on element 'Object Repository/Parte2/Ajustes cuenta/Chats/CPN216/android.widget.LinearLayout (1)'

2023-09-22 14:57:46 - [TEST_STEP][PASSED] - tap(findTestObject("Object Repository/Parte2/Ajustes cuenta/Chats/CPN216/android.widget.LinearLayout (2)"), 0): Tapped on element 'Object Repository/Parte2/Ajustes cuenta/Chats/CPN216/android.widget.LinearLayout (2)'

2023-09-22 14:57:46 - [MESSAGE][WARNING] - Timeout '0' is invalid. Using default page load timeout: '30'

2023-09-22 14:57:46 - [MESSAGE][PASSED] - Tapped on element 'Object Repository/Parte2/Ajustes cuenta/Chats/CPN216/android.widget.LinearLayout (2)'

2023-09-22 14:57:46 - [TEST_STEP][PASSED] - tap(findTestObject("Object Repository/Parte2/Ajustes cuenta/Chats/CPN216/android.widget.ImageButton"), 0): Tapped on element 'Object Repository/Parte2/Ajustes cuenta/Chats/CPN216/android.widget.ImageButton'

2023-09-22 14:57:46 - [MESSAGE][WARNING] - Timeout '0' is invalid. Using default page load timeout: '30'

2023-09-22 14:57:47 - [MESSAGE][PASSED] - Tapped on element 'Object Repository/Parte2/Ajustes cuenta/Chats/CPN216/android.widget.ImageButton'

2023-09-22 14:57:47 - [TEST_STEP][PASSED] - delay(3, STOP_ON_FAILURE): Delayed 3 second(s)

2023-09-22 14:57:50 - [MESSAGE][PASSED] - Delayed 3 second(s)

2023-09-22 14:57:50 - [TEST_STEP][PASSED] - tap(findTestObject("Object Repository/Parte2/Ajustes cuenta/Chats/CPN216/android.widget.LinearLayout (3)"), 0): Tapped on element 'Object Repository/Parte2/Ajustes cuenta/Chats/CPN216/android.widget.LinearLayout (3)'

2023-09-22 14:57:50 - [MESSAGE][WARNING] - Timeout '0' is invalid. Using default page load timeout: '30'

2023-09-22 14:57:51 - [MESSAGE][PASSED] - Tapped on element 'Object Repository/Parte2/Ajustes cuenta/Chats/CPN216/android.widget.LinearLayout (3)'

2023-09-22 14:57:51 - [TEST_STEP][PASSED] - delay(1, STOP_ON_FAILURE): Delayed 1 second(s)

2023-09-22 14:57:52 - [MESSAGE][PASSED] - Delayed 1 second(s)

2023-09-22 14:57:52 - [TEST_STEP][PASSED] - tap(findTestObject("Object Repository/Parte2/Ajustes cuenta/Chats/CPN216/android.widget.FrameLayout (1)"), 0): Tapped on element 'Object Repository/Parte2/Ajustes cuenta/Chats/CPN216/android.widget.FrameLayout (1)'

2023-09-22 14:57:52 - [MESSAGE][WARNING] - Timeout '0' is invalid. Using default page load timeout: '30'

2023-09-22 14:57:52 - [MESSAGE][PASSED] - Tapped on element 'Object Repository/Parte2/Ajustes cuenta/Chats/CPN216/android.widget.FrameLayout (1)'

2023-09-22 14:57:52 - [TEST_STEP][PASSED] - delay(1, STOP_ON_FAILURE): Delayed 1 second(s)

2023-09-22 14:57:53 - [MESSAGE][PASSED] - Delayed 1 second(s)

2023-09-22 14:57:53 - [TEST_STEP][PASSED] - tap(findTestObject("Object Repository/Parte2/Ajustes cuenta/Chats/CPN216/android.widget.ImageView"), 0): Tapped on element 'Object Repository/Parte2/Ajustes cuenta/Chats/CPN216/android.widget.ImageView'

2023-09-22 14:57:53 - [MESSAGE][WARNING] - Timeout '0' is invalid. Using default page load timeout: '30'

2023-09-22 14:57:53 - [MESSAGE][PASSED] - Tapped on element 'Object Repository/Parte2/Ajustes cuenta/Chats/CPN216/android.widget.ImageView'

2023-09-22 14:57:53 - [TEST_STEP][PASSED] - delay(1, STOP_ON_FAILURE): Delayed 1 second(s)

2023-09-22 14:57:54 - [MESSAGE][PASSED] - Delayed 1 second(s)

2023-09-22 14:57:54 - [TEST_STEP][PASSED] - tap(findTestObject("Parte2/Ajustes cuenta/Chats/android.widget.Button"), 0): Tapped on element 'Object Repository/Parte2/Ajustes cuenta/Chats/android.widget.Button'

2023-09-22 14:57:54 - [MESSAGE][WARNING] - Timeout '0' is invalid. Using default page load timeout: '30'

2023-09-22 14:57:56 - [MESSAGE][PASSED] - Tapped on element 'Object Repository/Parte2/Ajustes cuenta/Chats/android.widget.Button'

2023-09-22 14:57:56 - [TEST_STEP][PASSED] - pressBack(): Press back button successfully

2023-09-22 14:57:56 - [MESSAGE][PASSED] - Press back button successfully

2023-09-22 14:57:56 - [TEST_STEP][PASSED] - tap(findTestObject("Object Repository/Parte2/Ajustes cuenta/Chats/CPN216/android.widget.ImageButton (1)"), 0): Tapped on element 'Object Repository/Parte2/Ajustes cuenta/Chats/CPN216/android.widget.ImageButton (1)'

2023-09-22 14:57:56 - [MESSAGE][WARNING] - Timeout '0' is invalid. Using default page load timeout: '30'

2023-09-22 14:57:57 - [MESSAGE][PASSED] - Tapped on element 'Object Repository/Parte2/Ajustes cuenta/Chats/CPN216/android.widget.ImageButton (1)'

2023-09-22 14:57:57 - [TEST_STEP][PASSED] - tap(findTestObject("Object Repository/Parte2/Ajustes cuenta/Chats/CPN216/android.widget.FrameLayout (2)"), 0): Tapped on element 'Object Repository/Parte2/Ajustes cuenta/Chats/CPN216/android.widget.FrameLayout (2)'

2023-09-22 14:57:57 - [MESSAGE][WARNING] - Timeout '0' is invalid. Using default page load timeout: '30'

2023-09-22 14:57:58 - [MESSAGE][PASSED] - Tapped on element 'Object Repository/Parte2/Ajustes cuenta/Chats/CPN216/android.widget.FrameLayout (2)']]></system-out>
         <system-err><![CDATA[]]></system-err>
      </testcase>
      <testcase name="Test Cases/Parte2/Chats/CPN217" time="4.881" classname="Test Cases/Parte2/Chats/CPN217" status="FAILED">
         <failure type="FAILED" message="Test Cases/Parte2/Chats/CPN217 FAILED.
Reason:
com.kms.katalon.core.exception.StepFailedException: Failed to tap on element 'Object Repository/Parte2/Ajustes cuenta/Chats/CPN217/android.widget.FrameLayout' (Root cause: org.openqa.selenium.StaleElementReferenceException: Cached elements 'By.xpath: //*[@class = 'android.widget.FrameLayout' and @resource-id = 'com.naposystems.napoleonchat:id/profileFragment' and (@text = '' or . = '')]' do not exist in DOM anymore
For documentation on this error, please visit: https://www.seleniumhq.org/exceptions/stale_element_reference.html
Build info: version: '3.141.59', revision: 'e82be7d358', time: '2018-11-14T08:25:53'
System info: host: 'DESKTOP-OBIGNLU', ip: '192.168.1.6', os.name: 'Windows 10', os.arch: 'amd64', os.version: '10.0', java.version: '1.8.0_282'
Driver info: com.kms.katalon.core.appium.driver.SwipeableAndroidDriver
Capabilities {app: C:\Users\Testing\Desktop\ka..., appPackage: com.naposystems.napoleonchat, autoGrantPermissions: true, automationName: uiautomator2, chromedriverPort: 50803, databaseEnabled: false, desired: {app: C:\Users\Testing\Desktop\ka..., autoGrantPermissions: true, automationName: uiautomator2, chromedriverPort: 50803, deviceId: , deviceName: samsung SM-A107M (Android 11), fullReset: true, newCommandTimeout: 1800, noReset: false, platform: ANDROID, platformName: android, platformVersion: 11, systemPort: 50801, udid: R9WN40KBXDJ}, deviceApiLevel: 30, deviceId: , deviceManufacturer: samsung, deviceModel: SM-A107M, deviceName: R9WN40KBXDJ, deviceScreenDensity: 280, deviceScreenSize: 720x1520, deviceUDID: R9WN40KBXDJ, fullReset: true, javascriptEnabled: true, locationContextEnabled: false, networkConnectionEnabled: true, newCommandTimeout: 1800, noReset: false, pixelRatio: 1.75, platform: ANDROID, platformName: Android, platformVersion: 11, statBarHeight: 57, systemPort: 50801, takesScreenshot: true, udid: R9WN40KBXDJ, viewportRect: {height: 1324, left: 0, top: 57, width: 720}, warnings: {}, webStorageEnabled: false}
Session ID: e59ad47d-7b12-4d11-a6b6-2bfe44e776e5
	at org.openqa.selenium.remote.http.W3CHttpResponseCodec.createException(W3CHttpResponseCodec.java:187)
	at org.openqa.selenium.remote.http.W3CHttpResponseCodec.decode(W3CHttpResponseCodec.java:122)
	at org.openqa.selenium.remote.http.W3CHttpResponseCodec.decode(W3CHttpResponseCodec.java:49)
	at org.openqa.selenium.remote.HttpCommandExecutor.execute(HttpCommandExecutor.java:158)
	at io.appium.java_client.remote.AppiumCommandExecutor.execute(AppiumCommandExecutor.java:239)
	at org.openqa.selenium.remote.RemoteWebDriver.execute(RemoteWebDriver.java:552)
	at io.appium.java_client.DefaultGenericMobileDriver.execute(DefaultGenericMobileDriver.java:42)
	at io.appium.java_client.AppiumDriver.execute(AppiumDriver.java:1)
	at io.appium.java_client.android.AndroidDriver.execute(AndroidDriver.java:1)
	at com.kms.katalon.core.appium.driver.SwipeableAndroidDriver.execute(SwipeableAndroidDriver.java:1)
	at org.openqa.selenium.remote.RemoteWebElement.execute(RemoteWebElement.java:285)
	at io.appium.java_client.DefaultGenericMobileElement.execute(DefaultGenericMobileElement.java:45)
	at io.appium.java_client.MobileElement.execute(MobileElement.java:1)
	at io.appium.java_client.android.AndroidElement.execute(AndroidElement.java:1)
	at org.openqa.selenium.remote.RemoteWebElement.click(RemoteWebElement.java:84)
	at com.kms.katalon.core.mobile.keyword.builtin.TapKeyword$_tap_closure1.doCall(TapKeyword.groovy:82)
	at com.kms.katalon.core.mobile.keyword.builtin.TapKeyword$_tap_closure1.call(TapKeyword.groovy)
	at com.kms.katalon.core.mobile.keyword.internal.MobileKeywordMain.runKeyword(MobileKeywordMain.groovy:21)
	at com.kms.katalon.core.mobile.keyword.builtin.TapKeyword.tap(TapKeyword.groovy:84)
	at com.kms.katalon.core.mobile.keyword.builtin.TapKeyword.execute(TapKeyword.groovy:68)
	at com.kms.katalon.core.keyword.internal.KeywordExecutor.executeKeywordForPlatform(KeywordExecutor.groovy:74)
	at com.kms.katalon.core.mobile.keyword.MobileBuiltInKeywords.tap(MobileBuiltInKeywords.groovy:1490)
	at com.kms.katalon.core.mobile.keyword.MobileBuiltInKeywords$tap$0.call(Unknown Source)
	at CPN217.run(CPN217:20)
	at com.kms.katalon.core.main.ScriptEngine.run(ScriptEngine.java:194)
	at com.kms.katalon.core.main.ScriptEngine.runScriptAsRawText(ScriptEngine.java:119)
	at com.kms.katalon.core.main.TestCaseExecutor.runScript(TestCaseExecutor.java:448)
	at com.kms.katalon.core.main.TestCaseExecutor.doExecute(TestCaseExecutor.java:439)
	at com.kms.katalon.core.main.TestCaseExecutor.processExecutionPhase(TestCaseExecutor.java:418)
	at com.kms.katalon.core.main.TestCaseExecutor.accessMainPhase(TestCaseExecutor.java:410)
	at com.kms.katalon.core.main.TestCaseExecutor.execute(TestCaseExecutor.java:285)
	at com.kms.katalon.core.common.CommonExecutor.accessTestCaseMainPhase(CommonExecutor.java:65)
	at com.kms.katalon.core.main.TestSuiteExecutor.accessTestSuiteMainPhase(TestSuiteExecutor.java:148)
	at com.kms.katalon.core.main.TestSuiteExecutor.execute(TestSuiteExecutor.java:106)
	at com.kms.katalon.core.main.TestCaseMain.startTestSuite(TestCaseMain.java:187)
	at com.kms.katalon.core.main.TestCaseMain$startTestSuite$0.call(Unknown Source)
	at TempTestSuite1695412343905.run(TempTestSuite1695412343905.groovy:36)
)
	at com.kms.katalon.core.keyword.internal.KeywordMain.stepFailed(KeywordMain.groovy:51)
	at com.kms.katalon.core.mobile.keyword.internal.MobileKeywordMain.stepFailed(MobileKeywordMain.groovy:40)
	at com.kms.katalon.core.mobile.keyword.internal.MobileKeywordMain.runKeyword(MobileKeywordMain.groovy:23)
	at com.kms.katalon.core.mobile.keyword.builtin.TapKeyword.tap(TapKeyword.groovy:84)
	at com.kms.katalon.core.mobile.keyword.builtin.TapKeyword.execute(TapKeyword.groovy:68)
	at com.kms.katalon.core.keyword.internal.KeywordExecutor.executeKeywordForPlatform(KeywordExecutor.groovy:74)
	at com.kms.katalon.core.mobile.keyword.MobileBuiltInKeywords.tap(MobileBuiltInKeywords.groovy:1490)
	at com.kms.katalon.core.mobile.keyword.MobileBuiltInKeywords$tap$0.call(Unknown Source)
	at CPN217.run(CPN217:20)
	at com.kms.katalon.core.main.ScriptEngine.run(ScriptEngine.java:194)
	at com.kms.katalon.core.main.ScriptEngine.runScriptAsRawText(ScriptEngine.java:119)
	at com.kms.katalon.core.main.TestCaseExecutor.runScript(TestCaseExecutor.java:448)
	at com.kms.katalon.core.main.TestCaseExecutor.doExecute(TestCaseExecutor.java:439)
	at com.kms.katalon.core.main.TestCaseExecutor.processExecutionPhase(TestCaseExecutor.java:418)
	at com.kms.katalon.core.main.TestCaseExecutor.accessMainPhase(TestCaseExecutor.java:410)
	at com.kms.katalon.core.main.TestCaseExecutor.execute(TestCaseExecutor.java:285)
	at com.kms.katalon.core.common.CommonExecutor.accessTestCaseMainPhase(CommonExecutor.java:65)
	at com.kms.katalon.core.main.TestSuiteExecutor.accessTestSuiteMainPhase(TestSuiteExecutor.java:148)
	at com.kms.katalon.core.main.TestSuiteExecutor.execute(TestSuiteExecutor.java:106)
	at com.kms.katalon.core.main.TestCaseMain.startTestSuite(TestCaseMain.java:187)
	at com.kms.katalon.core.main.TestCaseMain$startTestSuite$0.call(Unknown Source)
	at TempTestSuite1695412343905.run(TempTestSuite1695412343905.groovy:36)
Caused by: org.openqa.selenium.StaleElementReferenceException: Cached elements 'By.xpath: //*[@class = 'android.widget.FrameLayout' and @resource-id = 'com.naposystems.napoleonchat:id/profileFragment' and (@text = '' or . = '')]' do not exist in DOM anymore
For documentation on this error, please visit: https://www.seleniumhq.org/exceptions/stale_element_reference.html
Build info: version: '3.141.59', revision: 'e82be7d358', time: '2018-11-14T08:25:53'
System info: host: 'DESKTOP-OBIGNLU', ip: '192.168.1.6', os.name: 'Windows 10', os.arch: 'amd64', os.version: '10.0', java.version: '1.8.0_282'
Driver info: com.kms.katalon.core.appium.driver.SwipeableAndroidDriver
Capabilities {app: C:\Users\Testing\Desktop\ka..., appPackage: com.naposystems.napoleonchat, autoGrantPermissions: true, automationName: uiautomator2, chromedriverPort: 50803, databaseEnabled: false, desired: {app: C:\Users\Testing\Desktop\ka..., autoGrantPermissions: true, automationName: uiautomator2, chromedriverPort: 50803, deviceId: , deviceName: samsung SM-A107M (Android 11), fullReset: true, newCommandTimeout: 1800, noReset: false, platform: ANDROID, platformName: android, platformVersion: 11, systemPort: 50801, udid: R9WN40KBXDJ}, deviceApiLevel: 30, deviceId: , deviceManufacturer: samsung, deviceModel: SM-A107M, deviceName: R9WN40KBXDJ, deviceScreenDensity: 280, deviceScreenSize: 720x1520, deviceUDID: R9WN40KBXDJ, fullReset: true, javascriptEnabled: true, locationContextEnabled: false, networkConnectionEnabled: true, newCommandTimeout: 1800, noReset: false, pixelRatio: 1.75, platform: ANDROID, platformName: Android, platformVersion: 11, statBarHeight: 57, systemPort: 50801, takesScreenshot: true, udid: R9WN40KBXDJ, viewportRect: {height: 1324, left: 0, top: 57, width: 720}, warnings: {}, webStorageEnabled: false}
Session ID: e59ad47d-7b12-4d11-a6b6-2bfe44e776e5
	at org.openqa.selenium.remote.http.W3CHttpResponseCodec.createException(W3CHttpResponseCodec.java:187)
	at org.openqa.selenium.remote.http.W3CHttpResponseCodec.decode(W3CHttpResponseCodec.java:122)
	at org.openqa.selenium.remote.http.W3CHttpResponseCodec.decode(W3CHttpResponseCodec.java:49)
	at org.openqa.selenium.remote.HttpCommandExecutor.execute(HttpCommandExecutor.java:158)
	at io.appium.java_client.remote.AppiumCommandExecutor.execute(AppiumCommandExecutor.java:239)
	at org.openqa.selenium.remote.RemoteWebDriver.execute(RemoteWebDriver.java:552)
	at io.appium.java_client.DefaultGenericMobileDriver.execute(DefaultGenericMobileDriver.java:42)
	at io.appium.java_client.AppiumDriver.execute(AppiumDriver.java:1)
	at io.appium.java_client.android.AndroidDriver.execute(AndroidDriver.java:1)
	at com.kms.katalon.core.appium.driver.SwipeableAndroidDriver.execute(SwipeableAndroidDriver.java:1)
	at org.openqa.selenium.remote.RemoteWebElement.execute(RemoteWebElement.java:285)
	at io.appium.java_client.DefaultGenericMobileElement.execute(DefaultGenericMobileElement.java:45)
	at io.appium.java_client.MobileElement.execute(MobileElement.java:1)
	at io.appium.java_client.android.AndroidElement.execute(AndroidElement.java:1)
	at org.openqa.selenium.remote.RemoteWebElement.click(RemoteWebElement.java:84)
	at com.kms.katalon.core.mobile.keyword.builtin.TapKeyword$_tap_closure1.doCall(TapKeyword.groovy:82)
	at com.kms.katalon.core.mobile.keyword.builtin.TapKeyword$_tap_closure1.call(TapKeyword.groovy)
	at com.kms.katalon.core.mobile.keyword.internal.MobileKeywordMain.runKeyword(MobileKeywordMain.groovy:21)
	... 19 more
"/>
         <system-out><![CDATA[2023-09-22 14:57:58 - [TEST_CASE][FAILED] - Test Cases/Parte2/Chats/CPN217: Test Cases/Parte2/Chats/CPN217 FAILED.
Reason:
com.kms.katalon.core.exception.StepFailedException: Failed to tap on element 'Object Repository/Parte2/Ajustes cuenta/Chats/CPN217/android.widget.FrameLayout' (Root cause: org.openqa.selenium.StaleElementReferenceException: Cached elements 'By.xpath: //*[@class = 'android.widget.FrameLayout' and @resource-id = 'com.naposystems.napoleonchat:id/profileFragment' and (@text = '' or . = '')]' do not exist in DOM anymore
For documentation on this error, please visit: https://www.seleniumhq.org/exceptions/stale_element_reference.html
Build info: version: '3.141.59', revision: 'e82be7d358', time: '2018-11-14T08:25:53'
System info: host: 'DESKTOP-OBIGNLU', ip: '192.168.1.6', os.name: 'Windows 10', os.arch: 'amd64', os.version: '10.0', java.version: '1.8.0_282'
Driver info: com.kms.katalon.core.appium.driver.SwipeableAndroidDriver
Capabilities {app: C:\Users\Testing\Desktop\ka..., appPackage: com.naposystems.napoleonchat, autoGrantPermissions: true, automationName: uiautomator2, chromedriverPort: 50803, databaseEnabled: false, desired: {app: C:\Users\Testing\Desktop\ka..., autoGrantPermissions: true, automationName: uiautomator2, chromedriverPort: 50803, deviceId: , deviceName: samsung SM-A107M (Android 11), fullReset: true, newCommandTimeout: 1800, noReset: false, platform: ANDROID, platformName: android, platformVersion: 11, systemPort: 50801, udid: R9WN40KBXDJ}, deviceApiLevel: 30, deviceId: , deviceManufacturer: samsung, deviceModel: SM-A107M, deviceName: R9WN40KBXDJ, deviceScreenDensity: 280, deviceScreenSize: 720x1520, deviceUDID: R9WN40KBXDJ, fullReset: true, javascriptEnabled: true, locationContextEnabled: false, networkConnectionEnabled: true, newCommandTimeout: 1800, noReset: false, pixelRatio: 1.75, platform: ANDROID, platformName: Android, platformVersion: 11, statBarHeight: 57, systemPort: 50801, takesScreenshot: true, udid: R9WN40KBXDJ, viewportRect: {height: 1324, left: 0, top: 57, width: 720}, warnings: {}, webStorageEnabled: false}
Session ID: e59ad47d-7b12-4d11-a6b6-2bfe44e776e5
	at org.openqa.selenium.remote.http.W3CHttpResponseCodec.createException(W3CHttpResponseCodec.java:187)
	at org.openqa.selenium.remote.http.W3CHttpResponseCodec.decode(W3CHttpResponseCodec.java:122)
	at org.openqa.selenium.remote.http.W3CHttpResponseCodec.decode(W3CHttpResponseCodec.java:49)
	at org.openqa.selenium.remote.HttpCommandExecutor.execute(HttpCommandExecutor.java:158)
	at io.appium.java_client.remote.AppiumCommandExecutor.execute(AppiumCommandExecutor.java:239)
	at org.openqa.selenium.remote.RemoteWebDriver.execute(RemoteWebDriver.java:552)
	at io.appium.java_client.DefaultGenericMobileDriver.execute(DefaultGenericMobileDriver.java:42)
	at io.appium.java_client.AppiumDriver.execute(AppiumDriver.java:1)
	at io.appium.java_client.android.AndroidDriver.execute(AndroidDriver.java:1)
	at com.kms.katalon.core.appium.driver.SwipeableAndroidDriver.execute(SwipeableAndroidDriver.java:1)
	at org.openqa.selenium.remote.RemoteWebElement.execute(RemoteWebElement.java:285)
	at io.appium.java_client.DefaultGenericMobileElement.execute(DefaultGenericMobileElement.java:45)
	at io.appium.java_client.MobileElement.execute(MobileElement.java:1)
	at io.appium.java_client.android.AndroidElement.execute(AndroidElement.java:1)
	at org.openqa.selenium.remote.RemoteWebElement.click(RemoteWebElement.java:84)
	at com.kms.katalon.core.mobile.keyword.builtin.TapKeyword$_tap_closure1.doCall(TapKeyword.groovy:82)
	at com.kms.katalon.core.mobile.keyword.builtin.TapKeyword$_tap_closure1.call(TapKeyword.groovy)
	at com.kms.katalon.core.mobile.keyword.internal.MobileKeywordMain.runKeyword(MobileKeywordMain.groovy:21)
	at com.kms.katalon.core.mobile.keyword.builtin.TapKeyword.tap(TapKeyword.groovy:84)
	at com.kms.katalon.core.mobile.keyword.builtin.TapKeyword.execute(TapKeyword.groovy:68)
	at com.kms.katalon.core.keyword.internal.KeywordExecutor.executeKeywordForPlatform(KeywordExecutor.groovy:74)
	at com.kms.katalon.core.mobile.keyword.MobileBuiltInKeywords.tap(MobileBuiltInKeywords.groovy:1490)
	at com.kms.katalon.core.mobile.keyword.MobileBuiltInKeywords$tap$0.call(Unknown Source)
	at CPN217.run(CPN217:20)
	at com.kms.katalon.core.main.ScriptEngine.run(ScriptEngine.java:194)
	at com.kms.katalon.core.main.ScriptEngine.runScriptAsRawText(ScriptEngine.java:119)
	at com.kms.katalon.core.main.TestCaseExecutor.runScript(TestCaseExecutor.java:448)
	at com.kms.katalon.core.main.TestCaseExecutor.doExecute(TestCaseExecutor.java:439)
	at com.kms.katalon.core.main.TestCaseExecutor.processExecutionPhase(TestCaseExecutor.java:418)
	at com.kms.katalon.core.main.TestCaseExecutor.accessMainPhase(TestCaseExecutor.java:410)
	at com.kms.katalon.core.main.TestCaseExecutor.execute(TestCaseExecutor.java:285)
	at com.kms.katalon.core.common.CommonExecutor.accessTestCaseMainPhase(CommonExecutor.java:65)
	at com.kms.katalon.core.main.TestSuiteExecutor.accessTestSuiteMainPhase(TestSuiteExecutor.java:148)
	at com.kms.katalon.core.main.TestSuiteExecutor.execute(TestSuiteExecutor.java:106)
	at com.kms.katalon.core.main.TestCaseMain.startTestSuite(TestCaseMain.java:187)
	at com.kms.katalon.core.main.TestCaseMain$startTestSuite$0.call(Unknown Source)
	at TempTestSuite1695412343905.run(TempTestSuite1695412343905.groovy:36)
)
	at com.kms.katalon.core.keyword.internal.KeywordMain.stepFailed(KeywordMain.groovy:51)
	at com.kms.katalon.core.mobile.keyword.internal.MobileKeywordMain.stepFailed(MobileKeywordMain.groovy:40)
	at com.kms.katalon.core.mobile.keyword.internal.MobileKeywordMain.runKeyword(MobileKeywordMain.groovy:23)
	at com.kms.katalon.core.mobile.keyword.builtin.TapKeyword.tap(TapKeyword.groovy:84)
	at com.kms.katalon.core.mobile.keyword.builtin.TapKeyword.execute(TapKeyword.groovy:68)
	at com.kms.katalon.core.keyword.internal.KeywordExecutor.executeKeywordForPlatform(KeywordExecutor.groovy:74)
	at com.kms.katalon.core.mobile.keyword.MobileBuiltInKeywords.tap(MobileBuiltInKeywords.groovy:1490)
	at com.kms.katalon.core.mobile.keyword.MobileBuiltInKeywords$tap$0.call(Unknown Source)
	at CPN217.run(CPN217:20)
	at com.kms.katalon.core.main.ScriptEngine.run(ScriptEngine.java:194)
	at com.kms.katalon.core.main.ScriptEngine.runScriptAsRawText(ScriptEngine.java:119)
	at com.kms.katalon.core.main.TestCaseExecutor.runScript(TestCaseExecutor.java:448)
	at com.kms.katalon.core.main.TestCaseExecutor.doExecute(TestCaseExecutor.java:439)
	at com.kms.katalon.core.main.TestCaseExecutor.processExecutionPhase(TestCaseExecutor.java:418)
	at com.kms.katalon.core.main.TestCaseExecutor.accessMainPhase(TestCaseExecutor.java:410)
	at com.kms.katalon.core.main.TestCaseExecutor.execute(TestCaseExecutor.java:285)
	at com.kms.katalon.core.common.CommonExecutor.accessTestCaseMainPhase(CommonExecutor.java:65)
	at com.kms.katalon.core.main.TestSuiteExecutor.accessTestSuiteMainPhase(TestSuiteExecutor.java:148)
	at com.kms.katalon.core.main.TestSuiteExecutor.execute(TestSuiteExecutor.java:106)
	at com.kms.katalon.core.main.TestCaseMain.startTestSuite(TestCaseMain.java:187)
	at com.kms.katalon.core.main.TestCaseMain$startTestSuite$0.call(Unknown Source)
	at TempTestSuite1695412343905.run(TempTestSuite1695412343905.groovy:36)
Caused by: org.openqa.selenium.StaleElementReferenceException: Cached elements 'By.xpath: //*[@class = 'android.widget.FrameLayout' and @resource-id = 'com.naposystems.napoleonchat:id/profileFragment' and (@text = '' or . = '')]' do not exist in DOM anymore
For documentation on this error, please visit: https://www.seleniumhq.org/exceptions/stale_element_reference.html
Build info: version: '3.141.59', revision: 'e82be7d358', time: '2018-11-14T08:25:53'
System info: host: 'DESKTOP-OBIGNLU', ip: '192.168.1.6', os.name: 'Windows 10', os.arch: 'amd64', os.version: '10.0', java.version: '1.8.0_282'
Driver info: com.kms.katalon.core.appium.driver.SwipeableAndroidDriver
Capabilities {app: C:\Users\Testing\Desktop\ka..., appPackage: com.naposystems.napoleonchat, autoGrantPermissions: true, automationName: uiautomator2, chromedriverPort: 50803, databaseEnabled: false, desired: {app: C:\Users\Testing\Desktop\ka..., autoGrantPermissions: true, automationName: uiautomator2, chromedriverPort: 50803, deviceId: , deviceName: samsung SM-A107M (Android 11), fullReset: true, newCommandTimeout: 1800, noReset: false, platform: ANDROID, platformName: android, platformVersion: 11, systemPort: 50801, udid: R9WN40KBXDJ}, deviceApiLevel: 30, deviceId: , deviceManufacturer: samsung, deviceModel: SM-A107M, deviceName: R9WN40KBXDJ, deviceScreenDensity: 280, deviceScreenSize: 720x1520, deviceUDID: R9WN40KBXDJ, fullReset: true, javascriptEnabled: true, locationContextEnabled: false, networkConnectionEnabled: true, newCommandTimeout: 1800, noReset: false, pixelRatio: 1.75, platform: ANDROID, platformName: Android, platformVersion: 11, statBarHeight: 57, systemPort: 50801, takesScreenshot: true, udid: R9WN40KBXDJ, viewportRect: {height: 1324, left: 0, top: 57, width: 720}, warnings: {}, webStorageEnabled: false}
Session ID: e59ad47d-7b12-4d11-a6b6-2bfe44e776e5
	at org.openqa.selenium.remote.http.W3CHttpResponseCodec.createException(W3CHttpResponseCodec.java:187)
	at org.openqa.selenium.remote.http.W3CHttpResponseCodec.decode(W3CHttpResponseCodec.java:122)
	at org.openqa.selenium.remote.http.W3CHttpResponseCodec.decode(W3CHttpResponseCodec.java:49)
	at org.openqa.selenium.remote.HttpCommandExecutor.execute(HttpCommandExecutor.java:158)
	at io.appium.java_client.remote.AppiumCommandExecutor.execute(AppiumCommandExecutor.java:239)
	at org.openqa.selenium.remote.RemoteWebDriver.execute(RemoteWebDriver.java:552)
	at io.appium.java_client.DefaultGenericMobileDriver.execute(DefaultGenericMobileDriver.java:42)
	at io.appium.java_client.AppiumDriver.execute(AppiumDriver.java:1)
	at io.appium.java_client.android.AndroidDriver.execute(AndroidDriver.java:1)
	at com.kms.katalon.core.appium.driver.SwipeableAndroidDriver.execute(SwipeableAndroidDriver.java:1)
	at org.openqa.selenium.remote.RemoteWebElement.execute(RemoteWebElement.java:285)
	at io.appium.java_client.DefaultGenericMobileElement.execute(DefaultGenericMobileElement.java:45)
	at io.appium.java_client.MobileElement.execute(MobileElement.java:1)
	at io.appium.java_client.android.AndroidElement.execute(AndroidElement.java:1)
	at org.openqa.selenium.remote.RemoteWebElement.click(RemoteWebElement.java:84)
	at com.kms.katalon.core.mobile.keyword.builtin.TapKeyword$_tap_closure1.doCall(TapKeyword.groovy:82)
	at com.kms.katalon.core.mobile.keyword.builtin.TapKeyword$_tap_closure1.call(TapKeyword.groovy)
	at com.kms.katalon.core.mobile.keyword.internal.MobileKeywordMain.runKeyword(MobileKeywordMain.groovy:21)
	... 19 more


2023-09-22 14:57:58 - [TEST_STEP][FAILED] - tap(findTestObject("Object Repository/Parte2/Ajustes cuenta/Chats/CPN217/android.widget.FrameLayout"), 0): Failed to tap on element 'Object Repository/Parte2/Ajustes cuenta/Chats/CPN217/android.widget.FrameLayout' (Root cause: org.openqa.selenium.StaleElementReferenceException: Cached elements 'By.xpath: //*[@class = 'android.widget.FrameLayout' and @resource-id = 'com.naposystems.napoleonchat:id/profileFragment' and (@text = '' or . = '')]' do not exist in DOM anymore
For documentation on this error, please visit: https://www.seleniumhq.org/exceptions/stale_element_reference.html
Build info: version: '3.141.59', revision: 'e82be7d358', time: '2018-11-14T08:25:53'
System info: host: 'DESKTOP-OBIGNLU', ip: '192.168.1.6', os.name: 'Windows 10', os.arch: 'amd64', os.version: '10.0', java.version: '1.8.0_282'
Driver info: com.kms.katalon.core.appium.driver.SwipeableAndroidDriver
Capabilities {app: C:\Users\Testing\Desktop\ka..., appPackage: com.naposystems.napoleonchat, autoGrantPermissions: true, automationName: uiautomator2, chromedriverPort: 50803, databaseEnabled: false, desired: {app: C:\Users\Testing\Desktop\ka..., autoGrantPermissions: true, automationName: uiautomator2, chromedriverPort: 50803, deviceId: , deviceName: samsung SM-A107M (Android 11), fullReset: true, newCommandTimeout: 1800, noReset: false, platform: ANDROID, platformName: android, platformVersion: 11, systemPort: 50801, udid: R9WN40KBXDJ}, deviceApiLevel: 30, deviceId: , deviceManufacturer: samsung, deviceModel: SM-A107M, deviceName: R9WN40KBXDJ, deviceScreenDensity: 280, deviceScreenSize: 720x1520, deviceUDID: R9WN40KBXDJ, fullReset: true, javascriptEnabled: true, locationContextEnabled: false, networkConnectionEnabled: true, newCommandTimeout: 1800, noReset: false, pixelRatio: 1.75, platform: ANDROID, platformName: Android, platformVersion: 11, statBarHeight: 57, systemPort: 50801, takesScreenshot: true, udid: R9WN40KBXDJ, viewportRect: {height: 1324, left: 0, top: 57, width: 720}, warnings: {}, webStorageEnabled: false}
Session ID: e59ad47d-7b12-4d11-a6b6-2bfe44e776e5
	at org.openqa.selenium.remote.http.W3CHttpResponseCodec.createException(W3CHttpResponseCodec.java:187)
	at org.openqa.selenium.remote.http.W3CHttpResponseCodec.decode(W3CHttpResponseCodec.java:122)
	at org.openqa.selenium.remote.http.W3CHttpResponseCodec.decode(W3CHttpResponseCodec.java:49)
	at org.openqa.selenium.remote.HttpCommandExecutor.execute(HttpCommandExecutor.java:158)
	at io.appium.java_client.remote.AppiumCommandExecutor.execute(AppiumCommandExecutor.java:239)
	at org.openqa.selenium.remote.RemoteWebDriver.execute(RemoteWebDriver.java:552)
	at io.appium.java_client.DefaultGenericMobileDriver.execute(DefaultGenericMobileDriver.java:42)
	at io.appium.java_client.AppiumDriver.execute(AppiumDriver.java:1)
	at io.appium.java_client.android.AndroidDriver.execute(AndroidDriver.java:1)
	at com.kms.katalon.core.appium.driver.SwipeableAndroidDriver.execute(SwipeableAndroidDriver.java:1)
	at org.openqa.selenium.remote.RemoteWebElement.execute(RemoteWebElement.java:285)
	at io.appium.java_client.DefaultGenericMobileElement.execute(DefaultGenericMobileElement.java:45)
	at io.appium.java_client.MobileElement.execute(MobileElement.java:1)
	at io.appium.java_client.android.AndroidElement.execute(AndroidElement.java:1)
	at org.openqa.selenium.remote.RemoteWebElement.click(RemoteWebElement.java:84)
	at com.kms.katalon.core.mobile.keyword.builtin.TapKeyword$_tap_closure1.doCall(TapKeyword.groovy:82)
	at com.kms.katalon.core.mobile.keyword.builtin.TapKeyword$_tap_closure1.call(TapKeyword.groovy)
	at com.kms.katalon.core.mobile.keyword.internal.MobileKeywordMain.runKeyword(MobileKeywordMain.groovy:21)
	at com.kms.katalon.core.mobile.keyword.builtin.TapKeyword.tap(TapKeyword.groovy:84)
	at com.kms.katalon.core.mobile.keyword.builtin.TapKeyword.execute(TapKeyword.groovy:68)
	at com.kms.katalon.core.keyword.internal.KeywordExecutor.executeKeywordForPlatform(KeywordExecutor.groovy:74)
	at com.kms.katalon.core.mobile.keyword.MobileBuiltInKeywords.tap(MobileBuiltInKeywords.groovy:1490)
	at com.kms.katalon.core.mobile.keyword.MobileBuiltInKeywords$tap$0.call(Unknown Source)
	at CPN217.run(CPN217:20)
	at com.kms.katalon.core.main.ScriptEngine.run(ScriptEngine.java:194)
	at com.kms.katalon.core.main.ScriptEngine.runScriptAsRawText(ScriptEngine.java:119)
	at com.kms.katalon.core.main.TestCaseExecutor.runScript(TestCaseExecutor.java:448)
	at com.kms.katalon.core.main.TestCaseExecutor.doExecute(TestCaseExecutor.java:439)
	at com.kms.katalon.core.main.TestCaseExecutor.processExecutionPhase(TestCaseExecutor.java:418)
	at com.kms.katalon.core.main.TestCaseExecutor.accessMainPhase(TestCaseExecutor.java:410)
	at com.kms.katalon.core.main.TestCaseExecutor.execute(TestCaseExecutor.java:285)
	at com.kms.katalon.core.common.CommonExecutor.accessTestCaseMainPhase(CommonExecutor.java:65)
	at com.kms.katalon.core.main.TestSuiteExecutor.accessTestSuiteMainPhase(TestSuiteExecutor.java:148)
	at com.kms.katalon.core.main.TestSuiteExecutor.execute(TestSuiteExecutor.java:106)
	at com.kms.katalon.core.main.TestCaseMain.startTestSuite(TestCaseMain.java:187)
	at com.kms.katalon.core.main.TestCaseMain$startTestSuite$0.call(Unknown Source)
	at TempTestSuite1695412343905.run(TempTestSuite1695412343905.groovy:36)
)

2023-09-22 14:57:58 - [MESSAGE][WARNING] - Timeout '0' is invalid. Using default page load timeout: '30'

2023-09-22 14:58:03 - [MESSAGE][FAILED] - Failed to tap on element 'Object Repository/Parte2/Ajustes cuenta/Chats/CPN217/android.widget.FrameLayout' (Root cause: org.openqa.selenium.StaleElementReferenceException: Cached elements 'By.xpath: //*[@class = 'android.widget.FrameLayout' and @resource-id = 'com.naposystems.napoleonchat:id/profileFragment' and (@text = '' or . = '')]' do not exist in DOM anymore
For documentation on this error, please visit: https://www.seleniumhq.org/exceptions/stale_element_reference.html
Build info: version: '3.141.59', revision: 'e82be7d358', time: '2018-11-14T08:25:53'
System info: host: 'DESKTOP-OBIGNLU', ip: '192.168.1.6', os.name: 'Windows 10', os.arch: 'amd64', os.version: '10.0', java.version: '1.8.0_282'
Driver info: com.kms.katalon.core.appium.driver.SwipeableAndroidDriver
Capabilities {app: C:\Users\Testing\Desktop\ka..., appPackage: com.naposystems.napoleonchat, autoGrantPermissions: true, automationName: uiautomator2, chromedriverPort: 50803, databaseEnabled: false, desired: {app: C:\Users\Testing\Desktop\ka..., autoGrantPermissions: true, automationName: uiautomator2, chromedriverPort: 50803, deviceId: , deviceName: samsung SM-A107M (Android 11), fullReset: true, newCommandTimeout: 1800, noReset: false, platform: ANDROID, platformName: android, platformVersion: 11, systemPort: 50801, udid: R9WN40KBXDJ}, deviceApiLevel: 30, deviceId: , deviceManufacturer: samsung, deviceModel: SM-A107M, deviceName: R9WN40KBXDJ, deviceScreenDensity: 280, deviceScreenSize: 720x1520, deviceUDID: R9WN40KBXDJ, fullReset: true, javascriptEnabled: true, locationContextEnabled: false, networkConnectionEnabled: true, newCommandTimeout: 1800, noReset: false, pixelRatio: 1.75, platform: ANDROID, platformName: Android, platformVersion: 11, statBarHeight: 57, systemPort: 50801, takesScreenshot: true, udid: R9WN40KBXDJ, viewportRect: {height: 1324, left: 0, top: 57, width: 720}, warnings: {}, webStorageEnabled: false}
Session ID: e59ad47d-7b12-4d11-a6b6-2bfe44e776e5
	at org.openqa.selenium.remote.http.W3CHttpResponseCodec.createException(W3CHttpResponseCodec.java:187)
	at org.openqa.selenium.remote.http.W3CHttpResponseCodec.decode(W3CHttpResponseCodec.java:122)
	at org.openqa.selenium.remote.http.W3CHttpResponseCodec.decode(W3CHttpResponseCodec.java:49)
	at org.openqa.selenium.remote.HttpCommandExecutor.execute(HttpCommandExecutor.java:158)
	at io.appium.java_client.remote.AppiumCommandExecutor.execute(AppiumCommandExecutor.java:239)
	at org.openqa.selenium.remote.RemoteWebDriver.execute(RemoteWebDriver.java:552)
	at io.appium.java_client.DefaultGenericMobileDriver.execute(DefaultGenericMobileDriver.java:42)
	at io.appium.java_client.AppiumDriver.execute(AppiumDriver.java:1)
	at io.appium.java_client.android.AndroidDriver.execute(AndroidDriver.java:1)
	at com.kms.katalon.core.appium.driver.SwipeableAndroidDriver.execute(SwipeableAndroidDriver.java:1)
	at org.openqa.selenium.remote.RemoteWebElement.execute(RemoteWebElement.java:285)
	at io.appium.java_client.DefaultGenericMobileElement.execute(DefaultGenericMobileElement.java:45)
	at io.appium.java_client.MobileElement.execute(MobileElement.java:1)
	at io.appium.java_client.android.AndroidElement.execute(AndroidElement.java:1)
	at org.openqa.selenium.remote.RemoteWebElement.click(RemoteWebElement.java:84)
	at com.kms.katalon.core.mobile.keyword.builtin.TapKeyword$_tap_closure1.doCall(TapKeyword.groovy:82)
	at com.kms.katalon.core.mobile.keyword.builtin.TapKeyword$_tap_closure1.call(TapKeyword.groovy)
	at com.kms.katalon.core.mobile.keyword.internal.MobileKeywordMain.runKeyword(MobileKeywordMain.groovy:21)
	at com.kms.katalon.core.mobile.keyword.builtin.TapKeyword.tap(TapKeyword.groovy:84)
	at com.kms.katalon.core.mobile.keyword.builtin.TapKeyword.execute(TapKeyword.groovy:68)
	at com.kms.katalon.core.keyword.internal.KeywordExecutor.executeKeywordForPlatform(KeywordExecutor.groovy:74)
	at com.kms.katalon.core.mobile.keyword.MobileBuiltInKeywords.tap(MobileBuiltInKeywords.groovy:1490)
	at com.kms.katalon.core.mobile.keyword.MobileBuiltInKeywords$tap$0.call(Unknown Source)
	at CPN217.run(CPN217:20)
	at com.kms.katalon.core.main.ScriptEngine.run(ScriptEngine.java:194)
	at com.kms.katalon.core.main.ScriptEngine.runScriptAsRawText(ScriptEngine.java:119)
	at com.kms.katalon.core.main.TestCaseExecutor.runScript(TestCaseExecutor.java:448)
	at com.kms.katalon.core.main.TestCaseExecutor.doExecute(TestCaseExecutor.java:439)
	at com.kms.katalon.core.main.TestCaseExecutor.processExecutionPhase(TestCaseExecutor.java:418)
	at com.kms.katalon.core.main.TestCaseExecutor.accessMainPhase(TestCaseExecutor.java:410)
	at com.kms.katalon.core.main.TestCaseExecutor.execute(TestCaseExecutor.java:285)
	at com.kms.katalon.core.common.CommonExecutor.accessTestCaseMainPhase(CommonExecutor.java:65)
	at com.kms.katalon.core.main.TestSuiteExecutor.accessTestSuiteMainPhase(TestSuiteExecutor.java:148)
	at com.kms.katalon.core.main.TestSuiteExecutor.execute(TestSuiteExecutor.java:106)
	at com.kms.katalon.core.main.TestCaseMain.startTestSuite(TestCaseMain.java:187)
	at com.kms.katalon.core.main.TestCaseMain$startTestSuite$0.call(Unknown Source)
	at TempTestSuite1695412343905.run(TempTestSuite1695412343905.groovy:36)
)
[[ATTACHMENT|C:\\Users\\Testing\\Katalon Studio\\NN_Version2\\Reports\\20230922_145223\\Recuperar cuenta\\20230922_145223\\1695412681726.png]]]]></system-out>
         <system-err><![CDATA[2023-09-22 14:57:58 - [TEST_CASE][FAILED] - Test Cases/Parte2/Chats/CPN217: Test Cases/Parte2/Chats/CPN217 FAILED.
Reason:
com.kms.katalon.core.exception.StepFailedException: Failed to tap on element 'Object Repository/Parte2/Ajustes cuenta/Chats/CPN217/android.widget.FrameLayout' (Root cause: org.openqa.selenium.StaleElementReferenceException: Cached elements 'By.xpath: //*[@class = 'android.widget.FrameLayout' and @resource-id = 'com.naposystems.napoleonchat:id/profileFragment' and (@text = '' or . = '')]' do not exist in DOM anymore
For documentation on this error, please visit: https://www.seleniumhq.org/exceptions/stale_element_reference.html
Build info: version: '3.141.59', revision: 'e82be7d358', time: '2018-11-14T08:25:53'
System info: host: 'DESKTOP-OBIGNLU', ip: '192.168.1.6', os.name: 'Windows 10', os.arch: 'amd64', os.version: '10.0', java.version: '1.8.0_282'
Driver info: com.kms.katalon.core.appium.driver.SwipeableAndroidDriver
Capabilities {app: C:\Users\Testing\Desktop\ka..., appPackage: com.naposystems.napoleonchat, autoGrantPermissions: true, automationName: uiautomator2, chromedriverPort: 50803, databaseEnabled: false, desired: {app: C:\Users\Testing\Desktop\ka..., autoGrantPermissions: true, automationName: uiautomator2, chromedriverPort: 50803, deviceId: , deviceName: samsung SM-A107M (Android 11), fullReset: true, newCommandTimeout: 1800, noReset: false, platform: ANDROID, platformName: android, platformVersion: 11, systemPort: 50801, udid: R9WN40KBXDJ}, deviceApiLevel: 30, deviceId: , deviceManufacturer: samsung, deviceModel: SM-A107M, deviceName: R9WN40KBXDJ, deviceScreenDensity: 280, deviceScreenSize: 720x1520, deviceUDID: R9WN40KBXDJ, fullReset: true, javascriptEnabled: true, locationContextEnabled: false, networkConnectionEnabled: true, newCommandTimeout: 1800, noReset: false, pixelRatio: 1.75, platform: ANDROID, platformName: Android, platformVersion: 11, statBarHeight: 57, systemPort: 50801, takesScreenshot: true, udid: R9WN40KBXDJ, viewportRect: {height: 1324, left: 0, top: 57, width: 720}, warnings: {}, webStorageEnabled: false}
Session ID: e59ad47d-7b12-4d11-a6b6-2bfe44e776e5
	at org.openqa.selenium.remote.http.W3CHttpResponseCodec.createException(W3CHttpResponseCodec.java:187)
	at org.openqa.selenium.remote.http.W3CHttpResponseCodec.decode(W3CHttpResponseCodec.java:122)
	at org.openqa.selenium.remote.http.W3CHttpResponseCodec.decode(W3CHttpResponseCodec.java:49)
	at org.openqa.selenium.remote.HttpCommandExecutor.execute(HttpCommandExecutor.java:158)
	at io.appium.java_client.remote.AppiumCommandExecutor.execute(AppiumCommandExecutor.java:239)
	at org.openqa.selenium.remote.RemoteWebDriver.execute(RemoteWebDriver.java:552)
	at io.appium.java_client.DefaultGenericMobileDriver.execute(DefaultGenericMobileDriver.java:42)
	at io.appium.java_client.AppiumDriver.execute(AppiumDriver.java:1)
	at io.appium.java_client.android.AndroidDriver.execute(AndroidDriver.java:1)
	at com.kms.katalon.core.appium.driver.SwipeableAndroidDriver.execute(SwipeableAndroidDriver.java:1)
	at org.openqa.selenium.remote.RemoteWebElement.execute(RemoteWebElement.java:285)
	at io.appium.java_client.DefaultGenericMobileElement.execute(DefaultGenericMobileElement.java:45)
	at io.appium.java_client.MobileElement.execute(MobileElement.java:1)
	at io.appium.java_client.android.AndroidElement.execute(AndroidElement.java:1)
	at org.openqa.selenium.remote.RemoteWebElement.click(RemoteWebElement.java:84)
	at com.kms.katalon.core.mobile.keyword.builtin.TapKeyword$_tap_closure1.doCall(TapKeyword.groovy:82)
	at com.kms.katalon.core.mobile.keyword.builtin.TapKeyword$_tap_closure1.call(TapKeyword.groovy)
	at com.kms.katalon.core.mobile.keyword.internal.MobileKeywordMain.runKeyword(MobileKeywordMain.groovy:21)
	at com.kms.katalon.core.mobile.keyword.builtin.TapKeyword.tap(TapKeyword.groovy:84)
	at com.kms.katalon.core.mobile.keyword.builtin.TapKeyword.execute(TapKeyword.groovy:68)
	at com.kms.katalon.core.keyword.internal.KeywordExecutor.executeKeywordForPlatform(KeywordExecutor.groovy:74)
	at com.kms.katalon.core.mobile.keyword.MobileBuiltInKeywords.tap(MobileBuiltInKeywords.groovy:1490)
	at com.kms.katalon.core.mobile.keyword.MobileBuiltInKeywords$tap$0.call(Unknown Source)
	at CPN217.run(CPN217:20)
	at com.kms.katalon.core.main.ScriptEngine.run(ScriptEngine.java:194)
	at com.kms.katalon.core.main.ScriptEngine.runScriptAsRawText(ScriptEngine.java:119)
	at com.kms.katalon.core.main.TestCaseExecutor.runScript(TestCaseExecutor.java:448)
	at com.kms.katalon.core.main.TestCaseExecutor.doExecute(TestCaseExecutor.java:439)
	at com.kms.katalon.core.main.TestCaseExecutor.processExecutionPhase(TestCaseExecutor.java:418)
	at com.kms.katalon.core.main.TestCaseExecutor.accessMainPhase(TestCaseExecutor.java:410)
	at com.kms.katalon.core.main.TestCaseExecutor.execute(TestCaseExecutor.java:285)
	at com.kms.katalon.core.common.CommonExecutor.accessTestCaseMainPhase(CommonExecutor.java:65)
	at com.kms.katalon.core.main.TestSuiteExecutor.accessTestSuiteMainPhase(TestSuiteExecutor.java:148)
	at com.kms.katalon.core.main.TestSuiteExecutor.execute(TestSuiteExecutor.java:106)
	at com.kms.katalon.core.main.TestCaseMain.startTestSuite(TestCaseMain.java:187)
	at com.kms.katalon.core.main.TestCaseMain$startTestSuite$0.call(Unknown Source)
	at TempTestSuite1695412343905.run(TempTestSuite1695412343905.groovy:36)
)
	at com.kms.katalon.core.keyword.internal.KeywordMain.stepFailed(KeywordMain.groovy:51)
	at com.kms.katalon.core.mobile.keyword.internal.MobileKeywordMain.stepFailed(MobileKeywordMain.groovy:40)
	at com.kms.katalon.core.mobile.keyword.internal.MobileKeywordMain.runKeyword(MobileKeywordMain.groovy:23)
	at com.kms.katalon.core.mobile.keyword.builtin.TapKeyword.tap(TapKeyword.groovy:84)
	at com.kms.katalon.core.mobile.keyword.builtin.TapKeyword.execute(TapKeyword.groovy:68)
	at com.kms.katalon.core.keyword.internal.KeywordExecutor.executeKeywordForPlatform(KeywordExecutor.groovy:74)
	at com.kms.katalon.core.mobile.keyword.MobileBuiltInKeywords.tap(MobileBuiltInKeywords.groovy:1490)
	at com.kms.katalon.core.mobile.keyword.MobileBuiltInKeywords$tap$0.call(Unknown Source)
	at CPN217.run(CPN217:20)
	at com.kms.katalon.core.main.ScriptEngine.run(ScriptEngine.java:194)
	at com.kms.katalon.core.main.ScriptEngine.runScriptAsRawText(ScriptEngine.java:119)
	at com.kms.katalon.core.main.TestCaseExecutor.runScript(TestCaseExecutor.java:448)
	at com.kms.katalon.core.main.TestCaseExecutor.doExecute(TestCaseExecutor.java:439)
	at com.kms.katalon.core.main.TestCaseExecutor.processExecutionPhase(TestCaseExecutor.java:418)
	at com.kms.katalon.core.main.TestCaseExecutor.accessMainPhase(TestCaseExecutor.java:410)
	at com.kms.katalon.core.main.TestCaseExecutor.execute(TestCaseExecutor.java:285)
	at com.kms.katalon.core.common.CommonExecutor.accessTestCaseMainPhase(CommonExecutor.java:65)
	at com.kms.katalon.core.main.TestSuiteExecutor.accessTestSuiteMainPhase(TestSuiteExecutor.java:148)
	at com.kms.katalon.core.main.TestSuiteExecutor.execute(TestSuiteExecutor.java:106)
	at com.kms.katalon.core.main.TestCaseMain.startTestSuite(TestCaseMain.java:187)
	at com.kms.katalon.core.main.TestCaseMain$startTestSuite$0.call(Unknown Source)
	at TempTestSuite1695412343905.run(TempTestSuite1695412343905.groovy:36)
Caused by: org.openqa.selenium.StaleElementReferenceException: Cached elements 'By.xpath: //*[@class = 'android.widget.FrameLayout' and @resource-id = 'com.naposystems.napoleonchat:id/profileFragment' and (@text = '' or . = '')]' do not exist in DOM anymore
For documentation on this error, please visit: https://www.seleniumhq.org/exceptions/stale_element_reference.html
Build info: version: '3.141.59', revision: 'e82be7d358', time: '2018-11-14T08:25:53'
System info: host: 'DESKTOP-OBIGNLU', ip: '192.168.1.6', os.name: 'Windows 10', os.arch: 'amd64', os.version: '10.0', java.version: '1.8.0_282'
Driver info: com.kms.katalon.core.appium.driver.SwipeableAndroidDriver
Capabilities {app: C:\Users\Testing\Desktop\ka..., appPackage: com.naposystems.napoleonchat, autoGrantPermissions: true, automationName: uiautomator2, chromedriverPort: 50803, databaseEnabled: false, desired: {app: C:\Users\Testing\Desktop\ka..., autoGrantPermissions: true, automationName: uiautomator2, chromedriverPort: 50803, deviceId: , deviceName: samsung SM-A107M (Android 11), fullReset: true, newCommandTimeout: 1800, noReset: false, platform: ANDROID, platformName: android, platformVersion: 11, systemPort: 50801, udid: R9WN40KBXDJ}, deviceApiLevel: 30, deviceId: , deviceManufacturer: samsung, deviceModel: SM-A107M, deviceName: R9WN40KBXDJ, deviceScreenDensity: 280, deviceScreenSize: 720x1520, deviceUDID: R9WN40KBXDJ, fullReset: true, javascriptEnabled: true, locationContextEnabled: false, networkConnectionEnabled: true, newCommandTimeout: 1800, noReset: false, pixelRatio: 1.75, platform: ANDROID, platformName: Android, platformVersion: 11, statBarHeight: 57, systemPort: 50801, takesScreenshot: true, udid: R9WN40KBXDJ, viewportRect: {height: 1324, left: 0, top: 57, width: 720}, warnings: {}, webStorageEnabled: false}
Session ID: e59ad47d-7b12-4d11-a6b6-2bfe44e776e5
	at org.openqa.selenium.remote.http.W3CHttpResponseCodec.createException(W3CHttpResponseCodec.java:187)
	at org.openqa.selenium.remote.http.W3CHttpResponseCodec.decode(W3CHttpResponseCodec.java:122)
	at org.openqa.selenium.remote.http.W3CHttpResponseCodec.decode(W3CHttpResponseCodec.java:49)
	at org.openqa.selenium.remote.HttpCommandExecutor.execute(HttpCommandExecutor.java:158)
	at io.appium.java_client.remote.AppiumCommandExecutor.execute(AppiumCommandExecutor.java:239)
	at org.openqa.selenium.remote.RemoteWebDriver.execute(RemoteWebDriver.java:552)
	at io.appium.java_client.DefaultGenericMobileDriver.execute(DefaultGenericMobileDriver.java:42)
	at io.appium.java_client.AppiumDriver.execute(AppiumDriver.java:1)
	at io.appium.java_client.android.AndroidDriver.execute(AndroidDriver.java:1)
	at com.kms.katalon.core.appium.driver.SwipeableAndroidDriver.execute(SwipeableAndroidDriver.java:1)
	at org.openqa.selenium.remote.RemoteWebElement.execute(RemoteWebElement.java:285)
	at io.appium.java_client.DefaultGenericMobileElement.execute(DefaultGenericMobileElement.java:45)
	at io.appium.java_client.MobileElement.execute(MobileElement.java:1)
	at io.appium.java_client.android.AndroidElement.execute(AndroidElement.java:1)
	at org.openqa.selenium.remote.RemoteWebElement.click(RemoteWebElement.java:84)
	at com.kms.katalon.core.mobile.keyword.builtin.TapKeyword$_tap_closure1.doCall(TapKeyword.groovy:82)
	at com.kms.katalon.core.mobile.keyword.builtin.TapKeyword$_tap_closure1.call(TapKeyword.groovy)
	at com.kms.katalon.core.mobile.keyword.internal.MobileKeywordMain.runKeyword(MobileKeywordMain.groovy:21)
	... 19 more]]></system-err>
      </testcase>
      <testcase name="Test Cases/Parte2/Chats/CPN218" time="26.257" classname="Test Cases/Parte2/Chats/CPN218" status="PASSED">
         <system-out><![CDATA[2023-09-22 14:58:03 - [TEST_CASE][PASSED] - Test Cases/Parte2/Chats/CPN218: Test Cases/Parte2/Chats/CPN218

2023-09-22 14:58:03 - [TEST_STEP][PASSED] - tap(findTestObject("Object Repository/Parte2/Ajustes cuenta/Chats/CPN218/android.widget.FrameLayout"), 0): Tapped on element 'Object Repository/Parte2/Ajustes cuenta/Chats/CPN218/android.widget.FrameLayout'

2023-09-22 14:58:03 - [MESSAGE][WARNING] - Timeout '0' is invalid. Using default page load timeout: '30'

2023-09-22 14:58:04 - [MESSAGE][PASSED] - Tapped on element 'Object Repository/Parte2/Ajustes cuenta/Chats/CPN218/android.widget.FrameLayout'

2023-09-22 14:58:04 - [TEST_STEP][PASSED] - tap(findTestObject("Object Repository/Parte2/Ajustes cuenta/Chats/CPN218/android.widget.LinearLayout"), 0): Tapped on element 'Object Repository/Parte2/Ajustes cuenta/Chats/CPN218/android.widget.LinearLayout'

2023-09-22 14:58:04 - [MESSAGE][WARNING] - Timeout '0' is invalid. Using default page load timeout: '30'

2023-09-22 14:58:05 - [MESSAGE][PASSED] - Tapped on element 'Object Repository/Parte2/Ajustes cuenta/Chats/CPN218/android.widget.LinearLayout'

2023-09-22 14:58:05 - [TEST_STEP][PASSED] - tap(findTestObject("Object Repository/Parte2/Ajustes cuenta/Chats/CPN218/android.widget.LinearLayout (1)"), 0): Tapped on element 'Object Repository/Parte2/Ajustes cuenta/Chats/CPN218/android.widget.LinearLayout (1)'

2023-09-22 14:58:05 - [MESSAGE][WARNING] - Timeout '0' is invalid. Using default page load timeout: '30'

2023-09-22 14:58:06 - [MESSAGE][PASSED] - Tapped on element 'Object Repository/Parte2/Ajustes cuenta/Chats/CPN218/android.widget.LinearLayout (1)'

2023-09-22 14:58:06 - [TEST_STEP][PASSED] - tap(findTestObject("Object Repository/Parte2/Ajustes cuenta/Chats/CPN218/android.widget.LinearLayout (2)"), 0): Tapped on element 'Object Repository/Parte2/Ajustes cuenta/Chats/CPN218/android.widget.LinearLayout (2)'

2023-09-22 14:58:06 - [MESSAGE][WARNING] - Timeout '0' is invalid. Using default page load timeout: '30'

2023-09-22 14:58:07 - [MESSAGE][PASSED] - Tapped on element 'Object Repository/Parte2/Ajustes cuenta/Chats/CPN218/android.widget.LinearLayout (2)'

2023-09-22 14:58:07 - [TEST_STEP][PASSED] - tap(findTestObject("Object Repository/Parte2/Ajustes cuenta/Chats/CPN218/android.widget.ImageButton"), 0): Tapped on element 'Object Repository/Parte2/Ajustes cuenta/Chats/CPN218/android.widget.ImageButton'

2023-09-22 14:58:07 - [MESSAGE][WARNING] - Timeout '0' is invalid. Using default page load timeout: '30'

2023-09-22 14:58:08 - [MESSAGE][PASSED] - Tapped on element 'Object Repository/Parte2/Ajustes cuenta/Chats/CPN218/android.widget.ImageButton'

2023-09-22 14:58:08 - [TEST_STEP][PASSED] - delay(3, STOP_ON_FAILURE): Delayed 3 second(s)

2023-09-22 14:58:11 - [MESSAGE][PASSED] - Delayed 3 second(s)

2023-09-22 14:58:11 - [TEST_STEP][PASSED] - tap(findTestObject("Object Repository/Parte2/Ajustes cuenta/Chats/CPN218/android.widget.LinearLayout (3)"), 0): Tapped on element 'Object Repository/Parte2/Ajustes cuenta/Chats/CPN218/android.widget.LinearLayout (3)'

2023-09-22 14:58:11 - [MESSAGE][WARNING] - Timeout '0' is invalid. Using default page load timeout: '30'

2023-09-22 14:58:11 - [MESSAGE][PASSED] - Tapped on element 'Object Repository/Parte2/Ajustes cuenta/Chats/CPN218/android.widget.LinearLayout (3)'

2023-09-22 14:58:11 - [TEST_STEP][PASSED] - tap(findTestObject("Object Repository/Parte2/Ajustes cuenta/Chats/CPN218/android.widget.FrameLayout (1)"), 0): Tapped on element 'Object Repository/Parte2/Ajustes cuenta/Chats/CPN218/android.widget.FrameLayout (1)'

2023-09-22 14:58:11 - [MESSAGE][WARNING] - Timeout '0' is invalid. Using default page load timeout: '30'

2023-09-22 14:58:12 - [MESSAGE][PASSED] - Tapped on element 'Object Repository/Parte2/Ajustes cuenta/Chats/CPN218/android.widget.FrameLayout (1)'

2023-09-22 14:58:12 - [TEST_STEP][PASSED] - delay(2, STOP_ON_FAILURE): Delayed 2 second(s)

2023-09-22 14:58:14 - [MESSAGE][PASSED] - Delayed 2 second(s)

2023-09-22 14:58:14 - [TEST_STEP][PASSED] - tap(findTestObject("Parte2/Ajustes cuenta/Chats/CPN218/android.widget.FrameLayout (1)"), 0): Tapped on element 'Object Repository/Parte2/Ajustes cuenta/Chats/CPN218/android.widget.FrameLayout (1)'

2023-09-22 14:58:14 - [MESSAGE][WARNING] - Timeout '0' is invalid. Using default page load timeout: '30'

2023-09-22 14:58:14 - [MESSAGE][PASSED] - Tapped on element 'Object Repository/Parte2/Ajustes cuenta/Chats/CPN218/android.widget.FrameLayout (1)'

2023-09-22 14:58:14 - [TEST_STEP][PASSED] - delay(2, STOP_ON_FAILURE): Delayed 2 second(s)

2023-09-22 14:58:16 - [MESSAGE][PASSED] - Delayed 2 second(s)

2023-09-22 14:58:16 - [TEST_STEP][PASSED] - tap(findTestObject("Parte2/Ajustes cuenta/Chats/CPN218/android.widget.FrameLayout (1)"), 0): Tapped on element 'Object Repository/Parte2/Ajustes cuenta/Chats/CPN218/android.widget.FrameLayout (1)'

2023-09-22 14:58:16 - [MESSAGE][WARNING] - Timeout '0' is invalid. Using default page load timeout: '30'

2023-09-22 14:58:16 - [MESSAGE][PASSED] - Tapped on element 'Object Repository/Parte2/Ajustes cuenta/Chats/CPN218/android.widget.FrameLayout (1)'

2023-09-22 14:58:16 - [TEST_STEP][PASSED] - delay(3, STOP_ON_FAILURE): Delayed 3 second(s)

2023-09-22 14:58:19 - [MESSAGE][PASSED] - Delayed 3 second(s)

2023-09-22 14:58:19 - [TEST_STEP][PASSED] - tap(findTestObject("Parte2/Ajustes cuenta/Chats/CPN218/android.widget.FrameLayout (1)"), 0): Tapped on element 'Object Repository/Parte2/Ajustes cuenta/Chats/CPN218/android.widget.FrameLayout (1)'

2023-09-22 14:58:20 - [MESSAGE][WARNING] - Timeout '0' is invalid. Using default page load timeout: '30'

2023-09-22 14:58:20 - [MESSAGE][PASSED] - Tapped on element 'Object Repository/Parte2/Ajustes cuenta/Chats/CPN218/android.widget.FrameLayout (1)'

2023-09-22 14:58:20 - [TEST_STEP][PASSED] - tap(findTestObject("Object Repository/Parte2/Ajustes cuenta/Chats/CPN218/android.widget.LinearLayout (4)"), 0): Tapped on element 'Object Repository/Parte2/Ajustes cuenta/Chats/CPN218/android.widget.LinearLayout (4)'

2023-09-22 14:58:20 - [MESSAGE][WARNING] - Timeout '0' is invalid. Using default page load timeout: '30'

2023-09-22 14:58:21 - [MESSAGE][PASSED] - Tapped on element 'Object Repository/Parte2/Ajustes cuenta/Chats/CPN218/android.widget.LinearLayout (4)'

2023-09-22 14:58:21 - [TEST_STEP][PASSED] - tap(findTestObject("Parte2/Ajustes cuenta/Chats/android.widget.Button"), 0): Tapped on element 'Object Repository/Parte2/Ajustes cuenta/Chats/android.widget.Button'

2023-09-22 14:58:21 - [MESSAGE][WARNING] - Timeout '0' is invalid. Using default page load timeout: '30'

2023-09-22 14:58:22 - [MESSAGE][PASSED] - Tapped on element 'Object Repository/Parte2/Ajustes cuenta/Chats/android.widget.Button'

2023-09-22 14:58:22 - [TEST_STEP][PASSED] - delay(3, STOP_ON_FAILURE): Delayed 3 second(s)

2023-09-22 14:58:25 - [MESSAGE][PASSED] - Delayed 3 second(s)

2023-09-22 14:58:25 - [TEST_STEP][PASSED] - pressBack(): Press back button successfully

2023-09-22 14:58:26 - [MESSAGE][PASSED] - Press back button successfully

2023-09-22 14:58:26 - [TEST_STEP][PASSED] - tap(findTestObject("Object Repository/Parte2/Ajustes cuenta/Chats/CPN218/android.widget.ImageButton (2)"), 0): Tapped on element 'Object Repository/Parte2/Ajustes cuenta/Chats/CPN218/android.widget.ImageButton (2)'

2023-09-22 14:58:26 - [MESSAGE][WARNING] - Timeout '0' is invalid. Using default page load timeout: '30'

2023-09-22 14:58:27 - [MESSAGE][PASSED] - Tapped on element 'Object Repository/Parte2/Ajustes cuenta/Chats/CPN218/android.widget.ImageButton (2)'

2023-09-22 14:58:27 - [TEST_STEP][PASSED] - tap(findTestObject("Object Repository/Parte2/Ajustes cuenta/Chats/CPN218/android.widget.FrameLayout (2)"), 0): Tapped on element 'Object Repository/Parte2/Ajustes cuenta/Chats/CPN218/android.widget.FrameLayout (2)'

2023-09-22 14:58:27 - [MESSAGE][WARNING] - Timeout '0' is invalid. Using default page load timeout: '30'

2023-09-22 14:58:29 - [MESSAGE][PASSED] - Tapped on element 'Object Repository/Parte2/Ajustes cuenta/Chats/CPN218/android.widget.FrameLayout (2)']]></system-out>
         <system-err><![CDATA[]]></system-err>
      </testcase>
      <testcase name="Test Cases/Parte2/Chats/CPN219" time="10.771" classname="Test Cases/Parte2/Chats/CPN219" status="PASSED">
         <system-out><![CDATA[2023-09-22 14:58:29 - [TEST_CASE][PASSED] - Test Cases/Parte2/Chats/CPN219: Test Cases/Parte2/Chats/CPN219

2023-09-22 14:58:29 - [TEST_STEP][PASSED] - tap(findTestObject("Object Repository/Parte2/Ajustes cuenta/Chats/CPN219/android.widget.FrameLayout"), 0): Tapped on element 'Object Repository/Parte2/Ajustes cuenta/Chats/CPN219/android.widget.FrameLayout'

2023-09-22 14:58:29 - [MESSAGE][WARNING] - Timeout '0' is invalid. Using default page load timeout: '30'

2023-09-22 14:58:30 - [MESSAGE][PASSED] - Tapped on element 'Object Repository/Parte2/Ajustes cuenta/Chats/CPN219/android.widget.FrameLayout'

2023-09-22 14:58:30 - [TEST_STEP][PASSED] - tap(findTestObject("Object Repository/Parte2/Ajustes cuenta/Chats/CPN219/android.widget.LinearLayout"), 0): Tapped on element 'Object Repository/Parte2/Ajustes cuenta/Chats/CPN219/android.widget.LinearLayout'

2023-09-22 14:58:30 - [MESSAGE][WARNING] - Timeout '0' is invalid. Using default page load timeout: '30'

2023-09-22 14:58:31 - [MESSAGE][PASSED] - Tapped on element 'Object Repository/Parte2/Ajustes cuenta/Chats/CPN219/android.widget.LinearLayout'

2023-09-22 14:58:31 - [TEST_STEP][PASSED] - tap(findTestObject("Object Repository/Parte2/Ajustes cuenta/Chats/CPN219/android.widget.LinearLayout (1)"), 0): Tapped on element 'Object Repository/Parte2/Ajustes cuenta/Chats/CPN219/android.widget.LinearLayout (1)'

2023-09-22 14:58:31 - [MESSAGE][WARNING] - Timeout '0' is invalid. Using default page load timeout: '30'

2023-09-22 14:58:31 - [MESSAGE][PASSED] - Tapped on element 'Object Repository/Parte2/Ajustes cuenta/Chats/CPN219/android.widget.LinearLayout (1)'

2023-09-22 14:58:31 - [TEST_STEP][PASSED] - tap(findTestObject("Object Repository/Parte2/Ajustes cuenta/Chats/CPN219/android.widget.LinearLayout (2)"), 0): Tapped on element 'Object Repository/Parte2/Ajustes cuenta/Chats/CPN219/android.widget.LinearLayout (2)'

2023-09-22 14:58:31 - [MESSAGE][WARNING] - Timeout '0' is invalid. Using default page load timeout: '30'

2023-09-22 14:58:32 - [MESSAGE][PASSED] - Tapped on element 'Object Repository/Parte2/Ajustes cuenta/Chats/CPN219/android.widget.LinearLayout (2)'

2023-09-22 14:58:32 - [TEST_STEP][PASSED] - tap(findTestObject("Object Repository/Parte2/Ajustes cuenta/Chats/CPN219/android.widget.ImageButton"), 0): Tapped on element 'Object Repository/Parte2/Ajustes cuenta/Chats/CPN219/android.widget.ImageButton'

2023-09-22 14:58:32 - [MESSAGE][WARNING] - Timeout '0' is invalid. Using default page load timeout: '30'

2023-09-22 14:58:33 - [MESSAGE][PASSED] - Tapped on element 'Object Repository/Parte2/Ajustes cuenta/Chats/CPN219/android.widget.ImageButton'

2023-09-22 14:58:33 - [TEST_STEP][PASSED] - delay(3, STOP_ON_FAILURE): Delayed 3 second(s)

2023-09-22 14:58:36 - [MESSAGE][PASSED] - Delayed 3 second(s)

2023-09-22 14:58:36 - [TEST_STEP][PASSED] - tap(findTestObject("Object Repository/Parte2/Ajustes cuenta/Chats/CPN219/android.widget.ImageButton (1)"), 0): Tapped on element 'Object Repository/Parte2/Ajustes cuenta/Chats/CPN219/android.widget.ImageButton (1)'

2023-09-22 14:58:36 - [MESSAGE][WARNING] - Timeout '0' is invalid. Using default page load timeout: '30'

2023-09-22 14:58:37 - [MESSAGE][PASSED] - Tapped on element 'Object Repository/Parte2/Ajustes cuenta/Chats/CPN219/android.widget.ImageButton (1)'

2023-09-22 14:58:37 - [TEST_STEP][PASSED] - tap(findTestObject("Parte2/Ajustes cuenta/Chats/CPN219/android.widget.ImageButton (2)"), 0): Tapped on element 'Object Repository/Parte2/Ajustes cuenta/Chats/CPN219/android.widget.ImageButton (2)'

2023-09-22 14:58:37 - [MESSAGE][WARNING] - Timeout '0' is invalid. Using default page load timeout: '30'

2023-09-22 14:58:38 - [MESSAGE][PASSED] - Tapped on element 'Object Repository/Parte2/Ajustes cuenta/Chats/CPN219/android.widget.ImageButton (2)'

2023-09-22 14:58:38 - [TEST_STEP][PASSED] - tap(findTestObject("Object Repository/Parte2/Ajustes cuenta/Chats/CPN219/android.widget.FrameLayout (1)"), 0): Tapped on element 'Object Repository/Parte2/Ajustes cuenta/Chats/CPN219/android.widget.FrameLayout (1)'

2023-09-22 14:58:38 - [MESSAGE][WARNING] - Timeout '0' is invalid. Using default page load timeout: '30'

2023-09-22 14:58:40 - [MESSAGE][PASSED] - Tapped on element 'Object Repository/Parte2/Ajustes cuenta/Chats/CPN219/android.widget.FrameLayout (1)']]></system-out>
         <system-err><![CDATA[]]></system-err>
      </testcase>
      <testcase name="Test Cases/Parte2/Chats/CPN220" time="10.567" classname="Test Cases/Parte2/Chats/CPN220" status="PASSED">
         <system-out><![CDATA[2023-09-22 14:58:40 - [TEST_CASE][PASSED] - Test Cases/Parte2/Chats/CPN220: Test Cases/Parte2/Chats/CPN220

2023-09-22 14:58:40 - [TEST_STEP][PASSED] - tap(findTestObject("Object Repository/Parte2/Ajustes cuenta/Chats/CPN220/android.widget.FrameLayout"), 0): Tapped on element 'Object Repository/Parte2/Ajustes cuenta/Chats/CPN220/android.widget.FrameLayout'

2023-09-22 14:58:40 - [MESSAGE][WARNING] - Timeout '0' is invalid. Using default page load timeout: '30'

2023-09-22 14:58:40 - [MESSAGE][PASSED] - Tapped on element 'Object Repository/Parte2/Ajustes cuenta/Chats/CPN220/android.widget.FrameLayout'

2023-09-22 14:58:40 - [TEST_STEP][PASSED] - tap(findTestObject("Object Repository/Parte2/Ajustes cuenta/Chats/CPN220/android.widget.LinearLayout"), 0): Tapped on element 'Object Repository/Parte2/Ajustes cuenta/Chats/CPN220/android.widget.LinearLayout'

2023-09-22 14:58:40 - [MESSAGE][WARNING] - Timeout '0' is invalid. Using default page load timeout: '30'

2023-09-22 14:58:41 - [MESSAGE][PASSED] - Tapped on element 'Object Repository/Parte2/Ajustes cuenta/Chats/CPN220/android.widget.LinearLayout'

2023-09-22 14:58:41 - [TEST_STEP][PASSED] - tap(findTestObject("Object Repository/Parte2/Ajustes cuenta/Chats/CPN220/android.widget.LinearLayout (1)"), 0): Tapped on element 'Object Repository/Parte2/Ajustes cuenta/Chats/CPN220/android.widget.LinearLayout (1)'

2023-09-22 14:58:41 - [MESSAGE][WARNING] - Timeout '0' is invalid. Using default page load timeout: '30'

2023-09-22 14:58:42 - [MESSAGE][PASSED] - Tapped on element 'Object Repository/Parte2/Ajustes cuenta/Chats/CPN220/android.widget.LinearLayout (1)'

2023-09-22 14:58:42 - [TEST_STEP][PASSED] - tap(findTestObject("Object Repository/Parte2/Ajustes cuenta/Chats/CPN220/android.widget.LinearLayout (2)"), 0): Tapped on element 'Object Repository/Parte2/Ajustes cuenta/Chats/CPN220/android.widget.LinearLayout (2)'

2023-09-22 14:58:42 - [MESSAGE][WARNING] - Timeout '0' is invalid. Using default page load timeout: '30'

2023-09-22 14:58:43 - [MESSAGE][PASSED] - Tapped on element 'Object Repository/Parte2/Ajustes cuenta/Chats/CPN220/android.widget.LinearLayout (2)'

2023-09-22 14:58:43 - [TEST_STEP][PASSED] - tap(findTestObject("Object Repository/Parte2/Ajustes cuenta/Chats/CPN220/android.widget.ImageButton"), 0): Tapped on element 'Object Repository/Parte2/Ajustes cuenta/Chats/CPN220/android.widget.ImageButton'

2023-09-22 14:58:43 - [MESSAGE][WARNING] - Timeout '0' is invalid. Using default page load timeout: '30'

2023-09-22 14:58:44 - [MESSAGE][PASSED] - Tapped on element 'Object Repository/Parte2/Ajustes cuenta/Chats/CPN220/android.widget.ImageButton'

2023-09-22 14:58:44 - [TEST_STEP][PASSED] - delay(3, STOP_ON_FAILURE): Delayed 3 second(s)

2023-09-22 14:58:47 - [MESSAGE][PASSED] - Delayed 3 second(s)

2023-09-22 14:58:47 - [TEST_STEP][PASSED] - tap(findTestObject("Parte2/Ajustes cuenta/Chats/android.widget.Button"), 0): Tapped on element 'Object Repository/Parte2/Ajustes cuenta/Chats/android.widget.Button'

2023-09-22 14:58:47 - [MESSAGE][WARNING] - Timeout '0' is invalid. Using default page load timeout: '30'

2023-09-22 14:58:47 - [MESSAGE][PASSED] - Tapped on element 'Object Repository/Parte2/Ajustes cuenta/Chats/android.widget.Button'

2023-09-22 14:58:47 - [TEST_STEP][PASSED] - pressBack(): Press back button successfully

2023-09-22 14:58:49 - [MESSAGE][PASSED] - Press back button successfully

2023-09-22 14:58:49 - [TEST_STEP][PASSED] - tap(findTestObject("Object Repository/Parte2/Ajustes cuenta/Chats/CPN220/android.widget.ImageButton (1)"), 0): Tapped on element 'Object Repository/Parte2/Ajustes cuenta/Chats/CPN220/android.widget.ImageButton (1)'

2023-09-22 14:58:49 - [MESSAGE][WARNING] - Timeout '0' is invalid. Using default page load timeout: '30'

2023-09-22 14:58:49 - [MESSAGE][PASSED] - Tapped on element 'Object Repository/Parte2/Ajustes cuenta/Chats/CPN220/android.widget.ImageButton (1)'

2023-09-22 14:58:49 - [TEST_STEP][PASSED] - tap(findTestObject("Object Repository/Parte2/Ajustes cuenta/Chats/CPN220/android.widget.FrameLayout (1)"), 0): Tapped on element 'Object Repository/Parte2/Ajustes cuenta/Chats/CPN220/android.widget.FrameLayout (1)'

2023-09-22 14:58:49 - [MESSAGE][WARNING] - Timeout '0' is invalid. Using default page load timeout: '30'

2023-09-22 14:58:50 - [MESSAGE][PASSED] - Tapped on element 'Object Repository/Parte2/Ajustes cuenta/Chats/CPN220/android.widget.FrameLayout (1)']]></system-out>
         <system-err><![CDATA[]]></system-err>
      </testcase>
      <testcase name="Test Cases/Parte2/Chats/CPN221" time="25.4" classname="Test Cases/Parte2/Chats/CPN221" status="PASSED">
         <system-out><![CDATA[2023-09-22 14:58:50 - [TEST_CASE][PASSED] - Test Cases/Parte2/Chats/CPN221: Test Cases/Parte2/Chats/CPN221

2023-09-22 14:58:51 - [TEST_STEP][PASSED] - tap(findTestObject("Object Repository/Parte2/Ajustes cuenta/Chats/CPN221/android.widget.FrameLayout"), 0): Tapped on element 'Object Repository/Parte2/Ajustes cuenta/Chats/CPN221/android.widget.FrameLayout'

2023-09-22 14:58:51 - [MESSAGE][WARNING] - Timeout '0' is invalid. Using default page load timeout: '30'

2023-09-22 14:58:52 - [MESSAGE][PASSED] - Tapped on element 'Object Repository/Parte2/Ajustes cuenta/Chats/CPN221/android.widget.FrameLayout'

2023-09-22 14:58:52 - [TEST_STEP][PASSED] - tap(findTestObject("Object Repository/Parte2/Ajustes cuenta/Chats/CPN221/android.widget.LinearLayout"), 0): Tapped on element 'Object Repository/Parte2/Ajustes cuenta/Chats/CPN221/android.widget.LinearLayout'

2023-09-22 14:58:52 - [MESSAGE][WARNING] - Timeout '0' is invalid. Using default page load timeout: '30'

2023-09-22 14:58:56 - [MESSAGE][PASSED] - Tapped on element 'Object Repository/Parte2/Ajustes cuenta/Chats/CPN221/android.widget.LinearLayout'

2023-09-22 14:58:56 - [TEST_STEP][PASSED] - tap(findTestObject("Object Repository/Parte2/Ajustes cuenta/Chats/CPN221/android.widget.LinearLayout (1)"), 0): Tapped on element 'Object Repository/Parte2/Ajustes cuenta/Chats/CPN221/android.widget.LinearLayout (1)'

2023-09-22 14:58:56 - [MESSAGE][WARNING] - Timeout '0' is invalid. Using default page load timeout: '30'

2023-09-22 14:58:56 - [MESSAGE][PASSED] - Tapped on element 'Object Repository/Parte2/Ajustes cuenta/Chats/CPN221/android.widget.LinearLayout (1)'

2023-09-22 14:58:56 - [TEST_STEP][PASSED] - tap(findTestObject("Object Repository/Parte2/Ajustes cuenta/Chats/CPN221/android.widget.LinearLayout (2)"), 0): Tapped on element 'Object Repository/Parte2/Ajustes cuenta/Chats/CPN221/android.widget.LinearLayout (2)'

2023-09-22 14:58:56 - [MESSAGE][WARNING] - Timeout '0' is invalid. Using default page load timeout: '30'

2023-09-22 14:58:57 - [MESSAGE][PASSED] - Tapped on element 'Object Repository/Parte2/Ajustes cuenta/Chats/CPN221/android.widget.LinearLayout (2)'

2023-09-22 14:58:57 - [TEST_STEP][PASSED] - tap(findTestObject("Object Repository/Parte2/Ajustes cuenta/Chats/CPN221/android.widget.ImageButton"), 0): Tapped on element 'Object Repository/Parte2/Ajustes cuenta/Chats/CPN221/android.widget.ImageButton'

2023-09-22 14:58:57 - [MESSAGE][WARNING] - Timeout '0' is invalid. Using default page load timeout: '30'

2023-09-22 14:58:58 - [MESSAGE][PASSED] - Tapped on element 'Object Repository/Parte2/Ajustes cuenta/Chats/CPN221/android.widget.ImageButton'

2023-09-22 14:58:58 - [TEST_STEP][PASSED] - delay(3, STOP_ON_FAILURE): Delayed 3 second(s)

2023-09-22 14:59:01 - [MESSAGE][PASSED] - Delayed 3 second(s)

2023-09-22 14:59:01 - [TEST_STEP][PASSED] - tap(findTestObject("Parte2/Ajustes cuenta/Chats/android.widget.Button"), 0): Tapped on element 'Object Repository/Parte2/Ajustes cuenta/Chats/android.widget.Button'

2023-09-22 14:59:01 - [MESSAGE][WARNING] - Timeout '0' is invalid. Using default page load timeout: '30'

2023-09-22 14:59:03 - [MESSAGE][PASSED] - Tapped on element 'Object Repository/Parte2/Ajustes cuenta/Chats/android.widget.Button'

2023-09-22 14:59:03 - [TEST_STEP][PASSED] - delay(2, STOP_ON_FAILURE): Delayed 2 second(s)

2023-09-22 14:59:05 - [MESSAGE][PASSED] - Delayed 2 second(s)

2023-09-22 14:59:05 - [TEST_STEP][PASSED] - tap(findTestObject("Object Repository/Parte2/Ajustes cuenta/Chats/CPN221/android.widget.Button - CANCELAR"), 0): Tapped on element 'Object Repository/Parte2/Ajustes cuenta/Chats/CPN221/android.widget.Button - CANCELAR'

2023-09-22 14:59:05 - [MESSAGE][WARNING] - Timeout '0' is invalid. Using default page load timeout: '30'

2023-09-22 14:59:05 - [MESSAGE][PASSED] - Tapped on element 'Object Repository/Parte2/Ajustes cuenta/Chats/CPN221/android.widget.Button - CANCELAR'

2023-09-22 14:59:05 - [TEST_STEP][PASSED] - tap(findTestObject("Object Repository/Parte2/Ajustes cuenta/Chats/CPN221/android.widget.ImageButton (1)"), 0): Tapped on element 'Object Repository/Parte2/Ajustes cuenta/Chats/CPN221/android.widget.ImageButton (1)'

2023-09-22 14:59:05 - [MESSAGE][WARNING] - Timeout '0' is invalid. Using default page load timeout: '30'

2023-09-22 14:59:06 - [MESSAGE][PASSED] - Tapped on element 'Object Repository/Parte2/Ajustes cuenta/Chats/CPN221/android.widget.ImageButton (1)'

2023-09-22 14:59:06 - [TEST_STEP][PASSED] - tap(findTestObject("Object Repository/Parte2/Ajustes cuenta/Chats/CPN221/android.widget.FrameLayout (1)"), 0): Tapped on element 'Object Repository/Parte2/Ajustes cuenta/Chats/CPN221/android.widget.FrameLayout (1)'

2023-09-22 14:59:06 - [MESSAGE][WARNING] - Timeout '0' is invalid. Using default page load timeout: '30'

2023-09-22 14:59:07 - [MESSAGE][PASSED] - Tapped on element 'Object Repository/Parte2/Ajustes cuenta/Chats/CPN221/android.widget.FrameLayout (1)'

2023-09-22 14:59:07 - [TEST_STEP][PASSED] - delay(2, STOP_ON_FAILURE): Delayed 2 second(s)

2023-09-22 14:59:09 - [MESSAGE][PASSED] - Delayed 2 second(s)

2023-09-22 14:59:09 - [TEST_STEP][PASSED] - tap(findTestObject("Object Repository/Parte2/Ajustes cuenta/Chats/CPN221/android.widget.FrameLayout (2)"), 0): Tapped on element 'Object Repository/Parte2/Ajustes cuenta/Chats/CPN221/android.widget.FrameLayout (2)'

2023-09-22 14:59:09 - [MESSAGE][WARNING] - Timeout '0' is invalid. Using default page load timeout: '30'

2023-09-22 14:59:09 - [MESSAGE][PASSED] - Tapped on element 'Object Repository/Parte2/Ajustes cuenta/Chats/CPN221/android.widget.FrameLayout (2)'

2023-09-22 14:59:09 - [TEST_STEP][PASSED] - tap(findTestObject("Object Repository/Parte2/Ajustes cuenta/Chats/CPN221/android.view.ViewGroup"), 0): Tapped on element 'Object Repository/Parte2/Ajustes cuenta/Chats/CPN221/android.view.ViewGroup'

2023-09-22 14:59:09 - [MESSAGE][WARNING] - Timeout '0' is invalid. Using default page load timeout: '30'

2023-09-22 14:59:10 - [MESSAGE][PASSED] - Tapped on element 'Object Repository/Parte2/Ajustes cuenta/Chats/CPN221/android.view.ViewGroup'

2023-09-22 14:59:10 - [TEST_STEP][PASSED] - delay(4, STOP_ON_FAILURE): Delayed 4 second(s)

2023-09-22 14:59:14 - [MESSAGE][PASSED] - Delayed 4 second(s)

2023-09-22 14:59:14 - [TEST_STEP][PASSED] - tap(findTestObject("Object Repository/Parte2/Ajustes cuenta/Chats/CPN221/android.widget.ImageButton (2)"), 0): Tapped on element 'Object Repository/Parte2/Ajustes cuenta/Chats/CPN221/android.widget.ImageButton (2)'

2023-09-22 14:59:14 - [MESSAGE][WARNING] - Timeout '0' is invalid. Using default page load timeout: '30'

2023-09-22 14:59:15 - [MESSAGE][PASSED] - Tapped on element 'Object Repository/Parte2/Ajustes cuenta/Chats/CPN221/android.widget.ImageButton (2)'

2023-09-22 14:59:15 - [TEST_STEP][PASSED] - tap(findTestObject("Object Repository/Parte2/Ajustes cuenta/Chats/CPN221/android.widget.FrameLayout (3)"), 0): Tapped on element 'Object Repository/Parte2/Ajustes cuenta/Chats/CPN221/android.widget.FrameLayout (3)'

2023-09-22 14:59:15 - [MESSAGE][WARNING] - Timeout '0' is invalid. Using default page load timeout: '30'

2023-09-22 14:59:16 - [MESSAGE][PASSED] - Tapped on element 'Object Repository/Parte2/Ajustes cuenta/Chats/CPN221/android.widget.FrameLayout (3)']]></system-out>
         <system-err><![CDATA[]]></system-err>
      </testcase>
      <testcase name="Test Cases/Parte2/Chats/CPN222" time="27.136" classname="Test Cases/Parte2/Chats/CPN222" status="PASSED">
         <system-out><![CDATA[2023-09-22 14:59:16 - [TEST_CASE][PASSED] - Test Cases/Parte2/Chats/CPN222: Test Cases/Parte2/Chats/CPN222

2023-09-22 14:59:16 - [TEST_STEP][PASSED] - tap(findTestObject("Object Repository/Parte2/Ajustes cuenta/Chats/CPN222/android.widget.FrameLayout"), 0): Tapped on element 'Object Repository/Parte2/Ajustes cuenta/Chats/CPN222/android.widget.FrameLayout'

2023-09-22 14:59:16 - [MESSAGE][WARNING] - Timeout '0' is invalid. Using default page load timeout: '30'

2023-09-22 14:59:17 - [MESSAGE][PASSED] - Tapped on element 'Object Repository/Parte2/Ajustes cuenta/Chats/CPN222/android.widget.FrameLayout'

2023-09-22 14:59:17 - [TEST_STEP][PASSED] - tap(findTestObject("Object Repository/Parte2/Ajustes cuenta/Chats/CPN222/android.widget.LinearLayout"), 0): Tapped on element 'Object Repository/Parte2/Ajustes cuenta/Chats/CPN222/android.widget.LinearLayout'

2023-09-22 14:59:17 - [MESSAGE][WARNING] - Timeout '0' is invalid. Using default page load timeout: '30'

2023-09-22 14:59:18 - [MESSAGE][PASSED] - Tapped on element 'Object Repository/Parte2/Ajustes cuenta/Chats/CPN222/android.widget.LinearLayout'

2023-09-22 14:59:18 - [TEST_STEP][PASSED] - tap(findTestObject("Object Repository/Parte2/Ajustes cuenta/Chats/CPN222/android.widget.LinearLayout (1)"), 0): Tapped on element 'Object Repository/Parte2/Ajustes cuenta/Chats/CPN222/android.widget.LinearLayout (1)'

2023-09-22 14:59:18 - [MESSAGE][WARNING] - Timeout '0' is invalid. Using default page load timeout: '30'

2023-09-22 14:59:19 - [MESSAGE][PASSED] - Tapped on element 'Object Repository/Parte2/Ajustes cuenta/Chats/CPN222/android.widget.LinearLayout (1)'

2023-09-22 14:59:19 - [TEST_STEP][PASSED] - tap(findTestObject("Object Repository/Parte2/Ajustes cuenta/Chats/CPN222/android.widget.LinearLayout (2)"), 0): Tapped on element 'Object Repository/Parte2/Ajustes cuenta/Chats/CPN222/android.widget.LinearLayout (2)'

2023-09-22 14:59:19 - [MESSAGE][WARNING] - Timeout '0' is invalid. Using default page load timeout: '30'

2023-09-22 14:59:20 - [MESSAGE][PASSED] - Tapped on element 'Object Repository/Parte2/Ajustes cuenta/Chats/CPN222/android.widget.LinearLayout (2)'

2023-09-22 14:59:20 - [TEST_STEP][PASSED] - tap(findTestObject("Object Repository/Parte2/Ajustes cuenta/Chats/CPN222/android.widget.ImageButton"), 0): Tapped on element 'Object Repository/Parte2/Ajustes cuenta/Chats/CPN222/android.widget.ImageButton'

2023-09-22 14:59:20 - [MESSAGE][WARNING] - Timeout '0' is invalid. Using default page load timeout: '30'

2023-09-22 14:59:21 - [MESSAGE][PASSED] - Tapped on element 'Object Repository/Parte2/Ajustes cuenta/Chats/CPN222/android.widget.ImageButton'

2023-09-22 14:59:21 - [TEST_STEP][PASSED] - delay(3, STOP_ON_FAILURE): Delayed 3 second(s)

2023-09-22 14:59:24 - [MESSAGE][PASSED] - Delayed 3 second(s)

2023-09-22 14:59:24 - [TEST_STEP][PASSED] - tap(findTestObject("Parte2/Ajustes cuenta/Chats/android.widget.Button"), 0): Tapped on element 'Object Repository/Parte2/Ajustes cuenta/Chats/android.widget.Button'

2023-09-22 14:59:25 - [MESSAGE][WARNING] - Timeout '0' is invalid. Using default page load timeout: '30'

2023-09-22 14:59:26 - [MESSAGE][PASSED] - Tapped on element 'Object Repository/Parte2/Ajustes cuenta/Chats/android.widget.Button'

2023-09-22 14:59:26 - [TEST_STEP][PASSED] - tap(findTestObject("Object Repository/Parte2/Ajustes cuenta/Chats/CPN222/android.widget.Button - ACEPTAR"), 0): Tapped on element 'Object Repository/Parte2/Ajustes cuenta/Chats/CPN222/android.widget.Button - ACEPTAR'

2023-09-22 14:59:26 - [MESSAGE][WARNING] - Timeout '0' is invalid. Using default page load timeout: '30'

2023-09-22 14:59:26 - [MESSAGE][PASSED] - Tapped on element 'Object Repository/Parte2/Ajustes cuenta/Chats/CPN222/android.widget.Button - ACEPTAR'

2023-09-22 14:59:26 - [TEST_STEP][PASSED] - delay(3, STOP_ON_FAILURE): Delayed 3 second(s)

2023-09-22 14:59:29 - [MESSAGE][PASSED] - Delayed 3 second(s)

2023-09-22 14:59:29 - [TEST_STEP][PASSED] - tap(findTestObject("Object Repository/Parte2/Ajustes cuenta/Chats/CPN222/android.widget.ImageButton (1)"), 0): Tapped on element 'Object Repository/Parte2/Ajustes cuenta/Chats/CPN222/android.widget.ImageButton (1)'

2023-09-22 14:59:29 - [MESSAGE][WARNING] - Timeout '0' is invalid. Using default page load timeout: '30'

2023-09-22 14:59:30 - [MESSAGE][PASSED] - Tapped on element 'Object Repository/Parte2/Ajustes cuenta/Chats/CPN222/android.widget.ImageButton (1)'

2023-09-22 14:59:30 - [TEST_STEP][PASSED] - tap(findTestObject("Object Repository/Parte2/Ajustes cuenta/Chats/CPN222/android.widget.FrameLayout (1)"), 0): Tapped on element 'Object Repository/Parte2/Ajustes cuenta/Chats/CPN222/android.widget.FrameLayout (1)'

2023-09-22 14:59:30 - [MESSAGE][WARNING] - Timeout '0' is invalid. Using default page load timeout: '30'

2023-09-22 14:59:31 - [MESSAGE][PASSED] - Tapped on element 'Object Repository/Parte2/Ajustes cuenta/Chats/CPN222/android.widget.FrameLayout (1)'

2023-09-22 14:59:31 - [TEST_STEP][PASSED] - delay(2, STOP_ON_FAILURE): Delayed 2 second(s)

2023-09-22 14:59:33 - [MESSAGE][PASSED] - Delayed 2 second(s)

2023-09-22 14:59:33 - [TEST_STEP][PASSED] - tap(findTestObject("Object Repository/Parte2/Ajustes cuenta/Chats/CPN222/android.widget.FrameLayout (2)"), 0): Tapped on element 'Object Repository/Parte2/Ajustes cuenta/Chats/CPN222/android.widget.FrameLayout (2)'

2023-09-22 14:59:33 - [MESSAGE][WARNING] - Timeout '0' is invalid. Using default page load timeout: '30'

2023-09-22 14:59:33 - [MESSAGE][PASSED] - Tapped on element 'Object Repository/Parte2/Ajustes cuenta/Chats/CPN222/android.widget.FrameLayout (2)'

2023-09-22 14:59:33 - [TEST_STEP][PASSED] - tap(findTestObject("Object Repository/Parte2/Ajustes cuenta/Chats/CPN222/android.view.ViewGroup"), 0): Tapped on element 'Object Repository/Parte2/Ajustes cuenta/Chats/CPN222/android.view.ViewGroup'

2023-09-22 14:59:33 - [MESSAGE][WARNING] - Timeout '0' is invalid. Using default page load timeout: '30'

2023-09-22 14:59:34 - [MESSAGE][PASSED] - Tapped on element 'Object Repository/Parte2/Ajustes cuenta/Chats/CPN222/android.view.ViewGroup'

2023-09-22 14:59:34 - [TEST_STEP][PASSED] - verifyElementVisible(findTestObject("Object Repository/Parte2/Ajustes cuenta/Chats/CPN222/androidx.recyclerview.widget.RecyclerView"), 0): Element 'Object Repository/Parte2/Ajustes cuenta/Chats/CPN222/androidx.recyclerview.widget.RecyclerView' is visible

2023-09-22 14:59:34 - [MESSAGE][WARNING] - Timeout '0' is invalid. Using default page load timeout: '30'

2023-09-22 14:59:35 - [MESSAGE][PASSED] - Element 'Object Repository/Parte2/Ajustes cuenta/Chats/CPN222/androidx.recyclerview.widget.RecyclerView' is visible

2023-09-22 14:59:35 - [TEST_STEP][PASSED] - delay(4, STOP_ON_FAILURE): Delayed 4 second(s)

2023-09-22 14:59:39 - [MESSAGE][PASSED] - Delayed 4 second(s)

2023-09-22 14:59:39 - [TEST_STEP][PASSED] - tap(findTestObject("Object Repository/Parte2/Ajustes cuenta/Chats/CPN222/android.widget.ImageButton (2)"), 0): Tapped on element 'Object Repository/Parte2/Ajustes cuenta/Chats/CPN222/android.widget.ImageButton (2)'

2023-09-22 14:59:39 - [MESSAGE][WARNING] - Timeout '0' is invalid. Using default page load timeout: '30'

2023-09-22 14:59:40 - [MESSAGE][PASSED] - Tapped on element 'Object Repository/Parte2/Ajustes cuenta/Chats/CPN222/android.widget.ImageButton (2)'

2023-09-22 14:59:40 - [TEST_STEP][PASSED] - tap(findTestObject("Object Repository/Parte2/Ajustes cuenta/Chats/CPN222/android.widget.FrameLayout (3)"), 0): Tapped on element 'Object Repository/Parte2/Ajustes cuenta/Chats/CPN222/android.widget.FrameLayout (3)'

2023-09-22 14:59:40 - [MESSAGE][WARNING] - Timeout '0' is invalid. Using default page load timeout: '30'

2023-09-22 14:59:41 - [MESSAGE][PASSED] - Tapped on element 'Object Repository/Parte2/Ajustes cuenta/Chats/CPN222/android.widget.FrameLayout (3)'

2023-09-22 14:59:41 - [TEST_STEP][PASSED] - delay(2, STOP_ON_FAILURE): Delayed 2 second(s)

2023-09-22 14:59:43 - [MESSAGE][PASSED] - Delayed 2 second(s)]]></system-out>
         <system-err><![CDATA[]]></system-err>
      </testcase>
      <testcase name="Test Cases/Parte2/Chats/CPN223" time="11.298" classname="Test Cases/Parte2/Chats/CPN223" status="PASSED">
         <system-out><![CDATA[2023-09-22 14:59:43 - [TEST_CASE][PASSED] - Test Cases/Parte2/Chats/CPN223: Test Cases/Parte2/Chats/CPN223

2023-09-22 14:59:43 - [TEST_STEP][PASSED] - tap(findTestObject("Object Repository/Parte2/Ajustes cuenta/Chats/CPN223/android.widget.FrameLayout"), 0): Tapped on element 'Object Repository/Parte2/Ajustes cuenta/Chats/CPN223/android.widget.FrameLayout'

2023-09-22 14:59:43 - [MESSAGE][WARNING] - Timeout '0' is invalid. Using default page load timeout: '30'

2023-09-22 14:59:43 - [MESSAGE][PASSED] - Tapped on element 'Object Repository/Parte2/Ajustes cuenta/Chats/CPN223/android.widget.FrameLayout'

2023-09-22 14:59:43 - [TEST_STEP][PASSED] - tap(findTestObject("Object Repository/Parte2/Ajustes cuenta/Chats/CPN223/android.widget.LinearLayout (1)"), 0): Tapped on element 'Object Repository/Parte2/Ajustes cuenta/Chats/CPN223/android.widget.LinearLayout (1)'

2023-09-22 14:59:43 - [MESSAGE][WARNING] - Timeout '0' is invalid. Using default page load timeout: '30'

2023-09-22 14:59:44 - [MESSAGE][PASSED] - Tapped on element 'Object Repository/Parte2/Ajustes cuenta/Chats/CPN223/android.widget.LinearLayout (1)'

2023-09-22 14:59:44 - [TEST_STEP][PASSED] - tap(findTestObject("Object Repository/Parte2/Ajustes cuenta/Chats/CPN223/android.widget.LinearLayout (2)"), 0): Tapped on element 'Object Repository/Parte2/Ajustes cuenta/Chats/CPN223/android.widget.LinearLayout (2)'

2023-09-22 14:59:44 - [MESSAGE][WARNING] - Timeout '0' is invalid. Using default page load timeout: '30'

2023-09-22 14:59:45 - [MESSAGE][PASSED] - Tapped on element 'Object Repository/Parte2/Ajustes cuenta/Chats/CPN223/android.widget.LinearLayout (2)'

2023-09-22 14:59:45 - [TEST_STEP][PASSED] - tap(findTestObject("Parte2/Ajustes cuenta/Chats/CPN223/android.widget.LinearLayout"), 0): Tapped on element 'Object Repository/Parte2/Ajustes cuenta/Chats/CPN223/android.widget.LinearLayout'

2023-09-22 14:59:45 - [MESSAGE][WARNING] - Timeout '0' is invalid. Using default page load timeout: '30'

2023-09-22 14:59:46 - [MESSAGE][PASSED] - Tapped on element 'Object Repository/Parte2/Ajustes cuenta/Chats/CPN223/android.widget.LinearLayout'

2023-09-22 14:59:46 - [TEST_STEP][PASSED] - delay(2, STOP_ON_FAILURE): Delayed 2 second(s)

2023-09-22 14:59:48 - [MESSAGE][PASSED] - Delayed 2 second(s)

2023-09-22 14:59:48 - [TEST_STEP][PASSED] - tap(findTestObject("Object Repository/Parte2/Ajustes cuenta/Chats/CPN223/android.widget.ImageView (2)"), 0): Tapped on element 'Object Repository/Parte2/Ajustes cuenta/Chats/CPN223/android.widget.ImageView (2)'

2023-09-22 14:59:48 - [MESSAGE][WARNING] - Timeout '0' is invalid. Using default page load timeout: '30'

2023-09-22 14:59:48 - [MESSAGE][PASSED] - Tapped on element 'Object Repository/Parte2/Ajustes cuenta/Chats/CPN223/android.widget.ImageView (2)'

2023-09-22 14:59:48 - [TEST_STEP][PASSED] - tap(findTestObject("Object Repository/Parte2/Ajustes cuenta/Chats/CPN223/android.widget.ImageView (3)"), 0): Tapped on element 'Object Repository/Parte2/Ajustes cuenta/Chats/CPN223/android.widget.ImageView (3)'

2023-09-22 14:59:48 - [MESSAGE][WARNING] - Timeout '0' is invalid. Using default page load timeout: '30'

2023-09-22 14:59:50 - [MESSAGE][PASSED] - Tapped on element 'Object Repository/Parte2/Ajustes cuenta/Chats/CPN223/android.widget.ImageView (3)'

2023-09-22 14:59:50 - [TEST_STEP][PASSED] - delay(2, STOP_ON_FAILURE): Delayed 2 second(s)

2023-09-22 14:59:52 - [MESSAGE][PASSED] - Delayed 2 second(s)

2023-09-22 14:59:52 - [TEST_STEP][PASSED] - tap(findTestObject("Object Repository/Parte2/Ajustes cuenta/Chats/CPN223/android.widget.ImageButton"), 0): Tapped on element 'Object Repository/Parte2/Ajustes cuenta/Chats/CPN223/android.widget.ImageButton'

2023-09-22 14:59:52 - [MESSAGE][WARNING] - Timeout '0' is invalid. Using default page load timeout: '30'

2023-09-22 14:59:52 - [MESSAGE][PASSED] - Tapped on element 'Object Repository/Parte2/Ajustes cuenta/Chats/CPN223/android.widget.ImageButton'

2023-09-22 14:59:52 - [TEST_STEP][PASSED] - tap(findTestObject("Object Repository/Parte2/Ajustes cuenta/Chats/CPN223/android.widget.ImageButton (1)"), 0): Tapped on element 'Object Repository/Parte2/Ajustes cuenta/Chats/CPN223/android.widget.ImageButton (1)'

2023-09-22 14:59:52 - [MESSAGE][WARNING] - Timeout '0' is invalid. Using default page load timeout: '30'

2023-09-22 14:59:54 - [MESSAGE][PASSED] - Tapped on element 'Object Repository/Parte2/Ajustes cuenta/Chats/CPN223/android.widget.ImageButton (1)'

2023-09-22 14:59:54 - [TEST_STEP][PASSED] - tap(findTestObject("Object Repository/Parte2/Ajustes cuenta/Chats/CPN223/android.widget.FrameLayout (1)"), 0): Tapped on element 'Object Repository/Parte2/Ajustes cuenta/Chats/CPN223/android.widget.FrameLayout (1)'

2023-09-22 14:59:54 - [MESSAGE][WARNING] - Timeout '0' is invalid. Using default page load timeout: '30'

2023-09-22 14:59:54 - [MESSAGE][PASSED] - Tapped on element 'Object Repository/Parte2/Ajustes cuenta/Chats/CPN223/android.widget.FrameLayout (1)']]></system-out>
         <system-err><![CDATA[]]></system-err>
      </testcase>
      <system-out><![CDATA[2023-09-22 14:52:31 - [TEST_SUITE][FAILED] - Recuperar cuenta: Test Cases/Parte2/Chats/CPN217 FAILED.
Reason:
com.kms.katalon.core.exception.StepFailedException: Failed to tap on element 'Object Repository/Parte2/Ajustes cuenta/Chats/CPN217/android.widget.FrameLayout' (Root cause: org.openqa.selenium.StaleElementReferenceException: Cached elements 'By.xpath: //*[@class = 'android.widget.FrameLayout' and @resource-id = 'com.naposystems.napoleonchat:id/profileFragment' and (@text = '' or . = '')]' do not exist in DOM anymore
For documentation on this error, please visit: https://www.seleniumhq.org/exceptions/stale_element_reference.html
Build info: version: '3.141.59', revision: 'e82be7d358', time: '2018-11-14T08:25:53'
System info: host: 'DESKTOP-OBIGNLU', ip: '192.168.1.6', os.name: 'Windows 10', os.arch: 'amd64', os.version: '10.0', java.version: '1.8.0_282'
Driver info: com.kms.katalon.core.appium.driver.SwipeableAndroidDriver
Capabilities {app: C:\Users\Testing\Desktop\ka..., appPackage: com.naposystems.napoleonchat, autoGrantPermissions: true, automationName: uiautomator2, chromedriverPort: 50803, databaseEnabled: false, desired: {app: C:\Users\Testing\Desktop\ka..., autoGrantPermissions: true, automationName: uiautomator2, chromedriverPort: 50803, deviceId: , deviceName: samsung SM-A107M (Android 11), fullReset: true, newCommandTimeout: 1800, noReset: false, platform: ANDROID, platformName: android, platformVersion: 11, systemPort: 50801, udid: R9WN40KBXDJ}, deviceApiLevel: 30, deviceId: , deviceManufacturer: samsung, deviceModel: SM-A107M, deviceName: R9WN40KBXDJ, deviceScreenDensity: 280, deviceScreenSize: 720x1520, deviceUDID: R9WN40KBXDJ, fullReset: true, javascriptEnabled: true, locationContextEnabled: false, networkConnectionEnabled: true, newCommandTimeout: 1800, noReset: false, pixelRatio: 1.75, platform: ANDROID, platformName: Android, platformVersion: 11, statBarHeight: 57, systemPort: 50801, takesScreenshot: true, udid: R9WN40KBXDJ, viewportRect: {height: 1324, left: 0, top: 57, width: 720}, warnings: {}, webStorageEnabled: false}
Session ID: e59ad47d-7b12-4d11-a6b6-2bfe44e776e5
	at org.openqa.selenium.remote.http.W3CHttpResponseCodec.createException(W3CHttpResponseCodec.java:187)
	at org.openqa.selenium.remote.http.W3CHttpResponseCodec.decode(W3CHttpResponseCodec.java:122)
	at org.openqa.selenium.remote.http.W3CHttpResponseCodec.decode(W3CHttpResponseCodec.java:49)
	at org.openqa.selenium.remote.HttpCommandExecutor.execute(HttpCommandExecutor.java:158)
	at io.appium.java_client.remote.AppiumCommandExecutor.execute(AppiumCommandExecutor.java:239)
	at org.openqa.selenium.remote.RemoteWebDriver.execute(RemoteWebDriver.java:552)
	at io.appium.java_client.DefaultGenericMobileDriver.execute(DefaultGenericMobileDriver.java:42)
	at io.appium.java_client.AppiumDriver.execute(AppiumDriver.java:1)
	at io.appium.java_client.android.AndroidDriver.execute(AndroidDriver.java:1)
	at com.kms.katalon.core.appium.driver.SwipeableAndroidDriver.execute(SwipeableAndroidDriver.java:1)
	at org.openqa.selenium.remote.RemoteWebElement.execute(RemoteWebElement.java:285)
	at io.appium.java_client.DefaultGenericMobileElement.execute(DefaultGenericMobileElement.java:45)
	at io.appium.java_client.MobileElement.execute(MobileElement.java:1)
	at io.appium.java_client.android.AndroidElement.execute(AndroidElement.java:1)
	at org.openqa.selenium.remote.RemoteWebElement.click(RemoteWebElement.java:84)
	at com.kms.katalon.core.mobile.keyword.builtin.TapKeyword$_tap_closure1.doCall(TapKeyword.groovy:82)
	at com.kms.katalon.core.mobile.keyword.builtin.TapKeyword$_tap_closure1.call(TapKeyword.groovy)
	at com.kms.katalon.core.mobile.keyword.internal.MobileKeywordMain.runKeyword(MobileKeywordMain.groovy:21)
	at com.kms.katalon.core.mobile.keyword.builtin.TapKeyword.tap(TapKeyword.groovy:84)
	at com.kms.katalon.core.mobile.keyword.builtin.TapKeyword.execute(TapKeyword.groovy:68)
	at com.kms.katalon.core.keyword.internal.KeywordExecutor.executeKeywordForPlatform(KeywordExecutor.groovy:74)
	at com.kms.katalon.core.mobile.keyword.MobileBuiltInKeywords.tap(MobileBuiltInKeywords.groovy:1490)
	at com.kms.katalon.core.mobile.keyword.MobileBuiltInKeywords$tap$0.call(Unknown Source)
	at CPN217.run(CPN217:20)
	at com.kms.katalon.core.main.ScriptEngine.run(ScriptEngine.java:194)
	at com.kms.katalon.core.main.ScriptEngine.runScriptAsRawText(ScriptEngine.java:119)
	at com.kms.katalon.core.main.TestCaseExecutor.runScript(TestCaseExecutor.java:448)
	at com.kms.katalon.core.main.TestCaseExecutor.doExecute(TestCaseExecutor.java:439)
	at com.kms.katalon.core.main.TestCaseExecutor.processExecutionPhase(TestCaseExecutor.java:418)
	at com.kms.katalon.core.main.TestCaseExecutor.accessMainPhase(TestCaseExecutor.java:410)
	at com.kms.katalon.core.main.TestCaseExecutor.execute(TestCaseExecutor.java:285)
	at com.kms.katalon.core.common.CommonExecutor.accessTestCaseMainPhase(CommonExecutor.java:65)
	at com.kms.katalon.core.main.TestSuiteExecutor.accessTestSuiteMainPhase(TestSuiteExecutor.java:148)
	at com.kms.katalon.core.main.TestSuiteExecutor.execute(TestSuiteExecutor.java:106)
	at com.kms.katalon.core.main.TestCaseMain.startTestSuite(TestCaseMain.java:187)
	at com.kms.katalon.core.main.TestCaseMain$startTestSuite$0.call(Unknown Source)
	at TempTestSuite1695412343905.run(TempTestSuite1695412343905.groovy:36)
)
	at com.kms.katalon.core.keyword.internal.KeywordMain.stepFailed(KeywordMain.groovy:51)
	at com.kms.katalon.core.mobile.keyword.internal.MobileKeywordMain.stepFailed(MobileKeywordMain.groovy:40)
	at com.kms.katalon.core.mobile.keyword.internal.MobileKeywordMain.runKeyword(MobileKeywordMain.groovy:23)
	at com.kms.katalon.core.mobile.keyword.builtin.TapKeyword.tap(TapKeyword.groovy:84)
	at com.kms.katalon.core.mobile.keyword.builtin.TapKeyword.execute(TapKeyword.groovy:68)
	at com.kms.katalon.core.keyword.internal.KeywordExecutor.executeKeywordForPlatform(KeywordExecutor.groovy:74)
	at com.kms.katalon.core.mobile.keyword.MobileBuiltInKeywords.tap(MobileBuiltInKeywords.groovy:1490)
	at com.kms.katalon.core.mobile.keyword.MobileBuiltInKeywords$tap$0.call(Unknown Source)
	at CPN217.run(CPN217:20)
	at com.kms.katalon.core.main.ScriptEngine.run(ScriptEngine.java:194)
	at com.kms.katalon.core.main.ScriptEngine.runScriptAsRawText(ScriptEngine.java:119)
	at com.kms.katalon.core.main.TestCaseExecutor.runScript(TestCaseExecutor.java:448)
	at com.kms.katalon.core.main.TestCaseExecutor.doExecute(TestCaseExecutor.java:439)
	at com.kms.katalon.core.main.TestCaseExecutor.processExecutionPhase(TestCaseExecutor.java:418)
	at com.kms.katalon.core.main.TestCaseExecutor.accessMainPhase(TestCaseExecutor.java:410)
	at com.kms.katalon.core.main.TestCaseExecutor.execute(TestCaseExecutor.java:285)
	at com.kms.katalon.core.common.CommonExecutor.accessTestCaseMainPhase(CommonExecutor.java:65)
	at com.kms.katalon.core.main.TestSuiteExecutor.accessTestSuiteMainPhase(TestSuiteExecutor.java:148)
	at com.kms.katalon.core.main.TestSuiteExecutor.execute(TestSuiteExecutor.java:106)
	at com.kms.katalon.core.main.TestCaseMain.startTestSuite(TestCaseMain.java:187)
	at com.kms.katalon.core.main.TestCaseMain$startTestSuite$0.call(Unknown Source)
	at TempTestSuite1695412343905.run(TempTestSuite1695412343905.groovy:36)
Caused by: org.openqa.selenium.StaleElementReferenceException: Cached elements 'By.xpath: //*[@class = 'android.widget.FrameLayout' and @resource-id = 'com.naposystems.napoleonchat:id/profileFragment' and (@text = '' or . = '')]' do not exist in DOM anymore
For documentation on this error, please visit: https://www.seleniumhq.org/exceptions/stale_element_reference.html
Build info: version: '3.141.59', revision: 'e82be7d358', time: '2018-11-14T08:25:53'
System info: host: 'DESKTOP-OBIGNLU', ip: '192.168.1.6', os.name: 'Windows 10', os.arch: 'amd64', os.version: '10.0', java.version: '1.8.0_282'
Driver info: com.kms.katalon.core.appium.driver.SwipeableAndroidDriver
Capabilities {app: C:\Users\Testing\Desktop\ka..., appPackage: com.naposystems.napoleonchat, autoGrantPermissions: true, automationName: uiautomator2, chromedriverPort: 50803, databaseEnabled: false, desired: {app: C:\Users\Testing\Desktop\ka..., autoGrantPermissions: true, automationName: uiautomator2, chromedriverPort: 50803, deviceId: , deviceName: samsung SM-A107M (Android 11), fullReset: true, newCommandTimeout: 1800, noReset: false, platform: ANDROID, platformName: android, platformVersion: 11, systemPort: 50801, udid: R9WN40KBXDJ}, deviceApiLevel: 30, deviceId: , deviceManufacturer: samsung, deviceModel: SM-A107M, deviceName: R9WN40KBXDJ, deviceScreenDensity: 280, deviceScreenSize: 720x1520, deviceUDID: R9WN40KBXDJ, fullReset: true, javascriptEnabled: true, locationContextEnabled: false, networkConnectionEnabled: true, newCommandTimeout: 1800, noReset: false, pixelRatio: 1.75, platform: ANDROID, platformName: Android, platformVersion: 11, statBarHeight: 57, systemPort: 50801, takesScreenshot: true, udid: R9WN40KBXDJ, viewportRect: {height: 1324, left: 0, top: 57, width: 720}, warnings: {}, webStorageEnabled: false}
Session ID: e59ad47d-7b12-4d11-a6b6-2bfe44e776e5
	at org.openqa.selenium.remote.http.W3CHttpResponseCodec.createException(W3CHttpResponseCodec.java:187)
	at org.openqa.selenium.remote.http.W3CHttpResponseCodec.decode(W3CHttpResponseCodec.java:122)
	at org.openqa.selenium.remote.http.W3CHttpResponseCodec.decode(W3CHttpResponseCodec.java:49)
	at org.openqa.selenium.remote.HttpCommandExecutor.execute(HttpCommandExecutor.java:158)
	at io.appium.java_client.remote.AppiumCommandExecutor.execute(AppiumCommandExecutor.java:239)
	at org.openqa.selenium.remote.RemoteWebDriver.execute(RemoteWebDriver.java:552)
	at io.appium.java_client.DefaultGenericMobileDriver.execute(DefaultGenericMobileDriver.java:42)
	at io.appium.java_client.AppiumDriver.execute(AppiumDriver.java:1)
	at io.appium.java_client.android.AndroidDriver.execute(AndroidDriver.java:1)
	at com.kms.katalon.core.appium.driver.SwipeableAndroidDriver.execute(SwipeableAndroidDriver.java:1)
	at org.openqa.selenium.remote.RemoteWebElement.execute(RemoteWebElement.java:285)
	at io.appium.java_client.DefaultGenericMobileElement.execute(DefaultGenericMobileElement.java:45)
	at io.appium.java_client.MobileElement.execute(MobileElement.java:1)
	at io.appium.java_client.android.AndroidElement.execute(AndroidElement.java:1)
	at org.openqa.selenium.remote.RemoteWebElement.click(RemoteWebElement.java:84)
	at com.kms.katalon.core.mobile.keyword.builtin.TapKeyword$_tap_closure1.doCall(TapKeyword.groovy:82)
	at com.kms.katalon.core.mobile.keyword.builtin.TapKeyword$_tap_closure1.call(TapKeyword.groovy)
	at com.kms.katalon.core.mobile.keyword.internal.MobileKeywordMain.runKeyword(MobileKeywordMain.groovy:21)
	... 19 more]]></system-out>
      <system-err><![CDATA[2023-09-22 14:52:31 - [TEST_SUITE][FAILED] - Recuperar cuenta: Test Cases/Parte2/Chats/CPN217 FAILED.
Reason:
com.kms.katalon.core.exception.StepFailedException: Failed to tap on element 'Object Repository/Parte2/Ajustes cuenta/Chats/CPN217/android.widget.FrameLayout' (Root cause: org.openqa.selenium.StaleElementReferenceException: Cached elements 'By.xpath: //*[@class = 'android.widget.FrameLayout' and @resource-id = 'com.naposystems.napoleonchat:id/profileFragment' and (@text = '' or . = '')]' do not exist in DOM anymore
For documentation on this error, please visit: https://www.seleniumhq.org/exceptions/stale_element_reference.html
Build info: version: '3.141.59', revision: 'e82be7d358', time: '2018-11-14T08:25:53'
System info: host: 'DESKTOP-OBIGNLU', ip: '192.168.1.6', os.name: 'Windows 10', os.arch: 'amd64', os.version: '10.0', java.version: '1.8.0_282'
Driver info: com.kms.katalon.core.appium.driver.SwipeableAndroidDriver
Capabilities {app: C:\Users\Testing\Desktop\ka..., appPackage: com.naposystems.napoleonchat, autoGrantPermissions: true, automationName: uiautomator2, chromedriverPort: 50803, databaseEnabled: false, desired: {app: C:\Users\Testing\Desktop\ka..., autoGrantPermissions: true, automationName: uiautomator2, chromedriverPort: 50803, deviceId: , deviceName: samsung SM-A107M (Android 11), fullReset: true, newCommandTimeout: 1800, noReset: false, platform: ANDROID, platformName: android, platformVersion: 11, systemPort: 50801, udid: R9WN40KBXDJ}, deviceApiLevel: 30, deviceId: , deviceManufacturer: samsung, deviceModel: SM-A107M, deviceName: R9WN40KBXDJ, deviceScreenDensity: 280, deviceScreenSize: 720x1520, deviceUDID: R9WN40KBXDJ, fullReset: true, javascriptEnabled: true, locationContextEnabled: false, networkConnectionEnabled: true, newCommandTimeout: 1800, noReset: false, pixelRatio: 1.75, platform: ANDROID, platformName: Android, platformVersion: 11, statBarHeight: 57, systemPort: 50801, takesScreenshot: true, udid: R9WN40KBXDJ, viewportRect: {height: 1324, left: 0, top: 57, width: 720}, warnings: {}, webStorageEnabled: false}
Session ID: e59ad47d-7b12-4d11-a6b6-2bfe44e776e5
	at org.openqa.selenium.remote.http.W3CHttpResponseCodec.createException(W3CHttpResponseCodec.java:187)
	at org.openqa.selenium.remote.http.W3CHttpResponseCodec.decode(W3CHttpResponseCodec.java:122)
	at org.openqa.selenium.remote.http.W3CHttpResponseCodec.decode(W3CHttpResponseCodec.java:49)
	at org.openqa.selenium.remote.HttpCommandExecutor.execute(HttpCommandExecutor.java:158)
	at io.appium.java_client.remote.AppiumCommandExecutor.execute(AppiumCommandExecutor.java:239)
	at org.openqa.selenium.remote.RemoteWebDriver.execute(RemoteWebDriver.java:552)
	at io.appium.java_client.DefaultGenericMobileDriver.execute(DefaultGenericMobileDriver.java:42)
	at io.appium.java_client.AppiumDriver.execute(AppiumDriver.java:1)
	at io.appium.java_client.android.AndroidDriver.execute(AndroidDriver.java:1)
	at com.kms.katalon.core.appium.driver.SwipeableAndroidDriver.execute(SwipeableAndroidDriver.java:1)
	at org.openqa.selenium.remote.RemoteWebElement.execute(RemoteWebElement.java:285)
	at io.appium.java_client.DefaultGenericMobileElement.execute(DefaultGenericMobileElement.java:45)
	at io.appium.java_client.MobileElement.execute(MobileElement.java:1)
	at io.appium.java_client.android.AndroidElement.execute(AndroidElement.java:1)
	at org.openqa.selenium.remote.RemoteWebElement.click(RemoteWebElement.java:84)
	at com.kms.katalon.core.mobile.keyword.builtin.TapKeyword$_tap_closure1.doCall(TapKeyword.groovy:82)
	at com.kms.katalon.core.mobile.keyword.builtin.TapKeyword$_tap_closure1.call(TapKeyword.groovy)
	at com.kms.katalon.core.mobile.keyword.internal.MobileKeywordMain.runKeyword(MobileKeywordMain.groovy:21)
	at com.kms.katalon.core.mobile.keyword.builtin.TapKeyword.tap(TapKeyword.groovy:84)
	at com.kms.katalon.core.mobile.keyword.builtin.TapKeyword.execute(TapKeyword.groovy:68)
	at com.kms.katalon.core.keyword.internal.KeywordExecutor.executeKeywordForPlatform(KeywordExecutor.groovy:74)
	at com.kms.katalon.core.mobile.keyword.MobileBuiltInKeywords.tap(MobileBuiltInKeywords.groovy:1490)
	at com.kms.katalon.core.mobile.keyword.MobileBuiltInKeywords$tap$0.call(Unknown Source)
	at CPN217.run(CPN217:20)
	at com.kms.katalon.core.main.ScriptEngine.run(ScriptEngine.java:194)
	at com.kms.katalon.core.main.ScriptEngine.runScriptAsRawText(ScriptEngine.java:119)
	at com.kms.katalon.core.main.TestCaseExecutor.runScript(TestCaseExecutor.java:448)
	at com.kms.katalon.core.main.TestCaseExecutor.doExecute(TestCaseExecutor.java:439)
	at com.kms.katalon.core.main.TestCaseExecutor.processExecutionPhase(TestCaseExecutor.java:418)
	at com.kms.katalon.core.main.TestCaseExecutor.accessMainPhase(TestCaseExecutor.java:410)
	at com.kms.katalon.core.main.TestCaseExecutor.execute(TestCaseExecutor.java:285)
	at com.kms.katalon.core.common.CommonExecutor.accessTestCaseMainPhase(CommonExecutor.java:65)
	at com.kms.katalon.core.main.TestSuiteExecutor.accessTestSuiteMainPhase(TestSuiteExecutor.java:148)
	at com.kms.katalon.core.main.TestSuiteExecutor.execute(TestSuiteExecutor.java:106)
	at com.kms.katalon.core.main.TestCaseMain.startTestSuite(TestCaseMain.java:187)
	at com.kms.katalon.core.main.TestCaseMain$startTestSuite$0.call(Unknown Source)
	at TempTestSuite1695412343905.run(TempTestSuite1695412343905.groovy:36)
)
	at com.kms.katalon.core.keyword.internal.KeywordMain.stepFailed(KeywordMain.groovy:51)
	at com.kms.katalon.core.mobile.keyword.internal.MobileKeywordMain.stepFailed(MobileKeywordMain.groovy:40)
	at com.kms.katalon.core.mobile.keyword.internal.MobileKeywordMain.runKeyword(MobileKeywordMain.groovy:23)
	at com.kms.katalon.core.mobile.keyword.builtin.TapKeyword.tap(TapKeyword.groovy:84)
	at com.kms.katalon.core.mobile.keyword.builtin.TapKeyword.execute(TapKeyword.groovy:68)
	at com.kms.katalon.core.keyword.internal.KeywordExecutor.executeKeywordForPlatform(KeywordExecutor.groovy:74)
	at com.kms.katalon.core.mobile.keyword.MobileBuiltInKeywords.tap(MobileBuiltInKeywords.groovy:1490)
	at com.kms.katalon.core.mobile.keyword.MobileBuiltInKeywords$tap$0.call(Unknown Source)
	at CPN217.run(CPN217:20)
	at com.kms.katalon.core.main.ScriptEngine.run(ScriptEngine.java:194)
	at com.kms.katalon.core.main.ScriptEngine.runScriptAsRawText(ScriptEngine.java:119)
	at com.kms.katalon.core.main.TestCaseExecutor.runScript(TestCaseExecutor.java:448)
	at com.kms.katalon.core.main.TestCaseExecutor.doExecute(TestCaseExecutor.java:439)
	at com.kms.katalon.core.main.TestCaseExecutor.processExecutionPhase(TestCaseExecutor.java:418)
	at com.kms.katalon.core.main.TestCaseExecutor.accessMainPhase(TestCaseExecutor.java:410)
	at com.kms.katalon.core.main.TestCaseExecutor.execute(TestCaseExecutor.java:285)
	at com.kms.katalon.core.common.CommonExecutor.accessTestCaseMainPhase(CommonExecutor.java:65)
	at com.kms.katalon.core.main.TestSuiteExecutor.accessTestSuiteMainPhase(TestSuiteExecutor.java:148)
	at com.kms.katalon.core.main.TestSuiteExecutor.execute(TestSuiteExecutor.java:106)
	at com.kms.katalon.core.main.TestCaseMain.startTestSuite(TestCaseMain.java:187)
	at com.kms.katalon.core.main.TestCaseMain$startTestSuite$0.call(Unknown Source)
	at TempTestSuite1695412343905.run(TempTestSuite1695412343905.groovy:36)
Caused by: org.openqa.selenium.StaleElementReferenceException: Cached elements 'By.xpath: //*[@class = 'android.widget.FrameLayout' and @resource-id = 'com.naposystems.napoleonchat:id/profileFragment' and (@text = '' or . = '')]' do not exist in DOM anymore
For documentation on this error, please visit: https://www.seleniumhq.org/exceptions/stale_element_reference.html
Build info: version: '3.141.59', revision: 'e82be7d358', time: '2018-11-14T08:25:53'
System info: host: 'DESKTOP-OBIGNLU', ip: '192.168.1.6', os.name: 'Windows 10', os.arch: 'amd64', os.version: '10.0', java.version: '1.8.0_282'
Driver info: com.kms.katalon.core.appium.driver.SwipeableAndroidDriver
Capabilities {app: C:\Users\Testing\Desktop\ka..., appPackage: com.naposystems.napoleonchat, autoGrantPermissions: true, automationName: uiautomator2, chromedriverPort: 50803, databaseEnabled: false, desired: {app: C:\Users\Testing\Desktop\ka..., autoGrantPermissions: true, automationName: uiautomator2, chromedriverPort: 50803, deviceId: , deviceName: samsung SM-A107M (Android 11), fullReset: true, newCommandTimeout: 1800, noReset: false, platform: ANDROID, platformName: android, platformVersion: 11, systemPort: 50801, udid: R9WN40KBXDJ}, deviceApiLevel: 30, deviceId: , deviceManufacturer: samsung, deviceModel: SM-A107M, deviceName: R9WN40KBXDJ, deviceScreenDensity: 280, deviceScreenSize: 720x1520, deviceUDID: R9WN40KBXDJ, fullReset: true, javascriptEnabled: true, locationContextEnabled: false, networkConnectionEnabled: true, newCommandTimeout: 1800, noReset: false, pixelRatio: 1.75, platform: ANDROID, platformName: Android, platformVersion: 11, statBarHeight: 57, systemPort: 50801, takesScreenshot: true, udid: R9WN40KBXDJ, viewportRect: {height: 1324, left: 0, top: 57, width: 720}, warnings: {}, webStorageEnabled: false}
Session ID: e59ad47d-7b12-4d11-a6b6-2bfe44e776e5
	at org.openqa.selenium.remote.http.W3CHttpResponseCodec.createException(W3CHttpResponseCodec.java:187)
	at org.openqa.selenium.remote.http.W3CHttpResponseCodec.decode(W3CHttpResponseCodec.java:122)
	at org.openqa.selenium.remote.http.W3CHttpResponseCodec.decode(W3CHttpResponseCodec.java:49)
	at org.openqa.selenium.remote.HttpCommandExecutor.execute(HttpCommandExecutor.java:158)
	at io.appium.java_client.remote.AppiumCommandExecutor.execute(AppiumCommandExecutor.java:239)
	at org.openqa.selenium.remote.RemoteWebDriver.execute(RemoteWebDriver.java:552)
	at io.appium.java_client.DefaultGenericMobileDriver.execute(DefaultGenericMobileDriver.java:42)
	at io.appium.java_client.AppiumDriver.execute(AppiumDriver.java:1)
	at io.appium.java_client.android.AndroidDriver.execute(AndroidDriver.java:1)
	at com.kms.katalon.core.appium.driver.SwipeableAndroidDriver.execute(SwipeableAndroidDriver.java:1)
	at org.openqa.selenium.remote.RemoteWebElement.execute(RemoteWebElement.java:285)
	at io.appium.java_client.DefaultGenericMobileElement.execute(DefaultGenericMobileElement.java:45)
	at io.appium.java_client.MobileElement.execute(MobileElement.java:1)
	at io.appium.java_client.android.AndroidElement.execute(AndroidElement.java:1)
	at org.openqa.selenium.remote.RemoteWebElement.click(RemoteWebElement.java:84)
	at com.kms.katalon.core.mobile.keyword.builtin.TapKeyword$_tap_closure1.doCall(TapKeyword.groovy:82)
	at com.kms.katalon.core.mobile.keyword.builtin.TapKeyword$_tap_closure1.call(TapKeyword.groovy)
	at com.kms.katalon.core.mobile.keyword.internal.MobileKeywordMain.runKeyword(MobileKeywordMain.groovy:21)
	... 19 more]]></system-err>
   </testsuite>
</testsuites>
