<?xml version="1.0" encoding="UTF-8"?>
<testsuites name="PRUEBA" time="54.83" tests="2" failures="0" errors="0">
   <testsuite name="PRUEBA" tests="2" failures="0" errors="0" time="54.83" skipped="0" timestamp="2023-06-01 10:48:38" hostname="Testing - DESKTOP-OBIGNLU" id="Test Suites/PRUEBA">
      <properties>
         <property name="deviceName" value="samsung SM-A107M (Android 11)"/>
         <property name="devicePlatform" value=""/>
         <property name="logFolder" value="C:\\Users\\Testing\\Katalon Studio\\NN_Version2\\Reports\\20230601_104832\\PRUEBA\\20230601_104832"/>
         <property name="logFiles" value="C:\\Users\\Testing\\Katalon Studio\\NN_Version2\\Reports\\20230601_104832\\PRUEBA\\20230601_104832\\appium.log, C:\\Users\\Testing\\Katalon Studio\\NN_Version2\\Reports\\20230601_104832\\PRUEBA\\20230601_104832\\execution0.log"/>
         <property name="attachments" value=""/>
         <property name="hostName" value="Testing - DESKTOP-OBIGNLU"/>
         <property name="os" value="Windows 10 64bit"/>
         <property name="appiumServerStatus" value="{&quot;value&quot;:{&quot;build&quot;:{&quot;version&quot;:&quot;1.22.3&quot;}},&quot;sessionId&quot;:null,&quot;status&quot;:0}"/>
         <property name="katalonVersion" value="8.5.5.208"/>
         <property name="deviceOS" value="Android"/>
         <property name="appiumVersion" value="1.22.3"/>
         <property name="deviceModel" value="SM-A107M"/>
         <property name="hostAddress" value="192.168.1.6"/>
         <property name="deviceManufacturer" value="samsung"/>
         <property name="deviceId" value="R9WN40KBXDJ"/>
         <property name="deviceName" value="samsung SM-A107M (Android 11)"/>
         <property name="deviceOSVersion" value="11"/>
      </properties>
      <testcase name="Test Cases/Abrir_App/CPN1" time="44.863" classname="Test Cases/Abrir_App/CPN1" status="PASSED">
         <system-out><![CDATA[2023-06-01 10:48:38 - [TEST_CASE][PASSED] - Test Cases/Abrir_App/CPN1: Test Cases/Abrir_App/CPN1

2023-06-01 10:48:39 - [TEST_STEP][PASSED] - startApplication("C:\Users\Testing\Desktop\katalon\Version nueva\app-debug (2).apk", true): Started app at: 'C:\Users\Testing\Desktop\katalon\Version nueva\app-debug (2).apk'

2023-06-01 10:48:39 - [MESSAGE][INFO] - Detected NodeJS location: "C:\Program Files\nodejs\node.exe"

2023-06-01 10:48:41 - [MESSAGE][INFO] - Appium server started on port 60.530

2023-06-01 10:49:15 - [MESSAGE][PASSED] - Started app at: 'C:\Users\Testing\Desktop\katalon\Version nueva\app-debug (2).apk'

2023-06-01 10:49:15 - [TEST_STEP][PASSED] - pressBack(): Press back button successfully

2023-06-01 10:49:15 - [MESSAGE][PASSED] - Press back button successfully

2023-06-01 10:49:15 - [TEST_STEP][PASSED] - toggleWifi("OFF", STOP_ON_FAILURE): Toggled wifi

2023-06-01 10:49:16 - [MESSAGE][PASSED] - Toggled wifi

2023-06-01 10:49:16 - [TEST_STEP][PASSED] - tap(findTestObject("Object Repository/Abrir_App/CPN1/android.widget.TextView - NapoleoN"), 0): Tapped on element 'Object Repository/Abrir_App/CPN1/android.widget.TextView - NapoleoN'

2023-06-01 10:49:16 - [MESSAGE][WARNING] - Timeout '0' is invalid. Using default page load timeout: '30'

2023-06-01 10:49:18 - [MESSAGE][PASSED] - Tapped on element 'Object Repository/Abrir_App/CPN1/android.widget.TextView - NapoleoN'

2023-06-01 10:49:18 - [TEST_STEP][PASSED] - delay(2): Delayed 2 second(s)

2023-06-01 10:49:20 - [MESSAGE][PASSED] - Delayed 2 second(s)

2023-06-01 10:49:20 - [TEST_STEP][PASSED] - toggleWifi("ON", STOP_ON_FAILURE): Toggled wifi

2023-06-01 10:49:21 - [MESSAGE][PASSED] - Toggled wifi

2023-06-01 10:49:21 - [TEST_STEP][PASSED] - delay(2): Delayed 2 second(s)

2023-06-01 10:49:23 - [MESSAGE][PASSED] - Delayed 2 second(s)]]></system-out>
         <system-err><![CDATA[]]></system-err>
      </testcase>
      <testcase name="Test Cases/Abrir_App/CPN2" time="9.695" classname="Test Cases/Abrir_App/CPN2" status="PASSED">
         <system-out><![CDATA[2023-06-01 10:49:23 - [TEST_CASE][PASSED] - Test Cases/Abrir_App/CPN2: Test Cases/Abrir_App/CPN2

2023-06-01 10:49:23 - [TEST_STEP][PASSED] - pressBack(): Press back button successfully

2023-06-01 10:49:24 - [MESSAGE][PASSED] - Press back button successfully

2023-06-01 10:49:24 - [TEST_STEP][PASSED] - tap(findTestObject("Object Repository/CPN2/android.widget.TextView - NapoleoN"), 0): Tapped on element 'Object Repository/CPN2/android.widget.TextView - NapoleoN'

2023-06-01 10:49:24 - [MESSAGE][WARNING] - Timeout '0' is invalid. Using default page load timeout: '30'

2023-06-01 10:49:25 - [MESSAGE][PASSED] - Tapped on element 'Object Repository/CPN2/android.widget.TextView - NapoleoN'

2023-06-01 10:49:25 - [TEST_STEP][PASSED] - tap(findTestObject("Object Repository/CPN2/android.widget.TextView - Omitir"), 0): Tapped on element 'Object Repository/CPN2/android.widget.TextView - Omitir'

2023-06-01 10:49:25 - [MESSAGE][WARNING] - Timeout '0' is invalid. Using default page load timeout: '30'

2023-06-01 10:49:27 - [MESSAGE][PASSED] - Tapped on element 'Object Repository/CPN2/android.widget.TextView - Omitir'

2023-06-01 10:49:27 - [TEST_STEP][PASSED] - verifyElementExist(findTestObject("Object Repository/CPN2/android.view.ViewGroup"), 0): Element 'Object Repository/CPN2/android.view.ViewGroup' is exist

2023-06-01 10:49:27 - [MESSAGE][WARNING] - Timeout '0' is invalid. Using default page load timeout: '30'

2023-06-01 10:49:29 - [MESSAGE][PASSED] - Element 'Object Repository/CPN2/android.view.ViewGroup' is exist

2023-06-01 10:49:29 - [TEST_STEP][PASSED] - toggleWifi("off", STOP_ON_FAILURE): Toggled wifi

2023-06-01 10:49:30 - [MESSAGE][PASSED] - Toggled wifi

2023-06-01 10:49:30 - [TEST_STEP][PASSED] - delay(3): Delayed 3 second(s)

2023-06-01 10:49:33 - [MESSAGE][PASSED] - Delayed 3 second(s)]]></system-out>
         <system-err><![CDATA[]]></system-err>
      </testcase>
      <system-out><![CDATA[2023-06-01 10:48:38 - [TEST_SUITE][PASSED] - PRUEBA: Test Cases/Abrir_App/CPN2]]></system-out>
      <system-err><![CDATA[]]></system-err>
   </testsuite>
</testsuites>
