<?xml version="1.0" encoding="UTF-8"?>
<testsuites name="Iniciar" time="90.392" tests="2" failures="0" errors="0">
   <testsuite name="Iniciar" tests="2" failures="0" errors="0" time="90.392" skipped="0" timestamp="2023-05-17 15:55:56" hostname="Testing - DESKTOP-OBIGNLU" id="Test Suites/Iniciar">
      <properties>
         <property name="deviceName" value="samsung SM-A107M (Android 11)"/>
         <property name="devicePlatform" value=""/>
         <property name="logFolder" value="C:\\Users\\Testing\\Katalon Studio\\NN_Version2\\Reports\\20230517_155550\\Iniciar\\20230517_155550"/>
         <property name="logFiles" value="C:\\Users\\Testing\\Katalon Studio\\NN_Version2\\Reports\\20230517_155550\\Iniciar\\20230517_155550\\appium.log, C:\\Users\\Testing\\Katalon Studio\\NN_Version2\\Reports\\20230517_155550\\Iniciar\\20230517_155550\\execution0.log"/>
         <property name="attachments" value=""/>
         <property name="hostName" value="Testing - DESKTOP-OBIGNLU"/>
         <property name="os" value="Windows 10 64bit"/>
         <property name="appiumServerStatus" value="{&quot;value&quot;:{&quot;build&quot;:{&quot;version&quot;:&quot;1.22.3&quot;}},&quot;sessionId&quot;:null,&quot;status&quot;:0}"/>
         <property name="katalonVersion" value="8.5.5.208"/>
         <property name="deviceOS" value="Android"/>
         <property name="appiumVersion" value="1.22.3"/>
         <property name="deviceModel" value="SM-A107M"/>
         <property name="hostAddress" value="192.168.1.5"/>
         <property name="deviceManufacturer" value="samsung"/>
         <property name="deviceId" value="R9WN40KBXDJ"/>
         <property name="deviceName" value="samsung SM-A107M (Android 11)"/>
         <property name="deviceOSVersion" value="11"/>
      </properties>
      <testcase name="Test Cases/CPNTUTORIAL" time="63.36" classname="Test Cases/CPNTUTORIAL" status="PASSED">
         <system-out><![CDATA[2023-05-17 15:55:56 - [TEST_CASE][PASSED] - Test Cases/CPNTUTORIAL: Test Cases/CPNTUTORIAL

2023-05-17 15:55:56 - [TEST_STEP][PASSED] - startApplication("C:\Users\Testing\Desktop\katalon\Version nueva\app-debug (2).apk", true): Started app at: 'C:\Users\Testing\Desktop\katalon\Version nueva\app-debug (2).apk'

2023-05-17 15:55:57 - [MESSAGE][INFO] - Detected NodeJS location: "C:\Program Files\nodejs\node.exe"

2023-05-17 15:55:58 - [MESSAGE][INFO] - Appium server started on port 61.352

2023-05-17 15:56:49 - [MESSAGE][PASSED] - Started app at: 'C:\Users\Testing\Desktop\katalon\Version nueva\app-debug (2).apk'

2023-05-17 15:56:49 - [TEST_STEP][PASSED] - verifyElementText(findTestObject("Object Repository/CPNTUTORIAL/android.widget.FrameLayout (1)"), ""): Actual text and expected text of test object 'Object Repository/CPNTUTORIAL/android.widget.FrameLayout (1)' are matched.

2023-05-17 15:56:50 - [MESSAGE][PASSED] - Actual text and expected text of test object 'Object Repository/CPNTUTORIAL/android.widget.FrameLayout (1)' are matched.

2023-05-17 15:56:50 - [TEST_STEP][PASSED] - tap(findTestObject("Object Repository/CPNTUTORIAL/android.widget.TextView - Omitir"), 0): Tapped on element 'Object Repository/CPNTUTORIAL/android.widget.TextView - Omitir'

2023-05-17 15:56:50 - [MESSAGE][WARNING] - Timeout '0' is invalid. Using default page load timeout: '30'

2023-05-17 15:56:51 - [MESSAGE][PASSED] - Tapped on element 'Object Repository/CPNTUTORIAL/android.widget.TextView - Omitir'

2023-05-17 15:56:51 - [TEST_STEP][PASSED] - pressBack(): Press back button successfully

2023-05-17 15:56:52 - [MESSAGE][PASSED] - Press back button successfully

2023-05-17 15:56:52 - [TEST_STEP][PASSED] - tap(findTestObject("Object Repository/CPNTUTORIAL/android.widget.TextView - Siguiente"), 0): Tapped on element 'Object Repository/CPNTUTORIAL/android.widget.TextView - Siguiente'

2023-05-17 15:56:52 - [MESSAGE][WARNING] - Timeout '0' is invalid. Using default page load timeout: '30'

2023-05-17 15:56:53 - [MESSAGE][PASSED] - Tapped on element 'Object Repository/CPNTUTORIAL/android.widget.TextView - Siguiente'

2023-05-17 15:56:53 - [TEST_STEP][PASSED] - verifyElementText(findTestObject("CPNTUTORIAL/android.widget.FrameLayout"), ""): Actual text and expected text of test object 'Object Repository/CPNTUTORIAL/android.widget.FrameLayout' are matched.

2023-05-17 15:56:54 - [MESSAGE][PASSED] - Actual text and expected text of test object 'Object Repository/CPNTUTORIAL/android.widget.FrameLayout' are matched.

2023-05-17 15:56:54 - [TEST_STEP][PASSED] - tap(findTestObject("Object Repository/CPNTUTORIAL/android.widget.TextView - Siguiente (1)"), 0): Tapped on element 'Object Repository/CPNTUTORIAL/android.widget.TextView - Siguiente (1)'

2023-05-17 15:56:54 - [MESSAGE][WARNING] - Timeout '0' is invalid. Using default page load timeout: '30'

2023-05-17 15:56:54 - [MESSAGE][PASSED] - Tapped on element 'Object Repository/CPNTUTORIAL/android.widget.TextView - Siguiente (1)'

2023-05-17 15:56:54 - [TEST_STEP][PASSED] - verifyElementText(findTestObject("CPNTUTORIAL/android.widget.FrameLayout"), ""): Actual text and expected text of test object 'Object Repository/CPNTUTORIAL/android.widget.FrameLayout' are matched.

2023-05-17 15:56:55 - [MESSAGE][PASSED] - Actual text and expected text of test object 'Object Repository/CPNTUTORIAL/android.widget.FrameLayout' are matched.

2023-05-17 15:56:55 - [TEST_STEP][PASSED] - tap(findTestObject("CPNTUTORIAL/android.widget.TextView - Siguiente (1)"), 0): Tapped on element 'Object Repository/CPNTUTORIAL/android.widget.TextView - Siguiente (1)'

2023-05-17 15:56:55 - [MESSAGE][WARNING] - Timeout '0' is invalid. Using default page load timeout: '30'

2023-05-17 15:56:55 - [MESSAGE][PASSED] - Tapped on element 'Object Repository/CPNTUTORIAL/android.widget.TextView - Siguiente (1)'

2023-05-17 15:56:55 - [TEST_STEP][PASSED] - tap(findTestObject("CPNTUTORIAL/android.widget.TextView - Siguiente (1)"), 0): Tapped on element 'Object Repository/CPNTUTORIAL/android.widget.TextView - Siguiente (1)'

2023-05-17 15:56:55 - [MESSAGE][WARNING] - Timeout '0' is invalid. Using default page load timeout: '30'

2023-05-17 15:56:57 - [MESSAGE][PASSED] - Tapped on element 'Object Repository/CPNTUTORIAL/android.widget.TextView - Siguiente (1)'

2023-05-17 15:56:57 - [TEST_STEP][PASSED] - verifyElementText(findTestObject("CPNTUTORIAL/android.widget.FrameLayout"), ""): Actual text and expected text of test object 'Object Repository/CPNTUTORIAL/android.widget.FrameLayout' are matched.

2023-05-17 15:56:57 - [MESSAGE][PASSED] - Actual text and expected text of test object 'Object Repository/CPNTUTORIAL/android.widget.FrameLayout' are matched.

2023-05-17 15:56:57 - [TEST_STEP][PASSED] - tap(findTestObject("CPNTUTORIAL/android.widget.TextView - Siguiente (1)"), 0): Tapped on element 'Object Repository/CPNTUTORIAL/android.widget.TextView - Siguiente (1)'

2023-05-17 15:56:57 - [MESSAGE][WARNING] - Timeout '0' is invalid. Using default page load timeout: '30'

2023-05-17 15:56:58 - [MESSAGE][PASSED] - Tapped on element 'Object Repository/CPNTUTORIAL/android.widget.TextView - Siguiente (1)'

2023-05-17 15:56:58 - [TEST_STEP][PASSED] - verifyElementText(findTestObject("CPNTUTORIAL/android.widget.FrameLayout"), ""): Actual text and expected text of test object 'Object Repository/CPNTUTORIAL/android.widget.FrameLayout' are matched.

2023-05-17 15:56:58 - [MESSAGE][PASSED] - Actual text and expected text of test object 'Object Repository/CPNTUTORIAL/android.widget.FrameLayout' are matched.

2023-05-17 15:56:58 - [TEST_STEP][PASSED] - tap(findTestObject("Object Repository/CPNTUTORIAL/android.widget.TextView - Empezar"), 0): Tapped on element 'Object Repository/CPNTUTORIAL/android.widget.TextView - Empezar'

2023-05-17 15:56:58 - [MESSAGE][WARNING] - Timeout '0' is invalid. Using default page load timeout: '30'

2023-05-17 15:56:59 - [MESSAGE][PASSED] - Tapped on element 'Object Repository/CPNTUTORIAL/android.widget.TextView - Empezar']]></system-out>
         <system-err><![CDATA[]]></system-err>
      </testcase>
      <testcase name="Test Cases/CPN21" time="26.772" classname="Test Cases/CPN21" status="PASSED">
         <system-out><![CDATA[2023-05-17 15:56:59 - [TEST_CASE][PASSED] - Test Cases/CPN21: Test Cases/CPN21

2023-05-17 15:56:59 - [TEST_STEP][PASSED] - verifyElementExist(findTestObject("Object Repository/CPN21/android.view.ViewGroup"), 0): Element 'Object Repository/CPN21/android.view.ViewGroup' is exist

2023-05-17 15:57:00 - [MESSAGE][WARNING] - Timeout '0' is invalid. Using default page load timeout: '30'

2023-05-17 15:57:00 - [MESSAGE][PASSED] - Element 'Object Repository/CPN21/android.view.ViewGroup' is exist

2023-05-17 15:57:00 - [TEST_STEP][PASSED] - tap(findTestObject("Object Repository/CPN21/android.widget.TextView - Iniciar sesin"), 0): Tapped on element 'Object Repository/CPN21/android.widget.TextView - Iniciar sesin'

2023-05-17 15:57:00 - [MESSAGE][WARNING] - Timeout '0' is invalid. Using default page load timeout: '30'

2023-05-17 15:57:00 - [MESSAGE][PASSED] - Tapped on element 'Object Repository/CPN21/android.widget.TextView - Iniciar sesin'

2023-05-17 15:57:00 - [TEST_STEP][PASSED] - verifyElementExist(findTestObject("Object Repository/CPN21/android.widget.FrameLayout"), 0): Element 'Object Repository/CPN21/android.widget.FrameLayout' is exist

2023-05-17 15:57:00 - [MESSAGE][WARNING] - Timeout '0' is invalid. Using default page load timeout: '30'

2023-05-17 15:57:02 - [MESSAGE][PASSED] - Element 'Object Repository/CPN21/android.widget.FrameLayout' is exist

2023-05-17 15:57:02 - [TEST_STEP][PASSED] - tap(findTestObject("Object Repository/CPN21/android.widget.EditText - Apodo"), 0): Tapped on element 'Object Repository/CPN21/android.widget.EditText - Apodo'

2023-05-17 15:57:02 - [MESSAGE][WARNING] - Timeout '0' is invalid. Using default page load timeout: '30'

2023-05-17 15:57:03 - [MESSAGE][PASSED] - Tapped on element 'Object Repository/CPN21/android.widget.EditText - Apodo'

2023-05-17 15:57:03 - [TEST_STEP][PASSED] - setText(findTestObject("Object Repository/CPN21/android.widget.EditText - Apodo (1)"), "automatizacion", 0): Text 'automatizacion' has been set to element 'Object Repository/CPN21/android.widget.EditText - Apodo (1)'

2023-05-17 15:57:03 - [MESSAGE][WARNING] - Timeout '0' is invalid. Using default page load timeout: '30'

2023-05-17 15:57:06 - [MESSAGE][PASSED] - Text 'automatizacion' has been set to element 'Object Repository/CPN21/android.widget.EditText - Apodo (1)'

2023-05-17 15:57:06 - [TEST_STEP][PASSED] - hideKeyboard(): Keyboard is hidden

2023-05-17 15:57:08 - [MESSAGE][PASSED] - Keyboard is hidden

2023-05-17 15:57:09 - [TEST_STEP][PASSED] - tap(findTestObject("Object Repository/CPN21/android.widget.Button - Recuperar"), 0): Tapped on element 'Object Repository/CPN21/android.widget.Button - Recuperar'

2023-05-17 15:57:09 - [MESSAGE][WARNING] - Timeout '0' is invalid. Using default page load timeout: '30'

2023-05-17 15:57:09 - [MESSAGE][PASSED] - Tapped on element 'Object Repository/CPN21/android.widget.Button - Recuperar'

2023-05-17 15:57:09 - [TEST_STEP][PASSED] - verifyElementVisible(findTestObject("Object Repository/CPN21/android.widget.RadioGroup"), 0): Element 'Object Repository/CPN21/android.widget.RadioGroup' is visible

2023-05-17 15:57:09 - [MESSAGE][WARNING] - Timeout '0' is invalid. Using default page load timeout: '30'

2023-05-17 15:57:11 - [MESSAGE][PASSED] - Element 'Object Repository/CPN21/android.widget.RadioGroup' is visible

2023-05-17 15:57:11 - [TEST_STEP][PASSED] - tap(findTestObject("CPN21/android.widget.RadioGroup (1)"), 0): Tapped on element 'Object Repository/CPN21/android.widget.RadioGroup (1)'

2023-05-17 15:57:11 - [MESSAGE][WARNING] - Timeout '0' is invalid. Using default page load timeout: '30'

2023-05-17 15:57:12 - [MESSAGE][PASSED] - Tapped on element 'Object Repository/CPN21/android.widget.RadioGroup (1)'

2023-05-17 15:57:12 - [TEST_STEP][PASSED] - tap(findTestObject("Object Repository/CPN21/android.widget.Button - Siguiente"), 0): Tapped on element 'Object Repository/CPN21/android.widget.Button - Siguiente'

2023-05-17 15:57:12 - [MESSAGE][WARNING] - Timeout '0' is invalid. Using default page load timeout: '30'

2023-05-17 15:57:13 - [MESSAGE][PASSED] - Tapped on element 'Object Repository/CPN21/android.widget.Button - Siguiente'

2023-05-17 15:57:13 - [TEST_STEP][PASSED] - tap(findTestObject("CPN21/android.widget.RadioGroup (1)"), 0): Tapped on element 'Object Repository/CPN21/android.widget.RadioGroup (1)'

2023-05-17 15:57:13 - [MESSAGE][WARNING] - Timeout '0' is invalid. Using default page load timeout: '30'

2023-05-17 15:57:13 - [MESSAGE][PASSED] - Tapped on element 'Object Repository/CPN21/android.widget.RadioGroup (1)'

2023-05-17 15:57:13 - [TEST_STEP][PASSED] - tap(findTestObject("CPN21/android.widget.Button - Siguiente (1)"), 0): Tapped on element 'Object Repository/CPN21/android.widget.Button - Siguiente (1)'

2023-05-17 15:57:13 - [MESSAGE][WARNING] - Timeout '0' is invalid. Using default page load timeout: '30'

2023-05-17 15:57:14 - [MESSAGE][PASSED] - Tapped on element 'Object Repository/CPN21/android.widget.Button - Siguiente (1)'

2023-05-17 15:57:14 - [TEST_STEP][PASSED] - tap(findTestObject("Object Repository/CPN21/android.widget.RadioButton - No eleg esta pregunta"), 0): Tapped on element 'Object Repository/CPN21/android.widget.RadioButton - No eleg esta pregunta'

2023-05-17 15:57:14 - [MESSAGE][WARNING] - Timeout '0' is invalid. Using default page load timeout: '30'

2023-05-17 15:57:15 - [MESSAGE][PASSED] - Tapped on element 'Object Repository/CPN21/android.widget.RadioButton - No eleg esta pregunta'

2023-05-17 15:57:15 - [TEST_STEP][PASSED] - tap(findTestObject("CPN21/android.widget.Button - Siguiente (1)"), 0): Tapped on element 'Object Repository/CPN21/android.widget.Button - Siguiente (1)'

2023-05-17 15:57:15 - [MESSAGE][WARNING] - Timeout '0' is invalid. Using default page load timeout: '30'

2023-05-17 15:57:16 - [MESSAGE][PASSED] - Tapped on element 'Object Repository/CPN21/android.widget.Button - Siguiente (1)'

2023-05-17 15:57:16 - [TEST_STEP][PASSED] - tap(findTestObject("Object Repository/CPN21/android.widget.Button - Siguiente (1)"), 0): Tapped on element 'Object Repository/CPN21/android.widget.Button - Siguiente (1)'

2023-05-17 15:57:16 - [MESSAGE][WARNING] - Timeout '0' is invalid. Using default page load timeout: '30'

2023-05-17 15:57:17 - [MESSAGE][PASSED] - Tapped on element 'Object Repository/CPN21/android.widget.Button - Siguiente (1)'

2023-05-17 15:57:17 - [TEST_STEP][PASSED] - tap(findTestObject("Object Repository/CPN21/android.widget.RadioButton - No eleg esta pregunta (1)"), 0): Tapped on element 'Object Repository/CPN21/android.widget.RadioButton - No eleg esta pregunta (1)'

2023-05-17 15:57:17 - [MESSAGE][WARNING] - Timeout '0' is invalid. Using default page load timeout: '30'

2023-05-17 15:57:17 - [MESSAGE][PASSED] - Tapped on element 'Object Repository/CPN21/android.widget.RadioButton - No eleg esta pregunta (1)'

2023-05-17 15:57:17 - [TEST_STEP][PASSED] - tap(findTestObject("CPN21/android.widget.Button - Siguiente (1)"), 0): Tapped on element 'Object Repository/CPN21/android.widget.Button - Siguiente (1)'

2023-05-17 15:57:17 - [MESSAGE][WARNING] - Timeout '0' is invalid. Using default page load timeout: '30'

2023-05-17 15:57:18 - [MESSAGE][PASSED] - Tapped on element 'Object Repository/CPN21/android.widget.Button - Siguiente (1)'

2023-05-17 15:57:18 - [TEST_STEP][PASSED] - tap(findTestObject("Object Repository/CPN21/android.widget.RadioGroup (1)"), 0): Tapped on element 'Object Repository/CPN21/android.widget.RadioGroup (1)'

2023-05-17 15:57:18 - [MESSAGE][WARNING] - Timeout '0' is invalid. Using default page load timeout: '30'

2023-05-17 15:57:19 - [MESSAGE][PASSED] - Tapped on element 'Object Repository/CPN21/android.widget.RadioGroup (1)'

2023-05-17 15:57:19 - [TEST_STEP][PASSED] - tap(findTestObject("Object Repository/CPN21/android.widget.Button - Finalizar"), 0): Tapped on element 'Object Repository/CPN21/android.widget.Button - Finalizar'

2023-05-17 15:57:19 - [MESSAGE][WARNING] - Timeout '0' is invalid. Using default page load timeout: '30'

2023-05-17 15:57:20 - [MESSAGE][PASSED] - Tapped on element 'Object Repository/CPN21/android.widget.Button - Finalizar'

2023-05-17 15:57:20 - [TEST_STEP][PASSED] - verifyElementText(findTestObject("Object Repository/CPN21/androidx.appcompat.widget.LinearLayoutCompat"), ""): Actual text and expected text of test object 'Object Repository/CPN21/androidx.appcompat.widget.LinearLayoutCompat' are matched.

2023-05-17 15:57:21 - [MESSAGE][PASSED] - Actual text and expected text of test object 'Object Repository/CPN21/androidx.appcompat.widget.LinearLayoutCompat' are matched.

2023-05-17 15:57:21 - [TEST_STEP][PASSED] - delay(2): Delayed 2 second(s)

2023-05-17 15:57:23 - [MESSAGE][PASSED] - Delayed 2 second(s)

2023-05-17 15:57:23 - [TEST_STEP][PASSED] - tap(findTestObject("Object Repository/CPN21/android.widget.Button - Cerrar"), 0): Tapped on element 'Object Repository/CPN21/android.widget.Button - Cerrar'

2023-05-17 15:57:24 - [MESSAGE][WARNING] - Timeout '0' is invalid. Using default page load timeout: '30'

2023-05-17 15:57:24 - [MESSAGE][PASSED] - Tapped on element 'Object Repository/CPN21/android.widget.Button - Cerrar'

2023-05-17 15:57:24 - [TEST_STEP][PASSED] - closeApplication(): Close app successfully

2023-05-17 15:57:26 - [MESSAGE][PASSED] - Close app successfully]]></system-out>
         <system-err><![CDATA[]]></system-err>
      </testcase>
      <system-out><![CDATA[2023-05-17 15:55:56 - [TEST_SUITE][PASSED] - Iniciar: Test Cases/CPN21]]></system-out>
      <system-err><![CDATA[]]></system-err>
   </testsuite>
</testsuites>
