<?xml version="1.0" encoding="UTF-8"?>
<testsuites name="Crear_usuario" time="96.779" tests="2" failures="0" errors="0">
   <testsuite name="Crear_usuario" tests="2" failures="0" errors="0" time="96.779" skipped="0" timestamp="2023-07-28 14:38:55" hostname="Testing - DESKTOP-OBIGNLU" id="Test Suites/Crear_usuario">
      <properties>
         <property name="deviceName" value="samsung SM-A107M (Android 11)"/>
         <property name="devicePlatform" value=""/>
         <property name="logFolder" value="C:\\Users\\Testing\\Katalon Studio\\NN_Version2\\Reports\\20230728_143847\\Crear_usuario\\20230728_143847"/>
         <property name="logFiles" value="C:\\Users\\Testing\\Katalon Studio\\NN_Version2\\Reports\\20230728_143847\\Crear_usuario\\20230728_143847\\appium.log, C:\\Users\\Testing\\Katalon Studio\\NN_Version2\\Reports\\20230728_143847\\Crear_usuario\\20230728_143847\\execution0.log"/>
         <property name="attachments" value=""/>
         <property name="hostName" value="Testing - DESKTOP-OBIGNLU"/>
         <property name="os" value="Windows 10 64bit"/>
         <property name="appiumServerStatus" value="{&quot;value&quot;:{&quot;build&quot;:{&quot;version&quot;:&quot;1.22.3&quot;}},&quot;sessionId&quot;:null,&quot;status&quot;:0}"/>
         <property name="katalonVersion" value="8.6.5.208"/>
         <property name="deviceOS" value="Android"/>
         <property name="appiumVersion" value="1.22.3"/>
         <property name="deviceModel" value="SM-A107M"/>
         <property name="hostAddress" value="192.168.1.7"/>
         <property name="deviceManufacturer" value="samsung"/>
         <property name="deviceId" value="R9WN40KBXDJ"/>
         <property name="deviceName" value="samsung SM-A107M (Android 11)"/>
         <property name="deviceOSVersion" value="11"/>
      </properties>
      <testcase name="Test Cases/ingreso para prueba" time="63.839" classname="Test Cases/ingreso para prueba" status="PASSED">
         <system-out><![CDATA[2023-07-28 14:38:56 - [TEST_CASE][PASSED] - Test Cases/ingreso para prueba: Test Cases/ingreso para prueba

2023-07-28 14:38:56 - [TEST_STEP][PASSED] - startApplication("C:\Users\Testing\Desktop\katalon\Version QA ACTUALIZADA 25-07-23\app-qa.apk", true): Started app at: 'C:\Users\Testing\Desktop\katalon\Version QA ACTUALIZADA 25-07-23\app-qa.apk'

2023-07-28 14:38:57 - [MESSAGE][INFO] - User set preference: ['deviceId', '']

2023-07-28 14:38:57 - [MESSAGE][INFO] - Detected NodeJS location: "C:\Program Files\nodejs\node.exe"

2023-07-28 14:38:59 - [MESSAGE][INFO] - Appium server started on port 65.304

2023-07-28 14:39:34 - [MESSAGE][PASSED] - Started app at: 'C:\Users\Testing\Desktop\katalon\Version QA ACTUALIZADA 25-07-23\app-qa.apk'

2023-07-28 14:39:34 - [TEST_STEP][PASSED] - tap(findTestObject("Object Repository/Parte1/ingreso solo prueba/android.widget.TextView - Omitir"), 0): Tapped on element 'Object Repository/Parte1/ingreso solo prueba/android.widget.TextView - Omitir'

2023-07-28 14:39:34 - [MESSAGE][WARNING] - Timeout '0' is invalid. Using default page load timeout: '30'

2023-07-28 14:39:35 - [MESSAGE][PASSED] - Tapped on element 'Object Repository/Parte1/ingreso solo prueba/android.widget.TextView - Omitir'

2023-07-28 14:39:35 - [TEST_STEP][PASSED] - tap(findTestObject("Object Repository/Parte1/ingreso solo prueba/android.widget.Button - Crear Cuenta"), 0): Tapped on element 'Object Repository/Parte1/ingreso solo prueba/android.widget.Button - Crear Cuenta'

2023-07-28 14:39:35 - [MESSAGE][WARNING] - Timeout '0' is invalid. Using default page load timeout: '30'

2023-07-28 14:39:36 - [MESSAGE][PASSED] - Tapped on element 'Object Repository/Parte1/ingreso solo prueba/android.widget.Button - Crear Cuenta'

2023-07-28 14:39:36 - [TEST_STEP][PASSED] - tap(findTestObject("Object Repository/Parte1/ingreso solo prueba/android.widget.Button - Enviar cdigo de registro"), 0): Tapped on element 'Object Repository/Parte1/ingreso solo prueba/android.widget.Button - Enviar cdigo de registro'

2023-07-28 14:39:36 - [MESSAGE][WARNING] - Timeout '0' is invalid. Using default page load timeout: '30'

2023-07-28 14:39:38 - [MESSAGE][PASSED] - Tapped on element 'Object Repository/Parte1/ingreso solo prueba/android.widget.Button - Enviar cdigo de registro'

2023-07-28 14:39:38 - [TEST_STEP][PASSED] - tap(findTestObject("Object Repository/Parte1/ingreso solo prueba/android.widget.Button - Continuar"), 0): Tapped on element 'Object Repository/Parte1/ingreso solo prueba/android.widget.Button - Continuar'

2023-07-28 14:39:38 - [MESSAGE][WARNING] - Timeout '0' is invalid. Using default page load timeout: '30'

2023-07-28 14:39:45 - [MESSAGE][PASSED] - Tapped on element 'Object Repository/Parte1/ingreso solo prueba/android.widget.Button - Continuar'

2023-07-28 14:39:45 - [TEST_STEP][PASSED] - setText(findTestObject("Object Repository/Parte1/ingreso solo prueba/android.widget.EditText - Apodo"), "libre024", 0): Text 'libre024' has been set to element 'Object Repository/Parte1/ingreso solo prueba/android.widget.EditText - Apodo'

2023-07-28 14:39:45 - [MESSAGE][WARNING] - Timeout '0' is invalid. Using default page load timeout: '30'

2023-07-28 14:39:50 - [MESSAGE][PASSED] - Text 'libre024' has been set to element 'Object Repository/Parte1/ingreso solo prueba/android.widget.EditText - Apodo'

2023-07-28 14:39:50 - [TEST_STEP][PASSED] - tap(findTestObject("Object Repository/Parte1/ingreso solo prueba/android.widget.Button - Siguiente"), 0): Tapped on element 'Object Repository/Parte1/ingreso solo prueba/android.widget.Button - Siguiente'

2023-07-28 14:39:50 - [MESSAGE][WARNING] - Timeout '0' is invalid. Using default page load timeout: '30'

2023-07-28 14:39:51 - [MESSAGE][PASSED] - Tapped on element 'Object Repository/Parte1/ingreso solo prueba/android.widget.Button - Siguiente'

2023-07-28 14:39:51 - [TEST_STEP][PASSED] - setText(findTestObject("Object Repository/Parte1/ingreso solo prueba/android.widget.EditText - Pin de Acceso"), "0000", 0): Text '0000' has been set to element 'Object Repository/Parte1/ingreso solo prueba/android.widget.EditText - Pin de Acceso'

2023-07-28 14:39:51 - [MESSAGE][WARNING] - Timeout '0' is invalid. Using default page load timeout: '30'

2023-07-28 14:39:54 - [MESSAGE][PASSED] - Text '0000' has been set to element 'Object Repository/Parte1/ingreso solo prueba/android.widget.EditText - Pin de Acceso'

2023-07-28 14:39:54 - [TEST_STEP][PASSED] - setText(findTestObject("Object Repository/Parte1/ingreso solo prueba/android.widget.EditText - Confirmar nuevo pin de acceso"), "0000", 0): Text '0000' has been set to element 'Object Repository/Parte1/ingreso solo prueba/android.widget.EditText - Confirmar nuevo pin de acceso'

2023-07-28 14:39:54 - [MESSAGE][WARNING] - Timeout '0' is invalid. Using default page load timeout: '30'

2023-07-28 14:39:57 - [MESSAGE][PASSED] - Text '0000' has been set to element 'Object Repository/Parte1/ingreso solo prueba/android.widget.EditText - Confirmar nuevo pin de acceso'

2023-07-28 14:39:57 - [TEST_STEP][PASSED] - tap(findTestObject("Object Repository/Parte1/ingreso solo prueba/android.widget.Button - Crear Cuenta (1)"), 0): Tapped on element 'Object Repository/Parte1/ingreso solo prueba/android.widget.Button - Crear Cuenta (1)'

2023-07-28 14:39:57 - [MESSAGE][WARNING] - Timeout '0' is invalid. Using default page load timeout: '30'

2023-07-28 14:39:58 - [MESSAGE][PASSED] - Tapped on element 'Object Repository/Parte1/ingreso solo prueba/android.widget.Button - Crear Cuenta (1)'

2023-07-28 14:39:58 - [TEST_STEP][PASSED] - delay(2, CONTINUE_ON_FAILURE): Delayed 2 second(s)

2023-07-28 14:40:00 - [MESSAGE][PASSED] - Delayed 2 second(s)]]></system-out>
         <system-err><![CDATA[]]></system-err>
      </testcase>
      <testcase name="Test Cases/prueba" time="32.542" classname="Test Cases/prueba" status="PASSED">
         <system-out><![CDATA[2023-07-28 14:40:00 - [TEST_CASE][PASSED] - Test Cases/prueba: Test Cases/prueba

2023-07-28 14:40:00 - [TEST_STEP][PASSED] - tap(findTestObject("Object Repository/prueba/android.widget.FrameLayout"), 0): Tapped on element 'Object Repository/prueba/android.widget.FrameLayout'

2023-07-28 14:40:00 - [MESSAGE][WARNING] - Timeout '0' is invalid. Using default page load timeout: '30'

2023-07-28 14:40:01 - [MESSAGE][PASSED] - Tapped on element 'Object Repository/prueba/android.widget.FrameLayout'

2023-07-28 14:40:01 - [TEST_STEP][PASSED] - tap(findTestObject("Object Repository/prueba/android.widget.LinearLayout"), 0): Tapped on element 'Object Repository/prueba/android.widget.LinearLayout'

2023-07-28 14:40:01 - [MESSAGE][WARNING] - Timeout '0' is invalid. Using default page load timeout: '30'

2023-07-28 14:40:03 - [MESSAGE][PASSED] - Tapped on element 'Object Repository/prueba/android.widget.LinearLayout'

2023-07-28 14:40:03 - [TEST_STEP][PASSED] - tap(findTestObject("Object Repository/prueba/android.widget.LinearLayout (1)"), 0): Tapped on element 'Object Repository/prueba/android.widget.LinearLayout (1)'

2023-07-28 14:40:03 - [MESSAGE][WARNING] - Timeout '0' is invalid. Using default page load timeout: '30'

2023-07-28 14:40:05 - [MESSAGE][PASSED] - Tapped on element 'Object Repository/prueba/android.widget.LinearLayout (1)'

2023-07-28 14:40:05 - [TEST_STEP][PASSED] - tap(findTestObject("Object Repository/prueba/android.widget.LinearLayout (2)"), 0): Tapped on element 'Object Repository/prueba/android.widget.LinearLayout (2)'

2023-07-28 14:40:05 - [MESSAGE][WARNING] - Timeout '0' is invalid. Using default page load timeout: '30'

2023-07-28 14:40:06 - [MESSAGE][PASSED] - Tapped on element 'Object Repository/prueba/android.widget.LinearLayout (2)'

2023-07-28 14:40:06 - [TEST_STEP][PASSED] - tap(findTestObject("Object Repository/prueba/android.widget.ImageButton"), 0): Tapped on element 'Object Repository/prueba/android.widget.ImageButton'

2023-07-28 14:40:06 - [MESSAGE][WARNING] - Timeout '0' is invalid. Using default page load timeout: '30'

2023-07-28 14:40:08 - [MESSAGE][PASSED] - Tapped on element 'Object Repository/prueba/android.widget.ImageButton'

2023-07-28 14:40:08 - [TEST_STEP][PASSED] - delay(3, STOP_ON_FAILURE): Delayed 3 second(s)

2023-07-28 14:40:11 - [MESSAGE][PASSED] - Delayed 3 second(s)

2023-07-28 14:40:11 - [TEST_STEP][PASSED] - tap(findTestObject("Object Repository/prueba/android.widget.LinearLayout (3)"), 0): Tapped on element 'Object Repository/prueba/android.widget.LinearLayout (3)'

2023-07-28 14:40:11 - [MESSAGE][WARNING] - Timeout '0' is invalid. Using default page load timeout: '30'

2023-07-28 14:40:11 - [MESSAGE][PASSED] - Tapped on element 'Object Repository/prueba/android.widget.LinearLayout (3)'

2023-07-28 14:40:11 - [TEST_STEP][PASSED] - delay(3, STOP_ON_FAILURE): Delayed 3 second(s)

2023-07-28 14:40:14 - [MESSAGE][PASSED] - Delayed 3 second(s)

2023-07-28 14:40:14 - [TEST_STEP][PASSED] - tap(findTestObject("Object Repository/prueba/android.view.View"), 0): Tapped on element 'Object Repository/prueba/android.view.View'

2023-07-28 14:40:14 - [MESSAGE][WARNING] - Timeout '0' is invalid. Using default page load timeout: '30'

2023-07-28 14:40:15 - [MESSAGE][PASSED] - Tapped on element 'Object Repository/prueba/android.view.View'

2023-07-28 14:40:15 - [TEST_STEP][PASSED] - delay(3, STOP_ON_FAILURE): Delayed 3 second(s)

2023-07-28 14:40:18 - [MESSAGE][PASSED] - Delayed 3 second(s)

2023-07-28 14:40:18 - [TEST_STEP][PASSED] - tap(findTestObject("Object Repository/prueba/android.widget.LinearLayout (4)"), 0): Tapped on element 'Object Repository/prueba/android.widget.LinearLayout (4)'

2023-07-28 14:40:18 - [MESSAGE][WARNING] - Timeout '0' is invalid. Using default page load timeout: '30'

2023-07-28 14:40:18 - [MESSAGE][PASSED] - Tapped on element 'Object Repository/prueba/android.widget.LinearLayout (4)'

2023-07-28 14:40:18 - [TEST_STEP][PASSED] - delay(3, STOP_ON_FAILURE): Delayed 3 second(s)

2023-07-28 14:40:21 - [MESSAGE][PASSED] - Delayed 3 second(s)

2023-07-28 14:40:21 - [TEST_STEP][PASSED] - tap(findTestObject("Object Repository/prueba/android.view.View (1)"), 0): Tapped on element 'Object Repository/prueba/android.view.View (1)'

2023-07-28 14:40:21 - [MESSAGE][WARNING] - Timeout '0' is invalid. Using default page load timeout: '30'

2023-07-28 14:40:21 - [MESSAGE][PASSED] - Tapped on element 'Object Repository/prueba/android.view.View (1)'

2023-07-28 14:40:21 - [TEST_STEP][PASSED] - delay(3, STOP_ON_FAILURE): Delayed 3 second(s)

2023-07-28 14:40:24 - [MESSAGE][PASSED] - Delayed 3 second(s)

2023-07-28 14:40:24 - [TEST_STEP][PASSED] - tap(findTestObject("prueba/android.view.View (1)"), 0): Tapped on element 'Object Repository/prueba/android.view.View (1)'

2023-07-28 14:40:25 - [MESSAGE][WARNING] - Timeout '0' is invalid. Using default page load timeout: '30'

2023-07-28 14:40:25 - [MESSAGE][PASSED] - Tapped on element 'Object Repository/prueba/android.view.View (1)'

2023-07-28 14:40:25 - [TEST_STEP][PASSED] - delay(3, STOP_ON_FAILURE): Delayed 3 second(s)

2023-07-28 14:40:28 - [MESSAGE][PASSED] - Delayed 3 second(s)

2023-07-28 14:40:28 - [TEST_STEP][PASSED] - swipe(derecha, 42, derecha, 50): Swiped from 100,42 to 100,50

2023-07-28 14:40:29 - [MESSAGE][PASSED] - Swiped from 100,42 to 100,50

2023-07-28 14:40:29 - [TEST_STEP][PASSED] - delay(3, STOP_ON_FAILURE): Delayed 3 second(s)

2023-07-28 14:40:32 - [MESSAGE][PASSED] - Delayed 3 second(s)]]></system-out>
         <system-err><![CDATA[]]></system-err>
      </testcase>
      <system-out><![CDATA[2023-07-28 14:38:55 - [TEST_SUITE][PASSED] - Crear_usuario: Test Cases/prueba]]></system-out>
      <system-err><![CDATA[]]></system-err>
   </testsuite>
</testsuites>
