<?xml version="1.0" encoding="UTF-8"?>
<testsuites name="Crear_usuario" time="84.972" tests="2" failures="0" errors="0">
   <testsuite name="Crear_usuario" tests="2" failures="0" errors="0" time="84.972" skipped="0" timestamp="2023-07-25 17:16:04" hostname="Testing - DESKTOP-OBIGNLU" id="Test Suites/Crear_usuario">
      <properties>
         <property name="deviceName" value="samsung SM-A107M (Android 11)"/>
         <property name="devicePlatform" value=""/>
         <property name="logFolder" value="C:\\Users\\Testing\\Katalon Studio\\NN_Version2\\Reports\\20230725_171557\\Crear_usuario\\20230725_171557"/>
         <property name="logFiles" value="C:\\Users\\Testing\\Katalon Studio\\NN_Version2\\Reports\\20230725_171557\\Crear_usuario\\20230725_171557\\appium.log, C:\\Users\\Testing\\Katalon Studio\\NN_Version2\\Reports\\20230725_171557\\Crear_usuario\\20230725_171557\\execution0.log"/>
         <property name="attachments" value=""/>
         <property name="hostName" value="Testing - DESKTOP-OBIGNLU"/>
         <property name="os" value="Windows 10 64bit"/>
         <property name="appiumServerStatus" value="{&quot;value&quot;:{&quot;build&quot;:{&quot;version&quot;:&quot;1.22.3&quot;}},&quot;sessionId&quot;:null,&quot;status&quot;:0}"/>
         <property name="katalonVersion" value="8.6.5.208"/>
         <property name="deviceOS" value="Android"/>
         <property name="appiumVersion" value="1.22.3"/>
         <property name="deviceModel" value="SM-A107M"/>
         <property name="hostAddress" value="192.168.1.2"/>
         <property name="deviceManufacturer" value="samsung"/>
         <property name="deviceId" value="R9WN40KBXDJ"/>
         <property name="deviceName" value="samsung SM-A107M (Android 11)"/>
         <property name="deviceOSVersion" value="11"/>
      </properties>
      <testcase name="Test Cases/ingreso para prueba" time="63.392" classname="Test Cases/ingreso para prueba" status="PASSED">
         <system-out><![CDATA[2023-07-25 17:16:04 - [TEST_CASE][PASSED] - Test Cases/ingreso para prueba: Test Cases/ingreso para prueba

2023-07-25 17:16:04 - [TEST_STEP][PASSED] - startApplication("C:\Users\Testing\Desktop\katalon\Version QA ACTUALIZADA 25-07-23\app-qa.apk", true): Started app at: 'C:\Users\Testing\Desktop\katalon\Version QA ACTUALIZADA 25-07-23\app-qa.apk'

2023-07-25 17:16:04 - [MESSAGE][INFO] - User set preference: ['deviceId', '']

2023-07-25 17:16:05 - [MESSAGE][INFO] - Detected NodeJS location: "C:\Program Files\nodejs\node.exe"

2023-07-25 17:16:06 - [MESSAGE][INFO] - Appium server started on port 50.353

2023-07-25 17:16:41 - [MESSAGE][PASSED] - Started app at: 'C:\Users\Testing\Desktop\katalon\Version QA ACTUALIZADA 25-07-23\app-qa.apk'

2023-07-25 17:16:41 - [TEST_STEP][PASSED] - tap(findTestObject("Object Repository/Parte1/ingreso solo prueba/android.widget.TextView - Omitir"), 0): Tapped on element 'Object Repository/Parte1/ingreso solo prueba/android.widget.TextView - Omitir'

2023-07-25 17:16:41 - [MESSAGE][WARNING] - Timeout '0' is invalid. Using default page load timeout: '30'

2023-07-25 17:16:43 - [MESSAGE][PASSED] - Tapped on element 'Object Repository/Parte1/ingreso solo prueba/android.widget.TextView - Omitir'

2023-07-25 17:16:43 - [TEST_STEP][PASSED] - tap(findTestObject("Object Repository/Parte1/ingreso solo prueba/android.widget.Button - Crear Cuenta"), 0): Tapped on element 'Object Repository/Parte1/ingreso solo prueba/android.widget.Button - Crear Cuenta'

2023-07-25 17:16:43 - [MESSAGE][WARNING] - Timeout '0' is invalid. Using default page load timeout: '30'

2023-07-25 17:16:44 - [MESSAGE][PASSED] - Tapped on element 'Object Repository/Parte1/ingreso solo prueba/android.widget.Button - Crear Cuenta'

2023-07-25 17:16:44 - [TEST_STEP][PASSED] - tap(findTestObject("Object Repository/Parte1/ingreso solo prueba/android.widget.Button - Enviar cdigo de registro"), 0): Tapped on element 'Object Repository/Parte1/ingreso solo prueba/android.widget.Button - Enviar cdigo de registro'

2023-07-25 17:16:44 - [MESSAGE][WARNING] - Timeout '0' is invalid. Using default page load timeout: '30'

2023-07-25 17:16:45 - [MESSAGE][PASSED] - Tapped on element 'Object Repository/Parte1/ingreso solo prueba/android.widget.Button - Enviar cdigo de registro'

2023-07-25 17:16:45 - [TEST_STEP][PASSED] - tap(findTestObject("Object Repository/Parte1/ingreso solo prueba/android.widget.Button - Continuar"), 0): Tapped on element 'Object Repository/Parte1/ingreso solo prueba/android.widget.Button - Continuar'

2023-07-25 17:16:45 - [MESSAGE][WARNING] - Timeout '0' is invalid. Using default page load timeout: '30'

2023-07-25 17:16:51 - [MESSAGE][PASSED] - Tapped on element 'Object Repository/Parte1/ingreso solo prueba/android.widget.Button - Continuar'

2023-07-25 17:16:51 - [TEST_STEP][PASSED] - setText(findTestObject("Object Repository/Parte1/ingreso solo prueba/android.widget.EditText - Apodo"), "libre024", 0): Text 'libre024' has been set to element 'Object Repository/Parte1/ingreso solo prueba/android.widget.EditText - Apodo'

2023-07-25 17:16:52 - [MESSAGE][WARNING] - Timeout '0' is invalid. Using default page load timeout: '30'

2023-07-25 17:16:57 - [MESSAGE][PASSED] - Text 'libre024' has been set to element 'Object Repository/Parte1/ingreso solo prueba/android.widget.EditText - Apodo'

2023-07-25 17:16:57 - [TEST_STEP][PASSED] - tap(findTestObject("Object Repository/Parte1/ingreso solo prueba/android.widget.Button - Siguiente"), 0): Tapped on element 'Object Repository/Parte1/ingreso solo prueba/android.widget.Button - Siguiente'

2023-07-25 17:16:57 - [MESSAGE][WARNING] - Timeout '0' is invalid. Using default page load timeout: '30'

2023-07-25 17:16:58 - [MESSAGE][PASSED] - Tapped on element 'Object Repository/Parte1/ingreso solo prueba/android.widget.Button - Siguiente'

2023-07-25 17:16:58 - [TEST_STEP][PASSED] - setText(findTestObject("Object Repository/Parte1/ingreso solo prueba/android.widget.EditText - Pin de Acceso"), "0000", 0): Text '0000' has been set to element 'Object Repository/Parte1/ingreso solo prueba/android.widget.EditText - Pin de Acceso'

2023-07-25 17:16:58 - [MESSAGE][WARNING] - Timeout '0' is invalid. Using default page load timeout: '30'

2023-07-25 17:17:01 - [MESSAGE][PASSED] - Text '0000' has been set to element 'Object Repository/Parte1/ingreso solo prueba/android.widget.EditText - Pin de Acceso'

2023-07-25 17:17:01 - [TEST_STEP][PASSED] - setText(findTestObject("Object Repository/Parte1/ingreso solo prueba/android.widget.EditText - Confirmar nuevo pin de acceso"), "0000", 0): Text '0000' has been set to element 'Object Repository/Parte1/ingreso solo prueba/android.widget.EditText - Confirmar nuevo pin de acceso'

2023-07-25 17:17:01 - [MESSAGE][WARNING] - Timeout '0' is invalid. Using default page load timeout: '30'

2023-07-25 17:17:04 - [MESSAGE][PASSED] - Text '0000' has been set to element 'Object Repository/Parte1/ingreso solo prueba/android.widget.EditText - Confirmar nuevo pin de acceso'

2023-07-25 17:17:04 - [TEST_STEP][PASSED] - tap(findTestObject("Object Repository/Parte1/ingreso solo prueba/android.widget.Button - Crear Cuenta (1)"), 0): Tapped on element 'Object Repository/Parte1/ingreso solo prueba/android.widget.Button - Crear Cuenta (1)'

2023-07-25 17:17:04 - [MESSAGE][WARNING] - Timeout '0' is invalid. Using default page load timeout: '30'

2023-07-25 17:17:05 - [MESSAGE][PASSED] - Tapped on element 'Object Repository/Parte1/ingreso solo prueba/android.widget.Button - Crear Cuenta (1)'

2023-07-25 17:17:05 - [TEST_STEP][PASSED] - delay(2, CONTINUE_ON_FAILURE): Delayed 2 second(s)

2023-07-25 17:17:07 - [MESSAGE][PASSED] - Delayed 2 second(s)]]></system-out>
         <system-err><![CDATA[]]></system-err>
      </testcase>
      <testcase name="Test Cases/CPN208" time="21.263" classname="Test Cases/CPN208" status="PASSED">
         <system-out><![CDATA[2023-07-25 17:17:07 - [TEST_CASE][PASSED] - Test Cases/CPN208: Test Cases/CPN208

2023-07-25 17:17:07 - [TEST_STEP][PASSED] - tap(findTestObject("Parte2/Ajustes cuenta/Chats/android.widget.FrameLayout"), 0): Tapped on element 'Object Repository/Parte2/Ajustes cuenta/Chats/android.widget.FrameLayout'

2023-07-25 17:17:07 - [MESSAGE][WARNING] - Timeout '0' is invalid. Using default page load timeout: '30'

2023-07-25 17:17:09 - [MESSAGE][PASSED] - Tapped on element 'Object Repository/Parte2/Ajustes cuenta/Chats/android.widget.FrameLayout'

2023-07-25 17:17:09 - [TEST_STEP][PASSED] - tap(findTestObject("Parte2/Ajustes cuenta/Chats/android.widget.LinearLayout"), 0): Tapped on element 'Object Repository/Parte2/Ajustes cuenta/Chats/android.widget.LinearLayout'

2023-07-25 17:17:09 - [MESSAGE][WARNING] - Timeout '0' is invalid. Using default page load timeout: '30'

2023-07-25 17:17:10 - [MESSAGE][PASSED] - Tapped on element 'Object Repository/Parte2/Ajustes cuenta/Chats/android.widget.LinearLayout'

2023-07-25 17:17:10 - [TEST_STEP][PASSED] - tap(findTestObject("Parte2/Ajustes cuenta/Chats/android.widget.LinearLayout (1)"), 0): Tapped on element 'Object Repository/Parte2/Ajustes cuenta/Chats/android.widget.LinearLayout (1)'

2023-07-25 17:17:10 - [MESSAGE][WARNING] - Timeout '0' is invalid. Using default page load timeout: '30'

2023-07-25 17:17:13 - [MESSAGE][PASSED] - Tapped on element 'Object Repository/Parte2/Ajustes cuenta/Chats/android.widget.LinearLayout (1)'

2023-07-25 17:17:13 - [TEST_STEP][PASSED] - tap(findTestObject("Parte2/Ajustes cuenta/Chats/android.widget.LinearLayout (2)"), 0): Tapped on element 'Object Repository/Parte2/Ajustes cuenta/Chats/android.widget.LinearLayout (2)'

2023-07-25 17:17:13 - [MESSAGE][WARNING] - Timeout '0' is invalid. Using default page load timeout: '30'

2023-07-25 17:17:13 - [MESSAGE][PASSED] - Tapped on element 'Object Repository/Parte2/Ajustes cuenta/Chats/android.widget.LinearLayout (2)'

2023-07-25 17:17:14 - [TEST_STEP][PASSED] - verifyElementVisible(findTestObject("Parte2/Ajustes cuenta/Chats/android.widget.ImageButton"), 0): Element 'Object Repository/Parte2/Ajustes cuenta/Chats/android.widget.ImageButton' is visible

2023-07-25 17:17:14 - [MESSAGE][WARNING] - Timeout '0' is invalid. Using default page load timeout: '30'

2023-07-25 17:17:15 - [MESSAGE][PASSED] - Element 'Object Repository/Parte2/Ajustes cuenta/Chats/android.widget.ImageButton' is visible

2023-07-25 17:17:15 - [TEST_STEP][PASSED] - delay(2, CONTINUE_ON_FAILURE): Delayed 2 second(s)

2023-07-25 17:17:17 - [MESSAGE][PASSED] - Delayed 2 second(s)

2023-07-25 17:17:17 - [TEST_STEP][PASSED] - tap(findTestObject("Parte2/Ajustes cuenta/Chats/android.widget.ImageButton"), 0): Tapped on element 'Object Repository/Parte2/Ajustes cuenta/Chats/android.widget.ImageButton'

2023-07-25 17:17:17 - [MESSAGE][WARNING] - Timeout '0' is invalid. Using default page load timeout: '30'

2023-07-25 17:17:17 - [MESSAGE][PASSED] - Tapped on element 'Object Repository/Parte2/Ajustes cuenta/Chats/android.widget.ImageButton'

2023-07-25 17:17:17 - [TEST_STEP][PASSED] - verifyElementVisible(findTestObject("Parte2/Ajustes cuenta/Chats/android.widget.ImageButton"), 0): Element 'Object Repository/Parte2/Ajustes cuenta/Chats/android.widget.ImageButton' is visible

2023-07-25 17:17:17 - [MESSAGE][WARNING] - Timeout '0' is invalid. Using default page load timeout: '30'

2023-07-25 17:17:18 - [MESSAGE][PASSED] - Element 'Object Repository/Parte2/Ajustes cuenta/Chats/android.widget.ImageButton' is visible

2023-07-25 17:17:18 - [TEST_STEP][PASSED] - delay(2, CONTINUE_ON_FAILURE): Delayed 2 second(s)

2023-07-25 17:17:20 - [MESSAGE][PASSED] - Delayed 2 second(s)

2023-07-25 17:17:20 - [TEST_STEP][PASSED] - tap(findTestObject("Parte2/Ajustes cuenta/Chats/android.widget.ImageButton"), 0): Tapped on element 'Object Repository/Parte2/Ajustes cuenta/Chats/android.widget.ImageButton'

2023-07-25 17:17:20 - [MESSAGE][WARNING] - Timeout '0' is invalid. Using default page load timeout: '30'

2023-07-25 17:17:21 - [MESSAGE][PASSED] - Tapped on element 'Object Repository/Parte2/Ajustes cuenta/Chats/android.widget.ImageButton'

2023-07-25 17:17:21 - [TEST_STEP][PASSED] - verifyElementVisible(findTestObject("Parte2/Ajustes cuenta/Chats/android.view.ViewGroup"), 0): Element 'Object Repository/Parte2/Ajustes cuenta/Chats/android.view.ViewGroup' is visible

2023-07-25 17:17:21 - [MESSAGE][WARNING] - Timeout '0' is invalid. Using default page load timeout: '30'

2023-07-25 17:17:21 - [MESSAGE][PASSED] - Element 'Object Repository/Parte2/Ajustes cuenta/Chats/android.view.ViewGroup' is visible

2023-07-25 17:17:21 - [TEST_STEP][PASSED] - delay(2, CONTINUE_ON_FAILURE): Delayed 2 second(s)

2023-07-25 17:17:23 - [MESSAGE][PASSED] - Delayed 2 second(s)

2023-07-25 17:17:23 - [TEST_STEP][PASSED] - tap(findTestObject("Parte2/Ajustes cuenta/Chats/android.widget.ImageButton"), 0): Tapped on element 'Object Repository/Parte2/Ajustes cuenta/Chats/android.widget.ImageButton'

2023-07-25 17:17:23 - [MESSAGE][WARNING] - Timeout '0' is invalid. Using default page load timeout: '30'

2023-07-25 17:17:24 - [MESSAGE][PASSED] - Tapped on element 'Object Repository/Parte2/Ajustes cuenta/Chats/android.widget.ImageButton'

2023-07-25 17:17:24 - [TEST_STEP][PASSED] - verifyElementVisible(findTestObject("Parte2/Ajustes cuenta/Chats/android.widget.ImageButton"), 0): Element 'Object Repository/Parte2/Ajustes cuenta/Chats/android.widget.ImageButton' is visible

2023-07-25 17:17:24 - [MESSAGE][WARNING] - Timeout '0' is invalid. Using default page load timeout: '30'

2023-07-25 17:17:24 - [MESSAGE][PASSED] - Element 'Object Repository/Parte2/Ajustes cuenta/Chats/android.widget.ImageButton' is visible

2023-07-25 17:17:24 - [TEST_STEP][PASSED] - delay(2, CONTINUE_ON_FAILURE): Delayed 2 second(s)

2023-07-25 17:17:26 - [MESSAGE][PASSED] - Delayed 2 second(s)

2023-07-25 17:17:26 - [TEST_STEP][PASSED] - pressBack(): Press back button successfully

2023-07-25 17:17:27 - [MESSAGE][PASSED] - Press back button successfully

2023-07-25 17:17:27 - [TEST_STEP][PASSED] - pressBack(): Press back button successfully

2023-07-25 17:17:28 - [MESSAGE][PASSED] - Press back button successfully

2023-07-25 17:17:28 - [TEST_STEP][PASSED] - tap(findTestObject("Parte2/Ajustes cuenta/Chats/android.widget.FrameLayout (1)"), 0): Tapped on element 'Object Repository/Parte2/Ajustes cuenta/Chats/android.widget.FrameLayout (1)'

2023-07-25 17:17:28 - [MESSAGE][WARNING] - Timeout '0' is invalid. Using default page load timeout: '30'

2023-07-25 17:17:28 - [MESSAGE][PASSED] - Tapped on element 'Object Repository/Parte2/Ajustes cuenta/Chats/android.widget.FrameLayout (1)']]></system-out>
         <system-err><![CDATA[]]></system-err>
      </testcase>
      <system-out><![CDATA[2023-07-25 17:16:04 - [TEST_SUITE][PASSED] - Crear_usuario: Test Cases/CPN208]]></system-out>
      <system-err><![CDATA[]]></system-err>
   </testsuite>
</testsuites>
