<?xml version="1.0" encoding="UTF-8"?>
<testsuites name="prueba" time="149.108" tests="3" failures="0" errors="0">
   <testsuite name="prueba" tests="3" failures="0" errors="0" time="149.108" skipped="0" timestamp="2023-05-25 11:52:26" hostname="Testing - DESKTOP-OBIGNLU" id="Test Suites/prueba">
      <properties>
         <property name="deviceName" value="samsung SM-A107M (Android 11)"/>
         <property name="devicePlatform" value=""/>
         <property name="logFolder" value="C:\\Users\\Testing\\Katalon Studio\\NN_Version2\\Reports\\20230525_115218\\prueba\\20230525_115218"/>
         <property name="logFiles" value="C:\\Users\\Testing\\Katalon Studio\\NN_Version2\\Reports\\20230525_115218\\prueba\\20230525_115218\\appium.log, C:\\Users\\Testing\\Katalon Studio\\NN_Version2\\Reports\\20230525_115218\\prueba\\20230525_115218\\execution0.log"/>
         <property name="attachments" value=""/>
         <property name="hostName" value="Testing - DESKTOP-OBIGNLU"/>
         <property name="os" value="Windows 10 64bit"/>
         <property name="appiumServerStatus" value="{&quot;value&quot;:{&quot;build&quot;:{&quot;version&quot;:&quot;1.22.3&quot;}},&quot;sessionId&quot;:null,&quot;status&quot;:0}"/>
         <property name="katalonVersion" value="8.5.5.208"/>
         <property name="deviceOS" value="Android"/>
         <property name="appiumVersion" value="1.22.3"/>
         <property name="deviceModel" value="SM-A107M"/>
         <property name="hostAddress" value="192.168.1.5"/>
         <property name="deviceManufacturer" value="samsung"/>
         <property name="deviceId" value="R9WN40KBXDJ"/>
         <property name="deviceName" value="samsung SM-A107M (Android 11)"/>
         <property name="deviceOSVersion" value="11"/>
      </properties>
      <testcase name="Test Cases/ingreso" time="60.143" classname="Test Cases/ingreso" status="PASSED">
         <system-out><![CDATA[2023-05-25 11:52:26 - [TEST_CASE][PASSED] - Test Cases/ingreso: Test Cases/ingreso

2023-05-25 11:52:26 - [TEST_STEP][PASSED] - startApplication("C:\Users\Testing\Desktop\katalon\Version nueva\app-debug (2).apk", true): Started app at: 'C:\Users\Testing\Desktop\katalon\Version nueva\app-debug (2).apk'

2023-05-25 11:52:27 - [MESSAGE][INFO] - Detected NodeJS location: "C:\Program Files\nodejs\node.exe"

2023-05-25 11:52:28 - [MESSAGE][INFO] - Appium server started on port 65.387

2023-05-25 11:53:01 - [MESSAGE][PASSED] - Started app at: 'C:\Users\Testing\Desktop\katalon\Version nueva\app-debug (2).apk'

2023-05-25 11:53:01 - [TEST_STEP][PASSED] - tap(findTestObject("Object Repository/ingreso/android.widget.TextView - Omitir"), 0): Tapped on element 'Object Repository/ingreso/android.widget.TextView - Omitir'

2023-05-25 11:53:01 - [MESSAGE][WARNING] - Timeout '0' is invalid. Using default page load timeout: '30'

2023-05-25 11:53:03 - [MESSAGE][PASSED] - Tapped on element 'Object Repository/ingreso/android.widget.TextView - Omitir'

2023-05-25 11:53:03 - [TEST_STEP][PASSED] - tap(findTestObject("Object Repository/ingreso/android.widget.Button - Crear Cuenta"), 0): Tapped on element 'Object Repository/ingreso/android.widget.Button - Crear Cuenta'

2023-05-25 11:53:03 - [MESSAGE][WARNING] - Timeout '0' is invalid. Using default page load timeout: '30'

2023-05-25 11:53:05 - [MESSAGE][PASSED] - Tapped on element 'Object Repository/ingreso/android.widget.Button - Crear Cuenta'

2023-05-25 11:53:05 - [TEST_STEP][PASSED] - tap(findTestObject("Object Repository/ingreso/android.widget.Button - Enviar cdigo de registro"), 0): Tapped on element 'Object Repository/ingreso/android.widget.Button - Enviar cdigo de registro'

2023-05-25 11:53:05 - [MESSAGE][WARNING] - Timeout '0' is invalid. Using default page load timeout: '30'

2023-05-25 11:53:06 - [MESSAGE][PASSED] - Tapped on element 'Object Repository/ingreso/android.widget.Button - Enviar cdigo de registro'

2023-05-25 11:53:06 - [TEST_STEP][PASSED] - tap(findTestObject("Object Repository/ingreso/android.widget.Button - Continuar"), 0): Tapped on element 'Object Repository/ingreso/android.widget.Button - Continuar'

2023-05-25 11:53:06 - [MESSAGE][WARNING] - Timeout '0' is invalid. Using default page load timeout: '30'

2023-05-25 11:53:14 - [MESSAGE][PASSED] - Tapped on element 'Object Repository/ingreso/android.widget.Button - Continuar'

2023-05-25 11:53:14 - [TEST_STEP][PASSED] - setText(findTestObject("Object Repository/ingreso/android.widget.EditText - Apodo"), "libre02", 0): Text 'libre02' has been set to element 'Object Repository/ingreso/android.widget.EditText - Apodo'

2023-05-25 11:53:14 - [MESSAGE][WARNING] - Timeout '0' is invalid. Using default page load timeout: '30'

2023-05-25 11:53:18 - [MESSAGE][PASSED] - Text 'libre02' has been set to element 'Object Repository/ingreso/android.widget.EditText - Apodo'

2023-05-25 11:53:18 - [TEST_STEP][PASSED] - tap(findTestObject("Object Repository/ingreso/android.widget.Button - Siguiente"), 0): Tapped on element 'Object Repository/ingreso/android.widget.Button - Siguiente'

2023-05-25 11:53:18 - [MESSAGE][WARNING] - Timeout '0' is invalid. Using default page load timeout: '30'

2023-05-25 11:53:19 - [MESSAGE][PASSED] - Tapped on element 'Object Repository/ingreso/android.widget.Button - Siguiente'

2023-05-25 11:53:19 - [TEST_STEP][PASSED] - setText(findTestObject("Object Repository/ingreso/android.widget.EditText - Pin de Acceso"), "0000", 0): Text '0000' has been set to element 'Object Repository/ingreso/android.widget.EditText - Pin de Acceso'

2023-05-25 11:53:19 - [MESSAGE][WARNING] - Timeout '0' is invalid. Using default page load timeout: '30'

2023-05-25 11:53:23 - [MESSAGE][PASSED] - Text '0000' has been set to element 'Object Repository/ingreso/android.widget.EditText - Pin de Acceso'

2023-05-25 11:53:23 - [TEST_STEP][PASSED] - setText(findTestObject("Object Repository/ingreso/android.widget.EditText - Confirmar nuevo pin de acceso"), "0000", 0): Text '0000' has been set to element 'Object Repository/ingreso/android.widget.EditText - Confirmar nuevo pin de acceso'

2023-05-25 11:53:23 - [MESSAGE][WARNING] - Timeout '0' is invalid. Using default page load timeout: '30'

2023-05-25 11:53:25 - [MESSAGE][PASSED] - Text '0000' has been set to element 'Object Repository/ingreso/android.widget.EditText - Confirmar nuevo pin de acceso'

2023-05-25 11:53:25 - [TEST_STEP][PASSED] - tap(findTestObject("Object Repository/ingreso/android.widget.Button - Crear Cuenta (1)"), 0): Tapped on element 'Object Repository/ingreso/android.widget.Button - Crear Cuenta (1)'

2023-05-25 11:53:25 - [MESSAGE][WARNING] - Timeout '0' is invalid. Using default page load timeout: '30'

2023-05-25 11:53:26 - [MESSAGE][PASSED] - Tapped on element 'Object Repository/ingreso/android.widget.Button - Crear Cuenta (1)']]></system-out>
         <system-err><![CDATA[]]></system-err>
      </testcase>
      <testcase name="Test Cases/agregar" time="68.142" classname="Test Cases/agregar" status="PASSED">
         <system-out><![CDATA[2023-05-25 11:53:26 - [TEST_CASE][PASSED] - Test Cases/agregar: Test Cases/agregar

2023-05-25 11:53:26 - [TEST_STEP][PASSED] - tap(findTestObject("Object Repository/agregar/android.widget.ImageView"), 0): Tapped on element 'Object Repository/agregar/android.widget.ImageView'

2023-05-25 11:53:26 - [MESSAGE][WARNING] - Timeout '0' is invalid. Using default page load timeout: '30'

2023-05-25 11:53:29 - [MESSAGE][PASSED] - Tapped on element 'Object Repository/agregar/android.widget.ImageView'

2023-05-25 11:53:29 - [TEST_STEP][PASSED] - tap(findTestObject("Object Repository/agregar/android.widget.Button - Agregar contactos"), 0): Tapped on element 'Object Repository/agregar/android.widget.Button - Agregar contactos'

2023-05-25 11:53:29 - [MESSAGE][WARNING] - Timeout '0' is invalid. Using default page load timeout: '30'

2023-05-25 11:53:30 - [MESSAGE][PASSED] - Tapped on element 'Object Repository/agregar/android.widget.Button - Agregar contactos'

2023-05-25 11:53:30 - [TEST_STEP][PASSED] - setText(findTestObject("Object Repository/agregar/android.widget.EditText - Busca por apodo"), "prueba2134", 0): Text 'prueba2134' has been set to element 'Object Repository/agregar/android.widget.EditText - Busca por apodo'

2023-05-25 11:53:30 - [MESSAGE][WARNING] - Timeout '0' is invalid. Using default page load timeout: '30'

2023-05-25 11:53:34 - [MESSAGE][PASSED] - Text 'prueba2134' has been set to element 'Object Repository/agregar/android.widget.EditText - Busca por apodo'

2023-05-25 11:53:34 - [TEST_STEP][PASSED] - tap(findTestObject("Object Repository/agregar/android.widget.Button - AGREGAR"), 0): Tapped on element 'Object Repository/agregar/android.widget.Button - AGREGAR'

2023-05-25 11:53:34 - [MESSAGE][WARNING] - Timeout '0' is invalid. Using default page load timeout: '30'

2023-05-25 11:53:36 - [MESSAGE][PASSED] - Tapped on element 'Object Repository/agregar/android.widget.Button - AGREGAR'

2023-05-25 11:53:36 - [TEST_STEP][PASSED] - tap(findTestObject("Object Repository/agregar/android.widget.TextView"), 0): Tapped on element 'Object Repository/agregar/android.widget.TextView'

2023-05-25 11:53:36 - [MESSAGE][WARNING] - Timeout '0' is invalid. Using default page load timeout: '30'

2023-05-25 11:53:37 - [MESSAGE][PASSED] - Tapped on element 'Object Repository/agregar/android.widget.TextView'

2023-05-25 11:53:37 - [TEST_STEP][PASSED] - tap(findTestObject("agregar/android.widget.ImageButton"), 0): Tapped on element 'Object Repository/agregar/android.widget.ImageButton'

2023-05-25 11:53:37 - [MESSAGE][WARNING] - Timeout '0' is invalid. Using default page load timeout: '30'

2023-05-25 11:53:39 - [MESSAGE][PASSED] - Tapped on element 'Object Repository/agregar/android.widget.ImageButton'

2023-05-25 11:53:39 - [TEST_STEP][PASSED] - tap(findTestObject("Object Repository/agregar/android.view.ViewGroup"), 0): Tapped on element 'Object Repository/agregar/android.view.ViewGroup'

2023-05-25 11:53:39 - [MESSAGE][WARNING] - Timeout '0' is invalid. Using default page load timeout: '30'

2023-05-25 11:53:42 - [MESSAGE][PASSED] - Tapped on element 'Object Repository/agregar/android.view.ViewGroup'

2023-05-25 11:53:42 - [TEST_STEP][PASSED] - tap(findTestObject("Object Repository/agregar/android.widget.ImageButton (1)"), 0): Tapped on element 'Object Repository/agregar/android.widget.ImageButton (1)'

2023-05-25 11:53:42 - [MESSAGE][WARNING] - Timeout '0' is invalid. Using default page load timeout: '30'

2023-05-25 11:54:26 - [MESSAGE][PASSED] - Tapped on element 'Object Repository/agregar/android.widget.ImageButton (1)'

2023-05-25 11:54:26 - [TEST_STEP][PASSED] - tap(findTestObject("Object Repository/agregar/android.widget.FrameLayout"), 0): Tapped on element 'Object Repository/agregar/android.widget.FrameLayout'

2023-05-25 11:54:26 - [MESSAGE][WARNING] - Timeout '0' is invalid. Using default page load timeout: '30'

2023-05-25 11:54:27 - [MESSAGE][PASSED] - Tapped on element 'Object Repository/agregar/android.widget.FrameLayout'

2023-05-25 11:54:27 - [TEST_STEP][PASSED] - tapAndHold(findTestObject("Object Repository/agregar/android.view.ViewGroup (1)"), 1, 3): Tapped and held on element 'Object Repository/agregar/android.view.ViewGroup (1)' with duration 1

2023-05-25 11:54:31 - [MESSAGE][PASSED] - Tapped and held on element 'Object Repository/agregar/android.view.ViewGroup (1)' with duration 1

2023-05-25 11:54:31 - [TEST_STEP][PASSED] - tap(findTestObject("Object Repository/agregar/android.widget.LinearLayout"), 0): Tapped on element 'Object Repository/agregar/android.widget.LinearLayout'

2023-05-25 11:54:31 - [MESSAGE][WARNING] - Timeout '0' is invalid. Using default page load timeout: '30'

2023-05-25 11:54:32 - [MESSAGE][PASSED] - Tapped on element 'Object Repository/agregar/android.widget.LinearLayout'

2023-05-25 11:54:32 - [TEST_STEP][PASSED] - tap(findTestObject("Object Repository/agregar/android.widget.Button - Aceptar"), 0): Tapped on element 'Object Repository/agregar/android.widget.Button - Aceptar'

2023-05-25 11:54:32 - [MESSAGE][WARNING] - Timeout '0' is invalid. Using default page load timeout: '30'

2023-05-25 11:54:32 - [MESSAGE][PASSED] - Tapped on element 'Object Repository/agregar/android.widget.Button - Aceptar'

2023-05-25 11:54:32 - [TEST_STEP][PASSED] - tap(findTestObject("Object Repository/agregar/android.widget.FrameLayout (1)"), 0): Tapped on element 'Object Repository/agregar/android.widget.FrameLayout (1)'

2023-05-25 11:54:32 - [MESSAGE][WARNING] - Timeout '0' is invalid. Using default page load timeout: '30'

2023-05-25 11:54:33 - [MESSAGE][PASSED] - Tapped on element 'Object Repository/agregar/android.widget.FrameLayout (1)'

2023-05-25 11:54:33 - [TEST_STEP][PASSED] - tap(findTestObject("agregar/android.view.ViewGroup"), 0): Tapped on element 'Object Repository/agregar/android.view.ViewGroup'

2023-05-25 11:54:33 - [MESSAGE][WARNING] - Timeout '0' is invalid. Using default page load timeout: '30'

2023-05-25 11:54:34 - [MESSAGE][PASSED] - Tapped on element 'Object Repository/agregar/android.view.ViewGroup']]></system-out>
         <system-err><![CDATA[]]></system-err>
      </testcase>
      <testcase name="Test Cases/CPN40" time="20.528" classname="Test Cases/CPN40" status="PASSED">
         <system-out><![CDATA[2023-05-25 11:54:34 - [TEST_CASE][PASSED] - Test Cases/CPN40: Test Cases/CPN40

2023-05-25 11:54:34 - [TEST_STEP][PASSED] - tap(findTestObject("CPN40/android.widget.FrameLayout"), 0): Tapped on element 'Object Repository/CPN40/android.widget.FrameLayout'

2023-05-25 11:54:34 - [MESSAGE][WARNING] - Timeout '0' is invalid. Using default page load timeout: '30'

2023-05-25 11:54:35 - [MESSAGE][PASSED] - Tapped on element 'Object Repository/CPN40/android.widget.FrameLayout'

2023-05-25 11:54:35 - [TEST_STEP][PASSED] - tap(findTestObject("Object Repository/CPN40/android.widget.RadioButton - 1 minuto"), 0): Tapped on element 'Object Repository/CPN40/android.widget.RadioButton - 1 minuto'

2023-05-25 11:54:35 - [MESSAGE][WARNING] - Timeout '0' is invalid. Using default page load timeout: '30'

2023-05-25 11:54:36 - [MESSAGE][PASSED] - Tapped on element 'Object Repository/CPN40/android.widget.RadioButton - 1 minuto'

2023-05-25 11:54:36 - [TEST_STEP][PASSED] - tap(findTestObject("Object Repository/CPN40/android.widget.Button - Aceptar"), 0): Tapped on element 'Object Repository/CPN40/android.widget.Button - Aceptar'

2023-05-25 11:54:36 - [MESSAGE][WARNING] - Timeout '0' is invalid. Using default page load timeout: '30'

2023-05-25 11:54:37 - [MESSAGE][PASSED] - Tapped on element 'Object Repository/CPN40/android.widget.Button - Aceptar'

2023-05-25 11:54:37 - [TEST_STEP][PASSED] - tap(findTestObject("Object Repository/CPN40/android.widget.EditText - Escribir mensaje"), 0): Tapped on element 'Object Repository/CPN40/android.widget.EditText - Escribir mensaje'

2023-05-25 11:54:37 - [MESSAGE][WARNING] - Timeout '0' is invalid. Using default page load timeout: '30'

2023-05-25 11:54:39 - [MESSAGE][PASSED] - Tapped on element 'Object Repository/CPN40/android.widget.EditText - Escribir mensaje'

2023-05-25 11:54:39 - [TEST_STEP][PASSED] - setText(findTestObject("Object Repository/CPN40/android.widget.EditText - Escribir mensaje (1)"), "mensaje1", 0): Text 'mensaje1' has been set to element 'Object Repository/CPN40/android.widget.EditText - Escribir mensaje (1)'

2023-05-25 11:54:39 - [MESSAGE][WARNING] - Timeout '0' is invalid. Using default page load timeout: '30'

2023-05-25 11:54:41 - [MESSAGE][PASSED] - Text 'mensaje1' has been set to element 'Object Repository/CPN40/android.widget.EditText - Escribir mensaje (1)'

2023-05-25 11:54:41 - [TEST_STEP][PASSED] - tap(findTestObject("Object Repository/CPN40/android.widget.ImageButton"), 0): Tapped on element 'Object Repository/CPN40/android.widget.ImageButton'

2023-05-25 11:54:41 - [MESSAGE][WARNING] - Timeout '0' is invalid. Using default page load timeout: '30'

2023-05-25 11:54:42 - [MESSAGE][PASSED] - Tapped on element 'Object Repository/CPN40/android.widget.ImageButton'

2023-05-25 11:54:42 - [TEST_STEP][PASSED] - setText(findTestObject("CPN40/android.widget.EditText - Escribir mensaje (1)"), "mensaje2", 0): Text 'mensaje2' has been set to element 'Object Repository/CPN40/android.widget.EditText - Escribir mensaje (1)'

2023-05-25 11:54:42 - [MESSAGE][WARNING] - Timeout '0' is invalid. Using default page load timeout: '30'

2023-05-25 11:54:45 - [MESSAGE][PASSED] - Text 'mensaje2' has been set to element 'Object Repository/CPN40/android.widget.EditText - Escribir mensaje (1)'

2023-05-25 11:54:45 - [TEST_STEP][PASSED] - tap(findTestObject("CPN40/android.widget.ImageButton"), 0): Tapped on element 'Object Repository/CPN40/android.widget.ImageButton'

2023-05-25 11:54:45 - [MESSAGE][WARNING] - Timeout '0' is invalid. Using default page load timeout: '30'

2023-05-25 11:54:45 - [MESSAGE][PASSED] - Tapped on element 'Object Repository/CPN40/android.widget.ImageButton'

2023-05-25 11:54:45 - [TEST_STEP][PASSED] - setText(findTestObject("CPN40/android.widget.EditText - Escribir mensaje (1)"), "mensaje3", 0): Text 'mensaje3' has been set to element 'Object Repository/CPN40/android.widget.EditText - Escribir mensaje (1)'

2023-05-25 11:54:45 - [MESSAGE][WARNING] - Timeout '0' is invalid. Using default page load timeout: '30'

2023-05-25 11:54:48 - [MESSAGE][PASSED] - Text 'mensaje3' has been set to element 'Object Repository/CPN40/android.widget.EditText - Escribir mensaje (1)'

2023-05-25 11:54:48 - [TEST_STEP][PASSED] - tap(findTestObject("CPN40/android.widget.ImageButton"), 0): Tapped on element 'Object Repository/CPN40/android.widget.ImageButton'

2023-05-25 11:54:48 - [MESSAGE][WARNING] - Timeout '0' is invalid. Using default page load timeout: '30'

2023-05-25 11:54:49 - [MESSAGE][PASSED] - Tapped on element 'Object Repository/CPN40/android.widget.ImageButton'

2023-05-25 11:54:49 - [TEST_STEP][PASSED] - setText(findTestObject("CPN40/android.widget.EditText - Escribir mensaje (1)"), "mensaje4", 0): Text 'mensaje4' has been set to element 'Object Repository/CPN40/android.widget.EditText - Escribir mensaje (1)'

2023-05-25 11:54:49 - [MESSAGE][WARNING] - Timeout '0' is invalid. Using default page load timeout: '30'

2023-05-25 11:54:52 - [MESSAGE][PASSED] - Text 'mensaje4' has been set to element 'Object Repository/CPN40/android.widget.EditText - Escribir mensaje (1)'

2023-05-25 11:54:52 - [TEST_STEP][PASSED] - tap(findTestObject("CPN40/android.widget.ImageButton"), 0): Tapped on element 'Object Repository/CPN40/android.widget.ImageButton'

2023-05-25 11:54:52 - [MESSAGE][WARNING] - Timeout '0' is invalid. Using default page load timeout: '30'

2023-05-25 11:54:53 - [MESSAGE][PASSED] - Tapped on element 'Object Repository/CPN40/android.widget.ImageButton'

2023-05-25 11:54:53 - [TEST_STEP][PASSED] - tap(findTestObject("Object Repository/CPN40/android.widget.ImageButton (1)"), 0): Tapped on element 'Object Repository/CPN40/android.widget.ImageButton (1)'

2023-05-25 11:54:53 - [MESSAGE][WARNING] - Timeout '0' is invalid. Using default page load timeout: '30'

2023-05-25 11:54:55 - [MESSAGE][PASSED] - Tapped on element 'Object Repository/CPN40/android.widget.ImageButton (1)']]></system-out>
         <system-err><![CDATA[]]></system-err>
      </testcase>
      <system-out><![CDATA[2023-05-25 11:52:26 - [TEST_SUITE][PASSED] - prueba: Test Cases/CPN40]]></system-out>
      <system-err><![CDATA[]]></system-err>
   </testsuite>
</testsuites>
