<?xml version="1.0" encoding="UTF-8"?>
<testsuites name="PRUEBA" time="594.111" tests="26" failures="0" errors="0">
   <testsuite name="PRUEBA" tests="26" failures="0" errors="0" time="594.111" skipped="0" timestamp="2023-06-06 09:34:22" hostname="Testing - DESKTOP-OBIGNLU" id="Test Suites/PRUEBA">
      <properties>
         <property name="deviceName" value="samsung SM-A107M (Android 11)"/>
         <property name="devicePlatform" value=""/>
         <property name="logFolder" value="C:\\Users\\Testing\\Katalon Studio\\NN_Version2\\Reports\\20230606_093414\\PRUEBA\\20230606_093414"/>
         <property name="logFiles" value="C:\\Users\\Testing\\Katalon Studio\\NN_Version2\\Reports\\20230606_093414\\PRUEBA\\20230606_093414\\appium.log, C:\\Users\\Testing\\Katalon Studio\\NN_Version2\\Reports\\20230606_093414\\PRUEBA\\20230606_093414\\execution0.log"/>
         <property name="attachments" value=""/>
         <property name="hostName" value="Testing - DESKTOP-OBIGNLU"/>
         <property name="os" value="Windows 10 64bit"/>
         <property name="appiumServerStatus" value="{&quot;value&quot;:{&quot;build&quot;:{&quot;version&quot;:&quot;1.22.3&quot;}},&quot;sessionId&quot;:null,&quot;status&quot;:0}"/>
         <property name="katalonVersion" value="8.5.5.208"/>
         <property name="deviceOS" value="Android"/>
         <property name="appiumVersion" value="1.22.3"/>
         <property name="deviceModel" value="SM-A107M"/>
         <property name="hostAddress" value="192.168.1.6"/>
         <property name="deviceManufacturer" value="samsung"/>
         <property name="deviceId" value="R9WN40KBXDJ"/>
         <property name="deviceName" value="samsung SM-A107M (Android 11)"/>
         <property name="deviceOSVersion" value="11"/>
      </properties>
      <testcase name="Test Cases/CPNTUTORIAL/CPNTUTORIAL" time="45.877" classname="Test Cases/CPNTUTORIAL/CPNTUTORIAL" status="PASSED">
         <system-out><![CDATA[2023-06-06 09:34:22 - [TEST_CASE][PASSED] - Test Cases/CPNTUTORIAL/CPNTUTORIAL: Test Cases/CPNTUTORIAL/CPNTUTORIAL

2023-06-06 09:34:22 - [TEST_STEP][PASSED] - startApplication("C:\Users\Testing\Desktop\katalon\APK SERVIDOR NUEVO\NapoleoN.apk", true): Started app at: 'C:\Users\Testing\Desktop\katalon\APK SERVIDOR NUEVO\NapoleoN.apk'

2023-06-06 09:34:23 - [MESSAGE][INFO] - Detected NodeJS location: "C:\Program Files\nodejs\node.exe"

2023-06-06 09:34:25 - [MESSAGE][INFO] - Appium server started on port 62.205

2023-06-06 09:34:58 - [MESSAGE][PASSED] - Started app at: 'C:\Users\Testing\Desktop\katalon\APK SERVIDOR NUEVO\NapoleoN.apk'

2023-06-06 09:34:58 - [TEST_STEP][PASSED] - verifyElementText(findTestObject("Object Repository/CPNTUTORIAL/android.widget.FrameLayout (1)"), ""): Actual text and expected text of test object 'Object Repository/CPNTUTORIAL/android.widget.FrameLayout (1)' are matched.

2023-06-06 09:34:59 - [MESSAGE][PASSED] - Actual text and expected text of test object 'Object Repository/CPNTUTORIAL/android.widget.FrameLayout (1)' are matched.

2023-06-06 09:34:59 - [TEST_STEP][PASSED] - tap(findTestObject("Object Repository/CPNTUTORIAL/android.widget.TextView - Omitir"), 0): Tapped on element 'Object Repository/CPNTUTORIAL/android.widget.TextView - Omitir'

2023-06-06 09:35:00 - [MESSAGE][WARNING] - Timeout '0' is invalid. Using default page load timeout: '30'

2023-06-06 09:35:00 - [MESSAGE][PASSED] - Tapped on element 'Object Repository/CPNTUTORIAL/android.widget.TextView - Omitir'

2023-06-06 09:35:00 - [TEST_STEP][PASSED] - pressBack(): Press back button successfully

2023-06-06 09:35:01 - [MESSAGE][PASSED] - Press back button successfully

2023-06-06 09:35:01 - [TEST_STEP][PASSED] - toggleWifi("ON", STOP_ON_FAILURE): Toggled wifi

2023-06-06 09:35:02 - [MESSAGE][PASSED] - Toggled wifi

2023-06-06 09:35:02 - [TEST_STEP][PASSED] - tap(findTestObject("Object Repository/CPNTUTORIAL/android.widget.TextView - Siguiente"), 0): Tapped on element 'Object Repository/CPNTUTORIAL/android.widget.TextView - Siguiente'

2023-06-06 09:35:02 - [MESSAGE][WARNING] - Timeout '0' is invalid. Using default page load timeout: '30'

2023-06-06 09:35:02 - [MESSAGE][PASSED] - Tapped on element 'Object Repository/CPNTUTORIAL/android.widget.TextView - Siguiente'

2023-06-06 09:35:02 - [TEST_STEP][PASSED] - verifyElementText(findTestObject("CPNTUTORIAL/android.widget.FrameLayout"), ""): Actual text and expected text of test object 'Object Repository/CPNTUTORIAL/android.widget.FrameLayout' are matched.

2023-06-06 09:35:03 - [MESSAGE][PASSED] - Actual text and expected text of test object 'Object Repository/CPNTUTORIAL/android.widget.FrameLayout' are matched.

2023-06-06 09:35:03 - [TEST_STEP][PASSED] - tap(findTestObject("Object Repository/CPNTUTORIAL/android.widget.TextView - Siguiente (1)"), 0): Tapped on element 'Object Repository/CPNTUTORIAL/android.widget.TextView - Siguiente (1)'

2023-06-06 09:35:03 - [MESSAGE][WARNING] - Timeout '0' is invalid. Using default page load timeout: '30'

2023-06-06 09:35:03 - [MESSAGE][PASSED] - Tapped on element 'Object Repository/CPNTUTORIAL/android.widget.TextView - Siguiente (1)'

2023-06-06 09:35:03 - [TEST_STEP][PASSED] - verifyElementText(findTestObject("CPNTUTORIAL/android.widget.FrameLayout"), ""): Actual text and expected text of test object 'Object Repository/CPNTUTORIAL/android.widget.FrameLayout' are matched.

2023-06-06 09:35:04 - [MESSAGE][PASSED] - Actual text and expected text of test object 'Object Repository/CPNTUTORIAL/android.widget.FrameLayout' are matched.

2023-06-06 09:35:04 - [TEST_STEP][PASSED] - tap(findTestObject("CPNTUTORIAL/android.widget.TextView - Siguiente (1)"), 0): Tapped on element 'Object Repository/CPNTUTORIAL/android.widget.TextView - Siguiente (1)'

2023-06-06 09:35:04 - [MESSAGE][WARNING] - Timeout '0' is invalid. Using default page load timeout: '30'

2023-06-06 09:35:04 - [MESSAGE][PASSED] - Tapped on element 'Object Repository/CPNTUTORIAL/android.widget.TextView - Siguiente (1)'

2023-06-06 09:35:04 - [TEST_STEP][PASSED] - tap(findTestObject("CPNTUTORIAL/android.widget.TextView - Siguiente (1)"), 0): Tapped on element 'Object Repository/CPNTUTORIAL/android.widget.TextView - Siguiente (1)'

2023-06-06 09:35:05 - [MESSAGE][WARNING] - Timeout '0' is invalid. Using default page load timeout: '30'

2023-06-06 09:35:05 - [MESSAGE][PASSED] - Tapped on element 'Object Repository/CPNTUTORIAL/android.widget.TextView - Siguiente (1)'

2023-06-06 09:35:05 - [TEST_STEP][PASSED] - verifyElementText(findTestObject("CPNTUTORIAL/android.widget.FrameLayout"), ""): Actual text and expected text of test object 'Object Repository/CPNTUTORIAL/android.widget.FrameLayout' are matched.

2023-06-06 09:35:06 - [MESSAGE][PASSED] - Actual text and expected text of test object 'Object Repository/CPNTUTORIAL/android.widget.FrameLayout' are matched.

2023-06-06 09:35:06 - [TEST_STEP][PASSED] - tap(findTestObject("CPNTUTORIAL/android.widget.TextView - Siguiente (1)"), 0): Tapped on element 'Object Repository/CPNTUTORIAL/android.widget.TextView - Siguiente (1)'

2023-06-06 09:35:06 - [MESSAGE][WARNING] - Timeout '0' is invalid. Using default page load timeout: '30'

2023-06-06 09:35:07 - [MESSAGE][PASSED] - Tapped on element 'Object Repository/CPNTUTORIAL/android.widget.TextView - Siguiente (1)'

2023-06-06 09:35:07 - [TEST_STEP][PASSED] - verifyElementText(findTestObject("CPNTUTORIAL/android.widget.FrameLayout"), ""): Actual text and expected text of test object 'Object Repository/CPNTUTORIAL/android.widget.FrameLayout' are matched.

2023-06-06 09:35:07 - [MESSAGE][PASSED] - Actual text and expected text of test object 'Object Repository/CPNTUTORIAL/android.widget.FrameLayout' are matched.

2023-06-06 09:35:07 - [TEST_STEP][PASSED] - tap(findTestObject("Object Repository/CPNTUTORIAL/android.widget.TextView - Empezar"), 0): Tapped on element 'Object Repository/CPNTUTORIAL/android.widget.TextView - Empezar'

2023-06-06 09:35:08 - [MESSAGE][WARNING] - Timeout '0' is invalid. Using default page load timeout: '30'

2023-06-06 09:35:08 - [MESSAGE][PASSED] - Tapped on element 'Object Repository/CPNTUTORIAL/android.widget.TextView - Empezar']]></system-out>
         <system-err><![CDATA[]]></system-err>
      </testcase>
      <testcase name="Test Cases/Abrir_App/CPN1" time="6.456" classname="Test Cases/Abrir_App/CPN1" status="PASSED">
         <system-out><![CDATA[2023-06-06 09:35:08 - [TEST_CASE][PASSED] - Test Cases/Abrir_App/CPN1: Test Cases/Abrir_App/CPN1

2023-06-06 09:35:08 - [TEST_STEP][PASSED] - pressBack(): Press back button successfully

2023-06-06 09:35:09 - [MESSAGE][PASSED] - Press back button successfully

2023-06-06 09:35:09 - [TEST_STEP][PASSED] - pressBack(): Press back button successfully

2023-06-06 09:35:09 - [MESSAGE][PASSED] - Press back button successfully

2023-06-06 09:35:09 - [TEST_STEP][PASSED] - toggleWifi("OFF", STOP_ON_FAILURE): Toggled wifi

2023-06-06 09:35:10 - [MESSAGE][PASSED] - Toggled wifi

2023-06-06 09:35:10 - [TEST_STEP][PASSED] - tap(findTestObject("Object Repository/Abrir_App/CPN1/android.widget.TextView - NapoleoN"), 0): Tapped on element 'Object Repository/Abrir_App/CPN1/android.widget.TextView - NapoleoN'

2023-06-06 09:35:10 - [MESSAGE][WARNING] - Timeout '0' is invalid. Using default page load timeout: '30'

2023-06-06 09:35:11 - [MESSAGE][PASSED] - Tapped on element 'Object Repository/Abrir_App/CPN1/android.widget.TextView - NapoleoN'

2023-06-06 09:35:11 - [TEST_STEP][PASSED] - delay(2): Delayed 2 second(s)

2023-06-06 09:35:13 - [MESSAGE][PASSED] - Delayed 2 second(s)

2023-06-06 09:35:13 - [TEST_STEP][PASSED] - toggleWifi("ON", STOP_ON_FAILURE): Toggled wifi

2023-06-06 09:35:14 - [MESSAGE][PASSED] - Toggled wifi]]></system-out>
         <system-err><![CDATA[]]></system-err>
      </testcase>
      <testcase name="Test Cases/Abrir_App/CPN2" time="6.028" classname="Test Cases/Abrir_App/CPN2" status="PASSED">
         <system-out><![CDATA[2023-06-06 09:35:14 - [TEST_CASE][PASSED] - Test Cases/Abrir_App/CPN2: Test Cases/Abrir_App/CPN2

2023-06-06 09:35:15 - [TEST_STEP][PASSED] - pressBack(): Press back button successfully

2023-06-06 09:35:15 - [MESSAGE][PASSED] - Press back button successfully

2023-06-06 09:35:15 - [TEST_STEP][PASSED] - pressBack(): Press back button successfully

2023-06-06 09:35:16 - [MESSAGE][PASSED] - Press back button successfully

2023-06-06 09:35:16 - [TEST_STEP][PASSED] - tap(findTestObject("Object Repository/CPN2/android.widget.TextView - NapoleoN"), 0): Tapped on element 'Object Repository/CPN2/android.widget.TextView - NapoleoN'

2023-06-06 09:35:16 - [MESSAGE][WARNING] - Timeout '0' is invalid. Using default page load timeout: '30'

2023-06-06 09:35:17 - [MESSAGE][PASSED] - Tapped on element 'Object Repository/CPN2/android.widget.TextView - NapoleoN'

2023-06-06 09:35:17 - [TEST_STEP][PASSED] - toggleWifi("off", STOP_ON_FAILURE): Toggled wifi

2023-06-06 09:35:18 - [MESSAGE][PASSED] - Toggled wifi

2023-06-06 09:35:18 - [TEST_STEP][PASSED] - delay(2, STOP_ON_FAILURE): Delayed 2 second(s)

2023-06-06 09:35:20 - [MESSAGE][PASSED] - Delayed 2 second(s)]]></system-out>
         <system-err><![CDATA[]]></system-err>
      </testcase>
      <testcase name="Test Cases/Abrir_App/CPN3" time="17.474" classname="Test Cases/Abrir_App/CPN3" status="PASSED">
         <system-out><![CDATA[2023-06-06 09:35:20 - [TEST_CASE][PASSED] - Test Cases/Abrir_App/CPN3: Test Cases/Abrir_App/CPN3

2023-06-06 09:35:21 - [TEST_STEP][PASSED] - pressBack(): Press back button successfully

2023-06-06 09:35:21 - [MESSAGE][PASSED] - Press back button successfully

2023-06-06 09:35:21 - [TEST_STEP][PASSED] - pressBack(): Press back button successfully

2023-06-06 09:35:22 - [MESSAGE][PASSED] - Press back button successfully

2023-06-06 09:35:22 - [TEST_STEP][PASSED] - toggleWifi("ON", STOP_ON_FAILURE): Toggled wifi

2023-06-06 09:35:23 - [MESSAGE][PASSED] - Toggled wifi

2023-06-06 09:35:23 - [TEST_STEP][PASSED] - delay(4): Delayed 4 second(s)

2023-06-06 09:35:27 - [MESSAGE][PASSED] - Delayed 4 second(s)

2023-06-06 09:35:27 - [TEST_STEP][PASSED] - toggleWifi("OFF", STOP_ON_FAILURE): Toggled wifi

2023-06-06 09:35:28 - [MESSAGE][PASSED] - Toggled wifi

2023-06-06 09:35:28 - [TEST_STEP][PASSED] - tap(findTestObject("Abrir_App/CPN1/android.widget.TextView - NapoleoN"), 0): Tapped on element 'Object Repository/Abrir_App/CPN1/android.widget.TextView - NapoleoN'

2023-06-06 09:35:28 - [MESSAGE][WARNING] - Timeout '0' is invalid. Using default page load timeout: '30'

2023-06-06 09:35:28 - [MESSAGE][PASSED] - Tapped on element 'Object Repository/Abrir_App/CPN1/android.widget.TextView - NapoleoN'

2023-06-06 09:35:28 - [TEST_STEP][PASSED] - tap(findTestObject("Abrir_App/CPN3/android.widget.Button - Crear Cuenta"), 0): Tapped on element 'Object Repository/Abrir_App/CPN3/android.widget.Button - Crear Cuenta'

2023-06-06 09:35:29 - [MESSAGE][WARNING] - Timeout '0' is invalid. Using default page load timeout: '30'

2023-06-06 09:35:30 - [MESSAGE][PASSED] - Tapped on element 'Object Repository/Abrir_App/CPN3/android.widget.Button - Crear Cuenta'

2023-06-06 09:35:30 - [TEST_STEP][PASSED] - delay(3): Delayed 3 second(s)

2023-06-06 09:35:33 - [MESSAGE][PASSED] - Delayed 3 second(s)

2023-06-06 09:35:33 - [TEST_STEP][PASSED] - tap(findTestObject("Object Repository/Abrir_App/CPN3/android.widget.Button - Enviar cdigo de registro"), 0): Tapped on element 'Object Repository/Abrir_App/CPN3/android.widget.Button - Enviar cdigo de registro'

2023-06-06 09:35:33 - [MESSAGE][WARNING] - Timeout '0' is invalid. Using default page load timeout: '30'

2023-06-06 09:35:34 - [MESSAGE][PASSED] - Tapped on element 'Object Repository/Abrir_App/CPN3/android.widget.Button - Enviar cdigo de registro'

2023-06-06 09:35:34 - [TEST_STEP][PASSED] - verifyElementVisible(findTestObject("Object Repository/Abrir_App/CPN3/android.widget.FrameLayout"), 0): Element 'Object Repository/Abrir_App/CPN3/android.widget.FrameLayout' is visible

2023-06-06 09:35:34 - [MESSAGE][WARNING] - Timeout '0' is invalid. Using default page load timeout: '30'

2023-06-06 09:35:36 - [MESSAGE][PASSED] - Element 'Object Repository/Abrir_App/CPN3/android.widget.FrameLayout' is visible

2023-06-06 09:35:36 - [TEST_STEP][PASSED] - tap(findTestObject("Object Repository/Abrir_App/CPN3/android.widget.Button - OK"), 0): Tapped on element 'Object Repository/Abrir_App/CPN3/android.widget.Button - OK'

2023-06-06 09:35:36 - [MESSAGE][WARNING] - Timeout '0' is invalid. Using default page load timeout: '30'

2023-06-06 09:35:37 - [MESSAGE][PASSED] - Tapped on element 'Object Repository/Abrir_App/CPN3/android.widget.Button - OK'

2023-06-06 09:35:37 - [TEST_STEP][PASSED] - toggleWifi("ON", STOP_ON_FAILURE): Toggled wifi

2023-06-06 09:35:38 - [MESSAGE][PASSED] - Toggled wifi]]></system-out>
         <system-err><![CDATA[]]></system-err>
      </testcase>
      <testcase name="Test Cases/INICIA_SESION_APODO_INEXISTENTE3.1/CPN21" time="25.163" classname="Test Cases/INICIA_SESION_APODO_INEXISTENTE3.1/CPN21" status="PASSED">
         <system-out><![CDATA[2023-06-06 09:35:38 - [TEST_CASE][PASSED] - Test Cases/INICIA_SESION_APODO_INEXISTENTE3.1/CPN21: Test Cases/INICIA_SESION_APODO_INEXISTENTE3.1/CPN21

2023-06-06 09:35:38 - [TEST_STEP][PASSED] - delay(2): Delayed 2 second(s)

2023-06-06 09:35:40 - [MESSAGE][PASSED] - Delayed 2 second(s)

2023-06-06 09:35:40 - [TEST_STEP][PASSED] - tap(findTestObject("Object Repository/INICIA_SESION_APODO_INEXISTENTE/CPN21/android.widget.ImageButton"), 0): Tapped on element 'Object Repository/INICIA_SESION_APODO_INEXISTENTE/CPN21/android.widget.ImageButton'

2023-06-06 09:35:40 - [MESSAGE][WARNING] - Timeout '0' is invalid. Using default page load timeout: '30'

2023-06-06 09:35:41 - [MESSAGE][PASSED] - Tapped on element 'Object Repository/INICIA_SESION_APODO_INEXISTENTE/CPN21/android.widget.ImageButton'

2023-06-06 09:35:41 - [TEST_STEP][PASSED] - tap(findTestObject("Object Repository/INICIA_SESION_APODO_INEXISTENTE/CPN21/android.widget.TextView - Iniciar sesin"), 0): Tapped on element 'Object Repository/INICIA_SESION_APODO_INEXISTENTE/CPN21/android.widget.TextView - Iniciar sesin'

2023-06-06 09:35:42 - [MESSAGE][WARNING] - Timeout '0' is invalid. Using default page load timeout: '30'

2023-06-06 09:35:42 - [MESSAGE][PASSED] - Tapped on element 'Object Repository/INICIA_SESION_APODO_INEXISTENTE/CPN21/android.widget.TextView - Iniciar sesin'

2023-06-06 09:35:42 - [TEST_STEP][PASSED] - verifyElementText(findTestObject("Object Repository/INICIA_SESION_APODO_INEXISTENTE/CPN21/android.widget.TextView - Recuperar Cuenta"), "Recuperar Cuenta"): Actual text and expected text of test object 'Object Repository/INICIA_SESION_APODO_INEXISTENTE/CPN21/android.widget.TextView - Recuperar Cuenta' are matched.

2023-06-06 09:35:44 - [MESSAGE][PASSED] - Actual text and expected text of test object 'Object Repository/INICIA_SESION_APODO_INEXISTENTE/CPN21/android.widget.TextView - Recuperar Cuenta' are matched.

2023-06-06 09:35:44 - [TEST_STEP][PASSED] - tap(findTestObject("Object Repository/INICIA_SESION_APODO_INEXISTENTE/CPN21/android.widget.EditText - Apodo"), 0): Tapped on element 'Object Repository/INICIA_SESION_APODO_INEXISTENTE/CPN21/android.widget.EditText - Apodo'

2023-06-06 09:35:44 - [MESSAGE][WARNING] - Timeout '0' is invalid. Using default page load timeout: '30'

2023-06-06 09:35:44 - [MESSAGE][PASSED] - Tapped on element 'Object Repository/INICIA_SESION_APODO_INEXISTENTE/CPN21/android.widget.EditText - Apodo'

2023-06-06 09:35:44 - [TEST_STEP][PASSED] - setText(findTestObject("Object Repository/INICIA_SESION_APODO_INEXISTENTE/CPN21/android.widget.EditText - Apodo (1)"), "AUTOMATIZACION", 0): Text 'AUTOMATIZACION' has been set to element 'Object Repository/INICIA_SESION_APODO_INEXISTENTE/CPN21/android.widget.EditText - Apodo (1)'

2023-06-06 09:35:45 - [MESSAGE][WARNING] - Timeout '0' is invalid. Using default page load timeout: '30'

2023-06-06 09:35:47 - [MESSAGE][PASSED] - Text 'AUTOMATIZACION' has been set to element 'Object Repository/INICIA_SESION_APODO_INEXISTENTE/CPN21/android.widget.EditText - Apodo (1)'

2023-06-06 09:35:47 - [TEST_STEP][PASSED] - hideKeyboard(): Keyboard is hidden

2023-06-06 09:35:50 - [MESSAGE][PASSED] - Keyboard is hidden

2023-06-06 09:35:50 - [TEST_STEP][PASSED] - tap(findTestObject("Object Repository/INICIA_SESION_APODO_INEXISTENTE/CPN21/android.widget.Button - Recuperar"), 0): Tapped on element 'Object Repository/INICIA_SESION_APODO_INEXISTENTE/CPN21/android.widget.Button - Recuperar'

2023-06-06 09:35:50 - [MESSAGE][WARNING] - Timeout '0' is invalid. Using default page load timeout: '30'

2023-06-06 09:35:50 - [MESSAGE][PASSED] - Tapped on element 'Object Repository/INICIA_SESION_APODO_INEXISTENTE/CPN21/android.widget.Button - Recuperar'

2023-06-06 09:35:50 - [TEST_STEP][PASSED] - tap(findTestObject("Object Repository/INICIA_SESION_APODO_INEXISTENTE/CPN21/android.widget.RadioButton - No eleg esta pregunta"), 0): Tapped on element 'Object Repository/INICIA_SESION_APODO_INEXISTENTE/CPN21/android.widget.RadioButton - No eleg esta pregunta'

2023-06-06 09:35:50 - [MESSAGE][WARNING] - Timeout '0' is invalid. Using default page load timeout: '30'

2023-06-06 09:35:52 - [MESSAGE][PASSED] - Tapped on element 'Object Repository/INICIA_SESION_APODO_INEXISTENTE/CPN21/android.widget.RadioButton - No eleg esta pregunta'

2023-06-06 09:35:52 - [TEST_STEP][PASSED] - tap(findTestObject("Object Repository/INICIA_SESION_APODO_INEXISTENTE/CPN21/android.widget.Button - Siguiente"), 0): Tapped on element 'Object Repository/INICIA_SESION_APODO_INEXISTENTE/CPN21/android.widget.Button - Siguiente'

2023-06-06 09:35:52 - [MESSAGE][WARNING] - Timeout '0' is invalid. Using default page load timeout: '30'

2023-06-06 09:35:54 - [MESSAGE][PASSED] - Tapped on element 'Object Repository/INICIA_SESION_APODO_INEXISTENTE/CPN21/android.widget.Button - Siguiente'

2023-06-06 09:35:54 - [TEST_STEP][PASSED] - tap(findTestObject("Object Repository/INICIA_SESION_APODO_INEXISTENTE/CPN21/android.widget.Button - Siguiente (1)"), 0): Tapped on element 'Object Repository/INICIA_SESION_APODO_INEXISTENTE/CPN21/android.widget.Button - Siguiente (1)'

2023-06-06 09:35:54 - [MESSAGE][WARNING] - Timeout '0' is invalid. Using default page load timeout: '30'

2023-06-06 09:35:54 - [MESSAGE][PASSED] - Tapped on element 'Object Repository/INICIA_SESION_APODO_INEXISTENTE/CPN21/android.widget.Button - Siguiente (1)'

2023-06-06 09:35:54 - [TEST_STEP][PASSED] - tap(findTestObject("Object Repository/INICIA_SESION_APODO_INEXISTENTE/CPN21/android.widget.RadioGroup"), 0): Tapped on element 'Object Repository/INICIA_SESION_APODO_INEXISTENTE/CPN21/android.widget.RadioGroup'

2023-06-06 09:35:54 - [MESSAGE][WARNING] - Timeout '0' is invalid. Using default page load timeout: '30'

2023-06-06 09:35:54 - [MESSAGE][PASSED] - Tapped on element 'Object Repository/INICIA_SESION_APODO_INEXISTENTE/CPN21/android.widget.RadioGroup'

2023-06-06 09:35:54 - [TEST_STEP][PASSED] - tap(findTestObject("INICIA_SESION_APODO_INEXISTENTE/CPN21/android.widget.Button - Siguiente (1)"), 0): Tapped on element 'Object Repository/INICIA_SESION_APODO_INEXISTENTE/CPN21/android.widget.Button - Siguiente (1)'

2023-06-06 09:35:54 - [MESSAGE][WARNING] - Timeout '0' is invalid. Using default page load timeout: '30'

2023-06-06 09:35:55 - [MESSAGE][PASSED] - Tapped on element 'Object Repository/INICIA_SESION_APODO_INEXISTENTE/CPN21/android.widget.Button - Siguiente (1)'

2023-06-06 09:35:55 - [TEST_STEP][PASSED] - tap(findTestObject("Object Repository/INICIA_SESION_APODO_INEXISTENTE/CPN21/android.widget.RadioGroup (1)"), 0): Tapped on element 'Object Repository/INICIA_SESION_APODO_INEXISTENTE/CPN21/android.widget.RadioGroup (1)'

2023-06-06 09:35:55 - [MESSAGE][WARNING] - Timeout '0' is invalid. Using default page load timeout: '30'

2023-06-06 09:35:56 - [MESSAGE][PASSED] - Tapped on element 'Object Repository/INICIA_SESION_APODO_INEXISTENTE/CPN21/android.widget.RadioGroup (1)'

2023-06-06 09:35:56 - [TEST_STEP][PASSED] - tap(findTestObject("INICIA_SESION_APODO_INEXISTENTE/CPN21/android.widget.Button - Siguiente (1)"), 0): Tapped on element 'Object Repository/INICIA_SESION_APODO_INEXISTENTE/CPN21/android.widget.Button - Siguiente (1)'

2023-06-06 09:35:56 - [MESSAGE][WARNING] - Timeout '0' is invalid. Using default page load timeout: '30'

2023-06-06 09:35:58 - [MESSAGE][PASSED] - Tapped on element 'Object Repository/INICIA_SESION_APODO_INEXISTENTE/CPN21/android.widget.Button - Siguiente (1)'

2023-06-06 09:35:58 - [TEST_STEP][PASSED] - tap(findTestObject("INICIA_SESION_APODO_INEXISTENTE/CPN21/android.widget.Button - Siguiente (1)"), 0): Tapped on element 'Object Repository/INICIA_SESION_APODO_INEXISTENTE/CPN21/android.widget.Button - Siguiente (1)'

2023-06-06 09:35:58 - [MESSAGE][WARNING] - Timeout '0' is invalid. Using default page load timeout: '30'

2023-06-06 09:35:58 - [MESSAGE][PASSED] - Tapped on element 'Object Repository/INICIA_SESION_APODO_INEXISTENTE/CPN21/android.widget.Button - Siguiente (1)'

2023-06-06 09:35:58 - [TEST_STEP][PASSED] - tap(findTestObject("INICIA_SESION_APODO_INEXISTENTE/CPN21/android.widget.RadioGroup (1)"), 0): Tapped on element 'Object Repository/INICIA_SESION_APODO_INEXISTENTE/CPN21/android.widget.RadioGroup (1)'

2023-06-06 09:35:58 - [MESSAGE][WARNING] - Timeout '0' is invalid. Using default page load timeout: '30'

2023-06-06 09:35:58 - [MESSAGE][PASSED] - Tapped on element 'Object Repository/INICIA_SESION_APODO_INEXISTENTE/CPN21/android.widget.RadioGroup (1)'

2023-06-06 09:35:58 - [TEST_STEP][PASSED] - tap(findTestObject("INICIA_SESION_APODO_INEXISTENTE/CPN21/android.widget.Button - Siguiente (1)"), 0): Tapped on element 'Object Repository/INICIA_SESION_APODO_INEXISTENTE/CPN21/android.widget.Button - Siguiente (1)'

2023-06-06 09:35:58 - [MESSAGE][WARNING] - Timeout '0' is invalid. Using default page load timeout: '30'

2023-06-06 09:36:00 - [MESSAGE][PASSED] - Tapped on element 'Object Repository/INICIA_SESION_APODO_INEXISTENTE/CPN21/android.widget.Button - Siguiente (1)'

2023-06-06 09:36:00 - [TEST_STEP][PASSED] - tap(findTestObject("INICIA_SESION_APODO_INEXISTENTE/CPN21/android.widget.RadioGroup (1)"), 0): Tapped on element 'Object Repository/INICIA_SESION_APODO_INEXISTENTE/CPN21/android.widget.RadioGroup (1)'

2023-06-06 09:36:00 - [MESSAGE][WARNING] - Timeout '0' is invalid. Using default page load timeout: '30'

2023-06-06 09:36:00 - [MESSAGE][PASSED] - Tapped on element 'Object Repository/INICIA_SESION_APODO_INEXISTENTE/CPN21/android.widget.RadioGroup (1)'

2023-06-06 09:36:00 - [TEST_STEP][PASSED] - tap(findTestObject("Object Repository/INICIA_SESION_APODO_INEXISTENTE/CPN21/android.widget.Button - Finalizar"), 0): Tapped on element 'Object Repository/INICIA_SESION_APODO_INEXISTENTE/CPN21/android.widget.Button - Finalizar'

2023-06-06 09:36:01 - [MESSAGE][WARNING] - Timeout '0' is invalid. Using default page load timeout: '30'

2023-06-06 09:36:01 - [MESSAGE][PASSED] - Tapped on element 'Object Repository/INICIA_SESION_APODO_INEXISTENTE/CPN21/android.widget.Button - Finalizar'

2023-06-06 09:36:01 - [TEST_STEP][PASSED] - verifyElementVisible(findTestObject("Object Repository/INICIA_SESION_APODO_INEXISTENTE/CPN21/androidx.appcompat.widget.LinearLayoutCompat"), 0): Element 'Object Repository/INICIA_SESION_APODO_INEXISTENTE/CPN21/androidx.appcompat.widget.LinearLayoutCompat' is visible

2023-06-06 09:36:01 - [MESSAGE][WARNING] - Timeout '0' is invalid. Using default page load timeout: '30'

2023-06-06 09:36:03 - [MESSAGE][PASSED] - Element 'Object Repository/INICIA_SESION_APODO_INEXISTENTE/CPN21/androidx.appcompat.widget.LinearLayoutCompat' is visible

2023-06-06 09:36:03 - [TEST_STEP][PASSED] - tap(findTestObject("Object Repository/INICIA_SESION_APODO_INEXISTENTE/CPN21/android.widget.Button - Cerrar"), 0): Tapped on element 'Object Repository/INICIA_SESION_APODO_INEXISTENTE/CPN21/android.widget.Button - Cerrar'

2023-06-06 09:36:03 - [MESSAGE][WARNING] - Timeout '0' is invalid. Using default page load timeout: '30'

2023-06-06 09:36:03 - [MESSAGE][PASSED] - Tapped on element 'Object Repository/INICIA_SESION_APODO_INEXISTENTE/CPN21/android.widget.Button - Cerrar']]></system-out>
         <system-err><![CDATA[]]></system-err>
      </testcase>
      <testcase name="Test Cases/INICIA_SESION_APODO_EXISTENTE3.2/CPN22" time="18.405" classname="Test Cases/INICIA_SESION_APODO_EXISTENTE3.2/CPN22" status="PASSED">
         <system-out><![CDATA[2023-06-06 09:36:03 - [TEST_CASE][PASSED] - Test Cases/INICIA_SESION_APODO_EXISTENTE3.2/CPN22: Test Cases/INICIA_SESION_APODO_EXISTENTE3.2/CPN22

2023-06-06 09:36:03 - [TEST_STEP][PASSED] - tap(findTestObject("Object Repository/INICIA_SESION_APODO_EXISTENTE/CPN22/android.widget.EditText - Apodo"), 0): Tapped on element 'Object Repository/INICIA_SESION_APODO_EXISTENTE/CPN22/android.widget.EditText - Apodo'

2023-06-06 09:36:03 - [MESSAGE][WARNING] - Timeout '0' is invalid. Using default page load timeout: '30'

2023-06-06 09:36:06 - [MESSAGE][PASSED] - Tapped on element 'Object Repository/INICIA_SESION_APODO_EXISTENTE/CPN22/android.widget.EditText - Apodo'

2023-06-06 09:36:06 - [TEST_STEP][PASSED] - setText(findTestObject("Object Repository/INICIA_SESION_APODO_EXISTENTE/CPN22/android.widget.EditText - Apodo (1)"), "EDWIN_1324", 0): Text 'EDWIN_1324' has been set to element 'Object Repository/INICIA_SESION_APODO_EXISTENTE/CPN22/android.widget.EditText - Apodo (1)'

2023-06-06 09:36:06 - [MESSAGE][WARNING] - Timeout '0' is invalid. Using default page load timeout: '30'

2023-06-06 09:36:07 - [MESSAGE][PASSED] - Text 'EDWIN_1324' has been set to element 'Object Repository/INICIA_SESION_APODO_EXISTENTE/CPN22/android.widget.EditText - Apodo (1)'

2023-06-06 09:36:07 - [TEST_STEP][PASSED] - hideKeyboard(): Keyboard is hidden

2023-06-06 09:36:09 - [MESSAGE][PASSED] - Keyboard is hidden

2023-06-06 09:36:09 - [TEST_STEP][PASSED] - tap(findTestObject("Object Repository/INICIA_SESION_APODO_EXISTENTE/CPN22/android.widget.Button - Recuperar"), 0): Tapped on element 'Object Repository/INICIA_SESION_APODO_EXISTENTE/CPN22/android.widget.Button - Recuperar'

2023-06-06 09:36:09 - [MESSAGE][WARNING] - Timeout '0' is invalid. Using default page load timeout: '30'

2023-06-06 09:36:09 - [MESSAGE][PASSED] - Tapped on element 'Object Repository/INICIA_SESION_APODO_EXISTENTE/CPN22/android.widget.Button - Recuperar'

2023-06-06 09:36:09 - [TEST_STEP][PASSED] - tap(findTestObject("INICIA_SESION_APODO_EXISTENTE/CPN22/android.widget.RadioGroup"), 0): Tapped on element 'Object Repository/INICIA_SESION_APODO_EXISTENTE/CPN22/android.widget.RadioGroup'

2023-06-06 09:36:10 - [MESSAGE][WARNING] - Timeout '0' is invalid. Using default page load timeout: '30'

2023-06-06 09:36:11 - [MESSAGE][PASSED] - Tapped on element 'Object Repository/INICIA_SESION_APODO_EXISTENTE/CPN22/android.widget.RadioGroup'

2023-06-06 09:36:11 - [TEST_STEP][PASSED] - tap(findTestObject("Object Repository/INICIA_SESION_APODO_EXISTENTE/CPN22/android.widget.Button - Siguiente"), 0): Tapped on element 'Object Repository/INICIA_SESION_APODO_EXISTENTE/CPN22/android.widget.Button - Siguiente'

2023-06-06 09:36:11 - [MESSAGE][WARNING] - Timeout '0' is invalid. Using default page load timeout: '30'

2023-06-06 09:36:12 - [MESSAGE][PASSED] - Tapped on element 'Object Repository/INICIA_SESION_APODO_EXISTENTE/CPN22/android.widget.Button - Siguiente'

2023-06-06 09:36:12 - [TEST_STEP][PASSED] - tap(findTestObject("Object Repository/INICIA_SESION_APODO_EXISTENTE/CPN22/android.widget.Button - Siguiente (1)"), 0): Tapped on element 'Object Repository/INICIA_SESION_APODO_EXISTENTE/CPN22/android.widget.Button - Siguiente (1)'

2023-06-06 09:36:12 - [MESSAGE][WARNING] - Timeout '0' is invalid. Using default page load timeout: '30'

2023-06-06 09:36:13 - [MESSAGE][PASSED] - Tapped on element 'Object Repository/INICIA_SESION_APODO_EXISTENTE/CPN22/android.widget.Button - Siguiente (1)'

2023-06-06 09:36:13 - [TEST_STEP][PASSED] - tap(findTestObject("Object Repository/INICIA_SESION_APODO_EXISTENTE/CPN22/android.widget.RadioGroup (1)"), 0): Tapped on element 'Object Repository/INICIA_SESION_APODO_EXISTENTE/CPN22/android.widget.RadioGroup (1)'

2023-06-06 09:36:13 - [MESSAGE][WARNING] - Timeout '0' is invalid. Using default page load timeout: '30'

2023-06-06 09:36:13 - [MESSAGE][PASSED] - Tapped on element 'Object Repository/INICIA_SESION_APODO_EXISTENTE/CPN22/android.widget.RadioGroup (1)'

2023-06-06 09:36:13 - [TEST_STEP][PASSED] - tap(findTestObject("INICIA_SESION_APODO_EXISTENTE/CPN22/android.widget.Button - Siguiente (1)"), 0): Tapped on element 'Object Repository/INICIA_SESION_APODO_EXISTENTE/CPN22/android.widget.Button - Siguiente (1)'

2023-06-06 09:36:13 - [MESSAGE][WARNING] - Timeout '0' is invalid. Using default page load timeout: '30'

2023-06-06 09:36:14 - [MESSAGE][PASSED] - Tapped on element 'Object Repository/INICIA_SESION_APODO_EXISTENTE/CPN22/android.widget.Button - Siguiente (1)'

2023-06-06 09:36:14 - [TEST_STEP][PASSED] - tap(findTestObject("Object Repository/INICIA_SESION_APODO_EXISTENTE/CPN22/android.widget.RadioButton - No eleg esta pregunta"), 0): Tapped on element 'Object Repository/INICIA_SESION_APODO_EXISTENTE/CPN22/android.widget.RadioButton - No eleg esta pregunta'

2023-06-06 09:36:14 - [MESSAGE][WARNING] - Timeout '0' is invalid. Using default page load timeout: '30'

2023-06-06 09:36:15 - [MESSAGE][PASSED] - Tapped on element 'Object Repository/INICIA_SESION_APODO_EXISTENTE/CPN22/android.widget.RadioButton - No eleg esta pregunta'

2023-06-06 09:36:15 - [TEST_STEP][PASSED] - tap(findTestObject("INICIA_SESION_APODO_EXISTENTE/CPN22/android.widget.Button - Siguiente (1)"), 0): Tapped on element 'Object Repository/INICIA_SESION_APODO_EXISTENTE/CPN22/android.widget.Button - Siguiente (1)'

2023-06-06 09:36:15 - [MESSAGE][WARNING] - Timeout '0' is invalid. Using default page load timeout: '30'

2023-06-06 09:36:15 - [MESSAGE][PASSED] - Tapped on element 'Object Repository/INICIA_SESION_APODO_EXISTENTE/CPN22/android.widget.Button - Siguiente (1)'

2023-06-06 09:36:15 - [TEST_STEP][PASSED] - tap(findTestObject("INICIA_SESION_APODO_EXISTENTE/CPN22/android.widget.RadioGroup"), 0): Tapped on element 'Object Repository/INICIA_SESION_APODO_EXISTENTE/CPN22/android.widget.RadioGroup'

2023-06-06 09:36:15 - [MESSAGE][WARNING] - Timeout '0' is invalid. Using default page load timeout: '30'

2023-06-06 09:36:16 - [MESSAGE][PASSED] - Tapped on element 'Object Repository/INICIA_SESION_APODO_EXISTENTE/CPN22/android.widget.RadioGroup'

2023-06-06 09:36:16 - [TEST_STEP][PASSED] - tap(findTestObject("INICIA_SESION_APODO_EXISTENTE/CPN22/android.widget.Button - Siguiente (1)"), 0): Tapped on element 'Object Repository/INICIA_SESION_APODO_EXISTENTE/CPN22/android.widget.Button - Siguiente (1)'

2023-06-06 09:36:16 - [MESSAGE][WARNING] - Timeout '0' is invalid. Using default page load timeout: '30'

2023-06-06 09:36:18 - [MESSAGE][PASSED] - Tapped on element 'Object Repository/INICIA_SESION_APODO_EXISTENTE/CPN22/android.widget.Button - Siguiente (1)'

2023-06-06 09:36:18 - [TEST_STEP][PASSED] - tap(findTestObject("INICIA_SESION_APODO_EXISTENTE/CPN22/android.widget.RadioGroup"), 0): Tapped on element 'Object Repository/INICIA_SESION_APODO_EXISTENTE/CPN22/android.widget.RadioGroup'

2023-06-06 09:36:18 - [MESSAGE][WARNING] - Timeout '0' is invalid. Using default page load timeout: '30'

2023-06-06 09:36:18 - [MESSAGE][PASSED] - Tapped on element 'Object Repository/INICIA_SESION_APODO_EXISTENTE/CPN22/android.widget.RadioGroup'

2023-06-06 09:36:18 - [TEST_STEP][PASSED] - tap(findTestObject("Object Repository/INICIA_SESION_APODO_EXISTENTE/CPN22/android.widget.Button - Finalizar"), 0): Tapped on element 'Object Repository/INICIA_SESION_APODO_EXISTENTE/CPN22/android.widget.Button - Finalizar'

2023-06-06 09:36:18 - [MESSAGE][WARNING] - Timeout '0' is invalid. Using default page load timeout: '30'

2023-06-06 09:36:19 - [MESSAGE][PASSED] - Tapped on element 'Object Repository/INICIA_SESION_APODO_EXISTENTE/CPN22/android.widget.Button - Finalizar'

2023-06-06 09:36:19 - [TEST_STEP][PASSED] - verifyElementVisible(findTestObject("Object Repository/INICIA_SESION_APODO_EXISTENTE/CPN22/androidx.appcompat.widget.LinearLayoutCompat"), 0): Element 'Object Repository/INICIA_SESION_APODO_EXISTENTE/CPN22/androidx.appcompat.widget.LinearLayoutCompat' is visible

2023-06-06 09:36:19 - [MESSAGE][WARNING] - Timeout '0' is invalid. Using default page load timeout: '30'

2023-06-06 09:36:20 - [MESSAGE][PASSED] - Element 'Object Repository/INICIA_SESION_APODO_EXISTENTE/CPN22/androidx.appcompat.widget.LinearLayoutCompat' is visible

2023-06-06 09:36:20 - [TEST_STEP][PASSED] - tap(findTestObject("Object Repository/INICIA_SESION_APODO_EXISTENTE/CPN22/android.widget.Button - Cerrar"), 0): Tapped on element 'Object Repository/INICIA_SESION_APODO_EXISTENTE/CPN22/android.widget.Button - Cerrar'

2023-06-06 09:36:20 - [MESSAGE][WARNING] - Timeout '0' is invalid. Using default page load timeout: '30'

2023-06-06 09:36:20 - [MESSAGE][PASSED] - Tapped on element 'Object Repository/INICIA_SESION_APODO_EXISTENTE/CPN22/android.widget.Button - Cerrar'

2023-06-06 09:36:20 - [TEST_STEP][PASSED] - tap(findTestObject("Object Repository/INICIA_SESION_APODO_EXISTENTE/CPN22/android.widget.ImageButton"), 0): Tapped on element 'Object Repository/INICIA_SESION_APODO_EXISTENTE/CPN22/android.widget.ImageButton'

2023-06-06 09:36:21 - [MESSAGE][WARNING] - Timeout '0' is invalid. Using default page load timeout: '30'

2023-06-06 09:36:21 - [MESSAGE][PASSED] - Tapped on element 'Object Repository/INICIA_SESION_APODO_EXISTENTE/CPN22/android.widget.ImageButton']]></system-out>
         <system-err><![CDATA[]]></system-err>
      </testcase>
      <testcase name="Test Cases/Abrir_App/CPN4" time="6.92" classname="Test Cases/Abrir_App/CPN4" status="PASSED">
         <system-out><![CDATA[2023-06-06 09:36:21 - [TEST_CASE][PASSED] - Test Cases/Abrir_App/CPN4: Test Cases/Abrir_App/CPN4

2023-06-06 09:36:22 - [TEST_STEP][PASSED] - toggleWifi("off", STOP_ON_FAILURE): Toggled wifi

2023-06-06 09:36:23 - [MESSAGE][PASSED] - Toggled wifi

2023-06-06 09:36:23 - [TEST_STEP][PASSED] - toggleWifi("on", STOP_ON_FAILURE): Toggled wifi

2023-06-06 09:36:23 - [MESSAGE][PASSED] - Toggled wifi

2023-06-06 09:36:23 - [TEST_STEP][PASSED] - delay(5): Delayed 5 second(s)

2023-06-06 09:36:28 - [MESSAGE][PASSED] - Delayed 5 second(s)]]></system-out>
         <system-err><![CDATA[]]></system-err>
      </testcase>
      <testcase name="Test Cases/Crear cuenta/CPN5" time="4.78" classname="Test Cases/Crear cuenta/CPN5" status="PASSED">
         <system-out><![CDATA[2023-06-06 09:36:28 - [TEST_CASE][PASSED] - Test Cases/Crear cuenta/CPN5: Test Cases/Crear cuenta/CPN5

2023-06-06 09:36:29 - [TEST_STEP][PASSED] - tap(findTestObject("Object Repository/Crear_cuenta/CPN5/android.widget.Button - Crear Cuenta"), 0): Tapped on element 'Object Repository/Crear_cuenta/CPN5/android.widget.Button - Crear Cuenta'

2023-06-06 09:36:29 - [MESSAGE][WARNING] - Timeout '0' is invalid. Using default page load timeout: '30'

2023-06-06 09:36:29 - [MESSAGE][PASSED] - Tapped on element 'Object Repository/Crear_cuenta/CPN5/android.widget.Button - Crear Cuenta'

2023-06-06 09:36:29 - [TEST_STEP][PASSED] - verifyElementText(findTestObject("Crear_cuenta/CPN5/android.widget.FrameLayout"), ""): Actual text and expected text of test object 'Object Repository/Crear_cuenta/CPN5/android.widget.FrameLayout' are matched.

2023-06-06 09:36:30 - [MESSAGE][PASSED] - Actual text and expected text of test object 'Object Repository/Crear_cuenta/CPN5/android.widget.FrameLayout' are matched.

2023-06-06 09:36:30 - [TEST_STEP][PASSED] - tap(findTestObject("Object Repository/Crear_cuenta/CPN5/android.widget.Button - Enviar cdigo de registro"), 0): Tapped on element 'Object Repository/Crear_cuenta/CPN5/android.widget.Button - Enviar cdigo de registro'

2023-06-06 09:36:30 - [MESSAGE][WARNING] - Timeout '0' is invalid. Using default page load timeout: '30'

2023-06-06 09:36:31 - [MESSAGE][PASSED] - Tapped on element 'Object Repository/Crear_cuenta/CPN5/android.widget.Button - Enviar cdigo de registro'

2023-06-06 09:36:31 - [TEST_STEP][PASSED] - verifyElementText(findTestObject("Object Repository/Crear_cuenta/CPN5/android.widget.TextView - Bienvenido a NapoleoN Chat"), "Bienvenido a NapoleoN Chat"): Actual text and expected text of test object 'Object Repository/Crear_cuenta/CPN5/android.widget.TextView - Bienvenido a NapoleoN Chat' are matched.

2023-06-06 09:36:33 - [MESSAGE][PASSED] - Actual text and expected text of test object 'Object Repository/Crear_cuenta/CPN5/android.widget.TextView - Bienvenido a NapoleoN Chat' are matched.

2023-06-06 09:36:33 - [TEST_STEP][PASSED] - verifyElementVisible(findTestObject("Object Repository/Crear_cuenta/CPN5/android.widget.LinearLayout"), 0): Element 'Object Repository/Crear_cuenta/CPN5/android.widget.LinearLayout' is visible

2023-06-06 09:36:33 - [MESSAGE][WARNING] - Timeout '0' is invalid. Using default page load timeout: '30'

2023-06-06 09:36:33 - [MESSAGE][PASSED] - Element 'Object Repository/Crear_cuenta/CPN5/android.widget.LinearLayout' is visible]]></system-out>
         <system-err><![CDATA[]]></system-err>
      </testcase>
      <testcase name="Test Cases/Crear cuenta/CPN6-7" time="31.279" classname="Test Cases/Crear cuenta/CPN6-7" status="PASSED">
         <system-out><![CDATA[2023-06-06 09:36:33 - [TEST_CASE][PASSED] - Test Cases/Crear cuenta/CPN6-7: Test Cases/Crear cuenta/CPN6-7

2023-06-06 09:36:33 - [TEST_STEP][PASSED] - verifyElementVisible(findTestObject("Crear_cuenta/CPN6-7/android.widget.LinearLayout"), 0): Element 'Object Repository/Crear_cuenta/CPN6-7/android.widget.LinearLayout' is visible

2023-06-06 09:36:33 - [MESSAGE][WARNING] - Timeout '0' is invalid. Using default page load timeout: '30'

2023-06-06 09:36:34 - [MESSAGE][PASSED] - Element 'Object Repository/Crear_cuenta/CPN6-7/android.widget.LinearLayout' is visible

2023-06-06 09:36:34 - [TEST_STEP][PASSED] - tap(findTestObject("Object Repository/Crear_cuenta/CPN6-7/android.widget.Button - Reenviar cdigo"), 0): Tapped on element 'Object Repository/Crear_cuenta/CPN6-7/android.widget.Button - Reenviar cdigo'

2023-06-06 09:36:34 - [MESSAGE][WARNING] - Timeout '0' is invalid. Using default page load timeout: '30'

2023-06-06 09:36:35 - [MESSAGE][PASSED] - Tapped on element 'Object Repository/Crear_cuenta/CPN6-7/android.widget.Button - Reenviar cdigo'

2023-06-06 09:36:35 - [TEST_STEP][PASSED] - delay(1): Delayed 1 second(s)

2023-06-06 09:36:36 - [MESSAGE][PASSED] - Delayed 1 second(s)

2023-06-06 09:36:36 - [TEST_STEP][PASSED] - verifyElementVisible(findTestObject("Crear_cuenta/CPN6-7/android.widget.LinearLayout"), 0): Element 'Object Repository/Crear_cuenta/CPN6-7/android.widget.LinearLayout' is visible

2023-06-06 09:36:36 - [MESSAGE][WARNING] - Timeout '0' is invalid. Using default page load timeout: '30'

2023-06-06 09:36:38 - [MESSAGE][PASSED] - Element 'Object Repository/Crear_cuenta/CPN6-7/android.widget.LinearLayout' is visible

2023-06-06 09:36:38 - [TEST_STEP][PASSED] - tap(findTestObject("Crear_cuenta/CPN6-7/android.widget.Button - Reenviar cdigo (1)"), 0): Tapped on element 'Object Repository/Crear_cuenta/CPN6-7/android.widget.Button - Reenviar cdigo (1)'

2023-06-06 09:36:38 - [MESSAGE][WARNING] - Timeout '0' is invalid. Using default page load timeout: '30'

2023-06-06 09:36:39 - [MESSAGE][PASSED] - Tapped on element 'Object Repository/Crear_cuenta/CPN6-7/android.widget.Button - Reenviar cdigo (1)'

2023-06-06 09:36:39 - [TEST_STEP][PASSED] - delay(24): Delayed 24 second(s)

2023-06-06 09:37:03 - [MESSAGE][PASSED] - Delayed 24 second(s)

2023-06-06 09:37:03 - [TEST_STEP][PASSED] - verifyElementVisible(findTestObject("Crear_cuenta/CPN6-7/android.widget.LinearLayout"), 0): Element 'Object Repository/Crear_cuenta/CPN6-7/android.widget.LinearLayout' is visible

2023-06-06 09:37:03 - [MESSAGE][WARNING] - Timeout '0' is invalid. Using default page load timeout: '30'

2023-06-06 09:37:03 - [MESSAGE][PASSED] - Element 'Object Repository/Crear_cuenta/CPN6-7/android.widget.LinearLayout' is visible

2023-06-06 09:37:03 - [TEST_STEP][PASSED] - delay(1): Delayed 1 second(s)

2023-06-06 09:37:04 - [MESSAGE][PASSED] - Delayed 1 second(s)

2023-06-06 09:37:04 - [TEST_STEP][PASSED] - tap(findTestObject("Crear_cuenta/CPN6-7/android.widget.Button - Reenviar cdigo (1)"), 0): Tapped on element 'Object Repository/Crear_cuenta/CPN6-7/android.widget.Button - Reenviar cdigo (1)'

2023-06-06 09:37:04 - [MESSAGE][WARNING] - Timeout '0' is invalid. Using default page load timeout: '30'

2023-06-06 09:37:04 - [MESSAGE][PASSED] - Tapped on element 'Object Repository/Crear_cuenta/CPN6-7/android.widget.Button - Reenviar cdigo (1)']]></system-out>
         <system-err><![CDATA[]]></system-err>
      </testcase>
      <testcase name="Test Cases/Crear cuenta/CPN9" time="14.02" classname="Test Cases/Crear cuenta/CPN9" status="PASSED">
         <system-out><![CDATA[2023-06-06 09:37:04 - [TEST_CASE][PASSED] - Test Cases/Crear cuenta/CPN9: Test Cases/Crear cuenta/CPN9

2023-06-06 09:37:05 - [TEST_STEP][PASSED] - tap(findTestObject("Object Repository/Crear_cuenta/CPN9/android.widget.Button - Continuar"), 0): Tapped on element 'Object Repository/Crear_cuenta/CPN9/android.widget.Button - Continuar'

2023-06-06 09:37:05 - [MESSAGE][WARNING] - Timeout '0' is invalid. Using default page load timeout: '30'

2023-06-06 09:37:11 - [MESSAGE][PASSED] - Tapped on element 'Object Repository/Crear_cuenta/CPN9/android.widget.Button - Continuar'

2023-06-06 09:37:11 - [TEST_STEP][PASSED] - verifyElementText(findTestObject("Object Repository/Crear_cuenta/CPN9/android.view.ViewGroup"), ""): Actual text and expected text of test object 'Object Repository/Crear_cuenta/CPN9/android.view.ViewGroup' are matched.

2023-06-06 09:37:12 - [MESSAGE][PASSED] - Actual text and expected text of test object 'Object Repository/Crear_cuenta/CPN9/android.view.ViewGroup' are matched.

2023-06-06 09:37:12 - [TEST_STEP][PASSED] - tap(findTestObject("Object Repository/Crear_cuenta/CPN9/android.widget.EditText - Apodo"), 0): Tapped on element 'Object Repository/Crear_cuenta/CPN9/android.widget.EditText - Apodo'

2023-06-06 09:37:12 - [MESSAGE][WARNING] - Timeout '0' is invalid. Using default page load timeout: '30'

2023-06-06 09:37:12 - [MESSAGE][PASSED] - Tapped on element 'Object Repository/Crear_cuenta/CPN9/android.widget.EditText - Apodo'

2023-06-06 09:37:12 - [TEST_STEP][PASSED] - setText(findTestObject("Object Repository/Crear_cuenta/CPN9/android.widget.EditText - Apodo (1)"), "PRUEBA", 0): Text 'PRUEBA' has been set to element 'Object Repository/Crear_cuenta/CPN9/android.widget.EditText - Apodo (1)'

2023-06-06 09:37:12 - [MESSAGE][WARNING] - Timeout '0' is invalid. Using default page load timeout: '30'

2023-06-06 09:37:15 - [MESSAGE][PASSED] - Text 'PRUEBA' has been set to element 'Object Repository/Crear_cuenta/CPN9/android.widget.EditText - Apodo (1)'

2023-06-06 09:37:15 - [TEST_STEP][PASSED] - clearText(findTestObject("Object Repository/Crear_cuenta/CPN9/android.widget.EditText - PRUEBA"), 0): Element 'Object Repository/Crear_cuenta/CPN9/android.widget.EditText - PRUEBA' text is cleared

2023-06-06 09:37:15 - [MESSAGE][WARNING] - Timeout '0' is invalid. Using default page load timeout: '30'

2023-06-06 09:37:16 - [MESSAGE][PASSED] - Element 'Object Repository/Crear_cuenta/CPN9/android.widget.EditText - PRUEBA' text is cleared

2023-06-06 09:37:16 - [TEST_STEP][PASSED] - hideKeyboard(): Keyboard is hidden

2023-06-06 09:37:18 - [MESSAGE][PASSED] - Keyboard is hidden

2023-06-06 09:37:18 - [TEST_STEP][PASSED] - verifyElementText(findTestObject("Object Repository/Crear_cuenta/CPN9/android.widget.TextView - El Apodo es obligatorio"), "El Apodo es obligatorio"): Actual text and expected text of test object 'Object Repository/Crear_cuenta/CPN9/android.widget.TextView - El Apodo es obligatorio' are matched.

2023-06-06 09:37:18 - [MESSAGE][PASSED] - Actual text and expected text of test object 'Object Repository/Crear_cuenta/CPN9/android.widget.TextView - El Apodo es obligatorio' are matched.]]></system-out>
         <system-err><![CDATA[]]></system-err>
      </testcase>
      <testcase name="Test Cases/Crear cuenta/CPN10" time="6.708" classname="Test Cases/Crear cuenta/CPN10" status="PASSED">
         <system-out><![CDATA[2023-06-06 09:37:18 - [TEST_CASE][PASSED] - Test Cases/Crear cuenta/CPN10: Test Cases/Crear cuenta/CPN10

2023-06-06 09:37:19 - [TEST_STEP][PASSED] - tap(findTestObject("Object Repository/Crear_cuenta/CPN10/android.widget.EditText - Apodo"), 0): Tapped on element 'Object Repository/Crear_cuenta/CPN10/android.widget.EditText - Apodo'

2023-06-06 09:37:19 - [MESSAGE][WARNING] - Timeout '0' is invalid. Using default page load timeout: '30'

2023-06-06 09:37:20 - [MESSAGE][PASSED] - Tapped on element 'Object Repository/Crear_cuenta/CPN10/android.widget.EditText - Apodo'

2023-06-06 09:37:20 - [TEST_STEP][PASSED] - setText(findTestObject("Object Repository/Crear_cuenta/CPN10/android.widget.EditText - Apodo (1)"), "0123456789", 0): Text '0123456789' has been set to element 'Object Repository/Crear_cuenta/CPN10/android.widget.EditText - Apodo (1)'

2023-06-06 09:37:20 - [MESSAGE][WARNING] - Timeout '0' is invalid. Using default page load timeout: '30'

2023-06-06 09:37:22 - [MESSAGE][PASSED] - Text '0123456789' has been set to element 'Object Repository/Crear_cuenta/CPN10/android.widget.EditText - Apodo (1)'

2023-06-06 09:37:22 - [TEST_STEP][PASSED] - verifyElementText(findTestObject("Object Repository/Crear_cuenta/CPN10/android.widget.TextView - El Apodo debe comenzar con una letra"), "El Apodo debe comenzar con una letra"): Actual text and expected text of test object 'Object Repository/Crear_cuenta/CPN10/android.widget.TextView - El Apodo debe comenzar con una letra' are matched.

2023-06-06 09:37:23 - [MESSAGE][PASSED] - Actual text and expected text of test object 'Object Repository/Crear_cuenta/CPN10/android.widget.TextView - El Apodo debe comenzar con una letra' are matched.

2023-06-06 09:37:23 - [TEST_STEP][PASSED] - hideKeyboard(): Keyboard is hidden

2023-06-06 09:37:25 - [MESSAGE][PASSED] - Keyboard is hidden

2023-06-06 09:37:25 - [TEST_STEP][PASSED] - tap(findTestObject("Object Repository/Crear_cuenta/CPN10/android.widget.Button - Siguiente"), 0): Tapped on element 'Object Repository/Crear_cuenta/CPN10/android.widget.Button - Siguiente'

2023-06-06 09:37:25 - [MESSAGE][WARNING] - Timeout '0' is invalid. Using default page load timeout: '30'

2023-06-06 09:37:25 - [MESSAGE][PASSED] - Tapped on element 'Object Repository/Crear_cuenta/CPN10/android.widget.Button - Siguiente']]></system-out>
         <system-err><![CDATA[]]></system-err>
      </testcase>
      <testcase name="Test Cases/Crear cuenta/CPN11" time="7.852" classname="Test Cases/Crear cuenta/CPN11" status="PASSED">
         <system-out><![CDATA[2023-06-06 09:37:25 - [TEST_CASE][PASSED] - Test Cases/Crear cuenta/CPN11: Test Cases/Crear cuenta/CPN11

2023-06-06 09:37:25 - [TEST_STEP][PASSED] - clearText(findTestObject("Object Repository/Crear_cuenta/CPN11/android.widget.EditText - 0123456789"), 0): Element 'Object Repository/Crear_cuenta/CPN11/android.widget.EditText - 0123456789' text is cleared

2023-06-06 09:37:25 - [MESSAGE][WARNING] - Timeout '0' is invalid. Using default page load timeout: '30'

2023-06-06 09:37:26 - [MESSAGE][PASSED] - Element 'Object Repository/Crear_cuenta/CPN11/android.widget.EditText - 0123456789' text is cleared

2023-06-06 09:37:26 - [TEST_STEP][PASSED] - tap(findTestObject("Object Repository/Crear_cuenta/CPN11/android.widget.EditText - Apodo"), 0): Tapped on element 'Object Repository/Crear_cuenta/CPN11/android.widget.EditText - Apodo'

2023-06-06 09:37:26 - [MESSAGE][WARNING] - Timeout '0' is invalid. Using default page load timeout: '30'

2023-06-06 09:37:27 - [MESSAGE][PASSED] - Tapped on element 'Object Repository/Crear_cuenta/CPN11/android.widget.EditText - Apodo'

2023-06-06 09:37:27 - [TEST_STEP][PASSED] - setText(findTestObject("Object Repository/Crear_cuenta/CPN11/android.widget.EditText - Apodo (1)"), "abcde", 0): Text 'abcde' has been set to element 'Object Repository/Crear_cuenta/CPN11/android.widget.EditText - Apodo (1)'

2023-06-06 09:37:27 - [MESSAGE][WARNING] - Timeout '0' is invalid. Using default page load timeout: '30'

2023-06-06 09:37:30 - [MESSAGE][PASSED] - Text 'abcde' has been set to element 'Object Repository/Crear_cuenta/CPN11/android.widget.EditText - Apodo (1)'

2023-06-06 09:37:30 - [TEST_STEP][PASSED] - verifyElementText(findTestObject("Object Repository/Crear_cuenta/CPN11/android.widget.TextView - El apodo debe contener al menos un nmero"), "El apodo debe contener al menos un número"): Actual text and expected text of test object 'Object Repository/Crear_cuenta/CPN11/android.widget.TextView - El apodo debe contener al menos un nmero' are matched.

2023-06-06 09:37:31 - [MESSAGE][PASSED] - Actual text and expected text of test object 'Object Repository/Crear_cuenta/CPN11/android.widget.TextView - El apodo debe contener al menos un nmero' are matched.

2023-06-06 09:37:31 - [TEST_STEP][PASSED] - hideKeyboard(): Keyboard is hidden

2023-06-06 09:37:32 - [MESSAGE][PASSED] - Keyboard is hidden

2023-06-06 09:37:32 - [TEST_STEP][PASSED] - tap(findTestObject("Object Repository/Crear_cuenta/CPN11/android.widget.Button - Siguiente"), 0): Tapped on element 'Object Repository/Crear_cuenta/CPN11/android.widget.Button - Siguiente'

2023-06-06 09:37:32 - [MESSAGE][WARNING] - Timeout '0' is invalid. Using default page load timeout: '30'

2023-06-06 09:37:33 - [MESSAGE][PASSED] - Tapped on element 'Object Repository/Crear_cuenta/CPN11/android.widget.Button - Siguiente'

2023-06-06 09:37:33 - [TEST_STEP][PASSED] - clearText(findTestObject("Object Repository/Crear_cuenta/CPN11/android.widget.EditText - abcde"), 0): Element 'Object Repository/Crear_cuenta/CPN11/android.widget.EditText - abcde' text is cleared

2023-06-06 09:37:33 - [MESSAGE][WARNING] - Timeout '0' is invalid. Using default page load timeout: '30'

2023-06-06 09:37:33 - [MESSAGE][PASSED] - Element 'Object Repository/Crear_cuenta/CPN11/android.widget.EditText - abcde' text is cleared]]></system-out>
         <system-err><![CDATA[]]></system-err>
      </testcase>
      <testcase name="Test Cases/Crear cuenta/CPN12" time="4.674" classname="Test Cases/Crear cuenta/CPN12" status="PASSED">
         <system-out><![CDATA[2023-06-06 09:37:33 - [TEST_CASE][PASSED] - Test Cases/Crear cuenta/CPN12: Test Cases/Crear cuenta/CPN12

2023-06-06 09:37:33 - [TEST_STEP][PASSED] - setText(findTestObject("Object Repository/Crear_cuenta/CPN12/android.widget.EditText - Apodo"), "0123456789012345678901", 0): Text '0123456789012345678901' has been set to element 'Object Repository/Crear_cuenta/CPN12/android.widget.EditText - Apodo'

2023-06-06 09:37:33 - [MESSAGE][WARNING] - Timeout '0' is invalid. Using default page load timeout: '30'

2023-06-06 09:37:36 - [MESSAGE][PASSED] - Text '0123456789012345678901' has been set to element 'Object Repository/Crear_cuenta/CPN12/android.widget.EditText - Apodo'

2023-06-06 09:37:36 - [TEST_STEP][PASSED] - hideKeyboard(): Keyboard is hidden

2023-06-06 09:37:36 - [MESSAGE][PASSED] - Keyboard is hidden

2023-06-06 09:37:36 - [TEST_STEP][PASSED] - clearText(findTestObject("Object Repository/Crear_cuenta/CPN12/android.widget.EditText - 01234567890123456789"), 0): Element 'Object Repository/Crear_cuenta/CPN12/android.widget.EditText - 01234567890123456789' text is cleared

2023-06-06 09:37:36 - [MESSAGE][WARNING] - Timeout '0' is invalid. Using default page load timeout: '30'

2023-06-06 09:37:37 - [MESSAGE][PASSED] - Element 'Object Repository/Crear_cuenta/CPN12/android.widget.EditText - 01234567890123456789' text is cleared

2023-06-06 09:37:37 - [TEST_STEP][PASSED] - tap(findTestObject("Object Repository/Crear_cuenta/CPN12/android.widget.Button - Siguiente"), 0): Tapped on element 'Object Repository/Crear_cuenta/CPN12/android.widget.Button - Siguiente'

2023-06-06 09:37:37 - [MESSAGE][WARNING] - Timeout '0' is invalid. Using default page load timeout: '30'

2023-06-06 09:37:38 - [MESSAGE][PASSED] - Tapped on element 'Object Repository/Crear_cuenta/CPN12/android.widget.Button - Siguiente']]></system-out>
         <system-err><![CDATA[]]></system-err>
      </testcase>
      <testcase name="Test Cases/Crear cuenta/CPN13" time="7.038" classname="Test Cases/Crear cuenta/CPN13" status="PASSED">
         <system-out><![CDATA[2023-06-06 09:37:38 - [TEST_CASE][PASSED] - Test Cases/Crear cuenta/CPN13: Test Cases/Crear cuenta/CPN13

2023-06-06 09:37:38 - [TEST_STEP][PASSED] - tap(findTestObject("Object Repository/Crear_cuenta/CPN13/android.widget.EditText - Apodo"), 0): Tapped on element 'Object Repository/Crear_cuenta/CPN13/android.widget.EditText - Apodo'

2023-06-06 09:37:38 - [MESSAGE][WARNING] - Timeout '0' is invalid. Using default page load timeout: '30'

2023-06-06 09:37:38 - [MESSAGE][PASSED] - Tapped on element 'Object Repository/Crear_cuenta/CPN13/android.widget.EditText - Apodo'

2023-06-06 09:37:38 - [TEST_STEP][PASSED] - setText(findTestObject("Object Repository/Crear_cuenta/CPN13/android.widget.EditText - Apodo (1)"), "HO", 0): Text 'HO' has been set to element 'Object Repository/Crear_cuenta/CPN13/android.widget.EditText - Apodo (1)'

2023-06-06 09:37:38 - [MESSAGE][WARNING] - Timeout '0' is invalid. Using default page load timeout: '30'

2023-06-06 09:37:41 - [MESSAGE][PASSED] - Text 'HO' has been set to element 'Object Repository/Crear_cuenta/CPN13/android.widget.EditText - Apodo (1)'

2023-06-06 09:37:41 - [TEST_STEP][PASSED] - verifyElementText(findTestObject("Object Repository/Crear_cuenta/CPN13/android.widget.TextView - El Apodo debe contener mnimo 3 caracteres y 1 nmero"), "El Apodo debe contener mínimo 3 caracteres y 1 número"): Actual text and expected text of test object 'Object Repository/Crear_cuenta/CPN13/android.widget.TextView - El Apodo debe contener mnimo 3 caracteres y 1 nmero' are matched.

2023-06-06 09:37:42 - [MESSAGE][PASSED] - Actual text and expected text of test object 'Object Repository/Crear_cuenta/CPN13/android.widget.TextView - El Apodo debe contener mnimo 3 caracteres y 1 nmero' are matched.

2023-06-06 09:37:42 - [TEST_STEP][PASSED] - hideKeyboard(): Keyboard is hidden

2023-06-06 09:37:44 - [MESSAGE][PASSED] - Keyboard is hidden

2023-06-06 09:37:44 - [TEST_STEP][PASSED] - tap(findTestObject("Object Repository/Crear_cuenta/CPN13/android.widget.Button - Siguiente"), 0): Tapped on element 'Object Repository/Crear_cuenta/CPN13/android.widget.Button - Siguiente'

2023-06-06 09:37:44 - [MESSAGE][WARNING] - Timeout '0' is invalid. Using default page load timeout: '30'

2023-06-06 09:37:44 - [MESSAGE][PASSED] - Tapped on element 'Object Repository/Crear_cuenta/CPN13/android.widget.Button - Siguiente'

2023-06-06 09:37:44 - [TEST_STEP][PASSED] - clearText(findTestObject("Object Repository/Crear_cuenta/CPN13/android.widget.EditText - HO"), 0): Element 'Object Repository/Crear_cuenta/CPN13/android.widget.EditText - HO' text is cleared

2023-06-06 09:37:44 - [MESSAGE][WARNING] - Timeout '0' is invalid. Using default page load timeout: '30'

2023-06-06 09:37:45 - [MESSAGE][PASSED] - Element 'Object Repository/Crear_cuenta/CPN13/android.widget.EditText - HO' text is cleared]]></system-out>
         <system-err><![CDATA[]]></system-err>
      </testcase>
      <testcase name="Test Cases/Crear cuenta/CPN14" time="11.118" classname="Test Cases/Crear cuenta/CPN14" status="PASSED">
         <system-out><![CDATA[2023-06-06 09:37:45 - [TEST_CASE][PASSED] - Test Cases/Crear cuenta/CPN14: Test Cases/Crear cuenta/CPN14

2023-06-06 09:37:45 - [TEST_STEP][PASSED] - tap(findTestObject("Object Repository/Crear_cuenta/CPN14/android.widget.EditText - Nombre a mostrar (opcional)"), 0): Tapped on element 'Object Repository/Crear_cuenta/CPN14/android.widget.EditText - Nombre a mostrar (opcional)'

2023-06-06 09:37:45 - [MESSAGE][WARNING] - Timeout '0' is invalid. Using default page load timeout: '30'

2023-06-06 09:37:46 - [MESSAGE][PASSED] - Tapped on element 'Object Repository/Crear_cuenta/CPN14/android.widget.EditText - Nombre a mostrar (opcional)'

2023-06-06 09:37:46 - [TEST_STEP][PASSED] - setText(findTestObject("Object Repository/Crear_cuenta/CPN14/android.widget.EditText - Nombre a mostrar (opcional) (1)"), "Opcional", 0): Text 'Opcional' has been set to element 'Object Repository/Crear_cuenta/CPN14/android.widget.EditText - Nombre a mostrar (opcional) (1)'

2023-06-06 09:37:46 - [MESSAGE][WARNING] - Timeout '0' is invalid. Using default page load timeout: '30'

2023-06-06 09:37:48 - [MESSAGE][PASSED] - Text 'Opcional' has been set to element 'Object Repository/Crear_cuenta/CPN14/android.widget.EditText - Nombre a mostrar (opcional) (1)'

2023-06-06 09:37:48 - [TEST_STEP][PASSED] - hideKeyboard(): Keyboard is hidden

2023-06-06 09:37:50 - [MESSAGE][PASSED] - Keyboard is hidden

2023-06-06 09:37:50 - [TEST_STEP][PASSED] - tap(findTestObject("Object Repository/Crear_cuenta/CPN14/android.widget.Button - Siguiente"), 0): Tapped on element 'Object Repository/Crear_cuenta/CPN14/android.widget.Button - Siguiente'

2023-06-06 09:37:50 - [MESSAGE][WARNING] - Timeout '0' is invalid. Using default page load timeout: '30'

2023-06-06 09:37:50 - [MESSAGE][PASSED] - Tapped on element 'Object Repository/Crear_cuenta/CPN14/android.widget.Button - Siguiente'

2023-06-06 09:37:50 - [TEST_STEP][PASSED] - tap(findTestObject("Object Repository/Crear_cuenta/CPN14/android.widget.EditText - Apodo"), 0): Tapped on element 'Object Repository/Crear_cuenta/CPN14/android.widget.EditText - Apodo'

2023-06-06 09:37:50 - [MESSAGE][WARNING] - Timeout '0' is invalid. Using default page load timeout: '30'

2023-06-06 09:37:50 - [MESSAGE][PASSED] - Tapped on element 'Object Repository/Crear_cuenta/CPN14/android.widget.EditText - Apodo'

2023-06-06 09:37:50 - [TEST_STEP][PASSED] - setText(findTestObject("Crear_cuenta/CPN14/android.widget.EditText - Apodo (1)"), "angello16", 0): Text 'angello16' has been set to element 'Object Repository/Crear_cuenta/CPN14/android.widget.EditText - Apodo (1)'

2023-06-06 09:37:50 - [MESSAGE][WARNING] - Timeout '0' is invalid. Using default page load timeout: '30'

2023-06-06 09:37:53 - [MESSAGE][PASSED] - Text 'angello16' has been set to element 'Object Repository/Crear_cuenta/CPN14/android.widget.EditText - Apodo (1)'

2023-06-06 09:37:53 - [TEST_STEP][PASSED] - hideKeyboard(): Keyboard is hidden

2023-06-06 09:37:55 - [MESSAGE][PASSED] - Keyboard is hidden

2023-06-06 09:37:55 - [TEST_STEP][PASSED] - verifyElementText(findTestObject("Object Repository/Crear_cuenta/CPN14/android.widget.TextView - Apodo no disponible"), "Apodo no disponible"): Actual text and expected text of test object 'Object Repository/Crear_cuenta/CPN14/android.widget.TextView - Apodo no disponible' are matched.

2023-06-06 09:37:55 - [MESSAGE][PASSED] - Actual text and expected text of test object 'Object Repository/Crear_cuenta/CPN14/android.widget.TextView - Apodo no disponible' are matched.

2023-06-06 09:37:55 - [TEST_STEP][PASSED] - verifyElementVisible(findTestObject("Crear_cuenta/CPN14/android.widget.ImageButton"), 0): Element 'Object Repository/Crear_cuenta/CPN14/android.widget.ImageButton' is visible

2023-06-06 09:37:55 - [MESSAGE][WARNING] - Timeout '0' is invalid. Using default page load timeout: '30'

2023-06-06 09:37:56 - [MESSAGE][PASSED] - Element 'Object Repository/Crear_cuenta/CPN14/android.widget.ImageButton' is visible

2023-06-06 09:37:56 - [TEST_STEP][PASSED] - tap(findTestObject("Crear_cuenta/CPN14/android.widget.Button - Siguiente"), 0): Tapped on element 'Object Repository/Crear_cuenta/CPN14/android.widget.Button - Siguiente'

2023-06-06 09:37:56 - [MESSAGE][WARNING] - Timeout '0' is invalid. Using default page load timeout: '30'

2023-06-06 09:37:56 - [MESSAGE][PASSED] - Tapped on element 'Object Repository/Crear_cuenta/CPN14/android.widget.Button - Siguiente']]></system-out>
         <system-err><![CDATA[]]></system-err>
      </testcase>
      <testcase name="Test Cases/Crear cuenta/CPN15" time="7.792" classname="Test Cases/Crear cuenta/CPN15" status="PASSED">
         <system-out><![CDATA[2023-06-06 09:37:56 - [TEST_CASE][PASSED] - Test Cases/Crear cuenta/CPN15: Test Cases/Crear cuenta/CPN15

2023-06-06 09:37:56 - [TEST_STEP][PASSED] - clearText(findTestObject("Object Repository/Crear_cuenta/CPN15/android.widget.EditText - angello16"), 0): Element 'Object Repository/Crear_cuenta/CPN15/android.widget.EditText - angello16' text is cleared

2023-06-06 09:37:56 - [MESSAGE][WARNING] - Timeout '0' is invalid. Using default page load timeout: '30'

2023-06-06 09:37:56 - [MESSAGE][PASSED] - Element 'Object Repository/Crear_cuenta/CPN15/android.widget.EditText - angello16' text is cleared

2023-06-06 09:37:56 - [TEST_STEP][PASSED] - tap(findTestObject("Object Repository/Crear_cuenta/CPN15/android.widget.EditText - Apodo"), 0): Tapped on element 'Object Repository/Crear_cuenta/CPN15/android.widget.EditText - Apodo'

2023-06-06 09:37:56 - [MESSAGE][WARNING] - Timeout '0' is invalid. Using default page load timeout: '30'

2023-06-06 09:37:57 - [MESSAGE][PASSED] - Tapped on element 'Object Repository/Crear_cuenta/CPN15/android.widget.EditText - Apodo'

2023-06-06 09:37:57 - [TEST_STEP][PASSED] - setText(findTestObject("Object Repository/Crear_cuenta/CPN15/android.widget.EditText - P000"), "LIBRE02", 0): Text 'LIBRE02' has been set to element 'Object Repository/Crear_cuenta/CPN15/android.widget.EditText - P000'

2023-06-06 09:37:57 - [MESSAGE][WARNING] - Timeout '0' is invalid. Using default page load timeout: '30'

2023-06-06 09:38:00 - [MESSAGE][PASSED] - Text 'LIBRE02' has been set to element 'Object Repository/Crear_cuenta/CPN15/android.widget.EditText - P000'

2023-06-06 09:38:00 - [TEST_STEP][PASSED] - verifyElementText(findTestObject("Object Repository/Crear_cuenta/CPN15/android.widget.TextView - El apodo te servir para identificarse en NapoleoN Chat, no lo podrs cambiar despes"), "El apodo te servirá para identificarse en NapoleoN Chat, no lo podrás cambiar despúes"): Actual text and expected text of test object 'Object Repository/Crear_cuenta/CPN15/android.widget.TextView - El apodo te servir para identificarse en NapoleoN Chat, no lo podrs cambiar despes' are matched.

2023-06-06 09:38:01 - [MESSAGE][PASSED] - Actual text and expected text of test object 'Object Repository/Crear_cuenta/CPN15/android.widget.TextView - El apodo te servir para identificarse en NapoleoN Chat, no lo podrs cambiar despes' are matched.

2023-06-06 09:38:01 - [TEST_STEP][PASSED] - clearText(findTestObject("Object Repository/Crear_cuenta/CPN15/android.widget.EditText - Opcional"), 0): Element 'Object Repository/Crear_cuenta/CPN15/android.widget.EditText - Opcional' text is cleared

2023-06-06 09:38:01 - [MESSAGE][WARNING] - Timeout '0' is invalid. Using default page load timeout: '30'

2023-06-06 09:38:02 - [MESSAGE][PASSED] - Element 'Object Repository/Crear_cuenta/CPN15/android.widget.EditText - Opcional' text is cleared

2023-06-06 09:38:02 - [TEST_STEP][PASSED] - hideKeyboard(): Keyboard is hidden

2023-06-06 09:38:03 - [MESSAGE][PASSED] - Keyboard is hidden

2023-06-06 09:38:03 - [TEST_STEP][PASSED] - tap(findTestObject("Object Repository/Crear_cuenta/CPN15/android.widget.Button - Siguiente"), 0): Tapped on element 'Object Repository/Crear_cuenta/CPN15/android.widget.Button - Siguiente'

2023-06-06 09:38:03 - [MESSAGE][WARNING] - Timeout '0' is invalid. Using default page load timeout: '30'

2023-06-06 09:38:04 - [MESSAGE][PASSED] - Tapped on element 'Object Repository/Crear_cuenta/CPN15/android.widget.Button - Siguiente']]></system-out>
         <system-err><![CDATA[]]></system-err>
      </testcase>
      <testcase name="Test Cases/Crear cuenta/CPN16-17" time="9.129" classname="Test Cases/Crear cuenta/CPN16-17" status="PASSED">
         <system-out><![CDATA[2023-06-06 09:38:04 - [TEST_CASE][PASSED] - Test Cases/Crear cuenta/CPN16-17: Test Cases/Crear cuenta/CPN16-17

2023-06-06 09:38:04 - [TEST_STEP][PASSED] - tap(findTestObject("Object Repository/Crear_cuenta/CPN16-17/android.widget.EditText - Pin de Acceso"), 0): Tapped on element 'Object Repository/Crear_cuenta/CPN16-17/android.widget.EditText - Pin de Acceso'

2023-06-06 09:38:04 - [MESSAGE][WARNING] - Timeout '0' is invalid. Using default page load timeout: '30'

2023-06-06 09:38:05 - [MESSAGE][PASSED] - Tapped on element 'Object Repository/Crear_cuenta/CPN16-17/android.widget.EditText - Pin de Acceso'

2023-06-06 09:38:05 - [TEST_STEP][PASSED] - setText(findTestObject("Object Repository/Crear_cuenta/CPN16-17/android.widget.EditText - Pin de Acceso (1)"), "00000", 0): Text '00000' has been set to element 'Object Repository/Crear_cuenta/CPN16-17/android.widget.EditText - Pin de Acceso (1)'

2023-06-06 09:38:05 - [MESSAGE][WARNING] - Timeout '0' is invalid. Using default page load timeout: '30'

2023-06-06 09:38:08 - [MESSAGE][PASSED] - Text '00000' has been set to element 'Object Repository/Crear_cuenta/CPN16-17/android.widget.EditText - Pin de Acceso (1)'

2023-06-06 09:38:08 - [TEST_STEP][PASSED] - setText(findTestObject("Object Repository/Crear_cuenta/CPN16-17/android.widget.EditText - Confirmar nuevo pin de acceso"), "1234", 0): Text '1234' has been set to element 'Object Repository/Crear_cuenta/CPN16-17/android.widget.EditText - Confirmar nuevo pin de acceso'

2023-06-06 09:38:08 - [MESSAGE][WARNING] - Timeout '0' is invalid. Using default page load timeout: '30'

2023-06-06 09:38:10 - [MESSAGE][PASSED] - Text '1234' has been set to element 'Object Repository/Crear_cuenta/CPN16-17/android.widget.EditText - Confirmar nuevo pin de acceso'

2023-06-06 09:38:11 - [TEST_STEP][PASSED] - hideKeyboard(): Keyboard is hidden

2023-06-06 09:38:12 - [MESSAGE][PASSED] - Keyboard is hidden

2023-06-06 09:38:12 - [TEST_STEP][PASSED] - verifyElementText(findTestObject("Object Repository/Crear_cuenta/CPN16-17/android.widget.TextView - El pin de acceso no coincide"), "El pin de acceso no coincide"): Actual text and expected text of test object 'Object Repository/Crear_cuenta/CPN16-17/android.widget.TextView - El pin de acceso no coincide' are matched.

2023-06-06 09:38:13 - [MESSAGE][PASSED] - Actual text and expected text of test object 'Object Repository/Crear_cuenta/CPN16-17/android.widget.TextView - El pin de acceso no coincide' are matched.

2023-06-06 09:38:13 - [TEST_STEP][PASSED] - verifyElementText(findTestObject("Object Repository/Crear_cuenta/CPN16-17/android.widget.TextView - El pin de acceso no coincide (1)"), "El pin de acceso no coincide"): Actual text and expected text of test object 'Object Repository/Crear_cuenta/CPN16-17/android.widget.TextView - El pin de acceso no coincide (1)' are matched.

2023-06-06 09:38:13 - [MESSAGE][PASSED] - Actual text and expected text of test object 'Object Repository/Crear_cuenta/CPN16-17/android.widget.TextView - El pin de acceso no coincide (1)' are matched.]]></system-out>
         <system-err><![CDATA[]]></system-err>
      </testcase>
      <testcase name="Test Cases/Crear cuenta/CPN18-19" time="16.979" classname="Test Cases/Crear cuenta/CPN18-19" status="PASSED">
         <system-out><![CDATA[2023-06-06 09:38:13 - [TEST_CASE][PASSED] - Test Cases/Crear cuenta/CPN18-19: Test Cases/Crear cuenta/CPN18-19

2023-06-06 09:38:13 - [TEST_STEP][PASSED] - tap(findTestObject("Object Repository/Crear_cuenta/CPN18-19/android.widget.EditText - 0000"), 0): Tapped on element 'Object Repository/Crear_cuenta/CPN18-19/android.widget.EditText - 0000'

2023-06-06 09:38:13 - [MESSAGE][WARNING] - Timeout '0' is invalid. Using default page load timeout: '30'

2023-06-06 09:38:13 - [MESSAGE][PASSED] - Tapped on element 'Object Repository/Crear_cuenta/CPN18-19/android.widget.EditText - 0000'

2023-06-06 09:38:13 - [TEST_STEP][PASSED] - clearText(findTestObject("Object Repository/Crear_cuenta/CPN18-19/android.widget.EditText - 0000 (1)"), 0): Element 'Object Repository/Crear_cuenta/CPN18-19/android.widget.EditText - 0000 (1)' text is cleared

2023-06-06 09:38:13 - [MESSAGE][WARNING] - Timeout '0' is invalid. Using default page load timeout: '30'

2023-06-06 09:38:15 - [MESSAGE][PASSED] - Element 'Object Repository/Crear_cuenta/CPN18-19/android.widget.EditText - 0000 (1)' text is cleared

2023-06-06 09:38:15 - [TEST_STEP][PASSED] - clearText(findTestObject("Object Repository/Crear_cuenta/CPN18-19/android.widget.EditText - 1234"), 0): Element 'Object Repository/Crear_cuenta/CPN18-19/android.widget.EditText - 1234' text is cleared

2023-06-06 09:38:15 - [MESSAGE][WARNING] - Timeout '0' is invalid. Using default page load timeout: '30'

2023-06-06 09:38:15 - [MESSAGE][PASSED] - Element 'Object Repository/Crear_cuenta/CPN18-19/android.widget.EditText - 1234' text is cleared

2023-06-06 09:38:16 - [TEST_STEP][PASSED] - setText(findTestObject("Object Repository/Crear_cuenta/CPN18-19/android.widget.EditText - Pin de Acceso"), "0000", 0): Text '0000' has been set to element 'Object Repository/Crear_cuenta/CPN18-19/android.widget.EditText - Pin de Acceso'

2023-06-06 09:38:16 - [MESSAGE][WARNING] - Timeout '0' is invalid. Using default page load timeout: '30'

2023-06-06 09:38:18 - [MESSAGE][PASSED] - Text '0000' has been set to element 'Object Repository/Crear_cuenta/CPN18-19/android.widget.EditText - Pin de Acceso'

2023-06-06 09:38:18 - [TEST_STEP][PASSED] - setText(findTestObject("Object Repository/Crear_cuenta/CPN18-19/android.widget.EditText - Confirmar nuevo pin de acceso"), "1111", 0): Text '1111' has been set to element 'Object Repository/Crear_cuenta/CPN18-19/android.widget.EditText - Confirmar nuevo pin de acceso'

2023-06-06 09:38:18 - [MESSAGE][WARNING] - Timeout '0' is invalid. Using default page load timeout: '30'

2023-06-06 09:38:21 - [MESSAGE][PASSED] - Text '1111' has been set to element 'Object Repository/Crear_cuenta/CPN18-19/android.widget.EditText - Confirmar nuevo pin de acceso'

2023-06-06 09:38:21 - [TEST_STEP][PASSED] - clearText(findTestObject("Object Repository/Crear_cuenta/CPN18-19/android.widget.EditText - 1111"), 0): Element 'Object Repository/Crear_cuenta/CPN18-19/android.widget.EditText - 1111' text is cleared

2023-06-06 09:38:21 - [MESSAGE][WARNING] - Timeout '0' is invalid. Using default page load timeout: '30'

2023-06-06 09:38:22 - [MESSAGE][PASSED] - Element 'Object Repository/Crear_cuenta/CPN18-19/android.widget.EditText - 1111' text is cleared

2023-06-06 09:38:22 - [TEST_STEP][PASSED] - setText(findTestObject("Crear_cuenta/CPN18-19/android.widget.EditText - Confirmar nuevo pin de acceso"), "0000", 0): Text '0000' has been set to element 'Object Repository/Crear_cuenta/CPN18-19/android.widget.EditText - Confirmar nuevo pin de acceso'

2023-06-06 09:38:22 - [MESSAGE][WARNING] - Timeout '0' is invalid. Using default page load timeout: '30'

2023-06-06 09:38:24 - [MESSAGE][PASSED] - Text '0000' has been set to element 'Object Repository/Crear_cuenta/CPN18-19/android.widget.EditText - Confirmar nuevo pin de acceso'

2023-06-06 09:38:24 - [TEST_STEP][PASSED] - hideKeyboard(): Keyboard is hidden

2023-06-06 09:38:26 - [MESSAGE][PASSED] - Keyboard is hidden

2023-06-06 09:38:26 - [TEST_STEP][PASSED] - tap(findTestObject("Object Repository/Crear_cuenta/CPN18-19/android.widget.Button - Crear Cuenta"), 0): Tapped on element 'Object Repository/Crear_cuenta/CPN18-19/android.widget.Button - Crear Cuenta'

2023-06-06 09:38:26 - [MESSAGE][WARNING] - Timeout '0' is invalid. Using default page load timeout: '30'

2023-06-06 09:38:26 - [MESSAGE][PASSED] - Tapped on element 'Object Repository/Crear_cuenta/CPN18-19/android.widget.Button - Crear Cuenta'

2023-06-06 09:38:26 - [TEST_STEP][PASSED] - verifyElementExist(findTestObject("Object Repository/Crear_cuenta/CPN18-19/android.widget.TextView - NapoleoN"), 0): Element 'Object Repository/Crear_cuenta/CPN18-19/android.widget.TextView - NapoleoN' is exist

2023-06-06 09:38:26 - [MESSAGE][WARNING] - Timeout '0' is invalid. Using default page load timeout: '30'

2023-06-06 09:38:30 - [MESSAGE][PASSED] - Element 'Object Repository/Crear_cuenta/CPN18-19/android.widget.TextView - NapoleoN' is exist]]></system-out>
         <system-err><![CDATA[]]></system-err>
      </testcase>
      <testcase name="Test Cases/agregar" time="98.593" classname="Test Cases/agregar" status="PASSED">
         <system-out><![CDATA[2023-06-06 09:38:30 - [TEST_CASE][PASSED] - Test Cases/agregar: Test Cases/agregar

2023-06-06 09:38:30 - [TEST_STEP][PASSED] - tap(findTestObject("Object Repository/agregar/android.widget.ImageView"), 0): Tapped on element 'Object Repository/agregar/android.widget.ImageView'

2023-06-06 09:38:30 - [MESSAGE][WARNING] - Timeout '0' is invalid. Using default page load timeout: '30'

2023-06-06 09:38:30 - [MESSAGE][PASSED] - Tapped on element 'Object Repository/agregar/android.widget.ImageView'

2023-06-06 09:38:30 - [TEST_STEP][PASSED] - tap(findTestObject("Object Repository/agregar/android.widget.Button - Agregar contactos"), 0): Tapped on element 'Object Repository/agregar/android.widget.Button - Agregar contactos'

2023-06-06 09:38:30 - [MESSAGE][WARNING] - Timeout '0' is invalid. Using default page load timeout: '30'

2023-06-06 09:38:31 - [MESSAGE][PASSED] - Tapped on element 'Object Repository/agregar/android.widget.Button - Agregar contactos'

2023-06-06 09:38:31 - [TEST_STEP][PASSED] - setText(findTestObject("Object Repository/agregar/android.widget.EditText - Busca por apodo"), "prueba2134", 0): Text 'prueba2134' has been set to element 'Object Repository/agregar/android.widget.EditText - Busca por apodo'

2023-06-06 09:38:31 - [MESSAGE][WARNING] - Timeout '0' is invalid. Using default page load timeout: '30'

2023-06-06 09:38:35 - [MESSAGE][PASSED] - Text 'prueba2134' has been set to element 'Object Repository/agregar/android.widget.EditText - Busca por apodo'

2023-06-06 09:38:35 - [TEST_STEP][PASSED] - tap(findTestObject("Object Repository/agregar/android.widget.Button - AGREGAR"), 0): Tapped on element 'Object Repository/agregar/android.widget.Button - AGREGAR'

2023-06-06 09:38:35 - [MESSAGE][WARNING] - Timeout '0' is invalid. Using default page load timeout: '30'

2023-06-06 09:38:37 - [MESSAGE][PASSED] - Tapped on element 'Object Repository/agregar/android.widget.Button - AGREGAR'

2023-06-06 09:38:37 - [TEST_STEP][PASSED] - tap(findTestObject("Object Repository/agregar/android.widget.TextView"), 0): Tapped on element 'Object Repository/agregar/android.widget.TextView'

2023-06-06 09:38:37 - [MESSAGE][WARNING] - Timeout '0' is invalid. Using default page load timeout: '30'

2023-06-06 09:38:39 - [MESSAGE][PASSED] - Tapped on element 'Object Repository/agregar/android.widget.TextView'

2023-06-06 09:38:39 - [TEST_STEP][PASSED] - tap(findTestObject("agregar/android.widget.ImageButton"), 0): Tapped on element 'Object Repository/agregar/android.widget.ImageButton'

2023-06-06 09:38:39 - [MESSAGE][WARNING] - Timeout '0' is invalid. Using default page load timeout: '30'

2023-06-06 09:38:40 - [MESSAGE][PASSED] - Tapped on element 'Object Repository/agregar/android.widget.ImageButton'

2023-06-06 09:38:40 - [TEST_STEP][PASSED] - tap(findTestObject("Object Repository/agregar/android.view.ViewGroup"), 0): Tapped on element 'Object Repository/agregar/android.view.ViewGroup'

2023-06-06 09:38:40 - [MESSAGE][WARNING] - Timeout '0' is invalid. Using default page load timeout: '30'

2023-06-06 09:39:03 - [MESSAGE][PASSED] - Tapped on element 'Object Repository/agregar/android.view.ViewGroup'

2023-06-06 09:39:03 - [TEST_STEP][PASSED] - tap(findTestObject("Object Repository/agregar/android.widget.ImageButton (1)"), 0): Tapped on element 'Object Repository/agregar/android.widget.ImageButton (1)'

2023-06-06 09:39:03 - [MESSAGE][WARNING] - Timeout '0' is invalid. Using default page load timeout: '30'

2023-06-06 09:39:46 - [MESSAGE][PASSED] - Tapped on element 'Object Repository/agregar/android.widget.ImageButton (1)'

2023-06-06 09:39:46 - [TEST_STEP][PASSED] - tap(findTestObject("Object Repository/agregar/android.widget.FrameLayout"), 0): Tapped on element 'Object Repository/agregar/android.widget.FrameLayout'

2023-06-06 09:39:47 - [MESSAGE][WARNING] - Timeout '0' is invalid. Using default page load timeout: '30'

2023-06-06 09:39:47 - [MESSAGE][PASSED] - Tapped on element 'Object Repository/agregar/android.widget.FrameLayout'

2023-06-06 09:39:47 - [TEST_STEP][PASSED] - tapAndHold(findTestObject("Object Repository/agregar/android.view.ViewGroup (1)"), 1, 3): Tapped and held on element 'Object Repository/agregar/android.view.ViewGroup (1)' with duration 1

2023-06-06 09:39:50 - [MESSAGE][PASSED] - Tapped and held on element 'Object Repository/agregar/android.view.ViewGroup (1)' with duration 1

2023-06-06 09:39:50 - [TEST_STEP][PASSED] - tap(findTestObject("Object Repository/agregar/android.widget.LinearLayout"), 0): Tapped on element 'Object Repository/agregar/android.widget.LinearLayout'

2023-06-06 09:39:50 - [MESSAGE][WARNING] - Timeout '0' is invalid. Using default page load timeout: '30'

2023-06-06 09:40:03 - [MESSAGE][PASSED] - Tapped on element 'Object Repository/agregar/android.widget.LinearLayout'

2023-06-06 09:40:03 - [TEST_STEP][PASSED] - delay(2, STOP_ON_FAILURE): Delayed 2 second(s)

2023-06-06 09:40:05 - [MESSAGE][PASSED] - Delayed 2 second(s)

2023-06-06 09:40:05 - [TEST_STEP][PASSED] - tap(findTestObject("Object Repository/agregar/android.widget.Button - Aceptar"), 0): Tapped on element 'Object Repository/agregar/android.widget.Button - Aceptar'

2023-06-06 09:40:06 - [MESSAGE][WARNING] - Timeout '0' is invalid. Using default page load timeout: '30'

2023-06-06 09:40:06 - [MESSAGE][PASSED] - Tapped on element 'Object Repository/agregar/android.widget.Button - Aceptar'

2023-06-06 09:40:06 - [TEST_STEP][PASSED] - tap(findTestObject("Object Repository/agregar/android.widget.FrameLayout (1)"), 0): Tapped on element 'Object Repository/agregar/android.widget.FrameLayout (1)'

2023-06-06 09:40:06 - [MESSAGE][WARNING] - Timeout '0' is invalid. Using default page load timeout: '30'

2023-06-06 09:40:06 - [MESSAGE][PASSED] - Tapped on element 'Object Repository/agregar/android.widget.FrameLayout (1)'

2023-06-06 09:40:06 - [TEST_STEP][PASSED] - tap(findTestObject("agregar/android.view.ViewGroup"), 0): Tapped on element 'Object Repository/agregar/android.view.ViewGroup'

2023-06-06 09:40:07 - [MESSAGE][WARNING] - Timeout '0' is invalid. Using default page load timeout: '30'

2023-06-06 09:40:08 - [MESSAGE][PASSED] - Tapped on element 'Object Repository/agregar/android.view.ViewGroup']]></system-out>
         <system-err><![CDATA[]]></system-err>
      </testcase>
      <testcase name="Test Cases/CPN40" time="16.99" classname="Test Cases/CPN40" status="PASSED">
         <system-out><![CDATA[2023-06-06 09:40:08 - [TEST_CASE][PASSED] - Test Cases/CPN40: Test Cases/CPN40

2023-06-06 09:40:09 - [TEST_STEP][PASSED] - tap(findTestObject("CPN40/android.widget.FrameLayout"), 0): Tapped on element 'Object Repository/CPN40/android.widget.FrameLayout'

2023-06-06 09:40:09 - [MESSAGE][WARNING] - Timeout '0' is invalid. Using default page load timeout: '30'

2023-06-06 09:40:09 - [MESSAGE][PASSED] - Tapped on element 'Object Repository/CPN40/android.widget.FrameLayout'

2023-06-06 09:40:09 - [TEST_STEP][PASSED] - tap(findTestObject("Object Repository/CPN40/android.widget.RadioButton - 1 minuto"), 0): Tapped on element 'Object Repository/CPN40/android.widget.RadioButton - 1 minuto'

2023-06-06 09:40:09 - [MESSAGE][WARNING] - Timeout '0' is invalid. Using default page load timeout: '30'

2023-06-06 09:40:10 - [MESSAGE][PASSED] - Tapped on element 'Object Repository/CPN40/android.widget.RadioButton - 1 minuto'

2023-06-06 09:40:10 - [TEST_STEP][PASSED] - tap(findTestObject("Object Repository/CPN40/android.widget.Button - Aceptar"), 0): Tapped on element 'Object Repository/CPN40/android.widget.Button - Aceptar'

2023-06-06 09:40:10 - [MESSAGE][WARNING] - Timeout '0' is invalid. Using default page load timeout: '30'

2023-06-06 09:40:11 - [MESSAGE][PASSED] - Tapped on element 'Object Repository/CPN40/android.widget.Button - Aceptar'

2023-06-06 09:40:11 - [TEST_STEP][PASSED] - tap(findTestObject("Object Repository/CPN40/android.widget.EditText - Escribir mensaje"), 0): Tapped on element 'Object Repository/CPN40/android.widget.EditText - Escribir mensaje'

2023-06-06 09:40:11 - [MESSAGE][WARNING] - Timeout '0' is invalid. Using default page load timeout: '30'

2023-06-06 09:40:13 - [MESSAGE][PASSED] - Tapped on element 'Object Repository/CPN40/android.widget.EditText - Escribir mensaje'

2023-06-06 09:40:13 - [TEST_STEP][PASSED] - setText(findTestObject("Object Repository/CPN40/android.widget.EditText - Escribir mensaje (1)"), "mensaje1", 0): Text 'mensaje1' has been set to element 'Object Repository/CPN40/android.widget.EditText - Escribir mensaje (1)'

2023-06-06 09:40:13 - [MESSAGE][WARNING] - Timeout '0' is invalid. Using default page load timeout: '30'

2023-06-06 09:40:14 - [MESSAGE][PASSED] - Text 'mensaje1' has been set to element 'Object Repository/CPN40/android.widget.EditText - Escribir mensaje (1)'

2023-06-06 09:40:14 - [TEST_STEP][PASSED] - tap(findTestObject("Object Repository/CPN40/android.widget.ImageButton"), 0): Tapped on element 'Object Repository/CPN40/android.widget.ImageButton'

2023-06-06 09:40:14 - [MESSAGE][WARNING] - Timeout '0' is invalid. Using default page load timeout: '30'

2023-06-06 09:40:15 - [MESSAGE][PASSED] - Tapped on element 'Object Repository/CPN40/android.widget.ImageButton'

2023-06-06 09:40:15 - [TEST_STEP][PASSED] - setText(findTestObject("CPN40/android.widget.EditText - Escribir mensaje (1)"), "mensaje2", 0): Text 'mensaje2' has been set to element 'Object Repository/CPN40/android.widget.EditText - Escribir mensaje (1)'

2023-06-06 09:40:15 - [MESSAGE][WARNING] - Timeout '0' is invalid. Using default page load timeout: '30'

2023-06-06 09:40:17 - [MESSAGE][PASSED] - Text 'mensaje2' has been set to element 'Object Repository/CPN40/android.widget.EditText - Escribir mensaje (1)'

2023-06-06 09:40:17 - [TEST_STEP][PASSED] - tap(findTestObject("CPN40/android.widget.ImageButton"), 0): Tapped on element 'Object Repository/CPN40/android.widget.ImageButton'

2023-06-06 09:40:17 - [MESSAGE][WARNING] - Timeout '0' is invalid. Using default page load timeout: '30'

2023-06-06 09:40:18 - [MESSAGE][PASSED] - Tapped on element 'Object Repository/CPN40/android.widget.ImageButton'

2023-06-06 09:40:18 - [TEST_STEP][PASSED] - setText(findTestObject("CPN40/android.widget.EditText - Escribir mensaje (1)"), "mensaje3", 0): Text 'mensaje3' has been set to element 'Object Repository/CPN40/android.widget.EditText - Escribir mensaje (1)'

2023-06-06 09:40:18 - [MESSAGE][WARNING] - Timeout '0' is invalid. Using default page load timeout: '30'

2023-06-06 09:40:20 - [MESSAGE][PASSED] - Text 'mensaje3' has been set to element 'Object Repository/CPN40/android.widget.EditText - Escribir mensaje (1)'

2023-06-06 09:40:20 - [TEST_STEP][PASSED] - tap(findTestObject("CPN40/android.widget.ImageButton"), 0): Tapped on element 'Object Repository/CPN40/android.widget.ImageButton'

2023-06-06 09:40:20 - [MESSAGE][WARNING] - Timeout '0' is invalid. Using default page load timeout: '30'

2023-06-06 09:40:21 - [MESSAGE][PASSED] - Tapped on element 'Object Repository/CPN40/android.widget.ImageButton'

2023-06-06 09:40:21 - [TEST_STEP][PASSED] - setText(findTestObject("CPN40/android.widget.EditText - Escribir mensaje (1)"), "mensaje4", 0): Text 'mensaje4' has been set to element 'Object Repository/CPN40/android.widget.EditText - Escribir mensaje (1)'

2023-06-06 09:40:21 - [MESSAGE][WARNING] - Timeout '0' is invalid. Using default page load timeout: '30'

2023-06-06 09:40:24 - [MESSAGE][PASSED] - Text 'mensaje4' has been set to element 'Object Repository/CPN40/android.widget.EditText - Escribir mensaje (1)'

2023-06-06 09:40:24 - [TEST_STEP][PASSED] - tap(findTestObject("CPN40/android.widget.ImageButton"), 0): Tapped on element 'Object Repository/CPN40/android.widget.ImageButton'

2023-06-06 09:40:24 - [MESSAGE][WARNING] - Timeout '0' is invalid. Using default page load timeout: '30'

2023-06-06 09:40:24 - [MESSAGE][PASSED] - Tapped on element 'Object Repository/CPN40/android.widget.ImageButton'

2023-06-06 09:40:24 - [TEST_STEP][PASSED] - tap(findTestObject("Object Repository/CPN40/android.widget.ImageButton (1)"), 0): Tapped on element 'Object Repository/CPN40/android.widget.ImageButton (1)'

2023-06-06 09:40:24 - [MESSAGE][WARNING] - Timeout '0' is invalid. Using default page load timeout: '30'

2023-06-06 09:40:25 - [MESSAGE][PASSED] - Tapped on element 'Object Repository/CPN40/android.widget.ImageButton (1)']]></system-out>
         <system-err><![CDATA[]]></system-err>
      </testcase>
      <testcase name="Test Cases/CPN76" time="35.599" classname="Test Cases/CPN76" status="PASSED">
         <system-out><![CDATA[2023-06-06 09:40:25 - [TEST_CASE][PASSED] - Test Cases/CPN76: Test Cases/CPN76

2023-06-06 09:40:26 - [TEST_STEP][PASSED] - tap(findTestObject("Object Repository/CPN76/android.widget.FrameLayout"), 0): Tapped on element 'Object Repository/CPN76/android.widget.FrameLayout'

2023-06-06 09:40:26 - [MESSAGE][WARNING] - Timeout '0' is invalid. Using default page load timeout: '30'

2023-06-06 09:40:27 - [MESSAGE][PASSED] - Tapped on element 'Object Repository/CPN76/android.widget.FrameLayout'

2023-06-06 09:40:27 - [TEST_STEP][PASSED] - tap(findTestObject("CPN76/android.view.ViewGroup"), 0): Tapped on element 'Object Repository/CPN76/android.view.ViewGroup'

2023-06-06 09:40:27 - [MESSAGE][WARNING] - Timeout '0' is invalid. Using default page load timeout: '30'

2023-06-06 09:40:28 - [MESSAGE][PASSED] - Tapped on element 'Object Repository/CPN76/android.view.ViewGroup'

2023-06-06 09:40:28 - [TEST_STEP][PASSED] - tapAndHold(findTestObject("CPN76/android.widget.ImageButton"), 8, 0): Tapped and held on element 'Object Repository/CPN76/android.widget.ImageButton' with duration 8

2023-06-06 09:40:28 - [MESSAGE][WARNING] - Timeout '0' is invalid. Using default page load timeout: '30'

2023-06-06 09:40:40 - [MESSAGE][PASSED] - Tapped and held on element 'Object Repository/CPN76/android.widget.ImageButton' with duration 8

2023-06-06 09:40:40 - [TEST_STEP][PASSED] - tapAndHold(findTestObject("CPN76/android.widget.ImageButton"), 15, 0): Tapped and held on element 'Object Repository/CPN76/android.widget.ImageButton' with duration 15

2023-06-06 09:40:40 - [MESSAGE][WARNING] - Timeout '0' is invalid. Using default page load timeout: '30'

2023-06-06 09:40:58 - [MESSAGE][PASSED] - Tapped and held on element 'Object Repository/CPN76/android.widget.ImageButton' with duration 15

2023-06-06 09:40:58 - [TEST_STEP][PASSED] - tap(findTestObject("CPN76/android.widget.ImageButton (1)"), 0): Tapped on element 'Object Repository/CPN76/android.widget.ImageButton (1)'

2023-06-06 09:40:58 - [MESSAGE][WARNING] - Timeout '0' is invalid. Using default page load timeout: '30'

2023-06-06 09:41:01 - [MESSAGE][PASSED] - Tapped on element 'Object Repository/CPN76/android.widget.ImageButton (1)']]></system-out>
         <system-err><![CDATA[]]></system-err>
      </testcase>
      <testcase name="Test Cases/CPN85" time="30.563" classname="Test Cases/CPN85" status="PASSED">
         <system-out><![CDATA[2023-06-06 09:41:01 - [TEST_CASE][PASSED] - Test Cases/CPN85: Test Cases/CPN85

2023-06-06 09:41:01 - [TEST_STEP][PASSED] - tap(findTestObject("Object Repository/CPN85/android.view.ViewGroup"), 0): Tapped on element 'Object Repository/CPN85/android.view.ViewGroup'

2023-06-06 09:41:01 - [MESSAGE][WARNING] - Timeout '0' is invalid. Using default page load timeout: '30'

2023-06-06 09:41:01 - [MESSAGE][PASSED] - Tapped on element 'Object Repository/CPN85/android.view.ViewGroup'

2023-06-06 09:41:01 - [TEST_STEP][PASSED] - tap(findTestObject("Object Repository/CPN85/android.widget.ImageButton"), 0): Tapped on element 'Object Repository/CPN85/android.widget.ImageButton'

2023-06-06 09:41:02 - [MESSAGE][WARNING] - Timeout '0' is invalid. Using default page load timeout: '30'

2023-06-06 09:41:03 - [MESSAGE][PASSED] - Tapped on element 'Object Repository/CPN85/android.widget.ImageButton'

2023-06-06 09:41:03 - [TEST_STEP][PASSED] - tap(findTestObject("Object Repository/CPN85/android.widget.SeekBar - 0.0"), 0): Tapped on element 'Object Repository/CPN85/android.widget.SeekBar - 0.0'

2023-06-06 09:41:03 - [MESSAGE][WARNING] - Timeout '0' is invalid. Using default page load timeout: '30'

2023-06-06 09:41:04 - [MESSAGE][PASSED] - Tapped on element 'Object Repository/CPN85/android.widget.SeekBar - 0.0'

2023-06-06 09:41:04 - [TEST_STEP][PASSED] - tap(findTestObject("Object Repository/CPN85/android.widget.ImageButton (1)"), 0): Tapped on element 'Object Repository/CPN85/android.widget.ImageButton (1)'

2023-06-06 09:41:04 - [MESSAGE][WARNING] - Timeout '0' is invalid. Using default page load timeout: '30'

2023-06-06 09:41:05 - [MESSAGE][PASSED] - Tapped on element 'Object Repository/CPN85/android.widget.ImageButton (1)'

2023-06-06 09:41:05 - [TEST_STEP][PASSED] - tap(findTestObject("Object Repository/CPN85/android.widget.ImageButton (2)"), 0): Tapped on element 'Object Repository/CPN85/android.widget.ImageButton (2)'

2023-06-06 09:41:05 - [MESSAGE][WARNING] - Timeout '0' is invalid. Using default page load timeout: '30'

2023-06-06 09:41:08 - [MESSAGE][PASSED] - Tapped on element 'Object Repository/CPN85/android.widget.ImageButton (2)'

2023-06-06 09:41:08 - [TEST_STEP][PASSED] - tap(findTestObject("CPN85/android.widget.ImageButton"), 0): Tapped on element 'Object Repository/CPN85/android.widget.ImageButton'

2023-06-06 09:41:08 - [MESSAGE][WARNING] - Timeout '0' is invalid. Using default page load timeout: '30'

2023-06-06 09:41:10 - [MESSAGE][PASSED] - Tapped on element 'Object Repository/CPN85/android.widget.ImageButton'

2023-06-06 09:41:10 - [TEST_STEP][PASSED] - tap(findTestObject("Object Repository/CPN85/android.widget.ImageButton (3)"), 0): Tapped on element 'Object Repository/CPN85/android.widget.ImageButton (3)'

2023-06-06 09:41:10 - [MESSAGE][WARNING] - Timeout '0' is invalid. Using default page load timeout: '30'

2023-06-06 09:41:11 - [MESSAGE][PASSED] - Tapped on element 'Object Repository/CPN85/android.widget.ImageButton (3)'

2023-06-06 09:41:11 - [TEST_STEP][PASSED] - tap(findTestObject("CPN85/android.widget.SeekBar - 0.0"), 0): Tapped on element 'Object Repository/CPN85/android.widget.SeekBar - 0.0'

2023-06-06 09:41:11 - [MESSAGE][WARNING] - Timeout '0' is invalid. Using default page load timeout: '30'

2023-06-06 09:41:12 - [MESSAGE][PASSED] - Tapped on element 'Object Repository/CPN85/android.widget.SeekBar - 0.0'

2023-06-06 09:41:12 - [TEST_STEP][PASSED] - tap(findTestObject("CPN85/android.widget.ImageButton (1)"), 0): Tapped on element 'Object Repository/CPN85/android.widget.ImageButton (1)'

2023-06-06 09:41:12 - [MESSAGE][WARNING] - Timeout '0' is invalid. Using default page load timeout: '30'

2023-06-06 09:41:12 - [MESSAGE][PASSED] - Tapped on element 'Object Repository/CPN85/android.widget.ImageButton (1)'

2023-06-06 09:41:12 - [TEST_STEP][PASSED] - tap(findTestObject("CPN85/android.widget.ImageButton (2)"), 0): Tapped on element 'Object Repository/CPN85/android.widget.ImageButton (2)'

2023-06-06 09:41:12 - [MESSAGE][WARNING] - Timeout '0' is invalid. Using default page load timeout: '30'

2023-06-06 09:41:15 - [MESSAGE][PASSED] - Tapped on element 'Object Repository/CPN85/android.widget.ImageButton (2)'

2023-06-06 09:41:15 - [TEST_STEP][PASSED] - tap(findTestObject("CPN85/android.widget.ImageButton"), 0): Tapped on element 'Object Repository/CPN85/android.widget.ImageButton'

2023-06-06 09:41:15 - [MESSAGE][WARNING] - Timeout '0' is invalid. Using default page load timeout: '30'

2023-06-06 09:41:17 - [MESSAGE][PASSED] - Tapped on element 'Object Repository/CPN85/android.widget.ImageButton'

2023-06-06 09:41:17 - [TEST_STEP][PASSED] - tap(findTestObject("Object Repository/CPN85/android.widget.ImageButton (4)"), 0): Tapped on element 'Object Repository/CPN85/android.widget.ImageButton (4)'

2023-06-06 09:41:17 - [MESSAGE][WARNING] - Timeout '0' is invalid. Using default page load timeout: '30'

2023-06-06 09:41:19 - [MESSAGE][PASSED] - Tapped on element 'Object Repository/CPN85/android.widget.ImageButton (4)'

2023-06-06 09:41:19 - [TEST_STEP][PASSED] - tap(findTestObject("CPN85/android.widget.ImageButton (1)"), 0): Tapped on element 'Object Repository/CPN85/android.widget.ImageButton (1)'

2023-06-06 09:41:19 - [MESSAGE][WARNING] - Timeout '0' is invalid. Using default page load timeout: '30'

2023-06-06 09:41:20 - [MESSAGE][PASSED] - Tapped on element 'Object Repository/CPN85/android.widget.ImageButton (1)'

2023-06-06 09:41:20 - [TEST_STEP][PASSED] - delay(1, STOP_ON_FAILURE): Delayed 1 second(s)

2023-06-06 09:41:21 - [MESSAGE][PASSED] - Delayed 1 second(s)

2023-06-06 09:41:21 - [TEST_STEP][PASSED] - tap(findTestObject("CPN85/android.widget.ImageButton (2)"), 0): Tapped on element 'Object Repository/CPN85/android.widget.ImageButton (2)'

2023-06-06 09:41:21 - [MESSAGE][WARNING] - Timeout '0' is invalid. Using default page load timeout: '30'

2023-06-06 09:41:21 - [MESSAGE][PASSED] - Tapped on element 'Object Repository/CPN85/android.widget.ImageButton (2)'

2023-06-06 09:41:21 - [TEST_STEP][PASSED] - tap(findTestObject("CPN85/android.widget.ImageButton"), 0): Tapped on element 'Object Repository/CPN85/android.widget.ImageButton'

2023-06-06 09:41:21 - [MESSAGE][WARNING] - Timeout '0' is invalid. Using default page load timeout: '30'

2023-06-06 09:41:24 - [MESSAGE][PASSED] - Tapped on element 'Object Repository/CPN85/android.widget.ImageButton'

2023-06-06 09:41:24 - [TEST_STEP][PASSED] - tap(findTestObject("CPN85/android.widget.ImageButton (4)"), 0): Tapped on element 'Object Repository/CPN85/android.widget.ImageButton (4)'

2023-06-06 09:41:24 - [MESSAGE][WARNING] - Timeout '0' is invalid. Using default page load timeout: '30'

2023-06-06 09:41:24 - [MESSAGE][PASSED] - Tapped on element 'Object Repository/CPN85/android.widget.ImageButton (4)'

2023-06-06 09:41:24 - [TEST_STEP][PASSED] - tap(findTestObject("CPN85/android.widget.ImageButton (3)"), 0): Tapped on element 'Object Repository/CPN85/android.widget.ImageButton (3)'

2023-06-06 09:41:25 - [MESSAGE][WARNING] - Timeout '0' is invalid. Using default page load timeout: '30'

2023-06-06 09:41:25 - [MESSAGE][PASSED] - Tapped on element 'Object Repository/CPN85/android.widget.ImageButton (3)'

2023-06-06 09:41:25 - [TEST_STEP][PASSED] - tap(findTestObject("CPN85/android.widget.ImageButton (1)"), 0): Tapped on element 'Object Repository/CPN85/android.widget.ImageButton (1)'

2023-06-06 09:41:25 - [MESSAGE][WARNING] - Timeout '0' is invalid. Using default page load timeout: '30'

2023-06-06 09:41:26 - [MESSAGE][PASSED] - Tapped on element 'Object Repository/CPN85/android.widget.ImageButton (1)'

2023-06-06 09:41:26 - [TEST_STEP][PASSED] - tap(findTestObject("CPN85/android.widget.ImageButton (2)"), 0): Tapped on element 'Object Repository/CPN85/android.widget.ImageButton (2)'

2023-06-06 09:41:26 - [MESSAGE][WARNING] - Timeout '0' is invalid. Using default page load timeout: '30'

2023-06-06 09:41:28 - [MESSAGE][PASSED] - Tapped on element 'Object Repository/CPN85/android.widget.ImageButton (2)'

2023-06-06 09:41:28 - [TEST_STEP][PASSED] - delay(3, STOP_ON_FAILURE): Delayed 3 second(s)

2023-06-06 09:41:31 - [MESSAGE][PASSED] - Delayed 3 second(s)

2023-06-06 09:41:31 - [TEST_STEP][PASSED] - tap(findTestObject("Object Repository/CPN85/android.widget.ImageButton (5)"), 0): Tapped on element 'Object Repository/CPN85/android.widget.ImageButton (5)'

2023-06-06 09:41:31 - [MESSAGE][WARNING] - Timeout '0' is invalid. Using default page load timeout: '30'

2023-06-06 09:41:31 - [MESSAGE][PASSED] - Tapped on element 'Object Repository/CPN85/android.widget.ImageButton (5)']]></system-out>
         <system-err><![CDATA[]]></system-err>
      </testcase>
      <testcase name="Test Cases/CPN94" time="86.981" classname="Test Cases/CPN94" status="PASSED">
         <system-out><![CDATA[2023-06-06 09:41:31 - [TEST_CASE][PASSED] - Test Cases/CPN94: Test Cases/CPN94

2023-06-06 09:41:32 - [TEST_STEP][PASSED] - tap(findTestObject("CPN94/android.view.ViewGroup"), 0): Tapped on element 'Object Repository/CPN94/android.view.ViewGroup'

2023-06-06 09:41:32 - [MESSAGE][WARNING] - Timeout '0' is invalid. Using default page load timeout: '30'

2023-06-06 09:41:34 - [MESSAGE][PASSED] - Tapped on element 'Object Repository/CPN94/android.view.ViewGroup'

2023-06-06 09:41:34 - [TEST_STEP][PASSED] - tap(findTestObject("Object Repository/CPN94/android.widget.ImageButton"), 0): Tapped on element 'Object Repository/CPN94/android.widget.ImageButton'

2023-06-06 09:41:34 - [MESSAGE][WARNING] - Timeout '0' is invalid. Using default page load timeout: '30'

2023-06-06 09:41:37 - [MESSAGE][PASSED] - Tapped on element 'Object Repository/CPN94/android.widget.ImageButton'

2023-06-06 09:41:37 - [TEST_STEP][PASSED] - tapAndHold(findTestObject("Object Repository/CPN94/android.widget.ImageButton (1)"), 6, 0): Tapped and held on element 'Object Repository/CPN94/android.widget.ImageButton (1)' with duration 6

2023-06-06 09:41:37 - [MESSAGE][WARNING] - Timeout '0' is invalid. Using default page load timeout: '30'

2023-06-06 09:41:45 - [MESSAGE][PASSED] - Tapped and held on element 'Object Repository/CPN94/android.widget.ImageButton (1)' with duration 6

2023-06-06 09:41:45 - [TEST_STEP][PASSED] - tap(findTestObject("Object Repository/CPN94/android.widget.ImageButton (2)"), 0): Tapped on element 'Object Repository/CPN94/android.widget.ImageButton (2)'

2023-06-06 09:41:45 - [MESSAGE][WARNING] - Timeout '0' is invalid. Using default page load timeout: '30'

2023-06-06 09:41:47 - [MESSAGE][PASSED] - Tapped on element 'Object Repository/CPN94/android.widget.ImageButton (2)'

2023-06-06 09:41:47 - [TEST_STEP][PASSED] - tap(findTestObject("CPN94/android.widget.ImageButton"), 0): Tapped on element 'Object Repository/CPN94/android.widget.ImageButton'

2023-06-06 09:41:47 - [MESSAGE][WARNING] - Timeout '0' is invalid. Using default page load timeout: '30'

2023-06-06 09:41:48 - [MESSAGE][PASSED] - Tapped on element 'Object Repository/CPN94/android.widget.ImageButton'

2023-06-06 09:41:48 - [TEST_STEP][PASSED] - tap(findTestObject("Object Repository/CPN94/android.widget.ImageButton (3)"), 0): Tapped on element 'Object Repository/CPN94/android.widget.ImageButton (3)'

2023-06-06 09:41:48 - [MESSAGE][WARNING] - Timeout '0' is invalid. Using default page load timeout: '30'

2023-06-06 09:41:49 - [MESSAGE][PASSED] - Tapped on element 'Object Repository/CPN94/android.widget.ImageButton (3)'

2023-06-06 09:41:49 - [TEST_STEP][PASSED] - tap(findTestObject("Object Repository/CPN94/android.widget.SeekBar - 0.0"), 0): Tapped on element 'Object Repository/CPN94/android.widget.SeekBar - 0.0'

2023-06-06 09:41:49 - [MESSAGE][WARNING] - Timeout '0' is invalid. Using default page load timeout: '30'

2023-06-06 09:41:50 - [MESSAGE][PASSED] - Tapped on element 'Object Repository/CPN94/android.widget.SeekBar - 0.0'

2023-06-06 09:41:50 - [TEST_STEP][PASSED] - tapAndHold(findTestObject("CPN94/android.widget.ImageButton (1)"), 8, 0): Tapped and held on element 'Object Repository/CPN94/android.widget.ImageButton (1)' with duration 8

2023-06-06 09:41:50 - [MESSAGE][WARNING] - Timeout '0' is invalid. Using default page load timeout: '30'

2023-06-06 09:42:00 - [MESSAGE][PASSED] - Tapped and held on element 'Object Repository/CPN94/android.widget.ImageButton (1)' with duration 8

2023-06-06 09:42:00 - [TEST_STEP][PASSED] - tap(findTestObject("Object Repository/CPN94/android.widget.EditText - Escribir mensaje"), 0): Tapped on element 'Object Repository/CPN94/android.widget.EditText - Escribir mensaje'

2023-06-06 09:42:00 - [MESSAGE][WARNING] - Timeout '0' is invalid. Using default page load timeout: '30'

2023-06-06 09:42:02 - [MESSAGE][PASSED] - Tapped on element 'Object Repository/CPN94/android.widget.EditText - Escribir mensaje'

2023-06-06 09:42:02 - [TEST_STEP][PASSED] - setText(findTestObject("Object Repository/CPN94/android.widget.EditText - Escribir mensaje (1)"), "Prueba video", 0): Text 'Prueba video' has been set to element 'Object Repository/CPN94/android.widget.EditText - Escribir mensaje (1)'

2023-06-06 09:42:02 - [MESSAGE][WARNING] - Timeout '0' is invalid. Using default page load timeout: '30'

2023-06-06 09:42:03 - [MESSAGE][PASSED] - Text 'Prueba video' has been set to element 'Object Repository/CPN94/android.widget.EditText - Escribir mensaje (1)'

2023-06-06 09:42:03 - [TEST_STEP][PASSED] - hideKeyboard(): Keyboard is hidden

2023-06-06 09:42:06 - [MESSAGE][PASSED] - Keyboard is hidden

2023-06-06 09:42:06 - [TEST_STEP][PASSED] - tap(findTestObject("CPN94/android.widget.ImageButton (2)"), 0): Tapped on element 'Object Repository/CPN94/android.widget.ImageButton (2)'

2023-06-06 09:42:06 - [MESSAGE][WARNING] - Timeout '0' is invalid. Using default page load timeout: '30'

2023-06-06 09:42:06 - [MESSAGE][PASSED] - Tapped on element 'Object Repository/CPN94/android.widget.ImageButton (2)'

2023-06-06 09:42:06 - [TEST_STEP][PASSED] - tap(findTestObject("CPN94/android.widget.ImageButton"), 0): Tapped on element 'Object Repository/CPN94/android.widget.ImageButton'

2023-06-06 09:42:06 - [MESSAGE][WARNING] - Timeout '0' is invalid. Using default page load timeout: '30'

2023-06-06 09:42:08 - [MESSAGE][PASSED] - Tapped on element 'Object Repository/CPN94/android.widget.ImageButton'

2023-06-06 09:42:08 - [TEST_STEP][PASSED] - tap(findTestObject("Object Repository/CPN94/android.widget.ImageButton (4)"), 0): Tapped on element 'Object Repository/CPN94/android.widget.ImageButton (4)'

2023-06-06 09:42:08 - [MESSAGE][WARNING] - Timeout '0' is invalid. Using default page load timeout: '30'

2023-06-06 09:42:09 - [MESSAGE][PASSED] - Tapped on element 'Object Repository/CPN94/android.widget.ImageButton (4)'

2023-06-06 09:42:09 - [TEST_STEP][PASSED] - tapAndHold(findTestObject("CPN94/android.widget.ImageButton (1)"), 5, 0): Tapped and held on element 'Object Repository/CPN94/android.widget.ImageButton (1)' with duration 5

2023-06-06 09:42:09 - [MESSAGE][WARNING] - Timeout '0' is invalid. Using default page load timeout: '30'

2023-06-06 09:42:16 - [MESSAGE][PASSED] - Tapped and held on element 'Object Repository/CPN94/android.widget.ImageButton (1)' with duration 5

2023-06-06 09:42:16 - [TEST_STEP][PASSED] - tap(findTestObject("CPN94/android.widget.ImageButton (2)"), 0): Tapped on element 'Object Repository/CPN94/android.widget.ImageButton (2)'

2023-06-06 09:42:16 - [MESSAGE][WARNING] - Timeout '0' is invalid. Using default page load timeout: '30'

2023-06-06 09:42:17 - [MESSAGE][PASSED] - Tapped on element 'Object Repository/CPN94/android.widget.ImageButton (2)'

2023-06-06 09:42:17 - [TEST_STEP][PASSED] - tap(findTestObject("CPN94/android.widget.ImageButton"), 0): Tapped on element 'Object Repository/CPN94/android.widget.ImageButton'

2023-06-06 09:42:17 - [MESSAGE][WARNING] - Timeout '0' is invalid. Using default page load timeout: '30'

2023-06-06 09:42:19 - [MESSAGE][PASSED] - Tapped on element 'Object Repository/CPN94/android.widget.ImageButton'

2023-06-06 09:42:19 - [TEST_STEP][PASSED] - tap(findTestObject("CPN94/android.widget.ImageButton (4)"), 0): Tapped on element 'Object Repository/CPN94/android.widget.ImageButton (4)'

2023-06-06 09:42:19 - [MESSAGE][WARNING] - Timeout '0' is invalid. Using default page load timeout: '30'

2023-06-06 09:42:20 - [MESSAGE][PASSED] - Tapped on element 'Object Repository/CPN94/android.widget.ImageButton (4)'

2023-06-06 09:42:20 - [TEST_STEP][PASSED] - tapAndHold(findTestObject("CPN94/android.widget.ImageButton (1)"), 10, 0): Tapped and held on element 'Object Repository/CPN94/android.widget.ImageButton (1)' with duration 10

2023-06-06 09:42:20 - [MESSAGE][WARNING] - Timeout '0' is invalid. Using default page load timeout: '30'

2023-06-06 09:42:32 - [MESSAGE][PASSED] - Tapped and held on element 'Object Repository/CPN94/android.widget.ImageButton (1)' with duration 10

2023-06-06 09:42:32 - [TEST_STEP][PASSED] - tap(findTestObject("CPN94/android.widget.ImageButton (2)"), 0): Tapped on element 'Object Repository/CPN94/android.widget.ImageButton (2)'

2023-06-06 09:42:32 - [MESSAGE][WARNING] - Timeout '0' is invalid. Using default page load timeout: '30'

2023-06-06 09:42:33 - [MESSAGE][PASSED] - Tapped on element 'Object Repository/CPN94/android.widget.ImageButton (2)'

2023-06-06 09:42:33 - [TEST_STEP][PASSED] - tap(findTestObject("CPN94/android.widget.ImageButton"), 0): Tapped on element 'Object Repository/CPN94/android.widget.ImageButton'

2023-06-06 09:42:33 - [MESSAGE][WARNING] - Timeout '0' is invalid. Using default page load timeout: '30'

2023-06-06 09:42:35 - [MESSAGE][PASSED] - Tapped on element 'Object Repository/CPN94/android.widget.ImageButton'

2023-06-06 09:42:35 - [TEST_STEP][PASSED] - tap(findTestObject("CPN94/android.widget.ImageButton (4)"), 0): Tapped on element 'Object Repository/CPN94/android.widget.ImageButton (4)'

2023-06-06 09:42:35 - [MESSAGE][WARNING] - Timeout '0' is invalid. Using default page load timeout: '30'

2023-06-06 09:42:36 - [MESSAGE][PASSED] - Tapped on element 'Object Repository/CPN94/android.widget.ImageButton (4)'

2023-06-06 09:42:36 - [TEST_STEP][PASSED] - tapAndHold(findTestObject("CPN94/android.widget.ImageButton (1)"), 15, 0): Tapped and held on element 'Object Repository/CPN94/android.widget.ImageButton (1)' with duration 15

2023-06-06 09:42:36 - [MESSAGE][WARNING] - Timeout '0' is invalid. Using default page load timeout: '30'

2023-06-06 09:42:53 - [MESSAGE][PASSED] - Tapped and held on element 'Object Repository/CPN94/android.widget.ImageButton (1)' with duration 15

2023-06-06 09:42:53 - [TEST_STEP][PASSED] - tap(findTestObject("CPN94/android.widget.ImageButton (2)"), 0): Tapped on element 'Object Repository/CPN94/android.widget.ImageButton (2)'

2023-06-06 09:42:53 - [MESSAGE][WARNING] - Timeout '0' is invalid. Using default page load timeout: '30'

2023-06-06 09:42:54 - [MESSAGE][PASSED] - Tapped on element 'Object Repository/CPN94/android.widget.ImageButton (2)'

2023-06-06 09:42:54 - [TEST_STEP][PASSED] - tap(findTestObject("CPN94/android.widget.ImageButton (6)"), 0): Tapped on element 'Object Repository/CPN94/android.widget.ImageButton (6)'

2023-06-06 09:42:54 - [MESSAGE][WARNING] - Timeout '0' is invalid. Using default page load timeout: '30'

2023-06-06 09:42:58 - [MESSAGE][PASSED] - Tapped on element 'Object Repository/CPN94/android.widget.ImageButton (6)']]></system-out>
         <system-err><![CDATA[]]></system-err>
      </testcase>
      <testcase name="Test Cases/CPN103" time="16.123" classname="Test Cases/CPN103" status="PASSED">
         <system-out><![CDATA[2023-06-06 09:42:58 - [TEST_CASE][PASSED] - Test Cases/CPN103: Test Cases/CPN103

2023-06-06 09:42:59 - [TEST_STEP][PASSED] - tap(findTestObject("CPN103/android.view.ViewGroup"), 0): Tapped on element 'Object Repository/CPN103/android.view.ViewGroup'

2023-06-06 09:42:59 - [MESSAGE][WARNING] - Timeout '0' is invalid. Using default page load timeout: '30'

2023-06-06 09:43:00 - [MESSAGE][PASSED] - Tapped on element 'Object Repository/CPN103/android.view.ViewGroup'

2023-06-06 09:43:00 - [TEST_STEP][PASSED] - tap(findTestObject("Object Repository/CPN103/android.widget.ImageButton"), 0): Tapped on element 'Object Repository/CPN103/android.widget.ImageButton'

2023-06-06 09:43:00 - [MESSAGE][WARNING] - Timeout '0' is invalid. Using default page load timeout: '30'

2023-06-06 09:43:01 - [MESSAGE][PASSED] - Tapped on element 'Object Repository/CPN103/android.widget.ImageButton'

2023-06-06 09:43:01 - [TEST_STEP][PASSED] - tap(findTestObject("Object Repository/CPN103/android.widget.LinearLayout"), 0): Tapped on element 'Object Repository/CPN103/android.widget.LinearLayout'

2023-06-06 09:43:01 - [MESSAGE][WARNING] - Timeout '0' is invalid. Using default page load timeout: '30'

2023-06-06 09:43:02 - [MESSAGE][PASSED] - Tapped on element 'Object Repository/CPN103/android.widget.LinearLayout'

2023-06-06 09:43:02 - [TEST_STEP][PASSED] - tap(findTestObject("Object Repository/CPN103/android.widget.ImageView"), 0): Tapped on element 'Object Repository/CPN103/android.widget.ImageView'

2023-06-06 09:43:03 - [MESSAGE][WARNING] - Timeout '0' is invalid. Using default page load timeout: '30'

2023-06-06 09:43:07 - [MESSAGE][PASSED] - Tapped on element 'Object Repository/CPN103/android.widget.ImageView'

2023-06-06 09:43:07 - [TEST_STEP][PASSED] - tap(findTestObject("CPN103/android.widget.ImageButton"), 0): Tapped on element 'Object Repository/CPN103/android.widget.ImageButton'

2023-06-06 09:43:07 - [MESSAGE][WARNING] - Timeout '0' is invalid. Using default page load timeout: '30'

2023-06-06 09:43:09 - [MESSAGE][PASSED] - Tapped on element 'Object Repository/CPN103/android.widget.ImageButton'

2023-06-06 09:43:09 - [TEST_STEP][PASSED] - tap(findTestObject("CPN103/android.widget.LinearLayout"), 0): Tapped on element 'Object Repository/CPN103/android.widget.LinearLayout'

2023-06-06 09:43:09 - [MESSAGE][WARNING] - Timeout '0' is invalid. Using default page load timeout: '30'

2023-06-06 09:43:10 - [MESSAGE][PASSED] - Tapped on element 'Object Repository/CPN103/android.widget.LinearLayout'

2023-06-06 09:43:10 - [TEST_STEP][PASSED] - tap(findTestObject("Object Repository/CPN103/android.widget.ImageView (1)"), 0): Tapped on element 'Object Repository/CPN103/android.widget.ImageView (1)'

2023-06-06 09:43:10 - [MESSAGE][WARNING] - Timeout '0' is invalid. Using default page load timeout: '30'

2023-06-06 09:43:12 - [MESSAGE][PASSED] - Tapped on element 'Object Repository/CPN103/android.widget.ImageView (1)'

2023-06-06 09:43:12 - [TEST_STEP][PASSED] - tap(findTestObject("Object Repository/CPN103/android.widget.ImageButton (1)"), 0): Tapped on element 'Object Repository/CPN103/android.widget.ImageButton (1)'

2023-06-06 09:43:12 - [MESSAGE][WARNING] - Timeout '0' is invalid. Using default page load timeout: '30'

2023-06-06 09:43:15 - [MESSAGE][PASSED] - Tapped on element 'Object Repository/CPN103/android.widget.ImageButton (1)']]></system-out>
         <system-err><![CDATA[]]></system-err>
      </testcase>
      <testcase name="Test Cases/CPN104" time="23.135" classname="Test Cases/CPN104" status="PASSED">
         <system-out><![CDATA[2023-06-06 09:43:15 - [TEST_CASE][PASSED] - Test Cases/CPN104: Test Cases/CPN104

2023-06-06 09:43:15 - [TEST_STEP][PASSED] - tap(findTestObject("Object Repository/CPN104/android.view.ViewGroup"), 0): Tapped on element 'Object Repository/CPN104/android.view.ViewGroup'

2023-06-06 09:43:15 - [MESSAGE][WARNING] - Timeout '0' is invalid. Using default page load timeout: '30'

2023-06-06 09:43:17 - [MESSAGE][PASSED] - Tapped on element 'Object Repository/CPN104/android.view.ViewGroup'

2023-06-06 09:43:17 - [TEST_STEP][PASSED] - tap(findTestObject("Object Repository/CPN104/android.widget.ImageButton"), 0): Tapped on element 'Object Repository/CPN104/android.widget.ImageButton'

2023-06-06 09:43:17 - [MESSAGE][WARNING] - Timeout '0' is invalid. Using default page load timeout: '30'

2023-06-06 09:43:18 - [MESSAGE][PASSED] - Tapped on element 'Object Repository/CPN104/android.widget.ImageButton'

2023-06-06 09:43:18 - [TEST_STEP][PASSED] - tap(findTestObject("Object Repository/CPN104/android.widget.LinearLayout"), 0): Tapped on element 'Object Repository/CPN104/android.widget.LinearLayout'

2023-06-06 09:43:18 - [MESSAGE][WARNING] - Timeout '0' is invalid. Using default page load timeout: '30'

2023-06-06 09:43:19 - [MESSAGE][PASSED] - Tapped on element 'Object Repository/CPN104/android.widget.LinearLayout'

2023-06-06 09:43:19 - [TEST_STEP][PASSED] - tap(findTestObject("Object Repository/CPN104/android.view.ViewGroup (1)"), 0): Tapped on element 'Object Repository/CPN104/android.view.ViewGroup (1)'

2023-06-06 09:43:19 - [MESSAGE][WARNING] - Timeout '0' is invalid. Using default page load timeout: '30'

2023-06-06 09:43:20 - [MESSAGE][PASSED] - Tapped on element 'Object Repository/CPN104/android.view.ViewGroup (1)'

2023-06-06 09:43:20 - [TEST_STEP][PASSED] - tap(findTestObject("Object Repository/CPN104/android.widget.ImageView"), 0): Tapped on element 'Object Repository/CPN104/android.widget.ImageView'

2023-06-06 09:43:20 - [MESSAGE][WARNING] - Timeout '0' is invalid. Using default page load timeout: '30'

2023-06-06 09:43:21 - [MESSAGE][PASSED] - Tapped on element 'Object Repository/CPN104/android.widget.ImageView'

2023-06-06 09:43:21 - [TEST_STEP][PASSED] - tap(findTestObject("Object Repository/CPN104/android.widget.ImageView (1)"), 0): Tapped on element 'Object Repository/CPN104/android.widget.ImageView (1)'

2023-06-06 09:43:22 - [MESSAGE][WARNING] - Timeout '0' is invalid. Using default page load timeout: '30'

2023-06-06 09:43:23 - [MESSAGE][PASSED] - Tapped on element 'Object Repository/CPN104/android.widget.ImageView (1)'

2023-06-06 09:43:23 - [TEST_STEP][PASSED] - delay(8, STOP_ON_FAILURE): Delayed 8 second(s)

2023-06-06 09:43:31 - [MESSAGE][PASSED] - Delayed 8 second(s)

2023-06-06 09:43:31 - [TEST_STEP][PASSED] - tap(findTestObject("Object Repository/CPN104/android.widget.ImageView (2)"), 0): Tapped on element 'Object Repository/CPN104/android.widget.ImageView (2)'

2023-06-06 09:43:31 - [MESSAGE][WARNING] - Timeout '0' is invalid. Using default page load timeout: '30'

2023-06-06 09:43:31 - [MESSAGE][PASSED] - Tapped on element 'Object Repository/CPN104/android.widget.ImageView (2)'

2023-06-06 09:43:31 - [TEST_STEP][PASSED] - tap(findTestObject("Object Repository/CPN104/android.widget.ImageButton (1)"), 0): Tapped on element 'Object Repository/CPN104/android.widget.ImageButton (1)'

2023-06-06 09:43:31 - [MESSAGE][WARNING] - Timeout '0' is invalid. Using default page load timeout: '30'

2023-06-06 09:43:32 - [MESSAGE][PASSED] - Tapped on element 'Object Repository/CPN104/android.widget.ImageButton (1)'

2023-06-06 09:43:32 - [TEST_STEP][PASSED] - delay(3, STOP_ON_FAILURE): Delayed 3 second(s)

2023-06-06 09:43:35 - [MESSAGE][PASSED] - Delayed 3 second(s)

2023-06-06 09:43:35 - [TEST_STEP][PASSED] - tap(findTestObject("Object Repository/CPN104/android.widget.ImageButton (2)"), 0): Tapped on element 'Object Repository/CPN104/android.widget.ImageButton (2)'

2023-06-06 09:43:35 - [MESSAGE][WARNING] - Timeout '0' is invalid. Using default page load timeout: '30'

2023-06-06 09:43:38 - [MESSAGE][PASSED] - Tapped on element 'Object Repository/CPN104/android.widget.ImageButton (2)']]></system-out>
         <system-err><![CDATA[]]></system-err>
      </testcase>
      <testcase name="Test Cases/CPN105" time="38.031" classname="Test Cases/CPN105" status="PASSED">
         <system-out><![CDATA[2023-06-06 09:43:38 - [TEST_CASE][PASSED] - Test Cases/CPN105: Test Cases/CPN105

2023-06-06 09:43:38 - [TEST_STEP][PASSED] - tap(findTestObject("Object Repository/CPN105/android.view.ViewGroup"), 0): Tapped on element 'Object Repository/CPN105/android.view.ViewGroup'

2023-06-06 09:43:38 - [MESSAGE][WARNING] - Timeout '0' is invalid. Using default page load timeout: '30'

2023-06-06 09:43:38 - [MESSAGE][PASSED] - Tapped on element 'Object Repository/CPN105/android.view.ViewGroup'

2023-06-06 09:43:38 - [TEST_STEP][PASSED] - tap(findTestObject("Object Repository/CPN105/android.widget.ImageButton"), 0): Tapped on element 'Object Repository/CPN105/android.widget.ImageButton'

2023-06-06 09:43:38 - [MESSAGE][WARNING] - Timeout '0' is invalid. Using default page load timeout: '30'

2023-06-06 09:43:40 - [MESSAGE][PASSED] - Tapped on element 'Object Repository/CPN105/android.widget.ImageButton'

2023-06-06 09:43:40 - [TEST_STEP][PASSED] - tap(findTestObject("Object Repository/CPN105/android.widget.LinearLayout"), 0): Tapped on element 'Object Repository/CPN105/android.widget.LinearLayout'

2023-06-06 09:43:40 - [MESSAGE][WARNING] - Timeout '0' is invalid. Using default page load timeout: '30'

2023-06-06 09:43:41 - [MESSAGE][PASSED] - Tapped on element 'Object Repository/CPN105/android.widget.LinearLayout'

2023-06-06 09:43:41 - [TEST_STEP][PASSED] - tap(findTestObject("Object Repository/CPN105/android.widget.ImageButton (1)"), 0): Tapped on element 'Object Repository/CPN105/android.widget.ImageButton (1)'

2023-06-06 09:43:41 - [MESSAGE][WARNING] - Timeout '0' is invalid. Using default page load timeout: '30'

2023-06-06 09:43:44 - [MESSAGE][PASSED] - Tapped on element 'Object Repository/CPN105/android.widget.ImageButton (1)'

2023-06-06 09:43:44 - [TEST_STEP][PASSED] - delay(3, STOP_ON_FAILURE): Delayed 3 second(s)

2023-06-06 09:43:47 - [MESSAGE][PASSED] - Delayed 3 second(s)

2023-06-06 09:43:47 - [TEST_STEP][PASSED] - tap(findTestObject("CPN105/android.widget.ImageButton"), 0): Tapped on element 'Object Repository/CPN105/android.widget.ImageButton'

2023-06-06 09:43:47 - [MESSAGE][WARNING] - Timeout '0' is invalid. Using default page load timeout: '30'

2023-06-06 09:43:51 - [MESSAGE][PASSED] - Tapped on element 'Object Repository/CPN105/android.widget.ImageButton'

2023-06-06 09:43:51 - [TEST_STEP][PASSED] - tap(findTestObject("CPN105/android.widget.LinearLayout"), 0): Tapped on element 'Object Repository/CPN105/android.widget.LinearLayout'

2023-06-06 09:43:51 - [MESSAGE][WARNING] - Timeout '0' is invalid. Using default page load timeout: '30'

2023-06-06 09:43:52 - [MESSAGE][PASSED] - Tapped on element 'Object Repository/CPN105/android.widget.LinearLayout'

2023-06-06 09:43:52 - [TEST_STEP][PASSED] - tap(findTestObject("Object Repository/CPN105/android.widget.TextView"), 0): Tapped on element 'Object Repository/CPN105/android.widget.TextView'

2023-06-06 09:43:52 - [MESSAGE][WARNING] - Timeout '0' is invalid. Using default page load timeout: '30'

2023-06-06 09:43:54 - [MESSAGE][PASSED] - Tapped on element 'Object Repository/CPN105/android.widget.TextView'

2023-06-06 09:43:54 - [TEST_STEP][PASSED] - setText(findTestObject("Object Repository/CPN105/android.widget.EditText - NapoleoN"), "Valenci", 0): Text 'Valenci' has been set to element 'Object Repository/CPN105/android.widget.EditText - NapoleoN'

2023-06-06 09:43:54 - [MESSAGE][WARNING] - Timeout '0' is invalid. Using default page load timeout: '30'

2023-06-06 09:43:57 - [MESSAGE][PASSED] - Text 'Valenci' has been set to element 'Object Repository/CPN105/android.widget.EditText - NapoleoN'

2023-06-06 09:43:57 - [TEST_STEP][PASSED] - tap(findTestObject("CPN105/android.view.ViewGroup (1)"), 0): Tapped on element 'Object Repository/CPN105/android.view.ViewGroup (1)'

2023-06-06 09:43:57 - [MESSAGE][WARNING] - Timeout '0' is invalid. Using default page load timeout: '30'

2023-06-06 09:43:59 - [MESSAGE][PASSED] - Tapped on element 'Object Repository/CPN105/android.view.ViewGroup (1)'

2023-06-06 09:43:59 - [TEST_STEP][PASSED] - tap(findTestObject("CPN105/android.widget.ImageButton (1)"), 0): Tapped on element 'Object Repository/CPN105/android.widget.ImageButton (1)'

2023-06-06 09:43:59 - [MESSAGE][WARNING] - Timeout '0' is invalid. Using default page load timeout: '30'

2023-06-06 09:44:00 - [MESSAGE][PASSED] - Tapped on element 'Object Repository/CPN105/android.widget.ImageButton (1)'

2023-06-06 09:44:00 - [TEST_STEP][PASSED] - tap(findTestObject("Object Repository/CPN105/android.widget.ImageButton"), 0): Tapped on element 'Object Repository/CPN105/android.widget.ImageButton'

2023-06-06 09:44:00 - [MESSAGE][WARNING] - Timeout '0' is invalid. Using default page load timeout: '30'

2023-06-06 09:44:05 - [MESSAGE][PASSED] - Tapped on element 'Object Repository/CPN105/android.widget.ImageButton'

2023-06-06 09:44:05 - [TEST_STEP][PASSED] - tap(findTestObject("Object Repository/CPN105/android.widget.LinearLayout"), 0): Tapped on element 'Object Repository/CPN105/android.widget.LinearLayout'

2023-06-06 09:44:05 - [MESSAGE][WARNING] - Timeout '0' is invalid. Using default page load timeout: '30'

2023-06-06 09:44:06 - [MESSAGE][PASSED] - Tapped on element 'Object Repository/CPN105/android.widget.LinearLayout'

2023-06-06 09:44:06 - [TEST_STEP][PASSED] - tap(findTestObject("Object Repository/CPN105/android.widget.TextView"), 0): Tapped on element 'Object Repository/CPN105/android.widget.TextView'

2023-06-06 09:44:06 - [MESSAGE][WARNING] - Timeout '0' is invalid. Using default page load timeout: '30'

2023-06-06 09:44:07 - [MESSAGE][PASSED] - Tapped on element 'Object Repository/CPN105/android.widget.TextView'

2023-06-06 09:44:07 - [TEST_STEP][PASSED] - setText(findTestObject("CPN105/android.widget.EditText - NapoleoN"), "ikonos", 0): Text 'ikonos' has been set to element 'Object Repository/CPN105/android.widget.EditText - NapoleoN'

2023-06-06 09:44:07 - [MESSAGE][WARNING] - Timeout '0' is invalid. Using default page load timeout: '30'

2023-06-06 09:44:10 - [MESSAGE][PASSED] - Text 'ikonos' has been set to element 'Object Repository/CPN105/android.widget.EditText - NapoleoN'

2023-06-06 09:44:10 - [TEST_STEP][PASSED] - tap(findTestObject("CPN105/android.view.ViewGroup (1)"), 0): Tapped on element 'Object Repository/CPN105/android.view.ViewGroup (1)'

2023-06-06 09:44:10 - [MESSAGE][WARNING] - Timeout '0' is invalid. Using default page load timeout: '30'

2023-06-06 09:44:11 - [MESSAGE][PASSED] - Tapped on element 'Object Repository/CPN105/android.view.ViewGroup (1)'

2023-06-06 09:44:11 - [TEST_STEP][PASSED] - tap(findTestObject("Object Repository/CPN105/android.widget.ImageButton (2)"), 0): Tapped on element 'Object Repository/CPN105/android.widget.ImageButton (2)'

2023-06-06 09:44:11 - [MESSAGE][WARNING] - Timeout '0' is invalid. Using default page load timeout: '30'

2023-06-06 09:44:12 - [MESSAGE][PASSED] - Tapped on element 'Object Repository/CPN105/android.widget.ImageButton (2)'

2023-06-06 09:44:12 - [TEST_STEP][PASSED] - tap(findTestObject("Object Repository/CPN105/android.widget.ImageButton (3)"), 0): Tapped on element 'Object Repository/CPN105/android.widget.ImageButton (3)'

2023-06-06 09:44:12 - [MESSAGE][WARNING] - Timeout '0' is invalid. Using default page load timeout: '30'

2023-06-06 09:44:16 - [MESSAGE][PASSED] - Tapped on element 'Object Repository/CPN105/android.widget.ImageButton (3)']]></system-out>
         <system-err><![CDATA[]]></system-err>
      </testcase>
      <system-out><![CDATA[2023-06-06 09:34:22 - [TEST_SUITE][PASSED] - PRUEBA: Test Cases/CPN105]]></system-out>
      <system-err><![CDATA[]]></system-err>
   </testsuite>
</testsuites>
