<?xml version="1.0" encoding="UTF-8"?>
<testsuites name="Crear_usuario" time="108.083" tests="2" failures="0" errors="0">
   <testsuite name="Crear_usuario" tests="2" failures="0" errors="0" time="108.083" skipped="0" timestamp="2023-07-26 12:17:25" hostname="Testing - DESKTOP-OBIGNLU" id="Test Suites/Crear_usuario">
      <properties>
         <property name="deviceName" value="samsung SM-A107M (Android 11)"/>
         <property name="devicePlatform" value=""/>
         <property name="logFolder" value="C:\\Users\\Testing\\Katalon Studio\\NN_Version2\\Reports\\20230726_121717\\Crear_usuario\\20230726_121717"/>
         <property name="logFiles" value="C:\\Users\\Testing\\Katalon Studio\\NN_Version2\\Reports\\20230726_121717\\Crear_usuario\\20230726_121717\\appium.log, C:\\Users\\Testing\\Katalon Studio\\NN_Version2\\Reports\\20230726_121717\\Crear_usuario\\20230726_121717\\execution0.log"/>
         <property name="attachments" value=""/>
         <property name="hostName" value="Testing - DESKTOP-OBIGNLU"/>
         <property name="os" value="Windows 10 64bit"/>
         <property name="appiumServerStatus" value="{&quot;value&quot;:{&quot;build&quot;:{&quot;version&quot;:&quot;1.22.3&quot;}},&quot;sessionId&quot;:null,&quot;status&quot;:0}"/>
         <property name="katalonVersion" value="8.6.5.208"/>
         <property name="deviceOS" value="Android"/>
         <property name="appiumVersion" value="1.22.3"/>
         <property name="deviceModel" value="SM-A107M"/>
         <property name="hostAddress" value="192.168.1.4"/>
         <property name="deviceManufacturer" value="samsung"/>
         <property name="deviceId" value="R9WN40KBXDJ"/>
         <property name="deviceName" value="samsung SM-A107M (Android 11)"/>
         <property name="deviceOSVersion" value="11"/>
      </properties>
      <testcase name="Test Cases/ingreso para prueba" time="62.627" classname="Test Cases/ingreso para prueba" status="PASSED">
         <system-out><![CDATA[2023-07-26 12:17:25 - [TEST_CASE][PASSED] - Test Cases/ingreso para prueba: Test Cases/ingreso para prueba

2023-07-26 12:17:26 - [TEST_STEP][PASSED] - startApplication("C:\Users\Testing\Desktop\katalon\Version QA ACTUALIZADA 25-07-23\app-qa.apk", true): Started app at: 'C:\Users\Testing\Desktop\katalon\Version QA ACTUALIZADA 25-07-23\app-qa.apk'

2023-07-26 12:17:26 - [MESSAGE][INFO] - User set preference: ['deviceId', '']

2023-07-26 12:17:26 - [MESSAGE][INFO] - Detected NodeJS location: "C:\Program Files\nodejs\node.exe"

2023-07-26 12:17:28 - [MESSAGE][INFO] - Appium server started on port 56.534

2023-07-26 12:18:02 - [MESSAGE][PASSED] - Started app at: 'C:\Users\Testing\Desktop\katalon\Version QA ACTUALIZADA 25-07-23\app-qa.apk'

2023-07-26 12:18:02 - [TEST_STEP][PASSED] - tap(findTestObject("Object Repository/Parte1/ingreso solo prueba/android.widget.TextView - Omitir"), 0): Tapped on element 'Object Repository/Parte1/ingreso solo prueba/android.widget.TextView - Omitir'

2023-07-26 12:18:02 - [MESSAGE][WARNING] - Timeout '0' is invalid. Using default page load timeout: '30'

2023-07-26 12:18:03 - [MESSAGE][PASSED] - Tapped on element 'Object Repository/Parte1/ingreso solo prueba/android.widget.TextView - Omitir'

2023-07-26 12:18:03 - [TEST_STEP][PASSED] - tap(findTestObject("Object Repository/Parte1/ingreso solo prueba/android.widget.Button - Crear Cuenta"), 0): Tapped on element 'Object Repository/Parte1/ingreso solo prueba/android.widget.Button - Crear Cuenta'

2023-07-26 12:18:03 - [MESSAGE][WARNING] - Timeout '0' is invalid. Using default page load timeout: '30'

2023-07-26 12:18:05 - [MESSAGE][PASSED] - Tapped on element 'Object Repository/Parte1/ingreso solo prueba/android.widget.Button - Crear Cuenta'

2023-07-26 12:18:05 - [TEST_STEP][PASSED] - tap(findTestObject("Object Repository/Parte1/ingreso solo prueba/android.widget.Button - Enviar cdigo de registro"), 0): Tapped on element 'Object Repository/Parte1/ingreso solo prueba/android.widget.Button - Enviar cdigo de registro'

2023-07-26 12:18:05 - [MESSAGE][WARNING] - Timeout '0' is invalid. Using default page load timeout: '30'

2023-07-26 12:18:07 - [MESSAGE][PASSED] - Tapped on element 'Object Repository/Parte1/ingreso solo prueba/android.widget.Button - Enviar cdigo de registro'

2023-07-26 12:18:07 - [TEST_STEP][PASSED] - tap(findTestObject("Object Repository/Parte1/ingreso solo prueba/android.widget.Button - Continuar"), 0): Tapped on element 'Object Repository/Parte1/ingreso solo prueba/android.widget.Button - Continuar'

2023-07-26 12:18:07 - [MESSAGE][WARNING] - Timeout '0' is invalid. Using default page load timeout: '30'

2023-07-26 12:18:13 - [MESSAGE][PASSED] - Tapped on element 'Object Repository/Parte1/ingreso solo prueba/android.widget.Button - Continuar'

2023-07-26 12:18:13 - [TEST_STEP][PASSED] - setText(findTestObject("Object Repository/Parte1/ingreso solo prueba/android.widget.EditText - Apodo"), "libre024", 0): Text 'libre024' has been set to element 'Object Repository/Parte1/ingreso solo prueba/android.widget.EditText - Apodo'

2023-07-26 12:18:14 - [MESSAGE][WARNING] - Timeout '0' is invalid. Using default page load timeout: '30'

2023-07-26 12:18:18 - [MESSAGE][PASSED] - Text 'libre024' has been set to element 'Object Repository/Parte1/ingreso solo prueba/android.widget.EditText - Apodo'

2023-07-26 12:18:18 - [TEST_STEP][PASSED] - tap(findTestObject("Object Repository/Parte1/ingreso solo prueba/android.widget.Button - Siguiente"), 0): Tapped on element 'Object Repository/Parte1/ingreso solo prueba/android.widget.Button - Siguiente'

2023-07-26 12:18:18 - [MESSAGE][WARNING] - Timeout '0' is invalid. Using default page load timeout: '30'

2023-07-26 12:18:19 - [MESSAGE][PASSED] - Tapped on element 'Object Repository/Parte1/ingreso solo prueba/android.widget.Button - Siguiente'

2023-07-26 12:18:19 - [TEST_STEP][PASSED] - setText(findTestObject("Object Repository/Parte1/ingreso solo prueba/android.widget.EditText - Pin de Acceso"), "0000", 0): Text '0000' has been set to element 'Object Repository/Parte1/ingreso solo prueba/android.widget.EditText - Pin de Acceso'

2023-07-26 12:18:19 - [MESSAGE][WARNING] - Timeout '0' is invalid. Using default page load timeout: '30'

2023-07-26 12:18:22 - [MESSAGE][PASSED] - Text '0000' has been set to element 'Object Repository/Parte1/ingreso solo prueba/android.widget.EditText - Pin de Acceso'

2023-07-26 12:18:22 - [TEST_STEP][PASSED] - setText(findTestObject("Object Repository/Parte1/ingreso solo prueba/android.widget.EditText - Confirmar nuevo pin de acceso"), "0000", 0): Text '0000' has been set to element 'Object Repository/Parte1/ingreso solo prueba/android.widget.EditText - Confirmar nuevo pin de acceso'

2023-07-26 12:18:22 - [MESSAGE][WARNING] - Timeout '0' is invalid. Using default page load timeout: '30'

2023-07-26 12:18:25 - [MESSAGE][PASSED] - Text '0000' has been set to element 'Object Repository/Parte1/ingreso solo prueba/android.widget.EditText - Confirmar nuevo pin de acceso'

2023-07-26 12:18:25 - [TEST_STEP][PASSED] - tap(findTestObject("Object Repository/Parte1/ingreso solo prueba/android.widget.Button - Crear Cuenta (1)"), 0): Tapped on element 'Object Repository/Parte1/ingreso solo prueba/android.widget.Button - Crear Cuenta (1)'

2023-07-26 12:18:25 - [MESSAGE][WARNING] - Timeout '0' is invalid. Using default page load timeout: '30'

2023-07-26 12:18:26 - [MESSAGE][PASSED] - Tapped on element 'Object Repository/Parte1/ingreso solo prueba/android.widget.Button - Crear Cuenta (1)'

2023-07-26 12:18:26 - [TEST_STEP][PASSED] - delay(2, CONTINUE_ON_FAILURE): Delayed 2 second(s)

2023-07-26 12:18:28 - [MESSAGE][PASSED] - Delayed 2 second(s)]]></system-out>
         <system-err><![CDATA[]]></system-err>
      </testcase>
      <testcase name="Test Cases/CPN208" time="45.204" classname="Test Cases/CPN208" status="PASSED">
         <system-out><![CDATA[2023-07-26 12:18:28 - [TEST_CASE][PASSED] - Test Cases/CPN208: Test Cases/CPN208

2023-07-26 12:18:28 - [TEST_STEP][PASSED] - tap(findTestObject("Parte2/Ajustes cuenta/Chats/android.widget.FrameLayout"), 0): Tapped on element 'Object Repository/Parte2/Ajustes cuenta/Chats/android.widget.FrameLayout'

2023-07-26 12:18:28 - [MESSAGE][WARNING] - Timeout '0' is invalid. Using default page load timeout: '30'

2023-07-26 12:18:29 - [MESSAGE][PASSED] - Tapped on element 'Object Repository/Parte2/Ajustes cuenta/Chats/android.widget.FrameLayout'

2023-07-26 12:18:29 - [TEST_STEP][PASSED] - tap(findTestObject("Parte2/Ajustes cuenta/Chats/android.widget.LinearLayout"), 0): Tapped on element 'Object Repository/Parte2/Ajustes cuenta/Chats/android.widget.LinearLayout'

2023-07-26 12:18:29 - [MESSAGE][WARNING] - Timeout '0' is invalid. Using default page load timeout: '30'

2023-07-26 12:18:31 - [MESSAGE][PASSED] - Tapped on element 'Object Repository/Parte2/Ajustes cuenta/Chats/android.widget.LinearLayout'

2023-07-26 12:18:31 - [TEST_STEP][PASSED] - tap(findTestObject("Parte2/Ajustes cuenta/Chats/android.widget.LinearLayout (1)"), 0): Tapped on element 'Object Repository/Parte2/Ajustes cuenta/Chats/android.widget.LinearLayout (1)'

2023-07-26 12:18:31 - [MESSAGE][WARNING] - Timeout '0' is invalid. Using default page load timeout: '30'

2023-07-26 12:18:33 - [MESSAGE][PASSED] - Tapped on element 'Object Repository/Parte2/Ajustes cuenta/Chats/android.widget.LinearLayout (1)'

2023-07-26 12:18:33 - [TEST_STEP][PASSED] - tap(findTestObject("Parte2/Ajustes cuenta/Chats/android.widget.LinearLayout (2)"), 0): Tapped on element 'Object Repository/Parte2/Ajustes cuenta/Chats/android.widget.LinearLayout (2)'

2023-07-26 12:18:33 - [MESSAGE][WARNING] - Timeout '0' is invalid. Using default page load timeout: '30'

2023-07-26 12:18:34 - [MESSAGE][PASSED] - Tapped on element 'Object Repository/Parte2/Ajustes cuenta/Chats/android.widget.LinearLayout (2)'

2023-07-26 12:18:34 - [TEST_STEP][PASSED] - verifyElementVisible(findTestObject("Parte2/Ajustes cuenta/Chats/android.widget.ImageButton"), 0): Element 'Object Repository/Parte2/Ajustes cuenta/Chats/android.widget.ImageButton' is visible

2023-07-26 12:18:34 - [MESSAGE][WARNING] - Timeout '0' is invalid. Using default page load timeout: '30'

2023-07-26 12:18:35 - [MESSAGE][PASSED] - Element 'Object Repository/Parte2/Ajustes cuenta/Chats/android.widget.ImageButton' is visible

2023-07-26 12:18:35 - [TEST_STEP][PASSED] - delay(2, CONTINUE_ON_FAILURE): Delayed 2 second(s)

2023-07-26 12:18:37 - [MESSAGE][PASSED] - Delayed 2 second(s)

2023-07-26 12:18:37 - [TEST_STEP][PASSED] - tap(findTestObject("Parte2/Ajustes cuenta/Chats/android.widget.ImageButton"), 0): Tapped on element 'Object Repository/Parte2/Ajustes cuenta/Chats/android.widget.ImageButton'

2023-07-26 12:18:37 - [MESSAGE][WARNING] - Timeout '0' is invalid. Using default page load timeout: '30'

2023-07-26 12:18:38 - [MESSAGE][PASSED] - Tapped on element 'Object Repository/Parte2/Ajustes cuenta/Chats/android.widget.ImageButton'

2023-07-26 12:18:38 - [TEST_STEP][PASSED] - verifyElementVisible(findTestObject("Parte2/Ajustes cuenta/Chats/android.widget.ImageButton"), 0): Element 'Object Repository/Parte2/Ajustes cuenta/Chats/android.widget.ImageButton' is visible

2023-07-26 12:18:38 - [MESSAGE][WARNING] - Timeout '0' is invalid. Using default page load timeout: '30'

2023-07-26 12:18:38 - [MESSAGE][PASSED] - Element 'Object Repository/Parte2/Ajustes cuenta/Chats/android.widget.ImageButton' is visible

2023-07-26 12:18:38 - [TEST_STEP][PASSED] - tap(findTestObject("Object Repository/Parte2/Ajustes cuenta/Chats/android.widget.ImageButton (1)"), 0): Tapped on element 'Object Repository/Parte2/Ajustes cuenta/Chats/android.widget.ImageButton (1)'

2023-07-26 12:18:38 - [MESSAGE][WARNING] - Timeout '0' is invalid. Using default page load timeout: '30'

2023-07-26 12:18:39 - [MESSAGE][PASSED] - Tapped on element 'Object Repository/Parte2/Ajustes cuenta/Chats/android.widget.ImageButton (1)'

2023-07-26 12:18:39 - [TEST_STEP][PASSED] - delay(3, CONTINUE_ON_FAILURE): Delayed 3 second(s)

2023-07-26 12:18:42 - [MESSAGE][PASSED] - Delayed 3 second(s)

2023-07-26 12:18:42 - [TEST_STEP][PASSED] - tap(findTestObject("Object Repository/Parte2/Ajustes cuenta/Chats/android.widget.ImageButton (2)"), 0): Tapped on element 'Object Repository/Parte2/Ajustes cuenta/Chats/android.widget.ImageButton (2)'

2023-07-26 12:18:42 - [MESSAGE][WARNING] - Timeout '0' is invalid. Using default page load timeout: '30'

2023-07-26 12:18:43 - [MESSAGE][PASSED] - Tapped on element 'Object Repository/Parte2/Ajustes cuenta/Chats/android.widget.ImageButton (2)'

2023-07-26 12:18:43 - [TEST_STEP][PASSED] - tap(findTestObject("Parte2/Ajustes cuenta/Chats/android.widget.LinearLayout (1)"), 0): Tapped on element 'Object Repository/Parte2/Ajustes cuenta/Chats/android.widget.LinearLayout (1)'

2023-07-26 12:18:43 - [MESSAGE][WARNING] - Timeout '0' is invalid. Using default page load timeout: '30'

2023-07-26 12:18:44 - [MESSAGE][PASSED] - Tapped on element 'Object Repository/Parte2/Ajustes cuenta/Chats/android.widget.LinearLayout (1)'

2023-07-26 12:18:44 - [TEST_STEP][PASSED] - tap(findTestObject("Parte2/Ajustes cuenta/Chats/android.widget.LinearLayout (2)"), 0): Tapped on element 'Object Repository/Parte2/Ajustes cuenta/Chats/android.widget.LinearLayout (2)'

2023-07-26 12:18:44 - [MESSAGE][WARNING] - Timeout '0' is invalid. Using default page load timeout: '30'

2023-07-26 12:18:45 - [MESSAGE][PASSED] - Tapped on element 'Object Repository/Parte2/Ajustes cuenta/Chats/android.widget.LinearLayout (2)'

2023-07-26 12:18:45 - [TEST_STEP][PASSED] - delay(2, CONTINUE_ON_FAILURE): Delayed 2 second(s)

2023-07-26 12:18:47 - [MESSAGE][PASSED] - Delayed 2 second(s)

2023-07-26 12:18:47 - [TEST_STEP][PASSED] - tap(findTestObject("Parte2/Ajustes cuenta/Chats/android.widget.ImageButton"), 0): Tapped on element 'Object Repository/Parte2/Ajustes cuenta/Chats/android.widget.ImageButton'

2023-07-26 12:18:47 - [MESSAGE][WARNING] - Timeout '0' is invalid. Using default page load timeout: '30'

2023-07-26 12:18:48 - [MESSAGE][PASSED] - Tapped on element 'Object Repository/Parte2/Ajustes cuenta/Chats/android.widget.ImageButton'

2023-07-26 12:18:48 - [TEST_STEP][PASSED] - tap(findTestObject("Parte2/Ajustes cuenta/Chats/android.widget.ImageButton"), 0): Tapped on element 'Object Repository/Parte2/Ajustes cuenta/Chats/android.widget.ImageButton'

2023-07-26 12:18:48 - [MESSAGE][WARNING] - Timeout '0' is invalid. Using default page load timeout: '30'

2023-07-26 12:18:49 - [MESSAGE][PASSED] - Tapped on element 'Object Repository/Parte2/Ajustes cuenta/Chats/android.widget.ImageButton'

2023-07-26 12:18:49 - [TEST_STEP][PASSED] - verifyElementVisible(findTestObject("Parte2/Ajustes cuenta/Chats/android.view.ViewGroup"), 0): Element 'Object Repository/Parte2/Ajustes cuenta/Chats/android.view.ViewGroup' is visible

2023-07-26 12:18:49 - [MESSAGE][WARNING] - Timeout '0' is invalid. Using default page load timeout: '30'

2023-07-26 12:18:49 - [MESSAGE][PASSED] - Element 'Object Repository/Parte2/Ajustes cuenta/Chats/android.view.ViewGroup' is visible

2023-07-26 12:18:49 - [TEST_STEP][PASSED] - tap(findTestObject("Object Repository/Parte2/Ajustes cuenta/Chats/android.widget.ImageButton (1)"), 0): Tapped on element 'Object Repository/Parte2/Ajustes cuenta/Chats/android.widget.ImageButton (1)'

2023-07-26 12:18:49 - [MESSAGE][WARNING] - Timeout '0' is invalid. Using default page load timeout: '30'

2023-07-26 12:18:50 - [MESSAGE][PASSED] - Tapped on element 'Object Repository/Parte2/Ajustes cuenta/Chats/android.widget.ImageButton (1)'

2023-07-26 12:18:50 - [TEST_STEP][PASSED] - delay(3, CONTINUE_ON_FAILURE): Delayed 3 second(s)

2023-07-26 12:18:53 - [MESSAGE][PASSED] - Delayed 3 second(s)

2023-07-26 12:18:53 - [TEST_STEP][PASSED] - tap(findTestObject("Object Repository/Parte2/Ajustes cuenta/Chats/android.widget.ImageButton (2)"), 0): Tapped on element 'Object Repository/Parte2/Ajustes cuenta/Chats/android.widget.ImageButton (2)'

2023-07-26 12:18:53 - [MESSAGE][WARNING] - Timeout '0' is invalid. Using default page load timeout: '30'

2023-07-26 12:18:53 - [MESSAGE][PASSED] - Tapped on element 'Object Repository/Parte2/Ajustes cuenta/Chats/android.widget.ImageButton (2)'

2023-07-26 12:18:53 - [TEST_STEP][PASSED] - tap(findTestObject("Parte2/Ajustes cuenta/Chats/android.widget.LinearLayout (1)"), 0): Tapped on element 'Object Repository/Parte2/Ajustes cuenta/Chats/android.widget.LinearLayout (1)'

2023-07-26 12:18:53 - [MESSAGE][WARNING] - Timeout '0' is invalid. Using default page load timeout: '30'

2023-07-26 12:18:55 - [MESSAGE][PASSED] - Tapped on element 'Object Repository/Parte2/Ajustes cuenta/Chats/android.widget.LinearLayout (1)'

2023-07-26 12:18:55 - [TEST_STEP][PASSED] - tap(findTestObject("Parte2/Ajustes cuenta/Chats/android.widget.LinearLayout (2)"), 0): Tapped on element 'Object Repository/Parte2/Ajustes cuenta/Chats/android.widget.LinearLayout (2)'

2023-07-26 12:18:55 - [MESSAGE][WARNING] - Timeout '0' is invalid. Using default page load timeout: '30'

2023-07-26 12:18:55 - [MESSAGE][PASSED] - Tapped on element 'Object Repository/Parte2/Ajustes cuenta/Chats/android.widget.LinearLayout (2)'

2023-07-26 12:18:55 - [TEST_STEP][PASSED] - delay(2, CONTINUE_ON_FAILURE): Delayed 2 second(s)

2023-07-26 12:18:57 - [MESSAGE][PASSED] - Delayed 2 second(s)

2023-07-26 12:18:58 - [TEST_STEP][PASSED] - tap(findTestObject("Parte2/Ajustes cuenta/Chats/android.widget.ImageButton"), 0): Tapped on element 'Object Repository/Parte2/Ajustes cuenta/Chats/android.widget.ImageButton'

2023-07-26 12:18:58 - [MESSAGE][WARNING] - Timeout '0' is invalid. Using default page load timeout: '30'

2023-07-26 12:18:58 - [MESSAGE][PASSED] - Tapped on element 'Object Repository/Parte2/Ajustes cuenta/Chats/android.widget.ImageButton'

2023-07-26 12:18:58 - [TEST_STEP][PASSED] - tap(findTestObject("Parte2/Ajustes cuenta/Chats/android.widget.ImageButton"), 0): Tapped on element 'Object Repository/Parte2/Ajustes cuenta/Chats/android.widget.ImageButton'

2023-07-26 12:18:58 - [MESSAGE][WARNING] - Timeout '0' is invalid. Using default page load timeout: '30'

2023-07-26 12:18:59 - [MESSAGE][PASSED] - Tapped on element 'Object Repository/Parte2/Ajustes cuenta/Chats/android.widget.ImageButton'

2023-07-26 12:18:59 - [TEST_STEP][PASSED] - tap(findTestObject("Parte2/Ajustes cuenta/Chats/android.widget.ImageButton"), 0): Tapped on element 'Object Repository/Parte2/Ajustes cuenta/Chats/android.widget.ImageButton'

2023-07-26 12:18:59 - [MESSAGE][WARNING] - Timeout '0' is invalid. Using default page load timeout: '30'

2023-07-26 12:19:00 - [MESSAGE][PASSED] - Tapped on element 'Object Repository/Parte2/Ajustes cuenta/Chats/android.widget.ImageButton'

2023-07-26 12:19:00 - [TEST_STEP][PASSED] - verifyElementVisible(findTestObject("Parte2/Ajustes cuenta/Chats/android.widget.ImageButton"), 0): Element 'Object Repository/Parte2/Ajustes cuenta/Chats/android.widget.ImageButton' is visible

2023-07-26 12:19:00 - [MESSAGE][WARNING] - Timeout '0' is invalid. Using default page load timeout: '30'

2023-07-26 12:19:00 - [MESSAGE][PASSED] - Element 'Object Repository/Parte2/Ajustes cuenta/Chats/android.widget.ImageButton' is visible

2023-07-26 12:19:00 - [TEST_STEP][PASSED] - tap(findTestObject("Object Repository/Parte2/Ajustes cuenta/Chats/android.widget.ImageButton (1)"), 0): Tapped on element 'Object Repository/Parte2/Ajustes cuenta/Chats/android.widget.ImageButton (1)'

2023-07-26 12:19:00 - [MESSAGE][WARNING] - Timeout '0' is invalid. Using default page load timeout: '30'

2023-07-26 12:19:00 - [MESSAGE][PASSED] - Tapped on element 'Object Repository/Parte2/Ajustes cuenta/Chats/android.widget.ImageButton (1)'

2023-07-26 12:19:00 - [TEST_STEP][PASSED] - delay(3, CONTINUE_ON_FAILURE): Delayed 3 second(s)

2023-07-26 12:19:03 - [MESSAGE][PASSED] - Delayed 3 second(s)

2023-07-26 12:19:03 - [TEST_STEP][PASSED] - tap(findTestObject("Object Repository/Parte2/Ajustes cuenta/Chats/android.widget.ImageButton (2)"), 0): Tapped on element 'Object Repository/Parte2/Ajustes cuenta/Chats/android.widget.ImageButton (2)'

2023-07-26 12:19:04 - [MESSAGE][WARNING] - Timeout '0' is invalid. Using default page load timeout: '30'

2023-07-26 12:19:04 - [MESSAGE][PASSED] - Tapped on element 'Object Repository/Parte2/Ajustes cuenta/Chats/android.widget.ImageButton (2)'

2023-07-26 12:19:04 - [TEST_STEP][PASSED] - tap(findTestObject("Parte2/Ajustes cuenta/Chats/android.widget.LinearLayout (1)"), 0): Tapped on element 'Object Repository/Parte2/Ajustes cuenta/Chats/android.widget.LinearLayout (1)'

2023-07-26 12:19:04 - [MESSAGE][WARNING] - Timeout '0' is invalid. Using default page load timeout: '30'

2023-07-26 12:19:05 - [MESSAGE][PASSED] - Tapped on element 'Object Repository/Parte2/Ajustes cuenta/Chats/android.widget.LinearLayout (1)'

2023-07-26 12:19:05 - [TEST_STEP][PASSED] - tap(findTestObject("Parte2/Ajustes cuenta/Chats/android.widget.LinearLayout (2)"), 0): Tapped on element 'Object Repository/Parte2/Ajustes cuenta/Chats/android.widget.LinearLayout (2)'

2023-07-26 12:19:05 - [MESSAGE][WARNING] - Timeout '0' is invalid. Using default page load timeout: '30'

2023-07-26 12:19:06 - [MESSAGE][PASSED] - Tapped on element 'Object Repository/Parte2/Ajustes cuenta/Chats/android.widget.LinearLayout (2)'

2023-07-26 12:19:06 - [TEST_STEP][PASSED] - delay(2, CONTINUE_ON_FAILURE): Delayed 2 second(s)

2023-07-26 12:19:08 - [MESSAGE][PASSED] - Delayed 2 second(s)

2023-07-26 12:19:08 - [TEST_STEP][PASSED] - pressBack(): Press back button successfully

2023-07-26 12:19:09 - [MESSAGE][PASSED] - Press back button successfully

2023-07-26 12:19:09 - [TEST_STEP][PASSED] - pressBack(): Press back button successfully

2023-07-26 12:19:09 - [MESSAGE][PASSED] - Press back button successfully

2023-07-26 12:19:09 - [TEST_STEP][PASSED] - tap(findTestObject("Parte2/Ajustes cuenta/Chats/android.widget.FrameLayout (1)"), 0): Tapped on element 'Object Repository/Parte2/Ajustes cuenta/Chats/android.widget.FrameLayout (1)'

2023-07-26 12:19:09 - [MESSAGE][WARNING] - Timeout '0' is invalid. Using default page load timeout: '30'

2023-07-26 12:19:10 - [MESSAGE][PASSED] - Tapped on element 'Object Repository/Parte2/Ajustes cuenta/Chats/android.widget.FrameLayout (1)'

2023-07-26 12:19:10 - [TEST_STEP][PASSED] - delay(3, CONTINUE_ON_FAILURE): Delayed 3 second(s)

2023-07-26 12:19:13 - [MESSAGE][PASSED] - Delayed 3 second(s)]]></system-out>
         <system-err><![CDATA[]]></system-err>
      </testcase>
      <system-out><![CDATA[2023-07-26 12:17:25 - [TEST_SUITE][PASSED] - Crear_usuario: Test Cases/CPN208]]></system-out>
      <system-err><![CDATA[]]></system-err>
   </testsuite>
</testsuites>
