<?xml version="1.0" encoding="UTF-8"?>
<testsuites name="PRUEBA-CPN105.1" time="598.733" tests="27" failures="0" errors="0">
   <testsuite name="PRUEBA-CPN105.1" tests="27" failures="0" errors="0" time="598.733" skipped="0" timestamp="2023-06-07 10:11:05" hostname="Testing - DESKTOP-OBIGNLU" id="Test Suites/PRUEBA-CPN105.1">
      <properties>
         <property name="deviceName" value="samsung SM-A107M (Android 11)"/>
         <property name="devicePlatform" value=""/>
         <property name="logFolder" value="C:\\Users\\Testing\\Katalon Studio\\NN_Version2\\Reports\\20230607_101058\\PRUEBA-CPN105.1\\20230607_101058"/>
         <property name="logFiles" value="C:\\Users\\Testing\\Katalon Studio\\NN_Version2\\Reports\\20230607_101058\\PRUEBA-CPN105.1\\20230607_101058\\appium.log, C:\\Users\\Testing\\Katalon Studio\\NN_Version2\\Reports\\20230607_101058\\PRUEBA-CPN105.1\\20230607_101058\\execution0.log"/>
         <property name="attachments" value=""/>
         <property name="hostName" value="Testing - DESKTOP-OBIGNLU"/>
         <property name="os" value="Windows 10 64bit"/>
         <property name="appiumServerStatus" value="{&quot;value&quot;:{&quot;build&quot;:{&quot;version&quot;:&quot;1.22.3&quot;}},&quot;sessionId&quot;:null,&quot;status&quot;:0}"/>
         <property name="katalonVersion" value="8.5.5.208"/>
         <property name="deviceOS" value="Android"/>
         <property name="appiumVersion" value="1.22.3"/>
         <property name="deviceModel" value="SM-A107M"/>
         <property name="hostAddress" value="192.168.1.6"/>
         <property name="deviceManufacturer" value="samsung"/>
         <property name="deviceId" value="R9WN40KBXDJ"/>
         <property name="deviceName" value="samsung SM-A107M (Android 11)"/>
         <property name="deviceOSVersion" value="11"/>
      </properties>
      <testcase name="Test Cases/CPNTUTORIAL/CPNTUTORIAL" time="50.441" classname="Test Cases/CPNTUTORIAL/CPNTUTORIAL" status="PASSED">
         <system-out><![CDATA[2023-06-07 10:11:05 - [TEST_CASE][PASSED] - Test Cases/CPNTUTORIAL/CPNTUTORIAL: Test Cases/CPNTUTORIAL/CPNTUTORIAL

2023-06-07 10:11:06 - [TEST_STEP][PASSED] - startApplication("C:\Users\Testing\Desktop\katalon\APK SERVIDOR NUEVO\NapoleoN.apk", true): Started app at: 'C:\Users\Testing\Desktop\katalon\APK SERVIDOR NUEVO\NapoleoN.apk'

2023-06-07 10:11:06 - [MESSAGE][INFO] - Detected NodeJS location: "C:\Program Files\nodejs\node.exe"

2023-06-07 10:11:08 - [MESSAGE][INFO] - Appium server started on port 54.559

2023-06-07 10:11:46 - [MESSAGE][PASSED] - Started app at: 'C:\Users\Testing\Desktop\katalon\APK SERVIDOR NUEVO\NapoleoN.apk'

2023-06-07 10:11:46 - [TEST_STEP][PASSED] - verifyElementText(findTestObject("Object Repository/CPNTUTORIAL/android.widget.FrameLayout (1)"), ""): Actual text and expected text of test object 'Object Repository/CPNTUTORIAL/android.widget.FrameLayout (1)' are matched.

2023-06-07 10:11:47 - [MESSAGE][PASSED] - Actual text and expected text of test object 'Object Repository/CPNTUTORIAL/android.widget.FrameLayout (1)' are matched.

2023-06-07 10:11:47 - [TEST_STEP][PASSED] - tap(findTestObject("Object Repository/CPNTUTORIAL/android.widget.TextView - Omitir"), 0): Tapped on element 'Object Repository/CPNTUTORIAL/android.widget.TextView - Omitir'

2023-06-07 10:11:47 - [MESSAGE][WARNING] - Timeout '0' is invalid. Using default page load timeout: '30'

2023-06-07 10:11:48 - [MESSAGE][PASSED] - Tapped on element 'Object Repository/CPNTUTORIAL/android.widget.TextView - Omitir'

2023-06-07 10:11:48 - [TEST_STEP][PASSED] - pressBack(): Press back button successfully

2023-06-07 10:11:49 - [MESSAGE][PASSED] - Press back button successfully

2023-06-07 10:11:49 - [TEST_STEP][PASSED] - toggleWifi("ON", STOP_ON_FAILURE): Toggled wifi

2023-06-07 10:11:49 - [MESSAGE][PASSED] - Toggled wifi

2023-06-07 10:11:49 - [TEST_STEP][PASSED] - tap(findTestObject("Object Repository/CPNTUTORIAL/android.widget.TextView - Siguiente"), 0): Tapped on element 'Object Repository/CPNTUTORIAL/android.widget.TextView - Siguiente'

2023-06-07 10:11:49 - [MESSAGE][WARNING] - Timeout '0' is invalid. Using default page load timeout: '30'

2023-06-07 10:11:50 - [MESSAGE][PASSED] - Tapped on element 'Object Repository/CPNTUTORIAL/android.widget.TextView - Siguiente'

2023-06-07 10:11:50 - [TEST_STEP][PASSED] - verifyElementText(findTestObject("CPNTUTORIAL/android.widget.FrameLayout"), ""): Actual text and expected text of test object 'Object Repository/CPNTUTORIAL/android.widget.FrameLayout' are matched.

2023-06-07 10:11:51 - [MESSAGE][PASSED] - Actual text and expected text of test object 'Object Repository/CPNTUTORIAL/android.widget.FrameLayout' are matched.

2023-06-07 10:11:51 - [TEST_STEP][PASSED] - tap(findTestObject("Object Repository/CPNTUTORIAL/android.widget.TextView - Siguiente (1)"), 0): Tapped on element 'Object Repository/CPNTUTORIAL/android.widget.TextView - Siguiente (1)'

2023-06-07 10:11:51 - [MESSAGE][WARNING] - Timeout '0' is invalid. Using default page load timeout: '30'

2023-06-07 10:11:51 - [MESSAGE][PASSED] - Tapped on element 'Object Repository/CPNTUTORIAL/android.widget.TextView - Siguiente (1)'

2023-06-07 10:11:51 - [TEST_STEP][PASSED] - verifyElementText(findTestObject("CPNTUTORIAL/android.widget.FrameLayout"), ""): Actual text and expected text of test object 'Object Repository/CPNTUTORIAL/android.widget.FrameLayout' are matched.

2023-06-07 10:11:52 - [MESSAGE][PASSED] - Actual text and expected text of test object 'Object Repository/CPNTUTORIAL/android.widget.FrameLayout' are matched.

2023-06-07 10:11:52 - [TEST_STEP][PASSED] - tap(findTestObject("CPNTUTORIAL/android.widget.TextView - Siguiente (1)"), 0): Tapped on element 'Object Repository/CPNTUTORIAL/android.widget.TextView - Siguiente (1)'

2023-06-07 10:11:52 - [MESSAGE][WARNING] - Timeout '0' is invalid. Using default page load timeout: '30'

2023-06-07 10:11:52 - [MESSAGE][PASSED] - Tapped on element 'Object Repository/CPNTUTORIAL/android.widget.TextView - Siguiente (1)'

2023-06-07 10:11:52 - [TEST_STEP][PASSED] - tap(findTestObject("CPNTUTORIAL/android.widget.TextView - Siguiente (1)"), 0): Tapped on element 'Object Repository/CPNTUTORIAL/android.widget.TextView - Siguiente (1)'

2023-06-07 10:11:52 - [MESSAGE][WARNING] - Timeout '0' is invalid. Using default page load timeout: '30'

2023-06-07 10:11:54 - [MESSAGE][PASSED] - Tapped on element 'Object Repository/CPNTUTORIAL/android.widget.TextView - Siguiente (1)'

2023-06-07 10:11:54 - [TEST_STEP][PASSED] - verifyElementText(findTestObject("CPNTUTORIAL/android.widget.FrameLayout"), ""): Actual text and expected text of test object 'Object Repository/CPNTUTORIAL/android.widget.FrameLayout' are matched.

2023-06-07 10:11:54 - [MESSAGE][PASSED] - Actual text and expected text of test object 'Object Repository/CPNTUTORIAL/android.widget.FrameLayout' are matched.

2023-06-07 10:11:54 - [TEST_STEP][PASSED] - tap(findTestObject("CPNTUTORIAL/android.widget.TextView - Siguiente (1)"), 0): Tapped on element 'Object Repository/CPNTUTORIAL/android.widget.TextView - Siguiente (1)'

2023-06-07 10:11:54 - [MESSAGE][WARNING] - Timeout '0' is invalid. Using default page load timeout: '30'

2023-06-07 10:11:55 - [MESSAGE][PASSED] - Tapped on element 'Object Repository/CPNTUTORIAL/android.widget.TextView - Siguiente (1)'

2023-06-07 10:11:55 - [TEST_STEP][PASSED] - verifyElementText(findTestObject("CPNTUTORIAL/android.widget.FrameLayout"), ""): Actual text and expected text of test object 'Object Repository/CPNTUTORIAL/android.widget.FrameLayout' are matched.

2023-06-07 10:11:55 - [MESSAGE][PASSED] - Actual text and expected text of test object 'Object Repository/CPNTUTORIAL/android.widget.FrameLayout' are matched.

2023-06-07 10:11:55 - [TEST_STEP][PASSED] - tap(findTestObject("Object Repository/CPNTUTORIAL/android.widget.TextView - Empezar"), 0): Tapped on element 'Object Repository/CPNTUTORIAL/android.widget.TextView - Empezar'

2023-06-07 10:11:55 - [MESSAGE][WARNING] - Timeout '0' is invalid. Using default page load timeout: '30'

2023-06-07 10:11:56 - [MESSAGE][PASSED] - Tapped on element 'Object Repository/CPNTUTORIAL/android.widget.TextView - Empezar']]></system-out>
         <system-err><![CDATA[]]></system-err>
      </testcase>
      <testcase name="Test Cases/Abrir_App/CPN1" time="6.894" classname="Test Cases/Abrir_App/CPN1" status="PASSED">
         <system-out><![CDATA[2023-06-07 10:11:56 - [TEST_CASE][PASSED] - Test Cases/Abrir_App/CPN1: Test Cases/Abrir_App/CPN1

2023-06-07 10:11:56 - [TEST_STEP][PASSED] - pressBack(): Press back button successfully

2023-06-07 10:11:57 - [MESSAGE][PASSED] - Press back button successfully

2023-06-07 10:11:57 - [TEST_STEP][PASSED] - pressBack(): Press back button successfully

2023-06-07 10:11:57 - [MESSAGE][PASSED] - Press back button successfully

2023-06-07 10:11:57 - [TEST_STEP][PASSED] - toggleWifi("OFF", STOP_ON_FAILURE): Toggled wifi

2023-06-07 10:11:59 - [MESSAGE][PASSED] - Toggled wifi

2023-06-07 10:11:59 - [TEST_STEP][PASSED] - tap(findTestObject("Object Repository/Abrir_App/CPN1/android.widget.TextView - NapoleoN"), 0): Tapped on element 'Object Repository/Abrir_App/CPN1/android.widget.TextView - NapoleoN'

2023-06-07 10:11:59 - [MESSAGE][WARNING] - Timeout '0' is invalid. Using default page load timeout: '30'

2023-06-07 10:12:00 - [MESSAGE][PASSED] - Tapped on element 'Object Repository/Abrir_App/CPN1/android.widget.TextView - NapoleoN'

2023-06-07 10:12:00 - [TEST_STEP][PASSED] - delay(2): Delayed 2 second(s)

2023-06-07 10:12:02 - [MESSAGE][PASSED] - Delayed 2 second(s)

2023-06-07 10:12:02 - [TEST_STEP][PASSED] - toggleWifi("ON", STOP_ON_FAILURE): Toggled wifi

2023-06-07 10:12:03 - [MESSAGE][PASSED] - Toggled wifi]]></system-out>
         <system-err><![CDATA[]]></system-err>
      </testcase>
      <testcase name="Test Cases/Abrir_App/CPN2" time="4.982" classname="Test Cases/Abrir_App/CPN2" status="PASSED">
         <system-out><![CDATA[2023-06-07 10:12:03 - [TEST_CASE][PASSED] - Test Cases/Abrir_App/CPN2: Test Cases/Abrir_App/CPN2

2023-06-07 10:12:03 - [TEST_STEP][PASSED] - pressBack(): Press back button successfully

2023-06-07 10:12:03 - [MESSAGE][PASSED] - Press back button successfully

2023-06-07 10:12:03 - [TEST_STEP][PASSED] - pressBack(): Press back button successfully

2023-06-07 10:12:04 - [MESSAGE][PASSED] - Press back button successfully

2023-06-07 10:12:04 - [TEST_STEP][PASSED] - tap(findTestObject("Object Repository/CPN2/android.widget.TextView - NapoleoN"), 0): Tapped on element 'Object Repository/CPN2/android.widget.TextView - NapoleoN'

2023-06-07 10:12:04 - [MESSAGE][WARNING] - Timeout '0' is invalid. Using default page load timeout: '30'

2023-06-07 10:12:05 - [MESSAGE][PASSED] - Tapped on element 'Object Repository/CPN2/android.widget.TextView - NapoleoN'

2023-06-07 10:12:05 - [TEST_STEP][PASSED] - toggleWifi("off", STOP_ON_FAILURE): Toggled wifi

2023-06-07 10:12:06 - [MESSAGE][PASSED] - Toggled wifi

2023-06-07 10:12:06 - [TEST_STEP][PASSED] - delay(2, STOP_ON_FAILURE): Delayed 2 second(s)

2023-06-07 10:12:08 - [MESSAGE][PASSED] - Delayed 2 second(s)]]></system-out>
         <system-err><![CDATA[]]></system-err>
      </testcase>
      <testcase name="Test Cases/Abrir_App/CPN3" time="17.652" classname="Test Cases/Abrir_App/CPN3" status="PASSED">
         <system-out><![CDATA[2023-06-07 10:12:08 - [TEST_CASE][PASSED] - Test Cases/Abrir_App/CPN3: Test Cases/Abrir_App/CPN3

2023-06-07 10:12:08 - [TEST_STEP][PASSED] - pressBack(): Press back button successfully

2023-06-07 10:12:08 - [MESSAGE][PASSED] - Press back button successfully

2023-06-07 10:12:08 - [TEST_STEP][PASSED] - pressBack(): Press back button successfully

2023-06-07 10:12:09 - [MESSAGE][PASSED] - Press back button successfully

2023-06-07 10:12:09 - [TEST_STEP][PASSED] - toggleWifi("ON", STOP_ON_FAILURE): Toggled wifi

2023-06-07 10:12:10 - [MESSAGE][PASSED] - Toggled wifi

2023-06-07 10:12:10 - [TEST_STEP][PASSED] - delay(4): Delayed 4 second(s)

2023-06-07 10:12:14 - [MESSAGE][PASSED] - Delayed 4 second(s)

2023-06-07 10:12:14 - [TEST_STEP][PASSED] - toggleWifi("OFF", STOP_ON_FAILURE): Toggled wifi

2023-06-07 10:12:15 - [MESSAGE][PASSED] - Toggled wifi

2023-06-07 10:12:15 - [TEST_STEP][PASSED] - tap(findTestObject("Abrir_App/CPN1/android.widget.TextView - NapoleoN"), 0): Tapped on element 'Object Repository/Abrir_App/CPN1/android.widget.TextView - NapoleoN'

2023-06-07 10:12:15 - [MESSAGE][WARNING] - Timeout '0' is invalid. Using default page load timeout: '30'

2023-06-07 10:12:16 - [MESSAGE][PASSED] - Tapped on element 'Object Repository/Abrir_App/CPN1/android.widget.TextView - NapoleoN'

2023-06-07 10:12:16 - [TEST_STEP][PASSED] - tap(findTestObject("Abrir_App/CPN3/android.widget.Button - Crear Cuenta"), 0): Tapped on element 'Object Repository/Abrir_App/CPN3/android.widget.Button - Crear Cuenta'

2023-06-07 10:12:16 - [MESSAGE][WARNING] - Timeout '0' is invalid. Using default page load timeout: '30'

2023-06-07 10:12:17 - [MESSAGE][PASSED] - Tapped on element 'Object Repository/Abrir_App/CPN3/android.widget.Button - Crear Cuenta'

2023-06-07 10:12:17 - [TEST_STEP][PASSED] - delay(3): Delayed 3 second(s)

2023-06-07 10:12:20 - [MESSAGE][PASSED] - Delayed 3 second(s)

2023-06-07 10:12:20 - [TEST_STEP][PASSED] - tap(findTestObject("Object Repository/Abrir_App/CPN3/android.widget.Button - Enviar cdigo de registro"), 0): Tapped on element 'Object Repository/Abrir_App/CPN3/android.widget.Button - Enviar cdigo de registro'

2023-06-07 10:12:20 - [MESSAGE][WARNING] - Timeout '0' is invalid. Using default page load timeout: '30'

2023-06-07 10:12:21 - [MESSAGE][PASSED] - Tapped on element 'Object Repository/Abrir_App/CPN3/android.widget.Button - Enviar cdigo de registro'

2023-06-07 10:12:21 - [TEST_STEP][PASSED] - verifyElementVisible(findTestObject("Object Repository/Abrir_App/CPN3/android.widget.FrameLayout"), 0): Element 'Object Repository/Abrir_App/CPN3/android.widget.FrameLayout' is visible

2023-06-07 10:12:21 - [MESSAGE][WARNING] - Timeout '0' is invalid. Using default page load timeout: '30'

2023-06-07 10:12:23 - [MESSAGE][PASSED] - Element 'Object Repository/Abrir_App/CPN3/android.widget.FrameLayout' is visible

2023-06-07 10:12:23 - [TEST_STEP][PASSED] - tap(findTestObject("Object Repository/Abrir_App/CPN3/android.widget.Button - OK"), 0): Tapped on element 'Object Repository/Abrir_App/CPN3/android.widget.Button - OK'

2023-06-07 10:12:23 - [MESSAGE][WARNING] - Timeout '0' is invalid. Using default page load timeout: '30'

2023-06-07 10:12:24 - [MESSAGE][PASSED] - Tapped on element 'Object Repository/Abrir_App/CPN3/android.widget.Button - OK'

2023-06-07 10:12:24 - [TEST_STEP][PASSED] - toggleWifi("ON", STOP_ON_FAILURE): Toggled wifi

2023-06-07 10:12:25 - [MESSAGE][PASSED] - Toggled wifi]]></system-out>
         <system-err><![CDATA[]]></system-err>
      </testcase>
      <testcase name="Test Cases/INICIA_SESION_APODO_INEXISTENTE3.1/CPN21" time="23.787" classname="Test Cases/INICIA_SESION_APODO_INEXISTENTE3.1/CPN21" status="PASSED">
         <system-out><![CDATA[2023-06-07 10:12:25 - [TEST_CASE][PASSED] - Test Cases/INICIA_SESION_APODO_INEXISTENTE3.1/CPN21: Test Cases/INICIA_SESION_APODO_INEXISTENTE3.1/CPN21

2023-06-07 10:12:25 - [TEST_STEP][PASSED] - delay(2): Delayed 2 second(s)

2023-06-07 10:12:27 - [MESSAGE][PASSED] - Delayed 2 second(s)

2023-06-07 10:12:27 - [TEST_STEP][PASSED] - tap(findTestObject("Object Repository/INICIA_SESION_APODO_INEXISTENTE/CPN21/android.widget.ImageButton"), 0): Tapped on element 'Object Repository/INICIA_SESION_APODO_INEXISTENTE/CPN21/android.widget.ImageButton'

2023-06-07 10:12:28 - [MESSAGE][WARNING] - Timeout '0' is invalid. Using default page load timeout: '30'

2023-06-07 10:12:28 - [MESSAGE][PASSED] - Tapped on element 'Object Repository/INICIA_SESION_APODO_INEXISTENTE/CPN21/android.widget.ImageButton'

2023-06-07 10:12:28 - [TEST_STEP][PASSED] - tap(findTestObject("Object Repository/INICIA_SESION_APODO_INEXISTENTE/CPN21/android.widget.TextView - Iniciar sesin"), 0): Tapped on element 'Object Repository/INICIA_SESION_APODO_INEXISTENTE/CPN21/android.widget.TextView - Iniciar sesin'

2023-06-07 10:12:28 - [MESSAGE][WARNING] - Timeout '0' is invalid. Using default page load timeout: '30'

2023-06-07 10:12:29 - [MESSAGE][PASSED] - Tapped on element 'Object Repository/INICIA_SESION_APODO_INEXISTENTE/CPN21/android.widget.TextView - Iniciar sesin'

2023-06-07 10:12:29 - [TEST_STEP][PASSED] - verifyElementText(findTestObject("Object Repository/INICIA_SESION_APODO_INEXISTENTE/CPN21/android.widget.TextView - Recuperar Cuenta"), "Recuperar Cuenta"): Actual text and expected text of test object 'Object Repository/INICIA_SESION_APODO_INEXISTENTE/CPN21/android.widget.TextView - Recuperar Cuenta' are matched.

2023-06-07 10:12:30 - [MESSAGE][PASSED] - Actual text and expected text of test object 'Object Repository/INICIA_SESION_APODO_INEXISTENTE/CPN21/android.widget.TextView - Recuperar Cuenta' are matched.

2023-06-07 10:12:30 - [TEST_STEP][PASSED] - tap(findTestObject("Object Repository/INICIA_SESION_APODO_INEXISTENTE/CPN21/android.widget.EditText - Apodo"), 0): Tapped on element 'Object Repository/INICIA_SESION_APODO_INEXISTENTE/CPN21/android.widget.EditText - Apodo'

2023-06-07 10:12:31 - [MESSAGE][WARNING] - Timeout '0' is invalid. Using default page load timeout: '30'

2023-06-07 10:12:31 - [MESSAGE][PASSED] - Tapped on element 'Object Repository/INICIA_SESION_APODO_INEXISTENTE/CPN21/android.widget.EditText - Apodo'

2023-06-07 10:12:31 - [TEST_STEP][PASSED] - setText(findTestObject("Object Repository/INICIA_SESION_APODO_INEXISTENTE/CPN21/android.widget.EditText - Apodo (1)"), "AUTOMATIZACION", 0): Text 'AUTOMATIZACION' has been set to element 'Object Repository/INICIA_SESION_APODO_INEXISTENTE/CPN21/android.widget.EditText - Apodo (1)'

2023-06-07 10:12:31 - [MESSAGE][WARNING] - Timeout '0' is invalid. Using default page load timeout: '30'

2023-06-07 10:12:34 - [MESSAGE][PASSED] - Text 'AUTOMATIZACION' has been set to element 'Object Repository/INICIA_SESION_APODO_INEXISTENTE/CPN21/android.widget.EditText - Apodo (1)'

2023-06-07 10:12:34 - [TEST_STEP][PASSED] - hideKeyboard(): Keyboard is hidden

2023-06-07 10:12:36 - [MESSAGE][PASSED] - Keyboard is hidden

2023-06-07 10:12:36 - [TEST_STEP][PASSED] - tap(findTestObject("Object Repository/INICIA_SESION_APODO_INEXISTENTE/CPN21/android.widget.Button - Recuperar"), 0): Tapped on element 'Object Repository/INICIA_SESION_APODO_INEXISTENTE/CPN21/android.widget.Button - Recuperar'

2023-06-07 10:12:36 - [MESSAGE][WARNING] - Timeout '0' is invalid. Using default page load timeout: '30'

2023-06-07 10:12:37 - [MESSAGE][PASSED] - Tapped on element 'Object Repository/INICIA_SESION_APODO_INEXISTENTE/CPN21/android.widget.Button - Recuperar'

2023-06-07 10:12:37 - [TEST_STEP][PASSED] - tap(findTestObject("Object Repository/INICIA_SESION_APODO_INEXISTENTE/CPN21/android.widget.RadioButton - No eleg esta pregunta"), 0): Tapped on element 'Object Repository/INICIA_SESION_APODO_INEXISTENTE/CPN21/android.widget.RadioButton - No eleg esta pregunta'

2023-06-07 10:12:37 - [MESSAGE][WARNING] - Timeout '0' is invalid. Using default page load timeout: '30'

2023-06-07 10:12:39 - [MESSAGE][PASSED] - Tapped on element 'Object Repository/INICIA_SESION_APODO_INEXISTENTE/CPN21/android.widget.RadioButton - No eleg esta pregunta'

2023-06-07 10:12:39 - [TEST_STEP][PASSED] - tap(findTestObject("Object Repository/INICIA_SESION_APODO_INEXISTENTE/CPN21/android.widget.Button - Siguiente"), 0): Tapped on element 'Object Repository/INICIA_SESION_APODO_INEXISTENTE/CPN21/android.widget.Button - Siguiente'

2023-06-07 10:12:39 - [MESSAGE][WARNING] - Timeout '0' is invalid. Using default page load timeout: '30'

2023-06-07 10:12:40 - [MESSAGE][PASSED] - Tapped on element 'Object Repository/INICIA_SESION_APODO_INEXISTENTE/CPN21/android.widget.Button - Siguiente'

2023-06-07 10:12:40 - [TEST_STEP][PASSED] - tap(findTestObject("Object Repository/INICIA_SESION_APODO_INEXISTENTE/CPN21/android.widget.Button - Siguiente (1)"), 0): Tapped on element 'Object Repository/INICIA_SESION_APODO_INEXISTENTE/CPN21/android.widget.Button - Siguiente (1)'

2023-06-07 10:12:40 - [MESSAGE][WARNING] - Timeout '0' is invalid. Using default page load timeout: '30'

2023-06-07 10:12:41 - [MESSAGE][PASSED] - Tapped on element 'Object Repository/INICIA_SESION_APODO_INEXISTENTE/CPN21/android.widget.Button - Siguiente (1)'

2023-06-07 10:12:41 - [TEST_STEP][PASSED] - tap(findTestObject("Object Repository/INICIA_SESION_APODO_INEXISTENTE/CPN21/android.widget.RadioGroup"), 0): Tapped on element 'Object Repository/INICIA_SESION_APODO_INEXISTENTE/CPN21/android.widget.RadioGroup'

2023-06-07 10:12:41 - [MESSAGE][WARNING] - Timeout '0' is invalid. Using default page load timeout: '30'

2023-06-07 10:12:41 - [MESSAGE][PASSED] - Tapped on element 'Object Repository/INICIA_SESION_APODO_INEXISTENTE/CPN21/android.widget.RadioGroup'

2023-06-07 10:12:41 - [TEST_STEP][PASSED] - tap(findTestObject("INICIA_SESION_APODO_INEXISTENTE/CPN21/android.widget.Button - Siguiente (1)"), 0): Tapped on element 'Object Repository/INICIA_SESION_APODO_INEXISTENTE/CPN21/android.widget.Button - Siguiente (1)'

2023-06-07 10:12:41 - [MESSAGE][WARNING] - Timeout '0' is invalid. Using default page load timeout: '30'

2023-06-07 10:12:42 - [MESSAGE][PASSED] - Tapped on element 'Object Repository/INICIA_SESION_APODO_INEXISTENTE/CPN21/android.widget.Button - Siguiente (1)'

2023-06-07 10:12:42 - [TEST_STEP][PASSED] - tap(findTestObject("Object Repository/INICIA_SESION_APODO_INEXISTENTE/CPN21/android.widget.RadioGroup (1)"), 0): Tapped on element 'Object Repository/INICIA_SESION_APODO_INEXISTENTE/CPN21/android.widget.RadioGroup (1)'

2023-06-07 10:12:42 - [MESSAGE][WARNING] - Timeout '0' is invalid. Using default page load timeout: '30'

2023-06-07 10:12:43 - [MESSAGE][PASSED] - Tapped on element 'Object Repository/INICIA_SESION_APODO_INEXISTENTE/CPN21/android.widget.RadioGroup (1)'

2023-06-07 10:12:43 - [TEST_STEP][PASSED] - tap(findTestObject("INICIA_SESION_APODO_INEXISTENTE/CPN21/android.widget.Button - Siguiente (1)"), 0): Tapped on element 'Object Repository/INICIA_SESION_APODO_INEXISTENTE/CPN21/android.widget.Button - Siguiente (1)'

2023-06-07 10:12:43 - [MESSAGE][WARNING] - Timeout '0' is invalid. Using default page load timeout: '30'

2023-06-07 10:12:44 - [MESSAGE][PASSED] - Tapped on element 'Object Repository/INICIA_SESION_APODO_INEXISTENTE/CPN21/android.widget.Button - Siguiente (1)'

2023-06-07 10:12:44 - [TEST_STEP][PASSED] - tap(findTestObject("INICIA_SESION_APODO_INEXISTENTE/CPN21/android.widget.Button - Siguiente (1)"), 0): Tapped on element 'Object Repository/INICIA_SESION_APODO_INEXISTENTE/CPN21/android.widget.Button - Siguiente (1)'

2023-06-07 10:12:44 - [MESSAGE][WARNING] - Timeout '0' is invalid. Using default page load timeout: '30'

2023-06-07 10:12:45 - [MESSAGE][PASSED] - Tapped on element 'Object Repository/INICIA_SESION_APODO_INEXISTENTE/CPN21/android.widget.Button - Siguiente (1)'

2023-06-07 10:12:45 - [TEST_STEP][PASSED] - tap(findTestObject("INICIA_SESION_APODO_INEXISTENTE/CPN21/android.widget.RadioGroup (1)"), 0): Tapped on element 'Object Repository/INICIA_SESION_APODO_INEXISTENTE/CPN21/android.widget.RadioGroup (1)'

2023-06-07 10:12:45 - [MESSAGE][WARNING] - Timeout '0' is invalid. Using default page load timeout: '30'

2023-06-07 10:12:45 - [MESSAGE][PASSED] - Tapped on element 'Object Repository/INICIA_SESION_APODO_INEXISTENTE/CPN21/android.widget.RadioGroup (1)'

2023-06-07 10:12:45 - [TEST_STEP][PASSED] - tap(findTestObject("INICIA_SESION_APODO_INEXISTENTE/CPN21/android.widget.Button - Siguiente (1)"), 0): Tapped on element 'Object Repository/INICIA_SESION_APODO_INEXISTENTE/CPN21/android.widget.Button - Siguiente (1)'

2023-06-07 10:12:45 - [MESSAGE][WARNING] - Timeout '0' is invalid. Using default page load timeout: '30'

2023-06-07 10:12:46 - [MESSAGE][PASSED] - Tapped on element 'Object Repository/INICIA_SESION_APODO_INEXISTENTE/CPN21/android.widget.Button - Siguiente (1)'

2023-06-07 10:12:46 - [TEST_STEP][PASSED] - tap(findTestObject("INICIA_SESION_APODO_INEXISTENTE/CPN21/android.widget.RadioGroup (1)"), 0): Tapped on element 'Object Repository/INICIA_SESION_APODO_INEXISTENTE/CPN21/android.widget.RadioGroup (1)'

2023-06-07 10:12:46 - [MESSAGE][WARNING] - Timeout '0' is invalid. Using default page load timeout: '30'

2023-06-07 10:12:47 - [MESSAGE][PASSED] - Tapped on element 'Object Repository/INICIA_SESION_APODO_INEXISTENTE/CPN21/android.widget.RadioGroup (1)'

2023-06-07 10:12:47 - [TEST_STEP][PASSED] - tap(findTestObject("Object Repository/INICIA_SESION_APODO_INEXISTENTE/CPN21/android.widget.Button - Finalizar"), 0): Tapped on element 'Object Repository/INICIA_SESION_APODO_INEXISTENTE/CPN21/android.widget.Button - Finalizar'

2023-06-07 10:12:47 - [MESSAGE][WARNING] - Timeout '0' is invalid. Using default page load timeout: '30'

2023-06-07 10:12:47 - [MESSAGE][PASSED] - Tapped on element 'Object Repository/INICIA_SESION_APODO_INEXISTENTE/CPN21/android.widget.Button - Finalizar'

2023-06-07 10:12:47 - [TEST_STEP][PASSED] - verifyElementVisible(findTestObject("Object Repository/INICIA_SESION_APODO_INEXISTENTE/CPN21/androidx.appcompat.widget.LinearLayoutCompat"), 0): Element 'Object Repository/INICIA_SESION_APODO_INEXISTENTE/CPN21/androidx.appcompat.widget.LinearLayoutCompat' is visible

2023-06-07 10:12:48 - [MESSAGE][WARNING] - Timeout '0' is invalid. Using default page load timeout: '30'

2023-06-07 10:12:49 - [MESSAGE][PASSED] - Element 'Object Repository/INICIA_SESION_APODO_INEXISTENTE/CPN21/androidx.appcompat.widget.LinearLayoutCompat' is visible

2023-06-07 10:12:49 - [TEST_STEP][PASSED] - tap(findTestObject("Object Repository/INICIA_SESION_APODO_INEXISTENTE/CPN21/android.widget.Button - Cerrar"), 0): Tapped on element 'Object Repository/INICIA_SESION_APODO_INEXISTENTE/CPN21/android.widget.Button - Cerrar'

2023-06-07 10:12:49 - [MESSAGE][WARNING] - Timeout '0' is invalid. Using default page load timeout: '30'

2023-06-07 10:12:49 - [MESSAGE][PASSED] - Tapped on element 'Object Repository/INICIA_SESION_APODO_INEXISTENTE/CPN21/android.widget.Button - Cerrar']]></system-out>
         <system-err><![CDATA[]]></system-err>
      </testcase>
      <testcase name="Test Cases/INICIA_SESION_APODO_EXISTENTE3.2/CPN22" time="19.43" classname="Test Cases/INICIA_SESION_APODO_EXISTENTE3.2/CPN22" status="PASSED">
         <system-out><![CDATA[2023-06-07 10:12:49 - [TEST_CASE][PASSED] - Test Cases/INICIA_SESION_APODO_EXISTENTE3.2/CPN22: Test Cases/INICIA_SESION_APODO_EXISTENTE3.2/CPN22

2023-06-07 10:12:49 - [TEST_STEP][PASSED] - tap(findTestObject("Object Repository/INICIA_SESION_APODO_EXISTENTE/CPN22/android.widget.EditText - Apodo"), 0): Tapped on element 'Object Repository/INICIA_SESION_APODO_EXISTENTE/CPN22/android.widget.EditText - Apodo'

2023-06-07 10:12:49 - [MESSAGE][WARNING] - Timeout '0' is invalid. Using default page load timeout: '30'

2023-06-07 10:12:52 - [MESSAGE][PASSED] - Tapped on element 'Object Repository/INICIA_SESION_APODO_EXISTENTE/CPN22/android.widget.EditText - Apodo'

2023-06-07 10:12:52 - [TEST_STEP][PASSED] - setText(findTestObject("Object Repository/INICIA_SESION_APODO_EXISTENTE/CPN22/android.widget.EditText - Apodo (1)"), "EDWIN_1324", 0): Text 'EDWIN_1324' has been set to element 'Object Repository/INICIA_SESION_APODO_EXISTENTE/CPN22/android.widget.EditText - Apodo (1)'

2023-06-07 10:12:52 - [MESSAGE][WARNING] - Timeout '0' is invalid. Using default page load timeout: '30'

2023-06-07 10:12:53 - [MESSAGE][PASSED] - Text 'EDWIN_1324' has been set to element 'Object Repository/INICIA_SESION_APODO_EXISTENTE/CPN22/android.widget.EditText - Apodo (1)'

2023-06-07 10:12:53 - [TEST_STEP][PASSED] - hideKeyboard(): Keyboard is hidden

2023-06-07 10:12:55 - [MESSAGE][PASSED] - Keyboard is hidden

2023-06-07 10:12:55 - [TEST_STEP][PASSED] - tap(findTestObject("Object Repository/INICIA_SESION_APODO_EXISTENTE/CPN22/android.widget.Button - Recuperar"), 0): Tapped on element 'Object Repository/INICIA_SESION_APODO_EXISTENTE/CPN22/android.widget.Button - Recuperar'

2023-06-07 10:12:55 - [MESSAGE][WARNING] - Timeout '0' is invalid. Using default page load timeout: '30'

2023-06-07 10:12:56 - [MESSAGE][PASSED] - Tapped on element 'Object Repository/INICIA_SESION_APODO_EXISTENTE/CPN22/android.widget.Button - Recuperar'

2023-06-07 10:12:56 - [TEST_STEP][PASSED] - tap(findTestObject("INICIA_SESION_APODO_EXISTENTE/CPN22/android.widget.RadioGroup"), 0): Tapped on element 'Object Repository/INICIA_SESION_APODO_EXISTENTE/CPN22/android.widget.RadioGroup'

2023-06-07 10:12:56 - [MESSAGE][WARNING] - Timeout '0' is invalid. Using default page load timeout: '30'

2023-06-07 10:12:57 - [MESSAGE][PASSED] - Tapped on element 'Object Repository/INICIA_SESION_APODO_EXISTENTE/CPN22/android.widget.RadioGroup'

2023-06-07 10:12:57 - [TEST_STEP][PASSED] - tap(findTestObject("Object Repository/INICIA_SESION_APODO_EXISTENTE/CPN22/android.widget.Button - Siguiente"), 0): Tapped on element 'Object Repository/INICIA_SESION_APODO_EXISTENTE/CPN22/android.widget.Button - Siguiente'

2023-06-07 10:12:57 - [MESSAGE][WARNING] - Timeout '0' is invalid. Using default page load timeout: '30'

2023-06-07 10:12:58 - [MESSAGE][PASSED] - Tapped on element 'Object Repository/INICIA_SESION_APODO_EXISTENTE/CPN22/android.widget.Button - Siguiente'

2023-06-07 10:12:58 - [TEST_STEP][PASSED] - tap(findTestObject("Object Repository/INICIA_SESION_APODO_EXISTENTE/CPN22/android.widget.Button - Siguiente (1)"), 0): Tapped on element 'Object Repository/INICIA_SESION_APODO_EXISTENTE/CPN22/android.widget.Button - Siguiente (1)'

2023-06-07 10:12:58 - [MESSAGE][WARNING] - Timeout '0' is invalid. Using default page load timeout: '30'

2023-06-07 10:12:59 - [MESSAGE][PASSED] - Tapped on element 'Object Repository/INICIA_SESION_APODO_EXISTENTE/CPN22/android.widget.Button - Siguiente (1)'

2023-06-07 10:12:59 - [TEST_STEP][PASSED] - tap(findTestObject("Object Repository/INICIA_SESION_APODO_EXISTENTE/CPN22/android.widget.RadioGroup (1)"), 0): Tapped on element 'Object Repository/INICIA_SESION_APODO_EXISTENTE/CPN22/android.widget.RadioGroup (1)'

2023-06-07 10:12:59 - [MESSAGE][WARNING] - Timeout '0' is invalid. Using default page load timeout: '30'

2023-06-07 10:12:59 - [MESSAGE][PASSED] - Tapped on element 'Object Repository/INICIA_SESION_APODO_EXISTENTE/CPN22/android.widget.RadioGroup (1)'

2023-06-07 10:12:59 - [TEST_STEP][PASSED] - tap(findTestObject("INICIA_SESION_APODO_EXISTENTE/CPN22/android.widget.Button - Siguiente (1)"), 0): Tapped on element 'Object Repository/INICIA_SESION_APODO_EXISTENTE/CPN22/android.widget.Button - Siguiente (1)'

2023-06-07 10:12:59 - [MESSAGE][WARNING] - Timeout '0' is invalid. Using default page load timeout: '30'

2023-06-07 10:13:00 - [MESSAGE][PASSED] - Tapped on element 'Object Repository/INICIA_SESION_APODO_EXISTENTE/CPN22/android.widget.Button - Siguiente (1)'

2023-06-07 10:13:00 - [TEST_STEP][PASSED] - tap(findTestObject("Object Repository/INICIA_SESION_APODO_EXISTENTE/CPN22/android.widget.RadioButton - No eleg esta pregunta"), 0): Tapped on element 'Object Repository/INICIA_SESION_APODO_EXISTENTE/CPN22/android.widget.RadioButton - No eleg esta pregunta'

2023-06-07 10:13:00 - [MESSAGE][WARNING] - Timeout '0' is invalid. Using default page load timeout: '30'

2023-06-07 10:13:01 - [MESSAGE][PASSED] - Tapped on element 'Object Repository/INICIA_SESION_APODO_EXISTENTE/CPN22/android.widget.RadioButton - No eleg esta pregunta'

2023-06-07 10:13:01 - [TEST_STEP][PASSED] - tap(findTestObject("INICIA_SESION_APODO_EXISTENTE/CPN22/android.widget.Button - Siguiente (1)"), 0): Tapped on element 'Object Repository/INICIA_SESION_APODO_EXISTENTE/CPN22/android.widget.Button - Siguiente (1)'

2023-06-07 10:13:01 - [MESSAGE][WARNING] - Timeout '0' is invalid. Using default page load timeout: '30'

2023-06-07 10:13:01 - [MESSAGE][PASSED] - Tapped on element 'Object Repository/INICIA_SESION_APODO_EXISTENTE/CPN22/android.widget.Button - Siguiente (1)'

2023-06-07 10:13:01 - [TEST_STEP][PASSED] - tap(findTestObject("INICIA_SESION_APODO_EXISTENTE/CPN22/android.widget.RadioGroup"), 0): Tapped on element 'Object Repository/INICIA_SESION_APODO_EXISTENTE/CPN22/android.widget.RadioGroup'

2023-06-07 10:13:01 - [MESSAGE][WARNING] - Timeout '0' is invalid. Using default page load timeout: '30'

2023-06-07 10:13:02 - [MESSAGE][PASSED] - Tapped on element 'Object Repository/INICIA_SESION_APODO_EXISTENTE/CPN22/android.widget.RadioGroup'

2023-06-07 10:13:02 - [TEST_STEP][PASSED] - tap(findTestObject("INICIA_SESION_APODO_EXISTENTE/CPN22/android.widget.Button - Siguiente (1)"), 0): Tapped on element 'Object Repository/INICIA_SESION_APODO_EXISTENTE/CPN22/android.widget.Button - Siguiente (1)'

2023-06-07 10:13:02 - [MESSAGE][WARNING] - Timeout '0' is invalid. Using default page load timeout: '30'

2023-06-07 10:13:03 - [MESSAGE][PASSED] - Tapped on element 'Object Repository/INICIA_SESION_APODO_EXISTENTE/CPN22/android.widget.Button - Siguiente (1)'

2023-06-07 10:13:03 - [TEST_STEP][PASSED] - tap(findTestObject("INICIA_SESION_APODO_EXISTENTE/CPN22/android.widget.RadioGroup"), 0): Tapped on element 'Object Repository/INICIA_SESION_APODO_EXISTENTE/CPN22/android.widget.RadioGroup'

2023-06-07 10:13:03 - [MESSAGE][WARNING] - Timeout '0' is invalid. Using default page load timeout: '30'

2023-06-07 10:13:04 - [MESSAGE][PASSED] - Tapped on element 'Object Repository/INICIA_SESION_APODO_EXISTENTE/CPN22/android.widget.RadioGroup'

2023-06-07 10:13:04 - [TEST_STEP][PASSED] - tap(findTestObject("Object Repository/INICIA_SESION_APODO_EXISTENTE/CPN22/android.widget.Button - Finalizar"), 0): Tapped on element 'Object Repository/INICIA_SESION_APODO_EXISTENTE/CPN22/android.widget.Button - Finalizar'

2023-06-07 10:13:04 - [MESSAGE][WARNING] - Timeout '0' is invalid. Using default page load timeout: '30'

2023-06-07 10:13:05 - [MESSAGE][PASSED] - Tapped on element 'Object Repository/INICIA_SESION_APODO_EXISTENTE/CPN22/android.widget.Button - Finalizar'

2023-06-07 10:13:05 - [TEST_STEP][PASSED] - verifyElementVisible(findTestObject("Object Repository/INICIA_SESION_APODO_EXISTENTE/CPN22/androidx.appcompat.widget.LinearLayoutCompat"), 0): Element 'Object Repository/INICIA_SESION_APODO_EXISTENTE/CPN22/androidx.appcompat.widget.LinearLayoutCompat' is visible

2023-06-07 10:13:05 - [MESSAGE][WARNING] - Timeout '0' is invalid. Using default page load timeout: '30'

2023-06-07 10:13:06 - [MESSAGE][PASSED] - Element 'Object Repository/INICIA_SESION_APODO_EXISTENTE/CPN22/androidx.appcompat.widget.LinearLayoutCompat' is visible

2023-06-07 10:13:06 - [TEST_STEP][PASSED] - tap(findTestObject("Object Repository/INICIA_SESION_APODO_EXISTENTE/CPN22/android.widget.Button - Cerrar"), 0): Tapped on element 'Object Repository/INICIA_SESION_APODO_EXISTENTE/CPN22/android.widget.Button - Cerrar'

2023-06-07 10:13:06 - [MESSAGE][WARNING] - Timeout '0' is invalid. Using default page load timeout: '30'

2023-06-07 10:13:07 - [MESSAGE][PASSED] - Tapped on element 'Object Repository/INICIA_SESION_APODO_EXISTENTE/CPN22/android.widget.Button - Cerrar'

2023-06-07 10:13:07 - [TEST_STEP][PASSED] - tap(findTestObject("Object Repository/INICIA_SESION_APODO_EXISTENTE/CPN22/android.widget.ImageButton"), 0): Tapped on element 'Object Repository/INICIA_SESION_APODO_EXISTENTE/CPN22/android.widget.ImageButton'

2023-06-07 10:13:07 - [MESSAGE][WARNING] - Timeout '0' is invalid. Using default page load timeout: '30'

2023-06-07 10:13:08 - [MESSAGE][PASSED] - Tapped on element 'Object Repository/INICIA_SESION_APODO_EXISTENTE/CPN22/android.widget.ImageButton']]></system-out>
         <system-err><![CDATA[]]></system-err>
      </testcase>
      <testcase name="Test Cases/Abrir_App/CPN4" time="7.23" classname="Test Cases/Abrir_App/CPN4" status="PASSED">
         <system-out><![CDATA[2023-06-07 10:13:08 - [TEST_CASE][PASSED] - Test Cases/Abrir_App/CPN4: Test Cases/Abrir_App/CPN4

2023-06-07 10:13:09 - [TEST_STEP][PASSED] - toggleWifi("off", STOP_ON_FAILURE): Toggled wifi

2023-06-07 10:13:10 - [MESSAGE][PASSED] - Toggled wifi

2023-06-07 10:13:10 - [TEST_STEP][PASSED] - toggleWifi("on", STOP_ON_FAILURE): Toggled wifi

2023-06-07 10:13:11 - [MESSAGE][PASSED] - Toggled wifi

2023-06-07 10:13:11 - [TEST_STEP][PASSED] - delay(5): Delayed 5 second(s)

2023-06-07 10:13:16 - [MESSAGE][PASSED] - Delayed 5 second(s)]]></system-out>
         <system-err><![CDATA[]]></system-err>
      </testcase>
      <testcase name="Test Cases/Crear cuenta/CPN5" time="6.763" classname="Test Cases/Crear cuenta/CPN5" status="PASSED">
         <system-out><![CDATA[2023-06-07 10:13:16 - [TEST_CASE][PASSED] - Test Cases/Crear cuenta/CPN5: Test Cases/Crear cuenta/CPN5

2023-06-07 10:13:16 - [TEST_STEP][PASSED] - tap(findTestObject("Object Repository/Crear_cuenta/CPN5/android.widget.Button - Crear Cuenta"), 0): Tapped on element 'Object Repository/Crear_cuenta/CPN5/android.widget.Button - Crear Cuenta'

2023-06-07 10:13:16 - [MESSAGE][WARNING] - Timeout '0' is invalid. Using default page load timeout: '30'

2023-06-07 10:13:16 - [MESSAGE][PASSED] - Tapped on element 'Object Repository/Crear_cuenta/CPN5/android.widget.Button - Crear Cuenta'

2023-06-07 10:13:16 - [TEST_STEP][PASSED] - verifyElementText(findTestObject("Crear_cuenta/CPN5/android.widget.FrameLayout"), ""): Actual text and expected text of test object 'Object Repository/Crear_cuenta/CPN5/android.widget.FrameLayout' are matched.

2023-06-07 10:13:17 - [MESSAGE][PASSED] - Actual text and expected text of test object 'Object Repository/Crear_cuenta/CPN5/android.widget.FrameLayout' are matched.

2023-06-07 10:13:17 - [TEST_STEP][PASSED] - tap(findTestObject("Object Repository/Crear_cuenta/CPN5/android.widget.Button - Enviar cdigo de registro"), 0): Tapped on element 'Object Repository/Crear_cuenta/CPN5/android.widget.Button - Enviar cdigo de registro'

2023-06-07 10:13:17 - [MESSAGE][WARNING] - Timeout '0' is invalid. Using default page load timeout: '30'

2023-06-07 10:13:18 - [MESSAGE][PASSED] - Tapped on element 'Object Repository/Crear_cuenta/CPN5/android.widget.Button - Enviar cdigo de registro'

2023-06-07 10:13:18 - [TEST_STEP][PASSED] - verifyElementText(findTestObject("Object Repository/Crear_cuenta/CPN5/android.widget.TextView - Bienvenido a NapoleoN Chat"), "Bienvenido a NapoleoN Chat"): Actual text and expected text of test object 'Object Repository/Crear_cuenta/CPN5/android.widget.TextView - Bienvenido a NapoleoN Chat' are matched.

2023-06-07 10:13:22 - [MESSAGE][PASSED] - Actual text and expected text of test object 'Object Repository/Crear_cuenta/CPN5/android.widget.TextView - Bienvenido a NapoleoN Chat' are matched.

2023-06-07 10:13:22 - [TEST_STEP][PASSED] - verifyElementVisible(findTestObject("Object Repository/Crear_cuenta/CPN5/android.widget.LinearLayout"), 0): Element 'Object Repository/Crear_cuenta/CPN5/android.widget.LinearLayout' is visible

2023-06-07 10:13:22 - [MESSAGE][WARNING] - Timeout '0' is invalid. Using default page load timeout: '30'

2023-06-07 10:13:22 - [MESSAGE][PASSED] - Element 'Object Repository/Crear_cuenta/CPN5/android.widget.LinearLayout' is visible]]></system-out>
         <system-err><![CDATA[]]></system-err>
      </testcase>
      <testcase name="Test Cases/Crear cuenta/CPN6-7" time="30.297" classname="Test Cases/Crear cuenta/CPN6-7" status="PASSED">
         <system-out><![CDATA[2023-06-07 10:13:22 - [TEST_CASE][PASSED] - Test Cases/Crear cuenta/CPN6-7: Test Cases/Crear cuenta/CPN6-7

2023-06-07 10:13:23 - [TEST_STEP][PASSED] - verifyElementVisible(findTestObject("Crear_cuenta/CPN6-7/android.widget.LinearLayout"), 0): Element 'Object Repository/Crear_cuenta/CPN6-7/android.widget.LinearLayout' is visible

2023-06-07 10:13:23 - [MESSAGE][WARNING] - Timeout '0' is invalid. Using default page load timeout: '30'

2023-06-07 10:13:23 - [MESSAGE][PASSED] - Element 'Object Repository/Crear_cuenta/CPN6-7/android.widget.LinearLayout' is visible

2023-06-07 10:13:23 - [TEST_STEP][PASSED] - tap(findTestObject("Object Repository/Crear_cuenta/CPN6-7/android.widget.Button - Reenviar cdigo"), 0): Tapped on element 'Object Repository/Crear_cuenta/CPN6-7/android.widget.Button - Reenviar cdigo'

2023-06-07 10:13:23 - [MESSAGE][WARNING] - Timeout '0' is invalid. Using default page load timeout: '30'

2023-06-07 10:13:24 - [MESSAGE][PASSED] - Tapped on element 'Object Repository/Crear_cuenta/CPN6-7/android.widget.Button - Reenviar cdigo'

2023-06-07 10:13:24 - [TEST_STEP][PASSED] - delay(1): Delayed 1 second(s)

2023-06-07 10:13:25 - [MESSAGE][PASSED] - Delayed 1 second(s)

2023-06-07 10:13:25 - [TEST_STEP][PASSED] - verifyElementVisible(findTestObject("Crear_cuenta/CPN6-7/android.widget.LinearLayout"), 0): Element 'Object Repository/Crear_cuenta/CPN6-7/android.widget.LinearLayout' is visible

2023-06-07 10:13:25 - [MESSAGE][WARNING] - Timeout '0' is invalid. Using default page load timeout: '30'

2023-06-07 10:13:26 - [MESSAGE][PASSED] - Element 'Object Repository/Crear_cuenta/CPN6-7/android.widget.LinearLayout' is visible

2023-06-07 10:13:26 - [TEST_STEP][PASSED] - tap(findTestObject("Crear_cuenta/CPN6-7/android.widget.Button - Reenviar cdigo (1)"), 0): Tapped on element 'Object Repository/Crear_cuenta/CPN6-7/android.widget.Button - Reenviar cdigo (1)'

2023-06-07 10:13:26 - [MESSAGE][WARNING] - Timeout '0' is invalid. Using default page load timeout: '30'

2023-06-07 10:13:27 - [MESSAGE][PASSED] - Tapped on element 'Object Repository/Crear_cuenta/CPN6-7/android.widget.Button - Reenviar cdigo (1)'

2023-06-07 10:13:27 - [TEST_STEP][PASSED] - delay(24): Delayed 24 second(s)

2023-06-07 10:13:51 - [MESSAGE][PASSED] - Delayed 24 second(s)

2023-06-07 10:13:51 - [TEST_STEP][PASSED] - verifyElementVisible(findTestObject("Crear_cuenta/CPN6-7/android.widget.LinearLayout"), 0): Element 'Object Repository/Crear_cuenta/CPN6-7/android.widget.LinearLayout' is visible

2023-06-07 10:13:51 - [MESSAGE][WARNING] - Timeout '0' is invalid. Using default page load timeout: '30'

2023-06-07 10:13:51 - [MESSAGE][PASSED] - Element 'Object Repository/Crear_cuenta/CPN6-7/android.widget.LinearLayout' is visible

2023-06-07 10:13:51 - [TEST_STEP][PASSED] - delay(1): Delayed 1 second(s)

2023-06-07 10:13:52 - [MESSAGE][PASSED] - Delayed 1 second(s)

2023-06-07 10:13:52 - [TEST_STEP][PASSED] - tap(findTestObject("Crear_cuenta/CPN6-7/android.widget.Button - Reenviar cdigo (1)"), 0): Tapped on element 'Object Repository/Crear_cuenta/CPN6-7/android.widget.Button - Reenviar cdigo (1)'

2023-06-07 10:13:52 - [MESSAGE][WARNING] - Timeout '0' is invalid. Using default page load timeout: '30'

2023-06-07 10:13:53 - [MESSAGE][PASSED] - Tapped on element 'Object Repository/Crear_cuenta/CPN6-7/android.widget.Button - Reenviar cdigo (1)']]></system-out>
         <system-err><![CDATA[]]></system-err>
      </testcase>
      <testcase name="Test Cases/Crear cuenta/CPN9" time="13.461" classname="Test Cases/Crear cuenta/CPN9" status="PASSED">
         <system-out><![CDATA[2023-06-07 10:13:53 - [TEST_CASE][PASSED] - Test Cases/Crear cuenta/CPN9: Test Cases/Crear cuenta/CPN9

2023-06-07 10:13:53 - [TEST_STEP][PASSED] - tap(findTestObject("Object Repository/Crear_cuenta/CPN9/android.widget.Button - Continuar"), 0): Tapped on element 'Object Repository/Crear_cuenta/CPN9/android.widget.Button - Continuar'

2023-06-07 10:13:53 - [MESSAGE][WARNING] - Timeout '0' is invalid. Using default page load timeout: '30'

2023-06-07 10:13:56 - [MESSAGE][PASSED] - Tapped on element 'Object Repository/Crear_cuenta/CPN9/android.widget.Button - Continuar'

2023-06-07 10:13:56 - [TEST_STEP][PASSED] - verifyElementText(findTestObject("Object Repository/Crear_cuenta/CPN9/android.view.ViewGroup"), ""): Actual text and expected text of test object 'Object Repository/Crear_cuenta/CPN9/android.view.ViewGroup' are matched.

2023-06-07 10:14:00 - [MESSAGE][PASSED] - Actual text and expected text of test object 'Object Repository/Crear_cuenta/CPN9/android.view.ViewGroup' are matched.

2023-06-07 10:14:00 - [TEST_STEP][PASSED] - tap(findTestObject("Object Repository/Crear_cuenta/CPN9/android.widget.EditText - Apodo"), 0): Tapped on element 'Object Repository/Crear_cuenta/CPN9/android.widget.EditText - Apodo'

2023-06-07 10:14:00 - [MESSAGE][WARNING] - Timeout '0' is invalid. Using default page load timeout: '30'

2023-06-07 10:14:00 - [MESSAGE][PASSED] - Tapped on element 'Object Repository/Crear_cuenta/CPN9/android.widget.EditText - Apodo'

2023-06-07 10:14:00 - [TEST_STEP][PASSED] - setText(findTestObject("Object Repository/Crear_cuenta/CPN9/android.widget.EditText - Apodo (1)"), "PRUEBA", 0): Text 'PRUEBA' has been set to element 'Object Repository/Crear_cuenta/CPN9/android.widget.EditText - Apodo (1)'

2023-06-07 10:14:00 - [MESSAGE][WARNING] - Timeout '0' is invalid. Using default page load timeout: '30'

2023-06-07 10:14:03 - [MESSAGE][PASSED] - Text 'PRUEBA' has been set to element 'Object Repository/Crear_cuenta/CPN9/android.widget.EditText - Apodo (1)'

2023-06-07 10:14:03 - [TEST_STEP][PASSED] - clearText(findTestObject("Object Repository/Crear_cuenta/CPN9/android.widget.EditText - PRUEBA"), 0): Element 'Object Repository/Crear_cuenta/CPN9/android.widget.EditText - PRUEBA' text is cleared

2023-06-07 10:14:03 - [MESSAGE][WARNING] - Timeout '0' is invalid. Using default page load timeout: '30'

2023-06-07 10:14:04 - [MESSAGE][PASSED] - Element 'Object Repository/Crear_cuenta/CPN9/android.widget.EditText - PRUEBA' text is cleared

2023-06-07 10:14:04 - [TEST_STEP][PASSED] - hideKeyboard(): Keyboard is hidden

2023-06-07 10:14:06 - [MESSAGE][PASSED] - Keyboard is hidden

2023-06-07 10:14:06 - [TEST_STEP][PASSED] - verifyElementText(findTestObject("Object Repository/Crear_cuenta/CPN9/android.widget.TextView - El Apodo es obligatorio"), "El Apodo es obligatorio"): Actual text and expected text of test object 'Object Repository/Crear_cuenta/CPN9/android.widget.TextView - El Apodo es obligatorio' are matched.

2023-06-07 10:14:06 - [MESSAGE][PASSED] - Actual text and expected text of test object 'Object Repository/Crear_cuenta/CPN9/android.widget.TextView - El Apodo es obligatorio' are matched.]]></system-out>
         <system-err><![CDATA[]]></system-err>
      </testcase>
      <testcase name="Test Cases/Crear cuenta/CPN10" time="6.707" classname="Test Cases/Crear cuenta/CPN10" status="PASSED">
         <system-out><![CDATA[2023-06-07 10:14:06 - [TEST_CASE][PASSED] - Test Cases/Crear cuenta/CPN10: Test Cases/Crear cuenta/CPN10

2023-06-07 10:14:06 - [TEST_STEP][PASSED] - tap(findTestObject("Object Repository/Crear_cuenta/CPN10/android.widget.EditText - Apodo"), 0): Tapped on element 'Object Repository/Crear_cuenta/CPN10/android.widget.EditText - Apodo'

2023-06-07 10:14:06 - [MESSAGE][WARNING] - Timeout '0' is invalid. Using default page load timeout: '30'

2023-06-07 10:14:08 - [MESSAGE][PASSED] - Tapped on element 'Object Repository/Crear_cuenta/CPN10/android.widget.EditText - Apodo'

2023-06-07 10:14:08 - [TEST_STEP][PASSED] - setText(findTestObject("Object Repository/Crear_cuenta/CPN10/android.widget.EditText - Apodo (1)"), "0123456789", 0): Text '0123456789' has been set to element 'Object Repository/Crear_cuenta/CPN10/android.widget.EditText - Apodo (1)'

2023-06-07 10:14:08 - [MESSAGE][WARNING] - Timeout '0' is invalid. Using default page load timeout: '30'

2023-06-07 10:14:10 - [MESSAGE][PASSED] - Text '0123456789' has been set to element 'Object Repository/Crear_cuenta/CPN10/android.widget.EditText - Apodo (1)'

2023-06-07 10:14:10 - [TEST_STEP][PASSED] - verifyElementText(findTestObject("Object Repository/Crear_cuenta/CPN10/android.widget.TextView - El Apodo debe comenzar con una letra"), "El Apodo debe comenzar con una letra"): Actual text and expected text of test object 'Object Repository/Crear_cuenta/CPN10/android.widget.TextView - El Apodo debe comenzar con una letra' are matched.

2023-06-07 10:14:11 - [MESSAGE][PASSED] - Actual text and expected text of test object 'Object Repository/Crear_cuenta/CPN10/android.widget.TextView - El Apodo debe comenzar con una letra' are matched.

2023-06-07 10:14:11 - [TEST_STEP][PASSED] - hideKeyboard(): Keyboard is hidden

2023-06-07 10:14:13 - [MESSAGE][PASSED] - Keyboard is hidden

2023-06-07 10:14:13 - [TEST_STEP][PASSED] - tap(findTestObject("Object Repository/Crear_cuenta/CPN10/android.widget.Button - Siguiente"), 0): Tapped on element 'Object Repository/Crear_cuenta/CPN10/android.widget.Button - Siguiente'

2023-06-07 10:14:13 - [MESSAGE][WARNING] - Timeout '0' is invalid. Using default page load timeout: '30'

2023-06-07 10:14:13 - [MESSAGE][PASSED] - Tapped on element 'Object Repository/Crear_cuenta/CPN10/android.widget.Button - Siguiente']]></system-out>
         <system-err><![CDATA[]]></system-err>
      </testcase>
      <testcase name="Test Cases/Crear cuenta/CPN11" time="7.939" classname="Test Cases/Crear cuenta/CPN11" status="PASSED">
         <system-out><![CDATA[2023-06-07 10:14:13 - [TEST_CASE][PASSED] - Test Cases/Crear cuenta/CPN11: Test Cases/Crear cuenta/CPN11

2023-06-07 10:14:13 - [TEST_STEP][PASSED] - clearText(findTestObject("Object Repository/Crear_cuenta/CPN11/android.widget.EditText - 0123456789"), 0): Element 'Object Repository/Crear_cuenta/CPN11/android.widget.EditText - 0123456789' text is cleared

2023-06-07 10:14:13 - [MESSAGE][WARNING] - Timeout '0' is invalid. Using default page load timeout: '30'

2023-06-07 10:14:13 - [MESSAGE][PASSED] - Element 'Object Repository/Crear_cuenta/CPN11/android.widget.EditText - 0123456789' text is cleared

2023-06-07 10:14:13 - [TEST_STEP][PASSED] - tap(findTestObject("Object Repository/Crear_cuenta/CPN11/android.widget.EditText - Apodo"), 0): Tapped on element 'Object Repository/Crear_cuenta/CPN11/android.widget.EditText - Apodo'

2023-06-07 10:14:13 - [MESSAGE][WARNING] - Timeout '0' is invalid. Using default page load timeout: '30'

2023-06-07 10:14:16 - [MESSAGE][PASSED] - Tapped on element 'Object Repository/Crear_cuenta/CPN11/android.widget.EditText - Apodo'

2023-06-07 10:14:16 - [TEST_STEP][PASSED] - setText(findTestObject("Object Repository/Crear_cuenta/CPN11/android.widget.EditText - Apodo (1)"), "abcde", 0): Text 'abcde' has been set to element 'Object Repository/Crear_cuenta/CPN11/android.widget.EditText - Apodo (1)'

2023-06-07 10:14:16 - [MESSAGE][WARNING] - Timeout '0' is invalid. Using default page load timeout: '30'

2023-06-07 10:14:18 - [MESSAGE][PASSED] - Text 'abcde' has been set to element 'Object Repository/Crear_cuenta/CPN11/android.widget.EditText - Apodo (1)'

2023-06-07 10:14:18 - [TEST_STEP][PASSED] - verifyElementText(findTestObject("Object Repository/Crear_cuenta/CPN11/android.widget.TextView - El apodo debe contener al menos un nmero"), "El apodo debe contener al menos un número"): Actual text and expected text of test object 'Object Repository/Crear_cuenta/CPN11/android.widget.TextView - El apodo debe contener al menos un nmero' are matched.

2023-06-07 10:14:18 - [MESSAGE][PASSED] - Actual text and expected text of test object 'Object Repository/Crear_cuenta/CPN11/android.widget.TextView - El apodo debe contener al menos un nmero' are matched.

2023-06-07 10:14:18 - [TEST_STEP][PASSED] - hideKeyboard(): Keyboard is hidden

2023-06-07 10:14:20 - [MESSAGE][PASSED] - Keyboard is hidden

2023-06-07 10:14:20 - [TEST_STEP][PASSED] - tap(findTestObject("Object Repository/Crear_cuenta/CPN11/android.widget.Button - Siguiente"), 0): Tapped on element 'Object Repository/Crear_cuenta/CPN11/android.widget.Button - Siguiente'

2023-06-07 10:14:20 - [MESSAGE][WARNING] - Timeout '0' is invalid. Using default page load timeout: '30'

2023-06-07 10:14:21 - [MESSAGE][PASSED] - Tapped on element 'Object Repository/Crear_cuenta/CPN11/android.widget.Button - Siguiente'

2023-06-07 10:14:21 - [TEST_STEP][PASSED] - clearText(findTestObject("Object Repository/Crear_cuenta/CPN11/android.widget.EditText - abcde"), 0): Element 'Object Repository/Crear_cuenta/CPN11/android.widget.EditText - abcde' text is cleared

2023-06-07 10:14:21 - [MESSAGE][WARNING] - Timeout '0' is invalid. Using default page load timeout: '30'

2023-06-07 10:14:21 - [MESSAGE][PASSED] - Element 'Object Repository/Crear_cuenta/CPN11/android.widget.EditText - abcde' text is cleared]]></system-out>
         <system-err><![CDATA[]]></system-err>
      </testcase>
      <testcase name="Test Cases/Crear cuenta/CPN12" time="4.672" classname="Test Cases/Crear cuenta/CPN12" status="PASSED">
         <system-out><![CDATA[2023-06-07 10:14:21 - [TEST_CASE][PASSED] - Test Cases/Crear cuenta/CPN12: Test Cases/Crear cuenta/CPN12

2023-06-07 10:14:21 - [TEST_STEP][PASSED] - setText(findTestObject("Object Repository/Crear_cuenta/CPN12/android.widget.EditText - Apodo"), "0123456789012345678901", 0): Text '0123456789012345678901' has been set to element 'Object Repository/Crear_cuenta/CPN12/android.widget.EditText - Apodo'

2023-06-07 10:14:21 - [MESSAGE][WARNING] - Timeout '0' is invalid. Using default page load timeout: '30'

2023-06-07 10:14:24 - [MESSAGE][PASSED] - Text '0123456789012345678901' has been set to element 'Object Repository/Crear_cuenta/CPN12/android.widget.EditText - Apodo'

2023-06-07 10:14:24 - [TEST_STEP][PASSED] - hideKeyboard(): Keyboard is hidden

2023-06-07 10:14:24 - [MESSAGE][PASSED] - Keyboard is hidden

2023-06-07 10:14:24 - [TEST_STEP][PASSED] - clearText(findTestObject("Object Repository/Crear_cuenta/CPN12/android.widget.EditText - 01234567890123456789"), 0): Element 'Object Repository/Crear_cuenta/CPN12/android.widget.EditText - 01234567890123456789' text is cleared

2023-06-07 10:14:24 - [MESSAGE][WARNING] - Timeout '0' is invalid. Using default page load timeout: '30'

2023-06-07 10:14:25 - [MESSAGE][PASSED] - Element 'Object Repository/Crear_cuenta/CPN12/android.widget.EditText - 01234567890123456789' text is cleared

2023-06-07 10:14:25 - [TEST_STEP][PASSED] - tap(findTestObject("Object Repository/Crear_cuenta/CPN12/android.widget.Button - Siguiente"), 0): Tapped on element 'Object Repository/Crear_cuenta/CPN12/android.widget.Button - Siguiente'

2023-06-07 10:14:25 - [MESSAGE][WARNING] - Timeout '0' is invalid. Using default page load timeout: '30'

2023-06-07 10:14:26 - [MESSAGE][PASSED] - Tapped on element 'Object Repository/Crear_cuenta/CPN12/android.widget.Button - Siguiente']]></system-out>
         <system-err><![CDATA[]]></system-err>
      </testcase>
      <testcase name="Test Cases/Crear cuenta/CPN13" time="6.939" classname="Test Cases/Crear cuenta/CPN13" status="PASSED">
         <system-out><![CDATA[2023-06-07 10:14:26 - [TEST_CASE][PASSED] - Test Cases/Crear cuenta/CPN13: Test Cases/Crear cuenta/CPN13

2023-06-07 10:14:26 - [TEST_STEP][PASSED] - tap(findTestObject("Object Repository/Crear_cuenta/CPN13/android.widget.EditText - Apodo"), 0): Tapped on element 'Object Repository/Crear_cuenta/CPN13/android.widget.EditText - Apodo'

2023-06-07 10:14:26 - [MESSAGE][WARNING] - Timeout '0' is invalid. Using default page load timeout: '30'

2023-06-07 10:14:27 - [MESSAGE][PASSED] - Tapped on element 'Object Repository/Crear_cuenta/CPN13/android.widget.EditText - Apodo'

2023-06-07 10:14:27 - [TEST_STEP][PASSED] - setText(findTestObject("Object Repository/Crear_cuenta/CPN13/android.widget.EditText - Apodo (1)"), "HO", 0): Text 'HO' has been set to element 'Object Repository/Crear_cuenta/CPN13/android.widget.EditText - Apodo (1)'

2023-06-07 10:14:27 - [MESSAGE][WARNING] - Timeout '0' is invalid. Using default page load timeout: '30'

2023-06-07 10:14:29 - [MESSAGE][PASSED] - Text 'HO' has been set to element 'Object Repository/Crear_cuenta/CPN13/android.widget.EditText - Apodo (1)'

2023-06-07 10:14:29 - [TEST_STEP][PASSED] - verifyElementText(findTestObject("Object Repository/Crear_cuenta/CPN13/android.widget.TextView - El Apodo debe contener mnimo 3 caracteres y 1 nmero"), "El Apodo debe contener mínimo 3 caracteres y 1 número"): Actual text and expected text of test object 'Object Repository/Crear_cuenta/CPN13/android.widget.TextView - El Apodo debe contener mnimo 3 caracteres y 1 nmero' are matched.

2023-06-07 10:14:30 - [MESSAGE][PASSED] - Actual text and expected text of test object 'Object Repository/Crear_cuenta/CPN13/android.widget.TextView - El Apodo debe contener mnimo 3 caracteres y 1 nmero' are matched.

2023-06-07 10:14:30 - [TEST_STEP][PASSED] - hideKeyboard(): Keyboard is hidden

2023-06-07 10:14:32 - [MESSAGE][PASSED] - Keyboard is hidden

2023-06-07 10:14:32 - [TEST_STEP][PASSED] - tap(findTestObject("Object Repository/Crear_cuenta/CPN13/android.widget.Button - Siguiente"), 0): Tapped on element 'Object Repository/Crear_cuenta/CPN13/android.widget.Button - Siguiente'

2023-06-07 10:14:32 - [MESSAGE][WARNING] - Timeout '0' is invalid. Using default page load timeout: '30'

2023-06-07 10:14:32 - [MESSAGE][PASSED] - Tapped on element 'Object Repository/Crear_cuenta/CPN13/android.widget.Button - Siguiente'

2023-06-07 10:14:32 - [TEST_STEP][PASSED] - clearText(findTestObject("Object Repository/Crear_cuenta/CPN13/android.widget.EditText - HO"), 0): Element 'Object Repository/Crear_cuenta/CPN13/android.widget.EditText - HO' text is cleared

2023-06-07 10:14:32 - [MESSAGE][WARNING] - Timeout '0' is invalid. Using default page load timeout: '30'

2023-06-07 10:14:33 - [MESSAGE][PASSED] - Element 'Object Repository/Crear_cuenta/CPN13/android.widget.EditText - HO' text is cleared]]></system-out>
         <system-err><![CDATA[]]></system-err>
      </testcase>
      <testcase name="Test Cases/Crear cuenta/CPN14" time="11.874" classname="Test Cases/Crear cuenta/CPN14" status="PASSED">
         <system-out><![CDATA[2023-06-07 10:14:33 - [TEST_CASE][PASSED] - Test Cases/Crear cuenta/CPN14: Test Cases/Crear cuenta/CPN14

2023-06-07 10:14:33 - [TEST_STEP][PASSED] - tap(findTestObject("Object Repository/Crear_cuenta/CPN14/android.widget.EditText - Nombre a mostrar (opcional)"), 0): Tapped on element 'Object Repository/Crear_cuenta/CPN14/android.widget.EditText - Nombre a mostrar (opcional)'

2023-06-07 10:14:33 - [MESSAGE][WARNING] - Timeout '0' is invalid. Using default page load timeout: '30'

2023-06-07 10:14:34 - [MESSAGE][PASSED] - Tapped on element 'Object Repository/Crear_cuenta/CPN14/android.widget.EditText - Nombre a mostrar (opcional)'

2023-06-07 10:14:34 - [TEST_STEP][PASSED] - setText(findTestObject("Object Repository/Crear_cuenta/CPN14/android.widget.EditText - Nombre a mostrar (opcional) (1)"), "Opcional", 0): Text 'Opcional' has been set to element 'Object Repository/Crear_cuenta/CPN14/android.widget.EditText - Nombre a mostrar (opcional) (1)'

2023-06-07 10:14:34 - [MESSAGE][WARNING] - Timeout '0' is invalid. Using default page load timeout: '30'

2023-06-07 10:14:36 - [MESSAGE][PASSED] - Text 'Opcional' has been set to element 'Object Repository/Crear_cuenta/CPN14/android.widget.EditText - Nombre a mostrar (opcional) (1)'

2023-06-07 10:14:36 - [TEST_STEP][PASSED] - hideKeyboard(): Keyboard is hidden

2023-06-07 10:14:38 - [MESSAGE][PASSED] - Keyboard is hidden

2023-06-07 10:14:38 - [TEST_STEP][PASSED] - tap(findTestObject("Object Repository/Crear_cuenta/CPN14/android.widget.Button - Siguiente"), 0): Tapped on element 'Object Repository/Crear_cuenta/CPN14/android.widget.Button - Siguiente'

2023-06-07 10:14:38 - [MESSAGE][WARNING] - Timeout '0' is invalid. Using default page load timeout: '30'

2023-06-07 10:14:38 - [MESSAGE][PASSED] - Tapped on element 'Object Repository/Crear_cuenta/CPN14/android.widget.Button - Siguiente'

2023-06-07 10:14:38 - [TEST_STEP][PASSED] - tap(findTestObject("Object Repository/Crear_cuenta/CPN14/android.widget.EditText - Apodo"), 0): Tapped on element 'Object Repository/Crear_cuenta/CPN14/android.widget.EditText - Apodo'

2023-06-07 10:14:38 - [MESSAGE][WARNING] - Timeout '0' is invalid. Using default page load timeout: '30'

2023-06-07 10:14:39 - [MESSAGE][PASSED] - Tapped on element 'Object Repository/Crear_cuenta/CPN14/android.widget.EditText - Apodo'

2023-06-07 10:14:39 - [TEST_STEP][PASSED] - setText(findTestObject("Crear_cuenta/CPN14/android.widget.EditText - Apodo (1)"), "angello16", 0): Text 'angello16' has been set to element 'Object Repository/Crear_cuenta/CPN14/android.widget.EditText - Apodo (1)'

2023-06-07 10:14:39 - [MESSAGE][WARNING] - Timeout '0' is invalid. Using default page load timeout: '30'

2023-06-07 10:14:42 - [MESSAGE][PASSED] - Text 'angello16' has been set to element 'Object Repository/Crear_cuenta/CPN14/android.widget.EditText - Apodo (1)'

2023-06-07 10:14:42 - [TEST_STEP][PASSED] - hideKeyboard(): Keyboard is hidden

2023-06-07 10:14:44 - [MESSAGE][PASSED] - Keyboard is hidden

2023-06-07 10:14:44 - [TEST_STEP][PASSED] - verifyElementText(findTestObject("Object Repository/Crear_cuenta/CPN14/android.widget.TextView - Apodo no disponible"), "Apodo no disponible"): Actual text and expected text of test object 'Object Repository/Crear_cuenta/CPN14/android.widget.TextView - Apodo no disponible' are matched.

2023-06-07 10:14:44 - [MESSAGE][PASSED] - Actual text and expected text of test object 'Object Repository/Crear_cuenta/CPN14/android.widget.TextView - Apodo no disponible' are matched.

2023-06-07 10:14:44 - [TEST_STEP][PASSED] - verifyElementVisible(findTestObject("Crear_cuenta/CPN14/android.widget.ImageButton"), 0): Element 'Object Repository/Crear_cuenta/CPN14/android.widget.ImageButton' is visible

2023-06-07 10:14:44 - [MESSAGE][WARNING] - Timeout '0' is invalid. Using default page load timeout: '30'

2023-06-07 10:14:44 - [MESSAGE][PASSED] - Element 'Object Repository/Crear_cuenta/CPN14/android.widget.ImageButton' is visible

2023-06-07 10:14:44 - [TEST_STEP][PASSED] - tap(findTestObject("Crear_cuenta/CPN14/android.widget.Button - Siguiente"), 0): Tapped on element 'Object Repository/Crear_cuenta/CPN14/android.widget.Button - Siguiente'

2023-06-07 10:14:44 - [MESSAGE][WARNING] - Timeout '0' is invalid. Using default page load timeout: '30'

2023-06-07 10:14:44 - [MESSAGE][PASSED] - Tapped on element 'Object Repository/Crear_cuenta/CPN14/android.widget.Button - Siguiente']]></system-out>
         <system-err><![CDATA[]]></system-err>
      </testcase>
      <testcase name="Test Cases/Crear cuenta/CPN15" time="7.897" classname="Test Cases/Crear cuenta/CPN15" status="PASSED">
         <system-out><![CDATA[2023-06-07 10:14:44 - [TEST_CASE][PASSED] - Test Cases/Crear cuenta/CPN15: Test Cases/Crear cuenta/CPN15

2023-06-07 10:14:45 - [TEST_STEP][PASSED] - clearText(findTestObject("Object Repository/Crear_cuenta/CPN15/android.widget.EditText - angello16"), 0): Element 'Object Repository/Crear_cuenta/CPN15/android.widget.EditText - angello16' text is cleared

2023-06-07 10:14:45 - [MESSAGE][WARNING] - Timeout '0' is invalid. Using default page load timeout: '30'

2023-06-07 10:14:45 - [MESSAGE][PASSED] - Element 'Object Repository/Crear_cuenta/CPN15/android.widget.EditText - angello16' text is cleared

2023-06-07 10:14:45 - [TEST_STEP][PASSED] - tap(findTestObject("Object Repository/Crear_cuenta/CPN15/android.widget.EditText - Apodo"), 0): Tapped on element 'Object Repository/Crear_cuenta/CPN15/android.widget.EditText - Apodo'

2023-06-07 10:14:45 - [MESSAGE][WARNING] - Timeout '0' is invalid. Using default page load timeout: '30'

2023-06-07 10:14:46 - [MESSAGE][PASSED] - Tapped on element 'Object Repository/Crear_cuenta/CPN15/android.widget.EditText - Apodo'

2023-06-07 10:14:46 - [TEST_STEP][PASSED] - setText(findTestObject("Object Repository/Crear_cuenta/CPN15/android.widget.EditText - P000"), "LIBRE02", 0): Text 'LIBRE02' has been set to element 'Object Repository/Crear_cuenta/CPN15/android.widget.EditText - P000'

2023-06-07 10:14:46 - [MESSAGE][WARNING] - Timeout '0' is invalid. Using default page load timeout: '30'

2023-06-07 10:14:49 - [MESSAGE][PASSED] - Text 'LIBRE02' has been set to element 'Object Repository/Crear_cuenta/CPN15/android.widget.EditText - P000'

2023-06-07 10:14:49 - [TEST_STEP][PASSED] - verifyElementText(findTestObject("Object Repository/Crear_cuenta/CPN15/android.widget.TextView - El apodo te servir para identificarse en NapoleoN Chat, no lo podrs cambiar despes"), "El apodo te servirá para identificarse en NapoleoN Chat, no lo podrás cambiar despúes"): Actual text and expected text of test object 'Object Repository/Crear_cuenta/CPN15/android.widget.TextView - El apodo te servir para identificarse en NapoleoN Chat, no lo podrs cambiar despes' are matched.

2023-06-07 10:14:50 - [MESSAGE][PASSED] - Actual text and expected text of test object 'Object Repository/Crear_cuenta/CPN15/android.widget.TextView - El apodo te servir para identificarse en NapoleoN Chat, no lo podrs cambiar despes' are matched.

2023-06-07 10:14:50 - [TEST_STEP][PASSED] - clearText(findTestObject("Object Repository/Crear_cuenta/CPN15/android.widget.EditText - Opcional"), 0): Element 'Object Repository/Crear_cuenta/CPN15/android.widget.EditText - Opcional' text is cleared

2023-06-07 10:14:50 - [MESSAGE][WARNING] - Timeout '0' is invalid. Using default page load timeout: '30'

2023-06-07 10:14:50 - [MESSAGE][PASSED] - Element 'Object Repository/Crear_cuenta/CPN15/android.widget.EditText - Opcional' text is cleared

2023-06-07 10:14:50 - [TEST_STEP][PASSED] - hideKeyboard(): Keyboard is hidden

2023-06-07 10:14:52 - [MESSAGE][PASSED] - Keyboard is hidden

2023-06-07 10:14:52 - [TEST_STEP][PASSED] - tap(findTestObject("Object Repository/Crear_cuenta/CPN15/android.widget.Button - Siguiente"), 0): Tapped on element 'Object Repository/Crear_cuenta/CPN15/android.widget.Button - Siguiente'

2023-06-07 10:14:52 - [MESSAGE][WARNING] - Timeout '0' is invalid. Using default page load timeout: '30'

2023-06-07 10:14:52 - [MESSAGE][PASSED] - Tapped on element 'Object Repository/Crear_cuenta/CPN15/android.widget.Button - Siguiente']]></system-out>
         <system-err><![CDATA[]]></system-err>
      </testcase>
      <testcase name="Test Cases/Crear cuenta/CPN16-17" time="9.239" classname="Test Cases/Crear cuenta/CPN16-17" status="PASSED">
         <system-out><![CDATA[2023-06-07 10:14:52 - [TEST_CASE][PASSED] - Test Cases/Crear cuenta/CPN16-17: Test Cases/Crear cuenta/CPN16-17

2023-06-07 10:14:52 - [TEST_STEP][PASSED] - tap(findTestObject("Object Repository/Crear_cuenta/CPN16-17/android.widget.EditText - Pin de Acceso"), 0): Tapped on element 'Object Repository/Crear_cuenta/CPN16-17/android.widget.EditText - Pin de Acceso'

2023-06-07 10:14:53 - [MESSAGE][WARNING] - Timeout '0' is invalid. Using default page load timeout: '30'

2023-06-07 10:14:54 - [MESSAGE][PASSED] - Tapped on element 'Object Repository/Crear_cuenta/CPN16-17/android.widget.EditText - Pin de Acceso'

2023-06-07 10:14:54 - [TEST_STEP][PASSED] - setText(findTestObject("Object Repository/Crear_cuenta/CPN16-17/android.widget.EditText - Pin de Acceso (1)"), "00000", 0): Text '00000' has been set to element 'Object Repository/Crear_cuenta/CPN16-17/android.widget.EditText - Pin de Acceso (1)'

2023-06-07 10:14:54 - [MESSAGE][WARNING] - Timeout '0' is invalid. Using default page load timeout: '30'

2023-06-07 10:14:57 - [MESSAGE][PASSED] - Text '00000' has been set to element 'Object Repository/Crear_cuenta/CPN16-17/android.widget.EditText - Pin de Acceso (1)'

2023-06-07 10:14:57 - [TEST_STEP][PASSED] - setText(findTestObject("Object Repository/Crear_cuenta/CPN16-17/android.widget.EditText - Confirmar nuevo pin de acceso"), "1234", 0): Text '1234' has been set to element 'Object Repository/Crear_cuenta/CPN16-17/android.widget.EditText - Confirmar nuevo pin de acceso'

2023-06-07 10:14:57 - [MESSAGE][WARNING] - Timeout '0' is invalid. Using default page load timeout: '30'

2023-06-07 10:14:59 - [MESSAGE][PASSED] - Text '1234' has been set to element 'Object Repository/Crear_cuenta/CPN16-17/android.widget.EditText - Confirmar nuevo pin de acceso'

2023-06-07 10:14:59 - [TEST_STEP][PASSED] - hideKeyboard(): Keyboard is hidden

2023-06-07 10:15:01 - [MESSAGE][PASSED] - Keyboard is hidden

2023-06-07 10:15:01 - [TEST_STEP][PASSED] - verifyElementText(findTestObject("Object Repository/Crear_cuenta/CPN16-17/android.widget.TextView - El pin de acceso no coincide"), "El pin de acceso no coincide"): Actual text and expected text of test object 'Object Repository/Crear_cuenta/CPN16-17/android.widget.TextView - El pin de acceso no coincide' are matched.

2023-06-07 10:15:01 - [MESSAGE][PASSED] - Actual text and expected text of test object 'Object Repository/Crear_cuenta/CPN16-17/android.widget.TextView - El pin de acceso no coincide' are matched.

2023-06-07 10:15:01 - [TEST_STEP][PASSED] - verifyElementText(findTestObject("Object Repository/Crear_cuenta/CPN16-17/android.widget.TextView - El pin de acceso no coincide (1)"), "El pin de acceso no coincide"): Actual text and expected text of test object 'Object Repository/Crear_cuenta/CPN16-17/android.widget.TextView - El pin de acceso no coincide (1)' are matched.

2023-06-07 10:15:02 - [MESSAGE][PASSED] - Actual text and expected text of test object 'Object Repository/Crear_cuenta/CPN16-17/android.widget.TextView - El pin de acceso no coincide (1)' are matched.]]></system-out>
         <system-err><![CDATA[]]></system-err>
      </testcase>
      <testcase name="Test Cases/Crear cuenta/CPN18-19" time="17.154" classname="Test Cases/Crear cuenta/CPN18-19" status="PASSED">
         <system-out><![CDATA[2023-06-07 10:15:02 - [TEST_CASE][PASSED] - Test Cases/Crear cuenta/CPN18-19: Test Cases/Crear cuenta/CPN18-19

2023-06-07 10:15:02 - [TEST_STEP][PASSED] - tap(findTestObject("Object Repository/Crear_cuenta/CPN18-19/android.widget.EditText - 0000"), 0): Tapped on element 'Object Repository/Crear_cuenta/CPN18-19/android.widget.EditText - 0000'

2023-06-07 10:15:02 - [MESSAGE][WARNING] - Timeout '0' is invalid. Using default page load timeout: '30'

2023-06-07 10:15:02 - [MESSAGE][PASSED] - Tapped on element 'Object Repository/Crear_cuenta/CPN18-19/android.widget.EditText - 0000'

2023-06-07 10:15:02 - [TEST_STEP][PASSED] - clearText(findTestObject("Object Repository/Crear_cuenta/CPN18-19/android.widget.EditText - 0000 (1)"), 0): Element 'Object Repository/Crear_cuenta/CPN18-19/android.widget.EditText - 0000 (1)' text is cleared

2023-06-07 10:15:02 - [MESSAGE][WARNING] - Timeout '0' is invalid. Using default page load timeout: '30'

2023-06-07 10:15:03 - [MESSAGE][PASSED] - Element 'Object Repository/Crear_cuenta/CPN18-19/android.widget.EditText - 0000 (1)' text is cleared

2023-06-07 10:15:03 - [TEST_STEP][PASSED] - clearText(findTestObject("Object Repository/Crear_cuenta/CPN18-19/android.widget.EditText - 1234"), 0): Element 'Object Repository/Crear_cuenta/CPN18-19/android.widget.EditText - 1234' text is cleared

2023-06-07 10:15:03 - [MESSAGE][WARNING] - Timeout '0' is invalid. Using default page load timeout: '30'

2023-06-07 10:15:04 - [MESSAGE][PASSED] - Element 'Object Repository/Crear_cuenta/CPN18-19/android.widget.EditText - 1234' text is cleared

2023-06-07 10:15:04 - [TEST_STEP][PASSED] - setText(findTestObject("Object Repository/Crear_cuenta/CPN18-19/android.widget.EditText - Pin de Acceso"), "0000", 0): Text '0000' has been set to element 'Object Repository/Crear_cuenta/CPN18-19/android.widget.EditText - Pin de Acceso'

2023-06-07 10:15:04 - [MESSAGE][WARNING] - Timeout '0' is invalid. Using default page load timeout: '30'

2023-06-07 10:15:07 - [MESSAGE][PASSED] - Text '0000' has been set to element 'Object Repository/Crear_cuenta/CPN18-19/android.widget.EditText - Pin de Acceso'

2023-06-07 10:15:07 - [TEST_STEP][PASSED] - setText(findTestObject("Object Repository/Crear_cuenta/CPN18-19/android.widget.EditText - Confirmar nuevo pin de acceso"), "1111", 0): Text '1111' has been set to element 'Object Repository/Crear_cuenta/CPN18-19/android.widget.EditText - Confirmar nuevo pin de acceso'

2023-06-07 10:15:07 - [MESSAGE][WARNING] - Timeout '0' is invalid. Using default page load timeout: '30'

2023-06-07 10:15:10 - [MESSAGE][PASSED] - Text '1111' has been set to element 'Object Repository/Crear_cuenta/CPN18-19/android.widget.EditText - Confirmar nuevo pin de acceso'

2023-06-07 10:15:10 - [TEST_STEP][PASSED] - clearText(findTestObject("Object Repository/Crear_cuenta/CPN18-19/android.widget.EditText - 1111"), 0): Element 'Object Repository/Crear_cuenta/CPN18-19/android.widget.EditText - 1111' text is cleared

2023-06-07 10:15:10 - [MESSAGE][WARNING] - Timeout '0' is invalid. Using default page load timeout: '30'

2023-06-07 10:15:11 - [MESSAGE][PASSED] - Element 'Object Repository/Crear_cuenta/CPN18-19/android.widget.EditText - 1111' text is cleared

2023-06-07 10:15:11 - [TEST_STEP][PASSED] - setText(findTestObject("Crear_cuenta/CPN18-19/android.widget.EditText - Confirmar nuevo pin de acceso"), "0000", 0): Text '0000' has been set to element 'Object Repository/Crear_cuenta/CPN18-19/android.widget.EditText - Confirmar nuevo pin de acceso'

2023-06-07 10:15:11 - [MESSAGE][WARNING] - Timeout '0' is invalid. Using default page load timeout: '30'

2023-06-07 10:15:13 - [MESSAGE][PASSED] - Text '0000' has been set to element 'Object Repository/Crear_cuenta/CPN18-19/android.widget.EditText - Confirmar nuevo pin de acceso'

2023-06-07 10:15:13 - [TEST_STEP][PASSED] - hideKeyboard(): Keyboard is hidden

2023-06-07 10:15:15 - [MESSAGE][PASSED] - Keyboard is hidden

2023-06-07 10:15:15 - [TEST_STEP][PASSED] - tap(findTestObject("Object Repository/Crear_cuenta/CPN18-19/android.widget.Button - Crear Cuenta"), 0): Tapped on element 'Object Repository/Crear_cuenta/CPN18-19/android.widget.Button - Crear Cuenta'

2023-06-07 10:15:15 - [MESSAGE][WARNING] - Timeout '0' is invalid. Using default page load timeout: '30'

2023-06-07 10:15:15 - [MESSAGE][PASSED] - Tapped on element 'Object Repository/Crear_cuenta/CPN18-19/android.widget.Button - Crear Cuenta'

2023-06-07 10:15:15 - [TEST_STEP][PASSED] - verifyElementExist(findTestObject("Object Repository/Crear_cuenta/CPN18-19/android.widget.TextView - NapoleoN"), 0): Element 'Object Repository/Crear_cuenta/CPN18-19/android.widget.TextView - NapoleoN' is exist

2023-06-07 10:15:15 - [MESSAGE][WARNING] - Timeout '0' is invalid. Using default page load timeout: '30'

2023-06-07 10:15:19 - [MESSAGE][PASSED] - Element 'Object Repository/Crear_cuenta/CPN18-19/android.widget.TextView - NapoleoN' is exist]]></system-out>
         <system-err><![CDATA[]]></system-err>
      </testcase>
      <testcase name="Test Cases/agregar" time="78.093" classname="Test Cases/agregar" status="PASSED">
         <system-out><![CDATA[2023-06-07 10:15:19 - [TEST_CASE][PASSED] - Test Cases/agregar: Test Cases/agregar

2023-06-07 10:15:19 - [TEST_STEP][PASSED] - delay(2, STOP_ON_FAILURE): Delayed 2 second(s)

2023-06-07 10:15:21 - [MESSAGE][PASSED] - Delayed 2 second(s)

2023-06-07 10:15:21 - [TEST_STEP][PASSED] - tap(findTestObject("Object Repository/agregar/android.widget.ImageView"), 0): Tapped on element 'Object Repository/agregar/android.widget.ImageView'

2023-06-07 10:15:21 - [MESSAGE][WARNING] - Timeout '0' is invalid. Using default page load timeout: '30'

2023-06-07 10:15:23 - [MESSAGE][PASSED] - Tapped on element 'Object Repository/agregar/android.widget.ImageView'

2023-06-07 10:15:23 - [TEST_STEP][PASSED] - tap(findTestObject("Object Repository/agregar/android.widget.Button - Agregar contactos"), 0): Tapped on element 'Object Repository/agregar/android.widget.Button - Agregar contactos'

2023-06-07 10:15:23 - [MESSAGE][WARNING] - Timeout '0' is invalid. Using default page load timeout: '30'

2023-06-07 10:15:24 - [MESSAGE][PASSED] - Tapped on element 'Object Repository/agregar/android.widget.Button - Agregar contactos'

2023-06-07 10:15:24 - [TEST_STEP][PASSED] - setText(findTestObject("Object Repository/agregar/android.widget.EditText - Busca por apodo"), "prueba2134", 0): Text 'prueba2134' has been set to element 'Object Repository/agregar/android.widget.EditText - Busca por apodo'

2023-06-07 10:15:24 - [MESSAGE][WARNING] - Timeout '0' is invalid. Using default page load timeout: '30'

2023-06-07 10:15:27 - [MESSAGE][PASSED] - Text 'prueba2134' has been set to element 'Object Repository/agregar/android.widget.EditText - Busca por apodo'

2023-06-07 10:15:27 - [TEST_STEP][PASSED] - tap(findTestObject("Object Repository/agregar/android.widget.Button - AGREGAR"), 0): Tapped on element 'Object Repository/agregar/android.widget.Button - AGREGAR'

2023-06-07 10:15:27 - [MESSAGE][WARNING] - Timeout '0' is invalid. Using default page load timeout: '30'

2023-06-07 10:15:28 - [MESSAGE][PASSED] - Tapped on element 'Object Repository/agregar/android.widget.Button - AGREGAR'

2023-06-07 10:15:28 - [TEST_STEP][PASSED] - delay(3, STOP_ON_FAILURE): Delayed 3 second(s)

2023-06-07 10:15:31 - [MESSAGE][PASSED] - Delayed 3 second(s)

2023-06-07 10:15:31 - [TEST_STEP][PASSED] - tap(findTestObject("Object Repository/agregar/android.widget.TextView"), 0): Tapped on element 'Object Repository/agregar/android.widget.TextView'

2023-06-07 10:15:31 - [MESSAGE][WARNING] - Timeout '0' is invalid. Using default page load timeout: '30'

2023-06-07 10:15:32 - [MESSAGE][PASSED] - Tapped on element 'Object Repository/agregar/android.widget.TextView'

2023-06-07 10:15:32 - [TEST_STEP][PASSED] - tap(findTestObject("agregar/android.widget.ImageButton"), 0): Tapped on element 'Object Repository/agregar/android.widget.ImageButton'

2023-06-07 10:15:32 - [MESSAGE][WARNING] - Timeout '0' is invalid. Using default page load timeout: '30'

2023-06-07 10:15:33 - [MESSAGE][PASSED] - Tapped on element 'Object Repository/agregar/android.widget.ImageButton'

2023-06-07 10:15:33 - [TEST_STEP][PASSED] - tap(findTestObject("Object Repository/agregar/android.view.ViewGroup"), 0): Tapped on element 'Object Repository/agregar/android.view.ViewGroup'

2023-06-07 10:15:33 - [MESSAGE][WARNING] - Timeout '0' is invalid. Using default page load timeout: '30'

2023-06-07 10:15:34 - [MESSAGE][PASSED] - Tapped on element 'Object Repository/agregar/android.view.ViewGroup'

2023-06-07 10:15:34 - [TEST_STEP][PASSED] - tap(findTestObject("Object Repository/agregar/android.widget.ImageButton (1)"), 0): Tapped on element 'Object Repository/agregar/android.widget.ImageButton (1)'

2023-06-07 10:15:34 - [MESSAGE][WARNING] - Timeout '0' is invalid. Using default page load timeout: '30'

2023-06-07 10:16:27 - [MESSAGE][PASSED] - Tapped on element 'Object Repository/agregar/android.widget.ImageButton (1)'

2023-06-07 10:16:27 - [TEST_STEP][PASSED] - tap(findTestObject("Object Repository/agregar/android.widget.FrameLayout"), 0): Tapped on element 'Object Repository/agregar/android.widget.FrameLayout'

2023-06-07 10:16:27 - [MESSAGE][WARNING] - Timeout '0' is invalid. Using default page load timeout: '30'

2023-06-07 10:16:28 - [MESSAGE][PASSED] - Tapped on element 'Object Repository/agregar/android.widget.FrameLayout'

2023-06-07 10:16:28 - [TEST_STEP][PASSED] - tapAndHold(findTestObject("Object Repository/agregar/android.view.ViewGroup (1)"), 1, 3): Tapped and held on element 'Object Repository/agregar/android.view.ViewGroup (1)' with duration 1

2023-06-07 10:16:32 - [MESSAGE][PASSED] - Tapped and held on element 'Object Repository/agregar/android.view.ViewGroup (1)' with duration 1

2023-06-07 10:16:32 - [TEST_STEP][PASSED] - tap(findTestObject("Object Repository/agregar/android.widget.LinearLayout"), 0): Tapped on element 'Object Repository/agregar/android.widget.LinearLayout'

2023-06-07 10:16:32 - [MESSAGE][WARNING] - Timeout '0' is invalid. Using default page load timeout: '30'

2023-06-07 10:16:33 - [MESSAGE][PASSED] - Tapped on element 'Object Repository/agregar/android.widget.LinearLayout'

2023-06-07 10:16:33 - [TEST_STEP][PASSED] - delay(2, STOP_ON_FAILURE): Delayed 2 second(s)

2023-06-07 10:16:35 - [MESSAGE][PASSED] - Delayed 2 second(s)

2023-06-07 10:16:35 - [TEST_STEP][PASSED] - tap(findTestObject("Object Repository/agregar/android.widget.Button - Aceptar"), 0): Tapped on element 'Object Repository/agregar/android.widget.Button - Aceptar'

2023-06-07 10:16:35 - [MESSAGE][WARNING] - Timeout '0' is invalid. Using default page load timeout: '30'

2023-06-07 10:16:35 - [MESSAGE][PASSED] - Tapped on element 'Object Repository/agregar/android.widget.Button - Aceptar'

2023-06-07 10:16:35 - [TEST_STEP][PASSED] - tap(findTestObject("Object Repository/agregar/android.widget.FrameLayout (1)"), 0): Tapped on element 'Object Repository/agregar/android.widget.FrameLayout (1)'

2023-06-07 10:16:35 - [MESSAGE][WARNING] - Timeout '0' is invalid. Using default page load timeout: '30'

2023-06-07 10:16:36 - [MESSAGE][PASSED] - Tapped on element 'Object Repository/agregar/android.widget.FrameLayout (1)'

2023-06-07 10:16:36 - [TEST_STEP][PASSED] - tap(findTestObject("agregar/android.view.ViewGroup"), 0): Tapped on element 'Object Repository/agregar/android.view.ViewGroup'

2023-06-07 10:16:36 - [MESSAGE][WARNING] - Timeout '0' is invalid. Using default page load timeout: '30'

2023-06-07 10:16:37 - [MESSAGE][PASSED] - Tapped on element 'Object Repository/agregar/android.view.ViewGroup']]></system-out>
         <system-err><![CDATA[]]></system-err>
      </testcase>
      <testcase name="Test Cases/EnvioMensajes/CPN40" time="20.062" classname="Test Cases/EnvioMensajes/CPN40" status="PASSED">
         <system-out><![CDATA[2023-06-07 10:16:37 - [TEST_CASE][PASSED] - Test Cases/EnvioMensajes/CPN40: Test Cases/EnvioMensajes/CPN40

2023-06-07 10:16:37 - [TEST_STEP][PASSED] - tap(findTestObject("CPN40/android.widget.FrameLayout"), 0): Tapped on element 'Object Repository/CPN40/android.widget.FrameLayout'

2023-06-07 10:16:37 - [MESSAGE][WARNING] - Timeout '0' is invalid. Using default page load timeout: '30'

2023-06-07 10:16:38 - [MESSAGE][PASSED] - Tapped on element 'Object Repository/CPN40/android.widget.FrameLayout'

2023-06-07 10:16:38 - [TEST_STEP][PASSED] - tap(findTestObject("Object Repository/CPN40/android.widget.RadioButton - 1 minuto"), 0): Tapped on element 'Object Repository/CPN40/android.widget.RadioButton - 1 minuto'

2023-06-07 10:16:38 - [MESSAGE][WARNING] - Timeout '0' is invalid. Using default page load timeout: '30'

2023-06-07 10:16:39 - [MESSAGE][PASSED] - Tapped on element 'Object Repository/CPN40/android.widget.RadioButton - 1 minuto'

2023-06-07 10:16:39 - [TEST_STEP][PASSED] - tap(findTestObject("Object Repository/CPN40/android.widget.Button - Aceptar"), 0): Tapped on element 'Object Repository/CPN40/android.widget.Button - Aceptar'

2023-06-07 10:16:39 - [MESSAGE][WARNING] - Timeout '0' is invalid. Using default page load timeout: '30'

2023-06-07 10:16:40 - [MESSAGE][PASSED] - Tapped on element 'Object Repository/CPN40/android.widget.Button - Aceptar'

2023-06-07 10:16:40 - [TEST_STEP][PASSED] - tap(findTestObject("Object Repository/CPN40/android.widget.EditText - Escribir mensaje"), 0): Tapped on element 'Object Repository/CPN40/android.widget.EditText - Escribir mensaje'

2023-06-07 10:16:40 - [MESSAGE][WARNING] - Timeout '0' is invalid. Using default page load timeout: '30'

2023-06-07 10:16:42 - [MESSAGE][PASSED] - Tapped on element 'Object Repository/CPN40/android.widget.EditText - Escribir mensaje'

2023-06-07 10:16:42 - [TEST_STEP][PASSED] - setText(findTestObject("Object Repository/CPN40/android.widget.EditText - Escribir mensaje (1)"), "mensaje1", 0): Text 'mensaje1' has been set to element 'Object Repository/CPN40/android.widget.EditText - Escribir mensaje (1)'

2023-06-07 10:16:42 - [MESSAGE][WARNING] - Timeout '0' is invalid. Using default page load timeout: '30'

2023-06-07 10:16:43 - [MESSAGE][PASSED] - Text 'mensaje1' has been set to element 'Object Repository/CPN40/android.widget.EditText - Escribir mensaje (1)'

2023-06-07 10:16:43 - [TEST_STEP][PASSED] - tap(findTestObject("Object Repository/CPN40/android.widget.ImageButton"), 0): Tapped on element 'Object Repository/CPN40/android.widget.ImageButton'

2023-06-07 10:16:43 - [MESSAGE][WARNING] - Timeout '0' is invalid. Using default page load timeout: '30'

2023-06-07 10:16:44 - [MESSAGE][PASSED] - Tapped on element 'Object Repository/CPN40/android.widget.ImageButton'

2023-06-07 10:16:44 - [TEST_STEP][PASSED] - setText(findTestObject("CPN40/android.widget.EditText - Escribir mensaje (1)"), "mensaje2", 0): Text 'mensaje2' has been set to element 'Object Repository/CPN40/android.widget.EditText - Escribir mensaje (1)'

2023-06-07 10:16:44 - [MESSAGE][WARNING] - Timeout '0' is invalid. Using default page load timeout: '30'

2023-06-07 10:16:47 - [MESSAGE][PASSED] - Text 'mensaje2' has been set to element 'Object Repository/CPN40/android.widget.EditText - Escribir mensaje (1)'

2023-06-07 10:16:47 - [TEST_STEP][PASSED] - tap(findTestObject("CPN40/android.widget.ImageButton"), 0): Tapped on element 'Object Repository/CPN40/android.widget.ImageButton'

2023-06-07 10:16:47 - [MESSAGE][WARNING] - Timeout '0' is invalid. Using default page load timeout: '30'

2023-06-07 10:16:48 - [MESSAGE][PASSED] - Tapped on element 'Object Repository/CPN40/android.widget.ImageButton'

2023-06-07 10:16:48 - [TEST_STEP][PASSED] - setText(findTestObject("CPN40/android.widget.EditText - Escribir mensaje (1)"), "mensaje3", 0): Text 'mensaje3' has been set to element 'Object Repository/CPN40/android.widget.EditText - Escribir mensaje (1)'

2023-06-07 10:16:48 - [MESSAGE][WARNING] - Timeout '0' is invalid. Using default page load timeout: '30'

2023-06-07 10:16:50 - [MESSAGE][PASSED] - Text 'mensaje3' has been set to element 'Object Repository/CPN40/android.widget.EditText - Escribir mensaje (1)'

2023-06-07 10:16:50 - [TEST_STEP][PASSED] - tap(findTestObject("CPN40/android.widget.ImageButton"), 0): Tapped on element 'Object Repository/CPN40/android.widget.ImageButton'

2023-06-07 10:16:50 - [MESSAGE][WARNING] - Timeout '0' is invalid. Using default page load timeout: '30'

2023-06-07 10:16:51 - [MESSAGE][PASSED] - Tapped on element 'Object Repository/CPN40/android.widget.ImageButton'

2023-06-07 10:16:51 - [TEST_STEP][PASSED] - setText(findTestObject("CPN40/android.widget.EditText - Escribir mensaje (1)"), "mensaje4", 0): Text 'mensaje4' has been set to element 'Object Repository/CPN40/android.widget.EditText - Escribir mensaje (1)'

2023-06-07 10:16:51 - [MESSAGE][WARNING] - Timeout '0' is invalid. Using default page load timeout: '30'

2023-06-07 10:16:54 - [MESSAGE][PASSED] - Text 'mensaje4' has been set to element 'Object Repository/CPN40/android.widget.EditText - Escribir mensaje (1)'

2023-06-07 10:16:54 - [TEST_STEP][PASSED] - tap(findTestObject("CPN40/android.widget.ImageButton"), 0): Tapped on element 'Object Repository/CPN40/android.widget.ImageButton'

2023-06-07 10:16:54 - [MESSAGE][WARNING] - Timeout '0' is invalid. Using default page load timeout: '30'

2023-06-07 10:16:54 - [MESSAGE][PASSED] - Tapped on element 'Object Repository/CPN40/android.widget.ImageButton'

2023-06-07 10:16:54 - [TEST_STEP][PASSED] - tap(findTestObject("Object Repository/CPN40/android.widget.ImageButton (1)"), 0): Tapped on element 'Object Repository/CPN40/android.widget.ImageButton (1)'

2023-06-07 10:16:55 - [MESSAGE][WARNING] - Timeout '0' is invalid. Using default page load timeout: '30'

2023-06-07 10:16:57 - [MESSAGE][PASSED] - Tapped on element 'Object Repository/CPN40/android.widget.ImageButton (1)']]></system-out>
         <system-err><![CDATA[]]></system-err>
      </testcase>
      <testcase name="Test Cases/EnvioMensajes/CPN76" time="31.874" classname="Test Cases/EnvioMensajes/CPN76" status="PASSED">
         <system-out><![CDATA[2023-06-07 10:16:57 - [TEST_CASE][PASSED] - Test Cases/EnvioMensajes/CPN76: Test Cases/EnvioMensajes/CPN76

2023-06-07 10:16:57 - [TEST_STEP][PASSED] - tap(findTestObject("Object Repository/CPN76/android.widget.FrameLayout"), 0): Tapped on element 'Object Repository/CPN76/android.widget.FrameLayout'

2023-06-07 10:16:57 - [MESSAGE][WARNING] - Timeout '0' is invalid. Using default page load timeout: '30'

2023-06-07 10:16:59 - [MESSAGE][PASSED] - Tapped on element 'Object Repository/CPN76/android.widget.FrameLayout'

2023-06-07 10:16:59 - [TEST_STEP][PASSED] - tap(findTestObject("CPN76/android.view.ViewGroup"), 0): Tapped on element 'Object Repository/CPN76/android.view.ViewGroup'

2023-06-07 10:16:59 - [MESSAGE][WARNING] - Timeout '0' is invalid. Using default page load timeout: '30'

2023-06-07 10:16:59 - [MESSAGE][PASSED] - Tapped on element 'Object Repository/CPN76/android.view.ViewGroup'

2023-06-07 10:16:59 - [TEST_STEP][PASSED] - tapAndHold(findTestObject("CPN76/android.widget.ImageButton"), 8, 0): Tapped and held on element 'Object Repository/CPN76/android.widget.ImageButton' with duration 8

2023-06-07 10:16:59 - [MESSAGE][WARNING] - Timeout '0' is invalid. Using default page load timeout: '30'

2023-06-07 10:17:11 - [MESSAGE][PASSED] - Tapped and held on element 'Object Repository/CPN76/android.widget.ImageButton' with duration 8

2023-06-07 10:17:11 - [TEST_STEP][PASSED] - tapAndHold(findTestObject("CPN76/android.widget.ImageButton"), 15, 0): Tapped and held on element 'Object Repository/CPN76/android.widget.ImageButton' with duration 15

2023-06-07 10:17:11 - [MESSAGE][WARNING] - Timeout '0' is invalid. Using default page load timeout: '30'

2023-06-07 10:17:28 - [MESSAGE][PASSED] - Tapped and held on element 'Object Repository/CPN76/android.widget.ImageButton' with duration 15

2023-06-07 10:17:28 - [TEST_STEP][PASSED] - tap(findTestObject("CPN76/android.widget.ImageButton (1)"), 0): Tapped on element 'Object Repository/CPN76/android.widget.ImageButton (1)'

2023-06-07 10:17:28 - [MESSAGE][WARNING] - Timeout '0' is invalid. Using default page load timeout: '30'

2023-06-07 10:17:29 - [MESSAGE][PASSED] - Tapped on element 'Object Repository/CPN76/android.widget.ImageButton (1)']]></system-out>
         <system-err><![CDATA[]]></system-err>
      </testcase>
      <testcase name="Test Cases/EnvioMensajes/CPN85" time="35.017" classname="Test Cases/EnvioMensajes/CPN85" status="PASSED">
         <system-out><![CDATA[2023-06-07 10:17:29 - [TEST_CASE][PASSED] - Test Cases/EnvioMensajes/CPN85: Test Cases/EnvioMensajes/CPN85

2023-06-07 10:17:29 - [TEST_STEP][PASSED] - tap(findTestObject("Object Repository/CPN85/android.view.ViewGroup"), 0): Tapped on element 'Object Repository/CPN85/android.view.ViewGroup'

2023-06-07 10:17:29 - [MESSAGE][WARNING] - Timeout '0' is invalid. Using default page load timeout: '30'

2023-06-07 10:17:30 - [MESSAGE][PASSED] - Tapped on element 'Object Repository/CPN85/android.view.ViewGroup'

2023-06-07 10:17:30 - [TEST_STEP][PASSED] - tap(findTestObject("Object Repository/CPN85/android.widget.ImageButton"), 0): Tapped on element 'Object Repository/CPN85/android.widget.ImageButton'

2023-06-07 10:17:31 - [MESSAGE][WARNING] - Timeout '0' is invalid. Using default page load timeout: '30'

2023-06-07 10:17:32 - [MESSAGE][PASSED] - Tapped on element 'Object Repository/CPN85/android.widget.ImageButton'

2023-06-07 10:17:32 - [TEST_STEP][PASSED] - tap(findTestObject("Object Repository/CPN85/android.widget.SeekBar - 0.0"), 0): Tapped on element 'Object Repository/CPN85/android.widget.SeekBar - 0.0'

2023-06-07 10:17:32 - [MESSAGE][WARNING] - Timeout '0' is invalid. Using default page load timeout: '30'

2023-06-07 10:17:34 - [MESSAGE][PASSED] - Tapped on element 'Object Repository/CPN85/android.widget.SeekBar - 0.0'

2023-06-07 10:17:34 - [TEST_STEP][PASSED] - tap(findTestObject("Object Repository/CPN85/android.widget.ImageButton (1)"), 0): Tapped on element 'Object Repository/CPN85/android.widget.ImageButton (1)'

2023-06-07 10:17:34 - [MESSAGE][WARNING] - Timeout '0' is invalid. Using default page load timeout: '30'

2023-06-07 10:17:34 - [MESSAGE][PASSED] - Tapped on element 'Object Repository/CPN85/android.widget.ImageButton (1)'

2023-06-07 10:17:34 - [TEST_STEP][PASSED] - tap(findTestObject("Object Repository/CPN85/android.widget.ImageButton (2)"), 0): Tapped on element 'Object Repository/CPN85/android.widget.ImageButton (2)'

2023-06-07 10:17:34 - [MESSAGE][WARNING] - Timeout '0' is invalid. Using default page load timeout: '30'

2023-06-07 10:17:37 - [MESSAGE][PASSED] - Tapped on element 'Object Repository/CPN85/android.widget.ImageButton (2)'

2023-06-07 10:17:37 - [TEST_STEP][PASSED] - tap(findTestObject("CPN85/android.widget.ImageButton"), 0): Tapped on element 'Object Repository/CPN85/android.widget.ImageButton'

2023-06-07 10:17:37 - [MESSAGE][WARNING] - Timeout '0' is invalid. Using default page load timeout: '30'

2023-06-07 10:17:39 - [MESSAGE][PASSED] - Tapped on element 'Object Repository/CPN85/android.widget.ImageButton'

2023-06-07 10:17:39 - [TEST_STEP][PASSED] - tap(findTestObject("Object Repository/CPN85/android.widget.ImageButton (3)"), 0): Tapped on element 'Object Repository/CPN85/android.widget.ImageButton (3)'

2023-06-07 10:17:39 - [MESSAGE][WARNING] - Timeout '0' is invalid. Using default page load timeout: '30'

2023-06-07 10:17:41 - [MESSAGE][PASSED] - Tapped on element 'Object Repository/CPN85/android.widget.ImageButton (3)'

2023-06-07 10:17:41 - [TEST_STEP][PASSED] - tap(findTestObject("CPN85/android.widget.SeekBar - 0.0"), 0): Tapped on element 'Object Repository/CPN85/android.widget.SeekBar - 0.0'

2023-06-07 10:17:41 - [MESSAGE][WARNING] - Timeout '0' is invalid. Using default page load timeout: '30'

2023-06-07 10:17:41 - [MESSAGE][PASSED] - Tapped on element 'Object Repository/CPN85/android.widget.SeekBar - 0.0'

2023-06-07 10:17:41 - [TEST_STEP][PASSED] - tap(findTestObject("CPN85/android.widget.ImageButton (1)"), 0): Tapped on element 'Object Repository/CPN85/android.widget.ImageButton (1)'

2023-06-07 10:17:41 - [MESSAGE][WARNING] - Timeout '0' is invalid. Using default page load timeout: '30'

2023-06-07 10:17:42 - [MESSAGE][PASSED] - Tapped on element 'Object Repository/CPN85/android.widget.ImageButton (1)'

2023-06-07 10:17:42 - [TEST_STEP][PASSED] - tap(findTestObject("CPN85/android.widget.ImageButton (2)"), 0): Tapped on element 'Object Repository/CPN85/android.widget.ImageButton (2)'

2023-06-07 10:17:42 - [MESSAGE][WARNING] - Timeout '0' is invalid. Using default page load timeout: '30'

2023-06-07 10:17:45 - [MESSAGE][PASSED] - Tapped on element 'Object Repository/CPN85/android.widget.ImageButton (2)'

2023-06-07 10:17:45 - [TEST_STEP][PASSED] - tap(findTestObject("CPN85/android.widget.ImageButton"), 0): Tapped on element 'Object Repository/CPN85/android.widget.ImageButton'

2023-06-07 10:17:45 - [MESSAGE][WARNING] - Timeout '0' is invalid. Using default page load timeout: '30'

2023-06-07 10:17:46 - [MESSAGE][PASSED] - Tapped on element 'Object Repository/CPN85/android.widget.ImageButton'

2023-06-07 10:17:46 - [TEST_STEP][PASSED] - tap(findTestObject("Object Repository/CPN85/android.widget.ImageButton (4)"), 0): Tapped on element 'Object Repository/CPN85/android.widget.ImageButton (4)'

2023-06-07 10:17:46 - [MESSAGE][WARNING] - Timeout '0' is invalid. Using default page load timeout: '30'

2023-06-07 10:17:48 - [MESSAGE][PASSED] - Tapped on element 'Object Repository/CPN85/android.widget.ImageButton (4)'

2023-06-07 10:17:48 - [TEST_STEP][PASSED] - tap(findTestObject("CPN85/android.widget.ImageButton (1)"), 0): Tapped on element 'Object Repository/CPN85/android.widget.ImageButton (1)'

2023-06-07 10:17:48 - [MESSAGE][WARNING] - Timeout '0' is invalid. Using default page load timeout: '30'

2023-06-07 10:17:48 - [MESSAGE][PASSED] - Tapped on element 'Object Repository/CPN85/android.widget.ImageButton (1)'

2023-06-07 10:17:48 - [TEST_STEP][PASSED] - delay(1, STOP_ON_FAILURE): Delayed 1 second(s)

2023-06-07 10:17:49 - [MESSAGE][PASSED] - Delayed 1 second(s)

2023-06-07 10:17:49 - [TEST_STEP][PASSED] - tap(findTestObject("CPN85/android.widget.ImageButton (2)"), 0): Tapped on element 'Object Repository/CPN85/android.widget.ImageButton (2)'

2023-06-07 10:17:49 - [MESSAGE][WARNING] - Timeout '0' is invalid. Using default page load timeout: '30'

2023-06-07 10:17:50 - [MESSAGE][PASSED] - Tapped on element 'Object Repository/CPN85/android.widget.ImageButton (2)'

2023-06-07 10:17:50 - [TEST_STEP][PASSED] - tap(findTestObject("CPN85/android.widget.ImageButton"), 0): Tapped on element 'Object Repository/CPN85/android.widget.ImageButton'

2023-06-07 10:17:50 - [MESSAGE][WARNING] - Timeout '0' is invalid. Using default page load timeout: '30'

2023-06-07 10:17:54 - [MESSAGE][PASSED] - Tapped on element 'Object Repository/CPN85/android.widget.ImageButton'

2023-06-07 10:17:54 - [TEST_STEP][PASSED] - tap(findTestObject("CPN85/android.widget.ImageButton (4)"), 0): Tapped on element 'Object Repository/CPN85/android.widget.ImageButton (4)'

2023-06-07 10:17:54 - [MESSAGE][WARNING] - Timeout '0' is invalid. Using default page load timeout: '30'

2023-06-07 10:17:55 - [MESSAGE][PASSED] - Tapped on element 'Object Repository/CPN85/android.widget.ImageButton (4)'

2023-06-07 10:17:55 - [TEST_STEP][PASSED] - tap(findTestObject("CPN85/android.widget.ImageButton (3)"), 0): Tapped on element 'Object Repository/CPN85/android.widget.ImageButton (3)'

2023-06-07 10:17:55 - [MESSAGE][WARNING] - Timeout '0' is invalid. Using default page load timeout: '30'

2023-06-07 10:17:55 - [MESSAGE][PASSED] - Tapped on element 'Object Repository/CPN85/android.widget.ImageButton (3)'

2023-06-07 10:17:55 - [TEST_STEP][PASSED] - tap(findTestObject("CPN85/android.widget.ImageButton (1)"), 0): Tapped on element 'Object Repository/CPN85/android.widget.ImageButton (1)'

2023-06-07 10:17:56 - [MESSAGE][WARNING] - Timeout '0' is invalid. Using default page load timeout: '30'

2023-06-07 10:17:56 - [MESSAGE][PASSED] - Tapped on element 'Object Repository/CPN85/android.widget.ImageButton (1)'

2023-06-07 10:17:56 - [TEST_STEP][PASSED] - tap(findTestObject("CPN85/android.widget.ImageButton (2)"), 0): Tapped on element 'Object Repository/CPN85/android.widget.ImageButton (2)'

2023-06-07 10:17:56 - [MESSAGE][WARNING] - Timeout '0' is invalid. Using default page load timeout: '30'

2023-06-07 10:17:58 - [MESSAGE][PASSED] - Tapped on element 'Object Repository/CPN85/android.widget.ImageButton (2)'

2023-06-07 10:17:58 - [TEST_STEP][PASSED] - delay(3, STOP_ON_FAILURE): Delayed 3 second(s)

2023-06-07 10:18:01 - [MESSAGE][PASSED] - Delayed 3 second(s)

2023-06-07 10:18:01 - [TEST_STEP][PASSED] - tap(findTestObject("Object Repository/CPN85/android.widget.ImageButton (5)"), 0): Tapped on element 'Object Repository/CPN85/android.widget.ImageButton (5)'

2023-06-07 10:18:01 - [MESSAGE][WARNING] - Timeout '0' is invalid. Using default page load timeout: '30'

2023-06-07 10:18:04 - [MESSAGE][PASSED] - Tapped on element 'Object Repository/CPN85/android.widget.ImageButton (5)']]></system-out>
         <system-err><![CDATA[]]></system-err>
      </testcase>
      <testcase name="Test Cases/EnvioMensajes/CPN94" time="81.133" classname="Test Cases/EnvioMensajes/CPN94" status="PASSED">
         <system-out><![CDATA[2023-06-07 10:18:04 - [TEST_CASE][PASSED] - Test Cases/EnvioMensajes/CPN94: Test Cases/EnvioMensajes/CPN94

2023-06-07 10:18:04 - [TEST_STEP][PASSED] - tap(findTestObject("CPN94/android.view.ViewGroup"), 0): Tapped on element 'Object Repository/CPN94/android.view.ViewGroup'

2023-06-07 10:18:04 - [MESSAGE][WARNING] - Timeout '0' is invalid. Using default page load timeout: '30'

2023-06-07 10:18:04 - [MESSAGE][PASSED] - Tapped on element 'Object Repository/CPN94/android.view.ViewGroup'

2023-06-07 10:18:04 - [TEST_STEP][PASSED] - tap(findTestObject("Object Repository/CPN94/android.widget.ImageButton"), 0): Tapped on element 'Object Repository/CPN94/android.widget.ImageButton'

2023-06-07 10:18:04 - [MESSAGE][WARNING] - Timeout '0' is invalid. Using default page load timeout: '30'

2023-06-07 10:18:06 - [MESSAGE][PASSED] - Tapped on element 'Object Repository/CPN94/android.widget.ImageButton'

2023-06-07 10:18:06 - [TEST_STEP][PASSED] - tapAndHold(findTestObject("Object Repository/CPN94/android.widget.ImageButton (1)"), 6, 0): Tapped and held on element 'Object Repository/CPN94/android.widget.ImageButton (1)' with duration 6

2023-06-07 10:18:06 - [MESSAGE][WARNING] - Timeout '0' is invalid. Using default page load timeout: '30'

2023-06-07 10:18:15 - [MESSAGE][PASSED] - Tapped and held on element 'Object Repository/CPN94/android.widget.ImageButton (1)' with duration 6

2023-06-07 10:18:15 - [TEST_STEP][PASSED] - tap(findTestObject("Object Repository/CPN94/android.widget.ImageButton (2)"), 0): Tapped on element 'Object Repository/CPN94/android.widget.ImageButton (2)'

2023-06-07 10:18:15 - [MESSAGE][WARNING] - Timeout '0' is invalid. Using default page load timeout: '30'

2023-06-07 10:18:15 - [MESSAGE][PASSED] - Tapped on element 'Object Repository/CPN94/android.widget.ImageButton (2)'

2023-06-07 10:18:15 - [TEST_STEP][PASSED] - tap(findTestObject("CPN94/android.widget.ImageButton"), 0): Tapped on element 'Object Repository/CPN94/android.widget.ImageButton'

2023-06-07 10:18:15 - [MESSAGE][WARNING] - Timeout '0' is invalid. Using default page load timeout: '30'

2023-06-07 10:18:17 - [MESSAGE][PASSED] - Tapped on element 'Object Repository/CPN94/android.widget.ImageButton'

2023-06-07 10:18:17 - [TEST_STEP][PASSED] - tap(findTestObject("Object Repository/CPN94/android.widget.ImageButton (3)"), 0): Tapped on element 'Object Repository/CPN94/android.widget.ImageButton (3)'

2023-06-07 10:18:17 - [MESSAGE][WARNING] - Timeout '0' is invalid. Using default page load timeout: '30'

2023-06-07 10:18:18 - [MESSAGE][PASSED] - Tapped on element 'Object Repository/CPN94/android.widget.ImageButton (3)'

2023-06-07 10:18:18 - [TEST_STEP][PASSED] - tap(findTestObject("Object Repository/CPN94/android.widget.SeekBar - 0.0"), 0): Tapped on element 'Object Repository/CPN94/android.widget.SeekBar - 0.0'

2023-06-07 10:18:18 - [MESSAGE][WARNING] - Timeout '0' is invalid. Using default page load timeout: '30'

2023-06-07 10:18:19 - [MESSAGE][PASSED] - Tapped on element 'Object Repository/CPN94/android.widget.SeekBar - 0.0'

2023-06-07 10:18:19 - [TEST_STEP][PASSED] - tapAndHold(findTestObject("CPN94/android.widget.ImageButton (1)"), 8, 0): Tapped and held on element 'Object Repository/CPN94/android.widget.ImageButton (1)' with duration 8

2023-06-07 10:18:19 - [MESSAGE][WARNING] - Timeout '0' is invalid. Using default page load timeout: '30'

2023-06-07 10:18:29 - [MESSAGE][PASSED] - Tapped and held on element 'Object Repository/CPN94/android.widget.ImageButton (1)' with duration 8

2023-06-07 10:18:29 - [TEST_STEP][PASSED] - tap(findTestObject("Object Repository/CPN94/android.widget.EditText - Escribir mensaje"), 0): Tapped on element 'Object Repository/CPN94/android.widget.EditText - Escribir mensaje'

2023-06-07 10:18:29 - [MESSAGE][WARNING] - Timeout '0' is invalid. Using default page load timeout: '30'

2023-06-07 10:18:31 - [MESSAGE][PASSED] - Tapped on element 'Object Repository/CPN94/android.widget.EditText - Escribir mensaje'

2023-06-07 10:18:31 - [TEST_STEP][PASSED] - setText(findTestObject("Object Repository/CPN94/android.widget.EditText - Escribir mensaje (1)"), "Prueba video", 0): Text 'Prueba video' has been set to element 'Object Repository/CPN94/android.widget.EditText - Escribir mensaje (1)'

2023-06-07 10:18:31 - [MESSAGE][WARNING] - Timeout '0' is invalid. Using default page load timeout: '30'

2023-06-07 10:18:32 - [MESSAGE][PASSED] - Text 'Prueba video' has been set to element 'Object Repository/CPN94/android.widget.EditText - Escribir mensaje (1)'

2023-06-07 10:18:32 - [TEST_STEP][PASSED] - hideKeyboard(): Keyboard is hidden

2023-06-07 10:18:35 - [MESSAGE][PASSED] - Keyboard is hidden

2023-06-07 10:18:35 - [TEST_STEP][PASSED] - tap(findTestObject("CPN94/android.widget.ImageButton (2)"), 0): Tapped on element 'Object Repository/CPN94/android.widget.ImageButton (2)'

2023-06-07 10:18:35 - [MESSAGE][WARNING] - Timeout '0' is invalid. Using default page load timeout: '30'

2023-06-07 10:18:35 - [MESSAGE][PASSED] - Tapped on element 'Object Repository/CPN94/android.widget.ImageButton (2)'

2023-06-07 10:18:35 - [TEST_STEP][PASSED] - tap(findTestObject("CPN94/android.widget.ImageButton"), 0): Tapped on element 'Object Repository/CPN94/android.widget.ImageButton'

2023-06-07 10:18:35 - [MESSAGE][WARNING] - Timeout '0' is invalid. Using default page load timeout: '30'

2023-06-07 10:18:37 - [MESSAGE][PASSED] - Tapped on element 'Object Repository/CPN94/android.widget.ImageButton'

2023-06-07 10:18:37 - [TEST_STEP][PASSED] - tap(findTestObject("Object Repository/CPN94/android.widget.ImageButton (4)"), 0): Tapped on element 'Object Repository/CPN94/android.widget.ImageButton (4)'

2023-06-07 10:18:37 - [MESSAGE][WARNING] - Timeout '0' is invalid. Using default page load timeout: '30'

2023-06-07 10:18:38 - [MESSAGE][PASSED] - Tapped on element 'Object Repository/CPN94/android.widget.ImageButton (4)'

2023-06-07 10:18:38 - [TEST_STEP][PASSED] - tapAndHold(findTestObject("CPN94/android.widget.ImageButton (1)"), 5, 0): Tapped and held on element 'Object Repository/CPN94/android.widget.ImageButton (1)' with duration 5

2023-06-07 10:18:38 - [MESSAGE][WARNING] - Timeout '0' is invalid. Using default page load timeout: '30'

2023-06-07 10:18:45 - [MESSAGE][PASSED] - Tapped and held on element 'Object Repository/CPN94/android.widget.ImageButton (1)' with duration 5

2023-06-07 10:18:45 - [TEST_STEP][PASSED] - tap(findTestObject("CPN94/android.widget.ImageButton (2)"), 0): Tapped on element 'Object Repository/CPN94/android.widget.ImageButton (2)'

2023-06-07 10:18:45 - [MESSAGE][WARNING] - Timeout '0' is invalid. Using default page load timeout: '30'

2023-06-07 10:18:46 - [MESSAGE][PASSED] - Tapped on element 'Object Repository/CPN94/android.widget.ImageButton (2)'

2023-06-07 10:18:46 - [TEST_STEP][PASSED] - tap(findTestObject("CPN94/android.widget.ImageButton"), 0): Tapped on element 'Object Repository/CPN94/android.widget.ImageButton'

2023-06-07 10:18:46 - [MESSAGE][WARNING] - Timeout '0' is invalid. Using default page load timeout: '30'

2023-06-07 10:18:48 - [MESSAGE][PASSED] - Tapped on element 'Object Repository/CPN94/android.widget.ImageButton'

2023-06-07 10:18:48 - [TEST_STEP][PASSED] - tap(findTestObject("CPN94/android.widget.ImageButton (4)"), 0): Tapped on element 'Object Repository/CPN94/android.widget.ImageButton (4)'

2023-06-07 10:18:48 - [MESSAGE][WARNING] - Timeout '0' is invalid. Using default page load timeout: '30'

2023-06-07 10:18:49 - [MESSAGE][PASSED] - Tapped on element 'Object Repository/CPN94/android.widget.ImageButton (4)'

2023-06-07 10:18:49 - [TEST_STEP][PASSED] - tapAndHold(findTestObject("CPN94/android.widget.ImageButton (1)"), 10, 0): Tapped and held on element 'Object Repository/CPN94/android.widget.ImageButton (1)' with duration 10

2023-06-07 10:18:49 - [MESSAGE][WARNING] - Timeout '0' is invalid. Using default page load timeout: '30'

2023-06-07 10:19:01 - [MESSAGE][PASSED] - Tapped and held on element 'Object Repository/CPN94/android.widget.ImageButton (1)' with duration 10

2023-06-07 10:19:01 - [TEST_STEP][PASSED] - tap(findTestObject("CPN94/android.widget.ImageButton (2)"), 0): Tapped on element 'Object Repository/CPN94/android.widget.ImageButton (2)'

2023-06-07 10:19:01 - [MESSAGE][WARNING] - Timeout '0' is invalid. Using default page load timeout: '30'

2023-06-07 10:19:03 - [MESSAGE][PASSED] - Tapped on element 'Object Repository/CPN94/android.widget.ImageButton (2)'

2023-06-07 10:19:03 - [TEST_STEP][PASSED] - tap(findTestObject("CPN94/android.widget.ImageButton"), 0): Tapped on element 'Object Repository/CPN94/android.widget.ImageButton'

2023-06-07 10:19:03 - [MESSAGE][WARNING] - Timeout '0' is invalid. Using default page load timeout: '30'

2023-06-07 10:19:04 - [MESSAGE][PASSED] - Tapped on element 'Object Repository/CPN94/android.widget.ImageButton'

2023-06-07 10:19:04 - [TEST_STEP][PASSED] - tap(findTestObject("CPN94/android.widget.ImageButton (4)"), 0): Tapped on element 'Object Repository/CPN94/android.widget.ImageButton (4)'

2023-06-07 10:19:04 - [MESSAGE][WARNING] - Timeout '0' is invalid. Using default page load timeout: '30'

2023-06-07 10:19:05 - [MESSAGE][PASSED] - Tapped on element 'Object Repository/CPN94/android.widget.ImageButton (4)'

2023-06-07 10:19:05 - [TEST_STEP][PASSED] - tapAndHold(findTestObject("CPN94/android.widget.ImageButton (1)"), 15, 0): Tapped and held on element 'Object Repository/CPN94/android.widget.ImageButton (1)' with duration 15

2023-06-07 10:19:05 - [MESSAGE][WARNING] - Timeout '0' is invalid. Using default page load timeout: '30'

2023-06-07 10:19:22 - [MESSAGE][PASSED] - Tapped and held on element 'Object Repository/CPN94/android.widget.ImageButton (1)' with duration 15

2023-06-07 10:19:22 - [TEST_STEP][PASSED] - tap(findTestObject("CPN94/android.widget.ImageButton (2)"), 0): Tapped on element 'Object Repository/CPN94/android.widget.ImageButton (2)'

2023-06-07 10:19:22 - [MESSAGE][WARNING] - Timeout '0' is invalid. Using default page load timeout: '30'

2023-06-07 10:19:23 - [MESSAGE][PASSED] - Tapped on element 'Object Repository/CPN94/android.widget.ImageButton (2)'

2023-06-07 10:19:23 - [TEST_STEP][PASSED] - tap(findTestObject("CPN94/android.widget.ImageButton (6)"), 0): Tapped on element 'Object Repository/CPN94/android.widget.ImageButton (6)'

2023-06-07 10:19:23 - [MESSAGE][WARNING] - Timeout '0' is invalid. Using default page load timeout: '30'

2023-06-07 10:19:25 - [MESSAGE][PASSED] - Tapped on element 'Object Repository/CPN94/android.widget.ImageButton (6)']]></system-out>
         <system-err><![CDATA[]]></system-err>
      </testcase>
      <testcase name="Test Cases/EnvioMensajes/CPN103" time="17.554" classname="Test Cases/EnvioMensajes/CPN103" status="PASSED">
         <system-out><![CDATA[2023-06-07 10:19:25 - [TEST_CASE][PASSED] - Test Cases/EnvioMensajes/CPN103: Test Cases/EnvioMensajes/CPN103

2023-06-07 10:19:25 - [TEST_STEP][PASSED] - tap(findTestObject("CPN103/android.view.ViewGroup"), 0): Tapped on element 'Object Repository/CPN103/android.view.ViewGroup'

2023-06-07 10:19:25 - [MESSAGE][WARNING] - Timeout '0' is invalid. Using default page load timeout: '30'

2023-06-07 10:19:28 - [MESSAGE][PASSED] - Tapped on element 'Object Repository/CPN103/android.view.ViewGroup'

2023-06-07 10:19:28 - [TEST_STEP][PASSED] - tap(findTestObject("Object Repository/CPN103/android.widget.ImageButton"), 0): Tapped on element 'Object Repository/CPN103/android.widget.ImageButton'

2023-06-07 10:19:29 - [MESSAGE][WARNING] - Timeout '0' is invalid. Using default page load timeout: '30'

2023-06-07 10:19:29 - [MESSAGE][PASSED] - Tapped on element 'Object Repository/CPN103/android.widget.ImageButton'

2023-06-07 10:19:29 - [TEST_STEP][PASSED] - tap(findTestObject("Object Repository/CPN103/android.widget.LinearLayout"), 0): Tapped on element 'Object Repository/CPN103/android.widget.LinearLayout'

2023-06-07 10:19:29 - [MESSAGE][WARNING] - Timeout '0' is invalid. Using default page load timeout: '30'

2023-06-07 10:19:31 - [MESSAGE][PASSED] - Tapped on element 'Object Repository/CPN103/android.widget.LinearLayout'

2023-06-07 10:19:31 - [TEST_STEP][PASSED] - tap(findTestObject("Object Repository/CPN103/android.widget.ImageView"), 0): Tapped on element 'Object Repository/CPN103/android.widget.ImageView'

2023-06-07 10:19:31 - [MESSAGE][WARNING] - Timeout '0' is invalid. Using default page load timeout: '30'

2023-06-07 10:19:35 - [MESSAGE][PASSED] - Tapped on element 'Object Repository/CPN103/android.widget.ImageView'

2023-06-07 10:19:35 - [TEST_STEP][PASSED] - tap(findTestObject("CPN103/android.widget.ImageButton"), 0): Tapped on element 'Object Repository/CPN103/android.widget.ImageButton'

2023-06-07 10:19:35 - [MESSAGE][WARNING] - Timeout '0' is invalid. Using default page load timeout: '30'

2023-06-07 10:19:37 - [MESSAGE][PASSED] - Tapped on element 'Object Repository/CPN103/android.widget.ImageButton'

2023-06-07 10:19:37 - [TEST_STEP][PASSED] - tap(findTestObject("CPN103/android.widget.LinearLayout"), 0): Tapped on element 'Object Repository/CPN103/android.widget.LinearLayout'

2023-06-07 10:19:37 - [MESSAGE][WARNING] - Timeout '0' is invalid. Using default page load timeout: '30'

2023-06-07 10:19:39 - [MESSAGE][PASSED] - Tapped on element 'Object Repository/CPN103/android.widget.LinearLayout'

2023-06-07 10:19:39 - [TEST_STEP][PASSED] - tap(findTestObject("Object Repository/CPN103/android.widget.ImageView (1)"), 0): Tapped on element 'Object Repository/CPN103/android.widget.ImageView (1)'

2023-06-07 10:19:39 - [MESSAGE][WARNING] - Timeout '0' is invalid. Using default page load timeout: '30'

2023-06-07 10:19:41 - [MESSAGE][PASSED] - Tapped on element 'Object Repository/CPN103/android.widget.ImageView (1)'

2023-06-07 10:19:41 - [TEST_STEP][PASSED] - tap(findTestObject("Object Repository/CPN103/android.widget.ImageButton (1)"), 0): Tapped on element 'Object Repository/CPN103/android.widget.ImageButton (1)'

2023-06-07 10:19:41 - [MESSAGE][WARNING] - Timeout '0' is invalid. Using default page load timeout: '30'

2023-06-07 10:19:42 - [MESSAGE][PASSED] - Tapped on element 'Object Repository/CPN103/android.widget.ImageButton (1)']]></system-out>
         <system-err><![CDATA[]]></system-err>
      </testcase>
      <testcase name="Test Cases/EnvioMensajes/CPN104" time="21.017" classname="Test Cases/EnvioMensajes/CPN104" status="PASSED">
         <system-out><![CDATA[2023-06-07 10:19:42 - [TEST_CASE][PASSED] - Test Cases/EnvioMensajes/CPN104: Test Cases/EnvioMensajes/CPN104

2023-06-07 10:19:43 - [TEST_STEP][PASSED] - tap(findTestObject("Object Repository/CPN104/android.view.ViewGroup"), 0): Tapped on element 'Object Repository/CPN104/android.view.ViewGroup'

2023-06-07 10:19:43 - [MESSAGE][WARNING] - Timeout '0' is invalid. Using default page load timeout: '30'

2023-06-07 10:19:46 - [MESSAGE][PASSED] - Tapped on element 'Object Repository/CPN104/android.view.ViewGroup'

2023-06-07 10:19:46 - [TEST_STEP][PASSED] - tap(findTestObject("Object Repository/CPN104/android.widget.ImageButton"), 0): Tapped on element 'Object Repository/CPN104/android.widget.ImageButton'

2023-06-07 10:19:46 - [MESSAGE][WARNING] - Timeout '0' is invalid. Using default page load timeout: '30'

2023-06-07 10:19:46 - [MESSAGE][PASSED] - Tapped on element 'Object Repository/CPN104/android.widget.ImageButton'

2023-06-07 10:19:46 - [TEST_STEP][PASSED] - tap(findTestObject("Object Repository/CPN104/android.widget.LinearLayout"), 0): Tapped on element 'Object Repository/CPN104/android.widget.LinearLayout'

2023-06-07 10:19:46 - [MESSAGE][WARNING] - Timeout '0' is invalid. Using default page load timeout: '30'

2023-06-07 10:19:47 - [MESSAGE][PASSED] - Tapped on element 'Object Repository/CPN104/android.widget.LinearLayout'

2023-06-07 10:19:47 - [TEST_STEP][PASSED] - tap(findTestObject("Object Repository/CPN104/android.view.ViewGroup (1)"), 0): Tapped on element 'Object Repository/CPN104/android.view.ViewGroup (1)'

2023-06-07 10:19:47 - [MESSAGE][WARNING] - Timeout '0' is invalid. Using default page load timeout: '30'

2023-06-07 10:19:48 - [MESSAGE][PASSED] - Tapped on element 'Object Repository/CPN104/android.view.ViewGroup (1)'

2023-06-07 10:19:48 - [TEST_STEP][PASSED] - tap(findTestObject("Object Repository/CPN104/android.widget.ImageView"), 0): Tapped on element 'Object Repository/CPN104/android.widget.ImageView'

2023-06-07 10:19:48 - [MESSAGE][WARNING] - Timeout '0' is invalid. Using default page load timeout: '30'

2023-06-07 10:19:49 - [MESSAGE][PASSED] - Tapped on element 'Object Repository/CPN104/android.widget.ImageView'

2023-06-07 10:19:49 - [TEST_STEP][PASSED] - tap(findTestObject("Object Repository/CPN104/android.widget.ImageView (1)"), 0): Tapped on element 'Object Repository/CPN104/android.widget.ImageView (1)'

2023-06-07 10:19:49 - [MESSAGE][WARNING] - Timeout '0' is invalid. Using default page load timeout: '30'

2023-06-07 10:19:51 - [MESSAGE][PASSED] - Tapped on element 'Object Repository/CPN104/android.widget.ImageView (1)'

2023-06-07 10:19:51 - [TEST_STEP][PASSED] - delay(8, STOP_ON_FAILURE): Delayed 8 second(s)

2023-06-07 10:19:59 - [MESSAGE][PASSED] - Delayed 8 second(s)

2023-06-07 10:19:59 - [TEST_STEP][PASSED] - tap(findTestObject("Object Repository/CPN104/android.widget.ImageView (2)"), 0): Tapped on element 'Object Repository/CPN104/android.widget.ImageView (2)'

2023-06-07 10:19:59 - [MESSAGE][WARNING] - Timeout '0' is invalid. Using default page load timeout: '30'

2023-06-07 10:19:59 - [MESSAGE][PASSED] - Tapped on element 'Object Repository/CPN104/android.widget.ImageView (2)'

2023-06-07 10:19:59 - [TEST_STEP][PASSED] - tap(findTestObject("Object Repository/CPN104/android.widget.ImageButton (1)"), 0): Tapped on element 'Object Repository/CPN104/android.widget.ImageButton (1)'

2023-06-07 10:19:59 - [MESSAGE][WARNING] - Timeout '0' is invalid. Using default page load timeout: '30'

2023-06-07 10:20:00 - [MESSAGE][PASSED] - Tapped on element 'Object Repository/CPN104/android.widget.ImageButton (1)'

2023-06-07 10:20:00 - [TEST_STEP][PASSED] - delay(3, STOP_ON_FAILURE): Delayed 3 second(s)

2023-06-07 10:20:03 - [MESSAGE][PASSED] - Delayed 3 second(s)

2023-06-07 10:20:03 - [TEST_STEP][PASSED] - tap(findTestObject("Object Repository/CPN104/android.widget.ImageButton (2)"), 0): Tapped on element 'Object Repository/CPN104/android.widget.ImageButton (2)'

2023-06-07 10:20:03 - [MESSAGE][WARNING] - Timeout '0' is invalid. Using default page load timeout: '30'

2023-06-07 10:20:03 - [MESSAGE][PASSED] - Tapped on element 'Object Repository/CPN104/android.widget.ImageButton (2)']]></system-out>
         <system-err><![CDATA[]]></system-err>
      </testcase>
      <testcase name="Test Cases/EnvioMensajes/CPN105" time="39.187" classname="Test Cases/EnvioMensajes/CPN105" status="PASSED">
         <system-out><![CDATA[2023-06-07 10:20:03 - [TEST_CASE][PASSED] - Test Cases/EnvioMensajes/CPN105: Test Cases/EnvioMensajes/CPN105

2023-06-07 10:20:04 - [TEST_STEP][PASSED] - tap(findTestObject("Object Repository/CPN105/android.view.ViewGroup"), 0): Tapped on element 'Object Repository/CPN105/android.view.ViewGroup'

2023-06-07 10:20:04 - [MESSAGE][WARNING] - Timeout '0' is invalid. Using default page load timeout: '30'

2023-06-07 10:20:07 - [MESSAGE][PASSED] - Tapped on element 'Object Repository/CPN105/android.view.ViewGroup'

2023-06-07 10:20:07 - [TEST_STEP][PASSED] - tap(findTestObject("Object Repository/CPN105/android.widget.ImageButton"), 0): Tapped on element 'Object Repository/CPN105/android.widget.ImageButton'

2023-06-07 10:20:07 - [MESSAGE][WARNING] - Timeout '0' is invalid. Using default page load timeout: '30'

2023-06-07 10:20:09 - [MESSAGE][PASSED] - Tapped on element 'Object Repository/CPN105/android.widget.ImageButton'

2023-06-07 10:20:09 - [TEST_STEP][PASSED] - tap(findTestObject("Object Repository/CPN105/android.widget.LinearLayout"), 0): Tapped on element 'Object Repository/CPN105/android.widget.LinearLayout'

2023-06-07 10:20:09 - [MESSAGE][WARNING] - Timeout '0' is invalid. Using default page load timeout: '30'

2023-06-07 10:20:10 - [MESSAGE][PASSED] - Tapped on element 'Object Repository/CPN105/android.widget.LinearLayout'

2023-06-07 10:20:10 - [TEST_STEP][PASSED] - tap(findTestObject("Object Repository/CPN105/android.widget.ImageButton (1)"), 0): Tapped on element 'Object Repository/CPN105/android.widget.ImageButton (1)'

2023-06-07 10:20:10 - [MESSAGE][WARNING] - Timeout '0' is invalid. Using default page load timeout: '30'

2023-06-07 10:20:12 - [MESSAGE][PASSED] - Tapped on element 'Object Repository/CPN105/android.widget.ImageButton (1)'

2023-06-07 10:20:12 - [TEST_STEP][PASSED] - delay(3, STOP_ON_FAILURE): Delayed 3 second(s)

2023-06-07 10:20:15 - [MESSAGE][PASSED] - Delayed 3 second(s)

2023-06-07 10:20:15 - [TEST_STEP][PASSED] - tap(findTestObject("CPN105/android.widget.ImageButton"), 0): Tapped on element 'Object Repository/CPN105/android.widget.ImageButton'

2023-06-07 10:20:15 - [MESSAGE][WARNING] - Timeout '0' is invalid. Using default page load timeout: '30'

2023-06-07 10:20:18 - [MESSAGE][PASSED] - Tapped on element 'Object Repository/CPN105/android.widget.ImageButton'

2023-06-07 10:20:18 - [TEST_STEP][PASSED] - tap(findTestObject("CPN105/android.widget.LinearLayout"), 0): Tapped on element 'Object Repository/CPN105/android.widget.LinearLayout'

2023-06-07 10:20:18 - [MESSAGE][WARNING] - Timeout '0' is invalid. Using default page load timeout: '30'

2023-06-07 10:20:19 - [MESSAGE][PASSED] - Tapped on element 'Object Repository/CPN105/android.widget.LinearLayout'

2023-06-07 10:20:19 - [TEST_STEP][PASSED] - tap(findTestObject("Object Repository/CPN105/android.widget.TextView"), 0): Tapped on element 'Object Repository/CPN105/android.widget.TextView'

2023-06-07 10:20:19 - [MESSAGE][WARNING] - Timeout '0' is invalid. Using default page load timeout: '30'

2023-06-07 10:20:22 - [MESSAGE][PASSED] - Tapped on element 'Object Repository/CPN105/android.widget.TextView'

2023-06-07 10:20:22 - [TEST_STEP][PASSED] - setText(findTestObject("Object Repository/CPN105/android.widget.EditText - NapoleoN"), "Valenci", 0): Text 'Valenci' has been set to element 'Object Repository/CPN105/android.widget.EditText - NapoleoN'

2023-06-07 10:20:22 - [MESSAGE][WARNING] - Timeout '0' is invalid. Using default page load timeout: '30'

2023-06-07 10:20:24 - [MESSAGE][PASSED] - Text 'Valenci' has been set to element 'Object Repository/CPN105/android.widget.EditText - NapoleoN'

2023-06-07 10:20:24 - [TEST_STEP][PASSED] - tap(findTestObject("CPN105/android.view.ViewGroup (1)"), 0): Tapped on element 'Object Repository/CPN105/android.view.ViewGroup (1)'

2023-06-07 10:20:24 - [MESSAGE][WARNING] - Timeout '0' is invalid. Using default page load timeout: '30'

2023-06-07 10:20:26 - [MESSAGE][PASSED] - Tapped on element 'Object Repository/CPN105/android.view.ViewGroup (1)'

2023-06-07 10:20:26 - [TEST_STEP][PASSED] - tap(findTestObject("CPN105/android.widget.ImageButton (1)"), 0): Tapped on element 'Object Repository/CPN105/android.widget.ImageButton (1)'

2023-06-07 10:20:26 - [MESSAGE][WARNING] - Timeout '0' is invalid. Using default page load timeout: '30'

2023-06-07 10:20:28 - [MESSAGE][PASSED] - Tapped on element 'Object Repository/CPN105/android.widget.ImageButton (1)'

2023-06-07 10:20:28 - [TEST_STEP][PASSED] - tap(findTestObject("Object Repository/CPN105/android.widget.ImageButton"), 0): Tapped on element 'Object Repository/CPN105/android.widget.ImageButton'

2023-06-07 10:20:28 - [MESSAGE][WARNING] - Timeout '0' is invalid. Using default page load timeout: '30'

2023-06-07 10:20:32 - [MESSAGE][PASSED] - Tapped on element 'Object Repository/CPN105/android.widget.ImageButton'

2023-06-07 10:20:32 - [TEST_STEP][PASSED] - tap(findTestObject("Object Repository/CPN105/android.widget.LinearLayout"), 0): Tapped on element 'Object Repository/CPN105/android.widget.LinearLayout'

2023-06-07 10:20:32 - [MESSAGE][WARNING] - Timeout '0' is invalid. Using default page load timeout: '30'

2023-06-07 10:20:33 - [MESSAGE][PASSED] - Tapped on element 'Object Repository/CPN105/android.widget.LinearLayout'

2023-06-07 10:20:33 - [TEST_STEP][PASSED] - tap(findTestObject("Object Repository/CPN105/android.widget.TextView"), 0): Tapped on element 'Object Repository/CPN105/android.widget.TextView'

2023-06-07 10:20:33 - [MESSAGE][WARNING] - Timeout '0' is invalid. Using default page load timeout: '30'

2023-06-07 10:20:34 - [MESSAGE][PASSED] - Tapped on element 'Object Repository/CPN105/android.widget.TextView'

2023-06-07 10:20:34 - [TEST_STEP][PASSED] - setText(findTestObject("CPN105/android.widget.EditText - NapoleoN"), "ikonos", 0): Text 'ikonos' has been set to element 'Object Repository/CPN105/android.widget.EditText - NapoleoN'

2023-06-07 10:20:34 - [MESSAGE][WARNING] - Timeout '0' is invalid. Using default page load timeout: '30'

2023-06-07 10:20:36 - [MESSAGE][PASSED] - Text 'ikonos' has been set to element 'Object Repository/CPN105/android.widget.EditText - NapoleoN'

2023-06-07 10:20:36 - [TEST_STEP][PASSED] - tap(findTestObject("CPN105/android.view.ViewGroup (1)"), 0): Tapped on element 'Object Repository/CPN105/android.view.ViewGroup (1)'

2023-06-07 10:20:36 - [MESSAGE][WARNING] - Timeout '0' is invalid. Using default page load timeout: '30'

2023-06-07 10:20:38 - [MESSAGE][PASSED] - Tapped on element 'Object Repository/CPN105/android.view.ViewGroup (1)'

2023-06-07 10:20:38 - [TEST_STEP][PASSED] - tap(findTestObject("Object Repository/CPN105/android.widget.ImageButton (2)"), 0): Tapped on element 'Object Repository/CPN105/android.widget.ImageButton (2)'

2023-06-07 10:20:38 - [MESSAGE][WARNING] - Timeout '0' is invalid. Using default page load timeout: '30'

2023-06-07 10:20:39 - [MESSAGE][PASSED] - Tapped on element 'Object Repository/CPN105/android.widget.ImageButton (2)'

2023-06-07 10:20:39 - [TEST_STEP][PASSED] - tap(findTestObject("Object Repository/CPN105/android.widget.ImageButton (3)"), 0): Tapped on element 'Object Repository/CPN105/android.widget.ImageButton (3)'

2023-06-07 10:20:39 - [MESSAGE][WARNING] - Timeout '0' is invalid. Using default page load timeout: '30'

2023-06-07 10:20:43 - [MESSAGE][PASSED] - Tapped on element 'Object Repository/CPN105/android.widget.ImageButton (3)']]></system-out>
         <system-err><![CDATA[]]></system-err>
      </testcase>
      <testcase name="Test Cases/EnvioMensajes/CPN105.1" time="21.017" classname="Test Cases/EnvioMensajes/CPN105.1" status="PASSED">
         <system-out><![CDATA[2023-06-07 10:20:43 - [TEST_CASE][PASSED] - Test Cases/EnvioMensajes/CPN105.1: Test Cases/EnvioMensajes/CPN105.1

2023-06-07 10:20:43 - [TEST_STEP][PASSED] - tap(findTestObject("Object Repository/CPN105.1/android.view.ViewGroup"), 0): Tapped on element 'Object Repository/CPN105.1/android.view.ViewGroup'

2023-06-07 10:20:43 - [MESSAGE][WARNING] - Timeout '0' is invalid. Using default page load timeout: '30'

2023-06-07 10:20:46 - [MESSAGE][PASSED] - Tapped on element 'Object Repository/CPN105.1/android.view.ViewGroup'

2023-06-07 10:20:46 - [TEST_STEP][PASSED] - tap(findTestObject("Object Repository/CPN105.1/android.widget.ImageButton"), 0): Tapped on element 'Object Repository/CPN105.1/android.widget.ImageButton'

2023-06-07 10:20:46 - [MESSAGE][WARNING] - Timeout '0' is invalid. Using default page load timeout: '30'

2023-06-07 10:20:47 - [MESSAGE][PASSED] - Tapped on element 'Object Repository/CPN105.1/android.widget.ImageButton'

2023-06-07 10:20:47 - [TEST_STEP][PASSED] - tap(findTestObject("Object Repository/CPN105.1/android.widget.LinearLayout"), 0): Tapped on element 'Object Repository/CPN105.1/android.widget.LinearLayout'

2023-06-07 10:20:47 - [MESSAGE][WARNING] - Timeout '0' is invalid. Using default page load timeout: '30'

2023-06-07 10:20:48 - [MESSAGE][PASSED] - Tapped on element 'Object Repository/CPN105.1/android.widget.LinearLayout'

2023-06-07 10:20:48 - [TEST_STEP][PASSED] - tap(findTestObject("Object Repository/CPN105.1/android.widget.ImageButton (1)"), 0): Tapped on element 'Object Repository/CPN105.1/android.widget.ImageButton (1)'

2023-06-07 10:20:48 - [MESSAGE][WARNING] - Timeout '0' is invalid. Using default page load timeout: '30'

2023-06-07 10:20:50 - [MESSAGE][PASSED] - Tapped on element 'Object Repository/CPN105.1/android.widget.ImageButton (1)'

2023-06-07 10:20:50 - [TEST_STEP][PASSED] - tap(findTestObject("Object Repository/CPN105.1/android.widget.ImageButton (2)"), 0): Tapped on element 'Object Repository/CPN105.1/android.widget.ImageButton (2)'

2023-06-07 10:20:50 - [MESSAGE][WARNING] - Timeout '0' is invalid. Using default page load timeout: '30'

2023-06-07 10:20:52 - [MESSAGE][PASSED] - Tapped on element 'Object Repository/CPN105.1/android.widget.ImageButton (2)'

2023-06-07 10:20:52 - [TEST_STEP][PASSED] - tap(findTestObject("CPN105.1/android.widget.ImageButton"), 0): Tapped on element 'Object Repository/CPN105.1/android.widget.ImageButton'

2023-06-07 10:20:52 - [MESSAGE][WARNING] - Timeout '0' is invalid. Using default page load timeout: '30'

2023-06-07 10:20:54 - [MESSAGE][PASSED] - Tapped on element 'Object Repository/CPN105.1/android.widget.ImageButton'

2023-06-07 10:20:54 - [TEST_STEP][PASSED] - tap(findTestObject("CPN105.1/android.widget.LinearLayout"), 0): Tapped on element 'Object Repository/CPN105.1/android.widget.LinearLayout'

2023-06-07 10:20:54 - [MESSAGE][WARNING] - Timeout '0' is invalid. Using default page load timeout: '30'

2023-06-07 10:20:55 - [MESSAGE][PASSED] - Tapped on element 'Object Repository/CPN105.1/android.widget.LinearLayout'

2023-06-07 10:20:55 - [TEST_STEP][PASSED] - tap(findTestObject("Object Repository/CPN105.1/android.widget.ImageButton (3)"), 0): Tapped on element 'Object Repository/CPN105.1/android.widget.ImageButton (3)'

2023-06-07 10:20:55 - [MESSAGE][WARNING] - Timeout '0' is invalid. Using default page load timeout: '30'

2023-06-07 10:20:56 - [MESSAGE][PASSED] - Tapped on element 'Object Repository/CPN105.1/android.widget.ImageButton (3)'

2023-06-07 10:20:56 - [TEST_STEP][PASSED] - tap(findTestObject("Object Repository/CPN105.1/android.widget.ImageButton (4)"), 0): Tapped on element 'Object Repository/CPN105.1/android.widget.ImageButton (4)'

2023-06-07 10:20:57 - [MESSAGE][WARNING] - Timeout '0' is invalid. Using default page load timeout: '30'

2023-06-07 10:20:57 - [MESSAGE][PASSED] - Tapped on element 'Object Repository/CPN105.1/android.widget.ImageButton (4)'

2023-06-07 10:20:57 - [TEST_STEP][PASSED] - tap(findTestObject("CPN105.1/android.widget.ImageButton (2)"), 0): Tapped on element 'Object Repository/CPN105.1/android.widget.ImageButton (2)'

2023-06-07 10:20:57 - [MESSAGE][WARNING] - Timeout '0' is invalid. Using default page load timeout: '30'

2023-06-07 10:20:59 - [MESSAGE][PASSED] - Tapped on element 'Object Repository/CPN105.1/android.widget.ImageButton (2)'

2023-06-07 10:20:59 - [TEST_STEP][PASSED] - tap(findTestObject("Object Repository/CPN105.1/android.widget.ImageButton"), 0): Tapped on element 'Object Repository/CPN105.1/android.widget.ImageButton'

2023-06-07 10:20:59 - [MESSAGE][WARNING] - Timeout '0' is invalid. Using default page load timeout: '30'

2023-06-07 10:21:01 - [MESSAGE][PASSED] - Tapped on element 'Object Repository/CPN105.1/android.widget.ImageButton'

2023-06-07 10:21:01 - [TEST_STEP][PASSED] - tap(findTestObject("Object Repository/CPN105.1/android.widget.ImageView"), 0): Tapped on element 'Object Repository/CPN105.1/android.widget.ImageView'

2023-06-07 10:21:01 - [MESSAGE][WARNING] - Timeout '0' is invalid. Using default page load timeout: '30'

2023-06-07 10:21:01 - [MESSAGE][PASSED] - Tapped on element 'Object Repository/CPN105.1/android.widget.ImageView'

2023-06-07 10:21:01 - [TEST_STEP][PASSED] - tap(findTestObject("Object Repository/CPN105.1/android.widget.ImageButton (5)"), 0): Tapped on element 'Object Repository/CPN105.1/android.widget.ImageButton (5)'

2023-06-07 10:21:01 - [MESSAGE][WARNING] - Timeout '0' is invalid. Using default page load timeout: '30'

2023-06-07 10:21:04 - [MESSAGE][PASSED] - Tapped on element 'Object Repository/CPN105.1/android.widget.ImageButton (5)']]></system-out>
         <system-err><![CDATA[]]></system-err>
      </testcase>
      <system-out><![CDATA[2023-06-07 10:11:05 - [TEST_SUITE][PASSED] - PRUEBA-CPN105.1: Test Cases/EnvioMensajes/CPN105.1]]></system-out>
      <system-err><![CDATA[]]></system-err>
   </testsuite>
</testsuites>
