<?xml version="1.0" encoding="UTF-8"?>
<testsuites name="prueba lis" time="379.016" tests="13" failures="0" errors="0">
   <testsuite name="prueba lis" tests="13" failures="0" errors="0" time="379.016" skipped="0" timestamp="2023-09-27 16:07:21" hostname="Testing - DESKTOP-OBIGNLU" id="Test Suites/prueba lis">
      <properties>
         <property name="deviceName" value="samsung SM-A107M (Android 11)"/>
         <property name="devicePlatform" value=""/>
         <property name="logFolder" value="C:\\Users\\Testing\\Katalon Studio\\NN_Version2\\Reports\\20230927_160715\\prueba lis\\20230927_160715"/>
         <property name="logFiles" value="C:\\Users\\Testing\\Katalon Studio\\NN_Version2\\Reports\\20230927_160715\\prueba lis\\20230927_160715\\appium.log, C:\\Users\\Testing\\Katalon Studio\\NN_Version2\\Reports\\20230927_160715\\prueba lis\\20230927_160715\\execution0.log"/>
         <property name="attachments" value=""/>
         <property name="hostName" value="Testing - DESKTOP-OBIGNLU"/>
         <property name="os" value="Windows 10 64bit"/>
         <property name="appiumServerStatus" value="{&quot;value&quot;:{&quot;build&quot;:{&quot;version&quot;:&quot;1.22.3&quot;}},&quot;sessionId&quot;:null,&quot;status&quot;:0}"/>
         <property name="katalonVersion" value="8.6.8.208"/>
         <property name="deviceOS" value="Android"/>
         <property name="appiumVersion" value="1.22.3"/>
         <property name="deviceModel" value="SM-A107M"/>
         <property name="hostAddress" value="192.168.1.6"/>
         <property name="deviceManufacturer" value="samsung"/>
         <property name="deviceId" value="R9WN40KBXDJ"/>
         <property name="deviceName" value="samsung SM-A107M (Android 11)"/>
         <property name="deviceOSVersion" value="11"/>
      </properties>
      <testcase name="Test Cases/ingreso para prueba" time="45.892" classname="Test Cases/ingreso para prueba" status="PASSED">
         <system-out><![CDATA[2023-09-27 16:07:21 - [TEST_CASE][PASSED] - Test Cases/ingreso para prueba: Test Cases/ingreso para prueba

2023-09-27 16:07:22 - [TEST_STEP][PASSED] - startApplication("C:\Users\Testing\Desktop\katalon\Apk actualizada Android 13\NapoleoN.apk", true): Started app at: 'C:\Users\Testing\Desktop\katalon\Apk actualizada Android 13\NapoleoN.apk'

2023-09-27 16:07:22 - [MESSAGE][INFO] - User set preference: ['deviceId', '']

2023-09-27 16:07:22 - [MESSAGE][INFO] - Detected NodeJS location: "C:\Program Files\nodejs\node.exe"

2023-09-27 16:07:23 - [MESSAGE][INFO] - Appium server started on port 64.700

2023-09-27 16:08:06 - [MESSAGE][PASSED] - Started app at: 'C:\Users\Testing\Desktop\katalon\Apk actualizada Android 13\NapoleoN.apk'

2023-09-27 16:08:06 - [TEST_STEP][PASSED] - tap(findTestObject("Object Repository/Parte1/ingreso solo prueba/android.widget.TextView - Omitir"), 0): Tapped on element 'Object Repository/Parte1/ingreso solo prueba/android.widget.TextView - Omitir'

2023-09-27 16:08:06 - [MESSAGE][WARNING] - Timeout '0' is invalid. Using default page load timeout: '30'

2023-09-27 16:08:07 - [MESSAGE][PASSED] - Tapped on element 'Object Repository/Parte1/ingreso solo prueba/android.widget.TextView - Omitir']]></system-out>
         <system-err><![CDATA[]]></system-err>
      </testcase>
      <testcase name="Test Cases/Parte1/Iniciar_sesioncorrectamente/CPN22_23_24" time="69.94" classname="Test Cases/Parte1/Iniciar_sesioncorrectamente/CPN22_23_24" status="PASSED">
         <system-out><![CDATA[2023-09-27 16:08:07 - [TEST_CASE][PASSED] - Test Cases/Parte1/Iniciar_sesioncorrectamente/CPN22_23_24: Test Cases/Parte1/Iniciar_sesioncorrectamente/CPN22_23_24

2023-09-27 16:08:07 - [TEST_STEP][PASSED] - tap(findTestObject("Object Repository/Parte1/Iniciar_sesioncorrectamente/CPN22_23_24/android.widget.TextView - Iniciar sesin"), 0): Tapped on element 'Object Repository/Parte1/Iniciar_sesioncorrectamente/CPN22_23_24/android.widget.TextView - Iniciar sesin'

2023-09-27 16:08:07 - [MESSAGE][WARNING] - Timeout '0' is invalid. Using default page load timeout: '30'

2023-09-27 16:08:08 - [MESSAGE][PASSED] - Tapped on element 'Object Repository/Parte1/Iniciar_sesioncorrectamente/CPN22_23_24/android.widget.TextView - Iniciar sesin'

2023-09-27 16:08:08 - [TEST_STEP][PASSED] - waitForElementPresent(findTestObject("Object Repository/Parte1/Iniciar_sesioncorrectamente/CPN22_23_24/android.widget.TextView - Recuperar Cuenta"), 0): Element 'Object Repository/Parte1/Iniciar_sesioncorrectamente/CPN22_23_24/android.widget.TextView - Recuperar Cuenta' is present

2023-09-27 16:08:08 - [MESSAGE][WARNING] - Timeout '0' is invalid. Using default page load timeout: '30'

2023-09-27 16:08:10 - [MESSAGE][PASSED] - Element 'Object Repository/Parte1/Iniciar_sesioncorrectamente/CPN22_23_24/android.widget.TextView - Recuperar Cuenta' is present

2023-09-27 16:08:10 - [TEST_STEP][PASSED] - tap(findTestObject("Object Repository/Parte1/Iniciar_sesioncorrectamente/CPN22_23_24/android.widget.EditText - Apodo"), 0): Tapped on element 'Object Repository/Parte1/Iniciar_sesioncorrectamente/CPN22_23_24/android.widget.EditText - Apodo'

2023-09-27 16:08:10 - [MESSAGE][WARNING] - Timeout '0' is invalid. Using default page load timeout: '30'

2023-09-27 16:08:11 - [MESSAGE][PASSED] - Tapped on element 'Object Repository/Parte1/Iniciar_sesioncorrectamente/CPN22_23_24/android.widget.EditText - Apodo'

2023-09-27 16:08:11 - [TEST_STEP][PASSED] - setText(findTestObject("Object Repository/Parte1/Iniciar_sesioncorrectamente/CPN22_23_24/android.widget.EditText - Apodo (1)"), "edwin_1324", 0): Text 'edwin_1324' has been set to element 'Object Repository/Parte1/Iniciar_sesioncorrectamente/CPN22_23_24/android.widget.EditText - Apodo (1)'

2023-09-27 16:08:11 - [MESSAGE][WARNING] - Timeout '0' is invalid. Using default page load timeout: '30'

2023-09-27 16:08:14 - [MESSAGE][PASSED] - Text 'edwin_1324' has been set to element 'Object Repository/Parte1/Iniciar_sesioncorrectamente/CPN22_23_24/android.widget.EditText - Apodo (1)'

2023-09-27 16:08:14 - [TEST_STEP][PASSED] - hideKeyboard(): Keyboard is hidden

2023-09-27 16:08:17 - [MESSAGE][PASSED] - Keyboard is hidden

2023-09-27 16:08:17 - [TEST_STEP][PASSED] - tap(findTestObject("Object Repository/Parte1/Iniciar_sesioncorrectamente/CPN22_23_24/android.widget.Button - Recuperar"), 0): Tapped on element 'Object Repository/Parte1/Iniciar_sesioncorrectamente/CPN22_23_24/android.widget.Button - Recuperar'

2023-09-27 16:08:17 - [MESSAGE][WARNING] - Timeout '0' is invalid. Using default page load timeout: '30'

2023-09-27 16:08:18 - [MESSAGE][PASSED] - Tapped on element 'Object Repository/Parte1/Iniciar_sesioncorrectamente/CPN22_23_24/android.widget.Button - Recuperar'

2023-09-27 16:08:18 - [TEST_STEP][PASSED] - delay(5, STOP_ON_FAILURE): Delayed 5 second(s)

2023-09-27 16:08:23 - [MESSAGE][PASSED] - Delayed 5 second(s)

2023-09-27 16:08:23 - [TEST_STEP][PASSED] - i = 1: null

2023-09-27 16:08:23 - [TEST_STEP][PASSED] - while (i <= 5): null

2023-09-27 16:08:23 - [TEST_STEP][PASSED] - radioGroupObject = findTestObject("Object Repository/Parte1/Iniciar_sesioncorrectamente/CPN22_23_24/android.widget.RadioGroup"): null

2023-09-27 16:08:23 - [TEST_STEP][PASSED] - optionUnoObject = findTestObject("Object Repository/Parte1/Iniciar_sesioncorrectamente/CPN22_23_24/android.widget.RadioButton - Uno"): null

2023-09-27 16:08:23 - [TEST_STEP][PASSED] - optionDosObject = findTestObject("Object Repository/Parte1/Iniciar_sesioncorrectamente/CPN22_23_24/android.widget.RadioButton - Dos"): null

2023-09-27 16:08:23 - [TEST_STEP][PASSED] - optionTresObject = findTestObject("Object Repository/Parte1/Iniciar_sesioncorrectamente/CPN22_23_24/android.widget.RadioButton - Tres"): null

2023-09-27 16:08:23 - [TEST_STEP][PASSED] - siguienteButton = findTestObject("Parte1/Iniciar_sesioncorrectamente/CPN22_23_24/android.widget.Button - Siguiente"): null

2023-09-27 16:08:23 - [TEST_STEP][PASSED] - if (waitForElementPresent(radioGroupObject, 2)): null

2023-09-27 16:08:23 - [MESSAGE][PASSED] - Element 'Object Repository/Parte1/Iniciar_sesioncorrectamente/CPN22_23_24/android.widget.RadioGroup' is present

2023-09-27 16:08:23 - [TEST_STEP][PASSED] - if (waitForElementPresent(optionUnoObject, 2)): Object Object Repository/Parte1/Iniciar_sesioncorrectamente/CPN22_23_24/android.widget.RadioButton - Tres not found

2023-09-27 16:08:25 - [MESSAGE][WARNING] - Object Object Repository/Parte1/Iniciar_sesioncorrectamente/CPN22_23_24/android.widget.RadioButton - Uno not found

2023-09-27 16:08:27 - [MESSAGE][WARNING] - Object Object Repository/Parte1/Iniciar_sesioncorrectamente/CPN22_23_24/android.widget.RadioButton - Dos not found

2023-09-27 16:08:29 - [MESSAGE][WARNING] - Object Object Repository/Parte1/Iniciar_sesioncorrectamente/CPN22_23_24/android.widget.RadioButton - Tres not found

2023-09-27 16:08:29 - [TEST_STEP][PASSED] - else if (waitForElementPresent(optionDosObject, 2)): null

2023-09-27 16:08:29 - [TEST_STEP][PASSED] - else if (waitForElementPresent(optionTresObject, 2)): null

2023-09-27 16:08:29 - [TEST_STEP][PASSED] - else: Tapped on element 'Object Repository/Parte1/Iniciar_sesioncorrectamente/CPN22_23_24/android.widget.RadioButton - No eleg esta pregunta'

2023-09-27 16:08:29 - [TEST_STEP][PASSED] - tap(findTestObject("Parte1/Iniciar_sesioncorrectamente/CPN22_23_24/android.widget.RadioButton - No eleg esta pregunta"), 0): Tapped on element 'Object Repository/Parte1/Iniciar_sesioncorrectamente/CPN22_23_24/android.widget.RadioButton - No eleg esta pregunta'

2023-09-27 16:08:30 - [MESSAGE][WARNING] - Timeout '0' is invalid. Using default page load timeout: '30'

2023-09-27 16:08:30 - [MESSAGE][PASSED] - Tapped on element 'Object Repository/Parte1/Iniciar_sesioncorrectamente/CPN22_23_24/android.widget.RadioButton - No eleg esta pregunta'

2023-09-27 16:08:30 - [TEST_STEP][PASSED] - if (waitForElementPresent(siguienteButton, 2)): null

2023-09-27 16:08:31 - [MESSAGE][PASSED] - Element 'Object Repository/Parte1/Iniciar_sesioncorrectamente/CPN22_23_24/android.widget.Button - Siguiente' is present

2023-09-27 16:08:31 - [TEST_STEP][PASSED] - tap(siguienteButton, 0): Tapped on element 'Object Repository/Parte1/Iniciar_sesioncorrectamente/CPN22_23_24/android.widget.Button - Siguiente'

2023-09-27 16:08:31 - [MESSAGE][WARNING] - Timeout '0' is invalid. Using default page load timeout: '30'

2023-09-27 16:08:32 - [MESSAGE][PASSED] - Tapped on element 'Object Repository/Parte1/Iniciar_sesioncorrectamente/CPN22_23_24/android.widget.Button - Siguiente'

2023-09-27 16:08:32 - [TEST_STEP][PASSED] - (i++): null

2023-09-27 16:08:32 - [TEST_STEP][PASSED] - radioGroupObject = findTestObject("Object Repository/Parte1/Iniciar_sesioncorrectamente/CPN22_23_24/android.widget.RadioGroup"): null

2023-09-27 16:08:32 - [TEST_STEP][PASSED] - optionUnoObject = findTestObject("Object Repository/Parte1/Iniciar_sesioncorrectamente/CPN22_23_24/android.widget.RadioButton - Uno"): null

2023-09-27 16:08:32 - [TEST_STEP][PASSED] - optionDosObject = findTestObject("Object Repository/Parte1/Iniciar_sesioncorrectamente/CPN22_23_24/android.widget.RadioButton - Dos"): null

2023-09-27 16:08:32 - [TEST_STEP][PASSED] - optionTresObject = findTestObject("Object Repository/Parte1/Iniciar_sesioncorrectamente/CPN22_23_24/android.widget.RadioButton - Tres"): null

2023-09-27 16:08:32 - [TEST_STEP][PASSED] - siguienteButton = findTestObject("Parte1/Iniciar_sesioncorrectamente/CPN22_23_24/android.widget.Button - Siguiente"): null

2023-09-27 16:08:32 - [TEST_STEP][PASSED] - if (waitForElementPresent(radioGroupObject, 2)): null

2023-09-27 16:08:32 - [MESSAGE][PASSED] - Element 'Object Repository/Parte1/Iniciar_sesioncorrectamente/CPN22_23_24/android.widget.RadioGroup' is present

2023-09-27 16:08:32 - [TEST_STEP][PASSED] - if (waitForElementPresent(optionUnoObject, 2)): Object Object Repository/Parte1/Iniciar_sesioncorrectamente/CPN22_23_24/android.widget.RadioButton - Tres not found

2023-09-27 16:08:34 - [MESSAGE][WARNING] - Object Object Repository/Parte1/Iniciar_sesioncorrectamente/CPN22_23_24/android.widget.RadioButton - Uno not found

2023-09-27 16:08:36 - [MESSAGE][WARNING] - Object Object Repository/Parte1/Iniciar_sesioncorrectamente/CPN22_23_24/android.widget.RadioButton - Dos not found

2023-09-27 16:08:38 - [MESSAGE][WARNING] - Object Object Repository/Parte1/Iniciar_sesioncorrectamente/CPN22_23_24/android.widget.RadioButton - Tres not found

2023-09-27 16:08:38 - [TEST_STEP][PASSED] - else if (waitForElementPresent(optionDosObject, 2)): null

2023-09-27 16:08:38 - [TEST_STEP][PASSED] - else if (waitForElementPresent(optionTresObject, 2)): null

2023-09-27 16:08:38 - [TEST_STEP][PASSED] - else: Tapped on element 'Object Repository/Parte1/Iniciar_sesioncorrectamente/CPN22_23_24/android.widget.RadioButton - No eleg esta pregunta'

2023-09-27 16:08:38 - [TEST_STEP][PASSED] - tap(findTestObject("Parte1/Iniciar_sesioncorrectamente/CPN22_23_24/android.widget.RadioButton - No eleg esta pregunta"), 0): Tapped on element 'Object Repository/Parte1/Iniciar_sesioncorrectamente/CPN22_23_24/android.widget.RadioButton - No eleg esta pregunta'

2023-09-27 16:08:38 - [MESSAGE][WARNING] - Timeout '0' is invalid. Using default page load timeout: '30'

2023-09-27 16:08:38 - [MESSAGE][PASSED] - Tapped on element 'Object Repository/Parte1/Iniciar_sesioncorrectamente/CPN22_23_24/android.widget.RadioButton - No eleg esta pregunta'

2023-09-27 16:08:38 - [TEST_STEP][PASSED] - if (waitForElementPresent(siguienteButton, 2)): null

2023-09-27 16:08:39 - [MESSAGE][PASSED] - Element 'Object Repository/Parte1/Iniciar_sesioncorrectamente/CPN22_23_24/android.widget.Button - Siguiente' is present

2023-09-27 16:08:39 - [TEST_STEP][PASSED] - tap(siguienteButton, 0): Tapped on element 'Object Repository/Parte1/Iniciar_sesioncorrectamente/CPN22_23_24/android.widget.Button - Siguiente'

2023-09-27 16:08:39 - [MESSAGE][WARNING] - Timeout '0' is invalid. Using default page load timeout: '30'

2023-09-27 16:08:40 - [MESSAGE][PASSED] - Tapped on element 'Object Repository/Parte1/Iniciar_sesioncorrectamente/CPN22_23_24/android.widget.Button - Siguiente'

2023-09-27 16:08:40 - [TEST_STEP][PASSED] - (i++): null

2023-09-27 16:08:40 - [TEST_STEP][PASSED] - radioGroupObject = findTestObject("Object Repository/Parte1/Iniciar_sesioncorrectamente/CPN22_23_24/android.widget.RadioGroup"): null

2023-09-27 16:08:40 - [TEST_STEP][PASSED] - optionUnoObject = findTestObject("Object Repository/Parte1/Iniciar_sesioncorrectamente/CPN22_23_24/android.widget.RadioButton - Uno"): null

2023-09-27 16:08:40 - [TEST_STEP][PASSED] - optionDosObject = findTestObject("Object Repository/Parte1/Iniciar_sesioncorrectamente/CPN22_23_24/android.widget.RadioButton - Dos"): null

2023-09-27 16:08:40 - [TEST_STEP][PASSED] - optionTresObject = findTestObject("Object Repository/Parte1/Iniciar_sesioncorrectamente/CPN22_23_24/android.widget.RadioButton - Tres"): null

2023-09-27 16:08:40 - [TEST_STEP][PASSED] - siguienteButton = findTestObject("Parte1/Iniciar_sesioncorrectamente/CPN22_23_24/android.widget.Button - Siguiente"): null

2023-09-27 16:08:40 - [TEST_STEP][PASSED] - if (waitForElementPresent(radioGroupObject, 2)): null

2023-09-27 16:08:40 - [MESSAGE][PASSED] - Element 'Object Repository/Parte1/Iniciar_sesioncorrectamente/CPN22_23_24/android.widget.RadioGroup' is present

2023-09-27 16:08:40 - [TEST_STEP][PASSED] - if (waitForElementPresent(optionUnoObject, 2)): Element 'Object Repository/Parte1/Iniciar_sesioncorrectamente/CPN22_23_24/android.widget.RadioButton - Dos' is present

2023-09-27 16:08:42 - [MESSAGE][WARNING] - Object Object Repository/Parte1/Iniciar_sesioncorrectamente/CPN22_23_24/android.widget.RadioButton - Uno not found

2023-09-27 16:08:43 - [MESSAGE][PASSED] - Element 'Object Repository/Parte1/Iniciar_sesioncorrectamente/CPN22_23_24/android.widget.RadioButton - Dos' is present

2023-09-27 16:08:43 - [TEST_STEP][PASSED] - else if (waitForElementPresent(optionDosObject, 2)): Tapped on element 'Object Repository/Parte1/Iniciar_sesioncorrectamente/CPN22_23_24/android.widget.RadioButton - Dos'

2023-09-27 16:08:43 - [TEST_STEP][PASSED] - tap(optionDosObject, 2): Tapped on element 'Object Repository/Parte1/Iniciar_sesioncorrectamente/CPN22_23_24/android.widget.RadioButton - Dos'

2023-09-27 16:08:43 - [MESSAGE][PASSED] - Tapped on element 'Object Repository/Parte1/Iniciar_sesioncorrectamente/CPN22_23_24/android.widget.RadioButton - Dos'

2023-09-27 16:08:43 - [TEST_STEP][PASSED] - if (waitForElementPresent(siguienteButton, 2)): null

2023-09-27 16:08:44 - [MESSAGE][PASSED] - Element 'Object Repository/Parte1/Iniciar_sesioncorrectamente/CPN22_23_24/android.widget.Button - Siguiente' is present

2023-09-27 16:08:44 - [TEST_STEP][PASSED] - tap(siguienteButton, 0): Tapped on element 'Object Repository/Parte1/Iniciar_sesioncorrectamente/CPN22_23_24/android.widget.Button - Siguiente'

2023-09-27 16:08:44 - [MESSAGE][WARNING] - Timeout '0' is invalid. Using default page load timeout: '30'

2023-09-27 16:08:44 - [MESSAGE][PASSED] - Tapped on element 'Object Repository/Parte1/Iniciar_sesioncorrectamente/CPN22_23_24/android.widget.Button - Siguiente'

2023-09-27 16:08:44 - [TEST_STEP][PASSED] - (i++): null

2023-09-27 16:08:44 - [TEST_STEP][PASSED] - radioGroupObject = findTestObject("Object Repository/Parte1/Iniciar_sesioncorrectamente/CPN22_23_24/android.widget.RadioGroup"): null

2023-09-27 16:08:44 - [TEST_STEP][PASSED] - optionUnoObject = findTestObject("Object Repository/Parte1/Iniciar_sesioncorrectamente/CPN22_23_24/android.widget.RadioButton - Uno"): null

2023-09-27 16:08:44 - [TEST_STEP][PASSED] - optionDosObject = findTestObject("Object Repository/Parte1/Iniciar_sesioncorrectamente/CPN22_23_24/android.widget.RadioButton - Dos"): null

2023-09-27 16:08:44 - [TEST_STEP][PASSED] - optionTresObject = findTestObject("Object Repository/Parte1/Iniciar_sesioncorrectamente/CPN22_23_24/android.widget.RadioButton - Tres"): null

2023-09-27 16:08:44 - [TEST_STEP][PASSED] - siguienteButton = findTestObject("Parte1/Iniciar_sesioncorrectamente/CPN22_23_24/android.widget.Button - Siguiente"): null

2023-09-27 16:08:44 - [TEST_STEP][PASSED] - if (waitForElementPresent(radioGroupObject, 2)): null

2023-09-27 16:08:45 - [MESSAGE][PASSED] - Element 'Object Repository/Parte1/Iniciar_sesioncorrectamente/CPN22_23_24/android.widget.RadioGroup' is present

2023-09-27 16:08:45 - [TEST_STEP][PASSED] - if (waitForElementPresent(optionUnoObject, 2)): Element 'Object Repository/Parte1/Iniciar_sesioncorrectamente/CPN22_23_24/android.widget.RadioButton - Tres' is present

2023-09-27 16:08:47 - [MESSAGE][WARNING] - Object Object Repository/Parte1/Iniciar_sesioncorrectamente/CPN22_23_24/android.widget.RadioButton - Uno not found

2023-09-27 16:08:49 - [MESSAGE][WARNING] - Object Object Repository/Parte1/Iniciar_sesioncorrectamente/CPN22_23_24/android.widget.RadioButton - Dos not found

2023-09-27 16:08:49 - [MESSAGE][PASSED] - Element 'Object Repository/Parte1/Iniciar_sesioncorrectamente/CPN22_23_24/android.widget.RadioButton - Tres' is present

2023-09-27 16:08:49 - [TEST_STEP][PASSED] - else if (waitForElementPresent(optionDosObject, 2)): null

2023-09-27 16:08:49 - [TEST_STEP][PASSED] - else if (waitForElementPresent(optionTresObject, 2)): Tapped on element 'Object Repository/Parte1/Iniciar_sesioncorrectamente/CPN22_23_24/android.widget.RadioButton - Tres'

2023-09-27 16:08:49 - [TEST_STEP][PASSED] - tap(optionTresObject, 2): Tapped on element 'Object Repository/Parte1/Iniciar_sesioncorrectamente/CPN22_23_24/android.widget.RadioButton - Tres'

2023-09-27 16:08:49 - [MESSAGE][PASSED] - Tapped on element 'Object Repository/Parte1/Iniciar_sesioncorrectamente/CPN22_23_24/android.widget.RadioButton - Tres'

2023-09-27 16:08:49 - [TEST_STEP][PASSED] - if (waitForElementPresent(siguienteButton, 2)): null

2023-09-27 16:08:50 - [MESSAGE][PASSED] - Element 'Object Repository/Parte1/Iniciar_sesioncorrectamente/CPN22_23_24/android.widget.Button - Siguiente' is present

2023-09-27 16:08:50 - [TEST_STEP][PASSED] - tap(siguienteButton, 0): Tapped on element 'Object Repository/Parte1/Iniciar_sesioncorrectamente/CPN22_23_24/android.widget.Button - Siguiente'

2023-09-27 16:08:50 - [MESSAGE][WARNING] - Timeout '0' is invalid. Using default page load timeout: '30'

2023-09-27 16:08:50 - [MESSAGE][PASSED] - Tapped on element 'Object Repository/Parte1/Iniciar_sesioncorrectamente/CPN22_23_24/android.widget.Button - Siguiente'

2023-09-27 16:08:50 - [TEST_STEP][PASSED] - (i++): null

2023-09-27 16:08:50 - [TEST_STEP][PASSED] - radioGroupObject = findTestObject("Object Repository/Parte1/Iniciar_sesioncorrectamente/CPN22_23_24/android.widget.RadioGroup"): null

2023-09-27 16:08:50 - [TEST_STEP][PASSED] - optionUnoObject = findTestObject("Object Repository/Parte1/Iniciar_sesioncorrectamente/CPN22_23_24/android.widget.RadioButton - Uno"): null

2023-09-27 16:08:50 - [TEST_STEP][PASSED] - optionDosObject = findTestObject("Object Repository/Parte1/Iniciar_sesioncorrectamente/CPN22_23_24/android.widget.RadioButton - Dos"): null

2023-09-27 16:08:50 - [TEST_STEP][PASSED] - optionTresObject = findTestObject("Object Repository/Parte1/Iniciar_sesioncorrectamente/CPN22_23_24/android.widget.RadioButton - Tres"): null

2023-09-27 16:08:50 - [TEST_STEP][PASSED] - siguienteButton = findTestObject("Parte1/Iniciar_sesioncorrectamente/CPN22_23_24/android.widget.Button - Siguiente"): null

2023-09-27 16:08:50 - [TEST_STEP][PASSED] - if (waitForElementPresent(radioGroupObject, 2)): null

2023-09-27 16:08:51 - [MESSAGE][PASSED] - Element 'Object Repository/Parte1/Iniciar_sesioncorrectamente/CPN22_23_24/android.widget.RadioGroup' is present

2023-09-27 16:08:51 - [TEST_STEP][PASSED] - if (waitForElementPresent(optionUnoObject, 2)): null

2023-09-27 16:08:51 - [MESSAGE][PASSED] - Element 'Object Repository/Parte1/Iniciar_sesioncorrectamente/CPN22_23_24/android.widget.RadioButton - Uno' is present

2023-09-27 16:08:51 - [TEST_STEP][PASSED] - tap(optionUnoObject, 2): Tapped on element 'Object Repository/Parte1/Iniciar_sesioncorrectamente/CPN22_23_24/android.widget.RadioButton - Uno'

2023-09-27 16:08:51 - [MESSAGE][PASSED] - Tapped on element 'Object Repository/Parte1/Iniciar_sesioncorrectamente/CPN22_23_24/android.widget.RadioButton - Uno'

2023-09-27 16:08:51 - [TEST_STEP][PASSED] - if (waitForElementPresent(siguienteButton, 2)): Object Object Repository/Parte1/Iniciar_sesioncorrectamente/CPN22_23_24/android.widget.Button - Siguiente not found

2023-09-27 16:08:53 - [MESSAGE][WARNING] - Object Object Repository/Parte1/Iniciar_sesioncorrectamente/CPN22_23_24/android.widget.Button - Siguiente not found

2023-09-27 16:08:53 - [TEST_STEP][PASSED] - else: Tapped on element 'Object Repository/Parte1/Iniciar_sesioncorrectamente/CPN22_23_24/android.widget.Button - Finalizar'

2023-09-27 16:08:53 - [TEST_STEP][PASSED] - tap(findTestObject("Parte1/Iniciar_sesioncorrectamente/CPN22_23_24/android.widget.Button - Finalizar"), 0): Tapped on element 'Object Repository/Parte1/Iniciar_sesioncorrectamente/CPN22_23_24/android.widget.Button - Finalizar'

2023-09-27 16:08:53 - [MESSAGE][WARNING] - Timeout '0' is invalid. Using default page load timeout: '30'

2023-09-27 16:08:54 - [MESSAGE][PASSED] - Tapped on element 'Object Repository/Parte1/Iniciar_sesioncorrectamente/CPN22_23_24/android.widget.Button - Finalizar'

2023-09-27 16:08:54 - [TEST_STEP][PASSED] - (i++): null

2023-09-27 16:08:54 - [TEST_STEP][PASSED] - verifyElementVisible(findTestObject("Parte1/Iniciar_sesioncorrectamente/CPN22_23_24/android.widget.TextView - Tu cuenta ha sido recuperada. Gracias por recuperar tu cuenta, ahora puedes chatear de forma privada y segura con tus contactos"), 0): Element 'Object Repository/Parte1/Iniciar_sesioncorrectamente/CPN22_23_24/android.widget.TextView - Tu cuenta ha sido recuperada. Gracias por recuperar tu cuenta, ahora puedes chatear de forma privada y segura con tus contactos' is visible

2023-09-27 16:08:54 - [MESSAGE][WARNING] - Timeout '0' is invalid. Using default page load timeout: '30'

2023-09-27 16:08:57 - [MESSAGE][PASSED] - Element 'Object Repository/Parte1/Iniciar_sesioncorrectamente/CPN22_23_24/android.widget.TextView - Tu cuenta ha sido recuperada. Gracias por recuperar tu cuenta, ahora puedes chatear de forma privada y segura con tus contactos' is visible

2023-09-27 16:08:57 - [TEST_STEP][PASSED] - tap(findTestObject("Object Repository/Parte1/Iniciar_sesioncorrectamente/CPN22_23_24/android.widget.Button - Cerrar"), 0): Tapped on element 'Object Repository/Parte1/Iniciar_sesioncorrectamente/CPN22_23_24/android.widget.Button - Cerrar'

2023-09-27 16:08:57 - [MESSAGE][WARNING] - Timeout '0' is invalid. Using default page load timeout: '30'

2023-09-27 16:08:58 - [MESSAGE][PASSED] - Tapped on element 'Object Repository/Parte1/Iniciar_sesioncorrectamente/CPN22_23_24/android.widget.Button - Cerrar'

2023-09-27 16:08:58 - [TEST_STEP][PASSED] - tap(findTestObject("Object Repository/Parte1/Iniciar_sesioncorrectamente/CPN22_23_24/android.widget.EditText - Pin de Acceso"), 0): Tapped on element 'Object Repository/Parte1/Iniciar_sesioncorrectamente/CPN22_23_24/android.widget.EditText - Pin de Acceso'

2023-09-27 16:08:58 - [MESSAGE][WARNING] - Timeout '0' is invalid. Using default page load timeout: '30'

2023-09-27 16:09:01 - [MESSAGE][PASSED] - Tapped on element 'Object Repository/Parte1/Iniciar_sesioncorrectamente/CPN22_23_24/android.widget.EditText - Pin de Acceso'

2023-09-27 16:09:01 - [TEST_STEP][PASSED] - setText(findTestObject("Object Repository/Parte1/Iniciar_sesioncorrectamente/CPN22_23_24/android.widget.EditText - Pin de Acceso (1)"), "0000", 0): Text '0000' has been set to element 'Object Repository/Parte1/Iniciar_sesioncorrectamente/CPN22_23_24/android.widget.EditText - Pin de Acceso (1)'

2023-09-27 16:09:01 - [MESSAGE][WARNING] - Timeout '0' is invalid. Using default page load timeout: '30'

2023-09-27 16:09:05 - [MESSAGE][PASSED] - Text '0000' has been set to element 'Object Repository/Parte1/Iniciar_sesioncorrectamente/CPN22_23_24/android.widget.EditText - Pin de Acceso (1)'

2023-09-27 16:09:05 - [TEST_STEP][PASSED] - tap(findTestObject("Object Repository/Parte1/Iniciar_sesioncorrectamente/CPN22_23_24/android.widget.EditText - Confirmar nuevo pin de acceso"), 0): Tapped on element 'Object Repository/Parte1/Iniciar_sesioncorrectamente/CPN22_23_24/android.widget.EditText - Confirmar nuevo pin de acceso'

2023-09-27 16:09:05 - [MESSAGE][WARNING] - Timeout '0' is invalid. Using default page load timeout: '30'

2023-09-27 16:09:06 - [MESSAGE][PASSED] - Tapped on element 'Object Repository/Parte1/Iniciar_sesioncorrectamente/CPN22_23_24/android.widget.EditText - Confirmar nuevo pin de acceso'

2023-09-27 16:09:06 - [TEST_STEP][PASSED] - setText(findTestObject("Object Repository/Parte1/Iniciar_sesioncorrectamente/CPN22_23_24/android.widget.EditText - Confirmar nuevo pin de acceso (1)"), "0000", 0): Text '0000' has been set to element 'Object Repository/Parte1/Iniciar_sesioncorrectamente/CPN22_23_24/android.widget.EditText - Confirmar nuevo pin de acceso (1)'

2023-09-27 16:09:06 - [MESSAGE][WARNING] - Timeout '0' is invalid. Using default page load timeout: '30'

2023-09-27 16:09:08 - [MESSAGE][PASSED] - Text '0000' has been set to element 'Object Repository/Parte1/Iniciar_sesioncorrectamente/CPN22_23_24/android.widget.EditText - Confirmar nuevo pin de acceso (1)'

2023-09-27 16:09:08 - [TEST_STEP][PASSED] - hideKeyboard(): Keyboard is hidden

2023-09-27 16:09:11 - [MESSAGE][PASSED] - Keyboard is hidden

2023-09-27 16:09:11 - [TEST_STEP][PASSED] - tap(findTestObject("Object Repository/Parte1/Iniciar_sesioncorrectamente/CPN22_23_24/android.widget.Button - Recuperar cuenta"), 0): Tapped on element 'Object Repository/Parte1/Iniciar_sesioncorrectamente/CPN22_23_24/android.widget.Button - Recuperar cuenta'

2023-09-27 16:09:11 - [MESSAGE][WARNING] - Timeout '0' is invalid. Using default page load timeout: '30'

2023-09-27 16:09:11 - [MESSAGE][PASSED] - Tapped on element 'Object Repository/Parte1/Iniciar_sesioncorrectamente/CPN22_23_24/android.widget.Button - Recuperar cuenta'

2023-09-27 16:09:11 - [TEST_STEP][PASSED] - delay(6, STOP_ON_FAILURE): Delayed 6 second(s)

2023-09-27 16:09:17 - [MESSAGE][PASSED] - Delayed 6 second(s)]]></system-out>
         <system-err><![CDATA[]]></system-err>
      </testcase>
      <testcase name="Test Cases/Tutorial_nuevo" time="7.835" classname="Test Cases/Tutorial_nuevo" status="PASSED">
         <system-out><![CDATA[2023-09-27 16:09:17 - [TEST_CASE][PASSED] - Test Cases/Tutorial_nuevo: Test Cases/Tutorial_nuevo

2023-09-27 16:09:17 - [TEST_STEP][PASSED] - delay(5, STOP_ON_FAILURE): Delayed 5 second(s)

2023-09-27 16:09:22 - [MESSAGE][PASSED] - Delayed 5 second(s)

2023-09-27 16:09:22 - [TEST_STEP][PASSED] - tap(findTestObject("Object Repository/Parte1/Tutorial_nuevo/android.widget.FrameLayout"), 0): Tapped on element 'Object Repository/Parte1/Tutorial_nuevo/android.widget.FrameLayout'

2023-09-27 16:09:22 - [MESSAGE][WARNING] - Timeout '0' is invalid. Using default page load timeout: '30'

2023-09-27 16:09:25 - [MESSAGE][PASSED] - Tapped on element 'Object Repository/Parte1/Tutorial_nuevo/android.widget.FrameLayout'

2023-09-27 16:09:25 - [TEST_STEP][PASSED] - waitForElementPresent(findTestObject("Object Repository/Parte1/Tutorial_nuevo/android.widget.TextView - NapoleoN"), 0): Element 'Object Repository/Parte1/Tutorial_nuevo/android.widget.TextView - NapoleoN' is present

2023-09-27 16:09:25 - [MESSAGE][WARNING] - Timeout '0' is invalid. Using default page load timeout: '30'

2023-09-27 16:09:25 - [MESSAGE][PASSED] - Element 'Object Repository/Parte1/Tutorial_nuevo/android.widget.TextView - NapoleoN' is present]]></system-out>
         <system-err><![CDATA[]]></system-err>
      </testcase>
      <testcase name="Test Cases/Parte1/Recuperar_cuenta/CPN25" time="23.277" classname="Test Cases/Parte1/Recuperar_cuenta/CPN25" status="PASSED">
         <system-out><![CDATA[2023-09-27 16:09:25 - [TEST_CASE][PASSED] - Test Cases/Parte1/Recuperar_cuenta/CPN25: Test Cases/Parte1/Recuperar_cuenta/CPN25

2023-09-27 16:09:25 - [TEST_STEP][PASSED] - tap(findTestObject("Object Repository/Parte1/Recuperar_cuenta/CPN25/android.widget.FrameLayout (2)"), 0): Tapped on element 'Object Repository/Parte1/Recuperar_cuenta/CPN25/android.widget.FrameLayout (2)'

2023-09-27 16:09:25 - [MESSAGE][WARNING] - Timeout '0' is invalid. Using default page load timeout: '30'

2023-09-27 16:09:26 - [MESSAGE][PASSED] - Tapped on element 'Object Repository/Parte1/Recuperar_cuenta/CPN25/android.widget.FrameLayout (2)'

2023-09-27 16:09:26 - [TEST_STEP][PASSED] - tap(findTestObject("Object Repository/Parte1/Recuperar_cuenta/CPN25/android.widget.ImageButton (1)"), 0): Tapped on element 'Object Repository/Parte1/Recuperar_cuenta/CPN25/android.widget.ImageButton (1)'

2023-09-27 16:09:26 - [MESSAGE][WARNING] - Timeout '0' is invalid. Using default page load timeout: '30'

2023-09-27 16:09:27 - [MESSAGE][PASSED] - Tapped on element 'Object Repository/Parte1/Recuperar_cuenta/CPN25/android.widget.ImageButton (1)'

2023-09-27 16:09:27 - [TEST_STEP][PASSED] - tap(findTestObject("Object Repository/Parte1/Recuperar_cuenta/CPN25/android.widget.LinearLayout"), 0): Tapped on element 'Object Repository/Parte1/Recuperar_cuenta/CPN25/android.widget.LinearLayout'

2023-09-27 16:09:27 - [MESSAGE][WARNING] - Timeout '0' is invalid. Using default page load timeout: '30'

2023-09-27 16:09:28 - [MESSAGE][PASSED] - Tapped on element 'Object Repository/Parte1/Recuperar_cuenta/CPN25/android.widget.LinearLayout'

2023-09-27 16:09:28 - [TEST_STEP][PASSED] - tap(findTestObject("Object Repository/Parte1/Recuperar_cuenta/CPN25/android.widget.ImageButton (2)"), 0): Tapped on element 'Object Repository/Parte1/Recuperar_cuenta/CPN25/android.widget.ImageButton (2)'

2023-09-27 16:09:29 - [MESSAGE][WARNING] - Timeout '0' is invalid. Using default page load timeout: '30'

2023-09-27 16:09:30 - [MESSAGE][PASSED] - Tapped on element 'Object Repository/Parte1/Recuperar_cuenta/CPN25/android.widget.ImageButton (2)'

2023-09-27 16:09:30 - [TEST_STEP][PASSED] - tap(findTestObject("Object Repository/Parte1/Recuperar_cuenta/CPN25/android.widget.Button"), 0): Tapped on element 'Object Repository/Parte1/Recuperar_cuenta/CPN25/android.widget.Button'

2023-09-27 16:09:30 - [MESSAGE][WARNING] - Timeout '0' is invalid. Using default page load timeout: '30'

2023-09-27 16:09:34 - [MESSAGE][PASSED] - Tapped on element 'Object Repository/Parte1/Recuperar_cuenta/CPN25/android.widget.Button'

2023-09-27 16:09:34 - [TEST_STEP][PASSED] - delay(4, STOP_ON_FAILURE): Delayed 4 second(s)

2023-09-27 16:09:38 - [MESSAGE][PASSED] - Delayed 4 second(s)

2023-09-27 16:09:38 - [TEST_STEP][PASSED] - tap(findTestObject("Parte1/Recuperar_cuenta/CPN25/android.widget.ImageButton (1)"), 0): Tapped on element 'Object Repository/Parte1/Recuperar_cuenta/CPN25/android.widget.ImageButton (1)'

2023-09-27 16:09:38 - [MESSAGE][WARNING] - Timeout '0' is invalid. Using default page load timeout: '30'

2023-09-27 16:09:39 - [MESSAGE][PASSED] - Tapped on element 'Object Repository/Parte1/Recuperar_cuenta/CPN25/android.widget.ImageButton (1)'

2023-09-27 16:09:39 - [TEST_STEP][PASSED] - tap(findTestObject("Object Repository/Parte1/Recuperar_cuenta/CPN25/android.widget.LinearLayout (1)"), 0): Tapped on element 'Object Repository/Parte1/Recuperar_cuenta/CPN25/android.widget.LinearLayout (1)'

2023-09-27 16:09:39 - [MESSAGE][WARNING] - Timeout '0' is invalid. Using default page load timeout: '30'

2023-09-27 16:09:40 - [MESSAGE][PASSED] - Tapped on element 'Object Repository/Parte1/Recuperar_cuenta/CPN25/android.widget.LinearLayout (1)'

2023-09-27 16:09:40 - [TEST_STEP][PASSED] - tap(findTestObject("Object Repository/Parte1/Recuperar_cuenta/CPN25/android.widget.ImageView (5)"), 0): Tapped on element 'Object Repository/Parte1/Recuperar_cuenta/CPN25/android.widget.ImageView (5)'

2023-09-27 16:09:40 - [MESSAGE][WARNING] - Timeout '0' is invalid. Using default page load timeout: '30'

2023-09-27 16:09:41 - [MESSAGE][PASSED] - Tapped on element 'Object Repository/Parte1/Recuperar_cuenta/CPN25/android.widget.ImageView (5)'

2023-09-27 16:09:41 - [TEST_STEP][PASSED] - tap(findTestObject("Object Repository/Parte1/Recuperar_cuenta/CPN25/android.widget.ImageView (6)"), 0): Tapped on element 'Object Repository/Parte1/Recuperar_cuenta/CPN25/android.widget.ImageView (6)'

2023-09-27 16:09:41 - [MESSAGE][WARNING] - Timeout '0' is invalid. Using default page load timeout: '30'

2023-09-27 16:09:42 - [MESSAGE][PASSED] - Tapped on element 'Object Repository/Parte1/Recuperar_cuenta/CPN25/android.widget.ImageView (6)'

2023-09-27 16:09:42 - [TEST_STEP][PASSED] - tap(findTestObject("Object Repository/Parte1/Recuperar_cuenta/CPN25/android.widget.Button (1)"), 0): Tapped on element 'Object Repository/Parte1/Recuperar_cuenta/CPN25/android.widget.Button (1)'

2023-09-27 16:09:42 - [MESSAGE][WARNING] - Timeout '0' is invalid. Using default page load timeout: '30'

2023-09-27 16:09:44 - [MESSAGE][PASSED] - Tapped on element 'Object Repository/Parte1/Recuperar_cuenta/CPN25/android.widget.Button (1)'

2023-09-27 16:09:44 - [TEST_STEP][PASSED] - delay(4, STOP_ON_FAILURE): Delayed 4 second(s)

2023-09-27 16:09:48 - [MESSAGE][PASSED] - Delayed 4 second(s)

2023-09-27 16:09:48 - [TEST_STEP][PASSED] - tap(findTestObject("Parte1/Recuperar_cuenta/CPN25/android.widget.FrameLayout (3)"), 0): Tapped on element 'Object Repository/Parte1/Recuperar_cuenta/CPN25/android.widget.FrameLayout (3)'

2023-09-27 16:09:48 - [MESSAGE][WARNING] - Timeout '0' is invalid. Using default page load timeout: '30'

2023-09-27 16:09:48 - [MESSAGE][PASSED] - Tapped on element 'Object Repository/Parte1/Recuperar_cuenta/CPN25/android.widget.FrameLayout (3)']]></system-out>
         <system-err><![CDATA[]]></system-err>
      </testcase>
      <testcase name="Test Cases/Parte1/Recuperar_cuenta/CPN27" time="19.285" classname="Test Cases/Parte1/Recuperar_cuenta/CPN27" status="PASSED">
         <system-out><![CDATA[2023-09-27 16:09:48 - [TEST_CASE][PASSED] - Test Cases/Parte1/Recuperar_cuenta/CPN27: Test Cases/Parte1/Recuperar_cuenta/CPN27

2023-09-27 16:09:48 - [TEST_STEP][PASSED] - delay(2, STOP_ON_FAILURE): Delayed 2 second(s)

2023-09-27 16:09:50 - [MESSAGE][PASSED] - Delayed 2 second(s)

2023-09-27 16:09:50 - [TEST_STEP][PASSED] - tap(findTestObject("Object Repository/Parte1/Recuperar_cuenta/CPN27/android.widget.FrameLayout"), 0): Tapped on element 'Object Repository/Parte1/Recuperar_cuenta/CPN27/android.widget.FrameLayout'

2023-09-27 16:09:51 - [MESSAGE][WARNING] - Timeout '0' is invalid. Using default page load timeout: '30'

2023-09-27 16:09:51 - [MESSAGE][PASSED] - Tapped on element 'Object Repository/Parte1/Recuperar_cuenta/CPN27/android.widget.FrameLayout'

2023-09-27 16:09:51 - [TEST_STEP][PASSED] - delay(2, STOP_ON_FAILURE): Delayed 2 second(s)

2023-09-27 16:09:53 - [MESSAGE][PASSED] - Delayed 2 second(s)

2023-09-27 16:09:53 - [TEST_STEP][PASSED] - tap(findTestObject("Object Repository/Parte1/Recuperar_cuenta/CPN27/android.widget.ImageButton"), 0): Tapped on element 'Object Repository/Parte1/Recuperar_cuenta/CPN27/android.widget.ImageButton'

2023-09-27 16:09:53 - [MESSAGE][WARNING] - Timeout '0' is invalid. Using default page load timeout: '30'

2023-09-27 16:09:54 - [MESSAGE][PASSED] - Tapped on element 'Object Repository/Parte1/Recuperar_cuenta/CPN27/android.widget.ImageButton'

2023-09-27 16:09:54 - [TEST_STEP][PASSED] - clearText(findTestObject("Object Repository/Parte1/Recuperar_cuenta/CPN27/android.widget.EditText - Disponible prueba edicin total de caracteres"), 0): Element 'Object Repository/Parte1/Recuperar_cuenta/CPN27/android.widget.EditText - Disponible prueba edicin total de caracteres' text is cleared

2023-09-27 16:09:54 - [MESSAGE][WARNING] - Timeout '0' is invalid. Using default page load timeout: '30'

2023-09-27 16:09:55 - [MESSAGE][PASSED] - Element 'Object Repository/Parte1/Recuperar_cuenta/CPN27/android.widget.EditText - Disponible prueba edicin total de caracteres' text is cleared

2023-09-27 16:09:55 - [TEST_STEP][PASSED] - tap(findTestObject("Object Repository/Parte1/Recuperar_cuenta/CPN27/android.widget.EditText - Ingresa un estado"), 0): Tapped on element 'Object Repository/Parte1/Recuperar_cuenta/CPN27/android.widget.EditText - Ingresa un estado'

2023-09-27 16:09:55 - [MESSAGE][WARNING] - Timeout '0' is invalid. Using default page load timeout: '30'

2023-09-27 16:09:56 - [MESSAGE][PASSED] - Tapped on element 'Object Repository/Parte1/Recuperar_cuenta/CPN27/android.widget.EditText - Ingresa un estado'

2023-09-27 16:09:56 - [TEST_STEP][PASSED] - delay(2, STOP_ON_FAILURE): Delayed 2 second(s)

2023-09-27 16:09:58 - [MESSAGE][PASSED] - Delayed 2 second(s)

2023-09-27 16:09:58 - [TEST_STEP][PASSED] - setText(findTestObject("Object Repository/Parte1/Recuperar_cuenta/CPN27/android.widget.EditText - Ingresa un estado (1)"), "Estado de prueba personalizado  123456789 ............", 0): Text 'Estado de prueba personalizado  123456789 ............' has been set to element 'Object Repository/Parte1/Recuperar_cuenta/CPN27/android.widget.EditText - Ingresa un estado (1)'

2023-09-27 16:09:58 - [MESSAGE][WARNING] - Timeout '0' is invalid. Using default page load timeout: '30'

2023-09-27 16:10:00 - [MESSAGE][PASSED] - Text 'Estado de prueba personalizado  123456789 ............' has been set to element 'Object Repository/Parte1/Recuperar_cuenta/CPN27/android.widget.EditText - Ingresa un estado (1)'

2023-09-27 16:10:00 - [TEST_STEP][PASSED] - delay(2, STOP_ON_FAILURE): Delayed 2 second(s)

2023-09-27 16:10:02 - [MESSAGE][PASSED] - Delayed 2 second(s)

2023-09-27 16:10:02 - [TEST_STEP][PASSED] - tap(findTestObject("Object Repository/Parte1/Recuperar_cuenta/CPN27/android.widget.Button"), 0): Tapped on element 'Object Repository/Parte1/Recuperar_cuenta/CPN27/android.widget.Button'

2023-09-27 16:10:02 - [MESSAGE][WARNING] - Timeout '0' is invalid. Using default page load timeout: '30'

2023-09-27 16:10:02 - [MESSAGE][PASSED] - Tapped on element 'Object Repository/Parte1/Recuperar_cuenta/CPN27/android.widget.Button'

2023-09-27 16:10:02 - [TEST_STEP][PASSED] - delay(4, STOP_ON_FAILURE): Delayed 4 second(s)

2023-09-27 16:10:06 - [MESSAGE][PASSED] - Delayed 4 second(s)

2023-09-27 16:10:06 - [TEST_STEP][PASSED] - tap(findTestObject("Object Repository/Parte1/Recuperar_cuenta/CPN27/android.widget.ImageButton (1)"), 0): Tapped on element 'Object Repository/Parte1/Recuperar_cuenta/CPN27/android.widget.ImageButton (1)'

2023-09-27 16:10:06 - [MESSAGE][WARNING] - Timeout '0' is invalid. Using default page load timeout: '30'

2023-09-27 16:10:06 - [MESSAGE][PASSED] - Tapped on element 'Object Repository/Parte1/Recuperar_cuenta/CPN27/android.widget.ImageButton (1)'

2023-09-27 16:10:06 - [TEST_STEP][PASSED] - tap(findTestObject("Parte1/Recuperar_cuenta/CPN27/android.widget.FrameLayout (1)"), 0): Tapped on element 'Object Repository/Parte1/Recuperar_cuenta/CPN27/android.widget.FrameLayout (1)'

2023-09-27 16:10:06 - [MESSAGE][WARNING] - Timeout '0' is invalid. Using default page load timeout: '30'

2023-09-27 16:10:07 - [MESSAGE][PASSED] - Tapped on element 'Object Repository/Parte1/Recuperar_cuenta/CPN27/android.widget.FrameLayout (1)']]></system-out>
         <system-err><![CDATA[]]></system-err>
      </testcase>
      <testcase name="Test Cases/Parte1/Recuperar_cuenta/CPN28" time="12.006" classname="Test Cases/Parte1/Recuperar_cuenta/CPN28" status="PASSED">
         <system-out><![CDATA[2023-09-27 16:10:08 - [TEST_CASE][PASSED] - Test Cases/Parte1/Recuperar_cuenta/CPN28: Test Cases/Parte1/Recuperar_cuenta/CPN28

2023-09-27 16:10:08 - [TEST_STEP][PASSED] - tap(findTestObject("Object Repository/Parte1/Recuperar_cuenta/CPN28/android.widget.FrameLayout"), 0): Tapped on element 'Object Repository/Parte1/Recuperar_cuenta/CPN28/android.widget.FrameLayout'

2023-09-27 16:10:08 - [MESSAGE][WARNING] - Timeout '0' is invalid. Using default page load timeout: '30'

2023-09-27 16:10:10 - [MESSAGE][PASSED] - Tapped on element 'Object Repository/Parte1/Recuperar_cuenta/CPN28/android.widget.FrameLayout'

2023-09-27 16:10:10 - [TEST_STEP][PASSED] - tap(findTestObject("Object Repository/Parte1/Recuperar_cuenta/CPN28/android.widget.ImageButton"), 0): Tapped on element 'Object Repository/Parte1/Recuperar_cuenta/CPN28/android.widget.ImageButton'

2023-09-27 16:10:10 - [MESSAGE][WARNING] - Timeout '0' is invalid. Using default page load timeout: '30'

2023-09-27 16:10:11 - [MESSAGE][PASSED] - Tapped on element 'Object Repository/Parte1/Recuperar_cuenta/CPN28/android.widget.ImageButton'

2023-09-27 16:10:11 - [TEST_STEP][PASSED] - clearText(findTestObject("Object Repository/Parte1/Recuperar_cuenta/CPN28/android.widget.EditText - Edwin Meneses vbbbbnnmll"), 0): Element 'Object Repository/Parte1/Recuperar_cuenta/CPN28/android.widget.EditText - Edwin Meneses vbbbbnnmll' text is cleared

2023-09-27 16:10:11 - [MESSAGE][WARNING] - Timeout '0' is invalid. Using default page load timeout: '30'

2023-09-27 16:10:12 - [MESSAGE][PASSED] - Element 'Object Repository/Parte1/Recuperar_cuenta/CPN28/android.widget.EditText - Edwin Meneses vbbbbnnmll' text is cleared

2023-09-27 16:10:12 - [TEST_STEP][PASSED] - tap(findTestObject("Object Repository/Parte1/Recuperar_cuenta/CPN28/android.widget.EditText"), 0): Tapped on element 'Object Repository/Parte1/Recuperar_cuenta/CPN28/android.widget.EditText'

2023-09-27 16:10:12 - [MESSAGE][WARNING] - Timeout '0' is invalid. Using default page load timeout: '30'

2023-09-27 16:10:14 - [MESSAGE][PASSED] - Tapped on element 'Object Repository/Parte1/Recuperar_cuenta/CPN28/android.widget.EditText'

2023-09-27 16:10:14 - [TEST_STEP][PASSED] - setText(findTestObject("Object Repository/Parte1/Recuperar_cuenta/CPN28/android.widget.EditText (1)"), "Nombre de recuperacion", 0): Text 'Nombre de recuperacion' has been set to element 'Object Repository/Parte1/Recuperar_cuenta/CPN28/android.widget.EditText (1)'

2023-09-27 16:10:14 - [MESSAGE][WARNING] - Timeout '0' is invalid. Using default page load timeout: '30'

2023-09-27 16:10:15 - [MESSAGE][PASSED] - Text 'Nombre de recuperacion' has been set to element 'Object Repository/Parte1/Recuperar_cuenta/CPN28/android.widget.EditText (1)'

2023-09-27 16:10:15 - [TEST_STEP][PASSED] - tap(findTestObject("Object Repository/Parte1/Recuperar_cuenta/CPN28/android.widget.Button - Aceptar"), 0): Tapped on element 'Object Repository/Parte1/Recuperar_cuenta/CPN28/android.widget.Button - Aceptar'

2023-09-27 16:10:15 - [MESSAGE][WARNING] - Timeout '0' is invalid. Using default page load timeout: '30'

2023-09-27 16:10:16 - [MESSAGE][PASSED] - Tapped on element 'Object Repository/Parte1/Recuperar_cuenta/CPN28/android.widget.Button - Aceptar'

2023-09-27 16:10:16 - [TEST_STEP][PASSED] - hideKeyboard(): Keyboard is hidden

2023-09-27 16:10:19 - [MESSAGE][PASSED] - Keyboard is hidden

2023-09-27 16:10:19 - [TEST_STEP][PASSED] - tap(findTestObject("Object Repository/Parte1/Recuperar_cuenta/CPN28/android.widget.FrameLayout (1)"), 0): Tapped on element 'Object Repository/Parte1/Recuperar_cuenta/CPN28/android.widget.FrameLayout (1)'

2023-09-27 16:10:19 - [MESSAGE][WARNING] - Timeout '0' is invalid. Using default page load timeout: '30'

2023-09-27 16:10:20 - [MESSAGE][PASSED] - Tapped on element 'Object Repository/Parte1/Recuperar_cuenta/CPN28/android.widget.FrameLayout (1)']]></system-out>
         <system-err><![CDATA[]]></system-err>
      </testcase>
      <testcase name="Test Cases/Parte1/Recuperar_cuenta/CPN26" time="43.262" classname="Test Cases/Parte1/Recuperar_cuenta/CPN26" status="PASSED">
         <system-out><![CDATA[2023-09-27 16:10:20 - [TEST_CASE][PASSED] - Test Cases/Parte1/Recuperar_cuenta/CPN26: Test Cases/Parte1/Recuperar_cuenta/CPN26

2023-09-27 16:10:20 - [TEST_STEP][PASSED] - tap(findTestObject("Object Repository/Parte1/Recuperar_cuenta/CPN26/android.widget.FrameLayout"), 0): Tapped on element 'Object Repository/Parte1/Recuperar_cuenta/CPN26/android.widget.FrameLayout'

2023-09-27 16:10:20 - [MESSAGE][WARNING] - Timeout '0' is invalid. Using default page load timeout: '30'

2023-09-27 16:10:22 - [MESSAGE][PASSED] - Tapped on element 'Object Repository/Parte1/Recuperar_cuenta/CPN26/android.widget.FrameLayout'

2023-09-27 16:10:22 - [TEST_STEP][PASSED] - tap(findTestObject("Object Repository/Parte1/Recuperar_cuenta/CPN26/android.widget.ImageButton"), 0): Tapped on element 'Object Repository/Parte1/Recuperar_cuenta/CPN26/android.widget.ImageButton'

2023-09-27 16:10:22 - [MESSAGE][WARNING] - Timeout '0' is invalid. Using default page load timeout: '30'

2023-09-27 16:10:26 - [MESSAGE][PASSED] - Tapped on element 'Object Repository/Parte1/Recuperar_cuenta/CPN26/android.widget.ImageButton'

2023-09-27 16:10:26 - [TEST_STEP][PASSED] - tap(findTestObject("Object Repository/Parte1/Recuperar_cuenta/CPN26/android.widget.TextView - Ver perfil"), 0): Tapped on element 'Object Repository/Parte1/Recuperar_cuenta/CPN26/android.widget.TextView - Ver perfil'

2023-09-27 16:10:26 - [MESSAGE][WARNING] - Timeout '0' is invalid. Using default page load timeout: '30'

2023-09-27 16:10:29 - [MESSAGE][PASSED] - Tapped on element 'Object Repository/Parte1/Recuperar_cuenta/CPN26/android.widget.TextView - Ver perfil'

2023-09-27 16:10:29 - [TEST_STEP][PASSED] - delay(1, STOP_ON_FAILURE): Delayed 1 second(s)

2023-09-27 16:10:30 - [MESSAGE][PASSED] - Delayed 1 second(s)

2023-09-27 16:10:30 - [TEST_STEP][PASSED] - tap(findTestObject("Object Repository/Parte1/Recuperar_cuenta/CPN26/android.widget.ImageButton (1)"), 0): Tapped on element 'Object Repository/Parte1/Recuperar_cuenta/CPN26/android.widget.ImageButton (1)'

2023-09-27 16:10:30 - [MESSAGE][WARNING] - Timeout '0' is invalid. Using default page load timeout: '30'

2023-09-27 16:10:30 - [MESSAGE][PASSED] - Tapped on element 'Object Repository/Parte1/Recuperar_cuenta/CPN26/android.widget.ImageButton (1)'

2023-09-27 16:10:30 - [TEST_STEP][PASSED] - clearText(findTestObject("Parte1/Recuperar_cuenta/CPN26/android.widget.EditText - android once"), 0): Element 'Object Repository/Parte1/Recuperar_cuenta/CPN26/android.widget.EditText - android once' text is cleared

2023-09-27 16:10:30 - [MESSAGE][WARNING] - Timeout '0' is invalid. Using default page load timeout: '30'

2023-09-27 16:10:31 - [MESSAGE][PASSED] - Element 'Object Repository/Parte1/Recuperar_cuenta/CPN26/android.widget.EditText - android once' text is cleared

2023-09-27 16:10:31 - [TEST_STEP][PASSED] - tap(findTestObject("Object Repository/Parte1/Recuperar_cuenta/CPN26/android.widget.EditText"), 0): Tapped on element 'Object Repository/Parte1/Recuperar_cuenta/CPN26/android.widget.EditText'

2023-09-27 16:10:31 - [MESSAGE][WARNING] - Timeout '0' is invalid. Using default page load timeout: '30'

2023-09-27 16:10:33 - [MESSAGE][PASSED] - Tapped on element 'Object Repository/Parte1/Recuperar_cuenta/CPN26/android.widget.EditText'

2023-09-27 16:10:33 - [TEST_STEP][PASSED] - setText(findTestObject("Object Repository/Parte1/Recuperar_cuenta/CPN26/android.widget.EditText (1)"), "Nombre de prueba", 0): Text 'Nombre de prueba' has been set to element 'Object Repository/Parte1/Recuperar_cuenta/CPN26/android.widget.EditText (1)'

2023-09-27 16:10:33 - [MESSAGE][WARNING] - Timeout '0' is invalid. Using default page load timeout: '30'

2023-09-27 16:10:34 - [MESSAGE][PASSED] - Text 'Nombre de prueba' has been set to element 'Object Repository/Parte1/Recuperar_cuenta/CPN26/android.widget.EditText (1)'

2023-09-27 16:10:34 - [TEST_STEP][PASSED] - delay(3, STOP_ON_FAILURE): Delayed 3 second(s)

2023-09-27 16:10:37 - [MESSAGE][PASSED] - Delayed 3 second(s)

2023-09-27 16:10:37 - [TEST_STEP][PASSED] - tap(findTestObject("Object Repository/Parte1/Recuperar_cuenta/CPN26/android.widget.Button - Aceptar"), 0): Tapped on element 'Object Repository/Parte1/Recuperar_cuenta/CPN26/android.widget.Button - Aceptar'

2023-09-27 16:10:37 - [MESSAGE][WARNING] - Timeout '0' is invalid. Using default page load timeout: '30'

2023-09-27 16:10:37 - [MESSAGE][PASSED] - Tapped on element 'Object Repository/Parte1/Recuperar_cuenta/CPN26/android.widget.Button - Aceptar'

2023-09-27 16:10:37 - [TEST_STEP][PASSED] - hideKeyboard(): Keyboard is hidden

2023-09-27 16:10:40 - [MESSAGE][PASSED] - Keyboard is hidden

2023-09-27 16:10:40 - [TEST_STEP][PASSED] - tap(findTestObject("Object Repository/Parte1/Recuperar_cuenta/CPN26/android.widget.ImageButton (2)"), 0): Tapped on element 'Object Repository/Parte1/Recuperar_cuenta/CPN26/android.widget.ImageButton (2)'

2023-09-27 16:10:40 - [MESSAGE][WARNING] - Timeout '0' is invalid. Using default page load timeout: '30'

2023-09-27 16:10:40 - [MESSAGE][PASSED] - Tapped on element 'Object Repository/Parte1/Recuperar_cuenta/CPN26/android.widget.ImageButton (2)'

2023-09-27 16:10:40 - [TEST_STEP][PASSED] - clearText(findTestObject("Object Repository/Parte1/Recuperar_cuenta/CPN26/android.widget.EditText - android11bshsjsjs"), 0): Element 'Object Repository/Parte1/Recuperar_cuenta/CPN26/android.widget.EditText - android11bshsjsjs' text is cleared

2023-09-27 16:10:40 - [MESSAGE][WARNING] - Timeout '0' is invalid. Using default page load timeout: '30'

2023-09-27 16:10:41 - [MESSAGE][PASSED] - Element 'Object Repository/Parte1/Recuperar_cuenta/CPN26/android.widget.EditText - android11bshsjsjs' text is cleared

2023-09-27 16:10:41 - [TEST_STEP][PASSED] - setText(findTestObject("Object Repository/Parte1/Recuperar_cuenta/CPN26/android.widget.EditText (2)"), "personalizado456", 0): Text 'personalizado456' has been set to element 'Object Repository/Parte1/Recuperar_cuenta/CPN26/android.widget.EditText (2)'

2023-09-27 16:10:41 - [MESSAGE][WARNING] - Timeout '0' is invalid. Using default page load timeout: '30'

2023-09-27 16:10:43 - [MESSAGE][PASSED] - Text 'personalizado456' has been set to element 'Object Repository/Parte1/Recuperar_cuenta/CPN26/android.widget.EditText (2)'

2023-09-27 16:10:43 - [TEST_STEP][PASSED] - delay(3, STOP_ON_FAILURE): Delayed 3 second(s)

2023-09-27 16:10:46 - [MESSAGE][PASSED] - Delayed 3 second(s)

2023-09-27 16:10:46 - [TEST_STEP][PASSED] - tap(findTestObject("Parte1/Recuperar_cuenta/CPN26/android.widget.Button - Aceptar"), 0): Tapped on element 'Object Repository/Parte1/Recuperar_cuenta/CPN26/android.widget.Button - Aceptar'

2023-09-27 16:10:46 - [MESSAGE][WARNING] - Timeout '0' is invalid. Using default page load timeout: '30'

2023-09-27 16:10:46 - [MESSAGE][PASSED] - Tapped on element 'Object Repository/Parte1/Recuperar_cuenta/CPN26/android.widget.Button - Aceptar'

2023-09-27 16:10:46 - [TEST_STEP][PASSED] - tap(findTestObject("Parte1/Recuperar_cuenta/CPN26/android.widget.ImageButton (3)"), 0): Tapped on element 'Object Repository/Parte1/Recuperar_cuenta/CPN26/android.widget.ImageButton (3)'

2023-09-27 16:10:46 - [MESSAGE][WARNING] - Timeout '0' is invalid. Using default page load timeout: '30'

2023-09-27 16:10:47 - [MESSAGE][PASSED] - Tapped on element 'Object Repository/Parte1/Recuperar_cuenta/CPN26/android.widget.ImageButton (3)'

2023-09-27 16:10:47 - [TEST_STEP][PASSED] - tap(findTestObject("Object Repository/Parte1/Recuperar_cuenta/CPN26/android.widget.LinearLayout (1)"), 0): Tapped on element 'Object Repository/Parte1/Recuperar_cuenta/CPN26/android.widget.LinearLayout (1)'

2023-09-27 16:10:47 - [MESSAGE][WARNING] - Timeout '0' is invalid. Using default page load timeout: '30'

2023-09-27 16:10:48 - [MESSAGE][PASSED] - Tapped on element 'Object Repository/Parte1/Recuperar_cuenta/CPN26/android.widget.LinearLayout (1)'

2023-09-27 16:10:48 - [TEST_STEP][PASSED] - tap(findTestObject("Object Repository/Parte1/Recuperar_cuenta/CPN26/android.widget.ImageButton (4)"), 0): Tapped on element 'Object Repository/Parte1/Recuperar_cuenta/CPN26/android.widget.ImageButton (4)'

2023-09-27 16:10:48 - [MESSAGE][WARNING] - Timeout '0' is invalid. Using default page load timeout: '30'

2023-09-27 16:10:50 - [MESSAGE][PASSED] - Tapped on element 'Object Repository/Parte1/Recuperar_cuenta/CPN26/android.widget.ImageButton (4)'

2023-09-27 16:10:50 - [TEST_STEP][PASSED] - tap(findTestObject("Object Repository/Parte1/Recuperar_cuenta/CPN26/android.widget.Button"), 0): Tapped on element 'Object Repository/Parte1/Recuperar_cuenta/CPN26/android.widget.Button'

2023-09-27 16:10:50 - [MESSAGE][WARNING] - Timeout '0' is invalid. Using default page load timeout: '30'

2023-09-27 16:10:54 - [MESSAGE][PASSED] - Tapped on element 'Object Repository/Parte1/Recuperar_cuenta/CPN26/android.widget.Button'

2023-09-27 16:10:54 - [TEST_STEP][PASSED] - delay(4, STOP_ON_FAILURE): Delayed 4 second(s)

2023-09-27 16:10:58 - [MESSAGE][PASSED] - Delayed 4 second(s)

2023-09-27 16:10:58 - [TEST_STEP][PASSED] - tap(findTestObject("Object Repository/Parte1/Recuperar_cuenta/CPN26/android.widget.ImageButton (5)"), 0): Tapped on element 'Object Repository/Parte1/Recuperar_cuenta/CPN26/android.widget.ImageButton (5)'

2023-09-27 16:10:58 - [MESSAGE][WARNING] - Timeout '0' is invalid. Using default page load timeout: '30'

2023-09-27 16:10:58 - [MESSAGE][PASSED] - Tapped on element 'Object Repository/Parte1/Recuperar_cuenta/CPN26/android.widget.ImageButton (5)'

2023-09-27 16:10:58 - [TEST_STEP][PASSED] - delay(1, STOP_ON_FAILURE): Delayed 1 second(s)

2023-09-27 16:10:59 - [MESSAGE][PASSED] - Delayed 1 second(s)

2023-09-27 16:10:59 - [TEST_STEP][PASSED] - tap(findTestObject("Object Repository/Parte1/Recuperar_cuenta/CPN26/android.widget.FrameLayout (1)"), 0): Tapped on element 'Object Repository/Parte1/Recuperar_cuenta/CPN26/android.widget.FrameLayout (1)'

2023-09-27 16:10:59 - [MESSAGE][WARNING] - Timeout '0' is invalid. Using default page load timeout: '30'

2023-09-27 16:11:00 - [MESSAGE][PASSED] - Tapped on element 'Object Repository/Parte1/Recuperar_cuenta/CPN26/android.widget.FrameLayout (1)'

2023-09-27 16:11:00 - [TEST_STEP][PASSED] - delay(3, STOP_ON_FAILURE): Delayed 3 second(s)

2023-09-27 16:11:03 - [MESSAGE][PASSED] - Delayed 3 second(s)]]></system-out>
         <system-err><![CDATA[]]></system-err>
      </testcase>
      <testcase name="Test Cases/Bloquear contacto" time="10.39" classname="Test Cases/Bloquear contacto" status="PASSED">
         <system-out><![CDATA[2023-09-27 16:11:03 - [TEST_CASE][PASSED] - Test Cases/Bloquear contacto: Test Cases/Bloquear contacto

2023-09-27 16:11:03 - [TEST_STEP][PASSED] - tap(findTestObject("Object Repository/Bloquear contacto/android.widget.FrameLayout"), 0): Tapped on element 'Object Repository/Bloquear contacto/android.widget.FrameLayout'

2023-09-27 16:11:03 - [MESSAGE][WARNING] - Timeout '0' is invalid. Using default page load timeout: '30'

2023-09-27 16:11:03 - [MESSAGE][PASSED] - Tapped on element 'Object Repository/Bloquear contacto/android.widget.FrameLayout'

2023-09-27 16:11:03 - [TEST_STEP][PASSED] - tap(findTestObject("Bloquear contacto/android.widget.ImageButton"), 0): Tapped on element 'Object Repository/Bloquear contacto/android.widget.ImageButton'

2023-09-27 16:11:03 - [MESSAGE][WARNING] - Timeout '0' is invalid. Using default page load timeout: '30'

2023-09-27 16:11:05 - [MESSAGE][PASSED] - Tapped on element 'Object Repository/Bloquear contacto/android.widget.ImageButton'

2023-09-27 16:11:05 - [TEST_STEP][PASSED] - delay(2, STOP_ON_FAILURE): Delayed 2 second(s)

2023-09-27 16:11:07 - [MESSAGE][PASSED] - Delayed 2 second(s)

2023-09-27 16:11:07 - [TEST_STEP][PASSED] - tap(findTestObject("Object Repository/Bloquear contacto/android.widget.LinearLayout"), 0): Tapped on element 'Object Repository/Bloquear contacto/android.widget.LinearLayout'

2023-09-27 16:11:07 - [MESSAGE][WARNING] - Timeout '0' is invalid. Using default page load timeout: '30'

2023-09-27 16:11:08 - [MESSAGE][PASSED] - Tapped on element 'Object Repository/Bloquear contacto/android.widget.LinearLayout'

2023-09-27 16:11:08 - [TEST_STEP][PASSED] - delay(2, STOP_ON_FAILURE): Delayed 2 second(s)

2023-09-27 16:11:10 - [MESSAGE][PASSED] - Delayed 2 second(s)

2023-09-27 16:11:10 - [TEST_STEP][PASSED] - tap(findTestObject("Object Repository/Bloquear contacto/android.widget.Button - Aceptar"), 0): Tapped on element 'Object Repository/Bloquear contacto/android.widget.Button - Aceptar'

2023-09-27 16:11:10 - [MESSAGE][WARNING] - Timeout '0' is invalid. Using default page load timeout: '30'

2023-09-27 16:11:10 - [MESSAGE][PASSED] - Tapped on element 'Object Repository/Bloquear contacto/android.widget.Button - Aceptar'

2023-09-27 16:11:10 - [TEST_STEP][PASSED] - delay(2, STOP_ON_FAILURE): Delayed 2 second(s)

2023-09-27 16:11:12 - [MESSAGE][PASSED] - Delayed 2 second(s)

2023-09-27 16:11:12 - [TEST_STEP][PASSED] - tap(findTestObject("Object Repository/Bloquear contacto/android.widget.FrameLayout (1)"), 0): Tapped on element 'Object Repository/Bloquear contacto/android.widget.FrameLayout (1)'

2023-09-27 16:11:12 - [MESSAGE][WARNING] - Timeout '0' is invalid. Using default page load timeout: '30'

2023-09-27 16:11:13 - [MESSAGE][PASSED] - Tapped on element 'Object Repository/Bloquear contacto/android.widget.FrameLayout (1)']]></system-out>
         <system-err><![CDATA[]]></system-err>
      </testcase>
      <testcase name="Test Cases/Cerrar sesion" time="4.391" classname="Test Cases/Cerrar sesion" status="PASSED">
         <system-out><![CDATA[2023-09-27 16:11:13 - [TEST_CASE][PASSED] - Test Cases/Cerrar sesion: Test Cases/Cerrar sesion

2023-09-27 16:11:13 - [TEST_STEP][PASSED] - tap(findTestObject("Object Repository/Cerrar sesion/android.widget.FrameLayout"), 0): Tapped on element 'Object Repository/Cerrar sesion/android.widget.FrameLayout'

2023-09-27 16:11:14 - [MESSAGE][WARNING] - Timeout '0' is invalid. Using default page load timeout: '30'

2023-09-27 16:11:16 - [MESSAGE][PASSED] - Tapped on element 'Object Repository/Cerrar sesion/android.widget.FrameLayout'

2023-09-27 16:11:16 - [TEST_STEP][PASSED] - tap(findTestObject("Object Repository/Cerrar sesion/android.widget.LinearLayout"), 0): Tapped on element 'Object Repository/Cerrar sesion/android.widget.LinearLayout'

2023-09-27 16:11:16 - [MESSAGE][WARNING] - Timeout '0' is invalid. Using default page load timeout: '30'

2023-09-27 16:11:17 - [MESSAGE][PASSED] - Tapped on element 'Object Repository/Cerrar sesion/android.widget.LinearLayout'

2023-09-27 16:11:17 - [TEST_STEP][PASSED] - tap(findTestObject("Object Repository/Cerrar sesion/android.widget.Button - S, Estoy Seguro"), 0): Tapped on element 'Object Repository/Cerrar sesion/android.widget.Button - S, Estoy Seguro'

2023-09-27 16:11:17 - [MESSAGE][WARNING] - Timeout '0' is invalid. Using default page load timeout: '30'

2023-09-27 16:11:18 - [MESSAGE][PASSED] - Tapped on element 'Object Repository/Cerrar sesion/android.widget.Button - S, Estoy Seguro']]></system-out>
         <system-err><![CDATA[]]></system-err>
      </testcase>
      <testcase name="Test Cases/Parte1/Iniciar_sesioncorrectamente/CPN22_23_24" time="65.849" classname="Test Cases/Parte1/Iniciar_sesioncorrectamente/CPN22_23_24" status="PASSED">
         <system-out><![CDATA[2023-09-27 16:11:18 - [TEST_CASE][PASSED] - Test Cases/Parte1/Iniciar_sesioncorrectamente/CPN22_23_24: Test Cases/Parte1/Iniciar_sesioncorrectamente/CPN22_23_24

2023-09-27 16:11:18 - [TEST_STEP][PASSED] - tap(findTestObject("Object Repository/Parte1/Iniciar_sesioncorrectamente/CPN22_23_24/android.widget.TextView - Iniciar sesin"), 0): Tapped on element 'Object Repository/Parte1/Iniciar_sesioncorrectamente/CPN22_23_24/android.widget.TextView - Iniciar sesin'

2023-09-27 16:11:18 - [MESSAGE][WARNING] - Timeout '0' is invalid. Using default page load timeout: '30'

2023-09-27 16:11:20 - [MESSAGE][PASSED] - Tapped on element 'Object Repository/Parte1/Iniciar_sesioncorrectamente/CPN22_23_24/android.widget.TextView - Iniciar sesin'

2023-09-27 16:11:20 - [TEST_STEP][PASSED] - waitForElementPresent(findTestObject("Object Repository/Parte1/Iniciar_sesioncorrectamente/CPN22_23_24/android.widget.TextView - Recuperar Cuenta"), 0): Element 'Object Repository/Parte1/Iniciar_sesioncorrectamente/CPN22_23_24/android.widget.TextView - Recuperar Cuenta' is present

2023-09-27 16:11:20 - [MESSAGE][WARNING] - Timeout '0' is invalid. Using default page load timeout: '30'

2023-09-27 16:11:21 - [MESSAGE][PASSED] - Element 'Object Repository/Parte1/Iniciar_sesioncorrectamente/CPN22_23_24/android.widget.TextView - Recuperar Cuenta' is present

2023-09-27 16:11:21 - [TEST_STEP][PASSED] - tap(findTestObject("Object Repository/Parte1/Iniciar_sesioncorrectamente/CPN22_23_24/android.widget.EditText - Apodo"), 0): Tapped on element 'Object Repository/Parte1/Iniciar_sesioncorrectamente/CPN22_23_24/android.widget.EditText - Apodo'

2023-09-27 16:11:21 - [MESSAGE][WARNING] - Timeout '0' is invalid. Using default page load timeout: '30'

2023-09-27 16:11:21 - [MESSAGE][PASSED] - Tapped on element 'Object Repository/Parte1/Iniciar_sesioncorrectamente/CPN22_23_24/android.widget.EditText - Apodo'

2023-09-27 16:11:21 - [TEST_STEP][PASSED] - setText(findTestObject("Object Repository/Parte1/Iniciar_sesioncorrectamente/CPN22_23_24/android.widget.EditText - Apodo (1)"), "edwin_1324", 0): Text 'edwin_1324' has been set to element 'Object Repository/Parte1/Iniciar_sesioncorrectamente/CPN22_23_24/android.widget.EditText - Apodo (1)'

2023-09-27 16:11:21 - [MESSAGE][WARNING] - Timeout '0' is invalid. Using default page load timeout: '30'

2023-09-27 16:11:24 - [MESSAGE][PASSED] - Text 'edwin_1324' has been set to element 'Object Repository/Parte1/Iniciar_sesioncorrectamente/CPN22_23_24/android.widget.EditText - Apodo (1)'

2023-09-27 16:11:24 - [TEST_STEP][PASSED] - hideKeyboard(): Keyboard is hidden

2023-09-27 16:11:27 - [MESSAGE][PASSED] - Keyboard is hidden

2023-09-27 16:11:27 - [TEST_STEP][PASSED] - tap(findTestObject("Object Repository/Parte1/Iniciar_sesioncorrectamente/CPN22_23_24/android.widget.Button - Recuperar"), 0): Tapped on element 'Object Repository/Parte1/Iniciar_sesioncorrectamente/CPN22_23_24/android.widget.Button - Recuperar'

2023-09-27 16:11:27 - [MESSAGE][WARNING] - Timeout '0' is invalid. Using default page load timeout: '30'

2023-09-27 16:11:27 - [MESSAGE][PASSED] - Tapped on element 'Object Repository/Parte1/Iniciar_sesioncorrectamente/CPN22_23_24/android.widget.Button - Recuperar'

2023-09-27 16:11:27 - [TEST_STEP][PASSED] - delay(5, STOP_ON_FAILURE): Delayed 5 second(s)

2023-09-27 16:11:32 - [MESSAGE][PASSED] - Delayed 5 second(s)

2023-09-27 16:11:32 - [TEST_STEP][PASSED] - i = 1: null

2023-09-27 16:11:32 - [TEST_STEP][PASSED] - while (i <= 5): null

2023-09-27 16:11:32 - [TEST_STEP][PASSED] - radioGroupObject = findTestObject("Object Repository/Parte1/Iniciar_sesioncorrectamente/CPN22_23_24/android.widget.RadioGroup"): null

2023-09-27 16:11:32 - [TEST_STEP][PASSED] - optionUnoObject = findTestObject("Object Repository/Parte1/Iniciar_sesioncorrectamente/CPN22_23_24/android.widget.RadioButton - Uno"): null

2023-09-27 16:11:32 - [TEST_STEP][PASSED] - optionDosObject = findTestObject("Object Repository/Parte1/Iniciar_sesioncorrectamente/CPN22_23_24/android.widget.RadioButton - Dos"): null

2023-09-27 16:11:32 - [TEST_STEP][PASSED] - optionTresObject = findTestObject("Object Repository/Parte1/Iniciar_sesioncorrectamente/CPN22_23_24/android.widget.RadioButton - Tres"): null

2023-09-27 16:11:32 - [TEST_STEP][PASSED] - siguienteButton = findTestObject("Parte1/Iniciar_sesioncorrectamente/CPN22_23_24/android.widget.Button - Siguiente"): null

2023-09-27 16:11:32 - [TEST_STEP][PASSED] - if (waitForElementPresent(radioGroupObject, 2)): null

2023-09-27 16:11:33 - [MESSAGE][PASSED] - Element 'Object Repository/Parte1/Iniciar_sesioncorrectamente/CPN22_23_24/android.widget.RadioGroup' is present

2023-09-27 16:11:33 - [TEST_STEP][PASSED] - if (waitForElementPresent(optionUnoObject, 2)): Object Object Repository/Parte1/Iniciar_sesioncorrectamente/CPN22_23_24/android.widget.RadioButton - Tres not found

2023-09-27 16:11:35 - [MESSAGE][WARNING] - Object Object Repository/Parte1/Iniciar_sesioncorrectamente/CPN22_23_24/android.widget.RadioButton - Uno not found

2023-09-27 16:11:37 - [MESSAGE][WARNING] - Object Object Repository/Parte1/Iniciar_sesioncorrectamente/CPN22_23_24/android.widget.RadioButton - Dos not found

2023-09-27 16:11:39 - [MESSAGE][WARNING] - Object Object Repository/Parte1/Iniciar_sesioncorrectamente/CPN22_23_24/android.widget.RadioButton - Tres not found

2023-09-27 16:11:39 - [TEST_STEP][PASSED] - else if (waitForElementPresent(optionDosObject, 2)): null

2023-09-27 16:11:39 - [TEST_STEP][PASSED] - else if (waitForElementPresent(optionTresObject, 2)): null

2023-09-27 16:11:39 - [TEST_STEP][PASSED] - else: Tapped on element 'Object Repository/Parte1/Iniciar_sesioncorrectamente/CPN22_23_24/android.widget.RadioButton - No eleg esta pregunta'

2023-09-27 16:11:39 - [TEST_STEP][PASSED] - tap(findTestObject("Parte1/Iniciar_sesioncorrectamente/CPN22_23_24/android.widget.RadioButton - No eleg esta pregunta"), 0): Tapped on element 'Object Repository/Parte1/Iniciar_sesioncorrectamente/CPN22_23_24/android.widget.RadioButton - No eleg esta pregunta'

2023-09-27 16:11:39 - [MESSAGE][WARNING] - Timeout '0' is invalid. Using default page load timeout: '30'

2023-09-27 16:11:39 - [MESSAGE][PASSED] - Tapped on element 'Object Repository/Parte1/Iniciar_sesioncorrectamente/CPN22_23_24/android.widget.RadioButton - No eleg esta pregunta'

2023-09-27 16:11:39 - [TEST_STEP][PASSED] - if (waitForElementPresent(siguienteButton, 2)): null

2023-09-27 16:11:40 - [MESSAGE][PASSED] - Element 'Object Repository/Parte1/Iniciar_sesioncorrectamente/CPN22_23_24/android.widget.Button - Siguiente' is present

2023-09-27 16:11:40 - [TEST_STEP][PASSED] - tap(siguienteButton, 0): Tapped on element 'Object Repository/Parte1/Iniciar_sesioncorrectamente/CPN22_23_24/android.widget.Button - Siguiente'

2023-09-27 16:11:40 - [MESSAGE][WARNING] - Timeout '0' is invalid. Using default page load timeout: '30'

2023-09-27 16:11:40 - [MESSAGE][PASSED] - Tapped on element 'Object Repository/Parte1/Iniciar_sesioncorrectamente/CPN22_23_24/android.widget.Button - Siguiente'

2023-09-27 16:11:40 - [TEST_STEP][PASSED] - (i++): null

2023-09-27 16:11:40 - [TEST_STEP][PASSED] - radioGroupObject = findTestObject("Object Repository/Parte1/Iniciar_sesioncorrectamente/CPN22_23_24/android.widget.RadioGroup"): null

2023-09-27 16:11:40 - [TEST_STEP][PASSED] - optionUnoObject = findTestObject("Object Repository/Parte1/Iniciar_sesioncorrectamente/CPN22_23_24/android.widget.RadioButton - Uno"): null

2023-09-27 16:11:40 - [TEST_STEP][PASSED] - optionDosObject = findTestObject("Object Repository/Parte1/Iniciar_sesioncorrectamente/CPN22_23_24/android.widget.RadioButton - Dos"): null

2023-09-27 16:11:40 - [TEST_STEP][PASSED] - optionTresObject = findTestObject("Object Repository/Parte1/Iniciar_sesioncorrectamente/CPN22_23_24/android.widget.RadioButton - Tres"): null

2023-09-27 16:11:40 - [TEST_STEP][PASSED] - siguienteButton = findTestObject("Parte1/Iniciar_sesioncorrectamente/CPN22_23_24/android.widget.Button - Siguiente"): null

2023-09-27 16:11:40 - [TEST_STEP][PASSED] - if (waitForElementPresent(radioGroupObject, 2)): null

2023-09-27 16:11:41 - [MESSAGE][PASSED] - Element 'Object Repository/Parte1/Iniciar_sesioncorrectamente/CPN22_23_24/android.widget.RadioGroup' is present

2023-09-27 16:11:41 - [TEST_STEP][PASSED] - if (waitForElementPresent(optionUnoObject, 2)): Object Object Repository/Parte1/Iniciar_sesioncorrectamente/CPN22_23_24/android.widget.RadioButton - Tres not found

2023-09-27 16:11:43 - [MESSAGE][WARNING] - Object Object Repository/Parte1/Iniciar_sesioncorrectamente/CPN22_23_24/android.widget.RadioButton - Uno not found

2023-09-27 16:11:45 - [MESSAGE][WARNING] - Object Object Repository/Parte1/Iniciar_sesioncorrectamente/CPN22_23_24/android.widget.RadioButton - Dos not found

2023-09-27 16:11:47 - [MESSAGE][WARNING] - Object Object Repository/Parte1/Iniciar_sesioncorrectamente/CPN22_23_24/android.widget.RadioButton - Tres not found

2023-09-27 16:11:47 - [TEST_STEP][PASSED] - else if (waitForElementPresent(optionDosObject, 2)): null

2023-09-27 16:11:47 - [TEST_STEP][PASSED] - else if (waitForElementPresent(optionTresObject, 2)): null

2023-09-27 16:11:47 - [TEST_STEP][PASSED] - else: Tapped on element 'Object Repository/Parte1/Iniciar_sesioncorrectamente/CPN22_23_24/android.widget.RadioButton - No eleg esta pregunta'

2023-09-27 16:11:47 - [TEST_STEP][PASSED] - tap(findTestObject("Parte1/Iniciar_sesioncorrectamente/CPN22_23_24/android.widget.RadioButton - No eleg esta pregunta"), 0): Tapped on element 'Object Repository/Parte1/Iniciar_sesioncorrectamente/CPN22_23_24/android.widget.RadioButton - No eleg esta pregunta'

2023-09-27 16:11:47 - [MESSAGE][WARNING] - Timeout '0' is invalid. Using default page load timeout: '30'

2023-09-27 16:11:47 - [MESSAGE][PASSED] - Tapped on element 'Object Repository/Parte1/Iniciar_sesioncorrectamente/CPN22_23_24/android.widget.RadioButton - No eleg esta pregunta'

2023-09-27 16:11:47 - [TEST_STEP][PASSED] - if (waitForElementPresent(siguienteButton, 2)): null

2023-09-27 16:11:48 - [MESSAGE][PASSED] - Element 'Object Repository/Parte1/Iniciar_sesioncorrectamente/CPN22_23_24/android.widget.Button - Siguiente' is present

2023-09-27 16:11:48 - [TEST_STEP][PASSED] - tap(siguienteButton, 0): Tapped on element 'Object Repository/Parte1/Iniciar_sesioncorrectamente/CPN22_23_24/android.widget.Button - Siguiente'

2023-09-27 16:11:48 - [MESSAGE][WARNING] - Timeout '0' is invalid. Using default page load timeout: '30'

2023-09-27 16:11:49 - [MESSAGE][PASSED] - Tapped on element 'Object Repository/Parte1/Iniciar_sesioncorrectamente/CPN22_23_24/android.widget.Button - Siguiente'

2023-09-27 16:11:49 - [TEST_STEP][PASSED] - (i++): null

2023-09-27 16:11:49 - [TEST_STEP][PASSED] - radioGroupObject = findTestObject("Object Repository/Parte1/Iniciar_sesioncorrectamente/CPN22_23_24/android.widget.RadioGroup"): null

2023-09-27 16:11:49 - [TEST_STEP][PASSED] - optionUnoObject = findTestObject("Object Repository/Parte1/Iniciar_sesioncorrectamente/CPN22_23_24/android.widget.RadioButton - Uno"): null

2023-09-27 16:11:49 - [TEST_STEP][PASSED] - optionDosObject = findTestObject("Object Repository/Parte1/Iniciar_sesioncorrectamente/CPN22_23_24/android.widget.RadioButton - Dos"): null

2023-09-27 16:11:49 - [TEST_STEP][PASSED] - optionTresObject = findTestObject("Object Repository/Parte1/Iniciar_sesioncorrectamente/CPN22_23_24/android.widget.RadioButton - Tres"): null

2023-09-27 16:11:49 - [TEST_STEP][PASSED] - siguienteButton = findTestObject("Parte1/Iniciar_sesioncorrectamente/CPN22_23_24/android.widget.Button - Siguiente"): null

2023-09-27 16:11:49 - [TEST_STEP][PASSED] - if (waitForElementPresent(radioGroupObject, 2)): null

2023-09-27 16:11:49 - [MESSAGE][PASSED] - Element 'Object Repository/Parte1/Iniciar_sesioncorrectamente/CPN22_23_24/android.widget.RadioGroup' is present

2023-09-27 16:11:49 - [TEST_STEP][PASSED] - if (waitForElementPresent(optionUnoObject, 2)): Element 'Object Repository/Parte1/Iniciar_sesioncorrectamente/CPN22_23_24/android.widget.RadioButton - Tres' is present

2023-09-27 16:11:51 - [MESSAGE][WARNING] - Object Object Repository/Parte1/Iniciar_sesioncorrectamente/CPN22_23_24/android.widget.RadioButton - Uno not found

2023-09-27 16:11:53 - [MESSAGE][WARNING] - Object Object Repository/Parte1/Iniciar_sesioncorrectamente/CPN22_23_24/android.widget.RadioButton - Dos not found

2023-09-27 16:11:53 - [MESSAGE][PASSED] - Element 'Object Repository/Parte1/Iniciar_sesioncorrectamente/CPN22_23_24/android.widget.RadioButton - Tres' is present

2023-09-27 16:11:53 - [TEST_STEP][PASSED] - else if (waitForElementPresent(optionDosObject, 2)): null

2023-09-27 16:11:53 - [TEST_STEP][PASSED] - else if (waitForElementPresent(optionTresObject, 2)): Tapped on element 'Object Repository/Parte1/Iniciar_sesioncorrectamente/CPN22_23_24/android.widget.RadioButton - Tres'

2023-09-27 16:11:53 - [TEST_STEP][PASSED] - tap(optionTresObject, 2): Tapped on element 'Object Repository/Parte1/Iniciar_sesioncorrectamente/CPN22_23_24/android.widget.RadioButton - Tres'

2023-09-27 16:11:53 - [MESSAGE][PASSED] - Tapped on element 'Object Repository/Parte1/Iniciar_sesioncorrectamente/CPN22_23_24/android.widget.RadioButton - Tres'

2023-09-27 16:11:53 - [TEST_STEP][PASSED] - if (waitForElementPresent(siguienteButton, 2)): null

2023-09-27 16:11:54 - [MESSAGE][PASSED] - Element 'Object Repository/Parte1/Iniciar_sesioncorrectamente/CPN22_23_24/android.widget.Button - Siguiente' is present

2023-09-27 16:11:54 - [TEST_STEP][PASSED] - tap(siguienteButton, 0): Tapped on element 'Object Repository/Parte1/Iniciar_sesioncorrectamente/CPN22_23_24/android.widget.Button - Siguiente'

2023-09-27 16:11:54 - [MESSAGE][WARNING] - Timeout '0' is invalid. Using default page load timeout: '30'

2023-09-27 16:11:55 - [MESSAGE][PASSED] - Tapped on element 'Object Repository/Parte1/Iniciar_sesioncorrectamente/CPN22_23_24/android.widget.Button - Siguiente'

2023-09-27 16:11:55 - [TEST_STEP][PASSED] - (i++): null

2023-09-27 16:11:55 - [TEST_STEP][PASSED] - radioGroupObject = findTestObject("Object Repository/Parte1/Iniciar_sesioncorrectamente/CPN22_23_24/android.widget.RadioGroup"): null

2023-09-27 16:11:55 - [TEST_STEP][PASSED] - optionUnoObject = findTestObject("Object Repository/Parte1/Iniciar_sesioncorrectamente/CPN22_23_24/android.widget.RadioButton - Uno"): null

2023-09-27 16:11:55 - [TEST_STEP][PASSED] - optionDosObject = findTestObject("Object Repository/Parte1/Iniciar_sesioncorrectamente/CPN22_23_24/android.widget.RadioButton - Dos"): null

2023-09-27 16:11:55 - [TEST_STEP][PASSED] - optionTresObject = findTestObject("Object Repository/Parte1/Iniciar_sesioncorrectamente/CPN22_23_24/android.widget.RadioButton - Tres"): null

2023-09-27 16:11:55 - [TEST_STEP][PASSED] - siguienteButton = findTestObject("Parte1/Iniciar_sesioncorrectamente/CPN22_23_24/android.widget.Button - Siguiente"): null

2023-09-27 16:11:55 - [TEST_STEP][PASSED] - if (waitForElementPresent(radioGroupObject, 2)): null

2023-09-27 16:11:55 - [MESSAGE][PASSED] - Element 'Object Repository/Parte1/Iniciar_sesioncorrectamente/CPN22_23_24/android.widget.RadioGroup' is present

2023-09-27 16:11:55 - [TEST_STEP][PASSED] - if (waitForElementPresent(optionUnoObject, 2)): null

2023-09-27 16:11:55 - [MESSAGE][PASSED] - Element 'Object Repository/Parte1/Iniciar_sesioncorrectamente/CPN22_23_24/android.widget.RadioButton - Uno' is present

2023-09-27 16:11:55 - [TEST_STEP][PASSED] - tap(optionUnoObject, 2): Tapped on element 'Object Repository/Parte1/Iniciar_sesioncorrectamente/CPN22_23_24/android.widget.RadioButton - Uno'

2023-09-27 16:11:56 - [MESSAGE][PASSED] - Tapped on element 'Object Repository/Parte1/Iniciar_sesioncorrectamente/CPN22_23_24/android.widget.RadioButton - Uno'

2023-09-27 16:11:56 - [TEST_STEP][PASSED] - if (waitForElementPresent(siguienteButton, 2)): null

2023-09-27 16:11:56 - [MESSAGE][PASSED] - Element 'Object Repository/Parte1/Iniciar_sesioncorrectamente/CPN22_23_24/android.widget.Button - Siguiente' is present

2023-09-27 16:11:56 - [TEST_STEP][PASSED] - tap(siguienteButton, 0): Tapped on element 'Object Repository/Parte1/Iniciar_sesioncorrectamente/CPN22_23_24/android.widget.Button - Siguiente'

2023-09-27 16:11:56 - [MESSAGE][WARNING] - Timeout '0' is invalid. Using default page load timeout: '30'

2023-09-27 16:11:57 - [MESSAGE][PASSED] - Tapped on element 'Object Repository/Parte1/Iniciar_sesioncorrectamente/CPN22_23_24/android.widget.Button - Siguiente'

2023-09-27 16:11:57 - [TEST_STEP][PASSED] - (i++): null

2023-09-27 16:11:57 - [TEST_STEP][PASSED] - radioGroupObject = findTestObject("Object Repository/Parte1/Iniciar_sesioncorrectamente/CPN22_23_24/android.widget.RadioGroup"): null

2023-09-27 16:11:57 - [TEST_STEP][PASSED] - optionUnoObject = findTestObject("Object Repository/Parte1/Iniciar_sesioncorrectamente/CPN22_23_24/android.widget.RadioButton - Uno"): null

2023-09-27 16:11:57 - [TEST_STEP][PASSED] - optionDosObject = findTestObject("Object Repository/Parte1/Iniciar_sesioncorrectamente/CPN22_23_24/android.widget.RadioButton - Dos"): null

2023-09-27 16:11:57 - [TEST_STEP][PASSED] - optionTresObject = findTestObject("Object Repository/Parte1/Iniciar_sesioncorrectamente/CPN22_23_24/android.widget.RadioButton - Tres"): null

2023-09-27 16:11:57 - [TEST_STEP][PASSED] - siguienteButton = findTestObject("Parte1/Iniciar_sesioncorrectamente/CPN22_23_24/android.widget.Button - Siguiente"): null

2023-09-27 16:11:57 - [TEST_STEP][PASSED] - if (waitForElementPresent(radioGroupObject, 2)): null

2023-09-27 16:11:58 - [MESSAGE][PASSED] - Element 'Object Repository/Parte1/Iniciar_sesioncorrectamente/CPN22_23_24/android.widget.RadioGroup' is present

2023-09-27 16:11:58 - [TEST_STEP][PASSED] - if (waitForElementPresent(optionUnoObject, 2)): Element 'Object Repository/Parte1/Iniciar_sesioncorrectamente/CPN22_23_24/android.widget.RadioButton - Dos' is present

2023-09-27 16:12:00 - [MESSAGE][WARNING] - Object Object Repository/Parte1/Iniciar_sesioncorrectamente/CPN22_23_24/android.widget.RadioButton - Uno not found

2023-09-27 16:12:00 - [MESSAGE][PASSED] - Element 'Object Repository/Parte1/Iniciar_sesioncorrectamente/CPN22_23_24/android.widget.RadioButton - Dos' is present

2023-09-27 16:12:00 - [TEST_STEP][PASSED] - else if (waitForElementPresent(optionDosObject, 2)): Tapped on element 'Object Repository/Parte1/Iniciar_sesioncorrectamente/CPN22_23_24/android.widget.RadioButton - Dos'

2023-09-27 16:12:00 - [TEST_STEP][PASSED] - tap(optionDosObject, 2): Tapped on element 'Object Repository/Parte1/Iniciar_sesioncorrectamente/CPN22_23_24/android.widget.RadioButton - Dos'

2023-09-27 16:12:00 - [MESSAGE][PASSED] - Tapped on element 'Object Repository/Parte1/Iniciar_sesioncorrectamente/CPN22_23_24/android.widget.RadioButton - Dos'

2023-09-27 16:12:00 - [TEST_STEP][PASSED] - if (waitForElementPresent(siguienteButton, 2)): Object Object Repository/Parte1/Iniciar_sesioncorrectamente/CPN22_23_24/android.widget.Button - Siguiente not found

2023-09-27 16:12:02 - [MESSAGE][WARNING] - Object Object Repository/Parte1/Iniciar_sesioncorrectamente/CPN22_23_24/android.widget.Button - Siguiente not found

2023-09-27 16:12:02 - [TEST_STEP][PASSED] - else: Tapped on element 'Object Repository/Parte1/Iniciar_sesioncorrectamente/CPN22_23_24/android.widget.Button - Finalizar'

2023-09-27 16:12:02 - [TEST_STEP][PASSED] - tap(findTestObject("Parte1/Iniciar_sesioncorrectamente/CPN22_23_24/android.widget.Button - Finalizar"), 0): Tapped on element 'Object Repository/Parte1/Iniciar_sesioncorrectamente/CPN22_23_24/android.widget.Button - Finalizar'

2023-09-27 16:12:02 - [MESSAGE][WARNING] - Timeout '0' is invalid. Using default page load timeout: '30'

2023-09-27 16:12:02 - [MESSAGE][PASSED] - Tapped on element 'Object Repository/Parte1/Iniciar_sesioncorrectamente/CPN22_23_24/android.widget.Button - Finalizar'

2023-09-27 16:12:02 - [TEST_STEP][PASSED] - (i++): null

2023-09-27 16:12:02 - [TEST_STEP][PASSED] - verifyElementVisible(findTestObject("Parte1/Iniciar_sesioncorrectamente/CPN22_23_24/android.widget.TextView - Tu cuenta ha sido recuperada. Gracias por recuperar tu cuenta, ahora puedes chatear de forma privada y segura con tus contactos"), 0): Element 'Object Repository/Parte1/Iniciar_sesioncorrectamente/CPN22_23_24/android.widget.TextView - Tu cuenta ha sido recuperada. Gracias por recuperar tu cuenta, ahora puedes chatear de forma privada y segura con tus contactos' is visible

2023-09-27 16:12:02 - [MESSAGE][WARNING] - Timeout '0' is invalid. Using default page load timeout: '30'

2023-09-27 16:12:04 - [MESSAGE][PASSED] - Element 'Object Repository/Parte1/Iniciar_sesioncorrectamente/CPN22_23_24/android.widget.TextView - Tu cuenta ha sido recuperada. Gracias por recuperar tu cuenta, ahora puedes chatear de forma privada y segura con tus contactos' is visible

2023-09-27 16:12:04 - [TEST_STEP][PASSED] - tap(findTestObject("Object Repository/Parte1/Iniciar_sesioncorrectamente/CPN22_23_24/android.widget.Button - Cerrar"), 0): Tapped on element 'Object Repository/Parte1/Iniciar_sesioncorrectamente/CPN22_23_24/android.widget.Button - Cerrar'

2023-09-27 16:12:04 - [MESSAGE][WARNING] - Timeout '0' is invalid. Using default page load timeout: '30'

2023-09-27 16:12:06 - [MESSAGE][PASSED] - Tapped on element 'Object Repository/Parte1/Iniciar_sesioncorrectamente/CPN22_23_24/android.widget.Button - Cerrar'

2023-09-27 16:12:06 - [TEST_STEP][PASSED] - tap(findTestObject("Object Repository/Parte1/Iniciar_sesioncorrectamente/CPN22_23_24/android.widget.EditText - Pin de Acceso"), 0): Tapped on element 'Object Repository/Parte1/Iniciar_sesioncorrectamente/CPN22_23_24/android.widget.EditText - Pin de Acceso'

2023-09-27 16:12:06 - [MESSAGE][WARNING] - Timeout '0' is invalid. Using default page load timeout: '30'

2023-09-27 16:12:08 - [MESSAGE][PASSED] - Tapped on element 'Object Repository/Parte1/Iniciar_sesioncorrectamente/CPN22_23_24/android.widget.EditText - Pin de Acceso'

2023-09-27 16:12:08 - [TEST_STEP][PASSED] - setText(findTestObject("Object Repository/Parte1/Iniciar_sesioncorrectamente/CPN22_23_24/android.widget.EditText - Pin de Acceso (1)"), "0000", 0): Text '0000' has been set to element 'Object Repository/Parte1/Iniciar_sesioncorrectamente/CPN22_23_24/android.widget.EditText - Pin de Acceso (1)'

2023-09-27 16:12:08 - [MESSAGE][WARNING] - Timeout '0' is invalid. Using default page load timeout: '30'

2023-09-27 16:12:11 - [MESSAGE][PASSED] - Text '0000' has been set to element 'Object Repository/Parte1/Iniciar_sesioncorrectamente/CPN22_23_24/android.widget.EditText - Pin de Acceso (1)'

2023-09-27 16:12:11 - [TEST_STEP][PASSED] - tap(findTestObject("Object Repository/Parte1/Iniciar_sesioncorrectamente/CPN22_23_24/android.widget.EditText - Confirmar nuevo pin de acceso"), 0): Tapped on element 'Object Repository/Parte1/Iniciar_sesioncorrectamente/CPN22_23_24/android.widget.EditText - Confirmar nuevo pin de acceso'

2023-09-27 16:12:11 - [MESSAGE][WARNING] - Timeout '0' is invalid. Using default page load timeout: '30'

2023-09-27 16:12:12 - [MESSAGE][PASSED] - Tapped on element 'Object Repository/Parte1/Iniciar_sesioncorrectamente/CPN22_23_24/android.widget.EditText - Confirmar nuevo pin de acceso'

2023-09-27 16:12:12 - [TEST_STEP][PASSED] - setText(findTestObject("Object Repository/Parte1/Iniciar_sesioncorrectamente/CPN22_23_24/android.widget.EditText - Confirmar nuevo pin de acceso (1)"), "0000", 0): Text '0000' has been set to element 'Object Repository/Parte1/Iniciar_sesioncorrectamente/CPN22_23_24/android.widget.EditText - Confirmar nuevo pin de acceso (1)'

2023-09-27 16:12:12 - [MESSAGE][WARNING] - Timeout '0' is invalid. Using default page load timeout: '30'

2023-09-27 16:12:15 - [MESSAGE][PASSED] - Text '0000' has been set to element 'Object Repository/Parte1/Iniciar_sesioncorrectamente/CPN22_23_24/android.widget.EditText - Confirmar nuevo pin de acceso (1)'

2023-09-27 16:12:15 - [TEST_STEP][PASSED] - hideKeyboard(): Keyboard is hidden

2023-09-27 16:12:17 - [MESSAGE][PASSED] - Keyboard is hidden

2023-09-27 16:12:17 - [TEST_STEP][PASSED] - tap(findTestObject("Object Repository/Parte1/Iniciar_sesioncorrectamente/CPN22_23_24/android.widget.Button - Recuperar cuenta"), 0): Tapped on element 'Object Repository/Parte1/Iniciar_sesioncorrectamente/CPN22_23_24/android.widget.Button - Recuperar cuenta'

2023-09-27 16:12:17 - [MESSAGE][WARNING] - Timeout '0' is invalid. Using default page load timeout: '30'

2023-09-27 16:12:17 - [MESSAGE][PASSED] - Tapped on element 'Object Repository/Parte1/Iniciar_sesioncorrectamente/CPN22_23_24/android.widget.Button - Recuperar cuenta'

2023-09-27 16:12:17 - [TEST_STEP][PASSED] - delay(6, STOP_ON_FAILURE): Delayed 6 second(s)

2023-09-27 16:12:23 - [MESSAGE][PASSED] - Delayed 6 second(s)]]></system-out>
         <system-err><![CDATA[]]></system-err>
      </testcase>
      <testcase name="Test Cases/CPN29" time="23.618" classname="Test Cases/CPN29" status="PASSED">
         <system-out><![CDATA[2023-09-27 16:12:23 - [TEST_CASE][PASSED] - Test Cases/CPN29: Test Cases/CPN29

2023-09-27 16:12:24 - [TEST_STEP][PASSED] - delay(3, STOP_ON_FAILURE): Delayed 3 second(s)

2023-09-27 16:12:27 - [MESSAGE][PASSED] - Delayed 3 second(s)

2023-09-27 16:12:27 - [TEST_STEP][PASSED] - tap(findTestObject("Parte1/Recuperar_cuenta/CPN29/android.widget.FrameLayout"), 0): Tapped on element 'Object Repository/Parte1/Recuperar_cuenta/CPN29/android.widget.FrameLayout'

2023-09-27 16:12:27 - [MESSAGE][WARNING] - Timeout '0' is invalid. Using default page load timeout: '30'

2023-09-27 16:12:27 - [MESSAGE][PASSED] - Tapped on element 'Object Repository/Parte1/Recuperar_cuenta/CPN29/android.widget.FrameLayout'

2023-09-27 16:12:27 - [TEST_STEP][PASSED] - lista = findTestObject("Object Repository/Parte1/Recuperar_cuenta/CPN29/androidx.recyclerview.widget.RecyclerView"): null

2023-09-27 16:12:27 - [TEST_STEP][PASSED] - startX = 14: null

2023-09-27 16:12:27 - [TEST_STEP][PASSED] - startY = 1211: null

2023-09-27 16:12:27 - [TEST_STEP][PASSED] - endX = 0: null

2023-09-27 16:12:27 - [TEST_STEP][PASSED] - endY = 155: null

2023-09-27 16:12:27 - [TEST_STEP][PASSED] - for ([i = 0, i < 3, (i++)]): Element 'Object Repository/Parte1/Recuperar_cuenta/CPN29/androidx.recyclerview.widget.RecyclerView' is present

2023-09-27 16:12:27 - [TEST_STEP][PASSED] - swipe(startX, startY, endX, endY): Swiped from 14,1.211 to 0,155

2023-09-27 16:12:29 - [MESSAGE][PASSED] - Swiped from 14,1.211 to 0,155

2023-09-27 16:12:29 - [TEST_STEP][PASSED] - delay(3): Delayed 3 second(s)

2023-09-27 16:12:32 - [MESSAGE][PASSED] - Delayed 3 second(s)

2023-09-27 16:12:32 - [TEST_STEP][PASSED] - waitForElementPresent(findTestObject("Parte1/Recuperar_cuenta/CPN29/androidx.recyclerview.widget.RecyclerView"), 0): Element 'Object Repository/Parte1/Recuperar_cuenta/CPN29/androidx.recyclerview.widget.RecyclerView' is present

2023-09-27 16:12:32 - [MESSAGE][WARNING] - Timeout '0' is invalid. Using default page load timeout: '30'

2023-09-27 16:12:32 - [MESSAGE][PASSED] - Element 'Object Repository/Parte1/Recuperar_cuenta/CPN29/androidx.recyclerview.widget.RecyclerView' is present

2023-09-27 16:12:32 - [TEST_STEP][PASSED] - swipe(startX, startY, endX, endY): Swiped from 14,1.211 to 0,155

2023-09-27 16:12:34 - [MESSAGE][PASSED] - Swiped from 14,1.211 to 0,155

2023-09-27 16:12:34 - [TEST_STEP][PASSED] - delay(3): Delayed 3 second(s)

2023-09-27 16:12:37 - [MESSAGE][PASSED] - Delayed 3 second(s)

2023-09-27 16:12:37 - [TEST_STEP][PASSED] - waitForElementPresent(findTestObject("Parte1/Recuperar_cuenta/CPN29/androidx.recyclerview.widget.RecyclerView"), 0): Element 'Object Repository/Parte1/Recuperar_cuenta/CPN29/androidx.recyclerview.widget.RecyclerView' is present

2023-09-27 16:12:37 - [MESSAGE][WARNING] - Timeout '0' is invalid. Using default page load timeout: '30'

2023-09-27 16:12:37 - [MESSAGE][PASSED] - Element 'Object Repository/Parte1/Recuperar_cuenta/CPN29/androidx.recyclerview.widget.RecyclerView' is present

2023-09-27 16:12:37 - [TEST_STEP][PASSED] - swipe(startX, startY, endX, endY): Swiped from 14,1.211 to 0,155

2023-09-27 16:12:38 - [MESSAGE][PASSED] - Swiped from 14,1.211 to 0,155

2023-09-27 16:12:38 - [TEST_STEP][PASSED] - delay(3): Delayed 3 second(s)

2023-09-27 16:12:41 - [MESSAGE][PASSED] - Delayed 3 second(s)

2023-09-27 16:12:41 - [TEST_STEP][PASSED] - waitForElementPresent(findTestObject("Parte1/Recuperar_cuenta/CPN29/androidx.recyclerview.widget.RecyclerView"), 0): Element 'Object Repository/Parte1/Recuperar_cuenta/CPN29/androidx.recyclerview.widget.RecyclerView' is present

2023-09-27 16:12:41 - [MESSAGE][WARNING] - Timeout '0' is invalid. Using default page load timeout: '30'

2023-09-27 16:12:42 - [MESSAGE][PASSED] - Element 'Object Repository/Parte1/Recuperar_cuenta/CPN29/androidx.recyclerview.widget.RecyclerView' is present

2023-09-27 16:12:42 - [TEST_STEP][PASSED] - delay(2): Delayed 2 second(s)

2023-09-27 16:12:44 - [MESSAGE][PASSED] - Delayed 2 second(s)

2023-09-27 16:12:44 - [TEST_STEP][PASSED] - tap(findTestObject("Parte1/Recuperar_cuenta/CPN29/android.widget.FrameLayout (1)"), 0): Tapped on element 'Object Repository/Parte1/Recuperar_cuenta/CPN29/android.widget.FrameLayout (1)'

2023-09-27 16:12:44 - [MESSAGE][WARNING] - Timeout '0' is invalid. Using default page load timeout: '30'

2023-09-27 16:12:44 - [MESSAGE][PASSED] - Tapped on element 'Object Repository/Parte1/Recuperar_cuenta/CPN29/android.widget.FrameLayout (1)'

2023-09-27 16:12:44 - [TEST_STEP][PASSED] - delay(3): Delayed 3 second(s)

2023-09-27 16:12:47 - [MESSAGE][PASSED] - Delayed 3 second(s)]]></system-out>
         <system-err><![CDATA[]]></system-err>
      </testcase>
      <testcase name="Test Cases/Parte1/Recuperar_cuenta/CPN31" time="15.516" classname="Test Cases/Parte1/Recuperar_cuenta/CPN31" status="PASSED">
         <system-out><![CDATA[2023-09-27 16:12:47 - [TEST_CASE][PASSED] - Test Cases/Parte1/Recuperar_cuenta/CPN31: Test Cases/Parte1/Recuperar_cuenta/CPN31

2023-09-27 16:12:47 - [TEST_STEP][PASSED] - tap(findTestObject("Object Repository/Parte1/Recuperar_cuenta/CPN31/android.widget.FrameLayout"), 0): Tapped on element 'Object Repository/Parte1/Recuperar_cuenta/CPN31/android.widget.FrameLayout'

2023-09-27 16:12:47 - [MESSAGE][WARNING] - Timeout '0' is invalid. Using default page load timeout: '30'

2023-09-27 16:12:48 - [MESSAGE][PASSED] - Tapped on element 'Object Repository/Parte1/Recuperar_cuenta/CPN31/android.widget.FrameLayout'

2023-09-27 16:12:48 - [TEST_STEP][PASSED] - tap(findTestObject("Object Repository/Parte1/Recuperar_cuenta/CPN31/android.widget.LinearLayout"), 0): Tapped on element 'Object Repository/Parte1/Recuperar_cuenta/CPN31/android.widget.LinearLayout'

2023-09-27 16:12:48 - [MESSAGE][WARNING] - Timeout '0' is invalid. Using default page load timeout: '30'

2023-09-27 16:12:49 - [MESSAGE][PASSED] - Tapped on element 'Object Repository/Parte1/Recuperar_cuenta/CPN31/android.widget.LinearLayout'

2023-09-27 16:12:49 - [TEST_STEP][PASSED] - tap(findTestObject("Object Repository/Parte1/Recuperar_cuenta/CPN31/android.widget.LinearLayout (1)"), 0): Tapped on element 'Object Repository/Parte1/Recuperar_cuenta/CPN31/android.widget.LinearLayout (1)'

2023-09-27 16:12:49 - [MESSAGE][WARNING] - Timeout '0' is invalid. Using default page load timeout: '30'

2023-09-27 16:12:50 - [MESSAGE][PASSED] - Tapped on element 'Object Repository/Parte1/Recuperar_cuenta/CPN31/android.widget.LinearLayout (1)'

2023-09-27 16:12:50 - [TEST_STEP][PASSED] - waitForElementPresent(findTestObject("Object Repository/Parte1/Recuperar_cuenta/CPN31/androidx.recyclerview.widget.RecyclerView"), 0): Element 'Object Repository/Parte1/Recuperar_cuenta/CPN31/androidx.recyclerview.widget.RecyclerView' is present

2023-09-27 16:12:50 - [MESSAGE][WARNING] - Timeout '0' is invalid. Using default page load timeout: '30'

2023-09-27 16:12:52 - [MESSAGE][PASSED] - Element 'Object Repository/Parte1/Recuperar_cuenta/CPN31/androidx.recyclerview.widget.RecyclerView' is present

2023-09-27 16:12:52 - [TEST_STEP][PASSED] - delay(2, STOP_ON_FAILURE): Delayed 2 second(s)

2023-09-27 16:12:54 - [MESSAGE][PASSED] - Delayed 2 second(s)

2023-09-27 16:12:54 - [TEST_STEP][PASSED] - tap(findTestObject("Object Repository/Parte1/Recuperar_cuenta/CPN31/android.widget.ImageButton"), 0): Tapped on element 'Object Repository/Parte1/Recuperar_cuenta/CPN31/android.widget.ImageButton'

2023-09-27 16:12:55 - [MESSAGE][WARNING] - Timeout '0' is invalid. Using default page load timeout: '30'

2023-09-27 16:12:55 - [MESSAGE][PASSED] - Tapped on element 'Object Repository/Parte1/Recuperar_cuenta/CPN31/android.widget.ImageButton'

2023-09-27 16:12:55 - [TEST_STEP][PASSED] - delay(2, STOP_ON_FAILURE): Delayed 2 second(s)

2023-09-27 16:12:57 - [MESSAGE][PASSED] - Delayed 2 second(s)

2023-09-27 16:12:57 - [TEST_STEP][PASSED] - tap(findTestObject("Parte1/Recuperar_cuenta/CPN31/android.widget.ImageButton"), 0): Tapped on element 'Object Repository/Parte1/Recuperar_cuenta/CPN31/android.widget.ImageButton'

2023-09-27 16:12:57 - [MESSAGE][WARNING] - Timeout '0' is invalid. Using default page load timeout: '30'

2023-09-27 16:12:58 - [MESSAGE][PASSED] - Tapped on element 'Object Repository/Parte1/Recuperar_cuenta/CPN31/android.widget.ImageButton'

2023-09-27 16:12:58 - [TEST_STEP][PASSED] - delay(2, STOP_ON_FAILURE): Delayed 2 second(s)

2023-09-27 16:13:00 - [MESSAGE][PASSED] - Delayed 2 second(s)

2023-09-27 16:13:00 - [TEST_STEP][PASSED] - tap(findTestObject("Object Repository/Parte1/Recuperar_cuenta/CPN31/android.widget.FrameLayout (1)"), 0): Tapped on element 'Object Repository/Parte1/Recuperar_cuenta/CPN31/android.widget.FrameLayout (1)'

2023-09-27 16:13:00 - [MESSAGE][WARNING] - Timeout '0' is invalid. Using default page load timeout: '30'

2023-09-27 16:13:02 - [MESSAGE][PASSED] - Tapped on element 'Object Repository/Parte1/Recuperar_cuenta/CPN31/android.widget.FrameLayout (1)'

2023-09-27 16:13:02 - [TEST_STEP][PASSED] - verifyElementVisible(findTestObject("Object Repository/Parte1/Recuperar_cuenta/CPN31/android.widget.TextView - NapoleoN"), 0): Element 'Object Repository/Parte1/Recuperar_cuenta/CPN31/android.widget.TextView - NapoleoN' is visible

2023-09-27 16:13:02 - [MESSAGE][WARNING] - Timeout '0' is invalid. Using default page load timeout: '30'

2023-09-27 16:13:03 - [MESSAGE][PASSED] - Element 'Object Repository/Parte1/Recuperar_cuenta/CPN31/android.widget.TextView - NapoleoN' is visible]]></system-out>
         <system-err><![CDATA[]]></system-err>
      </testcase>
      <testcase name="Test Cases/Recuperacion informacion" time="37.462" classname="Test Cases/Recuperacion informacion" status="PASSED">
         <system-out><![CDATA[2023-09-27 16:13:03 - [TEST_CASE][PASSED] - Test Cases/Recuperacion informacion: Test Cases/Recuperacion informacion

2023-09-27 16:13:03 - [TEST_STEP][PASSED] - tap(findTestObject("Object Repository/Recuperacion informacion/android.widget.FrameLayout"), 0): Tapped on element 'Object Repository/Recuperacion informacion/android.widget.FrameLayout'

2023-09-27 16:13:03 - [MESSAGE][WARNING] - Timeout '0' is invalid. Using default page load timeout: '30'

2023-09-27 16:13:03 - [MESSAGE][PASSED] - Tapped on element 'Object Repository/Recuperacion informacion/android.widget.FrameLayout'

2023-09-27 16:13:03 - [TEST_STEP][PASSED] - verifyElementExist(findTestObject("Object Repository/Recuperacion informacion/android.widget.TextView - Estado de prueba personalizado  123456789"), 0): Element 'Object Repository/Recuperacion informacion/android.widget.TextView - Estado de prueba personalizado  123456789' is exist

2023-09-27 16:13:03 - [MESSAGE][WARNING] - Timeout '0' is invalid. Using default page load timeout: '30'

2023-09-27 16:13:04 - [MESSAGE][PASSED] - Element 'Object Repository/Recuperacion informacion/android.widget.TextView - Estado de prueba personalizado  123456789' is exist

2023-09-27 16:13:04 - [TEST_STEP][PASSED] - delay(2, STOP_ON_FAILURE): Delayed 2 second(s)

2023-09-27 16:13:06 - [MESSAGE][PASSED] - Delayed 2 second(s)

2023-09-27 16:13:06 - [TEST_STEP][PASSED] - verifyElementExist(findTestObject("Object Repository/Recuperacion informacion/android.widget.TextView - Nombre de recuperacion"), 0): Element 'Object Repository/Recuperacion informacion/android.widget.TextView - Nombre de recuperacion' is exist

2023-09-27 16:13:06 - [MESSAGE][WARNING] - Timeout '0' is invalid. Using default page load timeout: '30'

2023-09-27 16:13:06 - [MESSAGE][PASSED] - Element 'Object Repository/Recuperacion informacion/android.widget.TextView - Nombre de recuperacion' is exist

2023-09-27 16:13:06 - [TEST_STEP][PASSED] - tap(findTestObject("Object Repository/Recuperacion informacion/android.widget.ImageView"), 0): Tapped on element 'Object Repository/Recuperacion informacion/android.widget.ImageView'

2023-09-27 16:13:06 - [MESSAGE][WARNING] - Timeout '0' is invalid. Using default page load timeout: '30'

2023-09-27 16:13:07 - [MESSAGE][PASSED] - Tapped on element 'Object Repository/Recuperacion informacion/android.widget.ImageView'

2023-09-27 16:13:07 - [TEST_STEP][PASSED] - verifyElementVisible(findTestObject("Object Repository/Recuperacion informacion/android.widget.ImageView (1)"), 0): Element 'Object Repository/Recuperacion informacion/android.widget.ImageView (1)' is visible

2023-09-27 16:13:07 - [MESSAGE][WARNING] - Timeout '0' is invalid. Using default page load timeout: '30'

2023-09-27 16:13:07 - [MESSAGE][PASSED] - Element 'Object Repository/Recuperacion informacion/android.widget.ImageView (1)' is visible

2023-09-27 16:13:07 - [TEST_STEP][PASSED] - delay(2, STOP_ON_FAILURE): Delayed 2 second(s)

2023-09-27 16:13:09 - [MESSAGE][PASSED] - Delayed 2 second(s)

2023-09-27 16:13:09 - [TEST_STEP][PASSED] - tap(findTestObject("Object Repository/Recuperacion informacion/android.widget.ImageButton (1)"), 0): Tapped on element 'Object Repository/Recuperacion informacion/android.widget.ImageButton (1)'

2023-09-27 16:13:09 - [MESSAGE][WARNING] - Timeout '0' is invalid. Using default page load timeout: '30'

2023-09-27 16:13:09 - [MESSAGE][PASSED] - Tapped on element 'Object Repository/Recuperacion informacion/android.widget.ImageButton (1)'

2023-09-27 16:13:09 - [TEST_STEP][PASSED] - tap(findTestObject("Object Repository/Recuperacion informacion/android.widget.FrameLayout (1)"), 0): Tapped on element 'Object Repository/Recuperacion informacion/android.widget.FrameLayout (1)'

2023-09-27 16:13:10 - [MESSAGE][WARNING] - Timeout '0' is invalid. Using default page load timeout: '30'

2023-09-27 16:13:10 - [MESSAGE][PASSED] - Tapped on element 'Object Repository/Recuperacion informacion/android.widget.FrameLayout (1)'

2023-09-27 16:13:10 - [TEST_STEP][PASSED] - scrollToText("Nombre de prueba"): Scrolling to text 'Nombre de prueba' successfully

2023-09-27 16:13:15 - [MESSAGE][PASSED] - Scrolling to text 'Nombre de prueba' successfully

2023-09-27 16:13:15 - [TEST_STEP][PASSED] - tap(findTestObject("Object Repository/Recuperacion informacion/android.widget.ImageButton (2)"), 0): Tapped on element 'Object Repository/Recuperacion informacion/android.widget.ImageButton (2)'

2023-09-27 16:13:15 - [MESSAGE][WARNING] - Timeout '0' is invalid. Using default page load timeout: '30'

2023-09-27 16:13:15 - [MESSAGE][PASSED] - Tapped on element 'Object Repository/Recuperacion informacion/android.widget.ImageButton (2)'

2023-09-27 16:13:15 - [TEST_STEP][PASSED] - tap(findTestObject("Object Repository/Recuperacion informacion/android.widget.LinearLayout"), 0): Tapped on element 'Object Repository/Recuperacion informacion/android.widget.LinearLayout'

2023-09-27 16:13:15 - [MESSAGE][WARNING] - Timeout '0' is invalid. Using default page load timeout: '30'

2023-09-27 16:13:17 - [MESSAGE][PASSED] - Tapped on element 'Object Repository/Recuperacion informacion/android.widget.LinearLayout'

2023-09-27 16:13:17 - [TEST_STEP][PASSED] - verifyElementExist(findTestObject("Object Repository/Recuperacion informacion/android.widget.TextView - Nombre de prueba"), 0): Element 'Object Repository/Recuperacion informacion/android.widget.TextView - Nombre de prueba' is exist

2023-09-27 16:13:17 - [MESSAGE][WARNING] - Timeout '0' is invalid. Using default page load timeout: '30'

2023-09-27 16:13:18 - [MESSAGE][PASSED] - Element 'Object Repository/Recuperacion informacion/android.widget.TextView - Nombre de prueba' is exist

2023-09-27 16:13:18 - [TEST_STEP][PASSED] - verifyElementExist(findTestObject("Object Repository/Recuperacion informacion/android.widget.TextView - personalizado456"), 0): Element 'Object Repository/Recuperacion informacion/android.widget.TextView - personalizado456' is exist

2023-09-27 16:13:18 - [MESSAGE][WARNING] - Timeout '0' is invalid. Using default page load timeout: '30'

2023-09-27 16:13:18 - [MESSAGE][PASSED] - Element 'Object Repository/Recuperacion informacion/android.widget.TextView - personalizado456' is exist

2023-09-27 16:13:18 - [TEST_STEP][PASSED] - tap(findTestObject("Recuperacion informacion/android.widget.ImageView (2)"), 0): Tapped on element 'Object Repository/Recuperacion informacion/android.widget.ImageView (2)'

2023-09-27 16:13:18 - [MESSAGE][WARNING] - Timeout '0' is invalid. Using default page load timeout: '30'

2023-09-27 16:13:18 - [MESSAGE][PASSED] - Tapped on element 'Object Repository/Recuperacion informacion/android.widget.ImageView (2)'

2023-09-27 16:13:18 - [TEST_STEP][PASSED] - verifyElementVisible(findTestObject("Recuperacion informacion/android.widget.ImageView (1)"), 0): Element 'Object Repository/Recuperacion informacion/android.widget.ImageView (1)' is visible

2023-09-27 16:13:18 - [MESSAGE][WARNING] - Timeout '0' is invalid. Using default page load timeout: '30'

2023-09-27 16:13:19 - [MESSAGE][PASSED] - Element 'Object Repository/Recuperacion informacion/android.widget.ImageView (1)' is visible

2023-09-27 16:13:19 - [TEST_STEP][PASSED] - tap(findTestObject("Recuperacion informacion/android.widget.ImageButton (1)"), 0): Tapped on element 'Object Repository/Recuperacion informacion/android.widget.ImageButton (1)'

2023-09-27 16:13:19 - [MESSAGE][WARNING] - Timeout '0' is invalid. Using default page load timeout: '30'

2023-09-27 16:13:20 - [MESSAGE][PASSED] - Tapped on element 'Object Repository/Recuperacion informacion/android.widget.ImageButton (1)'

2023-09-27 16:13:20 - [TEST_STEP][PASSED] - scrollToText("Bloquear contacto"): Scrolling to text 'Bloquear contacto' successfully

2023-09-27 16:13:21 - [MESSAGE][PASSED] - Scrolling to text 'Bloquear contacto' successfully

2023-09-27 16:13:21 - [TEST_STEP][PASSED] - tap(findTestObject("Object Repository/Recuperacion informacion/android.widget.LinearLayout (1)"), 0): Tapped on element 'Object Repository/Recuperacion informacion/android.widget.LinearLayout (1)'

2023-09-27 16:13:21 - [MESSAGE][WARNING] - Timeout '0' is invalid. Using default page load timeout: '30'

2023-09-27 16:13:34 - [MESSAGE][PASSED] - Tapped on element 'Object Repository/Recuperacion informacion/android.widget.LinearLayout (1)'

2023-09-27 16:13:34 - [TEST_STEP][PASSED] - tap(findTestObject("Object Repository/Recuperacion informacion/android.widget.Button - Aceptar"), 0): Tapped on element 'Object Repository/Recuperacion informacion/android.widget.Button - Aceptar'

2023-09-27 16:13:34 - [MESSAGE][WARNING] - Timeout '0' is invalid. Using default page load timeout: '30'

2023-09-27 16:13:35 - [MESSAGE][PASSED] - Tapped on element 'Object Repository/Recuperacion informacion/android.widget.Button - Aceptar'

2023-09-27 16:13:35 - [TEST_STEP][PASSED] - waitForElementPresent(findTestObject("Object Repository/Recuperacion informacion/android.widget.TextView - android once"), 0): Element 'Object Repository/Recuperacion informacion/android.widget.TextView - android once' is present

2023-09-27 16:13:35 - [MESSAGE][WARNING] - Timeout '0' is invalid. Using default page load timeout: '30'

2023-09-27 16:13:35 - [MESSAGE][PASSED] - Element 'Object Repository/Recuperacion informacion/android.widget.TextView - android once' is present

2023-09-27 16:13:35 - [TEST_STEP][PASSED] - waitForElementPresent(findTestObject("Recuperacion informacion/android.widget.TextView - android11"), 0): Element 'Object Repository/Recuperacion informacion/android.widget.TextView - android11' is present

2023-09-27 16:13:35 - [MESSAGE][WARNING] - Timeout '0' is invalid. Using default page load timeout: '30'

2023-09-27 16:13:36 - [MESSAGE][PASSED] - Element 'Object Repository/Recuperacion informacion/android.widget.TextView - android11' is present

2023-09-27 16:13:36 - [TEST_STEP][PASSED] - tap(findTestObject("Recuperacion informacion/android.widget.ImageButton (1)"), 0): Tapped on element 'Object Repository/Recuperacion informacion/android.widget.ImageButton (1)'

2023-09-27 16:13:36 - [MESSAGE][WARNING] - Timeout '0' is invalid. Using default page load timeout: '30'

2023-09-27 16:13:37 - [MESSAGE][PASSED] - Tapped on element 'Object Repository/Recuperacion informacion/android.widget.ImageButton (1)'

2023-09-27 16:13:37 - [TEST_STEP][PASSED] - delay(3, STOP_ON_FAILURE): Delayed 3 second(s)

2023-09-27 16:13:40 - [MESSAGE][PASSED] - Delayed 3 second(s)]]></system-out>
         <system-err><![CDATA[]]></system-err>
      </testcase>
      <system-out><![CDATA[2023-09-27 16:07:21 - [TEST_SUITE][PASSED] - prueba lis: Test Cases/Recuperacion informacion]]></system-out>
      <system-err><![CDATA[]]></system-err>
   </testsuite>
</testsuites>
