<?xml version="1.0" encoding="UTF-8"?>
<testsuites name="prueba" time="146.387" tests="3" failures="0" errors="0">
   <testsuite name="prueba" tests="3" failures="0" errors="0" time="146.387" skipped="0" timestamp="2023-05-24 10:19:06" hostname="Testing - DESKTOP-OBIGNLU" id="Test Suites/prueba">
      <properties>
         <property name="deviceName" value="samsung SM-A107M (Android 11)"/>
         <property name="devicePlatform" value=""/>
         <property name="logFolder" value="C:\\Users\\Testing\\Katalon Studio\\NN_Version2\\Reports\\20230524_101855\\prueba\\20230524_101855"/>
         <property name="logFiles" value="C:\\Users\\Testing\\Katalon Studio\\NN_Version2\\Reports\\20230524_101855\\prueba\\20230524_101855\\appium.log, C:\\Users\\Testing\\Katalon Studio\\NN_Version2\\Reports\\20230524_101855\\prueba\\20230524_101855\\execution0.log"/>
         <property name="attachments" value=""/>
         <property name="hostName" value="Testing - DESKTOP-OBIGNLU"/>
         <property name="os" value="Windows 10 64bit"/>
         <property name="appiumServerStatus" value="{&quot;value&quot;:{&quot;build&quot;:{&quot;version&quot;:&quot;1.22.3&quot;}},&quot;sessionId&quot;:null,&quot;status&quot;:0}"/>
         <property name="katalonVersion" value="8.5.5.208"/>
         <property name="deviceOS" value="Android"/>
         <property name="appiumVersion" value="1.22.3"/>
         <property name="deviceModel" value="SM-A107M"/>
         <property name="hostAddress" value="192.168.1.5"/>
         <property name="deviceManufacturer" value="samsung"/>
         <property name="deviceId" value="R9WN40KBXDJ"/>
         <property name="deviceName" value="samsung SM-A107M (Android 11)"/>
         <property name="deviceOSVersion" value="11"/>
      </properties>
      <testcase name="Test Cases/ingreso" time="58.073" classname="Test Cases/ingreso" status="PASSED">
         <system-out><![CDATA[2023-05-24 10:19:06 - [TEST_CASE][PASSED] - Test Cases/ingreso: Test Cases/ingreso

2023-05-24 10:19:07 - [TEST_STEP][PASSED] - startApplication("C:\Users\Testing\Desktop\katalon\Version nueva\app-debug (2).apk", true): Started app at: 'C:\Users\Testing\Desktop\katalon\Version nueva\app-debug (2).apk'

2023-05-24 10:19:07 - [MESSAGE][INFO] - Detected NodeJS location: "C:\Program Files\nodejs\node.exe"

2023-05-24 10:19:08 - [MESSAGE][INFO] - Appium server started on port 59.469

2023-05-24 10:19:40 - [MESSAGE][PASSED] - Started app at: 'C:\Users\Testing\Desktop\katalon\Version nueva\app-debug (2).apk'

2023-05-24 10:19:40 - [TEST_STEP][PASSED] - tap(findTestObject("Object Repository/ingreso/android.widget.TextView - Omitir"), 0): Tapped on element 'Object Repository/ingreso/android.widget.TextView - Omitir'

2023-05-24 10:19:40 - [MESSAGE][WARNING] - Timeout '0' is invalid. Using default page load timeout: '30'

2023-05-24 10:19:41 - [MESSAGE][PASSED] - Tapped on element 'Object Repository/ingreso/android.widget.TextView - Omitir'

2023-05-24 10:19:41 - [TEST_STEP][PASSED] - tap(findTestObject("Object Repository/ingreso/android.widget.Button - Crear Cuenta"), 0): Tapped on element 'Object Repository/ingreso/android.widget.Button - Crear Cuenta'

2023-05-24 10:19:42 - [MESSAGE][WARNING] - Timeout '0' is invalid. Using default page load timeout: '30'

2023-05-24 10:19:43 - [MESSAGE][PASSED] - Tapped on element 'Object Repository/ingreso/android.widget.Button - Crear Cuenta'

2023-05-24 10:19:43 - [TEST_STEP][PASSED] - tap(findTestObject("Object Repository/ingreso/android.widget.Button - Enviar cdigo de registro"), 0): Tapped on element 'Object Repository/ingreso/android.widget.Button - Enviar cdigo de registro'

2023-05-24 10:19:43 - [MESSAGE][WARNING] - Timeout '0' is invalid. Using default page load timeout: '30'

2023-05-24 10:19:45 - [MESSAGE][PASSED] - Tapped on element 'Object Repository/ingreso/android.widget.Button - Enviar cdigo de registro'

2023-05-24 10:19:45 - [TEST_STEP][PASSED] - tap(findTestObject("Object Repository/ingreso/android.widget.Button - Continuar"), 0): Tapped on element 'Object Repository/ingreso/android.widget.Button - Continuar'

2023-05-24 10:19:45 - [MESSAGE][WARNING] - Timeout '0' is invalid. Using default page load timeout: '30'

2023-05-24 10:19:52 - [MESSAGE][PASSED] - Tapped on element 'Object Repository/ingreso/android.widget.Button - Continuar'

2023-05-24 10:19:52 - [TEST_STEP][PASSED] - setText(findTestObject("Object Repository/ingreso/android.widget.EditText - Apodo"), "libre02", 0): Text 'libre02' has been set to element 'Object Repository/ingreso/android.widget.EditText - Apodo'

2023-05-24 10:19:52 - [MESSAGE][WARNING] - Timeout '0' is invalid. Using default page load timeout: '30'

2023-05-24 10:19:56 - [MESSAGE][PASSED] - Text 'libre02' has been set to element 'Object Repository/ingreso/android.widget.EditText - Apodo'

2023-05-24 10:19:56 - [TEST_STEP][PASSED] - tap(findTestObject("Object Repository/ingreso/android.widget.Button - Siguiente"), 0): Tapped on element 'Object Repository/ingreso/android.widget.Button - Siguiente'

2023-05-24 10:19:56 - [MESSAGE][WARNING] - Timeout '0' is invalid. Using default page load timeout: '30'

2023-05-24 10:19:58 - [MESSAGE][PASSED] - Tapped on element 'Object Repository/ingreso/android.widget.Button - Siguiente'

2023-05-24 10:19:58 - [TEST_STEP][PASSED] - setText(findTestObject("Object Repository/ingreso/android.widget.EditText - Pin de Acceso"), "0000", 0): Text '0000' has been set to element 'Object Repository/ingreso/android.widget.EditText - Pin de Acceso'

2023-05-24 10:19:58 - [MESSAGE][WARNING] - Timeout '0' is invalid. Using default page load timeout: '30'

2023-05-24 10:20:01 - [MESSAGE][PASSED] - Text '0000' has been set to element 'Object Repository/ingreso/android.widget.EditText - Pin de Acceso'

2023-05-24 10:20:01 - [TEST_STEP][PASSED] - setText(findTestObject("Object Repository/ingreso/android.widget.EditText - Confirmar nuevo pin de acceso"), "0000", 0): Text '0000' has been set to element 'Object Repository/ingreso/android.widget.EditText - Confirmar nuevo pin de acceso'

2023-05-24 10:20:01 - [MESSAGE][WARNING] - Timeout '0' is invalid. Using default page load timeout: '30'

2023-05-24 10:20:04 - [MESSAGE][PASSED] - Text '0000' has been set to element 'Object Repository/ingreso/android.widget.EditText - Confirmar nuevo pin de acceso'

2023-05-24 10:20:04 - [TEST_STEP][PASSED] - tap(findTestObject("Object Repository/ingreso/android.widget.Button - Crear Cuenta (1)"), 0): Tapped on element 'Object Repository/ingreso/android.widget.Button - Crear Cuenta (1)'

2023-05-24 10:20:04 - [MESSAGE][WARNING] - Timeout '0' is invalid. Using default page load timeout: '30'

2023-05-24 10:20:04 - [MESSAGE][PASSED] - Tapped on element 'Object Repository/ingreso/android.widget.Button - Crear Cuenta (1)']]></system-out>
         <system-err><![CDATA[]]></system-err>
      </testcase>
      <testcase name="Test Cases/agregar" time="68.609" classname="Test Cases/agregar" status="PASSED">
         <system-out><![CDATA[2023-05-24 10:20:04 - [TEST_CASE][PASSED] - Test Cases/agregar: Test Cases/agregar

2023-05-24 10:20:05 - [TEST_STEP][PASSED] - tap(findTestObject("Object Repository/agregar/android.widget.ImageView"), 0): Tapped on element 'Object Repository/agregar/android.widget.ImageView'

2023-05-24 10:20:05 - [MESSAGE][WARNING] - Timeout '0' is invalid. Using default page load timeout: '30'

2023-05-24 10:20:08 - [MESSAGE][PASSED] - Tapped on element 'Object Repository/agregar/android.widget.ImageView'

2023-05-24 10:20:08 - [TEST_STEP][PASSED] - tap(findTestObject("Object Repository/agregar/android.widget.Button - Agregar contactos"), 0): Tapped on element 'Object Repository/agregar/android.widget.Button - Agregar contactos'

2023-05-24 10:20:08 - [MESSAGE][WARNING] - Timeout '0' is invalid. Using default page load timeout: '30'

2023-05-24 10:20:09 - [MESSAGE][PASSED] - Tapped on element 'Object Repository/agregar/android.widget.Button - Agregar contactos'

2023-05-24 10:20:09 - [TEST_STEP][PASSED] - setText(findTestObject("Object Repository/agregar/android.widget.EditText - Busca por apodo"), "prueba2134", 0): Text 'prueba2134' has been set to element 'Object Repository/agregar/android.widget.EditText - Busca por apodo'

2023-05-24 10:20:09 - [MESSAGE][WARNING] - Timeout '0' is invalid. Using default page load timeout: '30'

2023-05-24 10:20:13 - [MESSAGE][PASSED] - Text 'prueba2134' has been set to element 'Object Repository/agregar/android.widget.EditText - Busca por apodo'

2023-05-24 10:20:13 - [TEST_STEP][PASSED] - tap(findTestObject("Object Repository/agregar/android.widget.Button - AGREGAR"), 0): Tapped on element 'Object Repository/agregar/android.widget.Button - AGREGAR'

2023-05-24 10:20:13 - [MESSAGE][WARNING] - Timeout '0' is invalid. Using default page load timeout: '30'

2023-05-24 10:20:15 - [MESSAGE][PASSED] - Tapped on element 'Object Repository/agregar/android.widget.Button - AGREGAR'

2023-05-24 10:20:15 - [TEST_STEP][PASSED] - tap(findTestObject("Object Repository/agregar/android.widget.TextView"), 0): Tapped on element 'Object Repository/agregar/android.widget.TextView'

2023-05-24 10:20:15 - [MESSAGE][WARNING] - Timeout '0' is invalid. Using default page load timeout: '30'

2023-05-24 10:20:17 - [MESSAGE][PASSED] - Tapped on element 'Object Repository/agregar/android.widget.TextView'

2023-05-24 10:20:17 - [TEST_STEP][PASSED] - tap(findTestObject("Object Repository/agregar/android.widget.ImageButton"), 0): Tapped on element 'Object Repository/agregar/android.widget.ImageButton'

2023-05-24 10:20:17 - [MESSAGE][WARNING] - Timeout '0' is invalid. Using default page load timeout: '30'

2023-05-24 10:20:19 - [MESSAGE][PASSED] - Tapped on element 'Object Repository/agregar/android.widget.ImageButton'

2023-05-24 10:20:19 - [TEST_STEP][PASSED] - tap(findTestObject("Object Repository/agregar/android.view.ViewGroup"), 0): Tapped on element 'Object Repository/agregar/android.view.ViewGroup'

2023-05-24 10:20:19 - [MESSAGE][WARNING] - Timeout '0' is invalid. Using default page load timeout: '30'

2023-05-24 10:20:21 - [MESSAGE][PASSED] - Tapped on element 'Object Repository/agregar/android.view.ViewGroup'

2023-05-24 10:20:21 - [TEST_STEP][PASSED] - tap(findTestObject("Object Repository/agregar/android.widget.ImageButton (1)"), 0): Tapped on element 'Object Repository/agregar/android.widget.ImageButton (1)'

2023-05-24 10:20:21 - [MESSAGE][WARNING] - Timeout '0' is invalid. Using default page load timeout: '30'

2023-05-24 10:21:05 - [MESSAGE][PASSED] - Tapped on element 'Object Repository/agregar/android.widget.ImageButton (1)'

2023-05-24 10:21:05 - [TEST_STEP][PASSED] - tap(findTestObject("Object Repository/agregar/android.widget.FrameLayout"), 0): Tapped on element 'Object Repository/agregar/android.widget.FrameLayout'

2023-05-24 10:21:05 - [MESSAGE][WARNING] - Timeout '0' is invalid. Using default page load timeout: '30'

2023-05-24 10:21:05 - [MESSAGE][PASSED] - Tapped on element 'Object Repository/agregar/android.widget.FrameLayout'

2023-05-24 10:21:05 - [TEST_STEP][PASSED] - tapAndHold(findTestObject("Object Repository/agregar/android.view.ViewGroup (1)"), 1, 3): Tapped and held on element 'Object Repository/agregar/android.view.ViewGroup (1)' with duration 1

2023-05-24 10:21:10 - [MESSAGE][PASSED] - Tapped and held on element 'Object Repository/agregar/android.view.ViewGroup (1)' with duration 1

2023-05-24 10:21:10 - [TEST_STEP][PASSED] - tap(findTestObject("Object Repository/agregar/android.widget.LinearLayout"), 0): Tapped on element 'Object Repository/agregar/android.widget.LinearLayout'

2023-05-24 10:21:10 - [MESSAGE][WARNING] - Timeout '0' is invalid. Using default page load timeout: '30'

2023-05-24 10:21:11 - [MESSAGE][PASSED] - Tapped on element 'Object Repository/agregar/android.widget.LinearLayout'

2023-05-24 10:21:11 - [TEST_STEP][PASSED] - tap(findTestObject("Object Repository/agregar/android.widget.Button - Aceptar"), 0): Tapped on element 'Object Repository/agregar/android.widget.Button - Aceptar'

2023-05-24 10:21:11 - [MESSAGE][WARNING] - Timeout '0' is invalid. Using default page load timeout: '30'

2023-05-24 10:21:11 - [MESSAGE][PASSED] - Tapped on element 'Object Repository/agregar/android.widget.Button - Aceptar'

2023-05-24 10:21:11 - [TEST_STEP][PASSED] - tap(findTestObject("Object Repository/agregar/android.widget.FrameLayout (1)"), 0): Tapped on element 'Object Repository/agregar/android.widget.FrameLayout (1)'

2023-05-24 10:21:11 - [MESSAGE][WARNING] - Timeout '0' is invalid. Using default page load timeout: '30'

2023-05-24 10:21:13 - [MESSAGE][PASSED] - Tapped on element 'Object Repository/agregar/android.widget.FrameLayout (1)'

2023-05-24 10:21:13 - [TEST_STEP][PASSED] - tap(findTestObject("agregar/android.view.ViewGroup"), 0): Tapped on element 'Object Repository/agregar/android.view.ViewGroup'

2023-05-24 10:21:13 - [MESSAGE][WARNING] - Timeout '0' is invalid. Using default page load timeout: '30'

2023-05-24 10:21:13 - [MESSAGE][PASSED] - Tapped on element 'Object Repository/agregar/android.view.ViewGroup']]></system-out>
         <system-err><![CDATA[]]></system-err>
      </testcase>
      <testcase name="Test Cases/Mensaje" time="19.412" classname="Test Cases/Mensaje" status="PASSED">
         <system-out><![CDATA[2023-05-24 10:21:13 - [TEST_CASE][PASSED] - Test Cases/Mensaje: Test Cases/Mensaje

2023-05-24 10:21:13 - [TEST_STEP][PASSED] - tap(findTestObject("Mensajes/android.widget.FrameLayout"), 0): Tapped on element 'Object Repository/Mensajes/android.widget.FrameLayout'

2023-05-24 10:21:13 - [MESSAGE][WARNING] - Timeout '0' is invalid. Using default page load timeout: '30'

2023-05-24 10:21:14 - [MESSAGE][PASSED] - Tapped on element 'Object Repository/Mensajes/android.widget.FrameLayout'

2023-05-24 10:21:14 - [TEST_STEP][PASSED] - tap(findTestObject("Object Repository/Mensajes/android.widget.RadioButton - 1 minuto"), 0): Tapped on element 'Object Repository/Mensajes/android.widget.RadioButton - 1 minuto'

2023-05-24 10:21:14 - [MESSAGE][WARNING] - Timeout '0' is invalid. Using default page load timeout: '30'

2023-05-24 10:21:15 - [MESSAGE][PASSED] - Tapped on element 'Object Repository/Mensajes/android.widget.RadioButton - 1 minuto'

2023-05-24 10:21:15 - [TEST_STEP][PASSED] - tap(findTestObject("Object Repository/Mensajes/android.widget.Button - Aceptar"), 0): Tapped on element 'Object Repository/Mensajes/android.widget.Button - Aceptar'

2023-05-24 10:21:15 - [MESSAGE][WARNING] - Timeout '0' is invalid. Using default page load timeout: '30'

2023-05-24 10:21:16 - [MESSAGE][PASSED] - Tapped on element 'Object Repository/Mensajes/android.widget.Button - Aceptar'

2023-05-24 10:21:16 - [TEST_STEP][PASSED] - tap(findTestObject("Object Repository/Mensajes/android.widget.EditText - Escribir mensaje"), 0): Tapped on element 'Object Repository/Mensajes/android.widget.EditText - Escribir mensaje'

2023-05-24 10:21:16 - [MESSAGE][WARNING] - Timeout '0' is invalid. Using default page load timeout: '30'

2023-05-24 10:21:18 - [MESSAGE][PASSED] - Tapped on element 'Object Repository/Mensajes/android.widget.EditText - Escribir mensaje'

2023-05-24 10:21:18 - [TEST_STEP][PASSED] - setText(findTestObject("Object Repository/Mensajes/android.widget.EditText - Escribir mensaje (1)"), "mensaje1", 0): Text 'mensaje1' has been set to element 'Object Repository/Mensajes/android.widget.EditText - Escribir mensaje (1)'

2023-05-24 10:21:18 - [MESSAGE][WARNING] - Timeout '0' is invalid. Using default page load timeout: '30'

2023-05-24 10:21:19 - [MESSAGE][PASSED] - Text 'mensaje1' has been set to element 'Object Repository/Mensajes/android.widget.EditText - Escribir mensaje (1)'

2023-05-24 10:21:19 - [TEST_STEP][PASSED] - tap(findTestObject("Object Repository/Mensajes/android.widget.ImageButton"), 0): Tapped on element 'Object Repository/Mensajes/android.widget.ImageButton'

2023-05-24 10:21:20 - [MESSAGE][WARNING] - Timeout '0' is invalid. Using default page load timeout: '30'

2023-05-24 10:21:20 - [MESSAGE][PASSED] - Tapped on element 'Object Repository/Mensajes/android.widget.ImageButton'

2023-05-24 10:21:20 - [TEST_STEP][PASSED] - setText(findTestObject("Mensajes/android.widget.EditText - Escribir mensaje (1)"), "mensaje2", 0): Text 'mensaje2' has been set to element 'Object Repository/Mensajes/android.widget.EditText - Escribir mensaje (1)'

2023-05-24 10:21:20 - [MESSAGE][WARNING] - Timeout '0' is invalid. Using default page load timeout: '30'

2023-05-24 10:21:23 - [MESSAGE][PASSED] - Text 'mensaje2' has been set to element 'Object Repository/Mensajes/android.widget.EditText - Escribir mensaje (1)'

2023-05-24 10:21:23 - [TEST_STEP][PASSED] - tap(findTestObject("Mensajes/android.widget.ImageButton"), 0): Tapped on element 'Object Repository/Mensajes/android.widget.ImageButton'

2023-05-24 10:21:23 - [MESSAGE][WARNING] - Timeout '0' is invalid. Using default page load timeout: '30'

2023-05-24 10:21:24 - [MESSAGE][PASSED] - Tapped on element 'Object Repository/Mensajes/android.widget.ImageButton'

2023-05-24 10:21:24 - [TEST_STEP][PASSED] - setText(findTestObject("Mensajes/android.widget.EditText - Escribir mensaje (1)"), "mensaje3", 0): Text 'mensaje3' has been set to element 'Object Repository/Mensajes/android.widget.EditText - Escribir mensaje (1)'

2023-05-24 10:21:24 - [MESSAGE][WARNING] - Timeout '0' is invalid. Using default page load timeout: '30'

2023-05-24 10:21:27 - [MESSAGE][PASSED] - Text 'mensaje3' has been set to element 'Object Repository/Mensajes/android.widget.EditText - Escribir mensaje (1)'

2023-05-24 10:21:27 - [TEST_STEP][PASSED] - tap(findTestObject("Mensajes/android.widget.ImageButton"), 0): Tapped on element 'Object Repository/Mensajes/android.widget.ImageButton'

2023-05-24 10:21:27 - [MESSAGE][WARNING] - Timeout '0' is invalid. Using default page load timeout: '30'

2023-05-24 10:21:28 - [MESSAGE][PASSED] - Tapped on element 'Object Repository/Mensajes/android.widget.ImageButton'

2023-05-24 10:21:28 - [TEST_STEP][PASSED] - setText(findTestObject("Mensajes/android.widget.EditText - Escribir mensaje (1)"), "mensaje4", 0): Text 'mensaje4' has been set to element 'Object Repository/Mensajes/android.widget.EditText - Escribir mensaje (1)'

2023-05-24 10:21:28 - [MESSAGE][WARNING] - Timeout '0' is invalid. Using default page load timeout: '30'

2023-05-24 10:21:31 - [MESSAGE][PASSED] - Text 'mensaje4' has been set to element 'Object Repository/Mensajes/android.widget.EditText - Escribir mensaje (1)'

2023-05-24 10:21:31 - [TEST_STEP][PASSED] - tap(findTestObject("Mensajes/android.widget.ImageButton"), 0): Tapped on element 'Object Repository/Mensajes/android.widget.ImageButton'

2023-05-24 10:21:31 - [MESSAGE][WARNING] - Timeout '0' is invalid. Using default page load timeout: '30'

2023-05-24 10:21:32 - [MESSAGE][PASSED] - Tapped on element 'Object Repository/Mensajes/android.widget.ImageButton'

2023-05-24 10:21:32 - [TEST_STEP][PASSED] - tap(findTestObject("Object Repository/Mensajes/android.widget.ImageButton (1)"), 0): Tapped on element 'Object Repository/Mensajes/android.widget.ImageButton (1)'

2023-05-24 10:21:32 - [MESSAGE][WARNING] - Timeout '0' is invalid. Using default page load timeout: '30'

2023-05-24 10:21:33 - [MESSAGE][PASSED] - Tapped on element 'Object Repository/Mensajes/android.widget.ImageButton (1)']]></system-out>
         <system-err><![CDATA[]]></system-err>
      </testcase>
      <system-out><![CDATA[2023-05-24 10:19:06 - [TEST_SUITE][PASSED] - prueba: Test Cases/Mensaje]]></system-out>
      <system-err><![CDATA[]]></system-err>
   </testsuite>
</testsuites>
