<?xml version="1.0" encoding="UTF-8"?>
<testsuites name="Integracion parte1 y parte 2" time="1021.988" tests="71" failures="4" errors="0">
   <testsuite name="Integracion parte1 y parte 2" tests="71" failures="4" errors="0" time="1021.988" skipped="0" timestamp="2023-07-25 12:11:02" hostname="Testing - DESKTOP-OBIGNLU" id="Test Suites/Integracion parte1 y parte 2">
      <properties>
         <property name="deviceName" value="samsung SM-A107M (Android 11)"/>
         <property name="devicePlatform" value=""/>
         <property name="logFolder" value="C:\\Users\\Testing\\Katalon Studio\\NN_Version2\\Reports\\20230725_121056\\Integracion parte1 y parte 2\\20230725_121056"/>
         <property name="logFiles" value="C:\\Users\\Testing\\Katalon Studio\\NN_Version2\\Reports\\20230725_121056\\Integracion parte1 y parte 2\\20230725_121056\\appium.log, C:\\Users\\Testing\\Katalon Studio\\NN_Version2\\Reports\\20230725_121056\\Integracion parte1 y parte 2\\20230725_121056\\execution0.log"/>
         <property name="attachments" value="C:\\Users\\Testing\\Katalon Studio\\NN_Version2\\Reports\\20230725_121056\\Integracion parte1 y parte 2\\20230725_121056\\1690305338796.png, C:\\Users\\Testing\\Katalon Studio\\NN_Version2\\Reports\\20230725_121056\\Integracion parte1 y parte 2\\20230725_121056\\1690305440160.png, C:\\Users\\Testing\\Katalon Studio\\NN_Version2\\Reports\\20230725_121056\\Integracion parte1 y parte 2\\20230725_121056\\1690305456820.png, C:\\Users\\Testing\\Katalon Studio\\NN_Version2\\Reports\\20230725_121056\\Integracion parte1 y parte 2\\20230725_121056\\1690305971060.png"/>
         <property name="hostName" value="Testing - DESKTOP-OBIGNLU"/>
         <property name="os" value="Windows 10 64bit"/>
         <property name="appiumServerStatus" value="{&quot;value&quot;:{&quot;build&quot;:{&quot;version&quot;:&quot;1.22.3&quot;}},&quot;sessionId&quot;:null,&quot;status&quot;:0}"/>
         <property name="katalonVersion" value="8.6.5.208"/>
         <property name="deviceOS" value="Android"/>
         <property name="appiumVersion" value="1.22.3"/>
         <property name="deviceModel" value="SM-A107M"/>
         <property name="hostAddress" value="192.168.1.2"/>
         <property name="deviceManufacturer" value="samsung"/>
         <property name="deviceId" value="R9WN40KBXDJ"/>
         <property name="deviceName" value="samsung SM-A107M (Android 11)"/>
         <property name="deviceOSVersion" value="11"/>
      </properties>
      <testcase name="Test Cases/Parte1/INICIAR APP/CPNTUTORIAL/CPNTUTORIAL" time="49.998" classname="Test Cases/Parte1/INICIAR APP/CPNTUTORIAL/CPNTUTORIAL" status="PASSED">
         <system-out><![CDATA[2023-07-25 12:11:03 - [TEST_CASE][PASSED] - Test Cases/Parte1/INICIAR APP/CPNTUTORIAL/CPNTUTORIAL: Test Cases/Parte1/INICIAR APP/CPNTUTORIAL/CPNTUTORIAL

2023-07-25 12:11:03 - [TEST_STEP][PASSED] - startApplication("C:\Users\Testing\Desktop\katalon\Version QA ACTUALIZADA 25-07-23\app-qa.apk", true): Started app at: 'C:\Users\Testing\Desktop\katalon\Version QA ACTUALIZADA 25-07-23\app-qa.apk'

2023-07-25 12:11:03 - [MESSAGE][INFO] - User set preference: ['deviceId', '']

2023-07-25 12:11:04 - [MESSAGE][INFO] - Detected NodeJS location: "C:\Program Files\nodejs\node.exe"

2023-07-25 12:11:05 - [MESSAGE][INFO] - Appium server started on port 55.293

2023-07-25 12:11:43 - [MESSAGE][PASSED] - Started app at: 'C:\Users\Testing\Desktop\katalon\Version QA ACTUALIZADA 25-07-23\app-qa.apk'

2023-07-25 12:11:43 - [TEST_STEP][PASSED] - verifyElementText(findTestObject("Object Repository/Parte1/INICIAR APP/CPNTUTORIAL/android.widget.FrameLayout (1)"), ""): Actual text and expected text of test object 'Object Repository/Parte1/INICIAR APP/CPNTUTORIAL/android.widget.FrameLayout (1)' are matched.

2023-07-25 12:11:44 - [MESSAGE][PASSED] - Actual text and expected text of test object 'Object Repository/Parte1/INICIAR APP/CPNTUTORIAL/android.widget.FrameLayout (1)' are matched.

2023-07-25 12:11:44 - [TEST_STEP][PASSED] - tap(findTestObject("Object Repository/Parte1/INICIAR APP/CPNTUTORIAL/android.widget.TextView - Omitir"), 1): Tapped on element 'Object Repository/Parte1/INICIAR APP/CPNTUTORIAL/android.widget.TextView - Omitir'

2023-07-25 12:11:44 - [MESSAGE][PASSED] - Tapped on element 'Object Repository/Parte1/INICIAR APP/CPNTUTORIAL/android.widget.TextView - Omitir'

2023-07-25 12:11:44 - [TEST_STEP][PASSED] - pressBack(): Press back button successfully

2023-07-25 12:11:46 - [MESSAGE][PASSED] - Press back button successfully

2023-07-25 12:11:46 - [TEST_STEP][PASSED] - toggleWifi("ON", STOP_ON_FAILURE): Toggled wifi

2023-07-25 12:11:46 - [MESSAGE][PASSED] - Toggled wifi

2023-07-25 12:11:46 - [TEST_STEP][PASSED] - tap(findTestObject("Object Repository/Parte1/INICIAR APP/CPNTUTORIAL/android.widget.TextView - Siguiente"), 1): Tapped on element 'Object Repository/Parte1/INICIAR APP/CPNTUTORIAL/android.widget.TextView - Siguiente'

2023-07-25 12:11:47 - [MESSAGE][PASSED] - Tapped on element 'Object Repository/Parte1/INICIAR APP/CPNTUTORIAL/android.widget.TextView - Siguiente'

2023-07-25 12:11:47 - [TEST_STEP][PASSED] - verifyElementText(findTestObject("Parte1/INICIAR APP/CPNTUTORIAL/android.widget.FrameLayout"), ""): Actual text and expected text of test object 'Object Repository/Parte1/INICIAR APP/CPNTUTORIAL/android.widget.FrameLayout' are matched.

2023-07-25 12:11:48 - [MESSAGE][PASSED] - Actual text and expected text of test object 'Object Repository/Parte1/INICIAR APP/CPNTUTORIAL/android.widget.FrameLayout' are matched.

2023-07-25 12:11:48 - [TEST_STEP][PASSED] - tap(findTestObject("Object Repository/Parte1/INICIAR APP/CPNTUTORIAL/android.widget.TextView - Siguiente (1)"), 500): Tapped on element 'Object Repository/Parte1/INICIAR APP/CPNTUTORIAL/android.widget.TextView - Siguiente (1)'

2023-07-25 12:11:48 - [MESSAGE][PASSED] - Tapped on element 'Object Repository/Parte1/INICIAR APP/CPNTUTORIAL/android.widget.TextView - Siguiente (1)'

2023-07-25 12:11:48 - [TEST_STEP][PASSED] - verifyElementText(findTestObject("Parte1/INICIAR APP/CPNTUTORIAL/android.widget.FrameLayout"), ""): Actual text and expected text of test object 'Object Repository/Parte1/INICIAR APP/CPNTUTORIAL/android.widget.FrameLayout' are matched.

2023-07-25 12:11:49 - [MESSAGE][PASSED] - Actual text and expected text of test object 'Object Repository/Parte1/INICIAR APP/CPNTUTORIAL/android.widget.FrameLayout' are matched.

2023-07-25 12:11:49 - [TEST_STEP][PASSED] - tap(findTestObject("Parte1/INICIAR APP/CPNTUTORIAL/android.widget.TextView - Siguiente (1)"), 500): Tapped on element 'Object Repository/Parte1/INICIAR APP/CPNTUTORIAL/android.widget.TextView - Siguiente (1)'

2023-07-25 12:11:49 - [MESSAGE][PASSED] - Tapped on element 'Object Repository/Parte1/INICIAR APP/CPNTUTORIAL/android.widget.TextView - Siguiente (1)'

2023-07-25 12:11:49 - [TEST_STEP][PASSED] - tap(findTestObject("Parte1/INICIAR APP/CPNTUTORIAL/android.widget.TextView - Siguiente (1)"), 100): Tapped on element 'Object Repository/Parte1/INICIAR APP/CPNTUTORIAL/android.widget.TextView - Siguiente (1)'

2023-07-25 12:11:50 - [MESSAGE][PASSED] - Tapped on element 'Object Repository/Parte1/INICIAR APP/CPNTUTORIAL/android.widget.TextView - Siguiente (1)'

2023-07-25 12:11:50 - [TEST_STEP][PASSED] - verifyElementText(findTestObject("Parte1/INICIAR APP/CPNTUTORIAL/android.widget.FrameLayout"), ""): Actual text and expected text of test object 'Object Repository/Parte1/INICIAR APP/CPNTUTORIAL/android.widget.FrameLayout' are matched.

2023-07-25 12:11:51 - [MESSAGE][PASSED] - Actual text and expected text of test object 'Object Repository/Parte1/INICIAR APP/CPNTUTORIAL/android.widget.FrameLayout' are matched.

2023-07-25 12:11:51 - [TEST_STEP][PASSED] - tap(findTestObject("Parte1/INICIAR APP/CPNTUTORIAL/android.widget.TextView - Siguiente (1)"), 1): Tapped on element 'Object Repository/Parte1/INICIAR APP/CPNTUTORIAL/android.widget.TextView - Siguiente (1)'

2023-07-25 12:11:51 - [MESSAGE][PASSED] - Tapped on element 'Object Repository/Parte1/INICIAR APP/CPNTUTORIAL/android.widget.TextView - Siguiente (1)'

2023-07-25 12:11:51 - [TEST_STEP][PASSED] - verifyElementText(findTestObject("Parte1/INICIAR APP/CPNTUTORIAL/android.widget.FrameLayout"), ""): Actual text and expected text of test object 'Object Repository/Parte1/INICIAR APP/CPNTUTORIAL/android.widget.FrameLayout' are matched.

2023-07-25 12:11:52 - [MESSAGE][PASSED] - Actual text and expected text of test object 'Object Repository/Parte1/INICIAR APP/CPNTUTORIAL/android.widget.FrameLayout' are matched.

2023-07-25 12:11:52 - [TEST_STEP][PASSED] - tap(findTestObject("Object Repository/Parte1/INICIAR APP/CPNTUTORIAL/android.widget.TextView - Empezar"), 100): Tapped on element 'Object Repository/Parte1/INICIAR APP/CPNTUTORIAL/android.widget.TextView - Empezar'

2023-07-25 12:11:53 - [MESSAGE][PASSED] - Tapped on element 'Object Repository/Parte1/INICIAR APP/CPNTUTORIAL/android.widget.TextView - Empezar']]></system-out>
         <system-err><![CDATA[]]></system-err>
      </testcase>
      <testcase name="Test Cases/Parte1/INICIAR APP/Abrir_App/CPN1" time="7.489" classname="Test Cases/Parte1/INICIAR APP/Abrir_App/CPN1" status="PASSED">
         <system-out><![CDATA[2023-07-25 12:11:53 - [TEST_CASE][PASSED] - Test Cases/Parte1/INICIAR APP/Abrir_App/CPN1: Test Cases/Parte1/INICIAR APP/Abrir_App/CPN1

2023-07-25 12:11:53 - [TEST_STEP][PASSED] - pressBack(): Press back button successfully

2023-07-25 12:11:54 - [MESSAGE][PASSED] - Press back button successfully

2023-07-25 12:11:54 - [TEST_STEP][PASSED] - pressBack(): Press back button successfully

2023-07-25 12:11:54 - [MESSAGE][PASSED] - Press back button successfully

2023-07-25 12:11:54 - [TEST_STEP][PASSED] - toggleWifi("OFF", STOP_ON_FAILURE): Toggled wifi

2023-07-25 12:11:56 - [MESSAGE][PASSED] - Toggled wifi

2023-07-25 12:11:56 - [TEST_STEP][PASSED] - tap(findTestObject("Object Repository/Parte1/INICIAR APP/Abrir_App/CPN1/android.widget.TextView - NapoleoN"), 3000): Tapped on element 'Object Repository/Parte1/INICIAR APP/Abrir_App/CPN1/android.widget.TextView - NapoleoN'

2023-07-25 12:11:57 - [MESSAGE][PASSED] - Tapped on element 'Object Repository/Parte1/INICIAR APP/Abrir_App/CPN1/android.widget.TextView - NapoleoN'

2023-07-25 12:11:57 - [TEST_STEP][PASSED] - delay(2): Delayed 2 second(s)

2023-07-25 12:11:59 - [MESSAGE][PASSED] - Delayed 2 second(s)

2023-07-25 12:11:59 - [TEST_STEP][PASSED] - toggleWifi("ON", STOP_ON_FAILURE): Toggled wifi

2023-07-25 12:12:00 - [MESSAGE][PASSED] - Toggled wifi]]></system-out>
         <system-err><![CDATA[]]></system-err>
      </testcase>
      <testcase name="Test Cases/Parte1/INICIAR APP/Abrir_App/CPN2" time="6.697" classname="Test Cases/Parte1/INICIAR APP/Abrir_App/CPN2" status="PASSED">
         <system-out><![CDATA[2023-07-25 12:12:00 - [TEST_CASE][PASSED] - Test Cases/Parte1/INICIAR APP/Abrir_App/CPN2: Test Cases/Parte1/INICIAR APP/Abrir_App/CPN2

2023-07-25 12:12:00 - [TEST_STEP][PASSED] - pressBack(): Press back button successfully

2023-07-25 12:12:01 - [MESSAGE][PASSED] - Press back button successfully

2023-07-25 12:12:01 - [TEST_STEP][PASSED] - pressBack(): Press back button successfully

2023-07-25 12:12:02 - [MESSAGE][PASSED] - Press back button successfully

2023-07-25 12:12:02 - [TEST_STEP][PASSED] - tap(findTestObject("Object Repository/Parte1/INICIAR APP/Abrir_App/CPN2/android.widget.TextView - NapoleoN"), 500): Tapped on element 'Object Repository/Parte1/INICIAR APP/Abrir_App/CPN2/android.widget.TextView - NapoleoN'

2023-07-25 12:12:04 - [MESSAGE][PASSED] - Tapped on element 'Object Repository/Parte1/INICIAR APP/Abrir_App/CPN2/android.widget.TextView - NapoleoN'

2023-07-25 12:12:04 - [TEST_STEP][PASSED] - toggleWifi("off", STOP_ON_FAILURE): Toggled wifi

2023-07-25 12:12:05 - [MESSAGE][PASSED] - Toggled wifi

2023-07-25 12:12:05 - [TEST_STEP][PASSED] - delay(2, STOP_ON_FAILURE): Delayed 2 second(s)

2023-07-25 12:12:07 - [MESSAGE][PASSED] - Delayed 2 second(s)]]></system-out>
         <system-err><![CDATA[]]></system-err>
      </testcase>
      <testcase name="Test Cases/Parte1/INICIAR APP/Abrir_App/CPN3" time="17.221" classname="Test Cases/Parte1/INICIAR APP/Abrir_App/CPN3" status="PASSED">
         <system-out><![CDATA[2023-07-25 12:12:07 - [TEST_CASE][PASSED] - Test Cases/Parte1/INICIAR APP/Abrir_App/CPN3: Test Cases/Parte1/INICIAR APP/Abrir_App/CPN3

2023-07-25 12:12:07 - [TEST_STEP][PASSED] - pressBack(): Press back button successfully

2023-07-25 12:12:07 - [MESSAGE][PASSED] - Press back button successfully

2023-07-25 12:12:07 - [TEST_STEP][PASSED] - pressBack(): Press back button successfully

2023-07-25 12:12:08 - [MESSAGE][PASSED] - Press back button successfully

2023-07-25 12:12:08 - [TEST_STEP][PASSED] - toggleWifi("ON", STOP_ON_FAILURE): Toggled wifi

2023-07-25 12:12:09 - [MESSAGE][PASSED] - Toggled wifi

2023-07-25 12:12:09 - [TEST_STEP][PASSED] - delay(4): Delayed 4 second(s)

2023-07-25 12:12:13 - [MESSAGE][PASSED] - Delayed 4 second(s)

2023-07-25 12:12:13 - [TEST_STEP][PASSED] - toggleWifi("OFF", STOP_ON_FAILURE): Toggled wifi

2023-07-25 12:12:14 - [MESSAGE][PASSED] - Toggled wifi

2023-07-25 12:12:14 - [TEST_STEP][PASSED] - tap(findTestObject("Parte1/INICIAR APP/Abrir_App/CPN1/android.widget.TextView - NapoleoN"), 0): Tapped on element 'Object Repository/Parte1/INICIAR APP/Abrir_App/CPN1/android.widget.TextView - NapoleoN'

2023-07-25 12:12:14 - [MESSAGE][WARNING] - Timeout '0' is invalid. Using default page load timeout: '30'

2023-07-25 12:12:15 - [MESSAGE][PASSED] - Tapped on element 'Object Repository/Parte1/INICIAR APP/Abrir_App/CPN1/android.widget.TextView - NapoleoN'

2023-07-25 12:12:15 - [TEST_STEP][PASSED] - tap(findTestObject("Parte1/INICIAR APP/Abrir_App/CPN3/android.widget.Button - Crear Cuenta"), 0): Tapped on element 'Object Repository/Parte1/INICIAR APP/Abrir_App/CPN3/android.widget.Button - Crear Cuenta'

2023-07-25 12:12:15 - [MESSAGE][WARNING] - Timeout '0' is invalid. Using default page load timeout: '30'

2023-07-25 12:12:16 - [MESSAGE][PASSED] - Tapped on element 'Object Repository/Parte1/INICIAR APP/Abrir_App/CPN3/android.widget.Button - Crear Cuenta'

2023-07-25 12:12:16 - [TEST_STEP][PASSED] - delay(3): Delayed 3 second(s)

2023-07-25 12:12:19 - [MESSAGE][PASSED] - Delayed 3 second(s)

2023-07-25 12:12:19 - [TEST_STEP][PASSED] - tap(findTestObject("Object Repository/Parte1/INICIAR APP/Abrir_App/CPN3/android.widget.Button - Enviar cdigo de registro"), 0): Tapped on element 'Object Repository/Parte1/INICIAR APP/Abrir_App/CPN3/android.widget.Button - Enviar cdigo de registro'

2023-07-25 12:12:19 - [MESSAGE][WARNING] - Timeout '0' is invalid. Using default page load timeout: '30'

2023-07-25 12:12:20 - [MESSAGE][PASSED] - Tapped on element 'Object Repository/Parte1/INICIAR APP/Abrir_App/CPN3/android.widget.Button - Enviar cdigo de registro'

2023-07-25 12:12:20 - [TEST_STEP][PASSED] - verifyElementVisible(findTestObject("Object Repository/Parte1/INICIAR APP/Abrir_App/CPN3/android.widget.FrameLayout"), 0): Element 'Object Repository/Parte1/INICIAR APP/Abrir_App/CPN3/android.widget.FrameLayout' is visible

2023-07-25 12:12:20 - [MESSAGE][WARNING] - Timeout '0' is invalid. Using default page load timeout: '30'

2023-07-25 12:12:22 - [MESSAGE][PASSED] - Element 'Object Repository/Parte1/INICIAR APP/Abrir_App/CPN3/android.widget.FrameLayout' is visible

2023-07-25 12:12:22 - [TEST_STEP][PASSED] - tap(findTestObject("Object Repository/Parte1/INICIAR APP/Abrir_App/CPN3/android.widget.Button - OK"), 0): Tapped on element 'Object Repository/Parte1/INICIAR APP/Abrir_App/CPN3/android.widget.Button - OK'

2023-07-25 12:12:22 - [MESSAGE][WARNING] - Timeout '0' is invalid. Using default page load timeout: '30'

2023-07-25 12:12:23 - [MESSAGE][PASSED] - Tapped on element 'Object Repository/Parte1/INICIAR APP/Abrir_App/CPN3/android.widget.Button - OK'

2023-07-25 12:12:23 - [TEST_STEP][PASSED] - toggleWifi("ON", STOP_ON_FAILURE): Toggled wifi

2023-07-25 12:12:24 - [MESSAGE][PASSED] - Toggled wifi]]></system-out>
         <system-err><![CDATA[]]></system-err>
      </testcase>
      <testcase name="Test Cases/Parte1/INICIA_SESION_APODO_INEXISTENTE3.1/CPN21" time="26.1" classname="Test Cases/Parte1/INICIA_SESION_APODO_INEXISTENTE3.1/CPN21" status="PASSED">
         <system-out><![CDATA[2023-07-25 12:12:24 - [TEST_CASE][PASSED] - Test Cases/Parte1/INICIA_SESION_APODO_INEXISTENTE3.1/CPN21: Test Cases/Parte1/INICIA_SESION_APODO_INEXISTENTE3.1/CPN21

2023-07-25 12:12:24 - [TEST_STEP][PASSED] - delay(4): Delayed 4 second(s)

2023-07-25 12:12:28 - [MESSAGE][PASSED] - Delayed 4 second(s)

2023-07-25 12:12:28 - [TEST_STEP][PASSED] - tap(findTestObject("Object Repository/Parte1/INICIA_SESION_APODO_INEXISTENTE/CPN21/android.widget.ImageButton"), 1): Tapped on element 'Object Repository/Parte1/INICIA_SESION_APODO_INEXISTENTE/CPN21/android.widget.ImageButton'

2023-07-25 12:12:29 - [MESSAGE][PASSED] - Tapped on element 'Object Repository/Parte1/INICIA_SESION_APODO_INEXISTENTE/CPN21/android.widget.ImageButton'

2023-07-25 12:12:29 - [TEST_STEP][PASSED] - tap(findTestObject("Object Repository/Parte1/INICIA_SESION_APODO_INEXISTENTE/CPN21/android.widget.TextView - Iniciar sesin"), 1): Tapped on element 'Object Repository/Parte1/INICIA_SESION_APODO_INEXISTENTE/CPN21/android.widget.TextView - Iniciar sesin'

2023-07-25 12:12:30 - [MESSAGE][PASSED] - Tapped on element 'Object Repository/Parte1/INICIA_SESION_APODO_INEXISTENTE/CPN21/android.widget.TextView - Iniciar sesin'

2023-07-25 12:12:30 - [TEST_STEP][PASSED] - verifyElementText(findTestObject("Object Repository/Parte1/INICIA_SESION_APODO_INEXISTENTE/CPN21/android.widget.TextView - Recuperar Cuenta"), "Recuperar Cuenta"): Actual text and expected text of test object 'Object Repository/Parte1/INICIA_SESION_APODO_INEXISTENTE/CPN21/android.widget.TextView - Recuperar Cuenta' are matched.

2023-07-25 12:12:32 - [MESSAGE][PASSED] - Actual text and expected text of test object 'Object Repository/Parte1/INICIA_SESION_APODO_INEXISTENTE/CPN21/android.widget.TextView - Recuperar Cuenta' are matched.

2023-07-25 12:12:32 - [TEST_STEP][PASSED] - tap(findTestObject("Object Repository/Parte1/INICIA_SESION_APODO_INEXISTENTE/CPN21/android.widget.EditText - Apodo"), 1): Tapped on element 'Object Repository/Parte1/INICIA_SESION_APODO_INEXISTENTE/CPN21/android.widget.EditText - Apodo'

2023-07-25 12:12:32 - [MESSAGE][PASSED] - Tapped on element 'Object Repository/Parte1/INICIA_SESION_APODO_INEXISTENTE/CPN21/android.widget.EditText - Apodo'

2023-07-25 12:12:32 - [TEST_STEP][PASSED] - setText(findTestObject("Object Repository/Parte1/INICIA_SESION_APODO_INEXISTENTE/CPN21/android.widget.EditText - Apodo (1)"), "AUTOMATIZACION", 0): Text 'AUTOMATIZACION' has been set to element 'Object Repository/Parte1/INICIA_SESION_APODO_INEXISTENTE/CPN21/android.widget.EditText - Apodo (1)'

2023-07-25 12:12:32 - [MESSAGE][WARNING] - Timeout '0' is invalid. Using default page load timeout: '30'

2023-07-25 12:12:35 - [MESSAGE][PASSED] - Text 'AUTOMATIZACION' has been set to element 'Object Repository/Parte1/INICIA_SESION_APODO_INEXISTENTE/CPN21/android.widget.EditText - Apodo (1)'

2023-07-25 12:12:35 - [TEST_STEP][PASSED] - hideKeyboard(): Keyboard is hidden

2023-07-25 12:12:38 - [MESSAGE][PASSED] - Keyboard is hidden

2023-07-25 12:12:38 - [TEST_STEP][PASSED] - tap(findTestObject("Object Repository/Parte1/INICIA_SESION_APODO_INEXISTENTE/CPN21/android.widget.Button - Recuperar"), 1): Tapped on element 'Object Repository/Parte1/INICIA_SESION_APODO_INEXISTENTE/CPN21/android.widget.Button - Recuperar'

2023-07-25 12:12:39 - [MESSAGE][PASSED] - Tapped on element 'Object Repository/Parte1/INICIA_SESION_APODO_INEXISTENTE/CPN21/android.widget.Button - Recuperar'

2023-07-25 12:12:39 - [TEST_STEP][PASSED] - tap(findTestObject("Object Repository/Parte1/INICIA_SESION_APODO_INEXISTENTE/CPN21/android.widget.RadioButton - No eleg esta pregunta"), 400): Tapped on element 'Object Repository/Parte1/INICIA_SESION_APODO_INEXISTENTE/CPN21/android.widget.RadioButton - No eleg esta pregunta'

2023-07-25 12:12:40 - [MESSAGE][PASSED] - Tapped on element 'Object Repository/Parte1/INICIA_SESION_APODO_INEXISTENTE/CPN21/android.widget.RadioButton - No eleg esta pregunta'

2023-07-25 12:12:40 - [TEST_STEP][PASSED] - tap(findTestObject("Object Repository/Parte1/INICIA_SESION_APODO_INEXISTENTE/CPN21/android.widget.Button - Siguiente"), 200): Tapped on element 'Object Repository/Parte1/INICIA_SESION_APODO_INEXISTENTE/CPN21/android.widget.Button - Siguiente'

2023-07-25 12:12:41 - [MESSAGE][PASSED] - Tapped on element 'Object Repository/Parte1/INICIA_SESION_APODO_INEXISTENTE/CPN21/android.widget.Button - Siguiente'

2023-07-25 12:12:41 - [TEST_STEP][PASSED] - tap(findTestObject("Object Repository/Parte1/INICIA_SESION_APODO_INEXISTENTE/CPN21/android.widget.Button - Siguiente (1)"), 200): Tapped on element 'Object Repository/Parte1/INICIA_SESION_APODO_INEXISTENTE/CPN21/android.widget.Button - Siguiente (1)'

2023-07-25 12:12:42 - [MESSAGE][PASSED] - Tapped on element 'Object Repository/Parte1/INICIA_SESION_APODO_INEXISTENTE/CPN21/android.widget.Button - Siguiente (1)'

2023-07-25 12:12:42 - [TEST_STEP][PASSED] - tap(findTestObject("Object Repository/Parte1/INICIA_SESION_APODO_INEXISTENTE/CPN21/android.widget.RadioGroup"), 100): Tapped on element 'Object Repository/Parte1/INICIA_SESION_APODO_INEXISTENTE/CPN21/android.widget.RadioGroup'

2023-07-25 12:12:42 - [MESSAGE][PASSED] - Tapped on element 'Object Repository/Parte1/INICIA_SESION_APODO_INEXISTENTE/CPN21/android.widget.RadioGroup'

2023-07-25 12:12:42 - [TEST_STEP][PASSED] - tap(findTestObject("Parte1/INICIA_SESION_APODO_INEXISTENTE/CPN21/android.widget.Button - Siguiente (1)"), 200): Tapped on element 'Object Repository/Parte1/INICIA_SESION_APODO_INEXISTENTE/CPN21/android.widget.Button - Siguiente (1)'

2023-07-25 12:12:44 - [MESSAGE][PASSED] - Tapped on element 'Object Repository/Parte1/INICIA_SESION_APODO_INEXISTENTE/CPN21/android.widget.Button - Siguiente (1)'

2023-07-25 12:12:44 - [TEST_STEP][PASSED] - tap(findTestObject("Object Repository/Parte1/INICIA_SESION_APODO_INEXISTENTE/CPN21/android.widget.RadioGroup (1)"), 1): Tapped on element 'Object Repository/Parte1/INICIA_SESION_APODO_INEXISTENTE/CPN21/android.widget.RadioGroup (1)'

2023-07-25 12:12:44 - [MESSAGE][PASSED] - Tapped on element 'Object Repository/Parte1/INICIA_SESION_APODO_INEXISTENTE/CPN21/android.widget.RadioGroup (1)'

2023-07-25 12:12:44 - [TEST_STEP][PASSED] - tap(findTestObject("Parte1/INICIA_SESION_APODO_INEXISTENTE/CPN21/android.widget.Button - Siguiente (1)"), 100): Tapped on element 'Object Repository/Parte1/INICIA_SESION_APODO_INEXISTENTE/CPN21/android.widget.Button - Siguiente (1)'

2023-07-25 12:12:45 - [MESSAGE][PASSED] - Tapped on element 'Object Repository/Parte1/INICIA_SESION_APODO_INEXISTENTE/CPN21/android.widget.Button - Siguiente (1)'

2023-07-25 12:12:45 - [TEST_STEP][PASSED] - tap(findTestObject("Parte1/INICIA_SESION_APODO_INEXISTENTE/CPN21/android.widget.Button - Siguiente (1)"), 400): Tapped on element 'Object Repository/Parte1/INICIA_SESION_APODO_INEXISTENTE/CPN21/android.widget.Button - Siguiente (1)'

2023-07-25 12:12:46 - [MESSAGE][PASSED] - Tapped on element 'Object Repository/Parte1/INICIA_SESION_APODO_INEXISTENTE/CPN21/android.widget.Button - Siguiente (1)'

2023-07-25 12:12:46 - [TEST_STEP][PASSED] - tap(findTestObject("Parte1/INICIA_SESION_APODO_INEXISTENTE/CPN21/android.widget.RadioGroup (1)"), 200): Tapped on element 'Object Repository/Parte1/INICIA_SESION_APODO_INEXISTENTE/CPN21/android.widget.RadioGroup (1)'

2023-07-25 12:12:46 - [MESSAGE][PASSED] - Tapped on element 'Object Repository/Parte1/INICIA_SESION_APODO_INEXISTENTE/CPN21/android.widget.RadioGroup (1)'

2023-07-25 12:12:46 - [TEST_STEP][PASSED] - tap(findTestObject("Parte1/INICIA_SESION_APODO_INEXISTENTE/CPN21/android.widget.Button - Siguiente (1)"), 400): Tapped on element 'Object Repository/Parte1/INICIA_SESION_APODO_INEXISTENTE/CPN21/android.widget.Button - Siguiente (1)'

2023-07-25 12:12:47 - [MESSAGE][PASSED] - Tapped on element 'Object Repository/Parte1/INICIA_SESION_APODO_INEXISTENTE/CPN21/android.widget.Button - Siguiente (1)'

2023-07-25 12:12:47 - [TEST_STEP][PASSED] - tap(findTestObject("Parte1/INICIA_SESION_APODO_INEXISTENTE/CPN21/android.widget.RadioGroup (1)"), 400): Tapped on element 'Object Repository/Parte1/INICIA_SESION_APODO_INEXISTENTE/CPN21/android.widget.RadioGroup (1)'

2023-07-25 12:12:48 - [MESSAGE][PASSED] - Tapped on element 'Object Repository/Parte1/INICIA_SESION_APODO_INEXISTENTE/CPN21/android.widget.RadioGroup (1)'

2023-07-25 12:12:48 - [TEST_STEP][PASSED] - tap(findTestObject("Object Repository/Parte1/INICIA_SESION_APODO_INEXISTENTE/CPN21/android.widget.Button - Finalizar"), 200): Tapped on element 'Object Repository/Parte1/INICIA_SESION_APODO_INEXISTENTE/CPN21/android.widget.Button - Finalizar'

2023-07-25 12:12:49 - [MESSAGE][PASSED] - Tapped on element 'Object Repository/Parte1/INICIA_SESION_APODO_INEXISTENTE/CPN21/android.widget.Button - Finalizar'

2023-07-25 12:12:49 - [TEST_STEP][PASSED] - verifyElementVisible(findTestObject("Object Repository/Parte1/INICIA_SESION_APODO_INEXISTENTE/CPN21/androidx.appcompat.widget.LinearLayoutCompat"), 200): Element 'Object Repository/Parte1/INICIA_SESION_APODO_INEXISTENTE/CPN21/androidx.appcompat.widget.LinearLayoutCompat' is visible

2023-07-25 12:12:50 - [MESSAGE][PASSED] - Element 'Object Repository/Parte1/INICIA_SESION_APODO_INEXISTENTE/CPN21/androidx.appcompat.widget.LinearLayoutCompat' is visible

2023-07-25 12:12:50 - [TEST_STEP][PASSED] - tap(findTestObject("Object Repository/Parte1/INICIA_SESION_APODO_INEXISTENTE/CPN21/android.widget.Button - Cerrar"), 200): Tapped on element 'Object Repository/Parte1/INICIA_SESION_APODO_INEXISTENTE/CPN21/android.widget.Button - Cerrar'

2023-07-25 12:12:50 - [MESSAGE][PASSED] - Tapped on element 'Object Repository/Parte1/INICIA_SESION_APODO_INEXISTENTE/CPN21/android.widget.Button - Cerrar']]></system-out>
         <system-err><![CDATA[]]></system-err>
      </testcase>
      <testcase name="Test Cases/Parte1/INICIA_SESION_APODO_EXISTENTE3.2/CPN22" time="21.216" classname="Test Cases/Parte1/INICIA_SESION_APODO_EXISTENTE3.2/CPN22" status="PASSED">
         <system-out><![CDATA[2023-07-25 12:12:50 - [TEST_CASE][PASSED] - Test Cases/Parte1/INICIA_SESION_APODO_EXISTENTE3.2/CPN22: Test Cases/Parte1/INICIA_SESION_APODO_EXISTENTE3.2/CPN22

2023-07-25 12:12:51 - [TEST_STEP][PASSED] - tap(findTestObject("Object Repository/Parte1/INICIA_SESION_APODO_EXISTENTE/CPN22/android.widget.EditText - Apodo"), 1): Tapped on element 'Object Repository/Parte1/INICIA_SESION_APODO_EXISTENTE/CPN22/android.widget.EditText - Apodo'

2023-07-25 12:12:54 - [MESSAGE][PASSED] - Tapped on element 'Object Repository/Parte1/INICIA_SESION_APODO_EXISTENTE/CPN22/android.widget.EditText - Apodo'

2023-07-25 12:12:54 - [TEST_STEP][PASSED] - setText(findTestObject("Object Repository/Parte1/INICIA_SESION_APODO_EXISTENTE/CPN22/android.widget.EditText - Apodo (1)"), "EDWIN_1324", 0): Text 'EDWIN_1324' has been set to element 'Object Repository/Parte1/INICIA_SESION_APODO_EXISTENTE/CPN22/android.widget.EditText - Apodo (1)'

2023-07-25 12:12:54 - [MESSAGE][WARNING] - Timeout '0' is invalid. Using default page load timeout: '30'

2023-07-25 12:12:55 - [MESSAGE][PASSED] - Text 'EDWIN_1324' has been set to element 'Object Repository/Parte1/INICIA_SESION_APODO_EXISTENTE/CPN22/android.widget.EditText - Apodo (1)'

2023-07-25 12:12:55 - [TEST_STEP][PASSED] - hideKeyboard(): Keyboard is hidden

2023-07-25 12:12:58 - [MESSAGE][PASSED] - Keyboard is hidden

2023-07-25 12:12:58 - [TEST_STEP][PASSED] - tap(findTestObject("Object Repository/Parte1/INICIA_SESION_APODO_EXISTENTE/CPN22/android.widget.Button - Recuperar"), 100): Tapped on element 'Object Repository/Parte1/INICIA_SESION_APODO_EXISTENTE/CPN22/android.widget.Button - Recuperar'

2023-07-25 12:12:58 - [MESSAGE][PASSED] - Tapped on element 'Object Repository/Parte1/INICIA_SESION_APODO_EXISTENTE/CPN22/android.widget.Button - Recuperar'

2023-07-25 12:12:58 - [TEST_STEP][PASSED] - tap(findTestObject("Parte1/INICIA_SESION_APODO_EXISTENTE/CPN22/android.widget.RadioGroup"), 100): Tapped on element 'Object Repository/Parte1/INICIA_SESION_APODO_EXISTENTE/CPN22/android.widget.RadioGroup'

2023-07-25 12:13:00 - [MESSAGE][PASSED] - Tapped on element 'Object Repository/Parte1/INICIA_SESION_APODO_EXISTENTE/CPN22/android.widget.RadioGroup'

2023-07-25 12:13:00 - [TEST_STEP][PASSED] - tap(findTestObject("Object Repository/Parte1/INICIA_SESION_APODO_EXISTENTE/CPN22/android.widget.Button - Siguiente"), 100): Tapped on element 'Object Repository/Parte1/INICIA_SESION_APODO_EXISTENTE/CPN22/android.widget.Button - Siguiente'

2023-07-25 12:13:01 - [MESSAGE][PASSED] - Tapped on element 'Object Repository/Parte1/INICIA_SESION_APODO_EXISTENTE/CPN22/android.widget.Button - Siguiente'

2023-07-25 12:13:01 - [TEST_STEP][PASSED] - tap(findTestObject("Object Repository/Parte1/INICIA_SESION_APODO_EXISTENTE/CPN22/android.widget.Button - Siguiente (1)"), 100): Tapped on element 'Object Repository/Parte1/INICIA_SESION_APODO_EXISTENTE/CPN22/android.widget.Button - Siguiente (1)'

2023-07-25 12:13:01 - [MESSAGE][PASSED] - Tapped on element 'Object Repository/Parte1/INICIA_SESION_APODO_EXISTENTE/CPN22/android.widget.Button - Siguiente (1)'

2023-07-25 12:13:01 - [TEST_STEP][PASSED] - tap(findTestObject("Object Repository/Parte1/INICIA_SESION_APODO_EXISTENTE/CPN22/android.widget.RadioGroup (1)"), 100): Tapped on element 'Object Repository/Parte1/INICIA_SESION_APODO_EXISTENTE/CPN22/android.widget.RadioGroup (1)'

2023-07-25 12:13:02 - [MESSAGE][PASSED] - Tapped on element 'Object Repository/Parte1/INICIA_SESION_APODO_EXISTENTE/CPN22/android.widget.RadioGroup (1)'

2023-07-25 12:13:02 - [TEST_STEP][PASSED] - tap(findTestObject("Parte1/INICIA_SESION_APODO_EXISTENTE/CPN22/android.widget.Button - Siguiente (1)"), 100): Tapped on element 'Object Repository/Parte1/INICIA_SESION_APODO_EXISTENTE/CPN22/android.widget.Button - Siguiente (1)'

2023-07-25 12:13:03 - [MESSAGE][PASSED] - Tapped on element 'Object Repository/Parte1/INICIA_SESION_APODO_EXISTENTE/CPN22/android.widget.Button - Siguiente (1)'

2023-07-25 12:13:03 - [TEST_STEP][PASSED] - tap(findTestObject("Object Repository/Parte1/INICIA_SESION_APODO_EXISTENTE/CPN22/android.widget.RadioButton - No eleg esta pregunta"), 100): Tapped on element 'Object Repository/Parte1/INICIA_SESION_APODO_EXISTENTE/CPN22/android.widget.RadioButton - No eleg esta pregunta'

2023-07-25 12:13:04 - [MESSAGE][PASSED] - Tapped on element 'Object Repository/Parte1/INICIA_SESION_APODO_EXISTENTE/CPN22/android.widget.RadioButton - No eleg esta pregunta'

2023-07-25 12:13:04 - [TEST_STEP][PASSED] - tap(findTestObject("Parte1/INICIA_SESION_APODO_EXISTENTE/CPN22/android.widget.Button - Siguiente (1)"), 100): Tapped on element 'Object Repository/Parte1/INICIA_SESION_APODO_EXISTENTE/CPN22/android.widget.Button - Siguiente (1)'

2023-07-25 12:13:05 - [MESSAGE][PASSED] - Tapped on element 'Object Repository/Parte1/INICIA_SESION_APODO_EXISTENTE/CPN22/android.widget.Button - Siguiente (1)'

2023-07-25 12:13:05 - [TEST_STEP][PASSED] - tap(findTestObject("Parte1/INICIA_SESION_APODO_EXISTENTE/CPN22/android.widget.RadioGroup"), 100): Tapped on element 'Object Repository/Parte1/INICIA_SESION_APODO_EXISTENTE/CPN22/android.widget.RadioGroup'

2023-07-25 12:13:05 - [MESSAGE][PASSED] - Tapped on element 'Object Repository/Parte1/INICIA_SESION_APODO_EXISTENTE/CPN22/android.widget.RadioGroup'

2023-07-25 12:13:05 - [TEST_STEP][PASSED] - tap(findTestObject("Parte1/INICIA_SESION_APODO_EXISTENTE/CPN22/android.widget.Button - Siguiente (1)"), 100): Tapped on element 'Object Repository/Parte1/INICIA_SESION_APODO_EXISTENTE/CPN22/android.widget.Button - Siguiente (1)'

2023-07-25 12:13:07 - [MESSAGE][PASSED] - Tapped on element 'Object Repository/Parte1/INICIA_SESION_APODO_EXISTENTE/CPN22/android.widget.Button - Siguiente (1)'

2023-07-25 12:13:07 - [TEST_STEP][PASSED] - tap(findTestObject("Parte1/INICIA_SESION_APODO_EXISTENTE/CPN22/android.widget.RadioGroup"), 100): Tapped on element 'Object Repository/Parte1/INICIA_SESION_APODO_EXISTENTE/CPN22/android.widget.RadioGroup'

2023-07-25 12:13:07 - [MESSAGE][PASSED] - Tapped on element 'Object Repository/Parte1/INICIA_SESION_APODO_EXISTENTE/CPN22/android.widget.RadioGroup'

2023-07-25 12:13:07 - [TEST_STEP][PASSED] - tap(findTestObject("Object Repository/Parte1/INICIA_SESION_APODO_EXISTENTE/CPN22/android.widget.Button - Finalizar"), 100): Tapped on element 'Object Repository/Parte1/INICIA_SESION_APODO_EXISTENTE/CPN22/android.widget.Button - Finalizar'

2023-07-25 12:13:08 - [MESSAGE][PASSED] - Tapped on element 'Object Repository/Parte1/INICIA_SESION_APODO_EXISTENTE/CPN22/android.widget.Button - Finalizar'

2023-07-25 12:13:08 - [TEST_STEP][PASSED] - verifyElementVisible(findTestObject("Object Repository/Parte1/INICIA_SESION_APODO_EXISTENTE/CPN22/androidx.appcompat.widget.LinearLayoutCompat"), 100): Element 'Object Repository/Parte1/INICIA_SESION_APODO_EXISTENTE/CPN22/androidx.appcompat.widget.LinearLayoutCompat' is visible

2023-07-25 12:13:10 - [MESSAGE][PASSED] - Element 'Object Repository/Parte1/INICIA_SESION_APODO_EXISTENTE/CPN22/androidx.appcompat.widget.LinearLayoutCompat' is visible

2023-07-25 12:13:10 - [TEST_STEP][PASSED] - tap(findTestObject("Object Repository/Parte1/INICIA_SESION_APODO_EXISTENTE/CPN22/android.widget.Button - Cerrar"), 100): Tapped on element 'Object Repository/Parte1/INICIA_SESION_APODO_EXISTENTE/CPN22/android.widget.Button - Cerrar'

2023-07-25 12:13:10 - [MESSAGE][PASSED] - Tapped on element 'Object Repository/Parte1/INICIA_SESION_APODO_EXISTENTE/CPN22/android.widget.Button - Cerrar'

2023-07-25 12:13:10 - [TEST_STEP][PASSED] - tap(findTestObject("Object Repository/Parte1/INICIA_SESION_APODO_EXISTENTE/CPN22/android.widget.ImageButton"), 100): Tapped on element 'Object Repository/Parte1/INICIA_SESION_APODO_EXISTENTE/CPN22/android.widget.ImageButton'

2023-07-25 12:13:11 - [MESSAGE][PASSED] - Tapped on element 'Object Repository/Parte1/INICIA_SESION_APODO_EXISTENTE/CPN22/android.widget.ImageButton']]></system-out>
         <system-err><![CDATA[]]></system-err>
      </testcase>
      <testcase name="Test Cases/Parte1/INICIAR APP/Abrir_App/CPN4" time="7.005" classname="Test Cases/Parte1/INICIAR APP/Abrir_App/CPN4" status="PASSED">
         <system-out><![CDATA[2023-07-25 12:13:11 - [TEST_CASE][PASSED] - Test Cases/Parte1/INICIAR APP/Abrir_App/CPN4: Test Cases/Parte1/INICIAR APP/Abrir_App/CPN4

2023-07-25 12:13:12 - [TEST_STEP][PASSED] - toggleWifi("off", STOP_ON_FAILURE): Toggled wifi

2023-07-25 12:13:13 - [MESSAGE][PASSED] - Toggled wifi

2023-07-25 12:13:13 - [TEST_STEP][PASSED] - toggleWifi("on", STOP_ON_FAILURE): Toggled wifi

2023-07-25 12:13:13 - [MESSAGE][PASSED] - Toggled wifi

2023-07-25 12:13:13 - [TEST_STEP][PASSED] - delay(5): Delayed 5 second(s)

2023-07-25 12:13:18 - [MESSAGE][PASSED] - Delayed 5 second(s)]]></system-out>
         <system-err><![CDATA[]]></system-err>
      </testcase>
      <testcase name="Test Cases/Parte1/Crear cuenta/CPN5" time="5.045" classname="Test Cases/Parte1/Crear cuenta/CPN5" status="PASSED">
         <system-out><![CDATA[2023-07-25 12:13:18 - [TEST_CASE][PASSED] - Test Cases/Parte1/Crear cuenta/CPN5: Test Cases/Parte1/Crear cuenta/CPN5

2023-07-25 12:13:19 - [TEST_STEP][PASSED] - tap(findTestObject("Object Repository/Parte1/Crear_cuenta/CPN5/android.widget.Button - Crear Cuenta"), 100): Tapped on element 'Object Repository/Parte1/Crear_cuenta/CPN5/android.widget.Button - Crear Cuenta'

2023-07-25 12:13:19 - [MESSAGE][PASSED] - Tapped on element 'Object Repository/Parte1/Crear_cuenta/CPN5/android.widget.Button - Crear Cuenta'

2023-07-25 12:13:19 - [TEST_STEP][PASSED] - verifyElementText(findTestObject("Parte1/Crear_cuenta/CPN5/android.widget.FrameLayout"), ""): Actual text and expected text of test object 'Object Repository/Parte1/Crear_cuenta/CPN5/android.widget.FrameLayout' are matched.

2023-07-25 12:13:20 - [MESSAGE][PASSED] - Actual text and expected text of test object 'Object Repository/Parte1/Crear_cuenta/CPN5/android.widget.FrameLayout' are matched.

2023-07-25 12:13:20 - [TEST_STEP][PASSED] - tap(findTestObject("Object Repository/Parte1/Crear_cuenta/CPN5/android.widget.Button - Enviar cdigo de registro"), 200): Tapped on element 'Object Repository/Parte1/Crear_cuenta/CPN5/android.widget.Button - Enviar cdigo de registro'

2023-07-25 12:13:20 - [MESSAGE][PASSED] - Tapped on element 'Object Repository/Parte1/Crear_cuenta/CPN5/android.widget.Button - Enviar cdigo de registro'

2023-07-25 12:13:20 - [TEST_STEP][PASSED] - verifyElementText(findTestObject("Object Repository/Parte1/Crear_cuenta/CPN5/android.widget.TextView - Bienvenido a NapoleoN Chat"), "Bienvenido a NapoleoN Chat"): Actual text and expected text of test object 'Object Repository/Parte1/Crear_cuenta/CPN5/android.widget.TextView - Bienvenido a NapoleoN Chat' are matched.

2023-07-25 12:13:23 - [MESSAGE][PASSED] - Actual text and expected text of test object 'Object Repository/Parte1/Crear_cuenta/CPN5/android.widget.TextView - Bienvenido a NapoleoN Chat' are matched.

2023-07-25 12:13:23 - [TEST_STEP][PASSED] - verifyElementVisible(findTestObject("Object Repository/Parte1/Crear_cuenta/CPN5/android.widget.LinearLayout"), 0): Element 'Object Repository/Parte1/Crear_cuenta/CPN5/android.widget.LinearLayout' is visible

2023-07-25 12:13:23 - [MESSAGE][WARNING] - Timeout '0' is invalid. Using default page load timeout: '30'

2023-07-25 12:13:24 - [MESSAGE][PASSED] - Element 'Object Repository/Parte1/Crear_cuenta/CPN5/android.widget.LinearLayout' is visible]]></system-out>
         <system-err><![CDATA[]]></system-err>
      </testcase>
      <testcase name="Test Cases/Parte1/Crear cuenta/CPN6-7" time="31.096" classname="Test Cases/Parte1/Crear cuenta/CPN6-7" status="PASSED">
         <system-out><![CDATA[2023-07-25 12:13:24 - [TEST_CASE][PASSED] - Test Cases/Parte1/Crear cuenta/CPN6-7: Test Cases/Parte1/Crear cuenta/CPN6-7

2023-07-25 12:13:24 - [TEST_STEP][PASSED] - verifyElementVisible(findTestObject("Parte1/Crear_cuenta/CPN6-7/android.widget.LinearLayout"), 1): Element 'Object Repository/Parte1/Crear_cuenta/CPN6-7/android.widget.LinearLayout' is visible

2023-07-25 12:13:25 - [MESSAGE][PASSED] - Element 'Object Repository/Parte1/Crear_cuenta/CPN6-7/android.widget.LinearLayout' is visible

2023-07-25 12:13:25 - [TEST_STEP][PASSED] - tap(findTestObject("Object Repository/Parte1/Crear_cuenta/CPN6-7/android.widget.Button - Reenviar cdigo"), 1): Tapped on element 'Object Repository/Parte1/Crear_cuenta/CPN6-7/android.widget.Button - Reenviar cdigo'

2023-07-25 12:13:26 - [MESSAGE][PASSED] - Tapped on element 'Object Repository/Parte1/Crear_cuenta/CPN6-7/android.widget.Button - Reenviar cdigo'

2023-07-25 12:13:26 - [TEST_STEP][PASSED] - delay(1): Delayed 1 second(s)

2023-07-25 12:13:27 - [MESSAGE][PASSED] - Delayed 1 second(s)

2023-07-25 12:13:27 - [TEST_STEP][PASSED] - verifyElementVisible(findTestObject("Parte1/Crear_cuenta/CPN6-7/android.widget.LinearLayout"), 1): Element 'Object Repository/Parte1/Crear_cuenta/CPN6-7/android.widget.LinearLayout' is visible

2023-07-25 12:13:27 - [MESSAGE][PASSED] - Element 'Object Repository/Parte1/Crear_cuenta/CPN6-7/android.widget.LinearLayout' is visible

2023-07-25 12:13:27 - [TEST_STEP][PASSED] - tap(findTestObject("Parte1/Crear_cuenta/CPN6-7/android.widget.Button - Reenviar cdigo (1)"), 1): Tapped on element 'Object Repository/Parte1/Crear_cuenta/CPN6-7/android.widget.Button - Reenviar cdigo (1)'

2023-07-25 12:13:29 - [MESSAGE][PASSED] - Tapped on element 'Object Repository/Parte1/Crear_cuenta/CPN6-7/android.widget.Button - Reenviar cdigo (1)'

2023-07-25 12:13:29 - [TEST_STEP][PASSED] - delay(24): Delayed 24 second(s)

2023-07-25 12:13:53 - [MESSAGE][PASSED] - Delayed 24 second(s)

2023-07-25 12:13:53 - [TEST_STEP][PASSED] - tap(findTestObject("Parte1/Crear_cuenta/CPN6-7/android.widget.Button - Reenviar cdigo (1)"), 1): Tapped on element 'Object Repository/Parte1/Crear_cuenta/CPN6-7/android.widget.Button - Reenviar cdigo (1)'

2023-07-25 12:13:54 - [MESSAGE][PASSED] - Tapped on element 'Object Repository/Parte1/Crear_cuenta/CPN6-7/android.widget.Button - Reenviar cdigo (1)'

2023-07-25 12:13:54 - [TEST_STEP][PASSED] - delay(1): Delayed 1 second(s)

2023-07-25 12:13:55 - [MESSAGE][PASSED] - Delayed 1 second(s)]]></system-out>
         <system-err><![CDATA[]]></system-err>
      </testcase>
      <testcase name="Test Cases/Parte1/Crear cuenta/CPN9" time="16.339" classname="Test Cases/Parte1/Crear cuenta/CPN9" status="PASSED">
         <system-out><![CDATA[2023-07-25 12:13:55 - [TEST_CASE][PASSED] - Test Cases/Parte1/Crear cuenta/CPN9: Test Cases/Parte1/Crear cuenta/CPN9

2023-07-25 12:13:55 - [TEST_STEP][PASSED] - tap(findTestObject("Object Repository/Parte1/Crear_cuenta/CPN9/android.widget.Button - Continuar"), 0): Tapped on element 'Object Repository/Parte1/Crear_cuenta/CPN9/android.widget.Button - Continuar'

2023-07-25 12:13:55 - [MESSAGE][WARNING] - Timeout '0' is invalid. Using default page load timeout: '30'

2023-07-25 12:14:00 - [MESSAGE][PASSED] - Tapped on element 'Object Repository/Parte1/Crear_cuenta/CPN9/android.widget.Button - Continuar'

2023-07-25 12:14:00 - [TEST_STEP][PASSED] - delay(2, STOP_ON_FAILURE): Delayed 2 second(s)

2023-07-25 12:14:02 - [MESSAGE][PASSED] - Delayed 2 second(s)

2023-07-25 12:14:02 - [TEST_STEP][PASSED] - verifyElementText(findTestObject("Object Repository/Parte1/Crear_cuenta/CPN9/android.view.ViewGroup"), ""): Actual text and expected text of test object 'Object Repository/Parte1/Crear_cuenta/CPN9/android.view.ViewGroup' are matched.

2023-07-25 12:14:03 - [MESSAGE][PASSED] - Actual text and expected text of test object 'Object Repository/Parte1/Crear_cuenta/CPN9/android.view.ViewGroup' are matched.

2023-07-25 12:14:03 - [TEST_STEP][PASSED] - tap(findTestObject("Object Repository/Parte1/Crear_cuenta/CPN9/android.widget.EditText - Apodo"), 0): Tapped on element 'Object Repository/Parte1/Crear_cuenta/CPN9/android.widget.EditText - Apodo'

2023-07-25 12:14:03 - [MESSAGE][WARNING] - Timeout '0' is invalid. Using default page load timeout: '30'

2023-07-25 12:14:03 - [MESSAGE][PASSED] - Tapped on element 'Object Repository/Parte1/Crear_cuenta/CPN9/android.widget.EditText - Apodo'

2023-07-25 12:14:03 - [TEST_STEP][PASSED] - setText(findTestObject("Object Repository/Parte1/Crear_cuenta/CPN9/android.widget.EditText - Apodo (1)"), "PRUEBA", 0): Text 'PRUEBA' has been set to element 'Object Repository/Parte1/Crear_cuenta/CPN9/android.widget.EditText - Apodo (1)'

2023-07-25 12:14:03 - [MESSAGE][WARNING] - Timeout '0' is invalid. Using default page load timeout: '30'

2023-07-25 12:14:07 - [MESSAGE][PASSED] - Text 'PRUEBA' has been set to element 'Object Repository/Parte1/Crear_cuenta/CPN9/android.widget.EditText - Apodo (1)'

2023-07-25 12:14:07 - [TEST_STEP][PASSED] - clearText(findTestObject("Object Repository/Parte1/Crear_cuenta/CPN9/android.widget.EditText - PRUEBA"), 0): Element 'Object Repository/Parte1/Crear_cuenta/CPN9/android.widget.EditText - PRUEBA' text is cleared

2023-07-25 12:14:07 - [MESSAGE][WARNING] - Timeout '0' is invalid. Using default page load timeout: '30'

2023-07-25 12:14:08 - [MESSAGE][PASSED] - Element 'Object Repository/Parte1/Crear_cuenta/CPN9/android.widget.EditText - PRUEBA' text is cleared

2023-07-25 12:14:08 - [TEST_STEP][PASSED] - hideKeyboard(): Keyboard is hidden

2023-07-25 12:14:11 - [MESSAGE][PASSED] - Keyboard is hidden

2023-07-25 12:14:11 - [TEST_STEP][PASSED] - verifyElementText(findTestObject("Object Repository/Parte1/Crear_cuenta/CPN9/android.widget.TextView - El Apodo es obligatorio"), "El Apodo es obligatorio"): Actual text and expected text of test object 'Object Repository/Parte1/Crear_cuenta/CPN9/android.widget.TextView - El Apodo es obligatorio' are matched.

2023-07-25 12:14:11 - [MESSAGE][PASSED] - Actual text and expected text of test object 'Object Repository/Parte1/Crear_cuenta/CPN9/android.widget.TextView - El Apodo es obligatorio' are matched.]]></system-out>
         <system-err><![CDATA[]]></system-err>
      </testcase>
      <testcase name="Test Cases/Parte1/Crear cuenta/CPN10" time="7.114" classname="Test Cases/Parte1/Crear cuenta/CPN10" status="PASSED">
         <system-out><![CDATA[2023-07-25 12:14:11 - [TEST_CASE][PASSED] - Test Cases/Parte1/Crear cuenta/CPN10: Test Cases/Parte1/Crear cuenta/CPN10

2023-07-25 12:14:11 - [TEST_STEP][PASSED] - tap(findTestObject("Object Repository/Parte1/Crear_cuenta/CPN10/android.widget.EditText - Apodo"), 0): Tapped on element 'Object Repository/Parte1/Crear_cuenta/CPN10/android.widget.EditText - Apodo'

2023-07-25 12:14:11 - [MESSAGE][WARNING] - Timeout '0' is invalid. Using default page load timeout: '30'

2023-07-25 12:14:11 - [MESSAGE][PASSED] - Tapped on element 'Object Repository/Parte1/Crear_cuenta/CPN10/android.widget.EditText - Apodo'

2023-07-25 12:14:11 - [TEST_STEP][PASSED] - setText(findTestObject("Object Repository/Parte1/Crear_cuenta/CPN10/android.widget.EditText - Apodo (1)"), "0123456789", 0): Text '0123456789' has been set to element 'Object Repository/Parte1/Crear_cuenta/CPN10/android.widget.EditText - Apodo (1)'

2023-07-25 12:14:11 - [MESSAGE][WARNING] - Timeout '0' is invalid. Using default page load timeout: '30'

2023-07-25 12:14:15 - [MESSAGE][PASSED] - Text '0123456789' has been set to element 'Object Repository/Parte1/Crear_cuenta/CPN10/android.widget.EditText - Apodo (1)'

2023-07-25 12:14:15 - [TEST_STEP][PASSED] - verifyElementText(findTestObject("Object Repository/Parte1/Crear_cuenta/CPN10/android.widget.TextView - El Apodo debe comenzar con una letra"), "El Apodo debe comenzar con una letra"): Actual text and expected text of test object 'Object Repository/Parte1/Crear_cuenta/CPN10/android.widget.TextView - El Apodo debe comenzar con una letra' are matched.

2023-07-25 12:14:16 - [MESSAGE][PASSED] - Actual text and expected text of test object 'Object Repository/Parte1/Crear_cuenta/CPN10/android.widget.TextView - El Apodo debe comenzar con una letra' are matched.

2023-07-25 12:14:16 - [TEST_STEP][PASSED] - hideKeyboard(): Keyboard is hidden

2023-07-25 12:14:18 - [MESSAGE][PASSED] - Keyboard is hidden

2023-07-25 12:14:18 - [TEST_STEP][PASSED] - tap(findTestObject("Object Repository/Parte1/Crear_cuenta/CPN10/android.widget.Button - Siguiente"), 0): Tapped on element 'Object Repository/Parte1/Crear_cuenta/CPN10/android.widget.Button - Siguiente'

2023-07-25 12:14:18 - [MESSAGE][WARNING] - Timeout '0' is invalid. Using default page load timeout: '30'

2023-07-25 12:14:18 - [MESSAGE][PASSED] - Tapped on element 'Object Repository/Parte1/Crear_cuenta/CPN10/android.widget.Button - Siguiente']]></system-out>
         <system-err><![CDATA[]]></system-err>
      </testcase>
      <testcase name="Test Cases/Parte1/Crear cuenta/CPN11" time="8.173" classname="Test Cases/Parte1/Crear cuenta/CPN11" status="PASSED">
         <system-out><![CDATA[2023-07-25 12:14:18 - [TEST_CASE][PASSED] - Test Cases/Parte1/Crear cuenta/CPN11: Test Cases/Parte1/Crear cuenta/CPN11

2023-07-25 12:14:18 - [TEST_STEP][PASSED] - clearText(findTestObject("Object Repository/Parte1/Crear_cuenta/CPN11/android.widget.EditText - 0123456789"), 100): Element 'Object Repository/Parte1/Crear_cuenta/CPN11/android.widget.EditText - 0123456789' text is cleared

2023-07-25 12:14:19 - [MESSAGE][PASSED] - Element 'Object Repository/Parte1/Crear_cuenta/CPN11/android.widget.EditText - 0123456789' text is cleared

2023-07-25 12:14:19 - [TEST_STEP][PASSED] - tap(findTestObject("Object Repository/Parte1/Crear_cuenta/CPN11/android.widget.EditText - Apodo"), 100): Tapped on element 'Object Repository/Parte1/Crear_cuenta/CPN11/android.widget.EditText - Apodo'

2023-07-25 12:14:20 - [MESSAGE][PASSED] - Tapped on element 'Object Repository/Parte1/Crear_cuenta/CPN11/android.widget.EditText - Apodo'

2023-07-25 12:14:20 - [TEST_STEP][PASSED] - setText(findTestObject("Object Repository/Parte1/Crear_cuenta/CPN11/android.widget.EditText - Apodo (1)"), "abcde", 0): Text 'abcde' has been set to element 'Object Repository/Parte1/Crear_cuenta/CPN11/android.widget.EditText - Apodo (1)'

2023-07-25 12:14:20 - [MESSAGE][WARNING] - Timeout '0' is invalid. Using default page load timeout: '30'

2023-07-25 12:14:23 - [MESSAGE][PASSED] - Text 'abcde' has been set to element 'Object Repository/Parte1/Crear_cuenta/CPN11/android.widget.EditText - Apodo (1)'

2023-07-25 12:14:23 - [TEST_STEP][PASSED] - verifyElementText(findTestObject("Object Repository/Parte1/Crear_cuenta/CPN11/android.widget.TextView - El apodo debe contener al menos un nmero"), "El apodo debe contener al menos un número"): Actual text and expected text of test object 'Object Repository/Parte1/Crear_cuenta/CPN11/android.widget.TextView - El apodo debe contener al menos un nmero' are matched.

2023-07-25 12:14:24 - [MESSAGE][PASSED] - Actual text and expected text of test object 'Object Repository/Parte1/Crear_cuenta/CPN11/android.widget.TextView - El apodo debe contener al menos un nmero' are matched.

2023-07-25 12:14:24 - [TEST_STEP][PASSED] - hideKeyboard(): Keyboard is hidden

2023-07-25 12:14:26 - [MESSAGE][PASSED] - Keyboard is hidden

2023-07-25 12:14:26 - [TEST_STEP][PASSED] - tap(findTestObject("Object Repository/Parte1/Crear_cuenta/CPN11/android.widget.Button - Siguiente"), 1): Tapped on element 'Object Repository/Parte1/Crear_cuenta/CPN11/android.widget.Button - Siguiente'

2023-07-25 12:14:26 - [MESSAGE][PASSED] - Tapped on element 'Object Repository/Parte1/Crear_cuenta/CPN11/android.widget.Button - Siguiente'

2023-07-25 12:14:26 - [TEST_STEP][PASSED] - clearText(findTestObject("Object Repository/Parte1/Crear_cuenta/CPN11/android.widget.EditText - abcde"), 100): Element 'Object Repository/Parte1/Crear_cuenta/CPN11/android.widget.EditText - abcde' text is cleared

2023-07-25 12:14:26 - [MESSAGE][PASSED] - Element 'Object Repository/Parte1/Crear_cuenta/CPN11/android.widget.EditText - abcde' text is cleared]]></system-out>
         <system-err><![CDATA[]]></system-err>
      </testcase>
      <testcase name="Test Cases/Parte1/Crear cuenta/CPN12" time="4.671" classname="Test Cases/Parte1/Crear cuenta/CPN12" status="PASSED">
         <system-out><![CDATA[2023-07-25 12:14:26 - [TEST_CASE][PASSED] - Test Cases/Parte1/Crear cuenta/CPN12: Test Cases/Parte1/Crear cuenta/CPN12

2023-07-25 12:14:26 - [TEST_STEP][PASSED] - setText(findTestObject("Object Repository/Parte1/Crear_cuenta/CPN12/android.widget.EditText - Apodo"), "0123456789012345678901", 0): Text '0123456789012345678901' has been set to element 'Object Repository/Parte1/Crear_cuenta/CPN12/android.widget.EditText - Apodo'

2023-07-25 12:14:27 - [MESSAGE][WARNING] - Timeout '0' is invalid. Using default page load timeout: '30'

2023-07-25 12:14:29 - [MESSAGE][PASSED] - Text '0123456789012345678901' has been set to element 'Object Repository/Parte1/Crear_cuenta/CPN12/android.widget.EditText - Apodo'

2023-07-25 12:14:29 - [TEST_STEP][PASSED] - hideKeyboard(): Keyboard is hidden

2023-07-25 12:14:30 - [MESSAGE][PASSED] - Keyboard is hidden

2023-07-25 12:14:30 - [TEST_STEP][PASSED] - clearText(findTestObject("Object Repository/Parte1/Crear_cuenta/CPN12/android.widget.EditText - 01234567890123456789"), 0): Element 'Object Repository/Parte1/Crear_cuenta/CPN12/android.widget.EditText - 01234567890123456789' text is cleared

2023-07-25 12:14:30 - [MESSAGE][WARNING] - Timeout '0' is invalid. Using default page load timeout: '30'

2023-07-25 12:14:30 - [MESSAGE][PASSED] - Element 'Object Repository/Parte1/Crear_cuenta/CPN12/android.widget.EditText - 01234567890123456789' text is cleared

2023-07-25 12:14:30 - [TEST_STEP][PASSED] - tap(findTestObject("Object Repository/Parte1/Crear_cuenta/CPN12/android.widget.Button - Siguiente"), 0): Tapped on element 'Object Repository/Parte1/Crear_cuenta/CPN12/android.widget.Button - Siguiente'

2023-07-25 12:14:30 - [MESSAGE][WARNING] - Timeout '0' is invalid. Using default page load timeout: '30'

2023-07-25 12:14:31 - [MESSAGE][PASSED] - Tapped on element 'Object Repository/Parte1/Crear_cuenta/CPN12/android.widget.Button - Siguiente']]></system-out>
         <system-err><![CDATA[]]></system-err>
      </testcase>
      <testcase name="Test Cases/Parte1/Crear cuenta/CPN13" time="7.379" classname="Test Cases/Parte1/Crear cuenta/CPN13" status="PASSED">
         <system-out><![CDATA[2023-07-25 12:14:31 - [TEST_CASE][PASSED] - Test Cases/Parte1/Crear cuenta/CPN13: Test Cases/Parte1/Crear cuenta/CPN13

2023-07-25 12:14:31 - [TEST_STEP][PASSED] - tap(findTestObject("Object Repository/Parte1/Crear_cuenta/CPN13/android.widget.EditText - Apodo"), 0): Tapped on element 'Object Repository/Parte1/Crear_cuenta/CPN13/android.widget.EditText - Apodo'

2023-07-25 12:14:31 - [MESSAGE][WARNING] - Timeout '0' is invalid. Using default page load timeout: '30'

2023-07-25 12:14:33 - [MESSAGE][PASSED] - Tapped on element 'Object Repository/Parte1/Crear_cuenta/CPN13/android.widget.EditText - Apodo'

2023-07-25 12:14:33 - [TEST_STEP][PASSED] - setText(findTestObject("Object Repository/Parte1/Crear_cuenta/CPN13/android.widget.EditText - Apodo (1)"), "HO", 0): Text 'HO' has been set to element 'Object Repository/Parte1/Crear_cuenta/CPN13/android.widget.EditText - Apodo (1)'

2023-07-25 12:14:33 - [MESSAGE][WARNING] - Timeout '0' is invalid. Using default page load timeout: '30'

2023-07-25 12:14:35 - [MESSAGE][PASSED] - Text 'HO' has been set to element 'Object Repository/Parte1/Crear_cuenta/CPN13/android.widget.EditText - Apodo (1)'

2023-07-25 12:14:35 - [TEST_STEP][PASSED] - verifyElementText(findTestObject("Object Repository/Parte1/Crear_cuenta/CPN13/android.widget.TextView - El Apodo debe contener mnimo 3 caracteres y 1 nmero"), "El Apodo debe contener mínimo 3 caracteres y 1 número"): Actual text and expected text of test object 'Object Repository/Parte1/Crear_cuenta/CPN13/android.widget.TextView - El Apodo debe contener mnimo 3 caracteres y 1 nmero' are matched.

2023-07-25 12:14:36 - [MESSAGE][PASSED] - Actual text and expected text of test object 'Object Repository/Parte1/Crear_cuenta/CPN13/android.widget.TextView - El Apodo debe contener mnimo 3 caracteres y 1 nmero' are matched.

2023-07-25 12:14:36 - [TEST_STEP][PASSED] - hideKeyboard(): Keyboard is hidden

2023-07-25 12:14:38 - [MESSAGE][PASSED] - Keyboard is hidden

2023-07-25 12:14:38 - [TEST_STEP][PASSED] - tap(findTestObject("Object Repository/Parte1/Crear_cuenta/CPN13/android.widget.Button - Siguiente"), 0): Tapped on element 'Object Repository/Parte1/Crear_cuenta/CPN13/android.widget.Button - Siguiente'

2023-07-25 12:14:38 - [MESSAGE][WARNING] - Timeout '0' is invalid. Using default page load timeout: '30'

2023-07-25 12:14:38 - [MESSAGE][PASSED] - Tapped on element 'Object Repository/Parte1/Crear_cuenta/CPN13/android.widget.Button - Siguiente'

2023-07-25 12:14:38 - [TEST_STEP][PASSED] - clearText(findTestObject("Object Repository/Parte1/Crear_cuenta/CPN13/android.widget.EditText - HO"), 0): Element 'Object Repository/Parte1/Crear_cuenta/CPN13/android.widget.EditText - HO' text is cleared

2023-07-25 12:14:38 - [MESSAGE][WARNING] - Timeout '0' is invalid. Using default page load timeout: '30'

2023-07-25 12:14:38 - [MESSAGE][PASSED] - Element 'Object Repository/Parte1/Crear_cuenta/CPN13/android.widget.EditText - HO' text is cleared]]></system-out>
         <system-err><![CDATA[]]></system-err>
      </testcase>
      <testcase name="Test Cases/Parte1/Crear cuenta/CPN14" time="12.592" classname="Test Cases/Parte1/Crear cuenta/CPN14" status="PASSED">
         <system-out><![CDATA[2023-07-25 12:14:38 - [TEST_CASE][PASSED] - Test Cases/Parte1/Crear cuenta/CPN14: Test Cases/Parte1/Crear cuenta/CPN14

2023-07-25 12:14:39 - [TEST_STEP][PASSED] - tap(findTestObject("Object Repository/Parte1/Crear_cuenta/CPN14/android.widget.EditText - Nombre a mostrar (opcional)"), 0): Tapped on element 'Object Repository/Parte1/Crear_cuenta/CPN14/android.widget.EditText - Nombre a mostrar (opcional)'

2023-07-25 12:14:39 - [MESSAGE][WARNING] - Timeout '0' is invalid. Using default page load timeout: '30'

2023-07-25 12:14:39 - [MESSAGE][PASSED] - Tapped on element 'Object Repository/Parte1/Crear_cuenta/CPN14/android.widget.EditText - Nombre a mostrar (opcional)'

2023-07-25 12:14:39 - [TEST_STEP][PASSED] - setText(findTestObject("Object Repository/Parte1/Crear_cuenta/CPN14/android.widget.EditText - Nombre a mostrar (opcional) (1)"), "Opcional", 0): Text 'Opcional' has been set to element 'Object Repository/Parte1/Crear_cuenta/CPN14/android.widget.EditText - Nombre a mostrar (opcional) (1)'

2023-07-25 12:14:39 - [MESSAGE][WARNING] - Timeout '0' is invalid. Using default page load timeout: '30'

2023-07-25 12:14:42 - [MESSAGE][PASSED] - Text 'Opcional' has been set to element 'Object Repository/Parte1/Crear_cuenta/CPN14/android.widget.EditText - Nombre a mostrar (opcional) (1)'

2023-07-25 12:14:42 - [TEST_STEP][PASSED] - hideKeyboard(): Keyboard is hidden

2023-07-25 12:14:44 - [MESSAGE][PASSED] - Keyboard is hidden

2023-07-25 12:14:44 - [TEST_STEP][PASSED] - tap(findTestObject("Object Repository/Parte1/Crear_cuenta/CPN14/android.widget.Button - Siguiente"), 0): Tapped on element 'Object Repository/Parte1/Crear_cuenta/CPN14/android.widget.Button - Siguiente'

2023-07-25 12:14:44 - [MESSAGE][WARNING] - Timeout '0' is invalid. Using default page load timeout: '30'

2023-07-25 12:14:45 - [MESSAGE][PASSED] - Tapped on element 'Object Repository/Parte1/Crear_cuenta/CPN14/android.widget.Button - Siguiente'

2023-07-25 12:14:45 - [TEST_STEP][PASSED] - tap(findTestObject("Object Repository/Parte1/Crear_cuenta/CPN14/android.widget.EditText - Apodo"), 0): Tapped on element 'Object Repository/Parte1/Crear_cuenta/CPN14/android.widget.EditText - Apodo'

2023-07-25 12:14:45 - [MESSAGE][WARNING] - Timeout '0' is invalid. Using default page load timeout: '30'

2023-07-25 12:14:45 - [MESSAGE][PASSED] - Tapped on element 'Object Repository/Parte1/Crear_cuenta/CPN14/android.widget.EditText - Apodo'

2023-07-25 12:14:45 - [TEST_STEP][PASSED] - setText(findTestObject("Parte1/Crear_cuenta/CPN14/android.widget.EditText - Apodo (1)"), "angello16", 0): Text 'angello16' has been set to element 'Object Repository/Parte1/Crear_cuenta/CPN14/android.widget.EditText - Apodo (1)'

2023-07-25 12:14:45 - [MESSAGE][WARNING] - Timeout '0' is invalid. Using default page load timeout: '30'

2023-07-25 12:14:48 - [MESSAGE][PASSED] - Text 'angello16' has been set to element 'Object Repository/Parte1/Crear_cuenta/CPN14/android.widget.EditText - Apodo (1)'

2023-07-25 12:14:48 - [TEST_STEP][PASSED] - hideKeyboard(): Keyboard is hidden

2023-07-25 12:14:50 - [MESSAGE][PASSED] - Keyboard is hidden

2023-07-25 12:14:50 - [TEST_STEP][PASSED] - verifyElementText(findTestObject("Object Repository/Parte1/Crear_cuenta/CPN14/android.widget.TextView - Apodo no disponible"), "Apodo no disponible"): Actual text and expected text of test object 'Object Repository/Parte1/Crear_cuenta/CPN14/android.widget.TextView - Apodo no disponible' are matched.

2023-07-25 12:14:50 - [MESSAGE][PASSED] - Actual text and expected text of test object 'Object Repository/Parte1/Crear_cuenta/CPN14/android.widget.TextView - Apodo no disponible' are matched.

2023-07-25 12:14:50 - [TEST_STEP][PASSED] - verifyElementVisible(findTestObject("Parte1/Crear_cuenta/CPN14/android.widget.ImageButton"), 0): Element 'Object Repository/Parte1/Crear_cuenta/CPN14/android.widget.ImageButton' is visible

2023-07-25 12:14:51 - [MESSAGE][WARNING] - Timeout '0' is invalid. Using default page load timeout: '30'

2023-07-25 12:14:51 - [MESSAGE][PASSED] - Element 'Object Repository/Parte1/Crear_cuenta/CPN14/android.widget.ImageButton' is visible

2023-07-25 12:14:51 - [TEST_STEP][PASSED] - tap(findTestObject("Parte1/Crear_cuenta/CPN14/android.widget.Button - Siguiente"), 0): Tapped on element 'Object Repository/Parte1/Crear_cuenta/CPN14/android.widget.Button - Siguiente'

2023-07-25 12:14:51 - [MESSAGE][WARNING] - Timeout '0' is invalid. Using default page load timeout: '30'

2023-07-25 12:14:51 - [MESSAGE][PASSED] - Tapped on element 'Object Repository/Parte1/Crear_cuenta/CPN14/android.widget.Button - Siguiente']]></system-out>
         <system-err><![CDATA[]]></system-err>
      </testcase>
      <testcase name="Test Cases/Parte1/Crear cuenta/CPN15" time="9.932" classname="Test Cases/Parte1/Crear cuenta/CPN15" status="PASSED">
         <system-out><![CDATA[2023-07-25 12:14:51 - [TEST_CASE][PASSED] - Test Cases/Parte1/Crear cuenta/CPN15: Test Cases/Parte1/Crear cuenta/CPN15

2023-07-25 12:14:51 - [TEST_STEP][PASSED] - clearText(findTestObject("Object Repository/Parte1/Crear_cuenta/CPN15/android.widget.EditText - angello16"), 0): Element 'Object Repository/Parte1/Crear_cuenta/CPN15/android.widget.EditText - angello16' text is cleared

2023-07-25 12:14:51 - [MESSAGE][WARNING] - Timeout '0' is invalid. Using default page load timeout: '30'

2023-07-25 12:14:51 - [MESSAGE][PASSED] - Element 'Object Repository/Parte1/Crear_cuenta/CPN15/android.widget.EditText - angello16' text is cleared

2023-07-25 12:14:51 - [TEST_STEP][PASSED] - tap(findTestObject("Object Repository/Parte1/Crear_cuenta/CPN15/android.widget.EditText - Apodo"), 0): Tapped on element 'Object Repository/Parte1/Crear_cuenta/CPN15/android.widget.EditText - Apodo'

2023-07-25 12:14:51 - [MESSAGE][WARNING] - Timeout '0' is invalid. Using default page load timeout: '30'

2023-07-25 12:14:52 - [MESSAGE][PASSED] - Tapped on element 'Object Repository/Parte1/Crear_cuenta/CPN15/android.widget.EditText - Apodo'

2023-07-25 12:14:52 - [TEST_STEP][PASSED] - setText(findTestObject("Object Repository/Parte1/Crear_cuenta/CPN15/android.widget.EditText - P000"), "LIBRE02", 0): Text 'LIBRE02' has been set to element 'Object Repository/Parte1/Crear_cuenta/CPN15/android.widget.EditText - P000'

2023-07-25 12:14:52 - [MESSAGE][WARNING] - Timeout '0' is invalid. Using default page load timeout: '30'

2023-07-25 12:14:55 - [MESSAGE][PASSED] - Text 'LIBRE02' has been set to element 'Object Repository/Parte1/Crear_cuenta/CPN15/android.widget.EditText - P000'

2023-07-25 12:14:55 - [TEST_STEP][PASSED] - verifyElementText(findTestObject("Object Repository/Parte1/Crear_cuenta/CPN15/android.widget.TextView - El apodo te servir para identificarse en NapoleoN Chat, no lo podrs cambiar despes"), "El apodo te servirá para identificarse en NapoleoN Chat, no lo podrás cambiar despúes"): Actual text and expected text of test object 'Object Repository/Parte1/Crear_cuenta/CPN15/android.widget.TextView - El apodo te servir para identificarse en NapoleoN Chat, no lo podrs cambiar despes' are matched.

2023-07-25 12:15:00 - [MESSAGE][PASSED] - Actual text and expected text of test object 'Object Repository/Parte1/Crear_cuenta/CPN15/android.widget.TextView - El apodo te servir para identificarse en NapoleoN Chat, no lo podrs cambiar despes' are matched.

2023-07-25 12:15:00 - [TEST_STEP][PASSED] - clearText(findTestObject("Object Repository/Parte1/Crear_cuenta/CPN15/android.widget.EditText - Opcional"), 0): Element 'Object Repository/Parte1/Crear_cuenta/CPN15/android.widget.EditText - Opcional' text is cleared

2023-07-25 12:15:00 - [MESSAGE][WARNING] - Timeout '0' is invalid. Using default page load timeout: '30'

2023-07-25 12:15:00 - [MESSAGE][PASSED] - Element 'Object Repository/Parte1/Crear_cuenta/CPN15/android.widget.EditText - Opcional' text is cleared

2023-07-25 12:15:00 - [TEST_STEP][PASSED] - hideKeyboard(): Keyboard is hidden

2023-07-25 12:15:01 - [MESSAGE][PASSED] - Keyboard is hidden

2023-07-25 12:15:01 - [TEST_STEP][PASSED] - tap(findTestObject("Object Repository/Parte1/Crear_cuenta/CPN15/android.widget.Button - Siguiente"), 0): Tapped on element 'Object Repository/Parte1/Crear_cuenta/CPN15/android.widget.Button - Siguiente'

2023-07-25 12:15:01 - [MESSAGE][WARNING] - Timeout '0' is invalid. Using default page load timeout: '30'

2023-07-25 12:15:01 - [MESSAGE][PASSED] - Tapped on element 'Object Repository/Parte1/Crear_cuenta/CPN15/android.widget.Button - Siguiente']]></system-out>
         <system-err><![CDATA[]]></system-err>
      </testcase>
      <testcase name="Test Cases/Parte1/Crear cuenta/CPN16-17" time="11.769" classname="Test Cases/Parte1/Crear cuenta/CPN16-17" status="PASSED">
         <system-out><![CDATA[2023-07-25 12:15:01 - [TEST_CASE][PASSED] - Test Cases/Parte1/Crear cuenta/CPN16-17: Test Cases/Parte1/Crear cuenta/CPN16-17

2023-07-25 12:15:01 - [TEST_STEP][PASSED] - tap(findTestObject("Object Repository/Parte1/Crear_cuenta/CPN16-17/android.widget.EditText - Pin de Acceso"), 200): Tapped on element 'Object Repository/Parte1/Crear_cuenta/CPN16-17/android.widget.EditText - Pin de Acceso'

2023-07-25 12:15:03 - [MESSAGE][PASSED] - Tapped on element 'Object Repository/Parte1/Crear_cuenta/CPN16-17/android.widget.EditText - Pin de Acceso'

2023-07-25 12:15:03 - [TEST_STEP][PASSED] - setText(findTestObject("Object Repository/Parte1/Crear_cuenta/CPN16-17/android.widget.EditText - Pin de Acceso (1)"), "00000", 200): Text '00000' has been set to element 'Object Repository/Parte1/Crear_cuenta/CPN16-17/android.widget.EditText - Pin de Acceso (1)'

2023-07-25 12:15:06 - [MESSAGE][PASSED] - Text '00000' has been set to element 'Object Repository/Parte1/Crear_cuenta/CPN16-17/android.widget.EditText - Pin de Acceso (1)'

2023-07-25 12:15:06 - [TEST_STEP][PASSED] - setText(findTestObject("Object Repository/Parte1/Crear_cuenta/CPN16-17/android.widget.EditText - Confirmar nuevo pin de acceso"), "1234", 200): Text '1234' has been set to element 'Object Repository/Parte1/Crear_cuenta/CPN16-17/android.widget.EditText - Confirmar nuevo pin de acceso'

2023-07-25 12:15:08 - [MESSAGE][PASSED] - Text '1234' has been set to element 'Object Repository/Parte1/Crear_cuenta/CPN16-17/android.widget.EditText - Confirmar nuevo pin de acceso'

2023-07-25 12:15:08 - [TEST_STEP][PASSED] - delay(2, STOP_ON_FAILURE): Delayed 2 second(s)

2023-07-25 12:15:10 - [MESSAGE][PASSED] - Delayed 2 second(s)

2023-07-25 12:15:10 - [TEST_STEP][PASSED] - hideKeyboard(): Keyboard is hidden

2023-07-25 12:15:12 - [MESSAGE][PASSED] - Keyboard is hidden

2023-07-25 12:15:12 - [TEST_STEP][PASSED] - verifyElementText(findTestObject("Object Repository/Parte1/Crear_cuenta/CPN16-17/android.widget.TextView - El pin de acceso no coincide"), "El pin de acceso no coincide"): Actual text and expected text of test object 'Object Repository/Parte1/Crear_cuenta/CPN16-17/android.widget.TextView - El pin de acceso no coincide' are matched.

2023-07-25 12:15:12 - [MESSAGE][PASSED] - Actual text and expected text of test object 'Object Repository/Parte1/Crear_cuenta/CPN16-17/android.widget.TextView - El pin de acceso no coincide' are matched.

2023-07-25 12:15:12 - [TEST_STEP][PASSED] - verifyElementText(findTestObject("Object Repository/Parte1/Crear_cuenta/CPN16-17/android.widget.TextView - El pin de acceso no coincide (1)"), "El pin de acceso no coincide"): Actual text and expected text of test object 'Object Repository/Parte1/Crear_cuenta/CPN16-17/android.widget.TextView - El pin de acceso no coincide (1)' are matched.

2023-07-25 12:15:13 - [MESSAGE][PASSED] - Actual text and expected text of test object 'Object Repository/Parte1/Crear_cuenta/CPN16-17/android.widget.TextView - El pin de acceso no coincide (1)' are matched.]]></system-out>
         <system-err><![CDATA[]]></system-err>
      </testcase>
      <testcase name="Test Cases/Parte1/Crear cuenta/CPN18-19" time="17.212" classname="Test Cases/Parte1/Crear cuenta/CPN18-19" status="PASSED">
         <system-out><![CDATA[2023-07-25 12:15:13 - [TEST_CASE][PASSED] - Test Cases/Parte1/Crear cuenta/CPN18-19: Test Cases/Parte1/Crear cuenta/CPN18-19

2023-07-25 12:15:13 - [TEST_STEP][PASSED] - tap(findTestObject("Object Repository/Parte1/Crear_cuenta/CPN18-19/android.widget.EditText - 0000"), 1): Tapped on element 'Object Repository/Parte1/Crear_cuenta/CPN18-19/android.widget.EditText - 0000'

2023-07-25 12:15:13 - [MESSAGE][PASSED] - Tapped on element 'Object Repository/Parte1/Crear_cuenta/CPN18-19/android.widget.EditText - 0000'

2023-07-25 12:15:13 - [TEST_STEP][PASSED] - clearText(findTestObject("Object Repository/Parte1/Crear_cuenta/CPN18-19/android.widget.EditText - 0000 (1)"), 1): Element 'Object Repository/Parte1/Crear_cuenta/CPN18-19/android.widget.EditText - 0000 (1)' text is cleared

2023-07-25 12:15:15 - [MESSAGE][PASSED] - Element 'Object Repository/Parte1/Crear_cuenta/CPN18-19/android.widget.EditText - 0000 (1)' text is cleared

2023-07-25 12:15:15 - [TEST_STEP][PASSED] - clearText(findTestObject("Object Repository/Parte1/Crear_cuenta/CPN18-19/android.widget.EditText - 1234"), 1): Element 'Object Repository/Parte1/Crear_cuenta/CPN18-19/android.widget.EditText - 1234' text is cleared

2023-07-25 12:15:16 - [MESSAGE][PASSED] - Element 'Object Repository/Parte1/Crear_cuenta/CPN18-19/android.widget.EditText - 1234' text is cleared

2023-07-25 12:15:16 - [TEST_STEP][PASSED] - setText(findTestObject("Object Repository/Parte1/Crear_cuenta/CPN18-19/android.widget.EditText - Pin de Acceso"), "0000", 0): Text '0000' has been set to element 'Object Repository/Parte1/Crear_cuenta/CPN18-19/android.widget.EditText - Pin de Acceso'

2023-07-25 12:15:16 - [MESSAGE][WARNING] - Timeout '0' is invalid. Using default page load timeout: '30'

2023-07-25 12:15:19 - [MESSAGE][PASSED] - Text '0000' has been set to element 'Object Repository/Parte1/Crear_cuenta/CPN18-19/android.widget.EditText - Pin de Acceso'

2023-07-25 12:15:19 - [TEST_STEP][PASSED] - setText(findTestObject("Object Repository/Parte1/Crear_cuenta/CPN18-19/android.widget.EditText - Confirmar nuevo pin de acceso"), "1111", 0): Text '1111' has been set to element 'Object Repository/Parte1/Crear_cuenta/CPN18-19/android.widget.EditText - Confirmar nuevo pin de acceso'

2023-07-25 12:15:19 - [MESSAGE][WARNING] - Timeout '0' is invalid. Using default page load timeout: '30'

2023-07-25 12:15:21 - [MESSAGE][PASSED] - Text '1111' has been set to element 'Object Repository/Parte1/Crear_cuenta/CPN18-19/android.widget.EditText - Confirmar nuevo pin de acceso'

2023-07-25 12:15:21 - [TEST_STEP][PASSED] - clearText(findTestObject("Object Repository/Parte1/Crear_cuenta/CPN18-19/android.widget.EditText - 1111"), 1): Element 'Object Repository/Parte1/Crear_cuenta/CPN18-19/android.widget.EditText - 1111' text is cleared

2023-07-25 12:15:22 - [MESSAGE][PASSED] - Element 'Object Repository/Parte1/Crear_cuenta/CPN18-19/android.widget.EditText - 1111' text is cleared

2023-07-25 12:15:22 - [TEST_STEP][PASSED] - setText(findTestObject("Parte1/Crear_cuenta/CPN18-19/android.widget.EditText - Confirmar nuevo pin de acceso"), "0000", 0): Text '0000' has been set to element 'Object Repository/Parte1/Crear_cuenta/CPN18-19/android.widget.EditText - Confirmar nuevo pin de acceso'

2023-07-25 12:15:22 - [MESSAGE][WARNING] - Timeout '0' is invalid. Using default page load timeout: '30'

2023-07-25 12:15:25 - [MESSAGE][PASSED] - Text '0000' has been set to element 'Object Repository/Parte1/Crear_cuenta/CPN18-19/android.widget.EditText - Confirmar nuevo pin de acceso'

2023-07-25 12:15:25 - [TEST_STEP][PASSED] - hideKeyboard(): Keyboard is hidden

2023-07-25 12:15:27 - [MESSAGE][PASSED] - Keyboard is hidden

2023-07-25 12:15:27 - [TEST_STEP][PASSED] - tap(findTestObject("Object Repository/Parte1/Crear_cuenta/CPN18-19/android.widget.Button - Crear Cuenta"), 1): Tapped on element 'Object Repository/Parte1/Crear_cuenta/CPN18-19/android.widget.Button - Crear Cuenta'

2023-07-25 12:15:27 - [MESSAGE][PASSED] - Tapped on element 'Object Repository/Parte1/Crear_cuenta/CPN18-19/android.widget.Button - Crear Cuenta'

2023-07-25 12:15:27 - [TEST_STEP][PASSED] - verifyElementExist(findTestObject("Object Repository/Parte1/Crear_cuenta/CPN18-19/android.widget.TextView - NapoleoN"), 0): Element 'Object Repository/Parte1/Crear_cuenta/CPN18-19/android.widget.TextView - NapoleoN' is exist

2023-07-25 12:15:27 - [MESSAGE][WARNING] - Timeout '0' is invalid. Using default page load timeout: '30'

2023-07-25 12:15:30 - [MESSAGE][PASSED] - Element 'Object Repository/Parte1/Crear_cuenta/CPN18-19/android.widget.TextView - NapoleoN' is exist]]></system-out>
         <system-err><![CDATA[]]></system-err>
      </testcase>
      <testcase name="Test Cases/Parte1/Agregar contacto/agregar" time="9.537" classname="Test Cases/Parte1/Agregar contacto/agregar" status="FAILED">
         <failure type="FAILED" message="Test Cases/Parte1/Agregar contacto/agregar FAILED.
Reason:
com.kms.katalon.core.exception.StepFailedException: Object Object Repository/Parte1/agregar/android.widget.Button - AGREGAR not found
	at com.kms.katalon.core.keyword.internal.KeywordMain.stepFailed(KeywordMain.groovy:51)
	at com.kms.katalon.core.mobile.keyword.internal.MobileKeywordMain.stepFailed(MobileKeywordMain.groovy:40)
	at com.kms.katalon.core.mobile.keyword.builtin.TapKeyword$_tap_closure1.doCall(TapKeyword.groovy:79)
	at com.kms.katalon.core.mobile.keyword.builtin.TapKeyword$_tap_closure1.call(TapKeyword.groovy)
	at com.kms.katalon.core.mobile.keyword.internal.MobileKeywordMain.runKeyword(MobileKeywordMain.groovy:21)
	at com.kms.katalon.core.mobile.keyword.builtin.TapKeyword.tap(TapKeyword.groovy:84)
	at com.kms.katalon.core.mobile.keyword.builtin.TapKeyword.execute(TapKeyword.groovy:68)
	at com.kms.katalon.core.keyword.internal.KeywordExecutor.executeKeywordForPlatform(KeywordExecutor.groovy:74)
	at com.kms.katalon.core.mobile.keyword.MobileBuiltInKeywords.tap(MobileBuiltInKeywords.groovy:1490)
	at com.kms.katalon.core.mobile.keyword.MobileBuiltInKeywords$tap$1.call(Unknown Source)
	at agregar.run(agregar:29)
	at com.kms.katalon.core.main.ScriptEngine.run(ScriptEngine.java:194)
	at com.kms.katalon.core.main.ScriptEngine.runScriptAsRawText(ScriptEngine.java:119)
	at com.kms.katalon.core.main.TestCaseExecutor.runScript(TestCaseExecutor.java:448)
	at com.kms.katalon.core.main.TestCaseExecutor.doExecute(TestCaseExecutor.java:439)
	at com.kms.katalon.core.main.TestCaseExecutor.processExecutionPhase(TestCaseExecutor.java:418)
	at com.kms.katalon.core.main.TestCaseExecutor.accessMainPhase(TestCaseExecutor.java:410)
	at com.kms.katalon.core.main.TestCaseExecutor.execute(TestCaseExecutor.java:285)
	at com.kms.katalon.core.common.CommonExecutor.accessTestCaseMainPhase(CommonExecutor.java:65)
	at com.kms.katalon.core.main.TestSuiteExecutor.accessTestSuiteMainPhase(TestSuiteExecutor.java:148)
	at com.kms.katalon.core.main.TestSuiteExecutor.execute(TestSuiteExecutor.java:106)
	at com.kms.katalon.core.main.TestCaseMain.startTestSuite(TestCaseMain.java:187)
	at com.kms.katalon.core.main.TestCaseMain$startTestSuite$0.call(Unknown Source)
	at TempTestSuite1690305056046.run(TempTestSuite1690305056046.groovy:36)
"/>
         <system-out><![CDATA[2023-07-25 12:15:30 - [TEST_CASE][FAILED] - Test Cases/Parte1/Agregar contacto/agregar: Test Cases/Parte1/Agregar contacto/agregar FAILED.
Reason:
com.kms.katalon.core.exception.StepFailedException: Object Object Repository/Parte1/agregar/android.widget.Button - AGREGAR not found
	at com.kms.katalon.core.keyword.internal.KeywordMain.stepFailed(KeywordMain.groovy:51)
	at com.kms.katalon.core.mobile.keyword.internal.MobileKeywordMain.stepFailed(MobileKeywordMain.groovy:40)
	at com.kms.katalon.core.mobile.keyword.builtin.TapKeyword$_tap_closure1.doCall(TapKeyword.groovy:79)
	at com.kms.katalon.core.mobile.keyword.builtin.TapKeyword$_tap_closure1.call(TapKeyword.groovy)
	at com.kms.katalon.core.mobile.keyword.internal.MobileKeywordMain.runKeyword(MobileKeywordMain.groovy:21)
	at com.kms.katalon.core.mobile.keyword.builtin.TapKeyword.tap(TapKeyword.groovy:84)
	at com.kms.katalon.core.mobile.keyword.builtin.TapKeyword.execute(TapKeyword.groovy:68)
	at com.kms.katalon.core.keyword.internal.KeywordExecutor.executeKeywordForPlatform(KeywordExecutor.groovy:74)
	at com.kms.katalon.core.mobile.keyword.MobileBuiltInKeywords.tap(MobileBuiltInKeywords.groovy:1490)
	at com.kms.katalon.core.mobile.keyword.MobileBuiltInKeywords$tap$1.call(Unknown Source)
	at agregar.run(agregar:29)
	at com.kms.katalon.core.main.ScriptEngine.run(ScriptEngine.java:194)
	at com.kms.katalon.core.main.ScriptEngine.runScriptAsRawText(ScriptEngine.java:119)
	at com.kms.katalon.core.main.TestCaseExecutor.runScript(TestCaseExecutor.java:448)
	at com.kms.katalon.core.main.TestCaseExecutor.doExecute(TestCaseExecutor.java:439)
	at com.kms.katalon.core.main.TestCaseExecutor.processExecutionPhase(TestCaseExecutor.java:418)
	at com.kms.katalon.core.main.TestCaseExecutor.accessMainPhase(TestCaseExecutor.java:410)
	at com.kms.katalon.core.main.TestCaseExecutor.execute(TestCaseExecutor.java:285)
	at com.kms.katalon.core.common.CommonExecutor.accessTestCaseMainPhase(CommonExecutor.java:65)
	at com.kms.katalon.core.main.TestSuiteExecutor.accessTestSuiteMainPhase(TestSuiteExecutor.java:148)
	at com.kms.katalon.core.main.TestSuiteExecutor.execute(TestSuiteExecutor.java:106)
	at com.kms.katalon.core.main.TestCaseMain.startTestSuite(TestCaseMain.java:187)
	at com.kms.katalon.core.main.TestCaseMain$startTestSuite$0.call(Unknown Source)
	at TempTestSuite1690305056046.run(TempTestSuite1690305056046.groovy:36)


2023-07-25 12:15:30 - [TEST_STEP][PASSED] - delay(2, CONTINUE_ON_FAILURE): Delayed 2 second(s)

2023-07-25 12:15:32 - [MESSAGE][PASSED] - Delayed 2 second(s)

2023-07-25 12:15:32 - [TEST_STEP][PASSED] - tap(findTestObject("Object Repository/Parte1/agregar/android.widget.ImageView"), 1): Tapped on element 'Object Repository/Parte1/agregar/android.widget.ImageView'

2023-07-25 12:15:32 - [MESSAGE][PASSED] - Tapped on element 'Object Repository/Parte1/agregar/android.widget.ImageView'

2023-07-25 12:15:32 - [TEST_STEP][PASSED] - tap(findTestObject("Object Repository/Parte1/agregar/android.widget.Button - Agregar contactos"), 1): Tapped on element 'Object Repository/Parte1/agregar/android.widget.Button - Agregar contactos'

2023-07-25 12:15:34 - [MESSAGE][PASSED] - Tapped on element 'Object Repository/Parte1/agregar/android.widget.Button - Agregar contactos'

2023-07-25 12:15:34 - [TEST_STEP][PASSED] - setText(findTestObject("Object Repository/Parte1/agregar/android.widget.EditText - Busca por apodo"), "prueba3217", 1): Text 'prueba3217' has been set to element 'Object Repository/Parte1/agregar/android.widget.EditText - Busca por apodo'

2023-07-25 12:15:37 - [MESSAGE][PASSED] - Text 'prueba3217' has been set to element 'Object Repository/Parte1/agregar/android.widget.EditText - Busca por apodo'

2023-07-25 12:15:37 - [TEST_STEP][FAILED] - tap(findTestObject("Object Repository/Parte1/agregar/android.widget.Button - AGREGAR"), 1): Failed to tap on element 'Object Repository/Parte1/agregar/android.widget.Button - AGREGAR' (Root cause: com.kms.katalon.core.exception.StepFailedException: Object Object Repository/Parte1/agregar/android.widget.Button - AGREGAR not found
	at com.kms.katalon.core.keyword.internal.KeywordMain.stepFailed(KeywordMain.groovy:51)
	at com.kms.katalon.core.mobile.keyword.internal.MobileKeywordMain.stepFailed(MobileKeywordMain.groovy:40)
	at com.kms.katalon.core.mobile.keyword.builtin.TapKeyword$_tap_closure1.doCall(TapKeyword.groovy:79)
	at com.kms.katalon.core.mobile.keyword.builtin.TapKeyword$_tap_closure1.call(TapKeyword.groovy)
	at com.kms.katalon.core.mobile.keyword.internal.MobileKeywordMain.runKeyword(MobileKeywordMain.groovy:21)
	at com.kms.katalon.core.mobile.keyword.builtin.TapKeyword.tap(TapKeyword.groovy:84)
	at com.kms.katalon.core.mobile.keyword.builtin.TapKeyword.execute(TapKeyword.groovy:68)
	at com.kms.katalon.core.keyword.internal.KeywordExecutor.executeKeywordForPlatform(KeywordExecutor.groovy:74)
	at com.kms.katalon.core.mobile.keyword.MobileBuiltInKeywords.tap(MobileBuiltInKeywords.groovy:1490)
	at com.kms.katalon.core.mobile.keyword.MobileBuiltInKeywords$tap$1.call(Unknown Source)
	at agregar.run(agregar:29)
	at com.kms.katalon.core.main.ScriptEngine.run(ScriptEngine.java:194)
	at com.kms.katalon.core.main.ScriptEngine.runScriptAsRawText(ScriptEngine.java:119)
	at com.kms.katalon.core.main.TestCaseExecutor.runScript(TestCaseExecutor.java:448)
	at com.kms.katalon.core.main.TestCaseExecutor.doExecute(TestCaseExecutor.java:439)
	at com.kms.katalon.core.main.TestCaseExecutor.processExecutionPhase(TestCaseExecutor.java:418)
	at com.kms.katalon.core.main.TestCaseExecutor.accessMainPhase(TestCaseExecutor.java:410)
	at com.kms.katalon.core.main.TestCaseExecutor.execute(TestCaseExecutor.java:285)
	at com.kms.katalon.core.common.CommonExecutor.accessTestCaseMainPhase(CommonExecutor.java:65)
	at com.kms.katalon.core.main.TestSuiteExecutor.accessTestSuiteMainPhase(TestSuiteExecutor.java:148)
	at com.kms.katalon.core.main.TestSuiteExecutor.execute(TestSuiteExecutor.java:106)
	at com.kms.katalon.core.main.TestCaseMain.startTestSuite(TestCaseMain.java:187)
	at com.kms.katalon.core.main.TestCaseMain$startTestSuite$0.call(Unknown Source)
	at TempTestSuite1690305056046.run(TempTestSuite1690305056046.groovy:36)
)

2023-07-25 12:15:38 - [MESSAGE][FAILED] - Object Object Repository/Parte1/agregar/android.widget.Button - AGREGAR not found

2023-07-25 12:15:39 - [MESSAGE][FAILED] - Failed to tap on element 'Object Repository/Parte1/agregar/android.widget.Button - AGREGAR' (Root cause: com.kms.katalon.core.exception.StepFailedException: Object Object Repository/Parte1/agregar/android.widget.Button - AGREGAR not found
	at com.kms.katalon.core.keyword.internal.KeywordMain.stepFailed(KeywordMain.groovy:51)
	at com.kms.katalon.core.mobile.keyword.internal.MobileKeywordMain.stepFailed(MobileKeywordMain.groovy:40)
	at com.kms.katalon.core.mobile.keyword.builtin.TapKeyword$_tap_closure1.doCall(TapKeyword.groovy:79)
	at com.kms.katalon.core.mobile.keyword.builtin.TapKeyword$_tap_closure1.call(TapKeyword.groovy)
	at com.kms.katalon.core.mobile.keyword.internal.MobileKeywordMain.runKeyword(MobileKeywordMain.groovy:21)
	at com.kms.katalon.core.mobile.keyword.builtin.TapKeyword.tap(TapKeyword.groovy:84)
	at com.kms.katalon.core.mobile.keyword.builtin.TapKeyword.execute(TapKeyword.groovy:68)
	at com.kms.katalon.core.keyword.internal.KeywordExecutor.executeKeywordForPlatform(KeywordExecutor.groovy:74)
	at com.kms.katalon.core.mobile.keyword.MobileBuiltInKeywords.tap(MobileBuiltInKeywords.groovy:1490)
	at com.kms.katalon.core.mobile.keyword.MobileBuiltInKeywords$tap$1.call(Unknown Source)
	at agregar.run(agregar:29)
	at com.kms.katalon.core.main.ScriptEngine.run(ScriptEngine.java:194)
	at com.kms.katalon.core.main.ScriptEngine.runScriptAsRawText(ScriptEngine.java:119)
	at com.kms.katalon.core.main.TestCaseExecutor.runScript(TestCaseExecutor.java:448)
	at com.kms.katalon.core.main.TestCaseExecutor.doExecute(TestCaseExecutor.java:439)
	at com.kms.katalon.core.main.TestCaseExecutor.processExecutionPhase(TestCaseExecutor.java:418)
	at com.kms.katalon.core.main.TestCaseExecutor.accessMainPhase(TestCaseExecutor.java:410)
	at com.kms.katalon.core.main.TestCaseExecutor.execute(TestCaseExecutor.java:285)
	at com.kms.katalon.core.common.CommonExecutor.accessTestCaseMainPhase(CommonExecutor.java:65)
	at com.kms.katalon.core.main.TestSuiteExecutor.accessTestSuiteMainPhase(TestSuiteExecutor.java:148)
	at com.kms.katalon.core.main.TestSuiteExecutor.execute(TestSuiteExecutor.java:106)
	at com.kms.katalon.core.main.TestCaseMain.startTestSuite(TestCaseMain.java:187)
	at com.kms.katalon.core.main.TestCaseMain$startTestSuite$0.call(Unknown Source)
	at TempTestSuite1690305056046.run(TempTestSuite1690305056046.groovy:36)
)
[[ATTACHMENT|C:\\Users\\Testing\\Katalon Studio\\NN_Version2\\Reports\\20230725_121056\\Integracion parte1 y parte 2\\20230725_121056\\1690305338796.png]]]]></system-out>
         <system-err><![CDATA[2023-07-25 12:15:30 - [TEST_CASE][FAILED] - Test Cases/Parte1/Agregar contacto/agregar: Test Cases/Parte1/Agregar contacto/agregar FAILED.
Reason:
com.kms.katalon.core.exception.StepFailedException: Object Object Repository/Parte1/agregar/android.widget.Button - AGREGAR not found
	at com.kms.katalon.core.keyword.internal.KeywordMain.stepFailed(KeywordMain.groovy:51)
	at com.kms.katalon.core.mobile.keyword.internal.MobileKeywordMain.stepFailed(MobileKeywordMain.groovy:40)
	at com.kms.katalon.core.mobile.keyword.builtin.TapKeyword$_tap_closure1.doCall(TapKeyword.groovy:79)
	at com.kms.katalon.core.mobile.keyword.builtin.TapKeyword$_tap_closure1.call(TapKeyword.groovy)
	at com.kms.katalon.core.mobile.keyword.internal.MobileKeywordMain.runKeyword(MobileKeywordMain.groovy:21)
	at com.kms.katalon.core.mobile.keyword.builtin.TapKeyword.tap(TapKeyword.groovy:84)
	at com.kms.katalon.core.mobile.keyword.builtin.TapKeyword.execute(TapKeyword.groovy:68)
	at com.kms.katalon.core.keyword.internal.KeywordExecutor.executeKeywordForPlatform(KeywordExecutor.groovy:74)
	at com.kms.katalon.core.mobile.keyword.MobileBuiltInKeywords.tap(MobileBuiltInKeywords.groovy:1490)
	at com.kms.katalon.core.mobile.keyword.MobileBuiltInKeywords$tap$1.call(Unknown Source)
	at agregar.run(agregar:29)
	at com.kms.katalon.core.main.ScriptEngine.run(ScriptEngine.java:194)
	at com.kms.katalon.core.main.ScriptEngine.runScriptAsRawText(ScriptEngine.java:119)
	at com.kms.katalon.core.main.TestCaseExecutor.runScript(TestCaseExecutor.java:448)
	at com.kms.katalon.core.main.TestCaseExecutor.doExecute(TestCaseExecutor.java:439)
	at com.kms.katalon.core.main.TestCaseExecutor.processExecutionPhase(TestCaseExecutor.java:418)
	at com.kms.katalon.core.main.TestCaseExecutor.accessMainPhase(TestCaseExecutor.java:410)
	at com.kms.katalon.core.main.TestCaseExecutor.execute(TestCaseExecutor.java:285)
	at com.kms.katalon.core.common.CommonExecutor.accessTestCaseMainPhase(CommonExecutor.java:65)
	at com.kms.katalon.core.main.TestSuiteExecutor.accessTestSuiteMainPhase(TestSuiteExecutor.java:148)
	at com.kms.katalon.core.main.TestSuiteExecutor.execute(TestSuiteExecutor.java:106)
	at com.kms.katalon.core.main.TestCaseMain.startTestSuite(TestCaseMain.java:187)
	at com.kms.katalon.core.main.TestCaseMain$startTestSuite$0.call(Unknown Source)
	at TempTestSuite1690305056046.run(TempTestSuite1690305056046.groovy:36)]]></system-err>
      </testcase>
      <testcase name="Test Cases/Parte1/Envio de mensajes/CPN40" time="101.073" classname="Test Cases/Parte1/Envio de mensajes/CPN40" status="FAILED">
         <failure type="FAILED" message="Test Cases/Parte1/Envio de mensajes/CPN40 FAILED.
Reason:
com.kms.katalon.core.exception.StepFailedException: Object Object Repository/Parte1/Envio de mensajes/CPN40/android.widget.FrameLayout not found
	at com.kms.katalon.core.keyword.internal.KeywordMain.stepFailed(KeywordMain.groovy:51)
	at com.kms.katalon.core.mobile.keyword.internal.MobileKeywordMain.stepFailed(MobileKeywordMain.groovy:40)
	at com.kms.katalon.core.mobile.keyword.builtin.TapKeyword$_tap_closure1.doCall(TapKeyword.groovy:79)
	at com.kms.katalon.core.mobile.keyword.builtin.TapKeyword$_tap_closure1.call(TapKeyword.groovy)
	at com.kms.katalon.core.mobile.keyword.internal.MobileKeywordMain.runKeyword(MobileKeywordMain.groovy:21)
	at com.kms.katalon.core.mobile.keyword.builtin.TapKeyword.tap(TapKeyword.groovy:84)
	at com.kms.katalon.core.mobile.keyword.builtin.TapKeyword.execute(TapKeyword.groovy:68)
	at com.kms.katalon.core.keyword.internal.KeywordExecutor.executeKeywordForPlatform(KeywordExecutor.groovy:74)
	at com.kms.katalon.core.mobile.keyword.MobileBuiltInKeywords.tap(MobileBuiltInKeywords.groovy:1490)
	at com.kms.katalon.core.mobile.keyword.MobileBuiltInKeywords$tap$1.call(Unknown Source)
	at CPN40.run(CPN40:20)
	at com.kms.katalon.core.main.ScriptEngine.run(ScriptEngine.java:194)
	at com.kms.katalon.core.main.ScriptEngine.runScriptAsRawText(ScriptEngine.java:119)
	at com.kms.katalon.core.main.TestCaseExecutor.runScript(TestCaseExecutor.java:448)
	at com.kms.katalon.core.main.TestCaseExecutor.doExecute(TestCaseExecutor.java:439)
	at com.kms.katalon.core.main.TestCaseExecutor.processExecutionPhase(TestCaseExecutor.java:418)
	at com.kms.katalon.core.main.TestCaseExecutor.accessMainPhase(TestCaseExecutor.java:410)
	at com.kms.katalon.core.main.TestCaseExecutor.execute(TestCaseExecutor.java:285)
	at com.kms.katalon.core.common.CommonExecutor.accessTestCaseMainPhase(CommonExecutor.java:65)
	at com.kms.katalon.core.main.TestSuiteExecutor.accessTestSuiteMainPhase(TestSuiteExecutor.java:148)
	at com.kms.katalon.core.main.TestSuiteExecutor.execute(TestSuiteExecutor.java:106)
	at com.kms.katalon.core.main.TestCaseMain.startTestSuite(TestCaseMain.java:187)
	at com.kms.katalon.core.main.TestCaseMain$startTestSuite$0.call(Unknown Source)
	at TempTestSuite1690305056046.run(TempTestSuite1690305056046.groovy:36)
"/>
         <system-out><![CDATA[2023-07-25 12:15:39 - [TEST_CASE][FAILED] - Test Cases/Parte1/Envio de mensajes/CPN40: Test Cases/Parte1/Envio de mensajes/CPN40 FAILED.
Reason:
com.kms.katalon.core.exception.StepFailedException: Object Object Repository/Parte1/Envio de mensajes/CPN40/android.widget.FrameLayout not found
	at com.kms.katalon.core.keyword.internal.KeywordMain.stepFailed(KeywordMain.groovy:51)
	at com.kms.katalon.core.mobile.keyword.internal.MobileKeywordMain.stepFailed(MobileKeywordMain.groovy:40)
	at com.kms.katalon.core.mobile.keyword.builtin.TapKeyword$_tap_closure1.doCall(TapKeyword.groovy:79)
	at com.kms.katalon.core.mobile.keyword.builtin.TapKeyword$_tap_closure1.call(TapKeyword.groovy)
	at com.kms.katalon.core.mobile.keyword.internal.MobileKeywordMain.runKeyword(MobileKeywordMain.groovy:21)
	at com.kms.katalon.core.mobile.keyword.builtin.TapKeyword.tap(TapKeyword.groovy:84)
	at com.kms.katalon.core.mobile.keyword.builtin.TapKeyword.execute(TapKeyword.groovy:68)
	at com.kms.katalon.core.keyword.internal.KeywordExecutor.executeKeywordForPlatform(KeywordExecutor.groovy:74)
	at com.kms.katalon.core.mobile.keyword.MobileBuiltInKeywords.tap(MobileBuiltInKeywords.groovy:1490)
	at com.kms.katalon.core.mobile.keyword.MobileBuiltInKeywords$tap$1.call(Unknown Source)
	at CPN40.run(CPN40:20)
	at com.kms.katalon.core.main.ScriptEngine.run(ScriptEngine.java:194)
	at com.kms.katalon.core.main.ScriptEngine.runScriptAsRawText(ScriptEngine.java:119)
	at com.kms.katalon.core.main.TestCaseExecutor.runScript(TestCaseExecutor.java:448)
	at com.kms.katalon.core.main.TestCaseExecutor.doExecute(TestCaseExecutor.java:439)
	at com.kms.katalon.core.main.TestCaseExecutor.processExecutionPhase(TestCaseExecutor.java:418)
	at com.kms.katalon.core.main.TestCaseExecutor.accessMainPhase(TestCaseExecutor.java:410)
	at com.kms.katalon.core.main.TestCaseExecutor.execute(TestCaseExecutor.java:285)
	at com.kms.katalon.core.common.CommonExecutor.accessTestCaseMainPhase(CommonExecutor.java:65)
	at com.kms.katalon.core.main.TestSuiteExecutor.accessTestSuiteMainPhase(TestSuiteExecutor.java:148)
	at com.kms.katalon.core.main.TestSuiteExecutor.execute(TestSuiteExecutor.java:106)
	at com.kms.katalon.core.main.TestCaseMain.startTestSuite(TestCaseMain.java:187)
	at com.kms.katalon.core.main.TestCaseMain$startTestSuite$0.call(Unknown Source)
	at TempTestSuite1690305056046.run(TempTestSuite1690305056046.groovy:36)


2023-07-25 12:15:40 - [TEST_STEP][FAILED] - tap(findTestObject("Parte1/Envio de mensajes/CPN40/android.widget.FrameLayout"), 100): Failed to tap on element 'Object Repository/Parte1/Envio de mensajes/CPN40/android.widget.FrameLayout' (Root cause: com.kms.katalon.core.exception.StepFailedException: Object Object Repository/Parte1/Envio de mensajes/CPN40/android.widget.FrameLayout not found
	at com.kms.katalon.core.keyword.internal.KeywordMain.stepFailed(KeywordMain.groovy:51)
	at com.kms.katalon.core.mobile.keyword.internal.MobileKeywordMain.stepFailed(MobileKeywordMain.groovy:40)
	at com.kms.katalon.core.mobile.keyword.builtin.TapKeyword$_tap_closure1.doCall(TapKeyword.groovy:79)
	at com.kms.katalon.core.mobile.keyword.builtin.TapKeyword$_tap_closure1.call(TapKeyword.groovy)
	at com.kms.katalon.core.mobile.keyword.internal.MobileKeywordMain.runKeyword(MobileKeywordMain.groovy:21)
	at com.kms.katalon.core.mobile.keyword.builtin.TapKeyword.tap(TapKeyword.groovy:84)
	at com.kms.katalon.core.mobile.keyword.builtin.TapKeyword.execute(TapKeyword.groovy:68)
	at com.kms.katalon.core.keyword.internal.KeywordExecutor.executeKeywordForPlatform(KeywordExecutor.groovy:74)
	at com.kms.katalon.core.mobile.keyword.MobileBuiltInKeywords.tap(MobileBuiltInKeywords.groovy:1490)
	at com.kms.katalon.core.mobile.keyword.MobileBuiltInKeywords$tap$1.call(Unknown Source)
	at CPN40.run(CPN40:20)
	at com.kms.katalon.core.main.ScriptEngine.run(ScriptEngine.java:194)
	at com.kms.katalon.core.main.ScriptEngine.runScriptAsRawText(ScriptEngine.java:119)
	at com.kms.katalon.core.main.TestCaseExecutor.runScript(TestCaseExecutor.java:448)
	at com.kms.katalon.core.main.TestCaseExecutor.doExecute(TestCaseExecutor.java:439)
	at com.kms.katalon.core.main.TestCaseExecutor.processExecutionPhase(TestCaseExecutor.java:418)
	at com.kms.katalon.core.main.TestCaseExecutor.accessMainPhase(TestCaseExecutor.java:410)
	at com.kms.katalon.core.main.TestCaseExecutor.execute(TestCaseExecutor.java:285)
	at com.kms.katalon.core.common.CommonExecutor.accessTestCaseMainPhase(CommonExecutor.java:65)
	at com.kms.katalon.core.main.TestSuiteExecutor.accessTestSuiteMainPhase(TestSuiteExecutor.java:148)
	at com.kms.katalon.core.main.TestSuiteExecutor.execute(TestSuiteExecutor.java:106)
	at com.kms.katalon.core.main.TestCaseMain.startTestSuite(TestCaseMain.java:187)
	at com.kms.katalon.core.main.TestCaseMain$startTestSuite$0.call(Unknown Source)
	at TempTestSuite1690305056046.run(TempTestSuite1690305056046.groovy:36)
)

2023-07-25 12:17:20 - [MESSAGE][FAILED] - Object Object Repository/Parte1/Envio de mensajes/CPN40/android.widget.FrameLayout not found

2023-07-25 12:17:20 - [MESSAGE][FAILED] - Failed to tap on element 'Object Repository/Parte1/Envio de mensajes/CPN40/android.widget.FrameLayout' (Root cause: com.kms.katalon.core.exception.StepFailedException: Object Object Repository/Parte1/Envio de mensajes/CPN40/android.widget.FrameLayout not found
	at com.kms.katalon.core.keyword.internal.KeywordMain.stepFailed(KeywordMain.groovy:51)
	at com.kms.katalon.core.mobile.keyword.internal.MobileKeywordMain.stepFailed(MobileKeywordMain.groovy:40)
	at com.kms.katalon.core.mobile.keyword.builtin.TapKeyword$_tap_closure1.doCall(TapKeyword.groovy:79)
	at com.kms.katalon.core.mobile.keyword.builtin.TapKeyword$_tap_closure1.call(TapKeyword.groovy)
	at com.kms.katalon.core.mobile.keyword.internal.MobileKeywordMain.runKeyword(MobileKeywordMain.groovy:21)
	at com.kms.katalon.core.mobile.keyword.builtin.TapKeyword.tap(TapKeyword.groovy:84)
	at com.kms.katalon.core.mobile.keyword.builtin.TapKeyword.execute(TapKeyword.groovy:68)
	at com.kms.katalon.core.keyword.internal.KeywordExecutor.executeKeywordForPlatform(KeywordExecutor.groovy:74)
	at com.kms.katalon.core.mobile.keyword.MobileBuiltInKeywords.tap(MobileBuiltInKeywords.groovy:1490)
	at com.kms.katalon.core.mobile.keyword.MobileBuiltInKeywords$tap$1.call(Unknown Source)
	at CPN40.run(CPN40:20)
	at com.kms.katalon.core.main.ScriptEngine.run(ScriptEngine.java:194)
	at com.kms.katalon.core.main.ScriptEngine.runScriptAsRawText(ScriptEngine.java:119)
	at com.kms.katalon.core.main.TestCaseExecutor.runScript(TestCaseExecutor.java:448)
	at com.kms.katalon.core.main.TestCaseExecutor.doExecute(TestCaseExecutor.java:439)
	at com.kms.katalon.core.main.TestCaseExecutor.processExecutionPhase(TestCaseExecutor.java:418)
	at com.kms.katalon.core.main.TestCaseExecutor.accessMainPhase(TestCaseExecutor.java:410)
	at com.kms.katalon.core.main.TestCaseExecutor.execute(TestCaseExecutor.java:285)
	at com.kms.katalon.core.common.CommonExecutor.accessTestCaseMainPhase(CommonExecutor.java:65)
	at com.kms.katalon.core.main.TestSuiteExecutor.accessTestSuiteMainPhase(TestSuiteExecutor.java:148)
	at com.kms.katalon.core.main.TestSuiteExecutor.execute(TestSuiteExecutor.java:106)
	at com.kms.katalon.core.main.TestCaseMain.startTestSuite(TestCaseMain.java:187)
	at com.kms.katalon.core.main.TestCaseMain$startTestSuite$0.call(Unknown Source)
	at TempTestSuite1690305056046.run(TempTestSuite1690305056046.groovy:36)
)
[[ATTACHMENT|C:\\Users\\Testing\\Katalon Studio\\NN_Version2\\Reports\\20230725_121056\\Integracion parte1 y parte 2\\20230725_121056\\1690305440160.png]]]]></system-out>
         <system-err><![CDATA[2023-07-25 12:15:39 - [TEST_CASE][FAILED] - Test Cases/Parte1/Envio de mensajes/CPN40: Test Cases/Parte1/Envio de mensajes/CPN40 FAILED.
Reason:
com.kms.katalon.core.exception.StepFailedException: Object Object Repository/Parte1/Envio de mensajes/CPN40/android.widget.FrameLayout not found
	at com.kms.katalon.core.keyword.internal.KeywordMain.stepFailed(KeywordMain.groovy:51)
	at com.kms.katalon.core.mobile.keyword.internal.MobileKeywordMain.stepFailed(MobileKeywordMain.groovy:40)
	at com.kms.katalon.core.mobile.keyword.builtin.TapKeyword$_tap_closure1.doCall(TapKeyword.groovy:79)
	at com.kms.katalon.core.mobile.keyword.builtin.TapKeyword$_tap_closure1.call(TapKeyword.groovy)
	at com.kms.katalon.core.mobile.keyword.internal.MobileKeywordMain.runKeyword(MobileKeywordMain.groovy:21)
	at com.kms.katalon.core.mobile.keyword.builtin.TapKeyword.tap(TapKeyword.groovy:84)
	at com.kms.katalon.core.mobile.keyword.builtin.TapKeyword.execute(TapKeyword.groovy:68)
	at com.kms.katalon.core.keyword.internal.KeywordExecutor.executeKeywordForPlatform(KeywordExecutor.groovy:74)
	at com.kms.katalon.core.mobile.keyword.MobileBuiltInKeywords.tap(MobileBuiltInKeywords.groovy:1490)
	at com.kms.katalon.core.mobile.keyword.MobileBuiltInKeywords$tap$1.call(Unknown Source)
	at CPN40.run(CPN40:20)
	at com.kms.katalon.core.main.ScriptEngine.run(ScriptEngine.java:194)
	at com.kms.katalon.core.main.ScriptEngine.runScriptAsRawText(ScriptEngine.java:119)
	at com.kms.katalon.core.main.TestCaseExecutor.runScript(TestCaseExecutor.java:448)
	at com.kms.katalon.core.main.TestCaseExecutor.doExecute(TestCaseExecutor.java:439)
	at com.kms.katalon.core.main.TestCaseExecutor.processExecutionPhase(TestCaseExecutor.java:418)
	at com.kms.katalon.core.main.TestCaseExecutor.accessMainPhase(TestCaseExecutor.java:410)
	at com.kms.katalon.core.main.TestCaseExecutor.execute(TestCaseExecutor.java:285)
	at com.kms.katalon.core.common.CommonExecutor.accessTestCaseMainPhase(CommonExecutor.java:65)
	at com.kms.katalon.core.main.TestSuiteExecutor.accessTestSuiteMainPhase(TestSuiteExecutor.java:148)
	at com.kms.katalon.core.main.TestSuiteExecutor.execute(TestSuiteExecutor.java:106)
	at com.kms.katalon.core.main.TestCaseMain.startTestSuite(TestCaseMain.java:187)
	at com.kms.katalon.core.main.TestCaseMain$startTestSuite$0.call(Unknown Source)
	at TempTestSuite1690305056046.run(TempTestSuite1690305056046.groovy:36)]]></system-err>
      </testcase>
      <testcase name="Test Cases/Parte1/Envio de mensajes/CPN76" time="16.644" classname="Test Cases/Parte1/Envio de mensajes/CPN76" status="FAILED">
         <failure type="FAILED" message="Test Cases/Parte1/Envio de mensajes/CPN76 FAILED.
Reason:
com.kms.katalon.core.exception.StepFailedException: Failed to tap on element 'Object Repository/Parte1/Envio de mensajes/CPN76/android.view.ViewGroup' (Root cause: org.openqa.selenium.StaleElementReferenceException: Cached elements 'By.xpath: //*[@class = 'android.view.ViewGroup' and @resource-id = 'com.naposystems.napoleonchat:id/constrainsLayout_conversation' and (@text = '' or . = '')]' do not exist in DOM anymore
For documentation on this error, please visit: https://www.seleniumhq.org/exceptions/stale_element_reference.html
Build info: version: '3.141.59', revision: 'e82be7d358', time: '2018-11-14T08:25:53'
System info: host: 'DESKTOP-OBIGNLU', ip: '192.168.1.2', os.name: 'Windows 10', os.arch: 'amd64', os.version: '10.0', java.version: '1.8.0_282'
Driver info: com.kms.katalon.core.appium.driver.SwipeableAndroidDriver
Capabilities {app: C:\Users\Testing\Desktop\ka..., appPackage: com.naposystems.napoleonchat, autoGrantPermissions: true, automationName: uiautomator2, chromedriverPort: 55294, databaseEnabled: false, desired: {app: C:\Users\Testing\Desktop\ka..., autoGrantPermissions: true, automationName: uiautomator2, chromedriverPort: 55294, deviceId: , deviceName: samsung SM-A107M (Android 11), fullReset: true, newCommandTimeout: 1800, noReset: false, platform: ANDROID, platformName: android, platformVersion: 11, systemPort: 55292, udid: R9WN40KBXDJ}, deviceApiLevel: 30, deviceId: , deviceManufacturer: samsung, deviceModel: SM-A107M, deviceName: R9WN40KBXDJ, deviceScreenDensity: 280, deviceScreenSize: 720x1520, deviceUDID: R9WN40KBXDJ, fullReset: true, javascriptEnabled: true, locationContextEnabled: false, networkConnectionEnabled: true, newCommandTimeout: 1800, noReset: false, pixelRatio: 1.75, platform: ANDROID, platformName: Android, platformVersion: 11, statBarHeight: 57, systemPort: 55292, takesScreenshot: true, udid: R9WN40KBXDJ, viewportRect: {height: 1324, left: 0, top: 57, width: 720}, warnings: {}, webStorageEnabled: false}
Session ID: ee6ddf3a-75f7-4361-b993-ea1175bf79ae
	at org.openqa.selenium.remote.http.W3CHttpResponseCodec.createException(W3CHttpResponseCodec.java:187)
	at org.openqa.selenium.remote.http.W3CHttpResponseCodec.decode(W3CHttpResponseCodec.java:122)
	at org.openqa.selenium.remote.http.W3CHttpResponseCodec.decode(W3CHttpResponseCodec.java:49)
	at org.openqa.selenium.remote.HttpCommandExecutor.execute(HttpCommandExecutor.java:158)
	at io.appium.java_client.remote.AppiumCommandExecutor.execute(AppiumCommandExecutor.java:239)
	at org.openqa.selenium.remote.RemoteWebDriver.execute(RemoteWebDriver.java:552)
	at io.appium.java_client.DefaultGenericMobileDriver.execute(DefaultGenericMobileDriver.java:42)
	at io.appium.java_client.AppiumDriver.execute(AppiumDriver.java:1)
	at io.appium.java_client.android.AndroidDriver.execute(AndroidDriver.java:1)
	at com.kms.katalon.core.appium.driver.SwipeableAndroidDriver.execute(SwipeableAndroidDriver.java:1)
	at org.openqa.selenium.remote.RemoteWebElement.execute(RemoteWebElement.java:285)
	at io.appium.java_client.DefaultGenericMobileElement.execute(DefaultGenericMobileElement.java:45)
	at io.appium.java_client.MobileElement.execute(MobileElement.java:1)
	at io.appium.java_client.android.AndroidElement.execute(AndroidElement.java:1)
	at org.openqa.selenium.remote.RemoteWebElement.getLocation(RemoteWebElement.java:337)
	at org.openqa.selenium.WebElement$getLocation.call(Unknown Source)
	at com.kms.katalon.core.mobile.keyword.internal.MobileAbstractKeyword.findElement(MobileAbstractKeyword.groovy:86)
	at com.kms.katalon.core.mobile.keyword.builtin.TapKeyword.access$1(TapKeyword.groovy)
	at com.kms.katalon.core.mobile.keyword.builtin.TapKeyword$_tap_closure1.doCall(TapKeyword.groovy:76)
	at com.kms.katalon.core.mobile.keyword.builtin.TapKeyword$_tap_closure1.call(TapKeyword.groovy)
	at com.kms.katalon.core.mobile.keyword.internal.MobileKeywordMain.runKeyword(MobileKeywordMain.groovy:21)
	at com.kms.katalon.core.mobile.keyword.builtin.TapKeyword.tap(TapKeyword.groovy:84)
	at com.kms.katalon.core.mobile.keyword.builtin.TapKeyword.execute(TapKeyword.groovy:68)
	at com.kms.katalon.core.keyword.internal.KeywordExecutor.executeKeywordForPlatform(KeywordExecutor.groovy:74)
	at com.kms.katalon.core.mobile.keyword.MobileBuiltInKeywords.tap(MobileBuiltInKeywords.groovy:1490)
	at com.kms.katalon.core.mobile.keyword.MobileBuiltInKeywords$tap$1.call(Unknown Source)
	at CPN76.run(CPN76:24)
	at com.kms.katalon.core.main.ScriptEngine.run(ScriptEngine.java:194)
	at com.kms.katalon.core.main.ScriptEngine.runScriptAsRawText(ScriptEngine.java:119)
	at com.kms.katalon.core.main.TestCaseExecutor.runScript(TestCaseExecutor.java:448)
	at com.kms.katalon.core.main.TestCaseExecutor.doExecute(TestCaseExecutor.java:439)
	at com.kms.katalon.core.main.TestCaseExecutor.processExecutionPhase(TestCaseExecutor.java:418)
	at com.kms.katalon.core.main.TestCaseExecutor.accessMainPhase(TestCaseExecutor.java:410)
	at com.kms.katalon.core.main.TestCaseExecutor.execute(TestCaseExecutor.java:285)
	at com.kms.katalon.core.common.CommonExecutor.accessTestCaseMainPhase(CommonExecutor.java:65)
	at com.kms.katalon.core.main.TestSuiteExecutor.accessTestSuiteMainPhase(TestSuiteExecutor.java:148)
	at com.kms.katalon.core.main.TestSuiteExecutor.execute(TestSuiteExecutor.java:106)
	at com.kms.katalon.core.main.TestCaseMain.startTestSuite(TestCaseMain.java:187)
	at com.kms.katalon.core.main.TestCaseMain$startTestSuite$0.call(Unknown Source)
	at TempTestSuite1690305056046.run(TempTestSuite1690305056046.groovy:36)
)
	at com.kms.katalon.core.keyword.internal.KeywordMain.stepFailed(KeywordMain.groovy:51)
	at com.kms.katalon.core.mobile.keyword.internal.MobileKeywordMain.stepFailed(MobileKeywordMain.groovy:40)
	at com.kms.katalon.core.mobile.keyword.internal.MobileKeywordMain.runKeyword(MobileKeywordMain.groovy:23)
	at com.kms.katalon.core.mobile.keyword.builtin.TapKeyword.tap(TapKeyword.groovy:84)
	at com.kms.katalon.core.mobile.keyword.builtin.TapKeyword.execute(TapKeyword.groovy:68)
	at com.kms.katalon.core.keyword.internal.KeywordExecutor.executeKeywordForPlatform(KeywordExecutor.groovy:74)
	at com.kms.katalon.core.mobile.keyword.MobileBuiltInKeywords.tap(MobileBuiltInKeywords.groovy:1490)
	at com.kms.katalon.core.mobile.keyword.MobileBuiltInKeywords$tap$1.call(Unknown Source)
	at CPN76.run(CPN76:24)
	at com.kms.katalon.core.main.ScriptEngine.run(ScriptEngine.java:194)
	at com.kms.katalon.core.main.ScriptEngine.runScriptAsRawText(ScriptEngine.java:119)
	at com.kms.katalon.core.main.TestCaseExecutor.runScript(TestCaseExecutor.java:448)
	at com.kms.katalon.core.main.TestCaseExecutor.doExecute(TestCaseExecutor.java:439)
	at com.kms.katalon.core.main.TestCaseExecutor.processExecutionPhase(TestCaseExecutor.java:418)
	at com.kms.katalon.core.main.TestCaseExecutor.accessMainPhase(TestCaseExecutor.java:410)
	at com.kms.katalon.core.main.TestCaseExecutor.execute(TestCaseExecutor.java:285)
	at com.kms.katalon.core.common.CommonExecutor.accessTestCaseMainPhase(CommonExecutor.java:65)
	at com.kms.katalon.core.main.TestSuiteExecutor.accessTestSuiteMainPhase(TestSuiteExecutor.java:148)
	at com.kms.katalon.core.main.TestSuiteExecutor.execute(TestSuiteExecutor.java:106)
	at com.kms.katalon.core.main.TestCaseMain.startTestSuite(TestCaseMain.java:187)
	at com.kms.katalon.core.main.TestCaseMain$startTestSuite$0.call(Unknown Source)
	at TempTestSuite1690305056046.run(TempTestSuite1690305056046.groovy:36)
Caused by: org.openqa.selenium.StaleElementReferenceException: Cached elements 'By.xpath: //*[@class = 'android.view.ViewGroup' and @resource-id = 'com.naposystems.napoleonchat:id/constrainsLayout_conversation' and (@text = '' or . = '')]' do not exist in DOM anymore
For documentation on this error, please visit: https://www.seleniumhq.org/exceptions/stale_element_reference.html
Build info: version: '3.141.59', revision: 'e82be7d358', time: '2018-11-14T08:25:53'
System info: host: 'DESKTOP-OBIGNLU', ip: '192.168.1.2', os.name: 'Windows 10', os.arch: 'amd64', os.version: '10.0', java.version: '1.8.0_282'
Driver info: com.kms.katalon.core.appium.driver.SwipeableAndroidDriver
Capabilities {app: C:\Users\Testing\Desktop\ka..., appPackage: com.naposystems.napoleonchat, autoGrantPermissions: true, automationName: uiautomator2, chromedriverPort: 55294, databaseEnabled: false, desired: {app: C:\Users\Testing\Desktop\ka..., autoGrantPermissions: true, automationName: uiautomator2, chromedriverPort: 55294, deviceId: , deviceName: samsung SM-A107M (Android 11), fullReset: true, newCommandTimeout: 1800, noReset: false, platform: ANDROID, platformName: android, platformVersion: 11, systemPort: 55292, udid: R9WN40KBXDJ}, deviceApiLevel: 30, deviceId: , deviceManufacturer: samsung, deviceModel: SM-A107M, deviceName: R9WN40KBXDJ, deviceScreenDensity: 280, deviceScreenSize: 720x1520, deviceUDID: R9WN40KBXDJ, fullReset: true, javascriptEnabled: true, locationContextEnabled: false, networkConnectionEnabled: true, newCommandTimeout: 1800, noReset: false, pixelRatio: 1.75, platform: ANDROID, platformName: Android, platformVersion: 11, statBarHeight: 57, systemPort: 55292, takesScreenshot: true, udid: R9WN40KBXDJ, viewportRect: {height: 1324, left: 0, top: 57, width: 720}, warnings: {}, webStorageEnabled: false}
Session ID: ee6ddf3a-75f7-4361-b993-ea1175bf79ae
	at org.openqa.selenium.remote.http.W3CHttpResponseCodec.createException(W3CHttpResponseCodec.java:187)
	at org.openqa.selenium.remote.http.W3CHttpResponseCodec.decode(W3CHttpResponseCodec.java:122)
	at org.openqa.selenium.remote.http.W3CHttpResponseCodec.decode(W3CHttpResponseCodec.java:49)
	at org.openqa.selenium.remote.HttpCommandExecutor.execute(HttpCommandExecutor.java:158)
	at io.appium.java_client.remote.AppiumCommandExecutor.execute(AppiumCommandExecutor.java:239)
	at org.openqa.selenium.remote.RemoteWebDriver.execute(RemoteWebDriver.java:552)
	at io.appium.java_client.DefaultGenericMobileDriver.execute(DefaultGenericMobileDriver.java:42)
	at io.appium.java_client.AppiumDriver.execute(AppiumDriver.java:1)
	at io.appium.java_client.android.AndroidDriver.execute(AndroidDriver.java:1)
	at com.kms.katalon.core.appium.driver.SwipeableAndroidDriver.execute(SwipeableAndroidDriver.java:1)
	at org.openqa.selenium.remote.RemoteWebElement.execute(RemoteWebElement.java:285)
	at io.appium.java_client.DefaultGenericMobileElement.execute(DefaultGenericMobileElement.java:45)
	at io.appium.java_client.MobileElement.execute(MobileElement.java:1)
	at io.appium.java_client.android.AndroidElement.execute(AndroidElement.java:1)
	at org.openqa.selenium.remote.RemoteWebElement.getLocation(RemoteWebElement.java:337)
	at org.openqa.selenium.WebElement$getLocation.call(Unknown Source)
	at com.kms.katalon.core.mobile.keyword.internal.MobileAbstractKeyword.findElement(MobileAbstractKeyword.groovy:86)
	at com.kms.katalon.core.mobile.keyword.builtin.TapKeyword.access$1(TapKeyword.groovy)
	at com.kms.katalon.core.mobile.keyword.builtin.TapKeyword$_tap_closure1.doCall(TapKeyword.groovy:76)
	at com.kms.katalon.core.mobile.keyword.builtin.TapKeyword$_tap_closure1.call(TapKeyword.groovy)
	at com.kms.katalon.core.mobile.keyword.internal.MobileKeywordMain.runKeyword(MobileKeywordMain.groovy:21)
	... 19 more
"/>
         <system-out><![CDATA[2023-07-25 12:17:20 - [TEST_CASE][FAILED] - Test Cases/Parte1/Envio de mensajes/CPN76: Test Cases/Parte1/Envio de mensajes/CPN76 FAILED.
Reason:
com.kms.katalon.core.exception.StepFailedException: Failed to tap on element 'Object Repository/Parte1/Envio de mensajes/CPN76/android.view.ViewGroup' (Root cause: org.openqa.selenium.StaleElementReferenceException: Cached elements 'By.xpath: //*[@class = 'android.view.ViewGroup' and @resource-id = 'com.naposystems.napoleonchat:id/constrainsLayout_conversation' and (@text = '' or . = '')]' do not exist in DOM anymore
For documentation on this error, please visit: https://www.seleniumhq.org/exceptions/stale_element_reference.html
Build info: version: '3.141.59', revision: 'e82be7d358', time: '2018-11-14T08:25:53'
System info: host: 'DESKTOP-OBIGNLU', ip: '192.168.1.2', os.name: 'Windows 10', os.arch: 'amd64', os.version: '10.0', java.version: '1.8.0_282'
Driver info: com.kms.katalon.core.appium.driver.SwipeableAndroidDriver
Capabilities {app: C:\Users\Testing\Desktop\ka..., appPackage: com.naposystems.napoleonchat, autoGrantPermissions: true, automationName: uiautomator2, chromedriverPort: 55294, databaseEnabled: false, desired: {app: C:\Users\Testing\Desktop\ka..., autoGrantPermissions: true, automationName: uiautomator2, chromedriverPort: 55294, deviceId: , deviceName: samsung SM-A107M (Android 11), fullReset: true, newCommandTimeout: 1800, noReset: false, platform: ANDROID, platformName: android, platformVersion: 11, systemPort: 55292, udid: R9WN40KBXDJ}, deviceApiLevel: 30, deviceId: , deviceManufacturer: samsung, deviceModel: SM-A107M, deviceName: R9WN40KBXDJ, deviceScreenDensity: 280, deviceScreenSize: 720x1520, deviceUDID: R9WN40KBXDJ, fullReset: true, javascriptEnabled: true, locationContextEnabled: false, networkConnectionEnabled: true, newCommandTimeout: 1800, noReset: false, pixelRatio: 1.75, platform: ANDROID, platformName: Android, platformVersion: 11, statBarHeight: 57, systemPort: 55292, takesScreenshot: true, udid: R9WN40KBXDJ, viewportRect: {height: 1324, left: 0, top: 57, width: 720}, warnings: {}, webStorageEnabled: false}
Session ID: ee6ddf3a-75f7-4361-b993-ea1175bf79ae
	at org.openqa.selenium.remote.http.W3CHttpResponseCodec.createException(W3CHttpResponseCodec.java:187)
	at org.openqa.selenium.remote.http.W3CHttpResponseCodec.decode(W3CHttpResponseCodec.java:122)
	at org.openqa.selenium.remote.http.W3CHttpResponseCodec.decode(W3CHttpResponseCodec.java:49)
	at org.openqa.selenium.remote.HttpCommandExecutor.execute(HttpCommandExecutor.java:158)
	at io.appium.java_client.remote.AppiumCommandExecutor.execute(AppiumCommandExecutor.java:239)
	at org.openqa.selenium.remote.RemoteWebDriver.execute(RemoteWebDriver.java:552)
	at io.appium.java_client.DefaultGenericMobileDriver.execute(DefaultGenericMobileDriver.java:42)
	at io.appium.java_client.AppiumDriver.execute(AppiumDriver.java:1)
	at io.appium.java_client.android.AndroidDriver.execute(AndroidDriver.java:1)
	at com.kms.katalon.core.appium.driver.SwipeableAndroidDriver.execute(SwipeableAndroidDriver.java:1)
	at org.openqa.selenium.remote.RemoteWebElement.execute(RemoteWebElement.java:285)
	at io.appium.java_client.DefaultGenericMobileElement.execute(DefaultGenericMobileElement.java:45)
	at io.appium.java_client.MobileElement.execute(MobileElement.java:1)
	at io.appium.java_client.android.AndroidElement.execute(AndroidElement.java:1)
	at org.openqa.selenium.remote.RemoteWebElement.getLocation(RemoteWebElement.java:337)
	at org.openqa.selenium.WebElement$getLocation.call(Unknown Source)
	at com.kms.katalon.core.mobile.keyword.internal.MobileAbstractKeyword.findElement(MobileAbstractKeyword.groovy:86)
	at com.kms.katalon.core.mobile.keyword.builtin.TapKeyword.access$1(TapKeyword.groovy)
	at com.kms.katalon.core.mobile.keyword.builtin.TapKeyword$_tap_closure1.doCall(TapKeyword.groovy:76)
	at com.kms.katalon.core.mobile.keyword.builtin.TapKeyword$_tap_closure1.call(TapKeyword.groovy)
	at com.kms.katalon.core.mobile.keyword.internal.MobileKeywordMain.runKeyword(MobileKeywordMain.groovy:21)
	at com.kms.katalon.core.mobile.keyword.builtin.TapKeyword.tap(TapKeyword.groovy:84)
	at com.kms.katalon.core.mobile.keyword.builtin.TapKeyword.execute(TapKeyword.groovy:68)
	at com.kms.katalon.core.keyword.internal.KeywordExecutor.executeKeywordForPlatform(KeywordExecutor.groovy:74)
	at com.kms.katalon.core.mobile.keyword.MobileBuiltInKeywords.tap(MobileBuiltInKeywords.groovy:1490)
	at com.kms.katalon.core.mobile.keyword.MobileBuiltInKeywords$tap$1.call(Unknown Source)
	at CPN76.run(CPN76:24)
	at com.kms.katalon.core.main.ScriptEngine.run(ScriptEngine.java:194)
	at com.kms.katalon.core.main.ScriptEngine.runScriptAsRawText(ScriptEngine.java:119)
	at com.kms.katalon.core.main.TestCaseExecutor.runScript(TestCaseExecutor.java:448)
	at com.kms.katalon.core.main.TestCaseExecutor.doExecute(TestCaseExecutor.java:439)
	at com.kms.katalon.core.main.TestCaseExecutor.processExecutionPhase(TestCaseExecutor.java:418)
	at com.kms.katalon.core.main.TestCaseExecutor.accessMainPhase(TestCaseExecutor.java:410)
	at com.kms.katalon.core.main.TestCaseExecutor.execute(TestCaseExecutor.java:285)
	at com.kms.katalon.core.common.CommonExecutor.accessTestCaseMainPhase(CommonExecutor.java:65)
	at com.kms.katalon.core.main.TestSuiteExecutor.accessTestSuiteMainPhase(TestSuiteExecutor.java:148)
	at com.kms.katalon.core.main.TestSuiteExecutor.execute(TestSuiteExecutor.java:106)
	at com.kms.katalon.core.main.TestCaseMain.startTestSuite(TestCaseMain.java:187)
	at com.kms.katalon.core.main.TestCaseMain$startTestSuite$0.call(Unknown Source)
	at TempTestSuite1690305056046.run(TempTestSuite1690305056046.groovy:36)
)
	at com.kms.katalon.core.keyword.internal.KeywordMain.stepFailed(KeywordMain.groovy:51)
	at com.kms.katalon.core.mobile.keyword.internal.MobileKeywordMain.stepFailed(MobileKeywordMain.groovy:40)
	at com.kms.katalon.core.mobile.keyword.internal.MobileKeywordMain.runKeyword(MobileKeywordMain.groovy:23)
	at com.kms.katalon.core.mobile.keyword.builtin.TapKeyword.tap(TapKeyword.groovy:84)
	at com.kms.katalon.core.mobile.keyword.builtin.TapKeyword.execute(TapKeyword.groovy:68)
	at com.kms.katalon.core.keyword.internal.KeywordExecutor.executeKeywordForPlatform(KeywordExecutor.groovy:74)
	at com.kms.katalon.core.mobile.keyword.MobileBuiltInKeywords.tap(MobileBuiltInKeywords.groovy:1490)
	at com.kms.katalon.core.mobile.keyword.MobileBuiltInKeywords$tap$1.call(Unknown Source)
	at CPN76.run(CPN76:24)
	at com.kms.katalon.core.main.ScriptEngine.run(ScriptEngine.java:194)
	at com.kms.katalon.core.main.ScriptEngine.runScriptAsRawText(ScriptEngine.java:119)
	at com.kms.katalon.core.main.TestCaseExecutor.runScript(TestCaseExecutor.java:448)
	at com.kms.katalon.core.main.TestCaseExecutor.doExecute(TestCaseExecutor.java:439)
	at com.kms.katalon.core.main.TestCaseExecutor.processExecutionPhase(TestCaseExecutor.java:418)
	at com.kms.katalon.core.main.TestCaseExecutor.accessMainPhase(TestCaseExecutor.java:410)
	at com.kms.katalon.core.main.TestCaseExecutor.execute(TestCaseExecutor.java:285)
	at com.kms.katalon.core.common.CommonExecutor.accessTestCaseMainPhase(CommonExecutor.java:65)
	at com.kms.katalon.core.main.TestSuiteExecutor.accessTestSuiteMainPhase(TestSuiteExecutor.java:148)
	at com.kms.katalon.core.main.TestSuiteExecutor.execute(TestSuiteExecutor.java:106)
	at com.kms.katalon.core.main.TestCaseMain.startTestSuite(TestCaseMain.java:187)
	at com.kms.katalon.core.main.TestCaseMain$startTestSuite$0.call(Unknown Source)
	at TempTestSuite1690305056046.run(TempTestSuite1690305056046.groovy:36)
Caused by: org.openqa.selenium.StaleElementReferenceException: Cached elements 'By.xpath: //*[@class = 'android.view.ViewGroup' and @resource-id = 'com.naposystems.napoleonchat:id/constrainsLayout_conversation' and (@text = '' or . = '')]' do not exist in DOM anymore
For documentation on this error, please visit: https://www.seleniumhq.org/exceptions/stale_element_reference.html
Build info: version: '3.141.59', revision: 'e82be7d358', time: '2018-11-14T08:25:53'
System info: host: 'DESKTOP-OBIGNLU', ip: '192.168.1.2', os.name: 'Windows 10', os.arch: 'amd64', os.version: '10.0', java.version: '1.8.0_282'
Driver info: com.kms.katalon.core.appium.driver.SwipeableAndroidDriver
Capabilities {app: C:\Users\Testing\Desktop\ka..., appPackage: com.naposystems.napoleonchat, autoGrantPermissions: true, automationName: uiautomator2, chromedriverPort: 55294, databaseEnabled: false, desired: {app: C:\Users\Testing\Desktop\ka..., autoGrantPermissions: true, automationName: uiautomator2, chromedriverPort: 55294, deviceId: , deviceName: samsung SM-A107M (Android 11), fullReset: true, newCommandTimeout: 1800, noReset: false, platform: ANDROID, platformName: android, platformVersion: 11, systemPort: 55292, udid: R9WN40KBXDJ}, deviceApiLevel: 30, deviceId: , deviceManufacturer: samsung, deviceModel: SM-A107M, deviceName: R9WN40KBXDJ, deviceScreenDensity: 280, deviceScreenSize: 720x1520, deviceUDID: R9WN40KBXDJ, fullReset: true, javascriptEnabled: true, locationContextEnabled: false, networkConnectionEnabled: true, newCommandTimeout: 1800, noReset: false, pixelRatio: 1.75, platform: ANDROID, platformName: Android, platformVersion: 11, statBarHeight: 57, systemPort: 55292, takesScreenshot: true, udid: R9WN40KBXDJ, viewportRect: {height: 1324, left: 0, top: 57, width: 720}, warnings: {}, webStorageEnabled: false}
Session ID: ee6ddf3a-75f7-4361-b993-ea1175bf79ae
	at org.openqa.selenium.remote.http.W3CHttpResponseCodec.createException(W3CHttpResponseCodec.java:187)
	at org.openqa.selenium.remote.http.W3CHttpResponseCodec.decode(W3CHttpResponseCodec.java:122)
	at org.openqa.selenium.remote.http.W3CHttpResponseCodec.decode(W3CHttpResponseCodec.java:49)
	at org.openqa.selenium.remote.HttpCommandExecutor.execute(HttpCommandExecutor.java:158)
	at io.appium.java_client.remote.AppiumCommandExecutor.execute(AppiumCommandExecutor.java:239)
	at org.openqa.selenium.remote.RemoteWebDriver.execute(RemoteWebDriver.java:552)
	at io.appium.java_client.DefaultGenericMobileDriver.execute(DefaultGenericMobileDriver.java:42)
	at io.appium.java_client.AppiumDriver.execute(AppiumDriver.java:1)
	at io.appium.java_client.android.AndroidDriver.execute(AndroidDriver.java:1)
	at com.kms.katalon.core.appium.driver.SwipeableAndroidDriver.execute(SwipeableAndroidDriver.java:1)
	at org.openqa.selenium.remote.RemoteWebElement.execute(RemoteWebElement.java:285)
	at io.appium.java_client.DefaultGenericMobileElement.execute(DefaultGenericMobileElement.java:45)
	at io.appium.java_client.MobileElement.execute(MobileElement.java:1)
	at io.appium.java_client.android.AndroidElement.execute(AndroidElement.java:1)
	at org.openqa.selenium.remote.RemoteWebElement.getLocation(RemoteWebElement.java:337)
	at org.openqa.selenium.WebElement$getLocation.call(Unknown Source)
	at com.kms.katalon.core.mobile.keyword.internal.MobileAbstractKeyword.findElement(MobileAbstractKeyword.groovy:86)
	at com.kms.katalon.core.mobile.keyword.builtin.TapKeyword.access$1(TapKeyword.groovy)
	at com.kms.katalon.core.mobile.keyword.builtin.TapKeyword$_tap_closure1.doCall(TapKeyword.groovy:76)
	at com.kms.katalon.core.mobile.keyword.builtin.TapKeyword$_tap_closure1.call(TapKeyword.groovy)
	at com.kms.katalon.core.mobile.keyword.internal.MobileKeywordMain.runKeyword(MobileKeywordMain.groovy:21)
	... 19 more


2023-07-25 12:17:21 - [TEST_STEP][PASSED] - tap(findTestObject("Object Repository/Parte1/Envio de mensajes/CPN76/android.widget.FrameLayout"), 1): Tapped on element 'Object Repository/Parte1/Envio de mensajes/CPN76/android.widget.FrameLayout'

2023-07-25 12:17:21 - [MESSAGE][PASSED] - Tapped on element 'Object Repository/Parte1/Envio de mensajes/CPN76/android.widget.FrameLayout'

2023-07-25 12:17:21 - [TEST_STEP][PASSED] - delay(3, CONTINUE_ON_FAILURE): Delayed 3 second(s)

2023-07-25 12:17:24 - [MESSAGE][PASSED] - Delayed 3 second(s)

2023-07-25 12:17:24 - [TEST_STEP][FAILED] - tap(findTestObject("Parte1/Envio de mensajes/CPN76/android.view.ViewGroup"), 0): Failed to tap on element 'Object Repository/Parte1/Envio de mensajes/CPN76/android.view.ViewGroup' (Root cause: org.openqa.selenium.StaleElementReferenceException: Cached elements 'By.xpath: //*[@class = 'android.view.ViewGroup' and @resource-id = 'com.naposystems.napoleonchat:id/constrainsLayout_conversation' and (@text = '' or . = '')]' do not exist in DOM anymore
For documentation on this error, please visit: https://www.seleniumhq.org/exceptions/stale_element_reference.html
Build info: version: '3.141.59', revision: 'e82be7d358', time: '2018-11-14T08:25:53'
System info: host: 'DESKTOP-OBIGNLU', ip: '192.168.1.2', os.name: 'Windows 10', os.arch: 'amd64', os.version: '10.0', java.version: '1.8.0_282'
Driver info: com.kms.katalon.core.appium.driver.SwipeableAndroidDriver
Capabilities {app: C:\Users\Testing\Desktop\ka..., appPackage: com.naposystems.napoleonchat, autoGrantPermissions: true, automationName: uiautomator2, chromedriverPort: 55294, databaseEnabled: false, desired: {app: C:\Users\Testing\Desktop\ka..., autoGrantPermissions: true, automationName: uiautomator2, chromedriverPort: 55294, deviceId: , deviceName: samsung SM-A107M (Android 11), fullReset: true, newCommandTimeout: 1800, noReset: false, platform: ANDROID, platformName: android, platformVersion: 11, systemPort: 55292, udid: R9WN40KBXDJ}, deviceApiLevel: 30, deviceId: , deviceManufacturer: samsung, deviceModel: SM-A107M, deviceName: R9WN40KBXDJ, deviceScreenDensity: 280, deviceScreenSize: 720x1520, deviceUDID: R9WN40KBXDJ, fullReset: true, javascriptEnabled: true, locationContextEnabled: false, networkConnectionEnabled: true, newCommandTimeout: 1800, noReset: false, pixelRatio: 1.75, platform: ANDROID, platformName: Android, platformVersion: 11, statBarHeight: 57, systemPort: 55292, takesScreenshot: true, udid: R9WN40KBXDJ, viewportRect: {height: 1324, left: 0, top: 57, width: 720}, warnings: {}, webStorageEnabled: false}
Session ID: ee6ddf3a-75f7-4361-b993-ea1175bf79ae
	at org.openqa.selenium.remote.http.W3CHttpResponseCodec.createException(W3CHttpResponseCodec.java:187)
	at org.openqa.selenium.remote.http.W3CHttpResponseCodec.decode(W3CHttpResponseCodec.java:122)
	at org.openqa.selenium.remote.http.W3CHttpResponseCodec.decode(W3CHttpResponseCodec.java:49)
	at org.openqa.selenium.remote.HttpCommandExecutor.execute(HttpCommandExecutor.java:158)
	at io.appium.java_client.remote.AppiumCommandExecutor.execute(AppiumCommandExecutor.java:239)
	at org.openqa.selenium.remote.RemoteWebDriver.execute(RemoteWebDriver.java:552)
	at io.appium.java_client.DefaultGenericMobileDriver.execute(DefaultGenericMobileDriver.java:42)
	at io.appium.java_client.AppiumDriver.execute(AppiumDriver.java:1)
	at io.appium.java_client.android.AndroidDriver.execute(AndroidDriver.java:1)
	at com.kms.katalon.core.appium.driver.SwipeableAndroidDriver.execute(SwipeableAndroidDriver.java:1)
	at org.openqa.selenium.remote.RemoteWebElement.execute(RemoteWebElement.java:285)
	at io.appium.java_client.DefaultGenericMobileElement.execute(DefaultGenericMobileElement.java:45)
	at io.appium.java_client.MobileElement.execute(MobileElement.java:1)
	at io.appium.java_client.android.AndroidElement.execute(AndroidElement.java:1)
	at org.openqa.selenium.remote.RemoteWebElement.getLocation(RemoteWebElement.java:337)
	at org.openqa.selenium.WebElement$getLocation.call(Unknown Source)
	at com.kms.katalon.core.mobile.keyword.internal.MobileAbstractKeyword.findElement(MobileAbstractKeyword.groovy:86)
	at com.kms.katalon.core.mobile.keyword.builtin.TapKeyword.access$1(TapKeyword.groovy)
	at com.kms.katalon.core.mobile.keyword.builtin.TapKeyword$_tap_closure1.doCall(TapKeyword.groovy:76)
	at com.kms.katalon.core.mobile.keyword.builtin.TapKeyword$_tap_closure1.call(TapKeyword.groovy)
	at com.kms.katalon.core.mobile.keyword.internal.MobileKeywordMain.runKeyword(MobileKeywordMain.groovy:21)
	at com.kms.katalon.core.mobile.keyword.builtin.TapKeyword.tap(TapKeyword.groovy:84)
	at com.kms.katalon.core.mobile.keyword.builtin.TapKeyword.execute(TapKeyword.groovy:68)
	at com.kms.katalon.core.keyword.internal.KeywordExecutor.executeKeywordForPlatform(KeywordExecutor.groovy:74)
	at com.kms.katalon.core.mobile.keyword.MobileBuiltInKeywords.tap(MobileBuiltInKeywords.groovy:1490)
	at com.kms.katalon.core.mobile.keyword.MobileBuiltInKeywords$tap$1.call(Unknown Source)
	at CPN76.run(CPN76:24)
	at com.kms.katalon.core.main.ScriptEngine.run(ScriptEngine.java:194)
	at com.kms.katalon.core.main.ScriptEngine.runScriptAsRawText(ScriptEngine.java:119)
	at com.kms.katalon.core.main.TestCaseExecutor.runScript(TestCaseExecutor.java:448)
	at com.kms.katalon.core.main.TestCaseExecutor.doExecute(TestCaseExecutor.java:439)
	at com.kms.katalon.core.main.TestCaseExecutor.processExecutionPhase(TestCaseExecutor.java:418)
	at com.kms.katalon.core.main.TestCaseExecutor.accessMainPhase(TestCaseExecutor.java:410)
	at com.kms.katalon.core.main.TestCaseExecutor.execute(TestCaseExecutor.java:285)
	at com.kms.katalon.core.common.CommonExecutor.accessTestCaseMainPhase(CommonExecutor.java:65)
	at com.kms.katalon.core.main.TestSuiteExecutor.accessTestSuiteMainPhase(TestSuiteExecutor.java:148)
	at com.kms.katalon.core.main.TestSuiteExecutor.execute(TestSuiteExecutor.java:106)
	at com.kms.katalon.core.main.TestCaseMain.startTestSuite(TestCaseMain.java:187)
	at com.kms.katalon.core.main.TestCaseMain$startTestSuite$0.call(Unknown Source)
	at TempTestSuite1690305056046.run(TempTestSuite1690305056046.groovy:36)
)

2023-07-25 12:17:24 - [MESSAGE][WARNING] - Timeout '0' is invalid. Using default page load timeout: '30'

2023-07-25 12:17:37 - [MESSAGE][FAILED] - Failed to tap on element 'Object Repository/Parte1/Envio de mensajes/CPN76/android.view.ViewGroup' (Root cause: org.openqa.selenium.StaleElementReferenceException: Cached elements 'By.xpath: //*[@class = 'android.view.ViewGroup' and @resource-id = 'com.naposystems.napoleonchat:id/constrainsLayout_conversation' and (@text = '' or . = '')]' do not exist in DOM anymore
For documentation on this error, please visit: https://www.seleniumhq.org/exceptions/stale_element_reference.html
Build info: version: '3.141.59', revision: 'e82be7d358', time: '2018-11-14T08:25:53'
System info: host: 'DESKTOP-OBIGNLU', ip: '192.168.1.2', os.name: 'Windows 10', os.arch: 'amd64', os.version: '10.0', java.version: '1.8.0_282'
Driver info: com.kms.katalon.core.appium.driver.SwipeableAndroidDriver
Capabilities {app: C:\Users\Testing\Desktop\ka..., appPackage: com.naposystems.napoleonchat, autoGrantPermissions: true, automationName: uiautomator2, chromedriverPort: 55294, databaseEnabled: false, desired: {app: C:\Users\Testing\Desktop\ka..., autoGrantPermissions: true, automationName: uiautomator2, chromedriverPort: 55294, deviceId: , deviceName: samsung SM-A107M (Android 11), fullReset: true, newCommandTimeout: 1800, noReset: false, platform: ANDROID, platformName: android, platformVersion: 11, systemPort: 55292, udid: R9WN40KBXDJ}, deviceApiLevel: 30, deviceId: , deviceManufacturer: samsung, deviceModel: SM-A107M, deviceName: R9WN40KBXDJ, deviceScreenDensity: 280, deviceScreenSize: 720x1520, deviceUDID: R9WN40KBXDJ, fullReset: true, javascriptEnabled: true, locationContextEnabled: false, networkConnectionEnabled: true, newCommandTimeout: 1800, noReset: false, pixelRatio: 1.75, platform: ANDROID, platformName: Android, platformVersion: 11, statBarHeight: 57, systemPort: 55292, takesScreenshot: true, udid: R9WN40KBXDJ, viewportRect: {height: 1324, left: 0, top: 57, width: 720}, warnings: {}, webStorageEnabled: false}
Session ID: ee6ddf3a-75f7-4361-b993-ea1175bf79ae
	at org.openqa.selenium.remote.http.W3CHttpResponseCodec.createException(W3CHttpResponseCodec.java:187)
	at org.openqa.selenium.remote.http.W3CHttpResponseCodec.decode(W3CHttpResponseCodec.java:122)
	at org.openqa.selenium.remote.http.W3CHttpResponseCodec.decode(W3CHttpResponseCodec.java:49)
	at org.openqa.selenium.remote.HttpCommandExecutor.execute(HttpCommandExecutor.java:158)
	at io.appium.java_client.remote.AppiumCommandExecutor.execute(AppiumCommandExecutor.java:239)
	at org.openqa.selenium.remote.RemoteWebDriver.execute(RemoteWebDriver.java:552)
	at io.appium.java_client.DefaultGenericMobileDriver.execute(DefaultGenericMobileDriver.java:42)
	at io.appium.java_client.AppiumDriver.execute(AppiumDriver.java:1)
	at io.appium.java_client.android.AndroidDriver.execute(AndroidDriver.java:1)
	at com.kms.katalon.core.appium.driver.SwipeableAndroidDriver.execute(SwipeableAndroidDriver.java:1)
	at org.openqa.selenium.remote.RemoteWebElement.execute(RemoteWebElement.java:285)
	at io.appium.java_client.DefaultGenericMobileElement.execute(DefaultGenericMobileElement.java:45)
	at io.appium.java_client.MobileElement.execute(MobileElement.java:1)
	at io.appium.java_client.android.AndroidElement.execute(AndroidElement.java:1)
	at org.openqa.selenium.remote.RemoteWebElement.getLocation(RemoteWebElement.java:337)
	at org.openqa.selenium.WebElement$getLocation.call(Unknown Source)
	at com.kms.katalon.core.mobile.keyword.internal.MobileAbstractKeyword.findElement(MobileAbstractKeyword.groovy:86)
	at com.kms.katalon.core.mobile.keyword.builtin.TapKeyword.access$1(TapKeyword.groovy)
	at com.kms.katalon.core.mobile.keyword.builtin.TapKeyword$_tap_closure1.doCall(TapKeyword.groovy:76)
	at com.kms.katalon.core.mobile.keyword.builtin.TapKeyword$_tap_closure1.call(TapKeyword.groovy)
	at com.kms.katalon.core.mobile.keyword.internal.MobileKeywordMain.runKeyword(MobileKeywordMain.groovy:21)
	at com.kms.katalon.core.mobile.keyword.builtin.TapKeyword.tap(TapKeyword.groovy:84)
	at com.kms.katalon.core.mobile.keyword.builtin.TapKeyword.execute(TapKeyword.groovy:68)
	at com.kms.katalon.core.keyword.internal.KeywordExecutor.executeKeywordForPlatform(KeywordExecutor.groovy:74)
	at com.kms.katalon.core.mobile.keyword.MobileBuiltInKeywords.tap(MobileBuiltInKeywords.groovy:1490)
	at com.kms.katalon.core.mobile.keyword.MobileBuiltInKeywords$tap$1.call(Unknown Source)
	at CPN76.run(CPN76:24)
	at com.kms.katalon.core.main.ScriptEngine.run(ScriptEngine.java:194)
	at com.kms.katalon.core.main.ScriptEngine.runScriptAsRawText(ScriptEngine.java:119)
	at com.kms.katalon.core.main.TestCaseExecutor.runScript(TestCaseExecutor.java:448)
	at com.kms.katalon.core.main.TestCaseExecutor.doExecute(TestCaseExecutor.java:439)
	at com.kms.katalon.core.main.TestCaseExecutor.processExecutionPhase(TestCaseExecutor.java:418)
	at com.kms.katalon.core.main.TestCaseExecutor.accessMainPhase(TestCaseExecutor.java:410)
	at com.kms.katalon.core.main.TestCaseExecutor.execute(TestCaseExecutor.java:285)
	at com.kms.katalon.core.common.CommonExecutor.accessTestCaseMainPhase(CommonExecutor.java:65)
	at com.kms.katalon.core.main.TestSuiteExecutor.accessTestSuiteMainPhase(TestSuiteExecutor.java:148)
	at com.kms.katalon.core.main.TestSuiteExecutor.execute(TestSuiteExecutor.java:106)
	at com.kms.katalon.core.main.TestCaseMain.startTestSuite(TestCaseMain.java:187)
	at com.kms.katalon.core.main.TestCaseMain$startTestSuite$0.call(Unknown Source)
	at TempTestSuite1690305056046.run(TempTestSuite1690305056046.groovy:36)
)
[[ATTACHMENT|C:\\Users\\Testing\\Katalon Studio\\NN_Version2\\Reports\\20230725_121056\\Integracion parte1 y parte 2\\20230725_121056\\1690305456820.png]]]]></system-out>
         <system-err><![CDATA[2023-07-25 12:17:20 - [TEST_CASE][FAILED] - Test Cases/Parte1/Envio de mensajes/CPN76: Test Cases/Parte1/Envio de mensajes/CPN76 FAILED.
Reason:
com.kms.katalon.core.exception.StepFailedException: Failed to tap on element 'Object Repository/Parte1/Envio de mensajes/CPN76/android.view.ViewGroup' (Root cause: org.openqa.selenium.StaleElementReferenceException: Cached elements 'By.xpath: //*[@class = 'android.view.ViewGroup' and @resource-id = 'com.naposystems.napoleonchat:id/constrainsLayout_conversation' and (@text = '' or . = '')]' do not exist in DOM anymore
For documentation on this error, please visit: https://www.seleniumhq.org/exceptions/stale_element_reference.html
Build info: version: '3.141.59', revision: 'e82be7d358', time: '2018-11-14T08:25:53'
System info: host: 'DESKTOP-OBIGNLU', ip: '192.168.1.2', os.name: 'Windows 10', os.arch: 'amd64', os.version: '10.0', java.version: '1.8.0_282'
Driver info: com.kms.katalon.core.appium.driver.SwipeableAndroidDriver
Capabilities {app: C:\Users\Testing\Desktop\ka..., appPackage: com.naposystems.napoleonchat, autoGrantPermissions: true, automationName: uiautomator2, chromedriverPort: 55294, databaseEnabled: false, desired: {app: C:\Users\Testing\Desktop\ka..., autoGrantPermissions: true, automationName: uiautomator2, chromedriverPort: 55294, deviceId: , deviceName: samsung SM-A107M (Android 11), fullReset: true, newCommandTimeout: 1800, noReset: false, platform: ANDROID, platformName: android, platformVersion: 11, systemPort: 55292, udid: R9WN40KBXDJ}, deviceApiLevel: 30, deviceId: , deviceManufacturer: samsung, deviceModel: SM-A107M, deviceName: R9WN40KBXDJ, deviceScreenDensity: 280, deviceScreenSize: 720x1520, deviceUDID: R9WN40KBXDJ, fullReset: true, javascriptEnabled: true, locationContextEnabled: false, networkConnectionEnabled: true, newCommandTimeout: 1800, noReset: false, pixelRatio: 1.75, platform: ANDROID, platformName: Android, platformVersion: 11, statBarHeight: 57, systemPort: 55292, takesScreenshot: true, udid: R9WN40KBXDJ, viewportRect: {height: 1324, left: 0, top: 57, width: 720}, warnings: {}, webStorageEnabled: false}
Session ID: ee6ddf3a-75f7-4361-b993-ea1175bf79ae
	at org.openqa.selenium.remote.http.W3CHttpResponseCodec.createException(W3CHttpResponseCodec.java:187)
	at org.openqa.selenium.remote.http.W3CHttpResponseCodec.decode(W3CHttpResponseCodec.java:122)
	at org.openqa.selenium.remote.http.W3CHttpResponseCodec.decode(W3CHttpResponseCodec.java:49)
	at org.openqa.selenium.remote.HttpCommandExecutor.execute(HttpCommandExecutor.java:158)
	at io.appium.java_client.remote.AppiumCommandExecutor.execute(AppiumCommandExecutor.java:239)
	at org.openqa.selenium.remote.RemoteWebDriver.execute(RemoteWebDriver.java:552)
	at io.appium.java_client.DefaultGenericMobileDriver.execute(DefaultGenericMobileDriver.java:42)
	at io.appium.java_client.AppiumDriver.execute(AppiumDriver.java:1)
	at io.appium.java_client.android.AndroidDriver.execute(AndroidDriver.java:1)
	at com.kms.katalon.core.appium.driver.SwipeableAndroidDriver.execute(SwipeableAndroidDriver.java:1)
	at org.openqa.selenium.remote.RemoteWebElement.execute(RemoteWebElement.java:285)
	at io.appium.java_client.DefaultGenericMobileElement.execute(DefaultGenericMobileElement.java:45)
	at io.appium.java_client.MobileElement.execute(MobileElement.java:1)
	at io.appium.java_client.android.AndroidElement.execute(AndroidElement.java:1)
	at org.openqa.selenium.remote.RemoteWebElement.getLocation(RemoteWebElement.java:337)
	at org.openqa.selenium.WebElement$getLocation.call(Unknown Source)
	at com.kms.katalon.core.mobile.keyword.internal.MobileAbstractKeyword.findElement(MobileAbstractKeyword.groovy:86)
	at com.kms.katalon.core.mobile.keyword.builtin.TapKeyword.access$1(TapKeyword.groovy)
	at com.kms.katalon.core.mobile.keyword.builtin.TapKeyword$_tap_closure1.doCall(TapKeyword.groovy:76)
	at com.kms.katalon.core.mobile.keyword.builtin.TapKeyword$_tap_closure1.call(TapKeyword.groovy)
	at com.kms.katalon.core.mobile.keyword.internal.MobileKeywordMain.runKeyword(MobileKeywordMain.groovy:21)
	at com.kms.katalon.core.mobile.keyword.builtin.TapKeyword.tap(TapKeyword.groovy:84)
	at com.kms.katalon.core.mobile.keyword.builtin.TapKeyword.execute(TapKeyword.groovy:68)
	at com.kms.katalon.core.keyword.internal.KeywordExecutor.executeKeywordForPlatform(KeywordExecutor.groovy:74)
	at com.kms.katalon.core.mobile.keyword.MobileBuiltInKeywords.tap(MobileBuiltInKeywords.groovy:1490)
	at com.kms.katalon.core.mobile.keyword.MobileBuiltInKeywords$tap$1.call(Unknown Source)
	at CPN76.run(CPN76:24)
	at com.kms.katalon.core.main.ScriptEngine.run(ScriptEngine.java:194)
	at com.kms.katalon.core.main.ScriptEngine.runScriptAsRawText(ScriptEngine.java:119)
	at com.kms.katalon.core.main.TestCaseExecutor.runScript(TestCaseExecutor.java:448)
	at com.kms.katalon.core.main.TestCaseExecutor.doExecute(TestCaseExecutor.java:439)
	at com.kms.katalon.core.main.TestCaseExecutor.processExecutionPhase(TestCaseExecutor.java:418)
	at com.kms.katalon.core.main.TestCaseExecutor.accessMainPhase(TestCaseExecutor.java:410)
	at com.kms.katalon.core.main.TestCaseExecutor.execute(TestCaseExecutor.java:285)
	at com.kms.katalon.core.common.CommonExecutor.accessTestCaseMainPhase(CommonExecutor.java:65)
	at com.kms.katalon.core.main.TestSuiteExecutor.accessTestSuiteMainPhase(TestSuiteExecutor.java:148)
	at com.kms.katalon.core.main.TestSuiteExecutor.execute(TestSuiteExecutor.java:106)
	at com.kms.katalon.core.main.TestCaseMain.startTestSuite(TestCaseMain.java:187)
	at com.kms.katalon.core.main.TestCaseMain$startTestSuite$0.call(Unknown Source)
	at TempTestSuite1690305056046.run(TempTestSuite1690305056046.groovy:36)
)
	at com.kms.katalon.core.keyword.internal.KeywordMain.stepFailed(KeywordMain.groovy:51)
	at com.kms.katalon.core.mobile.keyword.internal.MobileKeywordMain.stepFailed(MobileKeywordMain.groovy:40)
	at com.kms.katalon.core.mobile.keyword.internal.MobileKeywordMain.runKeyword(MobileKeywordMain.groovy:23)
	at com.kms.katalon.core.mobile.keyword.builtin.TapKeyword.tap(TapKeyword.groovy:84)
	at com.kms.katalon.core.mobile.keyword.builtin.TapKeyword.execute(TapKeyword.groovy:68)
	at com.kms.katalon.core.keyword.internal.KeywordExecutor.executeKeywordForPlatform(KeywordExecutor.groovy:74)
	at com.kms.katalon.core.mobile.keyword.MobileBuiltInKeywords.tap(MobileBuiltInKeywords.groovy:1490)
	at com.kms.katalon.core.mobile.keyword.MobileBuiltInKeywords$tap$1.call(Unknown Source)
	at CPN76.run(CPN76:24)
	at com.kms.katalon.core.main.ScriptEngine.run(ScriptEngine.java:194)
	at com.kms.katalon.core.main.ScriptEngine.runScriptAsRawText(ScriptEngine.java:119)
	at com.kms.katalon.core.main.TestCaseExecutor.runScript(TestCaseExecutor.java:448)
	at com.kms.katalon.core.main.TestCaseExecutor.doExecute(TestCaseExecutor.java:439)
	at com.kms.katalon.core.main.TestCaseExecutor.processExecutionPhase(TestCaseExecutor.java:418)
	at com.kms.katalon.core.main.TestCaseExecutor.accessMainPhase(TestCaseExecutor.java:410)
	at com.kms.katalon.core.main.TestCaseExecutor.execute(TestCaseExecutor.java:285)
	at com.kms.katalon.core.common.CommonExecutor.accessTestCaseMainPhase(CommonExecutor.java:65)
	at com.kms.katalon.core.main.TestSuiteExecutor.accessTestSuiteMainPhase(TestSuiteExecutor.java:148)
	at com.kms.katalon.core.main.TestSuiteExecutor.execute(TestSuiteExecutor.java:106)
	at com.kms.katalon.core.main.TestCaseMain.startTestSuite(TestCaseMain.java:187)
	at com.kms.katalon.core.main.TestCaseMain$startTestSuite$0.call(Unknown Source)
	at TempTestSuite1690305056046.run(TempTestSuite1690305056046.groovy:36)
Caused by: org.openqa.selenium.StaleElementReferenceException: Cached elements 'By.xpath: //*[@class = 'android.view.ViewGroup' and @resource-id = 'com.naposystems.napoleonchat:id/constrainsLayout_conversation' and (@text = '' or . = '')]' do not exist in DOM anymore
For documentation on this error, please visit: https://www.seleniumhq.org/exceptions/stale_element_reference.html
Build info: version: '3.141.59', revision: 'e82be7d358', time: '2018-11-14T08:25:53'
System info: host: 'DESKTOP-OBIGNLU', ip: '192.168.1.2', os.name: 'Windows 10', os.arch: 'amd64', os.version: '10.0', java.version: '1.8.0_282'
Driver info: com.kms.katalon.core.appium.driver.SwipeableAndroidDriver
Capabilities {app: C:\Users\Testing\Desktop\ka..., appPackage: com.naposystems.napoleonchat, autoGrantPermissions: true, automationName: uiautomator2, chromedriverPort: 55294, databaseEnabled: false, desired: {app: C:\Users\Testing\Desktop\ka..., autoGrantPermissions: true, automationName: uiautomator2, chromedriverPort: 55294, deviceId: , deviceName: samsung SM-A107M (Android 11), fullReset: true, newCommandTimeout: 1800, noReset: false, platform: ANDROID, platformName: android, platformVersion: 11, systemPort: 55292, udid: R9WN40KBXDJ}, deviceApiLevel: 30, deviceId: , deviceManufacturer: samsung, deviceModel: SM-A107M, deviceName: R9WN40KBXDJ, deviceScreenDensity: 280, deviceScreenSize: 720x1520, deviceUDID: R9WN40KBXDJ, fullReset: true, javascriptEnabled: true, locationContextEnabled: false, networkConnectionEnabled: true, newCommandTimeout: 1800, noReset: false, pixelRatio: 1.75, platform: ANDROID, platformName: Android, platformVersion: 11, statBarHeight: 57, systemPort: 55292, takesScreenshot: true, udid: R9WN40KBXDJ, viewportRect: {height: 1324, left: 0, top: 57, width: 720}, warnings: {}, webStorageEnabled: false}
Session ID: ee6ddf3a-75f7-4361-b993-ea1175bf79ae
	at org.openqa.selenium.remote.http.W3CHttpResponseCodec.createException(W3CHttpResponseCodec.java:187)
	at org.openqa.selenium.remote.http.W3CHttpResponseCodec.decode(W3CHttpResponseCodec.java:122)
	at org.openqa.selenium.remote.http.W3CHttpResponseCodec.decode(W3CHttpResponseCodec.java:49)
	at org.openqa.selenium.remote.HttpCommandExecutor.execute(HttpCommandExecutor.java:158)
	at io.appium.java_client.remote.AppiumCommandExecutor.execute(AppiumCommandExecutor.java:239)
	at org.openqa.selenium.remote.RemoteWebDriver.execute(RemoteWebDriver.java:552)
	at io.appium.java_client.DefaultGenericMobileDriver.execute(DefaultGenericMobileDriver.java:42)
	at io.appium.java_client.AppiumDriver.execute(AppiumDriver.java:1)
	at io.appium.java_client.android.AndroidDriver.execute(AndroidDriver.java:1)
	at com.kms.katalon.core.appium.driver.SwipeableAndroidDriver.execute(SwipeableAndroidDriver.java:1)
	at org.openqa.selenium.remote.RemoteWebElement.execute(RemoteWebElement.java:285)
	at io.appium.java_client.DefaultGenericMobileElement.execute(DefaultGenericMobileElement.java:45)
	at io.appium.java_client.MobileElement.execute(MobileElement.java:1)
	at io.appium.java_client.android.AndroidElement.execute(AndroidElement.java:1)
	at org.openqa.selenium.remote.RemoteWebElement.getLocation(RemoteWebElement.java:337)
	at org.openqa.selenium.WebElement$getLocation.call(Unknown Source)
	at com.kms.katalon.core.mobile.keyword.internal.MobileAbstractKeyword.findElement(MobileAbstractKeyword.groovy:86)
	at com.kms.katalon.core.mobile.keyword.builtin.TapKeyword.access$1(TapKeyword.groovy)
	at com.kms.katalon.core.mobile.keyword.builtin.TapKeyword$_tap_closure1.doCall(TapKeyword.groovy:76)
	at com.kms.katalon.core.mobile.keyword.builtin.TapKeyword$_tap_closure1.call(TapKeyword.groovy)
	at com.kms.katalon.core.mobile.keyword.internal.MobileKeywordMain.runKeyword(MobileKeywordMain.groovy:21)
	... 19 more]]></system-err>
      </testcase>
      <testcase name="Test Cases/Parte1/Envio de mensajes/CPN85" time="38.833" classname="Test Cases/Parte1/Envio de mensajes/CPN85" status="PASSED">
         <system-out><![CDATA[2023-07-25 12:17:37 - [TEST_CASE][PASSED] - Test Cases/Parte1/Envio de mensajes/CPN85: Test Cases/Parte1/Envio de mensajes/CPN85

2023-07-25 12:17:37 - [TEST_STEP][PASSED] - delay(4, CONTINUE_ON_FAILURE): Delayed 4 second(s)

2023-07-25 12:17:41 - [MESSAGE][PASSED] - Delayed 4 second(s)

2023-07-25 12:17:41 - [TEST_STEP][PASSED] - tap(findTestObject("Object Repository/Parte1/Envio de mensajes/CPN85/android.view.ViewGroup"), 0): Tapped on element 'Object Repository/Parte1/Envio de mensajes/CPN85/android.view.ViewGroup'

2023-07-25 12:17:41 - [MESSAGE][WARNING] - Timeout '0' is invalid. Using default page load timeout: '30'

2023-07-25 12:17:42 - [MESSAGE][PASSED] - Tapped on element 'Object Repository/Parte1/Envio de mensajes/CPN85/android.view.ViewGroup'

2023-07-25 12:17:42 - [TEST_STEP][PASSED] - tap(findTestObject("Object Repository/Parte1/Envio de mensajes/CPN85/android.widget.ImageButton"), 1): Tapped on element 'Object Repository/Parte1/Envio de mensajes/CPN85/android.widget.ImageButton'

2023-07-25 12:17:43 - [MESSAGE][PASSED] - Tapped on element 'Object Repository/Parte1/Envio de mensajes/CPN85/android.widget.ImageButton'

2023-07-25 12:17:43 - [TEST_STEP][PASSED] - tap(findTestObject("Object Repository/Parte1/Envio de mensajes/CPN85/android.widget.SeekBar - 0.0"), 0): Tapped on element 'Object Repository/Parte1/Envio de mensajes/CPN85/android.widget.SeekBar - 0.0'

2023-07-25 12:17:43 - [MESSAGE][WARNING] - Timeout '0' is invalid. Using default page load timeout: '30'

2023-07-25 12:17:45 - [MESSAGE][PASSED] - Tapped on element 'Object Repository/Parte1/Envio de mensajes/CPN85/android.widget.SeekBar - 0.0'

2023-07-25 12:17:45 - [TEST_STEP][PASSED] - tap(findTestObject("Object Repository/Parte1/Envio de mensajes/CPN85/android.widget.ImageButton (1)"), 1): Tapped on element 'Object Repository/Parte1/Envio de mensajes/CPN85/android.widget.ImageButton (1)'

2023-07-25 12:17:45 - [MESSAGE][PASSED] - Tapped on element 'Object Repository/Parte1/Envio de mensajes/CPN85/android.widget.ImageButton (1)'

2023-07-25 12:17:45 - [TEST_STEP][PASSED] - tap(findTestObject("Object Repository/Parte1/Envio de mensajes/CPN85/android.widget.ImageButton (2)"), 0): Tapped on element 'Object Repository/Parte1/Envio de mensajes/CPN85/android.widget.ImageButton (2)'

2023-07-25 12:17:45 - [MESSAGE][WARNING] - Timeout '0' is invalid. Using default page load timeout: '30'

2023-07-25 12:17:50 - [MESSAGE][PASSED] - Tapped on element 'Object Repository/Parte1/Envio de mensajes/CPN85/android.widget.ImageButton (2)'

2023-07-25 12:17:50 - [TEST_STEP][PASSED] - tap(findTestObject("Parte1/Envio de mensajes/CPN85/android.widget.ImageButton"), 1): Tapped on element 'Object Repository/Parte1/Envio de mensajes/CPN85/android.widget.ImageButton'

2023-07-25 12:17:51 - [MESSAGE][PASSED] - Tapped on element 'Object Repository/Parte1/Envio de mensajes/CPN85/android.widget.ImageButton'

2023-07-25 12:17:51 - [TEST_STEP][PASSED] - tap(findTestObject("Object Repository/Parte1/Envio de mensajes/CPN85/android.widget.ImageButton (3)"), 0): Tapped on element 'Object Repository/Parte1/Envio de mensajes/CPN85/android.widget.ImageButton (3)'

2023-07-25 12:17:51 - [MESSAGE][WARNING] - Timeout '0' is invalid. Using default page load timeout: '30'

2023-07-25 12:17:52 - [MESSAGE][PASSED] - Tapped on element 'Object Repository/Parte1/Envio de mensajes/CPN85/android.widget.ImageButton (3)'

2023-07-25 12:17:52 - [TEST_STEP][PASSED] - tap(findTestObject("Parte1/Envio de mensajes/CPN85/android.widget.SeekBar - 0.0"), 0): Tapped on element 'Object Repository/Parte1/Envio de mensajes/CPN85/android.widget.SeekBar - 0.0'

2023-07-25 12:17:52 - [MESSAGE][WARNING] - Timeout '0' is invalid. Using default page load timeout: '30'

2023-07-25 12:17:52 - [MESSAGE][PASSED] - Tapped on element 'Object Repository/Parte1/Envio de mensajes/CPN85/android.widget.SeekBar - 0.0'

2023-07-25 12:17:52 - [TEST_STEP][PASSED] - tap(findTestObject("Parte1/Envio de mensajes/CPN85/android.widget.ImageButton (1)"), 1): Tapped on element 'Object Repository/Parte1/Envio de mensajes/CPN85/android.widget.ImageButton (1)'

2023-07-25 12:17:54 - [MESSAGE][PASSED] - Tapped on element 'Object Repository/Parte1/Envio de mensajes/CPN85/android.widget.ImageButton (1)'

2023-07-25 12:17:54 - [TEST_STEP][PASSED] - tap(findTestObject("Parte1/Envio de mensajes/CPN85/android.widget.ImageButton (2)"), 0): Tapped on element 'Object Repository/Parte1/Envio de mensajes/CPN85/android.widget.ImageButton (2)'

2023-07-25 12:17:54 - [MESSAGE][WARNING] - Timeout '0' is invalid. Using default page load timeout: '30'

2023-07-25 12:17:57 - [MESSAGE][PASSED] - Tapped on element 'Object Repository/Parte1/Envio de mensajes/CPN85/android.widget.ImageButton (2)'

2023-07-25 12:17:57 - [TEST_STEP][PASSED] - tap(findTestObject("Parte1/Envio de mensajes/CPN85/android.widget.ImageButton"), 1): Tapped on element 'Object Repository/Parte1/Envio de mensajes/CPN85/android.widget.ImageButton'

2023-07-25 12:17:58 - [MESSAGE][PASSED] - Tapped on element 'Object Repository/Parte1/Envio de mensajes/CPN85/android.widget.ImageButton'

2023-07-25 12:17:58 - [TEST_STEP][PASSED] - tap(findTestObject("Object Repository/Parte1/Envio de mensajes/CPN85/android.widget.ImageButton (4)"), 0): Tapped on element 'Object Repository/Parte1/Envio de mensajes/CPN85/android.widget.ImageButton (4)'

2023-07-25 12:17:58 - [MESSAGE][WARNING] - Timeout '0' is invalid. Using default page load timeout: '30'

2023-07-25 12:17:59 - [MESSAGE][PASSED] - Tapped on element 'Object Repository/Parte1/Envio de mensajes/CPN85/android.widget.ImageButton (4)'

2023-07-25 12:17:59 - [TEST_STEP][PASSED] - tap(findTestObject("Parte1/Envio de mensajes/CPN85/android.widget.ImageButton (1)"), 1): Tapped on element 'Object Repository/Parte1/Envio de mensajes/CPN85/android.widget.ImageButton (1)'

2023-07-25 12:18:01 - [MESSAGE][PASSED] - Tapped on element 'Object Repository/Parte1/Envio de mensajes/CPN85/android.widget.ImageButton (1)'

2023-07-25 12:18:01 - [TEST_STEP][PASSED] - delay(1, CONTINUE_ON_FAILURE): Delayed 1 second(s)

2023-07-25 12:18:02 - [MESSAGE][PASSED] - Delayed 1 second(s)

2023-07-25 12:18:02 - [TEST_STEP][PASSED] - tap(findTestObject("Parte1/Envio de mensajes/CPN85/android.widget.ImageButton (2)"), 0): Tapped on element 'Object Repository/Parte1/Envio de mensajes/CPN85/android.widget.ImageButton (2)'

2023-07-25 12:18:02 - [MESSAGE][WARNING] - Timeout '0' is invalid. Using default page load timeout: '30'

2023-07-25 12:18:03 - [MESSAGE][PASSED] - Tapped on element 'Object Repository/Parte1/Envio de mensajes/CPN85/android.widget.ImageButton (2)'

2023-07-25 12:18:03 - [TEST_STEP][PASSED] - tap(findTestObject("Parte1/Envio de mensajes/CPN85/android.widget.ImageButton"), 1): Tapped on element 'Object Repository/Parte1/Envio de mensajes/CPN85/android.widget.ImageButton'

2023-07-25 12:18:05 - [MESSAGE][PASSED] - Tapped on element 'Object Repository/Parte1/Envio de mensajes/CPN85/android.widget.ImageButton'

2023-07-25 12:18:05 - [TEST_STEP][PASSED] - tap(findTestObject("Parte1/Envio de mensajes/CPN85/android.widget.ImageButton (4)"), 1): Tapped on element 'Object Repository/Parte1/Envio de mensajes/CPN85/android.widget.ImageButton (4)'

2023-07-25 12:18:06 - [MESSAGE][PASSED] - Tapped on element 'Object Repository/Parte1/Envio de mensajes/CPN85/android.widget.ImageButton (4)'

2023-07-25 12:18:06 - [TEST_STEP][PASSED] - tap(findTestObject("Parte1/Envio de mensajes/CPN85/android.widget.ImageButton (3)"), 0): Tapped on element 'Object Repository/Parte1/Envio de mensajes/CPN85/android.widget.ImageButton (3)'

2023-07-25 12:18:06 - [MESSAGE][WARNING] - Timeout '0' is invalid. Using default page load timeout: '30'

2023-07-25 12:18:07 - [MESSAGE][PASSED] - Tapped on element 'Object Repository/Parte1/Envio de mensajes/CPN85/android.widget.ImageButton (3)'

2023-07-25 12:18:07 - [TEST_STEP][PASSED] - tap(findTestObject("Parte1/Envio de mensajes/CPN85/android.widget.ImageButton (1)"), 1): Tapped on element 'Object Repository/Parte1/Envio de mensajes/CPN85/android.widget.ImageButton (1)'

2023-07-25 12:18:08 - [MESSAGE][PASSED] - Tapped on element 'Object Repository/Parte1/Envio de mensajes/CPN85/android.widget.ImageButton (1)'

2023-07-25 12:18:08 - [TEST_STEP][PASSED] - tap(findTestObject("Parte1/Envio de mensajes/CPN85/android.widget.ImageButton (2)"), 0): Tapped on element 'Object Repository/Parte1/Envio de mensajes/CPN85/android.widget.ImageButton (2)'

2023-07-25 12:18:08 - [MESSAGE][WARNING] - Timeout '0' is invalid. Using default page load timeout: '30'

2023-07-25 12:18:10 - [MESSAGE][PASSED] - Tapped on element 'Object Repository/Parte1/Envio de mensajes/CPN85/android.widget.ImageButton (2)'

2023-07-25 12:18:10 - [TEST_STEP][PASSED] - delay(3, CONTINUE_ON_FAILURE): Delayed 3 second(s)

2023-07-25 12:18:13 - [MESSAGE][PASSED] - Delayed 3 second(s)

2023-07-25 12:18:13 - [TEST_STEP][PASSED] - tap(findTestObject("Object Repository/Parte1/Envio de mensajes/CPN85/android.widget.ImageButton (5)"), 0): Tapped on element 'Object Repository/Parte1/Envio de mensajes/CPN85/android.widget.ImageButton (5)'

2023-07-25 12:18:13 - [MESSAGE][WARNING] - Timeout '0' is invalid. Using default page load timeout: '30'

2023-07-25 12:18:16 - [MESSAGE][PASSED] - Tapped on element 'Object Repository/Parte1/Envio de mensajes/CPN85/android.widget.ImageButton (5)']]></system-out>
         <system-err><![CDATA[]]></system-err>
      </testcase>
      <testcase name="Test Cases/Parte1/Envio de mensajes/CPN94" time="94.71" classname="Test Cases/Parte1/Envio de mensajes/CPN94" status="PASSED">
         <system-out><![CDATA[2023-07-25 12:18:16 - [TEST_CASE][PASSED] - Test Cases/Parte1/Envio de mensajes/CPN94: Test Cases/Parte1/Envio de mensajes/CPN94

2023-07-25 12:18:16 - [TEST_STEP][PASSED] - delay(2, CONTINUE_ON_FAILURE): Delayed 2 second(s)

2023-07-25 12:18:18 - [MESSAGE][PASSED] - Delayed 2 second(s)

2023-07-25 12:18:18 - [TEST_STEP][PASSED] - tap(findTestObject("Parte1/Envio de mensajes/CPN94/android.view.ViewGroup"), 0): Tapped on element 'Object Repository/Parte1/Envio de mensajes/CPN94/android.view.ViewGroup'

2023-07-25 12:18:18 - [MESSAGE][WARNING] - Timeout '0' is invalid. Using default page load timeout: '30'

2023-07-25 12:18:18 - [MESSAGE][PASSED] - Tapped on element 'Object Repository/Parte1/Envio de mensajes/CPN94/android.view.ViewGroup'

2023-07-25 12:18:18 - [TEST_STEP][PASSED] - tap(findTestObject("Object Repository/Parte1/Envio de mensajes/CPN94/android.widget.ImageButton"), 1): Tapped on element 'Object Repository/Parte1/Envio de mensajes/CPN94/android.widget.ImageButton'

2023-07-25 12:18:20 - [MESSAGE][PASSED] - Tapped on element 'Object Repository/Parte1/Envio de mensajes/CPN94/android.widget.ImageButton'

2023-07-25 12:18:20 - [TEST_STEP][PASSED] - tapAndHold(findTestObject("Object Repository/Parte1/Envio de mensajes/CPN94/android.widget.ImageButton (1)"), 6, 0): Tapped and held on element 'Object Repository/Parte1/Envio de mensajes/CPN94/android.widget.ImageButton (1)' with duration 6

2023-07-25 12:18:20 - [MESSAGE][WARNING] - Timeout '0' is invalid. Using default page load timeout: '30'

2023-07-25 12:18:29 - [MESSAGE][PASSED] - Tapped and held on element 'Object Repository/Parte1/Envio de mensajes/CPN94/android.widget.ImageButton (1)' with duration 6

2023-07-25 12:18:29 - [TEST_STEP][PASSED] - tap(findTestObject("Object Repository/Parte1/Envio de mensajes/CPN94/android.widget.ImageButton (2)"), 1): Tapped on element 'Object Repository/Parte1/Envio de mensajes/CPN94/android.widget.ImageButton (2)'

2023-07-25 12:18:30 - [MESSAGE][PASSED] - Tapped on element 'Object Repository/Parte1/Envio de mensajes/CPN94/android.widget.ImageButton (2)'

2023-07-25 12:18:30 - [TEST_STEP][PASSED] - tap(findTestObject("Parte1/Envio de mensajes/CPN94/android.widget.ImageButton"), 1): Tapped on element 'Object Repository/Parte1/Envio de mensajes/CPN94/android.widget.ImageButton'

2023-07-25 12:18:32 - [MESSAGE][PASSED] - Tapped on element 'Object Repository/Parte1/Envio de mensajes/CPN94/android.widget.ImageButton'

2023-07-25 12:18:32 - [TEST_STEP][PASSED] - tap(findTestObject("Object Repository/Parte1/Envio de mensajes/CPN94/android.widget.ImageButton (3)"), 600): Tapped on element 'Object Repository/Parte1/Envio de mensajes/CPN94/android.widget.ImageButton (3)'

2023-07-25 12:18:34 - [MESSAGE][PASSED] - Tapped on element 'Object Repository/Parte1/Envio de mensajes/CPN94/android.widget.ImageButton (3)'

2023-07-25 12:18:34 - [TEST_STEP][PASSED] - tap(findTestObject("Object Repository/Parte1/Envio de mensajes/CPN94/android.widget.SeekBar - 0.0"), 0): Tapped on element 'Object Repository/Parte1/Envio de mensajes/CPN94/android.widget.SeekBar - 0.0'

2023-07-25 12:18:34 - [MESSAGE][WARNING] - Timeout '0' is invalid. Using default page load timeout: '30'

2023-07-25 12:18:34 - [MESSAGE][PASSED] - Tapped on element 'Object Repository/Parte1/Envio de mensajes/CPN94/android.widget.SeekBar - 0.0'

2023-07-25 12:18:34 - [TEST_STEP][PASSED] - tapAndHold(findTestObject("Parte1/Envio de mensajes/CPN94/android.widget.ImageButton (1)"), 8, 0): Tapped and held on element 'Object Repository/Parte1/Envio de mensajes/CPN94/android.widget.ImageButton (1)' with duration 8

2023-07-25 12:18:34 - [MESSAGE][WARNING] - Timeout '0' is invalid. Using default page load timeout: '30'

2023-07-25 12:18:44 - [MESSAGE][PASSED] - Tapped and held on element 'Object Repository/Parte1/Envio de mensajes/CPN94/android.widget.ImageButton (1)' with duration 8

2023-07-25 12:18:44 - [TEST_STEP][PASSED] - tap(findTestObject("Object Repository/Parte1/Envio de mensajes/CPN94/android.widget.EditText - Escribir mensaje"), 0): Tapped on element 'Object Repository/Parte1/Envio de mensajes/CPN94/android.widget.EditText - Escribir mensaje'

2023-07-25 12:18:45 - [MESSAGE][WARNING] - Timeout '0' is invalid. Using default page load timeout: '30'

2023-07-25 12:18:46 - [MESSAGE][PASSED] - Tapped on element 'Object Repository/Parte1/Envio de mensajes/CPN94/android.widget.EditText - Escribir mensaje'

2023-07-25 12:18:46 - [TEST_STEP][PASSED] - setText(findTestObject("Object Repository/Parte1/Envio de mensajes/CPN94/android.widget.EditText - Escribir mensaje (1)"), "Prueba video", 0): Text 'Prueba video' has been set to element 'Object Repository/Parte1/Envio de mensajes/CPN94/android.widget.EditText - Escribir mensaje (1)'

2023-07-25 12:18:46 - [MESSAGE][WARNING] - Timeout '0' is invalid. Using default page load timeout: '30'

2023-07-25 12:18:48 - [MESSAGE][PASSED] - Text 'Prueba video' has been set to element 'Object Repository/Parte1/Envio de mensajes/CPN94/android.widget.EditText - Escribir mensaje (1)'

2023-07-25 12:18:48 - [TEST_STEP][PASSED] - hideKeyboard(): Keyboard is hidden

2023-07-25 12:18:51 - [MESSAGE][PASSED] - Keyboard is hidden

2023-07-25 12:18:51 - [TEST_STEP][PASSED] - tap(findTestObject("Parte1/Envio de mensajes/CPN94/android.widget.ImageButton (2)"), 0): Tapped on element 'Object Repository/Parte1/Envio de mensajes/CPN94/android.widget.ImageButton (2)'

2023-07-25 12:18:51 - [MESSAGE][WARNING] - Timeout '0' is invalid. Using default page load timeout: '30'

2023-07-25 12:18:52 - [MESSAGE][PASSED] - Tapped on element 'Object Repository/Parte1/Envio de mensajes/CPN94/android.widget.ImageButton (2)'

2023-07-25 12:18:52 - [TEST_STEP][PASSED] - tap(findTestObject("Parte1/Envio de mensajes/CPN94/android.widget.ImageButton"), 0): Tapped on element 'Object Repository/Parte1/Envio de mensajes/CPN94/android.widget.ImageButton'

2023-07-25 12:18:52 - [MESSAGE][WARNING] - Timeout '0' is invalid. Using default page load timeout: '30'

2023-07-25 12:18:54 - [MESSAGE][PASSED] - Tapped on element 'Object Repository/Parte1/Envio de mensajes/CPN94/android.widget.ImageButton'

2023-07-25 12:18:54 - [TEST_STEP][PASSED] - tap(findTestObject("Object Repository/Parte1/Envio de mensajes/CPN94/android.widget.ImageButton (4)"), 0): Tapped on element 'Object Repository/Parte1/Envio de mensajes/CPN94/android.widget.ImageButton (4)'

2023-07-25 12:18:54 - [MESSAGE][WARNING] - Timeout '0' is invalid. Using default page load timeout: '30'

2023-07-25 12:18:56 - [MESSAGE][PASSED] - Tapped on element 'Object Repository/Parte1/Envio de mensajes/CPN94/android.widget.ImageButton (4)'

2023-07-25 12:18:56 - [TEST_STEP][PASSED] - tapAndHold(findTestObject("Parte1/Envio de mensajes/CPN94/android.widget.ImageButton (1)"), 5, 0): Tapped and held on element 'Object Repository/Parte1/Envio de mensajes/CPN94/android.widget.ImageButton (1)' with duration 5

2023-07-25 12:18:56 - [MESSAGE][WARNING] - Timeout '0' is invalid. Using default page load timeout: '30'

2023-07-25 12:19:04 - [MESSAGE][PASSED] - Tapped and held on element 'Object Repository/Parte1/Envio de mensajes/CPN94/android.widget.ImageButton (1)' with duration 5

2023-07-25 12:19:04 - [TEST_STEP][PASSED] - tap(findTestObject("Parte1/Envio de mensajes/CPN94/android.widget.ImageButton (2)"), 0): Tapped on element 'Object Repository/Parte1/Envio de mensajes/CPN94/android.widget.ImageButton (2)'

2023-07-25 12:19:04 - [MESSAGE][WARNING] - Timeout '0' is invalid. Using default page load timeout: '30'

2023-07-25 12:19:05 - [MESSAGE][PASSED] - Tapped on element 'Object Repository/Parte1/Envio de mensajes/CPN94/android.widget.ImageButton (2)'

2023-07-25 12:19:05 - [TEST_STEP][PASSED] - tap(findTestObject("Parte1/Envio de mensajes/CPN94/android.widget.ImageButton"), 0): Tapped on element 'Object Repository/Parte1/Envio de mensajes/CPN94/android.widget.ImageButton'

2023-07-25 12:19:05 - [MESSAGE][WARNING] - Timeout '0' is invalid. Using default page load timeout: '30'

2023-07-25 12:19:07 - [MESSAGE][PASSED] - Tapped on element 'Object Repository/Parte1/Envio de mensajes/CPN94/android.widget.ImageButton'

2023-07-25 12:19:07 - [TEST_STEP][PASSED] - tap(findTestObject("Parte1/Envio de mensajes/CPN94/android.widget.ImageButton (4)"), 0): Tapped on element 'Object Repository/Parte1/Envio de mensajes/CPN94/android.widget.ImageButton (4)'

2023-07-25 12:19:07 - [MESSAGE][WARNING] - Timeout '0' is invalid. Using default page load timeout: '30'

2023-07-25 12:19:09 - [MESSAGE][PASSED] - Tapped on element 'Object Repository/Parte1/Envio de mensajes/CPN94/android.widget.ImageButton (4)'

2023-07-25 12:19:09 - [TEST_STEP][PASSED] - tapAndHold(findTestObject("Parte1/Envio de mensajes/CPN94/android.widget.ImageButton (1)"), 10, 0): Tapped and held on element 'Object Repository/Parte1/Envio de mensajes/CPN94/android.widget.ImageButton (1)' with duration 10

2023-07-25 12:19:09 - [MESSAGE][WARNING] - Timeout '0' is invalid. Using default page load timeout: '30'

2023-07-25 12:19:22 - [MESSAGE][PASSED] - Tapped and held on element 'Object Repository/Parte1/Envio de mensajes/CPN94/android.widget.ImageButton (1)' with duration 10

2023-07-25 12:19:22 - [TEST_STEP][PASSED] - tap(findTestObject("Parte1/Envio de mensajes/CPN94/android.widget.ImageButton (2)"), 0): Tapped on element 'Object Repository/Parte1/Envio de mensajes/CPN94/android.widget.ImageButton (2)'

2023-07-25 12:19:22 - [MESSAGE][WARNING] - Timeout '0' is invalid. Using default page load timeout: '30'

2023-07-25 12:19:24 - [MESSAGE][PASSED] - Tapped on element 'Object Repository/Parte1/Envio de mensajes/CPN94/android.widget.ImageButton (2)'

2023-07-25 12:19:24 - [TEST_STEP][PASSED] - tap(findTestObject("Parte1/Envio de mensajes/CPN94/android.widget.ImageButton"), 0): Tapped on element 'Object Repository/Parte1/Envio de mensajes/CPN94/android.widget.ImageButton'

2023-07-25 12:19:24 - [MESSAGE][WARNING] - Timeout '0' is invalid. Using default page load timeout: '30'

2023-07-25 12:19:25 - [MESSAGE][PASSED] - Tapped on element 'Object Repository/Parte1/Envio de mensajes/CPN94/android.widget.ImageButton'

2023-07-25 12:19:25 - [TEST_STEP][PASSED] - delay(3, STOP_ON_FAILURE): Delayed 3 second(s)

2023-07-25 12:19:28 - [MESSAGE][PASSED] - Delayed 3 second(s)

2023-07-25 12:19:28 - [TEST_STEP][PASSED] - tap(findTestObject("Parte1/Envio de mensajes/CPN94/android.widget.ImageButton (4)"), 0): Tapped on element 'Object Repository/Parte1/Envio de mensajes/CPN94/android.widget.ImageButton (4)'

2023-07-25 12:19:28 - [MESSAGE][WARNING] - Timeout '0' is invalid. Using default page load timeout: '30'

2023-07-25 12:19:29 - [MESSAGE][PASSED] - Tapped on element 'Object Repository/Parte1/Envio de mensajes/CPN94/android.widget.ImageButton (4)'

2023-07-25 12:19:29 - [TEST_STEP][PASSED] - tapAndHold(findTestObject("Parte1/Envio de mensajes/CPN94/android.widget.ImageButton (1)"), 15, 0): Tapped and held on element 'Object Repository/Parte1/Envio de mensajes/CPN94/android.widget.ImageButton (1)' with duration 15

2023-07-25 12:19:29 - [MESSAGE][WARNING] - Timeout '0' is invalid. Using default page load timeout: '30'

2023-07-25 12:19:47 - [MESSAGE][PASSED] - Tapped and held on element 'Object Repository/Parte1/Envio de mensajes/CPN94/android.widget.ImageButton (1)' with duration 15

2023-07-25 12:19:47 - [TEST_STEP][PASSED] - tap(findTestObject("Parte1/Envio de mensajes/CPN94/android.widget.ImageButton (2)"), 0): Tapped on element 'Object Repository/Parte1/Envio de mensajes/CPN94/android.widget.ImageButton (2)'

2023-07-25 12:19:47 - [MESSAGE][WARNING] - Timeout '0' is invalid. Using default page load timeout: '30'

2023-07-25 12:19:48 - [MESSAGE][PASSED] - Tapped on element 'Object Repository/Parte1/Envio de mensajes/CPN94/android.widget.ImageButton (2)'

2023-07-25 12:19:48 - [TEST_STEP][PASSED] - tap(findTestObject("Parte1/Envio de mensajes/CPN94/android.widget.ImageButton (6)"), 0): Tapped on element 'Object Repository/Parte1/Envio de mensajes/CPN94/android.widget.ImageButton (6)'

2023-07-25 12:19:48 - [MESSAGE][WARNING] - Timeout '0' is invalid. Using default page load timeout: '30'

2023-07-25 12:19:51 - [MESSAGE][PASSED] - Tapped on element 'Object Repository/Parte1/Envio de mensajes/CPN94/android.widget.ImageButton (6)']]></system-out>
         <system-err><![CDATA[]]></system-err>
      </testcase>
      <testcase name="Test Cases/Parte1/Envio de mensajes/CPN103" time="24.014" classname="Test Cases/Parte1/Envio de mensajes/CPN103" status="PASSED">
         <system-out><![CDATA[2023-07-25 12:19:51 - [TEST_CASE][PASSED] - Test Cases/Parte1/Envio de mensajes/CPN103: Test Cases/Parte1/Envio de mensajes/CPN103

2023-07-25 12:19:51 - [TEST_STEP][PASSED] - delay(3, CONTINUE_ON_FAILURE): Delayed 3 second(s)

2023-07-25 12:19:54 - [MESSAGE][PASSED] - Delayed 3 second(s)

2023-07-25 12:19:54 - [TEST_STEP][PASSED] - tap(findTestObject("Parte1/Envio de mensajes/CPN103/android.view.ViewGroup"), 0): Tapped on element 'Object Repository/Parte1/Envio de mensajes/CPN103/android.view.ViewGroup'

2023-07-25 12:19:54 - [MESSAGE][WARNING] - Timeout '0' is invalid. Using default page load timeout: '30'

2023-07-25 12:19:54 - [MESSAGE][PASSED] - Tapped on element 'Object Repository/Parte1/Envio de mensajes/CPN103/android.view.ViewGroup'

2023-07-25 12:19:54 - [TEST_STEP][PASSED] - tap(findTestObject("Object Repository/Parte1/Envio de mensajes/CPN103/android.widget.ImageButton"), 0): Tapped on element 'Object Repository/Parte1/Envio de mensajes/CPN103/android.widget.ImageButton'

2023-07-25 12:19:54 - [MESSAGE][WARNING] - Timeout '0' is invalid. Using default page load timeout: '30'

2023-07-25 12:19:56 - [MESSAGE][PASSED] - Tapped on element 'Object Repository/Parte1/Envio de mensajes/CPN103/android.widget.ImageButton'

2023-07-25 12:19:56 - [TEST_STEP][PASSED] - tap(findTestObject("Object Repository/Parte1/Envio de mensajes/CPN103/android.widget.LinearLayout"), 0): Tapped on element 'Object Repository/Parte1/Envio de mensajes/CPN103/android.widget.LinearLayout'

2023-07-25 12:19:56 - [MESSAGE][WARNING] - Timeout '0' is invalid. Using default page load timeout: '30'

2023-07-25 12:19:57 - [MESSAGE][PASSED] - Tapped on element 'Object Repository/Parte1/Envio de mensajes/CPN103/android.widget.LinearLayout'

2023-07-25 12:19:57 - [TEST_STEP][PASSED] - tap(findTestObject("Object Repository/Parte1/Envio de mensajes/CPN103/android.widget.ImageView"), 0): Tapped on element 'Object Repository/Parte1/Envio de mensajes/CPN103/android.widget.ImageView'

2023-07-25 12:19:57 - [MESSAGE][WARNING] - Timeout '0' is invalid. Using default page load timeout: '30'

2023-07-25 12:20:04 - [MESSAGE][PASSED] - Tapped on element 'Object Repository/Parte1/Envio de mensajes/CPN103/android.widget.ImageView'

2023-07-25 12:20:04 - [TEST_STEP][PASSED] - tap(findTestObject("Parte1/Envio de mensajes/CPN103/android.widget.ImageButton"), 0): Tapped on element 'Object Repository/Parte1/Envio de mensajes/CPN103/android.widget.ImageButton'

2023-07-25 12:20:04 - [MESSAGE][WARNING] - Timeout '0' is invalid. Using default page load timeout: '30'

2023-07-25 12:20:08 - [MESSAGE][PASSED] - Tapped on element 'Object Repository/Parte1/Envio de mensajes/CPN103/android.widget.ImageButton'

2023-07-25 12:20:08 - [TEST_STEP][PASSED] - tap(findTestObject("Parte1/Envio de mensajes/CPN103/android.widget.LinearLayout"), 0): Tapped on element 'Object Repository/Parte1/Envio de mensajes/CPN103/android.widget.LinearLayout'

2023-07-25 12:20:08 - [MESSAGE][WARNING] - Timeout '0' is invalid. Using default page load timeout: '30'

2023-07-25 12:20:10 - [MESSAGE][PASSED] - Tapped on element 'Object Repository/Parte1/Envio de mensajes/CPN103/android.widget.LinearLayout'

2023-07-25 12:20:10 - [TEST_STEP][PASSED] - tap(findTestObject("Object Repository/Parte1/Envio de mensajes/CPN103/android.widget.ImageView (1)"), 0): Tapped on element 'Object Repository/Parte1/Envio de mensajes/CPN103/android.widget.ImageView (1)'

2023-07-25 12:20:10 - [MESSAGE][WARNING] - Timeout '0' is invalid. Using default page load timeout: '30'

2023-07-25 12:20:12 - [MESSAGE][PASSED] - Tapped on element 'Object Repository/Parte1/Envio de mensajes/CPN103/android.widget.ImageView (1)'

2023-07-25 12:20:12 - [TEST_STEP][PASSED] - tap(findTestObject("Object Repository/Parte1/Envio de mensajes/CPN103/android.widget.ImageButton (1)"), 0): Tapped on element 'Object Repository/Parte1/Envio de mensajes/CPN103/android.widget.ImageButton (1)'

2023-07-25 12:20:12 - [MESSAGE][WARNING] - Timeout '0' is invalid. Using default page load timeout: '30'

2023-07-25 12:20:15 - [MESSAGE][PASSED] - Tapped on element 'Object Repository/Parte1/Envio de mensajes/CPN103/android.widget.ImageButton (1)']]></system-out>
         <system-err><![CDATA[]]></system-err>
      </testcase>
      <testcase name="Test Cases/Parte1/Envio de mensajes/CPN104" time="27.255" classname="Test Cases/Parte1/Envio de mensajes/CPN104" status="PASSED">
         <system-out><![CDATA[2023-07-25 12:20:15 - [TEST_CASE][PASSED] - Test Cases/Parte1/Envio de mensajes/CPN104: Test Cases/Parte1/Envio de mensajes/CPN104

2023-07-25 12:20:15 - [TEST_STEP][PASSED] - delay(3, CONTINUE_ON_FAILURE): Delayed 3 second(s)

2023-07-25 12:20:18 - [MESSAGE][PASSED] - Delayed 3 second(s)

2023-07-25 12:20:18 - [TEST_STEP][PASSED] - tap(findTestObject("Parte1/Envio de mensajes/CPN104/android.view.ViewGroup"), 0): Tapped on element 'Object Repository/Parte1/Envio de mensajes/CPN104/android.view.ViewGroup'

2023-07-25 12:20:18 - [MESSAGE][WARNING] - Timeout '0' is invalid. Using default page load timeout: '30'

2023-07-25 12:20:20 - [MESSAGE][PASSED] - Tapped on element 'Object Repository/Parte1/Envio de mensajes/CPN104/android.view.ViewGroup'

2023-07-25 12:20:20 - [TEST_STEP][PASSED] - tap(findTestObject("Object Repository/Parte1/Envio de mensajes/CPN104/android.widget.ImageButton"), 100): Tapped on element 'Object Repository/Parte1/Envio de mensajes/CPN104/android.widget.ImageButton'

2023-07-25 12:20:21 - [MESSAGE][PASSED] - Tapped on element 'Object Repository/Parte1/Envio de mensajes/CPN104/android.widget.ImageButton'

2023-07-25 12:20:21 - [TEST_STEP][PASSED] - tap(findTestObject("Object Repository/Parte1/Envio de mensajes/CPN104/android.widget.LinearLayout"), 100): Tapped on element 'Object Repository/Parte1/Envio de mensajes/CPN104/android.widget.LinearLayout'

2023-07-25 12:20:22 - [MESSAGE][PASSED] - Tapped on element 'Object Repository/Parte1/Envio de mensajes/CPN104/android.widget.LinearLayout'

2023-07-25 12:20:22 - [TEST_STEP][PASSED] - tap(findTestObject("Object Repository/Parte1/Envio de mensajes/CPN104/android.view.ViewGroup (1)"), 0): Tapped on element 'Object Repository/Parte1/Envio de mensajes/CPN104/android.view.ViewGroup (1)'

2023-07-25 12:20:22 - [MESSAGE][WARNING] - Timeout '0' is invalid. Using default page load timeout: '30'

2023-07-25 12:20:24 - [MESSAGE][PASSED] - Tapped on element 'Object Repository/Parte1/Envio de mensajes/CPN104/android.view.ViewGroup (1)'

2023-07-25 12:20:24 - [TEST_STEP][PASSED] - tap(findTestObject("Object Repository/Parte1/Envio de mensajes/CPN104/android.widget.ImageView"), 100): Tapped on element 'Object Repository/Parte1/Envio de mensajes/CPN104/android.widget.ImageView'

2023-07-25 12:20:25 - [MESSAGE][PASSED] - Tapped on element 'Object Repository/Parte1/Envio de mensajes/CPN104/android.widget.ImageView'

2023-07-25 12:20:25 - [TEST_STEP][PASSED] - tap(findTestObject("Object Repository/Parte1/Envio de mensajes/CPN104/android.widget.ImageView (1)"), 100): Tapped on element 'Object Repository/Parte1/Envio de mensajes/CPN104/android.widget.ImageView (1)'

2023-07-25 12:20:26 - [MESSAGE][PASSED] - Tapped on element 'Object Repository/Parte1/Envio de mensajes/CPN104/android.widget.ImageView (1)'

2023-07-25 12:20:26 - [TEST_STEP][PASSED] - delay(8, STOP_ON_FAILURE): Delayed 8 second(s)

2023-07-25 12:20:34 - [MESSAGE][PASSED] - Delayed 8 second(s)

2023-07-25 12:20:34 - [TEST_STEP][PASSED] - tap(findTestObject("Object Repository/Parte1/Envio de mensajes/CPN104/android.widget.ImageView (2)"), 100): Tapped on element 'Object Repository/Parte1/Envio de mensajes/CPN104/android.widget.ImageView (2)'

2023-07-25 12:20:34 - [MESSAGE][PASSED] - Tapped on element 'Object Repository/Parte1/Envio de mensajes/CPN104/android.widget.ImageView (2)'

2023-07-25 12:20:34 - [TEST_STEP][PASSED] - tap(findTestObject("Object Repository/Parte1/Envio de mensajes/CPN104/android.widget.ImageButton (1)"), 100): Tapped on element 'Object Repository/Parte1/Envio de mensajes/CPN104/android.widget.ImageButton (1)'

2023-07-25 12:20:35 - [MESSAGE][PASSED] - Tapped on element 'Object Repository/Parte1/Envio de mensajes/CPN104/android.widget.ImageButton (1)'

2023-07-25 12:20:35 - [TEST_STEP][PASSED] - delay(3, STOP_ON_FAILURE): Delayed 3 second(s)

2023-07-25 12:20:38 - [MESSAGE][PASSED] - Delayed 3 second(s)

2023-07-25 12:20:38 - [TEST_STEP][PASSED] - tap(findTestObject("Object Repository/Parte1/Envio de mensajes/CPN104/android.widget.ImageButton (2)"), 100): Tapped on element 'Object Repository/Parte1/Envio de mensajes/CPN104/android.widget.ImageButton (2)'

2023-07-25 12:20:39 - [MESSAGE][PASSED] - Tapped on element 'Object Repository/Parte1/Envio de mensajes/CPN104/android.widget.ImageButton (2)'

2023-07-25 12:20:39 - [TEST_STEP][PASSED] - delay(3, CONTINUE_ON_FAILURE): Delayed 3 second(s)

2023-07-25 12:20:42 - [MESSAGE][PASSED] - Delayed 3 second(s)]]></system-out>
         <system-err><![CDATA[]]></system-err>
      </testcase>
      <testcase name="Test Cases/Parte1/Envio de mensajes/CPN105" time="38.736" classname="Test Cases/Parte1/Envio de mensajes/CPN105" status="PASSED">
         <system-out><![CDATA[2023-07-25 12:20:42 - [TEST_CASE][PASSED] - Test Cases/Parte1/Envio de mensajes/CPN105: Test Cases/Parte1/Envio de mensajes/CPN105

2023-07-25 12:20:42 - [TEST_STEP][PASSED] - tap(findTestObject("Object Repository/Parte1/Envio de mensajes/CPN105/android.view.ViewGroup"), 0): Tapped on element 'Object Repository/Parte1/Envio de mensajes/CPN105/android.view.ViewGroup'

2023-07-25 12:20:42 - [MESSAGE][WARNING] - Timeout '0' is invalid. Using default page load timeout: '30'

2023-07-25 12:20:42 - [MESSAGE][PASSED] - Tapped on element 'Object Repository/Parte1/Envio de mensajes/CPN105/android.view.ViewGroup'

2023-07-25 12:20:42 - [TEST_STEP][PASSED] - tap(findTestObject("Object Repository/Parte1/Envio de mensajes/CPN105/android.widget.ImageButton"), 100): Tapped on element 'Object Repository/Parte1/Envio de mensajes/CPN105/android.widget.ImageButton'

2023-07-25 12:20:44 - [MESSAGE][PASSED] - Tapped on element 'Object Repository/Parte1/Envio de mensajes/CPN105/android.widget.ImageButton'

2023-07-25 12:20:44 - [TEST_STEP][PASSED] - tap(findTestObject("Object Repository/Parte1/Envio de mensajes/CPN105/android.widget.LinearLayout"), 100): Tapped on element 'Object Repository/Parte1/Envio de mensajes/CPN105/android.widget.LinearLayout'

2023-07-25 12:20:45 - [MESSAGE][PASSED] - Tapped on element 'Object Repository/Parte1/Envio de mensajes/CPN105/android.widget.LinearLayout'

2023-07-25 12:20:45 - [TEST_STEP][PASSED] - tap(findTestObject("Object Repository/Parte1/Envio de mensajes/CPN105/android.widget.ImageButton (1)"), 100): Tapped on element 'Object Repository/Parte1/Envio de mensajes/CPN105/android.widget.ImageButton (1)'

2023-07-25 12:20:48 - [MESSAGE][PASSED] - Tapped on element 'Object Repository/Parte1/Envio de mensajes/CPN105/android.widget.ImageButton (1)'

2023-07-25 12:20:48 - [TEST_STEP][PASSED] - delay(3, STOP_ON_FAILURE): Delayed 3 second(s)

2023-07-25 12:20:51 - [MESSAGE][PASSED] - Delayed 3 second(s)

2023-07-25 12:20:51 - [TEST_STEP][PASSED] - tap(findTestObject("Parte1/Envio de mensajes/CPN105/android.widget.ImageButton"), 100): Tapped on element 'Object Repository/Parte1/Envio de mensajes/CPN105/android.widget.ImageButton'

2023-07-25 12:20:53 - [MESSAGE][PASSED] - Tapped on element 'Object Repository/Parte1/Envio de mensajes/CPN105/android.widget.ImageButton'

2023-07-25 12:20:53 - [TEST_STEP][PASSED] - tap(findTestObject("Parte1/Envio de mensajes/CPN105/android.widget.LinearLayout"), 100): Tapped on element 'Object Repository/Parte1/Envio de mensajes/CPN105/android.widget.LinearLayout'

2023-07-25 12:20:54 - [MESSAGE][PASSED] - Tapped on element 'Object Repository/Parte1/Envio de mensajes/CPN105/android.widget.LinearLayout'

2023-07-25 12:20:54 - [TEST_STEP][PASSED] - tap(findTestObject("Object Repository/Parte1/Envio de mensajes/CPN105/android.widget.TextView"), 100): Tapped on element 'Object Repository/Parte1/Envio de mensajes/CPN105/android.widget.TextView'

2023-07-25 12:20:57 - [MESSAGE][PASSED] - Tapped on element 'Object Repository/Parte1/Envio de mensajes/CPN105/android.widget.TextView'

2023-07-25 12:20:57 - [TEST_STEP][PASSED] - setText(findTestObject("Object Repository/Parte1/Envio de mensajes/CPN105/android.widget.EditText - NapoleoN"), "Valenci", 0): Text 'Valenci' has been set to element 'Object Repository/Parte1/Envio de mensajes/CPN105/android.widget.EditText - NapoleoN'

2023-07-25 12:20:57 - [MESSAGE][WARNING] - Timeout '0' is invalid. Using default page load timeout: '30'

2023-07-25 12:21:00 - [MESSAGE][PASSED] - Text 'Valenci' has been set to element 'Object Repository/Parte1/Envio de mensajes/CPN105/android.widget.EditText - NapoleoN'

2023-07-25 12:21:00 - [TEST_STEP][PASSED] - tap(findTestObject("Parte1/Envio de mensajes/CPN105/android.view.ViewGroup (1)"), 0): Tapped on element 'Object Repository/Parte1/Envio de mensajes/CPN105/android.view.ViewGroup (1)'

2023-07-25 12:21:00 - [MESSAGE][WARNING] - Timeout '0' is invalid. Using default page load timeout: '30'

2023-07-25 12:21:03 - [MESSAGE][PASSED] - Tapped on element 'Object Repository/Parte1/Envio de mensajes/CPN105/android.view.ViewGroup (1)'

2023-07-25 12:21:03 - [TEST_STEP][PASSED] - tap(findTestObject("Parte1/Envio de mensajes/CPN105/android.widget.ImageButton (1)"), 100): Tapped on element 'Object Repository/Parte1/Envio de mensajes/CPN105/android.widget.ImageButton (1)'

2023-07-25 12:21:03 - [MESSAGE][PASSED] - Tapped on element 'Object Repository/Parte1/Envio de mensajes/CPN105/android.widget.ImageButton (1)'

2023-07-25 12:21:03 - [TEST_STEP][PASSED] - tap(findTestObject("Object Repository/Parte1/Envio de mensajes/CPN105/android.widget.ImageButton"), 100): Tapped on element 'Object Repository/Parte1/Envio de mensajes/CPN105/android.widget.ImageButton'

2023-07-25 12:21:08 - [MESSAGE][PASSED] - Tapped on element 'Object Repository/Parte1/Envio de mensajes/CPN105/android.widget.ImageButton'

2023-07-25 12:21:08 - [TEST_STEP][PASSED] - tap(findTestObject("Object Repository/Parte1/Envio de mensajes/CPN105/android.widget.LinearLayout"), 100): Tapped on element 'Object Repository/Parte1/Envio de mensajes/CPN105/android.widget.LinearLayout'

2023-07-25 12:21:09 - [MESSAGE][PASSED] - Tapped on element 'Object Repository/Parte1/Envio de mensajes/CPN105/android.widget.LinearLayout'

2023-07-25 12:21:09 - [TEST_STEP][PASSED] - tap(findTestObject("Object Repository/Parte1/Envio de mensajes/CPN105/android.widget.TextView"), 100): Tapped on element 'Object Repository/Parte1/Envio de mensajes/CPN105/android.widget.TextView'

2023-07-25 12:21:10 - [MESSAGE][PASSED] - Tapped on element 'Object Repository/Parte1/Envio de mensajes/CPN105/android.widget.TextView'

2023-07-25 12:21:10 - [TEST_STEP][PASSED] - setText(findTestObject("Parte1/Envio de mensajes/CPN105/android.widget.EditText - NapoleoN"), "ikonos", 0): Text 'ikonos' has been set to element 'Object Repository/Parte1/Envio de mensajes/CPN105/android.widget.EditText - NapoleoN'

2023-07-25 12:21:10 - [MESSAGE][WARNING] - Timeout '0' is invalid. Using default page load timeout: '30'

2023-07-25 12:21:13 - [MESSAGE][PASSED] - Text 'ikonos' has been set to element 'Object Repository/Parte1/Envio de mensajes/CPN105/android.widget.EditText - NapoleoN'

2023-07-25 12:21:13 - [TEST_STEP][PASSED] - tap(findTestObject("Parte1/Envio de mensajes/CPN105/android.view.ViewGroup (1)"), 0): Tapped on element 'Object Repository/Parte1/Envio de mensajes/CPN105/android.view.ViewGroup (1)'

2023-07-25 12:21:13 - [MESSAGE][WARNING] - Timeout '0' is invalid. Using default page load timeout: '30'

2023-07-25 12:21:14 - [MESSAGE][PASSED] - Tapped on element 'Object Repository/Parte1/Envio de mensajes/CPN105/android.view.ViewGroup (1)'

2023-07-25 12:21:14 - [TEST_STEP][PASSED] - tap(findTestObject("Object Repository/Parte1/Envio de mensajes/CPN105/android.widget.ImageButton (2)"), 100): Tapped on element 'Object Repository/Parte1/Envio de mensajes/CPN105/android.widget.ImageButton (2)'

2023-07-25 12:21:15 - [MESSAGE][PASSED] - Tapped on element 'Object Repository/Parte1/Envio de mensajes/CPN105/android.widget.ImageButton (2)'

2023-07-25 12:21:15 - [TEST_STEP][PASSED] - tap(findTestObject("Object Repository/Parte1/Envio de mensajes/CPN105/android.widget.ImageButton (3)"), 100): Tapped on element 'Object Repository/Parte1/Envio de mensajes/CPN105/android.widget.ImageButton (3)'

2023-07-25 12:21:21 - [MESSAGE][PASSED] - Tapped on element 'Object Repository/Parte1/Envio de mensajes/CPN105/android.widget.ImageButton (3)']]></system-out>
         <system-err><![CDATA[]]></system-err>
      </testcase>
      <testcase name="Test Cases/Parte1/Envio de mensajes/CPN105.1" time="25.495" classname="Test Cases/Parte1/Envio de mensajes/CPN105.1" status="PASSED">
         <system-out><![CDATA[2023-07-25 12:21:21 - [TEST_CASE][PASSED] - Test Cases/Parte1/Envio de mensajes/CPN105.1: Test Cases/Parte1/Envio de mensajes/CPN105.1

2023-07-25 12:21:21 - [TEST_STEP][PASSED] - delay(2, CONTINUE_ON_FAILURE): Delayed 2 second(s)

2023-07-25 12:21:23 - [MESSAGE][PASSED] - Delayed 2 second(s)

2023-07-25 12:21:23 - [TEST_STEP][PASSED] - tap(findTestObject("Object Repository/Parte1/Envio de mensajes/CPN105.1/android.view.ViewGroup"), 0): Tapped on element 'Object Repository/Parte1/Envio de mensajes/CPN105.1/android.view.ViewGroup'

2023-07-25 12:21:23 - [MESSAGE][WARNING] - Timeout '0' is invalid. Using default page load timeout: '30'

2023-07-25 12:21:23 - [MESSAGE][PASSED] - Tapped on element 'Object Repository/Parte1/Envio de mensajes/CPN105.1/android.view.ViewGroup'

2023-07-25 12:21:23 - [TEST_STEP][PASSED] - tap(findTestObject("Object Repository/Parte1/Envio de mensajes/CPN105.1/android.widget.ImageButton"), 1): Tapped on element 'Object Repository/Parte1/Envio de mensajes/CPN105.1/android.widget.ImageButton'

2023-07-25 12:21:24 - [MESSAGE][PASSED] - Tapped on element 'Object Repository/Parte1/Envio de mensajes/CPN105.1/android.widget.ImageButton'

2023-07-25 12:21:24 - [TEST_STEP][PASSED] - tap(findTestObject("Object Repository/Parte1/Envio de mensajes/CPN105.1/android.widget.LinearLayout"), 1): Tapped on element 'Object Repository/Parte1/Envio de mensajes/CPN105.1/android.widget.LinearLayout'

2023-07-25 12:21:25 - [MESSAGE][PASSED] - Tapped on element 'Object Repository/Parte1/Envio de mensajes/CPN105.1/android.widget.LinearLayout'

2023-07-25 12:21:25 - [TEST_STEP][PASSED] - tap(findTestObject("Object Repository/Parte1/Envio de mensajes/CPN105.1/android.widget.ImageButton (1)"), 1): Tapped on element 'Object Repository/Parte1/Envio de mensajes/CPN105.1/android.widget.ImageButton (1)'

2023-07-25 12:21:27 - [MESSAGE][PASSED] - Tapped on element 'Object Repository/Parte1/Envio de mensajes/CPN105.1/android.widget.ImageButton (1)'

2023-07-25 12:21:27 - [TEST_STEP][PASSED] - tap(findTestObject("Object Repository/Parte1/Envio de mensajes/CPN105.1/android.widget.ImageButton (2)"), 0): Tapped on element 'Object Repository/Parte1/Envio de mensajes/CPN105.1/android.widget.ImageButton (2)'

2023-07-25 12:21:27 - [MESSAGE][WARNING] - Timeout '0' is invalid. Using default page load timeout: '30'

2023-07-25 12:21:30 - [MESSAGE][PASSED] - Tapped on element 'Object Repository/Parte1/Envio de mensajes/CPN105.1/android.widget.ImageButton (2)'

2023-07-25 12:21:30 - [TEST_STEP][PASSED] - tap(findTestObject("Parte1/Envio de mensajes/CPN105.1/android.widget.ImageButton"), 1): Tapped on element 'Object Repository/Parte1/Envio de mensajes/CPN105.1/android.widget.ImageButton'

2023-07-25 12:21:32 - [MESSAGE][PASSED] - Tapped on element 'Object Repository/Parte1/Envio de mensajes/CPN105.1/android.widget.ImageButton'

2023-07-25 12:21:32 - [TEST_STEP][PASSED] - tap(findTestObject("Parte1/Envio de mensajes/CPN105.1/android.widget.LinearLayout"), 1): Tapped on element 'Object Repository/Parte1/Envio de mensajes/CPN105.1/android.widget.LinearLayout'

2023-07-25 12:21:34 - [MESSAGE][PASSED] - Tapped on element 'Object Repository/Parte1/Envio de mensajes/CPN105.1/android.widget.LinearLayout'

2023-07-25 12:21:34 - [TEST_STEP][PASSED] - delay(3, CONTINUE_ON_FAILURE): Delayed 3 second(s)

2023-07-25 12:21:37 - [MESSAGE][PASSED] - Delayed 3 second(s)

2023-07-25 12:21:37 - [TEST_STEP][PASSED] - tap(findTestObject("Object Repository/Parte1/Envio de mensajes/CPN105.1/android.widget.ImageButton (3)"), 1): Tapped on element 'Object Repository/Parte1/Envio de mensajes/CPN105.1/android.widget.ImageButton (3)'

2023-07-25 12:21:37 - [MESSAGE][PASSED] - Tapped on element 'Object Repository/Parte1/Envio de mensajes/CPN105.1/android.widget.ImageButton (3)'

2023-07-25 12:21:37 - [TEST_STEP][PASSED] - tap(findTestObject("Object Repository/Parte1/Envio de mensajes/CPN105.1/android.widget.ImageButton (4)"), 1): Tapped on element 'Object Repository/Parte1/Envio de mensajes/CPN105.1/android.widget.ImageButton (4)'

2023-07-25 12:21:38 - [MESSAGE][PASSED] - Tapped on element 'Object Repository/Parte1/Envio de mensajes/CPN105.1/android.widget.ImageButton (4)'

2023-07-25 12:21:38 - [TEST_STEP][PASSED] - tap(findTestObject("Parte1/Envio de mensajes/CPN105.1/android.widget.ImageButton (2)"), 0): Tapped on element 'Object Repository/Parte1/Envio de mensajes/CPN105.1/android.widget.ImageButton (2)'

2023-07-25 12:21:38 - [MESSAGE][WARNING] - Timeout '0' is invalid. Using default page load timeout: '30'

2023-07-25 12:21:40 - [MESSAGE][PASSED] - Tapped on element 'Object Repository/Parte1/Envio de mensajes/CPN105.1/android.widget.ImageButton (2)'

2023-07-25 12:21:40 - [TEST_STEP][PASSED] - tap(findTestObject("Object Repository/Parte1/Envio de mensajes/CPN105.1/android.widget.ImageButton"), 1): Tapped on element 'Object Repository/Parte1/Envio de mensajes/CPN105.1/android.widget.ImageButton'

2023-07-25 12:21:42 - [MESSAGE][PASSED] - Tapped on element 'Object Repository/Parte1/Envio de mensajes/CPN105.1/android.widget.ImageButton'

2023-07-25 12:21:42 - [TEST_STEP][PASSED] - tap(findTestObject("Object Repository/Parte1/Envio de mensajes/CPN105.1/android.widget.ImageView"), 1): Tapped on element 'Object Repository/Parte1/Envio de mensajes/CPN105.1/android.widget.ImageView'

2023-07-25 12:21:43 - [MESSAGE][PASSED] - Tapped on element 'Object Repository/Parte1/Envio de mensajes/CPN105.1/android.widget.ImageView'

2023-07-25 12:21:43 - [TEST_STEP][PASSED] - tap(findTestObject("Object Repository/Parte1/Envio de mensajes/CPN105.1/android.widget.ImageButton (5)"), 1): Tapped on element 'Object Repository/Parte1/Envio de mensajes/CPN105.1/android.widget.ImageButton (5)'

2023-07-25 12:21:46 - [MESSAGE][PASSED] - Tapped on element 'Object Repository/Parte1/Envio de mensajes/CPN105.1/android.widget.ImageButton (5)']]></system-out>
         <system-err><![CDATA[]]></system-err>
      </testcase>
      <testcase name="Test Cases/Eliminar_conversacion" time="16.354" classname="Test Cases/Eliminar_conversacion" status="PASSED">
         <system-out><![CDATA[2023-07-25 12:21:46 - [TEST_CASE][PASSED] - Test Cases/Eliminar_conversacion: Test Cases/Eliminar_conversacion

2023-07-25 12:21:46 - [TEST_STEP][PASSED] - delay(5, CONTINUE_ON_FAILURE): Delayed 5 second(s)

2023-07-25 12:21:51 - [MESSAGE][PASSED] - Delayed 5 second(s)

2023-07-25 12:21:51 - [TEST_STEP][PASSED] - tapAndHold(findTestObject("Parte1/Eliminar_conversacion/android.view.ViewGroup"), 2, 1): Tapped and held on element 'Object Repository/Parte1/Eliminar_conversacion/android.view.ViewGroup' with duration 2

2023-07-25 12:21:55 - [MESSAGE][PASSED] - Tapped and held on element 'Object Repository/Parte1/Eliminar_conversacion/android.view.ViewGroup' with duration 2

2023-07-25 12:21:55 - [TEST_STEP][PASSED] - tap(findTestObject("Object Repository/Parte1/Eliminar_conversacion/android.widget.LinearLayout"), 0): Tapped on element 'Object Repository/Parte1/Eliminar_conversacion/android.widget.LinearLayout'

2023-07-25 12:21:55 - [MESSAGE][WARNING] - Timeout '0' is invalid. Using default page load timeout: '30'

2023-07-25 12:21:56 - [MESSAGE][PASSED] - Tapped on element 'Object Repository/Parte1/Eliminar_conversacion/android.widget.LinearLayout'

2023-07-25 12:21:56 - [TEST_STEP][PASSED] - delay(1, CONTINUE_ON_FAILURE): Delayed 1 second(s)

2023-07-25 12:21:57 - [MESSAGE][PASSED] - Delayed 1 second(s)

2023-07-25 12:21:57 - [TEST_STEP][PASSED] - tap(findTestObject("Object Repository/Parte1/Eliminar_conversacion/android.widget.Button - Aceptar"), 1): Tapped on element 'Object Repository/Parte1/Eliminar_conversacion/android.widget.Button - Aceptar'

2023-07-25 12:21:58 - [MESSAGE][PASSED] - Tapped on element 'Object Repository/Parte1/Eliminar_conversacion/android.widget.Button - Aceptar'

2023-07-25 12:21:58 - [TEST_STEP][PASSED] - delay(5, CONTINUE_ON_FAILURE): Delayed 5 second(s)

2023-07-25 12:22:03 - [MESSAGE][PASSED] - Delayed 5 second(s)]]></system-out>
         <system-err><![CDATA[]]></system-err>
      </testcase>
      <testcase name="Test Cases/Parte2/Ajustes/Cuenta/Pin de Acceso/CPN159" time="11.806" classname="Test Cases/Parte2/Ajustes/Cuenta/Pin de Acceso/CPN159" status="PASSED">
         <system-out><![CDATA[2023-07-25 12:22:03 - [TEST_CASE][PASSED] - Test Cases/Parte2/Ajustes/Cuenta/Pin de Acceso/CPN159: Test Cases/Parte2/Ajustes/Cuenta/Pin de Acceso/CPN159

2023-07-25 12:22:03 - [TEST_STEP][PASSED] - delay(0, STOP_ON_FAILURE): Delayed 0 second(s)

2023-07-25 12:22:03 - [MESSAGE][PASSED] - Delayed 0 second(s)

2023-07-25 12:22:03 - [TEST_STEP][PASSED] - tap(findTestObject("Parte2/Ajustes cuenta/Cuenta/Pin de Acceso/android.widget.FrameLayout (1)"), 0): Tapped on element 'Object Repository/Parte2/Ajustes cuenta/Cuenta/Pin de Acceso/android.widget.FrameLayout (1)'

2023-07-25 12:22:03 - [MESSAGE][WARNING] - Timeout '0' is invalid. Using default page load timeout: '30'

2023-07-25 12:22:03 - [MESSAGE][PASSED] - Tapped on element 'Object Repository/Parte2/Ajustes cuenta/Cuenta/Pin de Acceso/android.widget.FrameLayout (1)'

2023-07-25 12:22:03 - [TEST_STEP][PASSED] - tap(findTestObject("Parte2/Ajustes cuenta/Cuenta/Pin de Acceso/android.widget.LinearLayout"), 0): Tapped on element 'Object Repository/Parte2/Ajustes cuenta/Cuenta/Pin de Acceso/android.widget.LinearLayout'

2023-07-25 12:22:03 - [MESSAGE][WARNING] - Timeout '0' is invalid. Using default page load timeout: '30'

2023-07-25 12:22:04 - [MESSAGE][PASSED] - Tapped on element 'Object Repository/Parte2/Ajustes cuenta/Cuenta/Pin de Acceso/android.widget.LinearLayout'

2023-07-25 12:22:04 - [TEST_STEP][PASSED] - tap(findTestObject("Parte2/Ajustes cuenta/Cuenta/Pin de Acceso/android.widget.LinearLayout (1)"), 0): Tapped on element 'Object Repository/Parte2/Ajustes cuenta/Cuenta/Pin de Acceso/android.widget.LinearLayout (1)'

2023-07-25 12:22:04 - [MESSAGE][WARNING] - Timeout '0' is invalid. Using default page load timeout: '30'

2023-07-25 12:22:05 - [MESSAGE][PASSED] - Tapped on element 'Object Repository/Parte2/Ajustes cuenta/Cuenta/Pin de Acceso/android.widget.LinearLayout (1)'

2023-07-25 12:22:05 - [TEST_STEP][PASSED] - setText(findTestObject("Parte2/Ajustes cuenta/Cuenta/Pin de Acceso/android.widget.EditText - Pin de acceso antiguo"), "0000", 0): Text '0000' has been set to element 'Object Repository/Parte2/Ajustes cuenta/Cuenta/Pin de Acceso/android.widget.EditText - Pin de acceso antiguo'

2023-07-25 12:22:05 - [MESSAGE][WARNING] - Timeout '0' is invalid. Using default page load timeout: '30'

2023-07-25 12:22:07 - [MESSAGE][PASSED] - Text '0000' has been set to element 'Object Repository/Parte2/Ajustes cuenta/Cuenta/Pin de Acceso/android.widget.EditText - Pin de acceso antiguo'

2023-07-25 12:22:07 - [TEST_STEP][PASSED] - setText(findTestObject("Parte2/Ajustes cuenta/Cuenta/Pin de Acceso/android.widget.EditText - Nuevo pin de acceso"), "1234", 0): Text '1234' has been set to element 'Object Repository/Parte2/Ajustes cuenta/Cuenta/Pin de Acceso/android.widget.EditText - Nuevo pin de acceso'

2023-07-25 12:22:07 - [MESSAGE][WARNING] - Timeout '0' is invalid. Using default page load timeout: '30'

2023-07-25 12:22:09 - [MESSAGE][PASSED] - Text '1234' has been set to element 'Object Repository/Parte2/Ajustes cuenta/Cuenta/Pin de Acceso/android.widget.EditText - Nuevo pin de acceso'

2023-07-25 12:22:09 - [TEST_STEP][PASSED] - setText(findTestObject("Parte2/Ajustes cuenta/Cuenta/Pin de Acceso/android.widget.EditText - Confirmar nuevo pin de acceso"), "4321", 0): Text '4321' has been set to element 'Object Repository/Parte2/Ajustes cuenta/Cuenta/Pin de Acceso/android.widget.EditText - Confirmar nuevo pin de acceso'

2023-07-25 12:22:09 - [MESSAGE][WARNING] - Timeout '0' is invalid. Using default page load timeout: '30'

2023-07-25 12:22:10 - [MESSAGE][PASSED] - Text '4321' has been set to element 'Object Repository/Parte2/Ajustes cuenta/Cuenta/Pin de Acceso/android.widget.EditText - Confirmar nuevo pin de acceso'

2023-07-25 12:22:10 - [TEST_STEP][PASSED] - tap(findTestObject("Parte2/Ajustes cuenta/Cuenta/Pin de Acceso/android.widget.Button - Editar"), 0): Tapped on element 'Object Repository/Parte2/Ajustes cuenta/Cuenta/Pin de Acceso/android.widget.Button - Editar'

2023-07-25 12:22:10 - [MESSAGE][WARNING] - Timeout '0' is invalid. Using default page load timeout: '30'

2023-07-25 12:22:11 - [MESSAGE][PASSED] - Tapped on element 'Object Repository/Parte2/Ajustes cuenta/Cuenta/Pin de Acceso/android.widget.Button - Editar'

2023-07-25 12:22:11 - [TEST_STEP][PASSED] - verifyElementText(findTestObject("Parte2/Ajustes cuenta/Cuenta/Pin de Acceso/android.widget.TextView - El pin de acceso no coincide"), "El pin de acceso no coincide"): Actual text and expected text of test object 'Object Repository/Parte2/Ajustes cuenta/Cuenta/Pin de Acceso/android.widget.TextView - El pin de acceso no coincide' are matched.

2023-07-25 12:22:12 - [MESSAGE][PASSED] - Actual text and expected text of test object 'Object Repository/Parte2/Ajustes cuenta/Cuenta/Pin de Acceso/android.widget.TextView - El pin de acceso no coincide' are matched.

2023-07-25 12:22:12 - [TEST_STEP][PASSED] - verifyElementText(findTestObject("Parte2/Ajustes cuenta/Cuenta/Pin de Acceso/android.widget.TextView - El pin de acceso no coincide (1)"), "El pin de acceso no coincide"): Actual text and expected text of test object 'Object Repository/Parte2/Ajustes cuenta/Cuenta/Pin de Acceso/android.widget.TextView - El pin de acceso no coincide (1)' are matched.

2023-07-25 12:22:12 - [MESSAGE][PASSED] - Actual text and expected text of test object 'Object Repository/Parte2/Ajustes cuenta/Cuenta/Pin de Acceso/android.widget.TextView - El pin de acceso no coincide (1)' are matched.

2023-07-25 12:22:12 - [TEST_STEP][PASSED] - tap(findTestObject("Parte2/Ajustes cuenta/Cuenta/Pin de Acceso/android.widget.ImageButton"), 0): Tapped on element 'Object Repository/Parte2/Ajustes cuenta/Cuenta/Pin de Acceso/android.widget.ImageButton'

2023-07-25 12:22:12 - [MESSAGE][WARNING] - Timeout '0' is invalid. Using default page load timeout: '30'

2023-07-25 12:22:12 - [MESSAGE][PASSED] - Tapped on element 'Object Repository/Parte2/Ajustes cuenta/Cuenta/Pin de Acceso/android.widget.ImageButton'

2023-07-25 12:22:12 - [TEST_STEP][PASSED] - tap(findTestObject("Parte2/Ajustes cuenta/Cuenta/Pin de Acceso/android.widget.LinearLayout (1)"), 0): Tapped on element 'Object Repository/Parte2/Ajustes cuenta/Cuenta/Pin de Acceso/android.widget.LinearLayout (1)'

2023-07-25 12:22:12 - [MESSAGE][WARNING] - Timeout '0' is invalid. Using default page load timeout: '30'

2023-07-25 12:22:14 - [MESSAGE][PASSED] - Tapped on element 'Object Repository/Parte2/Ajustes cuenta/Cuenta/Pin de Acceso/android.widget.LinearLayout (1)']]></system-out>
         <system-err><![CDATA[]]></system-err>
      </testcase>
      <testcase name="Test Cases/Parte2/Ajustes/Cuenta/Pin de Acceso/CPN160" time="8.168" classname="Test Cases/Parte2/Ajustes/Cuenta/Pin de Acceso/CPN160" status="PASSED">
         <system-out><![CDATA[2023-07-25 12:22:14 - [TEST_CASE][PASSED] - Test Cases/Parte2/Ajustes/Cuenta/Pin de Acceso/CPN160: Test Cases/Parte2/Ajustes/Cuenta/Pin de Acceso/CPN160

2023-07-25 12:22:15 - [TEST_STEP][PASSED] - setText(findTestObject("Parte2/Ajustes cuenta/Cuenta/Pin de Acceso/android.widget.EditText - Pin de acceso antiguo"), "1234", 0): Text '1234' has been set to element 'Object Repository/Parte2/Ajustes cuenta/Cuenta/Pin de Acceso/android.widget.EditText - Pin de acceso antiguo'

2023-07-25 12:22:15 - [MESSAGE][WARNING] - Timeout '0' is invalid. Using default page load timeout: '30'

2023-07-25 12:22:16 - [MESSAGE][PASSED] - Text '1234' has been set to element 'Object Repository/Parte2/Ajustes cuenta/Cuenta/Pin de Acceso/android.widget.EditText - Pin de acceso antiguo'

2023-07-25 12:22:16 - [TEST_STEP][PASSED] - setText(findTestObject("Parte2/Ajustes cuenta/Cuenta/Pin de Acceso/android.widget.EditText - Nuevo pin de acceso"), "1111", 0): Text '1111' has been set to element 'Object Repository/Parte2/Ajustes cuenta/Cuenta/Pin de Acceso/android.widget.EditText - Nuevo pin de acceso'

2023-07-25 12:22:16 - [MESSAGE][WARNING] - Timeout '0' is invalid. Using default page load timeout: '30'

2023-07-25 12:22:18 - [MESSAGE][PASSED] - Text '1111' has been set to element 'Object Repository/Parte2/Ajustes cuenta/Cuenta/Pin de Acceso/android.widget.EditText - Nuevo pin de acceso'

2023-07-25 12:22:18 - [TEST_STEP][PASSED] - setText(findTestObject("Parte2/Ajustes cuenta/Cuenta/Pin de Acceso/android.widget.EditText - Confirmar nuevo pin de acceso"), "1111", 0): Text '1111' has been set to element 'Object Repository/Parte2/Ajustes cuenta/Cuenta/Pin de Acceso/android.widget.EditText - Confirmar nuevo pin de acceso'

2023-07-25 12:22:18 - [MESSAGE][WARNING] - Timeout '0' is invalid. Using default page load timeout: '30'

2023-07-25 12:22:19 - [MESSAGE][PASSED] - Text '1111' has been set to element 'Object Repository/Parte2/Ajustes cuenta/Cuenta/Pin de Acceso/android.widget.EditText - Confirmar nuevo pin de acceso'

2023-07-25 12:22:19 - [TEST_STEP][PASSED] - tap(findTestObject("Parte2/Ajustes cuenta/Cuenta/Pin de Acceso/android.widget.Button - Editar"), 0): Tapped on element 'Object Repository/Parte2/Ajustes cuenta/Cuenta/Pin de Acceso/android.widget.Button - Editar'

2023-07-25 12:22:19 - [MESSAGE][WARNING] - Timeout '0' is invalid. Using default page load timeout: '30'

2023-07-25 12:22:21 - [MESSAGE][PASSED] - Tapped on element 'Object Repository/Parte2/Ajustes cuenta/Cuenta/Pin de Acceso/android.widget.Button - Editar'

2023-07-25 12:22:21 - [TEST_STEP][PASSED] - verifyElementText(findTestObject("Parte2/Ajustes cuenta/Cuenta/Pin de Acceso/android.widget.TextView - Pin de acceso no corresponde"), "Pin de acceso no corresponde"): Actual text and expected text of test object 'Object Repository/Parte2/Ajustes cuenta/Cuenta/Pin de Acceso/android.widget.TextView - Pin de acceso no corresponde' are matched.

2023-07-25 12:22:21 - [MESSAGE][PASSED] - Actual text and expected text of test object 'Object Repository/Parte2/Ajustes cuenta/Cuenta/Pin de Acceso/android.widget.TextView - Pin de acceso no corresponde' are matched.

2023-07-25 12:22:21 - [TEST_STEP][PASSED] - tap(findTestObject("Parte2/Ajustes cuenta/Cuenta/Pin de Acceso/android.widget.ImageButton"), 0, STOP_ON_FAILURE): Tapped on element 'Object Repository/Parte2/Ajustes cuenta/Cuenta/Pin de Acceso/android.widget.ImageButton'

2023-07-25 12:22:21 - [MESSAGE][WARNING] - Timeout '0' is invalid. Using default page load timeout: '30'

2023-07-25 12:22:21 - [MESSAGE][PASSED] - Tapped on element 'Object Repository/Parte2/Ajustes cuenta/Cuenta/Pin de Acceso/android.widget.ImageButton'

2023-07-25 12:22:21 - [TEST_STEP][PASSED] - tap(findTestObject("Parte2/Ajustes cuenta/Cuenta/Pin de Acceso/android.widget.LinearLayout (1)"), 0): Tapped on element 'Object Repository/Parte2/Ajustes cuenta/Cuenta/Pin de Acceso/android.widget.LinearLayout (1)'

2023-07-25 12:22:21 - [MESSAGE][WARNING] - Timeout '0' is invalid. Using default page load timeout: '30'

2023-07-25 12:22:23 - [MESSAGE][PASSED] - Tapped on element 'Object Repository/Parte2/Ajustes cuenta/Cuenta/Pin de Acceso/android.widget.LinearLayout (1)']]></system-out>
         <system-err><![CDATA[]]></system-err>
      </testcase>
      <testcase name="Test Cases/Parte2/Ajustes/Cuenta/Pin de Acceso/CPN161" time="6.622" classname="Test Cases/Parte2/Ajustes/Cuenta/Pin de Acceso/CPN161" status="PASSED">
         <system-out><![CDATA[2023-07-25 12:22:23 - [TEST_CASE][PASSED] - Test Cases/Parte2/Ajustes/Cuenta/Pin de Acceso/CPN161: Test Cases/Parte2/Ajustes/Cuenta/Pin de Acceso/CPN161

2023-07-25 12:22:23 - [TEST_STEP][PASSED] - setText(findTestObject("Parte2/Ajustes cuenta/Cuenta/Pin de Acceso/android.widget.EditText - Pin de acceso antiguo"), "0000", 0): Text '0000' has been set to element 'Object Repository/Parte2/Ajustes cuenta/Cuenta/Pin de Acceso/android.widget.EditText - Pin de acceso antiguo'

2023-07-25 12:22:23 - [MESSAGE][WARNING] - Timeout '0' is invalid. Using default page load timeout: '30'

2023-07-25 12:22:25 - [MESSAGE][PASSED] - Text '0000' has been set to element 'Object Repository/Parte2/Ajustes cuenta/Cuenta/Pin de Acceso/android.widget.EditText - Pin de acceso antiguo'

2023-07-25 12:22:25 - [TEST_STEP][PASSED] - setText(findTestObject("Parte2/Ajustes cuenta/Cuenta/Pin de Acceso/android.widget.EditText - Nuevo pin de acceso"), "1111", 0): Text '1111' has been set to element 'Object Repository/Parte2/Ajustes cuenta/Cuenta/Pin de Acceso/android.widget.EditText - Nuevo pin de acceso'

2023-07-25 12:22:25 - [MESSAGE][WARNING] - Timeout '0' is invalid. Using default page load timeout: '30'

2023-07-25 12:22:27 - [MESSAGE][PASSED] - Text '1111' has been set to element 'Object Repository/Parte2/Ajustes cuenta/Cuenta/Pin de Acceso/android.widget.EditText - Nuevo pin de acceso'

2023-07-25 12:22:27 - [TEST_STEP][PASSED] - setText(findTestObject("Parte2/Ajustes cuenta/Cuenta/Pin de Acceso/android.widget.EditText - Confirmar nuevo pin de acceso (1)"), "1111", 0): Text '1111' has been set to element 'Object Repository/Parte2/Ajustes cuenta/Cuenta/Pin de Acceso/android.widget.EditText - Confirmar nuevo pin de acceso (1)'

2023-07-25 12:22:27 - [MESSAGE][WARNING] - Timeout '0' is invalid. Using default page load timeout: '30'

2023-07-25 12:22:28 - [MESSAGE][PASSED] - Text '1111' has been set to element 'Object Repository/Parte2/Ajustes cuenta/Cuenta/Pin de Acceso/android.widget.EditText - Confirmar nuevo pin de acceso (1)'

2023-07-25 12:22:28 - [TEST_STEP][PASSED] - tap(findTestObject("Parte2/Ajustes cuenta/Cuenta/Pin de Acceso/android.widget.Button - Editar"), 0): Tapped on element 'Object Repository/Parte2/Ajustes cuenta/Cuenta/Pin de Acceso/android.widget.Button - Editar'

2023-07-25 12:22:28 - [MESSAGE][WARNING] - Timeout '0' is invalid. Using default page load timeout: '30'

2023-07-25 12:22:29 - [MESSAGE][PASSED] - Tapped on element 'Object Repository/Parte2/Ajustes cuenta/Cuenta/Pin de Acceso/android.widget.Button - Editar']]></system-out>
         <system-err><![CDATA[]]></system-err>
      </testcase>
      <testcase name="Test Cases/Parte2/Ajustes/Cuenta/Opciones de desbloqueo/CPN162" time="7.053" classname="Test Cases/Parte2/Ajustes/Cuenta/Opciones de desbloqueo/CPN162" status="PASSED">
         <system-out><![CDATA[2023-07-25 12:22:29 - [TEST_CASE][PASSED] - Test Cases/Parte2/Ajustes/Cuenta/Opciones de desbloqueo/CPN162: Test Cases/Parte2/Ajustes/Cuenta/Opciones de desbloqueo/CPN162

2023-07-25 12:22:29 - [TEST_STEP][PASSED] - tap(findTestObject("Parte2/Ajustes cuenta/Cuenta/Opciones de desbloqueo/android.widget.TextView - Opciones de desbloqueo"), 0): Tapped on element 'Object Repository/Parte2/Ajustes cuenta/Cuenta/Opciones de desbloqueo/android.widget.TextView - Opciones de desbloqueo'

2023-07-25 12:22:29 - [MESSAGE][WARNING] - Timeout '0' is invalid. Using default page load timeout: '30'

2023-07-25 12:22:31 - [MESSAGE][PASSED] - Tapped on element 'Object Repository/Parte2/Ajustes cuenta/Cuenta/Opciones de desbloqueo/android.widget.TextView - Opciones de desbloqueo'

2023-07-25 12:22:31 - [TEST_STEP][PASSED] - verifyElementExist(findTestObject("Parte2/Ajustes cuenta/Cuenta/Opciones de desbloqueo/android.widget.RadioGroup"), 0): Element 'Object Repository/Parte2/Ajustes cuenta/Cuenta/Opciones de desbloqueo/android.widget.RadioGroup' is exist

2023-07-25 12:22:31 - [MESSAGE][WARNING] - Timeout '0' is invalid. Using default page load timeout: '30'

2023-07-25 12:22:31 - [MESSAGE][PASSED] - Element 'Object Repository/Parte2/Ajustes cuenta/Cuenta/Opciones de desbloqueo/android.widget.RadioGroup' is exist

2023-07-25 12:22:31 - [TEST_STEP][PASSED] - delay(5, STOP_ON_FAILURE): Delayed 5 second(s)

2023-07-25 12:22:36 - [MESSAGE][PASSED] - Delayed 5 second(s)]]></system-out>
         <system-err><![CDATA[]]></system-err>
      </testcase>
      <testcase name="Test Cases/Parte2/Ajustes/Cuenta/Opciones de desbloqueo/CPN163" time="6.553" classname="Test Cases/Parte2/Ajustes/Cuenta/Opciones de desbloqueo/CPN163" status="PASSED">
         <system-out><![CDATA[2023-07-25 12:22:36 - [TEST_CASE][PASSED] - Test Cases/Parte2/Ajustes/Cuenta/Opciones de desbloqueo/CPN163: Test Cases/Parte2/Ajustes/Cuenta/Opciones de desbloqueo/CPN163

2023-07-25 12:22:36 - [TEST_STEP][PASSED] - tap(findTestObject("Parte2/Ajustes cuenta/Cuenta/Opciones de desbloqueo/android.widget.RadioButton - Pin  Huella dactilar"), 0): Tapped on element 'Object Repository/Parte2/Ajustes cuenta/Cuenta/Opciones de desbloqueo/android.widget.RadioButton - Pin  Huella dactilar'

2023-07-25 12:22:36 - [MESSAGE][WARNING] - Timeout '0' is invalid. Using default page load timeout: '30'

2023-07-25 12:22:37 - [MESSAGE][PASSED] - Tapped on element 'Object Repository/Parte2/Ajustes cuenta/Cuenta/Opciones de desbloqueo/android.widget.RadioButton - Pin  Huella dactilar'

2023-07-25 12:22:37 - [TEST_STEP][PASSED] - tap(findTestObject("Parte2/Ajustes cuenta/Cuenta/Opciones de desbloqueo/android.widget.Button - Aceptar"), 0): Tapped on element 'Object Repository/Parte2/Ajustes cuenta/Cuenta/Opciones de desbloqueo/android.widget.Button - Aceptar'

2023-07-25 12:22:37 - [MESSAGE][WARNING] - Timeout '0' is invalid. Using default page load timeout: '30'

2023-07-25 12:22:38 - [MESSAGE][PASSED] - Tapped on element 'Object Repository/Parte2/Ajustes cuenta/Cuenta/Opciones de desbloqueo/android.widget.Button - Aceptar'

2023-07-25 12:22:38 - [TEST_STEP][PASSED] - delay(5, STOP_ON_FAILURE): Delayed 5 second(s)

2023-07-25 12:22:43 - [MESSAGE][PASSED] - Delayed 5 second(s)]]></system-out>
         <system-err><![CDATA[]]></system-err>
      </testcase>
      <testcase name="Test Cases/Parte2/Ajustes/Cuenta/Tiempo Pin de Acceso/CPN169" time="24.123" classname="Test Cases/Parte2/Ajustes/Cuenta/Tiempo Pin de Acceso/CPN169" status="PASSED">
         <system-out><![CDATA[2023-07-25 12:22:43 - [TEST_CASE][PASSED] - Test Cases/Parte2/Ajustes/Cuenta/Tiempo Pin de Acceso/CPN169: Test Cases/Parte2/Ajustes/Cuenta/Tiempo Pin de Acceso/CPN169

2023-07-25 12:22:44 - [TEST_STEP][PASSED] - tap(findTestObject("Parte2/Ajustes cuenta/Cuenta/Solicitud Pin de Acceso/android.widget.TextView - Tiempo para solicitud de pin de acceso"), 0): Tapped on element 'Object Repository/Parte2/Ajustes cuenta/Cuenta/Solicitud Pin de Acceso/android.widget.TextView - Tiempo para solicitud de pin de acceso'

2023-07-25 12:22:44 - [MESSAGE][WARNING] - Timeout '0' is invalid. Using default page load timeout: '30'

2023-07-25 12:22:45 - [MESSAGE][PASSED] - Tapped on element 'Object Repository/Parte2/Ajustes cuenta/Cuenta/Solicitud Pin de Acceso/android.widget.TextView - Tiempo para solicitud de pin de acceso'

2023-07-25 12:22:45 - [TEST_STEP][PASSED] - tap(findTestObject("Parte2/Ajustes cuenta/Cuenta/Solicitud Pin de Acceso/android.widget.RadioButton - Inmediatamente"), 0): Tapped on element 'Object Repository/Parte2/Ajustes cuenta/Cuenta/Solicitud Pin de Acceso/android.widget.RadioButton - Inmediatamente'

2023-07-25 12:22:45 - [MESSAGE][WARNING] - Timeout '0' is invalid. Using default page load timeout: '30'

2023-07-25 12:22:45 - [MESSAGE][PASSED] - Tapped on element 'Object Repository/Parte2/Ajustes cuenta/Cuenta/Solicitud Pin de Acceso/android.widget.RadioButton - Inmediatamente'

2023-07-25 12:22:45 - [TEST_STEP][PASSED] - verifyElementExist(findTestObject("Parte2/Ajustes cuenta/Cuenta/Solicitud Pin de Acceso/android.view.ViewGroup (1)"), 0): Element 'Object Repository/Parte2/Ajustes cuenta/Cuenta/Solicitud Pin de Acceso/android.view.ViewGroup (1)' is exist

2023-07-25 12:22:46 - [MESSAGE][WARNING] - Timeout '0' is invalid. Using default page load timeout: '30'

2023-07-25 12:22:46 - [MESSAGE][PASSED] - Element 'Object Repository/Parte2/Ajustes cuenta/Cuenta/Solicitud Pin de Acceso/android.view.ViewGroup (1)' is exist

2023-07-25 12:22:46 - [TEST_STEP][PASSED] - tap(findTestObject("Parte2/Ajustes cuenta/Cuenta/Solicitud Pin de Acceso/android.widget.Button - Aceptar"), 0): Tapped on element 'Object Repository/Parte2/Ajustes cuenta/Cuenta/Solicitud Pin de Acceso/android.widget.Button - Aceptar'

2023-07-25 12:22:46 - [MESSAGE][WARNING] - Timeout '0' is invalid. Using default page load timeout: '30'

2023-07-25 12:22:46 - [MESSAGE][PASSED] - Tapped on element 'Object Repository/Parte2/Ajustes cuenta/Cuenta/Solicitud Pin de Acceso/android.widget.Button - Aceptar'

2023-07-25 12:22:46 - [TEST_STEP][PASSED] - verifyElementText(findTestObject("Parte2/Ajustes cuenta/Cuenta/Solicitud Pin de Acceso/android.widget.TextView - Inmediatamente"), "Inmediatamente"): Actual text and expected text of test object 'Object Repository/Parte2/Ajustes cuenta/Cuenta/Solicitud Pin de Acceso/android.widget.TextView - Inmediatamente' are matched.

2023-07-25 12:22:47 - [MESSAGE][PASSED] - Actual text and expected text of test object 'Object Repository/Parte2/Ajustes cuenta/Cuenta/Solicitud Pin de Acceso/android.widget.TextView - Inmediatamente' are matched.

2023-07-25 12:22:47 - [TEST_STEP][PASSED] - pressBack(): Press back button successfully

2023-07-25 12:22:47 - [MESSAGE][PASSED] - Press back button successfully

2023-07-25 12:22:47 - [TEST_STEP][PASSED] - pressBack(): Press back button successfully

2023-07-25 12:22:48 - [MESSAGE][PASSED] - Press back button successfully

2023-07-25 12:22:48 - [TEST_STEP][PASSED] - pressBack(): Press back button successfully

2023-07-25 12:22:50 - [MESSAGE][PASSED] - Press back button successfully

2023-07-25 12:22:50 - [TEST_STEP][PASSED] - delay(5, CONTINUE_ON_FAILURE): Delayed 5 second(s)

2023-07-25 12:22:55 - [MESSAGE][PASSED] - Delayed 5 second(s)

2023-07-25 12:22:55 - [TEST_STEP][PASSED] - tap(findTestObject("Parte2/Ajustes cuenta/Cuenta/Solicitud Pin de Acceso/android.widget.TextView - NapoleoN"), 0): Tapped on element 'Object Repository/Parte2/Ajustes cuenta/Cuenta/Solicitud Pin de Acceso/android.widget.TextView - NapoleoN'

2023-07-25 12:22:55 - [MESSAGE][WARNING] - Timeout '0' is invalid. Using default page load timeout: '30'

2023-07-25 12:22:56 - [MESSAGE][PASSED] - Tapped on element 'Object Repository/Parte2/Ajustes cuenta/Cuenta/Solicitud Pin de Acceso/android.widget.TextView - NapoleoN'

2023-07-25 12:22:56 - [TEST_STEP][PASSED] - pressBack(): Press back button successfully

2023-07-25 12:23:00 - [MESSAGE][PASSED] - Press back button successfully

2023-07-25 12:23:00 - [TEST_STEP][PASSED] - tap(findTestObject("Parte2/Ajustes cuenta/Cuenta/Solicitud Pin de Acceso/android.widget.TextView - NapoleoN"), 0): Tapped on element 'Object Repository/Parte2/Ajustes cuenta/Cuenta/Solicitud Pin de Acceso/android.widget.TextView - NapoleoN'

2023-07-25 12:23:00 - [MESSAGE][WARNING] - Timeout '0' is invalid. Using default page load timeout: '30'

2023-07-25 12:23:01 - [MESSAGE][PASSED] - Tapped on element 'Object Repository/Parte2/Ajustes cuenta/Cuenta/Solicitud Pin de Acceso/android.widget.TextView - NapoleoN'

2023-07-25 12:23:01 - [TEST_STEP][PASSED] - tap(findTestObject("Parte2/Ajustes cuenta/Cuenta/Solicitud Pin de Acceso/android.widget.ImageButton (1)"), 0): Tapped on element 'Object Repository/Parte2/Ajustes cuenta/Cuenta/Solicitud Pin de Acceso/android.widget.ImageButton (1)'

2023-07-25 12:23:01 - [MESSAGE][WARNING] - Timeout '0' is invalid. Using default page load timeout: '30'

2023-07-25 12:23:03 - [MESSAGE][PASSED] - Tapped on element 'Object Repository/Parte2/Ajustes cuenta/Cuenta/Solicitud Pin de Acceso/android.widget.ImageButton (1)'

2023-07-25 12:23:03 - [TEST_STEP][PASSED] - tap(findTestObject("Parte2/Ajustes cuenta/Cuenta/Solicitud Pin de Acceso/android.widget.ImageButton (1)"), 0): Tapped on element 'Object Repository/Parte2/Ajustes cuenta/Cuenta/Solicitud Pin de Acceso/android.widget.ImageButton (1)'

2023-07-25 12:23:03 - [MESSAGE][WARNING] - Timeout '0' is invalid. Using default page load timeout: '30'

2023-07-25 12:23:04 - [MESSAGE][PASSED] - Tapped on element 'Object Repository/Parte2/Ajustes cuenta/Cuenta/Solicitud Pin de Acceso/android.widget.ImageButton (1)'

2023-07-25 12:23:04 - [TEST_STEP][PASSED] - tap(findTestObject("Parte2/Ajustes cuenta/Cuenta/Solicitud Pin de Acceso/android.widget.ImageButton (1)"), 0): Tapped on element 'Object Repository/Parte2/Ajustes cuenta/Cuenta/Solicitud Pin de Acceso/android.widget.ImageButton (1)'

2023-07-25 12:23:04 - [MESSAGE][WARNING] - Timeout '0' is invalid. Using default page load timeout: '30'

2023-07-25 12:23:05 - [MESSAGE][PASSED] - Tapped on element 'Object Repository/Parte2/Ajustes cuenta/Cuenta/Solicitud Pin de Acceso/android.widget.ImageButton (1)'

2023-07-25 12:23:05 - [TEST_STEP][PASSED] - tap(findTestObject("Parte2/Ajustes cuenta/Cuenta/Solicitud Pin de Acceso/android.widget.ImageButton (1)"), 0): Tapped on element 'Object Repository/Parte2/Ajustes cuenta/Cuenta/Solicitud Pin de Acceso/android.widget.ImageButton (1)'

2023-07-25 12:23:05 - [MESSAGE][WARNING] - Timeout '0' is invalid. Using default page load timeout: '30'

2023-07-25 12:23:05 - [MESSAGE][PASSED] - Tapped on element 'Object Repository/Parte2/Ajustes cuenta/Cuenta/Solicitud Pin de Acceso/android.widget.ImageButton (1)'

2023-07-25 12:23:05 - [TEST_STEP][PASSED] - verifyElementExist(findTestObject("Parte2/Ajustes cuenta/Cuenta/Solicitud Pin de Acceso/android.view.ViewGroup"), 0): Element 'Object Repository/Parte2/Ajustes cuenta/Cuenta/Solicitud Pin de Acceso/android.view.ViewGroup' is exist

2023-07-25 12:23:05 - [MESSAGE][WARNING] - Timeout '0' is invalid. Using default page load timeout: '30'

2023-07-25 12:23:07 - [MESSAGE][PASSED] - Element 'Object Repository/Parte2/Ajustes cuenta/Cuenta/Solicitud Pin de Acceso/android.view.ViewGroup' is exist]]></system-out>
         <system-err><![CDATA[]]></system-err>
      </testcase>
      <testcase name="Test Cases/Parte2/Ajustes/Cuenta/Tiempo Pin de Acceso/CPN170" time="23.777" classname="Test Cases/Parte2/Ajustes/Cuenta/Tiempo Pin de Acceso/CPN170" status="PASSED">
         <system-out><![CDATA[2023-07-25 12:23:07 - [TEST_CASE][PASSED] - Test Cases/Parte2/Ajustes/Cuenta/Tiempo Pin de Acceso/CPN170: Test Cases/Parte2/Ajustes/Cuenta/Tiempo Pin de Acceso/CPN170

2023-07-25 12:23:07 - [TEST_STEP][PASSED] - tap(findTestObject("Parte2/Ajustes cuenta/Cuenta/Solicitud Pin de Acceso/android.widget.FrameLayout"), 0): Tapped on element 'Object Repository/Parte2/Ajustes cuenta/Cuenta/Solicitud Pin de Acceso/android.widget.FrameLayout'

2023-07-25 12:23:07 - [MESSAGE][WARNING] - Timeout '0' is invalid. Using default page load timeout: '30'

2023-07-25 12:23:07 - [MESSAGE][PASSED] - Tapped on element 'Object Repository/Parte2/Ajustes cuenta/Cuenta/Solicitud Pin de Acceso/android.widget.FrameLayout'

2023-07-25 12:23:07 - [TEST_STEP][PASSED] - tap(findTestObject("Parte2/Ajustes cuenta/Cuenta/Solicitud Pin de Acceso/android.widget.LinearLayout"), 0): Tapped on element 'Object Repository/Parte2/Ajustes cuenta/Cuenta/Solicitud Pin de Acceso/android.widget.LinearLayout'

2023-07-25 12:23:07 - [MESSAGE][WARNING] - Timeout '0' is invalid. Using default page load timeout: '30'

2023-07-25 12:23:09 - [MESSAGE][PASSED] - Tapped on element 'Object Repository/Parte2/Ajustes cuenta/Cuenta/Solicitud Pin de Acceso/android.widget.LinearLayout'

2023-07-25 12:23:09 - [TEST_STEP][PASSED] - tap(findTestObject("Parte2/Ajustes cuenta/Cuenta/Solicitud Pin de Acceso/android.widget.TextView - Tiempo para solicitud de pin de acceso"), 0): Tapped on element 'Object Repository/Parte2/Ajustes cuenta/Cuenta/Solicitud Pin de Acceso/android.widget.TextView - Tiempo para solicitud de pin de acceso'

2023-07-25 12:23:09 - [MESSAGE][WARNING] - Timeout '0' is invalid. Using default page load timeout: '30'

2023-07-25 12:23:10 - [MESSAGE][PASSED] - Tapped on element 'Object Repository/Parte2/Ajustes cuenta/Cuenta/Solicitud Pin de Acceso/android.widget.TextView - Tiempo para solicitud de pin de acceso'

2023-07-25 12:23:10 - [TEST_STEP][PASSED] - tap(findTestObject("Parte2/Ajustes cuenta/Cuenta/Solicitud Pin de Acceso/android.widget.RadioButton - 10 Segundos"), 0): Tapped on element 'Object Repository/Parte2/Ajustes cuenta/Cuenta/Solicitud Pin de Acceso/android.widget.RadioButton - 10 Segundos'

2023-07-25 12:23:10 - [MESSAGE][WARNING] - Timeout '0' is invalid. Using default page load timeout: '30'

2023-07-25 12:23:11 - [MESSAGE][PASSED] - Tapped on element 'Object Repository/Parte2/Ajustes cuenta/Cuenta/Solicitud Pin de Acceso/android.widget.RadioButton - 10 Segundos'

2023-07-25 12:23:11 - [TEST_STEP][PASSED] - verifyElementExist(findTestObject("Parte2/Ajustes cuenta/Cuenta/Solicitud Pin de Acceso/android.view.ViewGroup (1)"), 0): Element 'Object Repository/Parte2/Ajustes cuenta/Cuenta/Solicitud Pin de Acceso/android.view.ViewGroup (1)' is exist

2023-07-25 12:23:11 - [MESSAGE][WARNING] - Timeout '0' is invalid. Using default page load timeout: '30'

2023-07-25 12:23:11 - [MESSAGE][PASSED] - Element 'Object Repository/Parte2/Ajustes cuenta/Cuenta/Solicitud Pin de Acceso/android.view.ViewGroup (1)' is exist

2023-07-25 12:23:11 - [TEST_STEP][PASSED] - tap(findTestObject("Parte2/Ajustes cuenta/Cuenta/Solicitud Pin de Acceso/android.widget.Button - Aceptar"), 0): Tapped on element 'Object Repository/Parte2/Ajustes cuenta/Cuenta/Solicitud Pin de Acceso/android.widget.Button - Aceptar'

2023-07-25 12:23:11 - [MESSAGE][WARNING] - Timeout '0' is invalid. Using default page load timeout: '30'

2023-07-25 12:23:12 - [MESSAGE][PASSED] - Tapped on element 'Object Repository/Parte2/Ajustes cuenta/Cuenta/Solicitud Pin de Acceso/android.widget.Button - Aceptar'

2023-07-25 12:23:12 - [TEST_STEP][PASSED] - verifyElementText(findTestObject("Parte2/Ajustes cuenta/Cuenta/Solicitud Pin de Acceso/android.widget.TextView - 10 Segundos"), "10 Segundos"): Actual text and expected text of test object 'Object Repository/Parte2/Ajustes cuenta/Cuenta/Solicitud Pin de Acceso/android.widget.TextView - 10 Segundos' are matched.

2023-07-25 12:23:12 - [MESSAGE][PASSED] - Actual text and expected text of test object 'Object Repository/Parte2/Ajustes cuenta/Cuenta/Solicitud Pin de Acceso/android.widget.TextView - 10 Segundos' are matched.

2023-07-25 12:23:12 - [TEST_STEP][PASSED] - pressBack(): Press back button successfully

2023-07-25 12:23:13 - [MESSAGE][PASSED] - Press back button successfully

2023-07-25 12:23:13 - [TEST_STEP][PASSED] - pressBack(): Press back button successfully

2023-07-25 12:23:14 - [MESSAGE][PASSED] - Press back button successfully

2023-07-25 12:23:14 - [TEST_STEP][PASSED] - pressBack(): Press back button successfully

2023-07-25 12:23:15 - [MESSAGE][PASSED] - Press back button successfully

2023-07-25 12:23:15 - [TEST_STEP][PASSED] - delay(10): Delayed 10 second(s)

2023-07-25 12:23:25 - [MESSAGE][PASSED] - Delayed 10 second(s)

2023-07-25 12:23:25 - [TEST_STEP][PASSED] - tap(findTestObject("Parte2/Ajustes cuenta/Cuenta/Solicitud Pin de Acceso/android.widget.TextView - NapoleoN"), 0): Tapped on element 'Object Repository/Parte2/Ajustes cuenta/Cuenta/Solicitud Pin de Acceso/android.widget.TextView - NapoleoN'

2023-07-25 12:23:25 - [MESSAGE][WARNING] - Timeout '0' is invalid. Using default page load timeout: '30'

2023-07-25 12:23:25 - [MESSAGE][PASSED] - Tapped on element 'Object Repository/Parte2/Ajustes cuenta/Cuenta/Solicitud Pin de Acceso/android.widget.TextView - NapoleoN'

2023-07-25 12:23:25 - [TEST_STEP][PASSED] - verifyElementExist(findTestObject("Parte2/Ajustes cuenta/Cuenta/Solicitud Pin de Acceso/android.widget.FrameLayout (1)"), 0): Element 'Object Repository/Parte2/Ajustes cuenta/Cuenta/Solicitud Pin de Acceso/android.widget.FrameLayout (1)' is exist

2023-07-25 12:23:25 - [MESSAGE][WARNING] - Timeout '0' is invalid. Using default page load timeout: '30'

2023-07-25 12:23:27 - [MESSAGE][PASSED] - Element 'Object Repository/Parte2/Ajustes cuenta/Cuenta/Solicitud Pin de Acceso/android.widget.FrameLayout (1)' is exist

2023-07-25 12:23:27 - [TEST_STEP][PASSED] - tap(findTestObject("Parte2/Ajustes cuenta/Cuenta/Solicitud Pin de Acceso/android.widget.ImageButton (1)"), 0): Tapped on element 'Object Repository/Parte2/Ajustes cuenta/Cuenta/Solicitud Pin de Acceso/android.widget.ImageButton (1)'

2023-07-25 12:23:27 - [MESSAGE][WARNING] - Timeout '0' is invalid. Using default page load timeout: '30'

2023-07-25 12:23:27 - [MESSAGE][PASSED] - Tapped on element 'Object Repository/Parte2/Ajustes cuenta/Cuenta/Solicitud Pin de Acceso/android.widget.ImageButton (1)'

2023-07-25 12:23:27 - [TEST_STEP][PASSED] - tap(findTestObject("Parte2/Ajustes cuenta/Cuenta/Solicitud Pin de Acceso/android.widget.ImageButton (1)"), 0): Tapped on element 'Object Repository/Parte2/Ajustes cuenta/Cuenta/Solicitud Pin de Acceso/android.widget.ImageButton (1)'

2023-07-25 12:23:27 - [MESSAGE][WARNING] - Timeout '0' is invalid. Using default page load timeout: '30'

2023-07-25 12:23:28 - [MESSAGE][PASSED] - Tapped on element 'Object Repository/Parte2/Ajustes cuenta/Cuenta/Solicitud Pin de Acceso/android.widget.ImageButton (1)'

2023-07-25 12:23:28 - [TEST_STEP][PASSED] - tap(findTestObject("Parte2/Ajustes cuenta/Cuenta/Solicitud Pin de Acceso/android.widget.ImageButton (1)"), 0): Tapped on element 'Object Repository/Parte2/Ajustes cuenta/Cuenta/Solicitud Pin de Acceso/android.widget.ImageButton (1)'

2023-07-25 12:23:28 - [MESSAGE][WARNING] - Timeout '0' is invalid. Using default page load timeout: '30'

2023-07-25 12:23:29 - [MESSAGE][PASSED] - Tapped on element 'Object Repository/Parte2/Ajustes cuenta/Cuenta/Solicitud Pin de Acceso/android.widget.ImageButton (1)'

2023-07-25 12:23:29 - [TEST_STEP][PASSED] - tap(findTestObject("Parte2/Ajustes cuenta/Cuenta/Solicitud Pin de Acceso/android.widget.ImageButton (1)"), 0): Tapped on element 'Object Repository/Parte2/Ajustes cuenta/Cuenta/Solicitud Pin de Acceso/android.widget.ImageButton (1)'

2023-07-25 12:23:29 - [MESSAGE][WARNING] - Timeout '0' is invalid. Using default page load timeout: '30'

2023-07-25 12:23:29 - [MESSAGE][PASSED] - Tapped on element 'Object Repository/Parte2/Ajustes cuenta/Cuenta/Solicitud Pin de Acceso/android.widget.ImageButton (1)'

2023-07-25 12:23:29 - [TEST_STEP][PASSED] - verifyElementExist(findTestObject("Parte2/Ajustes cuenta/Cuenta/Solicitud Pin de Acceso/android.view.ViewGroup"), 0): Element 'Object Repository/Parte2/Ajustes cuenta/Cuenta/Solicitud Pin de Acceso/android.view.ViewGroup' is exist

2023-07-25 12:23:29 - [MESSAGE][WARNING] - Timeout '0' is invalid. Using default page load timeout: '30'

2023-07-25 12:23:31 - [MESSAGE][PASSED] - Element 'Object Repository/Parte2/Ajustes cuenta/Cuenta/Solicitud Pin de Acceso/android.view.ViewGroup' is exist]]></system-out>
         <system-err><![CDATA[]]></system-err>
      </testcase>
      <testcase name="Test Cases/Parte2/Ajustes/Cuenta/Tiempo Pin de Acceso/CPN171" time="42.973" classname="Test Cases/Parte2/Ajustes/Cuenta/Tiempo Pin de Acceso/CPN171" status="PASSED">
         <system-out><![CDATA[2023-07-25 12:23:31 - [TEST_CASE][PASSED] - Test Cases/Parte2/Ajustes/Cuenta/Tiempo Pin de Acceso/CPN171: Test Cases/Parte2/Ajustes/Cuenta/Tiempo Pin de Acceso/CPN171

2023-07-25 12:23:31 - [TEST_STEP][PASSED] - tap(findTestObject("Parte2/Ajustes cuenta/Cuenta/Solicitud Pin de Acceso/android.widget.FrameLayout"), 0): Tapped on element 'Object Repository/Parte2/Ajustes cuenta/Cuenta/Solicitud Pin de Acceso/android.widget.FrameLayout'

2023-07-25 12:23:31 - [MESSAGE][WARNING] - Timeout '0' is invalid. Using default page load timeout: '30'

2023-07-25 12:23:31 - [MESSAGE][PASSED] - Tapped on element 'Object Repository/Parte2/Ajustes cuenta/Cuenta/Solicitud Pin de Acceso/android.widget.FrameLayout'

2023-07-25 12:23:31 - [TEST_STEP][PASSED] - tap(findTestObject("Parte2/Ajustes cuenta/Cuenta/Solicitud Pin de Acceso/android.widget.LinearLayout"), 0): Tapped on element 'Object Repository/Parte2/Ajustes cuenta/Cuenta/Solicitud Pin de Acceso/android.widget.LinearLayout'

2023-07-25 12:23:31 - [MESSAGE][WARNING] - Timeout '0' is invalid. Using default page load timeout: '30'

2023-07-25 12:23:32 - [MESSAGE][PASSED] - Tapped on element 'Object Repository/Parte2/Ajustes cuenta/Cuenta/Solicitud Pin de Acceso/android.widget.LinearLayout'

2023-07-25 12:23:32 - [TEST_STEP][PASSED] - tap(findTestObject("Parte2/Ajustes cuenta/Cuenta/Solicitud Pin de Acceso/android.widget.TextView - Tiempo para solicitud de pin de acceso"), 0): Tapped on element 'Object Repository/Parte2/Ajustes cuenta/Cuenta/Solicitud Pin de Acceso/android.widget.TextView - Tiempo para solicitud de pin de acceso'

2023-07-25 12:23:32 - [MESSAGE][WARNING] - Timeout '0' is invalid. Using default page load timeout: '30'

2023-07-25 12:23:33 - [MESSAGE][PASSED] - Tapped on element 'Object Repository/Parte2/Ajustes cuenta/Cuenta/Solicitud Pin de Acceso/android.widget.TextView - Tiempo para solicitud de pin de acceso'

2023-07-25 12:23:33 - [TEST_STEP][PASSED] - tap(findTestObject("Parte2/Ajustes cuenta/Cuenta/Solicitud Pin de Acceso/android.widget.RadioButton - 30 segundos"), 0): Tapped on element 'Object Repository/Parte2/Ajustes cuenta/Cuenta/Solicitud Pin de Acceso/android.widget.RadioButton - 30 segundos'

2023-07-25 12:23:33 - [MESSAGE][WARNING] - Timeout '0' is invalid. Using default page load timeout: '30'

2023-07-25 12:23:34 - [MESSAGE][PASSED] - Tapped on element 'Object Repository/Parte2/Ajustes cuenta/Cuenta/Solicitud Pin de Acceso/android.widget.RadioButton - 30 segundos'

2023-07-25 12:23:34 - [TEST_STEP][PASSED] - verifyElementExist(findTestObject("Parte2/Ajustes cuenta/Cuenta/Solicitud Pin de Acceso/android.view.ViewGroup (1)"), 0): Element 'Object Repository/Parte2/Ajustes cuenta/Cuenta/Solicitud Pin de Acceso/android.view.ViewGroup (1)' is exist

2023-07-25 12:23:34 - [MESSAGE][WARNING] - Timeout '0' is invalid. Using default page load timeout: '30'

2023-07-25 12:23:35 - [MESSAGE][PASSED] - Element 'Object Repository/Parte2/Ajustes cuenta/Cuenta/Solicitud Pin de Acceso/android.view.ViewGroup (1)' is exist

2023-07-25 12:23:35 - [TEST_STEP][PASSED] - tap(findTestObject("Parte2/Ajustes cuenta/Cuenta/Solicitud Pin de Acceso/android.widget.Button - Aceptar"), 0): Tapped on element 'Object Repository/Parte2/Ajustes cuenta/Cuenta/Solicitud Pin de Acceso/android.widget.Button - Aceptar'

2023-07-25 12:23:35 - [MESSAGE][WARNING] - Timeout '0' is invalid. Using default page load timeout: '30'

2023-07-25 12:23:35 - [MESSAGE][PASSED] - Tapped on element 'Object Repository/Parte2/Ajustes cuenta/Cuenta/Solicitud Pin de Acceso/android.widget.Button - Aceptar'

2023-07-25 12:23:35 - [TEST_STEP][PASSED] - verifyElementText(findTestObject("Parte2/Ajustes cuenta/Cuenta/Solicitud Pin de Acceso/android.widget.TextView - 30 segundos"), "30 segundos"): Actual text and expected text of test object 'Object Repository/Parte2/Ajustes cuenta/Cuenta/Solicitud Pin de Acceso/android.widget.TextView - 30 segundos' are matched.

2023-07-25 12:23:36 - [MESSAGE][PASSED] - Actual text and expected text of test object 'Object Repository/Parte2/Ajustes cuenta/Cuenta/Solicitud Pin de Acceso/android.widget.TextView - 30 segundos' are matched.

2023-07-25 12:23:36 - [TEST_STEP][PASSED] - pressBack(): Press back button successfully

2023-07-25 12:23:36 - [MESSAGE][PASSED] - Press back button successfully

2023-07-25 12:23:36 - [TEST_STEP][PASSED] - pressBack(): Press back button successfully

2023-07-25 12:23:37 - [MESSAGE][PASSED] - Press back button successfully

2023-07-25 12:23:37 - [TEST_STEP][PASSED] - pressBack(): Press back button successfully

2023-07-25 12:23:38 - [MESSAGE][PASSED] - Press back button successfully

2023-07-25 12:23:38 - [TEST_STEP][PASSED] - delay(30): Delayed 30 second(s)

2023-07-25 12:24:08 - [MESSAGE][PASSED] - Delayed 30 second(s)

2023-07-25 12:24:08 - [TEST_STEP][PASSED] - tap(findTestObject("Parte2/Ajustes cuenta/Cuenta/Solicitud Pin de Acceso/android.widget.TextView - NapoleoN"), 0): Tapped on element 'Object Repository/Parte2/Ajustes cuenta/Cuenta/Solicitud Pin de Acceso/android.widget.TextView - NapoleoN'

2023-07-25 12:24:08 - [MESSAGE][WARNING] - Timeout '0' is invalid. Using default page load timeout: '30'

2023-07-25 12:24:09 - [MESSAGE][PASSED] - Tapped on element 'Object Repository/Parte2/Ajustes cuenta/Cuenta/Solicitud Pin de Acceso/android.widget.TextView - NapoleoN'

2023-07-25 12:24:09 - [TEST_STEP][PASSED] - verifyElementExist(findTestObject("Parte2/Ajustes cuenta/Cuenta/Solicitud Pin de Acceso/android.widget.FrameLayout (1)"), 0): Element 'Object Repository/Parte2/Ajustes cuenta/Cuenta/Solicitud Pin de Acceso/android.widget.FrameLayout (1)' is exist

2023-07-25 12:24:09 - [MESSAGE][WARNING] - Timeout '0' is invalid. Using default page load timeout: '30'

2023-07-25 12:24:10 - [MESSAGE][PASSED] - Element 'Object Repository/Parte2/Ajustes cuenta/Cuenta/Solicitud Pin de Acceso/android.widget.FrameLayout (1)' is exist

2023-07-25 12:24:10 - [TEST_STEP][PASSED] - tap(findTestObject("Parte2/Ajustes cuenta/Cuenta/Solicitud Pin de Acceso/android.widget.ImageButton (1)"), 0): Tapped on element 'Object Repository/Parte2/Ajustes cuenta/Cuenta/Solicitud Pin de Acceso/android.widget.ImageButton (1)'

2023-07-25 12:24:10 - [MESSAGE][WARNING] - Timeout '0' is invalid. Using default page load timeout: '30'

2023-07-25 12:24:10 - [MESSAGE][PASSED] - Tapped on element 'Object Repository/Parte2/Ajustes cuenta/Cuenta/Solicitud Pin de Acceso/android.widget.ImageButton (1)'

2023-07-25 12:24:10 - [TEST_STEP][PASSED] - tap(findTestObject("Parte2/Ajustes cuenta/Cuenta/Solicitud Pin de Acceso/android.widget.ImageButton (1)"), 0): Tapped on element 'Object Repository/Parte2/Ajustes cuenta/Cuenta/Solicitud Pin de Acceso/android.widget.ImageButton (1)'

2023-07-25 12:24:10 - [MESSAGE][WARNING] - Timeout '0' is invalid. Using default page load timeout: '30'

2023-07-25 12:24:11 - [MESSAGE][PASSED] - Tapped on element 'Object Repository/Parte2/Ajustes cuenta/Cuenta/Solicitud Pin de Acceso/android.widget.ImageButton (1)'

2023-07-25 12:24:11 - [TEST_STEP][PASSED] - tap(findTestObject("Parte2/Ajustes cuenta/Cuenta/Solicitud Pin de Acceso/android.widget.ImageButton (1)"), 0): Tapped on element 'Object Repository/Parte2/Ajustes cuenta/Cuenta/Solicitud Pin de Acceso/android.widget.ImageButton (1)'

2023-07-25 12:24:11 - [MESSAGE][WARNING] - Timeout '0' is invalid. Using default page load timeout: '30'

2023-07-25 12:24:12 - [MESSAGE][PASSED] - Tapped on element 'Object Repository/Parte2/Ajustes cuenta/Cuenta/Solicitud Pin de Acceso/android.widget.ImageButton (1)'

2023-07-25 12:24:12 - [TEST_STEP][PASSED] - tap(findTestObject("Parte2/Ajustes cuenta/Cuenta/Solicitud Pin de Acceso/android.widget.ImageButton (1)"), 0): Tapped on element 'Object Repository/Parte2/Ajustes cuenta/Cuenta/Solicitud Pin de Acceso/android.widget.ImageButton (1)'

2023-07-25 12:24:12 - [MESSAGE][WARNING] - Timeout '0' is invalid. Using default page load timeout: '30'

2023-07-25 12:24:12 - [MESSAGE][PASSED] - Tapped on element 'Object Repository/Parte2/Ajustes cuenta/Cuenta/Solicitud Pin de Acceso/android.widget.ImageButton (1)'

2023-07-25 12:24:12 - [TEST_STEP][PASSED] - verifyElementExist(findTestObject("Parte2/Ajustes cuenta/Cuenta/Solicitud Pin de Acceso/android.view.ViewGroup"), 0): Element 'Object Repository/Parte2/Ajustes cuenta/Cuenta/Solicitud Pin de Acceso/android.view.ViewGroup' is exist

2023-07-25 12:24:12 - [MESSAGE][WARNING] - Timeout '0' is invalid. Using default page load timeout: '30'

2023-07-25 12:24:14 - [MESSAGE][PASSED] - Element 'Object Repository/Parte2/Ajustes cuenta/Cuenta/Solicitud Pin de Acceso/android.view.ViewGroup' is exist]]></system-out>
         <system-err><![CDATA[]]></system-err>
      </testcase>
      <testcase name="Test Cases/Parte2/Ajustes/Cuenta/Tiempo Pin de Acceso/CPN172" time="4.886" classname="Test Cases/Parte2/Ajustes/Cuenta/Tiempo Pin de Acceso/CPN172" status="PASSED">
         <system-out><![CDATA[2023-07-25 12:24:14 - [TEST_CASE][PASSED] - Test Cases/Parte2/Ajustes/Cuenta/Tiempo Pin de Acceso/CPN172: Test Cases/Parte2/Ajustes/Cuenta/Tiempo Pin de Acceso/CPN172

2023-07-25 12:24:14 - [TEST_STEP][PASSED] - tap(findTestObject("Parte2/Ajustes cuenta/Cuenta/Solicitud Pin de Acceso/android.widget.FrameLayout"), 0): Tapped on element 'Object Repository/Parte2/Ajustes cuenta/Cuenta/Solicitud Pin de Acceso/android.widget.FrameLayout'

2023-07-25 12:24:14 - [MESSAGE][WARNING] - Timeout '0' is invalid. Using default page load timeout: '30'

2023-07-25 12:24:14 - [MESSAGE][PASSED] - Tapped on element 'Object Repository/Parte2/Ajustes cuenta/Cuenta/Solicitud Pin de Acceso/android.widget.FrameLayout'

2023-07-25 12:24:14 - [TEST_STEP][PASSED] - tap(findTestObject("Parte2/Ajustes cuenta/Cuenta/Solicitud Pin de Acceso/android.widget.LinearLayout"), 0): Tapped on element 'Object Repository/Parte2/Ajustes cuenta/Cuenta/Solicitud Pin de Acceso/android.widget.LinearLayout'

2023-07-25 12:24:14 - [MESSAGE][WARNING] - Timeout '0' is invalid. Using default page load timeout: '30'

2023-07-25 12:24:15 - [MESSAGE][PASSED] - Tapped on element 'Object Repository/Parte2/Ajustes cuenta/Cuenta/Solicitud Pin de Acceso/android.widget.LinearLayout'

2023-07-25 12:24:15 - [TEST_STEP][PASSED] - tap(findTestObject("Parte2/Ajustes cuenta/Cuenta/Solicitud Pin de Acceso/android.widget.TextView - Tiempo para solicitud de pin de acceso"), 0): Tapped on element 'Object Repository/Parte2/Ajustes cuenta/Cuenta/Solicitud Pin de Acceso/android.widget.TextView - Tiempo para solicitud de pin de acceso'

2023-07-25 12:24:15 - [MESSAGE][WARNING] - Timeout '0' is invalid. Using default page load timeout: '30'

2023-07-25 12:24:16 - [MESSAGE][PASSED] - Tapped on element 'Object Repository/Parte2/Ajustes cuenta/Cuenta/Solicitud Pin de Acceso/android.widget.TextView - Tiempo para solicitud de pin de acceso'

2023-07-25 12:24:16 - [TEST_STEP][PASSED] - tap(findTestObject("Parte2/Ajustes cuenta/Cuenta/Solicitud Pin de Acceso/android.widget.RadioButton - 1 minuto"), 0): Tapped on element 'Object Repository/Parte2/Ajustes cuenta/Cuenta/Solicitud Pin de Acceso/android.widget.RadioButton - 1 minuto'

2023-07-25 12:24:16 - [MESSAGE][WARNING] - Timeout '0' is invalid. Using default page load timeout: '30'

2023-07-25 12:24:17 - [MESSAGE][PASSED] - Tapped on element 'Object Repository/Parte2/Ajustes cuenta/Cuenta/Solicitud Pin de Acceso/android.widget.RadioButton - 1 minuto'

2023-07-25 12:24:17 - [TEST_STEP][PASSED] - verifyElementExist(findTestObject("Parte2/Ajustes cuenta/Cuenta/Solicitud Pin de Acceso/android.view.ViewGroup (1)"), 0): Element 'Object Repository/Parte2/Ajustes cuenta/Cuenta/Solicitud Pin de Acceso/android.view.ViewGroup (1)' is exist

2023-07-25 12:24:17 - [MESSAGE][WARNING] - Timeout '0' is invalid. Using default page load timeout: '30'

2023-07-25 12:24:18 - [MESSAGE][PASSED] - Element 'Object Repository/Parte2/Ajustes cuenta/Cuenta/Solicitud Pin de Acceso/android.view.ViewGroup (1)' is exist

2023-07-25 12:24:18 - [TEST_STEP][PASSED] - tap(findTestObject("Parte2/Ajustes cuenta/Cuenta/Solicitud Pin de Acceso/android.widget.Button - Aceptar"), 0): Tapped on element 'Object Repository/Parte2/Ajustes cuenta/Cuenta/Solicitud Pin de Acceso/android.widget.Button - Aceptar'

2023-07-25 12:24:18 - [MESSAGE][WARNING] - Timeout '0' is invalid. Using default page load timeout: '30'

2023-07-25 12:24:18 - [MESSAGE][PASSED] - Tapped on element 'Object Repository/Parte2/Ajustes cuenta/Cuenta/Solicitud Pin de Acceso/android.widget.Button - Aceptar'

2023-07-25 12:24:18 - [TEST_STEP][PASSED] - verifyElementText(findTestObject("Parte2/Ajustes cuenta/Cuenta/Solicitud Pin de Acceso/android.widget.TextView - 1 minuto"), "1 minuto"): Actual text and expected text of test object 'Object Repository/Parte2/Ajustes cuenta/Cuenta/Solicitud Pin de Acceso/android.widget.TextView - 1 minuto' are matched.

2023-07-25 12:24:19 - [MESSAGE][PASSED] - Actual text and expected text of test object 'Object Repository/Parte2/Ajustes cuenta/Cuenta/Solicitud Pin de Acceso/android.widget.TextView - 1 minuto' are matched.]]></system-out>
         <system-err><![CDATA[]]></system-err>
      </testcase>
      <testcase name="Test Cases/Parte2/Ajustes/Cuenta/Tiempo Pin de Acceso/CPN173" time="2.841" classname="Test Cases/Parte2/Ajustes/Cuenta/Tiempo Pin de Acceso/CPN173" status="PASSED">
         <system-out><![CDATA[2023-07-25 12:24:19 - [TEST_CASE][PASSED] - Test Cases/Parte2/Ajustes/Cuenta/Tiempo Pin de Acceso/CPN173: Test Cases/Parte2/Ajustes/Cuenta/Tiempo Pin de Acceso/CPN173

2023-07-25 12:24:19 - [TEST_STEP][PASSED] - tap(findTestObject("Parte2/Ajustes cuenta/Cuenta/Solicitud Pin de Acceso/android.widget.TextView - Tiempo para solicitud de pin de acceso"), 0): Tapped on element 'Object Repository/Parte2/Ajustes cuenta/Cuenta/Solicitud Pin de Acceso/android.widget.TextView - Tiempo para solicitud de pin de acceso'

2023-07-25 12:24:19 - [MESSAGE][WARNING] - Timeout '0' is invalid. Using default page load timeout: '30'

2023-07-25 12:24:19 - [MESSAGE][PASSED] - Tapped on element 'Object Repository/Parte2/Ajustes cuenta/Cuenta/Solicitud Pin de Acceso/android.widget.TextView - Tiempo para solicitud de pin de acceso'

2023-07-25 12:24:19 - [TEST_STEP][PASSED] - checkElement(findTestObject("Parte2/Ajustes cuenta/Cuenta/Solicitud Pin de Acceso/android.widget.RadioButton - 5 minutos"), 0): Element 'Object Repository/Parte2/Ajustes cuenta/Cuenta/Solicitud Pin de Acceso/android.widget.RadioButton - 5 minutos' is checked

2023-07-25 12:24:19 - [MESSAGE][WARNING] - Timeout '0' is invalid. Using default page load timeout: '30'

2023-07-25 12:24:20 - [MESSAGE][PASSED] - Element 'Object Repository/Parte2/Ajustes cuenta/Cuenta/Solicitud Pin de Acceso/android.widget.RadioButton - 5 minutos' is checked

2023-07-25 12:24:20 - [TEST_STEP][PASSED] - tap(findTestObject("Parte2/Ajustes cuenta/Cuenta/Solicitud Pin de Acceso/android.widget.Button - Aceptar"), 0): Tapped on element 'Object Repository/Parte2/Ajustes cuenta/Cuenta/Solicitud Pin de Acceso/android.widget.Button - Aceptar'

2023-07-25 12:24:20 - [MESSAGE][WARNING] - Timeout '0' is invalid. Using default page load timeout: '30'

2023-07-25 12:24:21 - [MESSAGE][PASSED] - Tapped on element 'Object Repository/Parte2/Ajustes cuenta/Cuenta/Solicitud Pin de Acceso/android.widget.Button - Aceptar'

2023-07-25 12:24:21 - [TEST_STEP][PASSED] - verifyElementText(findTestObject("Parte2/Ajustes cuenta/Cuenta/Solicitud Pin de Acceso/android.widget.TextView - 5 minutos"), "5 minutos"): Actual text and expected text of test object 'Object Repository/Parte2/Ajustes cuenta/Cuenta/Solicitud Pin de Acceso/android.widget.TextView - 5 minutos' are matched.

2023-07-25 12:24:21 - [MESSAGE][PASSED] - Actual text and expected text of test object 'Object Repository/Parte2/Ajustes cuenta/Cuenta/Solicitud Pin de Acceso/android.widget.TextView - 5 minutos' are matched.]]></system-out>
         <system-err><![CDATA[]]></system-err>
      </testcase>
      <testcase name="Test Cases/Parte2/Ajustes/Cuenta/Tiempo Pin de Acceso/CPN174" time="2.824" classname="Test Cases/Parte2/Ajustes/Cuenta/Tiempo Pin de Acceso/CPN174" status="PASSED">
         <system-out><![CDATA[2023-07-25 12:24:21 - [TEST_CASE][PASSED] - Test Cases/Parte2/Ajustes/Cuenta/Tiempo Pin de Acceso/CPN174: Test Cases/Parte2/Ajustes/Cuenta/Tiempo Pin de Acceso/CPN174

2023-07-25 12:24:22 - [TEST_STEP][PASSED] - tap(findTestObject("Parte2/Ajustes cuenta/Cuenta/Solicitud Pin de Acceso/android.widget.TextView - Tiempo para solicitud de pin de acceso"), 0): Tapped on element 'Object Repository/Parte2/Ajustes cuenta/Cuenta/Solicitud Pin de Acceso/android.widget.TextView - Tiempo para solicitud de pin de acceso'

2023-07-25 12:24:22 - [MESSAGE][WARNING] - Timeout '0' is invalid. Using default page load timeout: '30'

2023-07-25 12:24:22 - [MESSAGE][PASSED] - Tapped on element 'Object Repository/Parte2/Ajustes cuenta/Cuenta/Solicitud Pin de Acceso/android.widget.TextView - Tiempo para solicitud de pin de acceso'

2023-07-25 12:24:22 - [TEST_STEP][PASSED] - checkElement(findTestObject("Parte2/Ajustes cuenta/Cuenta/Solicitud Pin de Acceso/android.widget.RadioButton - 1 hora"), 0): Element 'Object Repository/Parte2/Ajustes cuenta/Cuenta/Solicitud Pin de Acceso/android.widget.RadioButton - 1 hora' is checked

2023-07-25 12:24:22 - [MESSAGE][WARNING] - Timeout '0' is invalid. Using default page load timeout: '30'

2023-07-25 12:24:23 - [MESSAGE][PASSED] - Element 'Object Repository/Parte2/Ajustes cuenta/Cuenta/Solicitud Pin de Acceso/android.widget.RadioButton - 1 hora' is checked

2023-07-25 12:24:23 - [TEST_STEP][PASSED] - tap(findTestObject("Parte2/Ajustes cuenta/Cuenta/Solicitud Pin de Acceso/android.widget.Button - Aceptar"), 0): Tapped on element 'Object Repository/Parte2/Ajustes cuenta/Cuenta/Solicitud Pin de Acceso/android.widget.Button - Aceptar'

2023-07-25 12:24:23 - [MESSAGE][WARNING] - Timeout '0' is invalid. Using default page load timeout: '30'

2023-07-25 12:24:23 - [MESSAGE][PASSED] - Tapped on element 'Object Repository/Parte2/Ajustes cuenta/Cuenta/Solicitud Pin de Acceso/android.widget.Button - Aceptar'

2023-07-25 12:24:23 - [TEST_STEP][PASSED] - verifyElementText(findTestObject("Parte2/Ajustes cuenta/Cuenta/Solicitud Pin de Acceso/android.widget.TextView - 1 hora"), "1 hora"): Actual text and expected text of test object 'Object Repository/Parte2/Ajustes cuenta/Cuenta/Solicitud Pin de Acceso/android.widget.TextView - 1 hora' are matched.

2023-07-25 12:24:24 - [MESSAGE][PASSED] - Actual text and expected text of test object 'Object Repository/Parte2/Ajustes cuenta/Cuenta/Solicitud Pin de Acceso/android.widget.TextView - 1 hora' are matched.]]></system-out>
         <system-err><![CDATA[]]></system-err>
      </testcase>
      <testcase name="Test Cases/Parte2/Ajustes/Cuenta/Tiempo Pin de Acceso/CPN175" time="5.529" classname="Test Cases/Parte2/Ajustes/Cuenta/Tiempo Pin de Acceso/CPN175" status="PASSED">
         <system-out><![CDATA[2023-07-25 12:24:24 - [TEST_CASE][PASSED] - Test Cases/Parte2/Ajustes/Cuenta/Tiempo Pin de Acceso/CPN175: Test Cases/Parte2/Ajustes/Cuenta/Tiempo Pin de Acceso/CPN175

2023-07-25 12:24:24 - [TEST_STEP][PASSED] - tap(findTestObject("Parte2/Ajustes cuenta/Cuenta/Solicitud Pin de Acceso/android.widget.TextView - Tiempo para solicitud de pin de acceso"), 0): Tapped on element 'Object Repository/Parte2/Ajustes cuenta/Cuenta/Solicitud Pin de Acceso/android.widget.TextView - Tiempo para solicitud de pin de acceso'

2023-07-25 12:24:24 - [MESSAGE][WARNING] - Timeout '0' is invalid. Using default page load timeout: '30'

2023-07-25 12:24:25 - [MESSAGE][PASSED] - Tapped on element 'Object Repository/Parte2/Ajustes cuenta/Cuenta/Solicitud Pin de Acceso/android.widget.TextView - Tiempo para solicitud de pin de acceso'

2023-07-25 12:24:25 - [TEST_STEP][PASSED] - scrollToText("1 día", STOP_ON_FAILURE): Scrolling to text '1 día' successfully

2023-07-25 12:24:28 - [MESSAGE][PASSED] - Scrolling to text '1 día' successfully

2023-07-25 12:24:28 - [TEST_STEP][PASSED] - checkElement(findTestObject("Parte2/Ajustes cuenta/Cuenta/Solicitud Pin de Acceso/android.widget.RadioButton - 1 da"), 0): Element 'Object Repository/Parte2/Ajustes cuenta/Cuenta/Solicitud Pin de Acceso/android.widget.RadioButton - 1 da' is checked

2023-07-25 12:24:28 - [MESSAGE][WARNING] - Timeout '0' is invalid. Using default page load timeout: '30'

2023-07-25 12:24:28 - [MESSAGE][PASSED] - Element 'Object Repository/Parte2/Ajustes cuenta/Cuenta/Solicitud Pin de Acceso/android.widget.RadioButton - 1 da' is checked

2023-07-25 12:24:28 - [TEST_STEP][PASSED] - tap(findTestObject("Parte2/Ajustes cuenta/Cuenta/Solicitud Pin de Acceso/android.widget.Button - Aceptar"), 0): Tapped on element 'Object Repository/Parte2/Ajustes cuenta/Cuenta/Solicitud Pin de Acceso/android.widget.Button - Aceptar'

2023-07-25 12:24:28 - [MESSAGE][WARNING] - Timeout '0' is invalid. Using default page load timeout: '30'

2023-07-25 12:24:29 - [MESSAGE][PASSED] - Tapped on element 'Object Repository/Parte2/Ajustes cuenta/Cuenta/Solicitud Pin de Acceso/android.widget.Button - Aceptar'

2023-07-25 12:24:29 - [TEST_STEP][PASSED] - verifyElementText(findTestObject("Parte2/Ajustes cuenta/Cuenta/Solicitud Pin de Acceso/android.widget.TextView - 1 da"), "1 día"): Actual text and expected text of test object 'Object Repository/Parte2/Ajustes cuenta/Cuenta/Solicitud Pin de Acceso/android.widget.TextView - 1 da' are matched.

2023-07-25 12:24:30 - [MESSAGE][PASSED] - Actual text and expected text of test object 'Object Repository/Parte2/Ajustes cuenta/Cuenta/Solicitud Pin de Acceso/android.widget.TextView - 1 da' are matched.]]></system-out>
         <system-err><![CDATA[]]></system-err>
      </testcase>
      <testcase name="Test Cases/Parte2/Ajustes/Cuenta/Tiempo Pin de Acceso/CPN176" time="10.413" classname="Test Cases/Parte2/Ajustes/Cuenta/Tiempo Pin de Acceso/CPN176" status="PASSED">
         <system-out><![CDATA[2023-07-25 12:24:30 - [TEST_CASE][PASSED] - Test Cases/Parte2/Ajustes/Cuenta/Tiempo Pin de Acceso/CPN176: Test Cases/Parte2/Ajustes/Cuenta/Tiempo Pin de Acceso/CPN176

2023-07-25 12:24:30 - [TEST_STEP][PASSED] - tap(findTestObject("Parte2/Ajustes cuenta/Cuenta/Solicitud Pin de Acceso/android.widget.TextView - Tiempo para solicitud de pin de acceso"), 0): Tapped on element 'Object Repository/Parte2/Ajustes cuenta/Cuenta/Solicitud Pin de Acceso/android.widget.TextView - Tiempo para solicitud de pin de acceso'

2023-07-25 12:24:30 - [MESSAGE][WARNING] - Timeout '0' is invalid. Using default page load timeout: '30'

2023-07-25 12:24:30 - [MESSAGE][PASSED] - Tapped on element 'Object Repository/Parte2/Ajustes cuenta/Cuenta/Solicitud Pin de Acceso/android.widget.TextView - Tiempo para solicitud de pin de acceso'

2023-07-25 12:24:30 - [TEST_STEP][PASSED] - scrollToText("Nunca", STOP_ON_FAILURE): Scrolling to text 'Nunca' successfully

2023-07-25 12:24:33 - [MESSAGE][PASSED] - Scrolling to text 'Nunca' successfully

2023-07-25 12:24:33 - [TEST_STEP][PASSED] - tap(findTestObject("Parte2/Ajustes cuenta/Cuenta/Solicitud Pin de Acceso/android.widget.RadioButton - Nunca"), 0): Tapped on element 'Object Repository/Parte2/Ajustes cuenta/Cuenta/Solicitud Pin de Acceso/android.widget.RadioButton - Nunca'

2023-07-25 12:24:33 - [MESSAGE][WARNING] - Timeout '0' is invalid. Using default page load timeout: '30'

2023-07-25 12:24:34 - [MESSAGE][PASSED] - Tapped on element 'Object Repository/Parte2/Ajustes cuenta/Cuenta/Solicitud Pin de Acceso/android.widget.RadioButton - Nunca'

2023-07-25 12:24:34 - [TEST_STEP][PASSED] - tap(findTestObject("Parte2/Ajustes cuenta/Cuenta/Solicitud Pin de Acceso/android.widget.Button - Aceptar"), 0): Tapped on element 'Object Repository/Parte2/Ajustes cuenta/Cuenta/Solicitud Pin de Acceso/android.widget.Button - Aceptar'

2023-07-25 12:24:34 - [MESSAGE][WARNING] - Timeout '0' is invalid. Using default page load timeout: '30'

2023-07-25 12:24:34 - [MESSAGE][PASSED] - Tapped on element 'Object Repository/Parte2/Ajustes cuenta/Cuenta/Solicitud Pin de Acceso/android.widget.Button - Aceptar'

2023-07-25 12:24:34 - [TEST_STEP][PASSED] - verifyElementText(findTestObject("Parte2/Ajustes cuenta/Cuenta/Solicitud Pin de Acceso/android.widget.TextView - Nunca"), "Nunca"): Actual text and expected text of test object 'Object Repository/Parte2/Ajustes cuenta/Cuenta/Solicitud Pin de Acceso/android.widget.TextView - Nunca' are matched.

2023-07-25 12:24:35 - [MESSAGE][PASSED] - Actual text and expected text of test object 'Object Repository/Parte2/Ajustes cuenta/Cuenta/Solicitud Pin de Acceso/android.widget.TextView - Nunca' are matched.

2023-07-25 12:24:35 - [TEST_STEP][PASSED] - pressBack(): Press back button successfully

2023-07-25 12:24:35 - [MESSAGE][PASSED] - Press back button successfully

2023-07-25 12:24:35 - [TEST_STEP][PASSED] - pressBack(): Press back button successfully

2023-07-25 12:24:36 - [MESSAGE][PASSED] - Press back button successfully

2023-07-25 12:24:36 - [TEST_STEP][PASSED] - pressBack(): Press back button successfully

2023-07-25 12:24:38 - [MESSAGE][PASSED] - Press back button successfully

2023-07-25 12:24:38 - [TEST_STEP][PASSED] - tap(findTestObject("Parte2/Ajustes cuenta/Cuenta/Solicitud Pin de Acceso/android.widget.TextView - NapoleoN"), 0): Tapped on element 'Object Repository/Parte2/Ajustes cuenta/Cuenta/Solicitud Pin de Acceso/android.widget.TextView - NapoleoN'

2023-07-25 12:24:38 - [MESSAGE][WARNING] - Timeout '0' is invalid. Using default page load timeout: '30'

2023-07-25 12:24:38 - [MESSAGE][PASSED] - Tapped on element 'Object Repository/Parte2/Ajustes cuenta/Cuenta/Solicitud Pin de Acceso/android.widget.TextView - NapoleoN'

2023-07-25 12:24:38 - [TEST_STEP][PASSED] - verifyElementExist(findTestObject("Parte2/Ajustes cuenta/Cuenta/Solicitud Pin de Acceso/android.widget.FrameLayout (1)"), 0): Element 'Object Repository/Parte2/Ajustes cuenta/Cuenta/Solicitud Pin de Acceso/android.widget.FrameLayout (1)' is exist

2023-07-25 12:24:38 - [MESSAGE][WARNING] - Timeout '0' is invalid. Using default page load timeout: '30'

2023-07-25 12:24:40 - [MESSAGE][PASSED] - Element 'Object Repository/Parte2/Ajustes cuenta/Cuenta/Solicitud Pin de Acceso/android.widget.FrameLayout (1)' is exist]]></system-out>
         <system-err><![CDATA[]]></system-err>
      </testcase>
      <testcase name="Test Cases/Parte2/Ajustes/Cuenta/Tiempo Pin de Acceso/CPN177" time="7.267" classname="Test Cases/Parte2/Ajustes/Cuenta/Tiempo Pin de Acceso/CPN177" status="PASSED">
         <system-out><![CDATA[2023-07-25 12:24:40 - [TEST_CASE][PASSED] - Test Cases/Parte2/Ajustes/Cuenta/Tiempo Pin de Acceso/CPN177: Test Cases/Parte2/Ajustes/Cuenta/Tiempo Pin de Acceso/CPN177

2023-07-25 12:24:40 - [TEST_STEP][PASSED] - tap(findTestObject("Parte2/Ajustes cuenta/Cuenta/Solicitud Pin de Acceso/android.widget.FrameLayout"), 0): Tapped on element 'Object Repository/Parte2/Ajustes cuenta/Cuenta/Solicitud Pin de Acceso/android.widget.FrameLayout'

2023-07-25 12:24:40 - [MESSAGE][WARNING] - Timeout '0' is invalid. Using default page load timeout: '30'

2023-07-25 12:24:41 - [MESSAGE][PASSED] - Tapped on element 'Object Repository/Parte2/Ajustes cuenta/Cuenta/Solicitud Pin de Acceso/android.widget.FrameLayout'

2023-07-25 12:24:41 - [TEST_STEP][PASSED] - tap(findTestObject("Parte2/Ajustes cuenta/Cuenta/Solicitud Pin de Acceso/android.widget.LinearLayout"), 0): Tapped on element 'Object Repository/Parte2/Ajustes cuenta/Cuenta/Solicitud Pin de Acceso/android.widget.LinearLayout'

2023-07-25 12:24:41 - [MESSAGE][WARNING] - Timeout '0' is invalid. Using default page load timeout: '30'

2023-07-25 12:24:42 - [MESSAGE][PASSED] - Tapped on element 'Object Repository/Parte2/Ajustes cuenta/Cuenta/Solicitud Pin de Acceso/android.widget.LinearLayout'

2023-07-25 12:24:42 - [TEST_STEP][PASSED] - tap(findTestObject("Parte2/Ajustes cuenta/Cuenta/Solicitud Pin de Acceso/android.widget.TextView - Tiempo para solicitud de pin de acceso"), 0): Tapped on element 'Object Repository/Parte2/Ajustes cuenta/Cuenta/Solicitud Pin de Acceso/android.widget.TextView - Tiempo para solicitud de pin de acceso'

2023-07-25 12:24:42 - [MESSAGE][WARNING] - Timeout '0' is invalid. Using default page load timeout: '30'

2023-07-25 12:24:43 - [MESSAGE][PASSED] - Tapped on element 'Object Repository/Parte2/Ajustes cuenta/Cuenta/Solicitud Pin de Acceso/android.widget.TextView - Tiempo para solicitud de pin de acceso'

2023-07-25 12:24:43 - [TEST_STEP][PASSED] - tap(findTestObject("Parte2/Ajustes cuenta/Cuenta/Solicitud Pin de Acceso/android.widget.RadioButton - Inmediatamente"), 0): Tapped on element 'Object Repository/Parte2/Ajustes cuenta/Cuenta/Solicitud Pin de Acceso/android.widget.RadioButton - Inmediatamente'

2023-07-25 12:24:43 - [MESSAGE][WARNING] - Timeout '0' is invalid. Using default page load timeout: '30'

2023-07-25 12:24:44 - [MESSAGE][PASSED] - Tapped on element 'Object Repository/Parte2/Ajustes cuenta/Cuenta/Solicitud Pin de Acceso/android.widget.RadioButton - Inmediatamente'

2023-07-25 12:24:44 - [TEST_STEP][PASSED] - tap(findTestObject("Parte2/Ajustes cuenta/Cuenta/Solicitud Pin de Acceso/android.widget.Button - Aceptar"), 0): Tapped on element 'Object Repository/Parte2/Ajustes cuenta/Cuenta/Solicitud Pin de Acceso/android.widget.Button - Aceptar'

2023-07-25 12:24:44 - [MESSAGE][WARNING] - Timeout '0' is invalid. Using default page load timeout: '30'

2023-07-25 12:24:44 - [MESSAGE][PASSED] - Tapped on element 'Object Repository/Parte2/Ajustes cuenta/Cuenta/Solicitud Pin de Acceso/android.widget.Button - Aceptar'

2023-07-25 12:24:44 - [TEST_STEP][PASSED] - verifyElementText(findTestObject("Parte2/Ajustes cuenta/Cuenta/Solicitud Pin de Acceso/android.widget.TextView - Inmediatamente"), "Inmediatamente"): Actual text and expected text of test object 'Object Repository/Parte2/Ajustes cuenta/Cuenta/Solicitud Pin de Acceso/android.widget.TextView - Inmediatamente' are matched.

2023-07-25 12:24:45 - [MESSAGE][PASSED] - Actual text and expected text of test object 'Object Repository/Parte2/Ajustes cuenta/Cuenta/Solicitud Pin de Acceso/android.widget.TextView - Inmediatamente' are matched.

2023-07-25 12:24:45 - [TEST_STEP][PASSED] - tap(findTestObject("Parte2/Ajustes cuenta/Cuenta/Solicitud Pin de Acceso/android.widget.TextView - Tiempo para solicitud de pin de acceso"), 0): Tapped on element 'Object Repository/Parte2/Ajustes cuenta/Cuenta/Solicitud Pin de Acceso/android.widget.TextView - Tiempo para solicitud de pin de acceso'

2023-07-25 12:24:45 - [MESSAGE][WARNING] - Timeout '0' is invalid. Using default page load timeout: '30'

2023-07-25 12:24:45 - [MESSAGE][PASSED] - Tapped on element 'Object Repository/Parte2/Ajustes cuenta/Cuenta/Solicitud Pin de Acceso/android.widget.TextView - Tiempo para solicitud de pin de acceso'

2023-07-25 12:24:45 - [TEST_STEP][PASSED] - tap(findTestObject("Parte2/Ajustes cuenta/Cuenta/Solicitud Pin de Acceso/android.widget.RadioButton - 10 Segundos"), 0): Tapped on element 'Object Repository/Parte2/Ajustes cuenta/Cuenta/Solicitud Pin de Acceso/android.widget.RadioButton - 10 Segundos'

2023-07-25 12:24:45 - [MESSAGE][WARNING] - Timeout '0' is invalid. Using default page load timeout: '30'

2023-07-25 12:24:46 - [MESSAGE][PASSED] - Tapped on element 'Object Repository/Parte2/Ajustes cuenta/Cuenta/Solicitud Pin de Acceso/android.widget.RadioButton - 10 Segundos'

2023-07-25 12:24:46 - [TEST_STEP][PASSED] - tap(findTestObject("Parte2/Ajustes cuenta/Cuenta/Solicitud Pin de Acceso/android.widget.Button - Cancelar"), 0): Tapped on element 'Object Repository/Parte2/Ajustes cuenta/Cuenta/Solicitud Pin de Acceso/android.widget.Button - Cancelar'

2023-07-25 12:24:46 - [MESSAGE][WARNING] - Timeout '0' is invalid. Using default page load timeout: '30'

2023-07-25 12:24:47 - [MESSAGE][PASSED] - Tapped on element 'Object Repository/Parte2/Ajustes cuenta/Cuenta/Solicitud Pin de Acceso/android.widget.Button - Cancelar'

2023-07-25 12:24:47 - [TEST_STEP][PASSED] - verifyElementText(findTestObject("Parte2/Ajustes cuenta/Cuenta/Solicitud Pin de Acceso/android.widget.TextView - Inmediatamente"), "Inmediatamente"): Actual text and expected text of test object 'Object Repository/Parte2/Ajustes cuenta/Cuenta/Solicitud Pin de Acceso/android.widget.TextView - Inmediatamente' are matched.

2023-07-25 12:24:47 - [MESSAGE][PASSED] - Actual text and expected text of test object 'Object Repository/Parte2/Ajustes cuenta/Cuenta/Solicitud Pin de Acceso/android.widget.TextView - Inmediatamente' are matched.]]></system-out>
         <system-err><![CDATA[]]></system-err>
      </testcase>
      <testcase name="Test Cases/Parte2/Ajustes/Cuenta/Tiempo Pin de Acceso/CPN178" time="2.737" classname="Test Cases/Parte2/Ajustes/Cuenta/Tiempo Pin de Acceso/CPN178" status="PASSED">
         <system-out><![CDATA[2023-07-25 12:24:47 - [TEST_CASE][PASSED] - Test Cases/Parte2/Ajustes/Cuenta/Tiempo Pin de Acceso/CPN178: Test Cases/Parte2/Ajustes/Cuenta/Tiempo Pin de Acceso/CPN178

2023-07-25 12:24:48 - [TEST_STEP][PASSED] - tap(findTestObject("Parte2/Ajustes cuenta/Cuenta/Solicitud Pin de Acceso/android.widget.TextView - Tiempo para solicitud de pin de acceso"), 0): Tapped on element 'Object Repository/Parte2/Ajustes cuenta/Cuenta/Solicitud Pin de Acceso/android.widget.TextView - Tiempo para solicitud de pin de acceso'

2023-07-25 12:24:48 - [MESSAGE][WARNING] - Timeout '0' is invalid. Using default page load timeout: '30'

2023-07-25 12:24:48 - [MESSAGE][PASSED] - Tapped on element 'Object Repository/Parte2/Ajustes cuenta/Cuenta/Solicitud Pin de Acceso/android.widget.TextView - Tiempo para solicitud de pin de acceso'

2023-07-25 12:24:48 - [TEST_STEP][PASSED] - tap(findTestObject("Parte2/Ajustes cuenta/Cuenta/Solicitud Pin de Acceso/android.widget.RadioButton - 30 segundos"), 0): Tapped on element 'Object Repository/Parte2/Ajustes cuenta/Cuenta/Solicitud Pin de Acceso/android.widget.RadioButton - 30 segundos'

2023-07-25 12:24:48 - [MESSAGE][WARNING] - Timeout '0' is invalid. Using default page load timeout: '30'

2023-07-25 12:24:49 - [MESSAGE][PASSED] - Tapped on element 'Object Repository/Parte2/Ajustes cuenta/Cuenta/Solicitud Pin de Acceso/android.widget.RadioButton - 30 segundos'

2023-07-25 12:24:49 - [TEST_STEP][PASSED] - tap(findTestObject("Parte2/Ajustes cuenta/Cuenta/Solicitud Pin de Acceso/android.widget.Button - Cancelar"), 0): Tapped on element 'Object Repository/Parte2/Ajustes cuenta/Cuenta/Solicitud Pin de Acceso/android.widget.Button - Cancelar'

2023-07-25 12:24:49 - [MESSAGE][WARNING] - Timeout '0' is invalid. Using default page load timeout: '30'

2023-07-25 12:24:49 - [MESSAGE][PASSED] - Tapped on element 'Object Repository/Parte2/Ajustes cuenta/Cuenta/Solicitud Pin de Acceso/android.widget.Button - Cancelar'

2023-07-25 12:24:49 - [TEST_STEP][PASSED] - verifyElementText(findTestObject("Parte2/Ajustes cuenta/Cuenta/Solicitud Pin de Acceso/android.widget.TextView - Inmediatamente"), "Inmediatamente"): Actual text and expected text of test object 'Object Repository/Parte2/Ajustes cuenta/Cuenta/Solicitud Pin de Acceso/android.widget.TextView - Inmediatamente' are matched.

2023-07-25 12:24:50 - [MESSAGE][PASSED] - Actual text and expected text of test object 'Object Repository/Parte2/Ajustes cuenta/Cuenta/Solicitud Pin de Acceso/android.widget.TextView - Inmediatamente' are matched.]]></system-out>
         <system-err><![CDATA[]]></system-err>
      </testcase>
      <testcase name="Test Cases/Parte2/Ajustes/Cuenta/Tiempo Pin de Acceso/CPN179" time="2.841" classname="Test Cases/Parte2/Ajustes/Cuenta/Tiempo Pin de Acceso/CPN179" status="PASSED">
         <system-out><![CDATA[2023-07-25 12:24:50 - [TEST_CASE][PASSED] - Test Cases/Parte2/Ajustes/Cuenta/Tiempo Pin de Acceso/CPN179: Test Cases/Parte2/Ajustes/Cuenta/Tiempo Pin de Acceso/CPN179

2023-07-25 12:24:50 - [TEST_STEP][PASSED] - tap(findTestObject("Parte2/Ajustes cuenta/Cuenta/Solicitud Pin de Acceso/android.widget.TextView - Tiempo para solicitud de pin de acceso"), 0): Tapped on element 'Object Repository/Parte2/Ajustes cuenta/Cuenta/Solicitud Pin de Acceso/android.widget.TextView - Tiempo para solicitud de pin de acceso'

2023-07-25 12:24:50 - [MESSAGE][WARNING] - Timeout '0' is invalid. Using default page load timeout: '30'

2023-07-25 12:24:51 - [MESSAGE][PASSED] - Tapped on element 'Object Repository/Parte2/Ajustes cuenta/Cuenta/Solicitud Pin de Acceso/android.widget.TextView - Tiempo para solicitud de pin de acceso'

2023-07-25 12:24:51 - [TEST_STEP][PASSED] - tap(findTestObject("Parte2/Ajustes cuenta/Cuenta/Solicitud Pin de Acceso/android.widget.RadioButton - 1 minuto"), 0): Tapped on element 'Object Repository/Parte2/Ajustes cuenta/Cuenta/Solicitud Pin de Acceso/android.widget.RadioButton - 1 minuto'

2023-07-25 12:24:51 - [MESSAGE][WARNING] - Timeout '0' is invalid. Using default page load timeout: '30'

2023-07-25 12:24:51 - [MESSAGE][PASSED] - Tapped on element 'Object Repository/Parte2/Ajustes cuenta/Cuenta/Solicitud Pin de Acceso/android.widget.RadioButton - 1 minuto'

2023-07-25 12:24:51 - [TEST_STEP][PASSED] - tap(findTestObject("Parte2/Ajustes cuenta/Cuenta/Solicitud Pin de Acceso/android.widget.Button - Cancelar"), 0): Tapped on element 'Object Repository/Parte2/Ajustes cuenta/Cuenta/Solicitud Pin de Acceso/android.widget.Button - Cancelar'

2023-07-25 12:24:52 - [MESSAGE][WARNING] - Timeout '0' is invalid. Using default page load timeout: '30'

2023-07-25 12:24:52 - [MESSAGE][PASSED] - Tapped on element 'Object Repository/Parte2/Ajustes cuenta/Cuenta/Solicitud Pin de Acceso/android.widget.Button - Cancelar'

2023-07-25 12:24:52 - [TEST_STEP][PASSED] - verifyElementText(findTestObject("Parte2/Ajustes cuenta/Cuenta/Solicitud Pin de Acceso/android.widget.TextView - Inmediatamente"), "Inmediatamente"): Actual text and expected text of test object 'Object Repository/Parte2/Ajustes cuenta/Cuenta/Solicitud Pin de Acceso/android.widget.TextView - Inmediatamente' are matched.

2023-07-25 12:24:53 - [MESSAGE][PASSED] - Actual text and expected text of test object 'Object Repository/Parte2/Ajustes cuenta/Cuenta/Solicitud Pin de Acceso/android.widget.TextView - Inmediatamente' are matched.]]></system-out>
         <system-err><![CDATA[]]></system-err>
      </testcase>
      <testcase name="Test Cases/Parte2/Ajustes/Cuenta/Tiempo Pin de Acceso/CPN180" time="2.751" classname="Test Cases/Parte2/Ajustes/Cuenta/Tiempo Pin de Acceso/CPN180" status="PASSED">
         <system-out><![CDATA[2023-07-25 12:24:53 - [TEST_CASE][PASSED] - Test Cases/Parte2/Ajustes/Cuenta/Tiempo Pin de Acceso/CPN180: Test Cases/Parte2/Ajustes/Cuenta/Tiempo Pin de Acceso/CPN180

2023-07-25 12:24:53 - [TEST_STEP][PASSED] - tap(findTestObject("Parte2/Ajustes cuenta/Cuenta/Solicitud Pin de Acceso/android.widget.TextView - Tiempo para solicitud de pin de acceso"), 0): Tapped on element 'Object Repository/Parte2/Ajustes cuenta/Cuenta/Solicitud Pin de Acceso/android.widget.TextView - Tiempo para solicitud de pin de acceso'

2023-07-25 12:24:53 - [MESSAGE][WARNING] - Timeout '0' is invalid. Using default page load timeout: '30'

2023-07-25 12:24:53 - [MESSAGE][PASSED] - Tapped on element 'Object Repository/Parte2/Ajustes cuenta/Cuenta/Solicitud Pin de Acceso/android.widget.TextView - Tiempo para solicitud de pin de acceso'

2023-07-25 12:24:53 - [TEST_STEP][PASSED] - tap(findTestObject("Parte2/Ajustes cuenta/Cuenta/Solicitud Pin de Acceso/android.widget.RadioButton - 5 minutos"), 0): Tapped on element 'Object Repository/Parte2/Ajustes cuenta/Cuenta/Solicitud Pin de Acceso/android.widget.RadioButton - 5 minutos'

2023-07-25 12:24:53 - [MESSAGE][WARNING] - Timeout '0' is invalid. Using default page load timeout: '30'

2023-07-25 12:24:54 - [MESSAGE][PASSED] - Tapped on element 'Object Repository/Parte2/Ajustes cuenta/Cuenta/Solicitud Pin de Acceso/android.widget.RadioButton - 5 minutos'

2023-07-25 12:24:54 - [TEST_STEP][PASSED] - tap(findTestObject("Parte2/Ajustes cuenta/Cuenta/Solicitud Pin de Acceso/android.widget.Button - Cancelar"), 0): Tapped on element 'Object Repository/Parte2/Ajustes cuenta/Cuenta/Solicitud Pin de Acceso/android.widget.Button - Cancelar'

2023-07-25 12:24:54 - [MESSAGE][WARNING] - Timeout '0' is invalid. Using default page load timeout: '30'

2023-07-25 12:24:55 - [MESSAGE][PASSED] - Tapped on element 'Object Repository/Parte2/Ajustes cuenta/Cuenta/Solicitud Pin de Acceso/android.widget.Button - Cancelar'

2023-07-25 12:24:55 - [TEST_STEP][PASSED] - verifyElementText(findTestObject("Parte2/Ajustes cuenta/Cuenta/Solicitud Pin de Acceso/android.widget.TextView - Inmediatamente"), "Inmediatamente"): Actual text and expected text of test object 'Object Repository/Parte2/Ajustes cuenta/Cuenta/Solicitud Pin de Acceso/android.widget.TextView - Inmediatamente' are matched.

2023-07-25 12:24:56 - [MESSAGE][PASSED] - Actual text and expected text of test object 'Object Repository/Parte2/Ajustes cuenta/Cuenta/Solicitud Pin de Acceso/android.widget.TextView - Inmediatamente' are matched.]]></system-out>
         <system-err><![CDATA[]]></system-err>
      </testcase>
      <testcase name="Test Cases/Parte2/Ajustes/Cuenta/Tiempo Pin de Acceso/CPN181" time="2.718" classname="Test Cases/Parte2/Ajustes/Cuenta/Tiempo Pin de Acceso/CPN181" status="PASSED">
         <system-out><![CDATA[2023-07-25 12:24:56 - [TEST_CASE][PASSED] - Test Cases/Parte2/Ajustes/Cuenta/Tiempo Pin de Acceso/CPN181: Test Cases/Parte2/Ajustes/Cuenta/Tiempo Pin de Acceso/CPN181

2023-07-25 12:24:56 - [TEST_STEP][PASSED] - tap(findTestObject("Parte2/Ajustes cuenta/Cuenta/Solicitud Pin de Acceso/android.widget.TextView - Tiempo para solicitud de pin de acceso"), 0): Tapped on element 'Object Repository/Parte2/Ajustes cuenta/Cuenta/Solicitud Pin de Acceso/android.widget.TextView - Tiempo para solicitud de pin de acceso'

2023-07-25 12:24:56 - [MESSAGE][WARNING] - Timeout '0' is invalid. Using default page load timeout: '30'

2023-07-25 12:24:56 - [MESSAGE][PASSED] - Tapped on element 'Object Repository/Parte2/Ajustes cuenta/Cuenta/Solicitud Pin de Acceso/android.widget.TextView - Tiempo para solicitud de pin de acceso'

2023-07-25 12:24:56 - [TEST_STEP][PASSED] - tap(findTestObject("Parte2/Ajustes cuenta/Cuenta/Solicitud Pin de Acceso/android.widget.RadioButton - 1 hora"), 0): Tapped on element 'Object Repository/Parte2/Ajustes cuenta/Cuenta/Solicitud Pin de Acceso/android.widget.RadioButton - 1 hora'

2023-07-25 12:24:56 - [MESSAGE][WARNING] - Timeout '0' is invalid. Using default page load timeout: '30'

2023-07-25 12:24:57 - [MESSAGE][PASSED] - Tapped on element 'Object Repository/Parte2/Ajustes cuenta/Cuenta/Solicitud Pin de Acceso/android.widget.RadioButton - 1 hora'

2023-07-25 12:24:57 - [TEST_STEP][PASSED] - tap(findTestObject("Parte2/Ajustes cuenta/Cuenta/Solicitud Pin de Acceso/android.widget.Button - Cancelar"), 0): Tapped on element 'Object Repository/Parte2/Ajustes cuenta/Cuenta/Solicitud Pin de Acceso/android.widget.Button - Cancelar'

2023-07-25 12:24:57 - [MESSAGE][WARNING] - Timeout '0' is invalid. Using default page load timeout: '30'

2023-07-25 12:24:58 - [MESSAGE][PASSED] - Tapped on element 'Object Repository/Parte2/Ajustes cuenta/Cuenta/Solicitud Pin de Acceso/android.widget.Button - Cancelar'

2023-07-25 12:24:58 - [TEST_STEP][PASSED] - verifyElementText(findTestObject("Parte2/Ajustes cuenta/Cuenta/Solicitud Pin de Acceso/android.widget.TextView - Inmediatamente"), "Inmediatamente"): Actual text and expected text of test object 'Object Repository/Parte2/Ajustes cuenta/Cuenta/Solicitud Pin de Acceso/android.widget.TextView - Inmediatamente' are matched.

2023-07-25 12:24:58 - [MESSAGE][PASSED] - Actual text and expected text of test object 'Object Repository/Parte2/Ajustes cuenta/Cuenta/Solicitud Pin de Acceso/android.widget.TextView - Inmediatamente' are matched.]]></system-out>
         <system-err><![CDATA[]]></system-err>
      </testcase>
      <testcase name="Test Cases/Parte2/Ajustes/Cuenta/Tiempo Pin de Acceso/CPN182" time="5.658" classname="Test Cases/Parte2/Ajustes/Cuenta/Tiempo Pin de Acceso/CPN182" status="PASSED">
         <system-out><![CDATA[2023-07-25 12:24:58 - [TEST_CASE][PASSED] - Test Cases/Parte2/Ajustes/Cuenta/Tiempo Pin de Acceso/CPN182: Test Cases/Parte2/Ajustes/Cuenta/Tiempo Pin de Acceso/CPN182

2023-07-25 12:24:59 - [TEST_STEP][PASSED] - tap(findTestObject("Parte2/Ajustes cuenta/Cuenta/Solicitud Pin de Acceso/android.widget.TextView - Tiempo para solicitud de pin de acceso"), 0): Tapped on element 'Object Repository/Parte2/Ajustes cuenta/Cuenta/Solicitud Pin de Acceso/android.widget.TextView - Tiempo para solicitud de pin de acceso'

2023-07-25 12:24:59 - [MESSAGE][WARNING] - Timeout '0' is invalid. Using default page load timeout: '30'

2023-07-25 12:24:59 - [MESSAGE][PASSED] - Tapped on element 'Object Repository/Parte2/Ajustes cuenta/Cuenta/Solicitud Pin de Acceso/android.widget.TextView - Tiempo para solicitud de pin de acceso'

2023-07-25 12:24:59 - [TEST_STEP][PASSED] - scrollToText("1 día", STOP_ON_FAILURE): Scrolling to text '1 día' successfully

2023-07-25 12:25:02 - [MESSAGE][PASSED] - Scrolling to text '1 día' successfully

2023-07-25 12:25:02 - [TEST_STEP][PASSED] - tap(findTestObject("Parte2/Ajustes cuenta/Cuenta/Solicitud Pin de Acceso/android.widget.RadioButton - 1 da"), 0): Tapped on element 'Object Repository/Parte2/Ajustes cuenta/Cuenta/Solicitud Pin de Acceso/android.widget.RadioButton - 1 da'

2023-07-25 12:25:02 - [MESSAGE][WARNING] - Timeout '0' is invalid. Using default page load timeout: '30'

2023-07-25 12:25:03 - [MESSAGE][PASSED] - Tapped on element 'Object Repository/Parte2/Ajustes cuenta/Cuenta/Solicitud Pin de Acceso/android.widget.RadioButton - 1 da'

2023-07-25 12:25:03 - [TEST_STEP][PASSED] - tap(findTestObject("Parte2/Ajustes cuenta/Cuenta/Solicitud Pin de Acceso/android.widget.Button - Cancelar"), 0): Tapped on element 'Object Repository/Parte2/Ajustes cuenta/Cuenta/Solicitud Pin de Acceso/android.widget.Button - Cancelar'

2023-07-25 12:25:03 - [MESSAGE][WARNING] - Timeout '0' is invalid. Using default page load timeout: '30'

2023-07-25 12:25:03 - [MESSAGE][PASSED] - Tapped on element 'Object Repository/Parte2/Ajustes cuenta/Cuenta/Solicitud Pin de Acceso/android.widget.Button - Cancelar'

2023-07-25 12:25:03 - [TEST_STEP][PASSED] - verifyElementText(findTestObject("Parte2/Ajustes cuenta/Cuenta/Solicitud Pin de Acceso/android.widget.TextView - Inmediatamente"), "Inmediatamente"): Actual text and expected text of test object 'Object Repository/Parte2/Ajustes cuenta/Cuenta/Solicitud Pin de Acceso/android.widget.TextView - Inmediatamente' are matched.

2023-07-25 12:25:04 - [MESSAGE][PASSED] - Actual text and expected text of test object 'Object Repository/Parte2/Ajustes cuenta/Cuenta/Solicitud Pin de Acceso/android.widget.TextView - Inmediatamente' are matched.]]></system-out>
         <system-err><![CDATA[]]></system-err>
      </testcase>
      <testcase name="Test Cases/Parte2/Ajustes/Cuenta/Tiempo Pin de Acceso/CPN183" time="7.252" classname="Test Cases/Parte2/Ajustes/Cuenta/Tiempo Pin de Acceso/CPN183" status="PASSED">
         <system-out><![CDATA[2023-07-25 12:25:04 - [TEST_CASE][PASSED] - Test Cases/Parte2/Ajustes/Cuenta/Tiempo Pin de Acceso/CPN183: Test Cases/Parte2/Ajustes/Cuenta/Tiempo Pin de Acceso/CPN183

2023-07-25 12:25:04 - [TEST_STEP][PASSED] - tap(findTestObject("Parte2/Ajustes cuenta/Cuenta/Solicitud Pin de Acceso/android.widget.TextView - Tiempo para solicitud de pin de acceso"), 0): Tapped on element 'Object Repository/Parte2/Ajustes cuenta/Cuenta/Solicitud Pin de Acceso/android.widget.TextView - Tiempo para solicitud de pin de acceso'

2023-07-25 12:25:04 - [MESSAGE][WARNING] - Timeout '0' is invalid. Using default page load timeout: '30'

2023-07-25 12:25:05 - [MESSAGE][PASSED] - Tapped on element 'Object Repository/Parte2/Ajustes cuenta/Cuenta/Solicitud Pin de Acceso/android.widget.TextView - Tiempo para solicitud de pin de acceso'

2023-07-25 12:25:05 - [TEST_STEP][PASSED] - scrollToText("Nunca", STOP_ON_FAILURE): Scrolling to text 'Nunca' successfully

2023-07-25 12:25:08 - [MESSAGE][PASSED] - Scrolling to text 'Nunca' successfully

2023-07-25 12:25:08 - [TEST_STEP][PASSED] - tap(findTestObject("Parte2/Ajustes cuenta/Cuenta/Solicitud Pin de Acceso/android.widget.RadioButton - Nunca"), 0): Tapped on element 'Object Repository/Parte2/Ajustes cuenta/Cuenta/Solicitud Pin de Acceso/android.widget.RadioButton - Nunca'

2023-07-25 12:25:08 - [MESSAGE][WARNING] - Timeout '0' is invalid. Using default page load timeout: '30'

2023-07-25 12:25:08 - [MESSAGE][PASSED] - Tapped on element 'Object Repository/Parte2/Ajustes cuenta/Cuenta/Solicitud Pin de Acceso/android.widget.RadioButton - Nunca'

2023-07-25 12:25:08 - [TEST_STEP][PASSED] - tap(findTestObject("Parte2/Ajustes cuenta/Cuenta/Solicitud Pin de Acceso/android.widget.Button - Cancelar"), 0): Tapped on element 'Object Repository/Parte2/Ajustes cuenta/Cuenta/Solicitud Pin de Acceso/android.widget.Button - Cancelar'

2023-07-25 12:25:09 - [MESSAGE][WARNING] - Timeout '0' is invalid. Using default page load timeout: '30'

2023-07-25 12:25:09 - [MESSAGE][PASSED] - Tapped on element 'Object Repository/Parte2/Ajustes cuenta/Cuenta/Solicitud Pin de Acceso/android.widget.Button - Cancelar'

2023-07-25 12:25:09 - [TEST_STEP][PASSED] - verifyElementText(findTestObject("Parte2/Ajustes cuenta/Cuenta/Solicitud Pin de Acceso/android.widget.TextView - Inmediatamente"), "Inmediatamente"): Actual text and expected text of test object 'Object Repository/Parte2/Ajustes cuenta/Cuenta/Solicitud Pin de Acceso/android.widget.TextView - Inmediatamente' are matched.

2023-07-25 12:25:10 - [MESSAGE][PASSED] - Actual text and expected text of test object 'Object Repository/Parte2/Ajustes cuenta/Cuenta/Solicitud Pin de Acceso/android.widget.TextView - Inmediatamente' are matched.

2023-07-25 12:25:10 - [TEST_STEP][PASSED] - tap(findTestObject("Parte2/Ajustes cuenta/Cuenta/Solicitud Pin de Acceso/android.widget.TextView - Tiempo para solicitud de pin de acceso"), 0): Tapped on element 'Object Repository/Parte2/Ajustes cuenta/Cuenta/Solicitud Pin de Acceso/android.widget.TextView - Tiempo para solicitud de pin de acceso'

2023-07-25 12:25:10 - [MESSAGE][WARNING] - Timeout '0' is invalid. Using default page load timeout: '30'

2023-07-25 12:25:10 - [MESSAGE][PASSED] - Tapped on element 'Object Repository/Parte2/Ajustes cuenta/Cuenta/Solicitud Pin de Acceso/android.widget.TextView - Tiempo para solicitud de pin de acceso'

2023-07-25 12:25:10 - [TEST_STEP][PASSED] - tap(findTestObject("Parte2/Ajustes cuenta/Cuenta/Solicitud Pin de Acceso/android.widget.RadioButton - 30 segundos"), 0): Tapped on element 'Object Repository/Parte2/Ajustes cuenta/Cuenta/Solicitud Pin de Acceso/android.widget.RadioButton - 30 segundos'

2023-07-25 12:25:10 - [MESSAGE][WARNING] - Timeout '0' is invalid. Using default page load timeout: '30'

2023-07-25 12:25:11 - [MESSAGE][PASSED] - Tapped on element 'Object Repository/Parte2/Ajustes cuenta/Cuenta/Solicitud Pin de Acceso/android.widget.RadioButton - 30 segundos'

2023-07-25 12:25:11 - [TEST_STEP][PASSED] - tap(findTestObject("Parte2/Ajustes cuenta/Cuenta/Solicitud Pin de Acceso/android.widget.Button - Aceptar"), 0): Tapped on element 'Object Repository/Parte2/Ajustes cuenta/Cuenta/Solicitud Pin de Acceso/android.widget.Button - Aceptar'

2023-07-25 12:25:11 - [MESSAGE][WARNING] - Timeout '0' is invalid. Using default page load timeout: '30'

2023-07-25 12:25:11 - [MESSAGE][PASSED] - Tapped on element 'Object Repository/Parte2/Ajustes cuenta/Cuenta/Solicitud Pin de Acceso/android.widget.Button - Aceptar']]></system-out>
         <system-err><![CDATA[]]></system-err>
      </testcase>
      <testcase name="Test Cases/Parte2/Ajustes/Cuenta/Contactos Bloqueados/CPN184" time="1.718" classname="Test Cases/Parte2/Ajustes/Cuenta/Contactos Bloqueados/CPN184" status="PASSED">
         <system-out><![CDATA[2023-07-25 12:25:11 - [TEST_CASE][PASSED] - Test Cases/Parte2/Ajustes/Cuenta/Contactos Bloqueados/CPN184: Test Cases/Parte2/Ajustes/Cuenta/Contactos Bloqueados/CPN184

2023-07-25 12:25:12 - [TEST_STEP][PASSED] - tap(findTestObject("Parte2/Ajustes cuenta/Cuenta/Contactos Bloqueados/android.widget.TextView - Contactos bloqueados"), 0): Tapped on element 'Object Repository/Parte2/Ajustes cuenta/Cuenta/Contactos Bloqueados/android.widget.TextView - Contactos bloqueados'

2023-07-25 12:25:12 - [MESSAGE][WARNING] - Timeout '0' is invalid. Using default page load timeout: '30'

2023-07-25 12:25:12 - [MESSAGE][PASSED] - Tapped on element 'Object Repository/Parte2/Ajustes cuenta/Cuenta/Contactos Bloqueados/android.widget.TextView - Contactos bloqueados'

2023-07-25 12:25:12 - [TEST_STEP][PASSED] - verifyElementExist(findTestObject("Parte2/Ajustes cuenta/Cuenta/Contactos Bloqueados/android.view.ViewGroup"), 0): Element 'Object Repository/Parte2/Ajustes cuenta/Cuenta/Contactos Bloqueados/android.view.ViewGroup' is exist

2023-07-25 12:25:12 - [MESSAGE][WARNING] - Timeout '0' is invalid. Using default page load timeout: '30'

2023-07-25 12:25:13 - [MESSAGE][PASSED] - Element 'Object Repository/Parte2/Ajustes cuenta/Cuenta/Contactos Bloqueados/android.view.ViewGroup' is exist

2023-07-25 12:25:13 - [TEST_STEP][PASSED] - tap(findTestObject("Parte2/Ajustes cuenta/Cuenta/Contactos Bloqueados/android.widget.ImageButton"), 0): Tapped on element 'Object Repository/Parte2/Ajustes cuenta/Cuenta/Contactos Bloqueados/android.widget.ImageButton'

2023-07-25 12:25:13 - [MESSAGE][WARNING] - Timeout '0' is invalid. Using default page load timeout: '30'

2023-07-25 12:25:13 - [MESSAGE][PASSED] - Tapped on element 'Object Repository/Parte2/Ajustes cuenta/Cuenta/Contactos Bloqueados/android.widget.ImageButton']]></system-out>
         <system-err><![CDATA[]]></system-err>
      </testcase>
      <testcase name="Test Cases/Parte2/Ajustes/Cuenta/Idioma/CPN187" time="3.857" classname="Test Cases/Parte2/Ajustes/Cuenta/Idioma/CPN187" status="PASSED">
         <system-out><![CDATA[2023-07-25 12:25:13 - [TEST_CASE][PASSED] - Test Cases/Parte2/Ajustes/Cuenta/Idioma/CPN187: Test Cases/Parte2/Ajustes/Cuenta/Idioma/CPN187

2023-07-25 12:25:13 - [TEST_STEP][PASSED] - tap(findTestObject("Parte2/Ajustes cuenta/Cuenta/Idioma/android.widget.TextView - Idioma"), 0): Tapped on element 'Object Repository/Parte2/Ajustes cuenta/Cuenta/Idioma/android.widget.TextView - Idioma'

2023-07-25 12:25:13 - [MESSAGE][WARNING] - Timeout '0' is invalid. Using default page load timeout: '30'

2023-07-25 12:25:14 - [MESSAGE][PASSED] - Tapped on element 'Object Repository/Parte2/Ajustes cuenta/Cuenta/Idioma/android.widget.TextView - Idioma'

2023-07-25 12:25:14 - [TEST_STEP][PASSED] - tap(findTestObject("Parte2/Ajustes cuenta/Cuenta/Idioma/android.widget.TextView - Deutsch"), 0): Tapped on element 'Object Repository/Parte2/Ajustes cuenta/Cuenta/Idioma/android.widget.TextView - Deutsch'

2023-07-25 12:25:14 - [MESSAGE][WARNING] - Timeout '0' is invalid. Using default page load timeout: '30'

2023-07-25 12:25:17 - [MESSAGE][PASSED] - Tapped on element 'Object Repository/Parte2/Ajustes cuenta/Cuenta/Idioma/android.widget.TextView - Deutsch'

2023-07-25 12:25:17 - [TEST_STEP][PASSED] - verifyElementExist(findTestObject("Parte2/Ajustes cuenta/Cuenta/Idioma/android.view.ViewGroup"), 0): Element 'Object Repository/Parte2/Ajustes cuenta/Cuenta/Idioma/android.view.ViewGroup' is exist

2023-07-25 12:25:17 - [MESSAGE][WARNING] - Timeout '0' is invalid. Using default page load timeout: '30'

2023-07-25 12:25:17 - [MESSAGE][PASSED] - Element 'Object Repository/Parte2/Ajustes cuenta/Cuenta/Idioma/android.view.ViewGroup' is exist

2023-07-25 12:25:17 - [TEST_STEP][PASSED] - tap(findTestObject("Parte2/Ajustes cuenta/Cuenta/Idioma/android.widget.TextView - Sprache"), 0): Tapped on element 'Object Repository/Parte2/Ajustes cuenta/Cuenta/Idioma/android.widget.TextView - Sprache'

2023-07-25 12:25:17 - [MESSAGE][WARNING] - Timeout '0' is invalid. Using default page load timeout: '30'

2023-07-25 12:25:17 - [MESSAGE][PASSED] - Tapped on element 'Object Repository/Parte2/Ajustes cuenta/Cuenta/Idioma/android.widget.TextView - Sprache']]></system-out>
         <system-err><![CDATA[]]></system-err>
      </testcase>
      <testcase name="Test Cases/Parte2/Ajustes/Cuenta/Idioma/CPN188" time="2.497" classname="Test Cases/Parte2/Ajustes/Cuenta/Idioma/CPN188" status="PASSED">
         <system-out><![CDATA[2023-07-25 12:25:17 - [TEST_CASE][PASSED] - Test Cases/Parte2/Ajustes/Cuenta/Idioma/CPN188: Test Cases/Parte2/Ajustes/Cuenta/Idioma/CPN188

2023-07-25 12:25:17 - [TEST_STEP][PASSED] - tap(findTestObject("Parte2/Ajustes cuenta/Cuenta/Idioma/android.widget.TextView - Franais"), 0): Tapped on element 'Object Repository/Parte2/Ajustes cuenta/Cuenta/Idioma/android.widget.TextView - Franais'

2023-07-25 12:25:17 - [MESSAGE][WARNING] - Timeout '0' is invalid. Using default page load timeout: '30'

2023-07-25 12:25:18 - [MESSAGE][PASSED] - Tapped on element 'Object Repository/Parte2/Ajustes cuenta/Cuenta/Idioma/android.widget.TextView - Franais'

2023-07-25 12:25:18 - [TEST_STEP][PASSED] - verifyElementExist(findTestObject("Parte2/Ajustes cuenta/Cuenta/Idioma/android.view.ViewGroup (1)"), 0): Element 'Object Repository/Parte2/Ajustes cuenta/Cuenta/Idioma/android.view.ViewGroup (1)' is exist

2023-07-25 12:25:18 - [MESSAGE][WARNING] - Timeout '0' is invalid. Using default page load timeout: '30'

2023-07-25 12:25:19 - [MESSAGE][PASSED] - Element 'Object Repository/Parte2/Ajustes cuenta/Cuenta/Idioma/android.view.ViewGroup (1)' is exist

2023-07-25 12:25:19 - [TEST_STEP][PASSED] - tap(findTestObject("Parte2/Ajustes cuenta/Cuenta/Idioma/android.widget.TextView - Langage"), 0): Tapped on element 'Object Repository/Parte2/Ajustes cuenta/Cuenta/Idioma/android.widget.TextView - Langage'

2023-07-25 12:25:19 - [MESSAGE][WARNING] - Timeout '0' is invalid. Using default page load timeout: '30'

2023-07-25 12:25:19 - [MESSAGE][PASSED] - Tapped on element 'Object Repository/Parte2/Ajustes cuenta/Cuenta/Idioma/android.widget.TextView - Langage']]></system-out>
         <system-err><![CDATA[]]></system-err>
      </testcase>
      <testcase name="Test Cases/Parte2/Ajustes/Cuenta/Idioma/CPN189" time="2.444" classname="Test Cases/Parte2/Ajustes/Cuenta/Idioma/CPN189" status="PASSED">
         <system-out><![CDATA[2023-07-25 12:25:19 - [TEST_CASE][PASSED] - Test Cases/Parte2/Ajustes/Cuenta/Idioma/CPN189: Test Cases/Parte2/Ajustes/Cuenta/Idioma/CPN189

2023-07-25 12:25:20 - [TEST_STEP][PASSED] - tap(findTestObject("Parte2/Ajustes cuenta/Cuenta/Idioma/android.widget.TextView - English"), 0): Tapped on element 'Object Repository/Parte2/Ajustes cuenta/Cuenta/Idioma/android.widget.TextView - English'

2023-07-25 12:25:20 - [MESSAGE][WARNING] - Timeout '0' is invalid. Using default page load timeout: '30'

2023-07-25 12:25:20 - [MESSAGE][PASSED] - Tapped on element 'Object Repository/Parte2/Ajustes cuenta/Cuenta/Idioma/android.widget.TextView - English'

2023-07-25 12:25:20 - [TEST_STEP][PASSED] - verifyElementExist(findTestObject("Parte2/Ajustes cuenta/Cuenta/Idioma/android.view.ViewGroup (1)"), 0): Element 'Object Repository/Parte2/Ajustes cuenta/Cuenta/Idioma/android.view.ViewGroup (1)' is exist

2023-07-25 12:25:21 - [MESSAGE][WARNING] - Timeout '0' is invalid. Using default page load timeout: '30'

2023-07-25 12:25:22 - [MESSAGE][PASSED] - Element 'Object Repository/Parte2/Ajustes cuenta/Cuenta/Idioma/android.view.ViewGroup (1)' is exist

2023-07-25 12:25:22 - [TEST_STEP][PASSED] - tap(findTestObject("Parte2/Ajustes cuenta/Cuenta/Idioma/android.widget.TextView - Language"), 0): Tapped on element 'Object Repository/Parte2/Ajustes cuenta/Cuenta/Idioma/android.widget.TextView - Language'

2023-07-25 12:25:22 - [MESSAGE][WARNING] - Timeout '0' is invalid. Using default page load timeout: '30'

2023-07-25 12:25:22 - [MESSAGE][PASSED] - Tapped on element 'Object Repository/Parte2/Ajustes cuenta/Cuenta/Idioma/android.widget.TextView - Language']]></system-out>
         <system-err><![CDATA[]]></system-err>
      </testcase>
      <testcase name="Test Cases/Parte2/Ajustes/Cuenta/Idioma/CPN190" time="2.403" classname="Test Cases/Parte2/Ajustes/Cuenta/Idioma/CPN190" status="PASSED">
         <system-out><![CDATA[2023-07-25 12:25:22 - [TEST_CASE][PASSED] - Test Cases/Parte2/Ajustes/Cuenta/Idioma/CPN190: Test Cases/Parte2/Ajustes/Cuenta/Idioma/CPN190

2023-07-25 12:25:22 - [TEST_STEP][PASSED] - tap(findTestObject("Parte2/Ajustes cuenta/Cuenta/Idioma/android.widget.TextView - Italiano"), 0): Tapped on element 'Object Repository/Parte2/Ajustes cuenta/Cuenta/Idioma/android.widget.TextView - Italiano'

2023-07-25 12:25:22 - [MESSAGE][WARNING] - Timeout '0' is invalid. Using default page load timeout: '30'

2023-07-25 12:25:23 - [MESSAGE][PASSED] - Tapped on element 'Object Repository/Parte2/Ajustes cuenta/Cuenta/Idioma/android.widget.TextView - Italiano'

2023-07-25 12:25:23 - [TEST_STEP][PASSED] - verifyElementExist(findTestObject("Parte2/Ajustes cuenta/Cuenta/Idioma/android.view.ViewGroup (1)"), 0): Element 'Object Repository/Parte2/Ajustes cuenta/Cuenta/Idioma/android.view.ViewGroup (1)' is exist

2023-07-25 12:25:23 - [MESSAGE][WARNING] - Timeout '0' is invalid. Using default page load timeout: '30'

2023-07-25 12:25:24 - [MESSAGE][PASSED] - Element 'Object Repository/Parte2/Ajustes cuenta/Cuenta/Idioma/android.view.ViewGroup (1)' is exist

2023-07-25 12:25:24 - [TEST_STEP][PASSED] - tap(findTestObject("Parte2/Ajustes cuenta/Cuenta/Idioma/android.widget.TextView - Lingua"), 0): Tapped on element 'Object Repository/Parte2/Ajustes cuenta/Cuenta/Idioma/android.widget.TextView - Lingua'

2023-07-25 12:25:24 - [MESSAGE][WARNING] - Timeout '0' is invalid. Using default page load timeout: '30'

2023-07-25 12:25:24 - [MESSAGE][PASSED] - Tapped on element 'Object Repository/Parte2/Ajustes cuenta/Cuenta/Idioma/android.widget.TextView - Lingua']]></system-out>
         <system-err><![CDATA[]]></system-err>
      </testcase>
      <testcase name="Test Cases/Parte2/Ajustes/Cuenta/Idioma/CPN191" time="2.445" classname="Test Cases/Parte2/Ajustes/Cuenta/Idioma/CPN191" status="PASSED">
         <system-out><![CDATA[2023-07-25 12:25:24 - [TEST_CASE][PASSED] - Test Cases/Parte2/Ajustes/Cuenta/Idioma/CPN191: Test Cases/Parte2/Ajustes/Cuenta/Idioma/CPN191

2023-07-25 12:25:25 - [TEST_STEP][PASSED] - tap(findTestObject("Parte2/Ajustes cuenta/Cuenta/Idioma/android.widget.TextView - Portugus"), 0): Tapped on element 'Object Repository/Parte2/Ajustes cuenta/Cuenta/Idioma/android.widget.TextView - Portugus'

2023-07-25 12:25:25 - [MESSAGE][WARNING] - Timeout '0' is invalid. Using default page load timeout: '30'

2023-07-25 12:25:26 - [MESSAGE][PASSED] - Tapped on element 'Object Repository/Parte2/Ajustes cuenta/Cuenta/Idioma/android.widget.TextView - Portugus'

2023-07-25 12:25:26 - [TEST_STEP][PASSED] - verifyElementExist(findTestObject("Parte2/Ajustes cuenta/Cuenta/Idioma/android.view.ViewGroup (1)"), 0): Element 'Object Repository/Parte2/Ajustes cuenta/Cuenta/Idioma/android.view.ViewGroup (1)' is exist

2023-07-25 12:25:26 - [MESSAGE][WARNING] - Timeout '0' is invalid. Using default page load timeout: '30'

2023-07-25 12:25:27 - [MESSAGE][PASSED] - Element 'Object Repository/Parte2/Ajustes cuenta/Cuenta/Idioma/android.view.ViewGroup (1)' is exist

2023-07-25 12:25:27 - [TEST_STEP][PASSED] - tap(findTestObject("Parte2/Ajustes cuenta/Cuenta/Idioma/android.widget.TextView - Idioma (1)"), 0): Tapped on element 'Object Repository/Parte2/Ajustes cuenta/Cuenta/Idioma/android.widget.TextView - Idioma (1)'

2023-07-25 12:25:27 - [MESSAGE][WARNING] - Timeout '0' is invalid. Using default page load timeout: '30'

2023-07-25 12:25:27 - [MESSAGE][PASSED] - Tapped on element 'Object Repository/Parte2/Ajustes cuenta/Cuenta/Idioma/android.widget.TextView - Idioma (1)']]></system-out>
         <system-err><![CDATA[]]></system-err>
      </testcase>
      <testcase name="Test Cases/Parte2/Ajustes/Cuenta/Idioma/CPN192" time="2.151" classname="Test Cases/Parte2/Ajustes/Cuenta/Idioma/CPN192" status="PASSED">
         <system-out><![CDATA[2023-07-25 12:25:27 - [TEST_CASE][PASSED] - Test Cases/Parte2/Ajustes/Cuenta/Idioma/CPN192: Test Cases/Parte2/Ajustes/Cuenta/Idioma/CPN192

2023-07-25 12:25:27 - [TEST_STEP][PASSED] - tap(findTestObject("Parte2/Ajustes cuenta/Cuenta/Idioma/android.widget.TextView - Espaol"), 0): Tapped on element 'Object Repository/Parte2/Ajustes cuenta/Cuenta/Idioma/android.widget.TextView - Espaol'

2023-07-25 12:25:27 - [MESSAGE][WARNING] - Timeout '0' is invalid. Using default page load timeout: '30'

2023-07-25 12:25:28 - [MESSAGE][PASSED] - Tapped on element 'Object Repository/Parte2/Ajustes cuenta/Cuenta/Idioma/android.widget.TextView - Espaol'

2023-07-25 12:25:28 - [TEST_STEP][PASSED] - verifyElementExist(findTestObject("Parte2/Ajustes cuenta/Cuenta/Idioma/android.view.ViewGroup (1)"), 0): Element 'Object Repository/Parte2/Ajustes cuenta/Cuenta/Idioma/android.view.ViewGroup (1)' is exist

2023-07-25 12:25:28 - [MESSAGE][WARNING] - Timeout '0' is invalid. Using default page load timeout: '30'

2023-07-25 12:25:29 - [MESSAGE][PASSED] - Element 'Object Repository/Parte2/Ajustes cuenta/Cuenta/Idioma/android.view.ViewGroup (1)' is exist]]></system-out>
         <system-err><![CDATA[]]></system-err>
      </testcase>
      <testcase name="Test Cases/Parte2/Ajustes/Cuenta/Recuperar Cuenta/CPN193" time="42.861" classname="Test Cases/Parte2/Ajustes/Cuenta/Recuperar Cuenta/CPN193" status="FAILED">
         <failure type="FAILED" message="Test Cases/Parte2/Ajustes/Cuenta/Recuperar Cuenta/CPN193 FAILED.
Reason:
com.kms.katalon.core.exception.StepFailedException: Element 'Object Repository/Parte2/Ajustes cuenta/Cuenta/Recuperar Cuenta/android.widget.TextView - Trminos, condiciones y polticas de privacidad de datos de la app Napoleon chat' not found
	at com.kms.katalon.core.keyword.internal.KeywordMain.stepFailed(KeywordMain.groovy:51)
	at com.kms.katalon.core.mobile.keyword.internal.MobileKeywordMain.stepFailed(MobileKeywordMain.groovy:40)
	at com.kms.katalon.core.mobile.keyword.builtin.VerifyElementExistKeyword$_verifyElementExist_closure1.doCall(VerifyElementExistKeyword.groovy:77)
	at com.kms.katalon.core.mobile.keyword.builtin.VerifyElementExistKeyword$_verifyElementExist_closure1.call(VerifyElementExistKeyword.groovy)
	at com.kms.katalon.core.mobile.keyword.internal.MobileKeywordMain.runKeyword(MobileKeywordMain.groovy:21)
	at com.kms.katalon.core.mobile.keyword.builtin.VerifyElementExistKeyword.verifyElementExist(VerifyElementExistKeyword.groovy:80)
	at com.kms.katalon.core.mobile.keyword.builtin.VerifyElementExistKeyword.execute(VerifyElementExistKeyword.groovy:64)
	at com.kms.katalon.core.keyword.internal.KeywordExecutor.executeKeywordForPlatform(KeywordExecutor.groovy:74)
	at com.kms.katalon.core.mobile.keyword.MobileBuiltInKeywords.verifyElementExist(MobileBuiltInKeywords.groovy:1755)
	at com.kms.katalon.core.mobile.keyword.MobileBuiltInKeywords$verifyElementExist$8.call(Unknown Source)
	at CPN193.run(CPN193:30)
	at com.kms.katalon.core.main.ScriptEngine.run(ScriptEngine.java:194)
	at com.kms.katalon.core.main.ScriptEngine.runScriptAsRawText(ScriptEngine.java:119)
	at com.kms.katalon.core.main.TestCaseExecutor.runScript(TestCaseExecutor.java:448)
	at com.kms.katalon.core.main.TestCaseExecutor.doExecute(TestCaseExecutor.java:439)
	at com.kms.katalon.core.main.TestCaseExecutor.processExecutionPhase(TestCaseExecutor.java:418)
	at com.kms.katalon.core.main.TestCaseExecutor.accessMainPhase(TestCaseExecutor.java:410)
	at com.kms.katalon.core.main.TestCaseExecutor.execute(TestCaseExecutor.java:285)
	at com.kms.katalon.core.common.CommonExecutor.accessTestCaseMainPhase(CommonExecutor.java:65)
	at com.kms.katalon.core.main.TestSuiteExecutor.accessTestSuiteMainPhase(TestSuiteExecutor.java:148)
	at com.kms.katalon.core.main.TestSuiteExecutor.execute(TestSuiteExecutor.java:106)
	at com.kms.katalon.core.main.TestCaseMain.startTestSuite(TestCaseMain.java:187)
	at com.kms.katalon.core.main.TestCaseMain$startTestSuite$0.call(Unknown Source)
	at TempTestSuite1690305056046.run(TempTestSuite1690305056046.groovy:36)
"/>
         <system-out><![CDATA[2023-07-25 12:25:29 - [TEST_CASE][FAILED] - Test Cases/Parte2/Ajustes/Cuenta/Recuperar Cuenta/CPN193: Test Cases/Parte2/Ajustes/Cuenta/Recuperar Cuenta/CPN193 FAILED.
Reason:
com.kms.katalon.core.exception.StepFailedException: Element 'Object Repository/Parte2/Ajustes cuenta/Cuenta/Recuperar Cuenta/android.widget.TextView - Trminos, condiciones y polticas de privacidad de datos de la app Napoleon chat' not found
	at com.kms.katalon.core.keyword.internal.KeywordMain.stepFailed(KeywordMain.groovy:51)
	at com.kms.katalon.core.mobile.keyword.internal.MobileKeywordMain.stepFailed(MobileKeywordMain.groovy:40)
	at com.kms.katalon.core.mobile.keyword.builtin.VerifyElementExistKeyword$_verifyElementExist_closure1.doCall(VerifyElementExistKeyword.groovy:77)
	at com.kms.katalon.core.mobile.keyword.builtin.VerifyElementExistKeyword$_verifyElementExist_closure1.call(VerifyElementExistKeyword.groovy)
	at com.kms.katalon.core.mobile.keyword.internal.MobileKeywordMain.runKeyword(MobileKeywordMain.groovy:21)
	at com.kms.katalon.core.mobile.keyword.builtin.VerifyElementExistKeyword.verifyElementExist(VerifyElementExistKeyword.groovy:80)
	at com.kms.katalon.core.mobile.keyword.builtin.VerifyElementExistKeyword.execute(VerifyElementExistKeyword.groovy:64)
	at com.kms.katalon.core.keyword.internal.KeywordExecutor.executeKeywordForPlatform(KeywordExecutor.groovy:74)
	at com.kms.katalon.core.mobile.keyword.MobileBuiltInKeywords.verifyElementExist(MobileBuiltInKeywords.groovy:1755)
	at com.kms.katalon.core.mobile.keyword.MobileBuiltInKeywords$verifyElementExist$8.call(Unknown Source)
	at CPN193.run(CPN193:30)
	at com.kms.katalon.core.main.ScriptEngine.run(ScriptEngine.java:194)
	at com.kms.katalon.core.main.ScriptEngine.runScriptAsRawText(ScriptEngine.java:119)
	at com.kms.katalon.core.main.TestCaseExecutor.runScript(TestCaseExecutor.java:448)
	at com.kms.katalon.core.main.TestCaseExecutor.doExecute(TestCaseExecutor.java:439)
	at com.kms.katalon.core.main.TestCaseExecutor.processExecutionPhase(TestCaseExecutor.java:418)
	at com.kms.katalon.core.main.TestCaseExecutor.accessMainPhase(TestCaseExecutor.java:410)
	at com.kms.katalon.core.main.TestCaseExecutor.execute(TestCaseExecutor.java:285)
	at com.kms.katalon.core.common.CommonExecutor.accessTestCaseMainPhase(CommonExecutor.java:65)
	at com.kms.katalon.core.main.TestSuiteExecutor.accessTestSuiteMainPhase(TestSuiteExecutor.java:148)
	at com.kms.katalon.core.main.TestSuiteExecutor.execute(TestSuiteExecutor.java:106)
	at com.kms.katalon.core.main.TestCaseMain.startTestSuite(TestCaseMain.java:187)
	at com.kms.katalon.core.main.TestCaseMain$startTestSuite$0.call(Unknown Source)
	at TempTestSuite1690305056046.run(TempTestSuite1690305056046.groovy:36)


2023-07-25 12:25:29 - [TEST_STEP][PASSED] - tap(findTestObject("Parte2/Ajustes cuenta/Cuenta/Recuperar Cuenta/android.widget.TextView - Recuperar Cuenta"), 0): Tapped on element 'Object Repository/Parte2/Ajustes cuenta/Cuenta/Recuperar Cuenta/android.widget.TextView - Recuperar Cuenta'

2023-07-25 12:25:29 - [MESSAGE][WARNING] - Timeout '0' is invalid. Using default page load timeout: '30'

2023-07-25 12:25:29 - [MESSAGE][PASSED] - Tapped on element 'Object Repository/Parte2/Ajustes cuenta/Cuenta/Recuperar Cuenta/android.widget.TextView - Recuperar Cuenta'

2023-07-25 12:25:29 - [TEST_STEP][PASSED] - tap(findTestObject("Parte2/Ajustes cuenta/Cuenta/Recuperar Cuenta/android.widget.TextView - trminos, condiciones y polticas de privacidad"), 0): Tapped on element 'Object Repository/Parte2/Ajustes cuenta/Cuenta/Recuperar Cuenta/android.widget.TextView - trminos, condiciones y polticas de privacidad'

2023-07-25 12:25:29 - [MESSAGE][WARNING] - Timeout '0' is invalid. Using default page load timeout: '30'

2023-07-25 12:25:30 - [MESSAGE][PASSED] - Tapped on element 'Object Repository/Parte2/Ajustes cuenta/Cuenta/Recuperar Cuenta/android.widget.TextView - trminos, condiciones y polticas de privacidad'

2023-07-25 12:25:30 - [TEST_STEP][PASSED] - delay(10, STOP_ON_FAILURE): Delayed 10 second(s)

2023-07-25 12:25:40 - [MESSAGE][PASSED] - Delayed 10 second(s)

2023-07-25 12:25:40 - [TEST_STEP][FAILED] - verifyElementExist(findTestObject("Parte2/Ajustes cuenta/Cuenta/Recuperar Cuenta/android.widget.TextView - Trminos, condiciones y polticas de privacidad de datos de la app Napoleon chat"), 0): Failed to check for element 'Object Repository/Parte2/Ajustes cuenta/Cuenta/Recuperar Cuenta/android.widget.TextView - Trminos, condiciones y polticas de privacidad de datos de la app Napoleon chat' exist (Root cause: com.kms.katalon.core.exception.StepFailedException: Element 'Object Repository/Parte2/Ajustes cuenta/Cuenta/Recuperar Cuenta/android.widget.TextView - Trminos, condiciones y polticas de privacidad de datos de la app Napoleon chat' not found
	at com.kms.katalon.core.keyword.internal.KeywordMain.stepFailed(KeywordMain.groovy:51)
	at com.kms.katalon.core.mobile.keyword.internal.MobileKeywordMain.stepFailed(MobileKeywordMain.groovy:40)
	at com.kms.katalon.core.mobile.keyword.builtin.VerifyElementExistKeyword$_verifyElementExist_closure1.doCall(VerifyElementExistKeyword.groovy:77)
	at com.kms.katalon.core.mobile.keyword.builtin.VerifyElementExistKeyword$_verifyElementExist_closure1.call(VerifyElementExistKeyword.groovy)
	at com.kms.katalon.core.mobile.keyword.internal.MobileKeywordMain.runKeyword(MobileKeywordMain.groovy:21)
	at com.kms.katalon.core.mobile.keyword.builtin.VerifyElementExistKeyword.verifyElementExist(VerifyElementExistKeyword.groovy:80)
	at com.kms.katalon.core.mobile.keyword.builtin.VerifyElementExistKeyword.execute(VerifyElementExistKeyword.groovy:64)
	at com.kms.katalon.core.keyword.internal.KeywordExecutor.executeKeywordForPlatform(KeywordExecutor.groovy:74)
	at com.kms.katalon.core.mobile.keyword.MobileBuiltInKeywords.verifyElementExist(MobileBuiltInKeywords.groovy:1755)
	at com.kms.katalon.core.mobile.keyword.MobileBuiltInKeywords$verifyElementExist$8.call(Unknown Source)
	at CPN193.run(CPN193:30)
	at com.kms.katalon.core.main.ScriptEngine.run(ScriptEngine.java:194)
	at com.kms.katalon.core.main.ScriptEngine.runScriptAsRawText(ScriptEngine.java:119)
	at com.kms.katalon.core.main.TestCaseExecutor.runScript(TestCaseExecutor.java:448)
	at com.kms.katalon.core.main.TestCaseExecutor.doExecute(TestCaseExecutor.java:439)
	at com.kms.katalon.core.main.TestCaseExecutor.processExecutionPhase(TestCaseExecutor.java:418)
	at com.kms.katalon.core.main.TestCaseExecutor.accessMainPhase(TestCaseExecutor.java:410)
	at com.kms.katalon.core.main.TestCaseExecutor.execute(TestCaseExecutor.java:285)
	at com.kms.katalon.core.common.CommonExecutor.accessTestCaseMainPhase(CommonExecutor.java:65)
	at com.kms.katalon.core.main.TestSuiteExecutor.accessTestSuiteMainPhase(TestSuiteExecutor.java:148)
	at com.kms.katalon.core.main.TestSuiteExecutor.execute(TestSuiteExecutor.java:106)
	at com.kms.katalon.core.main.TestCaseMain.startTestSuite(TestCaseMain.java:187)
	at com.kms.katalon.core.main.TestCaseMain$startTestSuite$0.call(Unknown Source)
	at TempTestSuite1690305056046.run(TempTestSuite1690305056046.groovy:36)
)

2023-07-25 12:25:40 - [MESSAGE][WARNING] - Timeout '0' is invalid. Using default page load timeout: '30'

2023-07-25 12:26:11 - [MESSAGE][FAILED] - Element 'Object Repository/Parte2/Ajustes cuenta/Cuenta/Recuperar Cuenta/android.widget.TextView - Trminos, condiciones y polticas de privacidad de datos de la app Napoleon chat' not found

2023-07-25 12:26:12 - [MESSAGE][FAILED] - Failed to check for element 'Object Repository/Parte2/Ajustes cuenta/Cuenta/Recuperar Cuenta/android.widget.TextView - Trminos, condiciones y polticas de privacidad de datos de la app Napoleon chat' exist (Root cause: com.kms.katalon.core.exception.StepFailedException: Element 'Object Repository/Parte2/Ajustes cuenta/Cuenta/Recuperar Cuenta/android.widget.TextView - Trminos, condiciones y polticas de privacidad de datos de la app Napoleon chat' not found
	at com.kms.katalon.core.keyword.internal.KeywordMain.stepFailed(KeywordMain.groovy:51)
	at com.kms.katalon.core.mobile.keyword.internal.MobileKeywordMain.stepFailed(MobileKeywordMain.groovy:40)
	at com.kms.katalon.core.mobile.keyword.builtin.VerifyElementExistKeyword$_verifyElementExist_closure1.doCall(VerifyElementExistKeyword.groovy:77)
	at com.kms.katalon.core.mobile.keyword.builtin.VerifyElementExistKeyword$_verifyElementExist_closure1.call(VerifyElementExistKeyword.groovy)
	at com.kms.katalon.core.mobile.keyword.internal.MobileKeywordMain.runKeyword(MobileKeywordMain.groovy:21)
	at com.kms.katalon.core.mobile.keyword.builtin.VerifyElementExistKeyword.verifyElementExist(VerifyElementExistKeyword.groovy:80)
	at com.kms.katalon.core.mobile.keyword.builtin.VerifyElementExistKeyword.execute(VerifyElementExistKeyword.groovy:64)
	at com.kms.katalon.core.keyword.internal.KeywordExecutor.executeKeywordForPlatform(KeywordExecutor.groovy:74)
	at com.kms.katalon.core.mobile.keyword.MobileBuiltInKeywords.verifyElementExist(MobileBuiltInKeywords.groovy:1755)
	at com.kms.katalon.core.mobile.keyword.MobileBuiltInKeywords$verifyElementExist$8.call(Unknown Source)
	at CPN193.run(CPN193:30)
	at com.kms.katalon.core.main.ScriptEngine.run(ScriptEngine.java:194)
	at com.kms.katalon.core.main.ScriptEngine.runScriptAsRawText(ScriptEngine.java:119)
	at com.kms.katalon.core.main.TestCaseExecutor.runScript(TestCaseExecutor.java:448)
	at com.kms.katalon.core.main.TestCaseExecutor.doExecute(TestCaseExecutor.java:439)
	at com.kms.katalon.core.main.TestCaseExecutor.processExecutionPhase(TestCaseExecutor.java:418)
	at com.kms.katalon.core.main.TestCaseExecutor.accessMainPhase(TestCaseExecutor.java:410)
	at com.kms.katalon.core.main.TestCaseExecutor.execute(TestCaseExecutor.java:285)
	at com.kms.katalon.core.common.CommonExecutor.accessTestCaseMainPhase(CommonExecutor.java:65)
	at com.kms.katalon.core.main.TestSuiteExecutor.accessTestSuiteMainPhase(TestSuiteExecutor.java:148)
	at com.kms.katalon.core.main.TestSuiteExecutor.execute(TestSuiteExecutor.java:106)
	at com.kms.katalon.core.main.TestCaseMain.startTestSuite(TestCaseMain.java:187)
	at com.kms.katalon.core.main.TestCaseMain$startTestSuite$0.call(Unknown Source)
	at TempTestSuite1690305056046.run(TempTestSuite1690305056046.groovy:36)
)
[[ATTACHMENT|C:\\Users\\Testing\\Katalon Studio\\NN_Version2\\Reports\\20230725_121056\\Integracion parte1 y parte 2\\20230725_121056\\1690305971060.png]]]]></system-out>
         <system-err><![CDATA[2023-07-25 12:25:29 - [TEST_CASE][FAILED] - Test Cases/Parte2/Ajustes/Cuenta/Recuperar Cuenta/CPN193: Test Cases/Parte2/Ajustes/Cuenta/Recuperar Cuenta/CPN193 FAILED.
Reason:
com.kms.katalon.core.exception.StepFailedException: Element 'Object Repository/Parte2/Ajustes cuenta/Cuenta/Recuperar Cuenta/android.widget.TextView - Trminos, condiciones y polticas de privacidad de datos de la app Napoleon chat' not found
	at com.kms.katalon.core.keyword.internal.KeywordMain.stepFailed(KeywordMain.groovy:51)
	at com.kms.katalon.core.mobile.keyword.internal.MobileKeywordMain.stepFailed(MobileKeywordMain.groovy:40)
	at com.kms.katalon.core.mobile.keyword.builtin.VerifyElementExistKeyword$_verifyElementExist_closure1.doCall(VerifyElementExistKeyword.groovy:77)
	at com.kms.katalon.core.mobile.keyword.builtin.VerifyElementExistKeyword$_verifyElementExist_closure1.call(VerifyElementExistKeyword.groovy)
	at com.kms.katalon.core.mobile.keyword.internal.MobileKeywordMain.runKeyword(MobileKeywordMain.groovy:21)
	at com.kms.katalon.core.mobile.keyword.builtin.VerifyElementExistKeyword.verifyElementExist(VerifyElementExistKeyword.groovy:80)
	at com.kms.katalon.core.mobile.keyword.builtin.VerifyElementExistKeyword.execute(VerifyElementExistKeyword.groovy:64)
	at com.kms.katalon.core.keyword.internal.KeywordExecutor.executeKeywordForPlatform(KeywordExecutor.groovy:74)
	at com.kms.katalon.core.mobile.keyword.MobileBuiltInKeywords.verifyElementExist(MobileBuiltInKeywords.groovy:1755)
	at com.kms.katalon.core.mobile.keyword.MobileBuiltInKeywords$verifyElementExist$8.call(Unknown Source)
	at CPN193.run(CPN193:30)
	at com.kms.katalon.core.main.ScriptEngine.run(ScriptEngine.java:194)
	at com.kms.katalon.core.main.ScriptEngine.runScriptAsRawText(ScriptEngine.java:119)
	at com.kms.katalon.core.main.TestCaseExecutor.runScript(TestCaseExecutor.java:448)
	at com.kms.katalon.core.main.TestCaseExecutor.doExecute(TestCaseExecutor.java:439)
	at com.kms.katalon.core.main.TestCaseExecutor.processExecutionPhase(TestCaseExecutor.java:418)
	at com.kms.katalon.core.main.TestCaseExecutor.accessMainPhase(TestCaseExecutor.java:410)
	at com.kms.katalon.core.main.TestCaseExecutor.execute(TestCaseExecutor.java:285)
	at com.kms.katalon.core.common.CommonExecutor.accessTestCaseMainPhase(CommonExecutor.java:65)
	at com.kms.katalon.core.main.TestSuiteExecutor.accessTestSuiteMainPhase(TestSuiteExecutor.java:148)
	at com.kms.katalon.core.main.TestSuiteExecutor.execute(TestSuiteExecutor.java:106)
	at com.kms.katalon.core.main.TestCaseMain.startTestSuite(TestCaseMain.java:187)
	at com.kms.katalon.core.main.TestCaseMain$startTestSuite$0.call(Unknown Source)
	at TempTestSuite1690305056046.run(TempTestSuite1690305056046.groovy:36)]]></system-err>
      </testcase>
      <testcase name="Test Cases/Parte2/Ajustes/Cuenta/Recuperar Cuenta/CPN194" time="38.319" classname="Test Cases/Parte2/Ajustes/Cuenta/Recuperar Cuenta/CPN194" status="PASSED">
         <system-out><![CDATA[2023-07-25 12:26:12 - [TEST_CASE][PASSED] - Test Cases/Parte2/Ajustes/Cuenta/Recuperar Cuenta/CPN194: Test Cases/Parte2/Ajustes/Cuenta/Recuperar Cuenta/CPN194

2023-07-25 12:26:12 - [TEST_STEP][PASSED] - toggleWifi("off", STOP_ON_FAILURE): Toggled wifi

2023-07-25 12:26:13 - [MESSAGE][PASSED] - Toggled wifi

2023-07-25 12:26:13 - [TEST_STEP][PASSED] - delay(10, STOP_ON_FAILURE): Delayed 10 second(s)

2023-07-25 12:26:23 - [MESSAGE][PASSED] - Delayed 10 second(s)

2023-07-25 12:26:23 - [TEST_STEP][PASSED] - tap(findTestObject("Parte2/Ajustes cuenta/Cuenta/Recuperar Cuenta/android.widget.Button - Registrar"), 0): Tapped on element 'Object Repository/Parte2/Ajustes cuenta/Cuenta/Recuperar Cuenta/android.widget.Button - Registrar'

2023-07-25 12:26:23 - [MESSAGE][WARNING] - Timeout '0' is invalid. Using default page load timeout: '30'

2023-07-25 12:26:26 - [MESSAGE][PASSED] - Tapped on element 'Object Repository/Parte2/Ajustes cuenta/Cuenta/Recuperar Cuenta/android.widget.Button - Registrar'

2023-07-25 12:26:26 - [TEST_STEP][PASSED] - verifyElementExist(findTestObject("Parte2/Ajustes cuenta/Cuenta/Recuperar Cuenta/android.view.ViewGroup"), 0): Element 'Object Repository/Parte2/Ajustes cuenta/Cuenta/Recuperar Cuenta/android.view.ViewGroup' is exist

2023-07-25 12:26:26 - [MESSAGE][WARNING] - Timeout '0' is invalid. Using default page load timeout: '30'

2023-07-25 12:26:27 - [MESSAGE][PASSED] - Element 'Object Repository/Parte2/Ajustes cuenta/Cuenta/Recuperar Cuenta/android.view.ViewGroup' is exist

2023-07-25 12:26:27 - [TEST_STEP][PASSED] - tap(findTestObject("Parte2/Ajustes cuenta/Cuenta/Recuperar Cuenta/android.widget.Button - Cancelar"), 0): Tapped on element 'Object Repository/Parte2/Ajustes cuenta/Cuenta/Recuperar Cuenta/android.widget.Button - Cancelar'

2023-07-25 12:26:27 - [MESSAGE][WARNING] - Timeout '0' is invalid. Using default page load timeout: '30'

2023-07-25 12:26:27 - [MESSAGE][PASSED] - Tapped on element 'Object Repository/Parte2/Ajustes cuenta/Cuenta/Recuperar Cuenta/android.widget.Button - Cancelar'

2023-07-25 12:26:27 - [TEST_STEP][PASSED] - verifyElementExist(findTestObject("Parte2/Ajustes cuenta/Cuenta/Recuperar Cuenta/android.view.ViewGroup (2)"), 0): Element 'Object Repository/Parte2/Ajustes cuenta/Cuenta/Recuperar Cuenta/android.view.ViewGroup (2)' is exist

2023-07-25 12:26:27 - [MESSAGE][WARNING] - Timeout '0' is invalid. Using default page load timeout: '30'

2023-07-25 12:26:28 - [MESSAGE][PASSED] - Element 'Object Repository/Parte2/Ajustes cuenta/Cuenta/Recuperar Cuenta/android.view.ViewGroup (2)' is exist

2023-07-25 12:26:28 - [TEST_STEP][PASSED] - tap(findTestObject("Parte2/Ajustes cuenta/Cuenta/Recuperar Cuenta/android.widget.Button - Confirmar"), 0): Tapped on element 'Object Repository/Parte2/Ajustes cuenta/Cuenta/Recuperar Cuenta/android.widget.Button - Confirmar'

2023-07-25 12:26:28 - [MESSAGE][WARNING] - Timeout '0' is invalid. Using default page load timeout: '30'

2023-07-25 12:26:29 - [MESSAGE][PASSED] - Tapped on element 'Object Repository/Parte2/Ajustes cuenta/Cuenta/Recuperar Cuenta/android.widget.Button - Confirmar'

2023-07-25 12:26:29 - [TEST_STEP][PASSED] - toggleWifi("on", STOP_ON_FAILURE): Toggled wifi

2023-07-25 12:26:30 - [MESSAGE][PASSED] - Toggled wifi

2023-07-25 12:26:30 - [TEST_STEP][PASSED] - delay(20): Delayed 20 second(s)

2023-07-25 12:26:50 - [MESSAGE][PASSED] - Delayed 20 second(s)]]></system-out>
         <system-err><![CDATA[]]></system-err>
      </testcase>
      <testcase name="Test Cases/Parte2/Ajustes/Cuenta/Recuperar Cuenta/CPN195" time="16.893" classname="Test Cases/Parte2/Ajustes/Cuenta/Recuperar Cuenta/CPN195" status="PASSED">
         <system-out><![CDATA[2023-07-25 12:26:50 - [TEST_CASE][PASSED] - Test Cases/Parte2/Ajustes/Cuenta/Recuperar Cuenta/CPN195: Test Cases/Parte2/Ajustes/Cuenta/Recuperar Cuenta/CPN195

2023-07-25 12:26:50 - [TEST_STEP][PASSED] - tap(findTestObject("Parte2/Ajustes cuenta/Cuenta/Recuperar Cuenta/android.widget.Button - Registrar (1)"), 0): Tapped on element 'Object Repository/Parte2/Ajustes cuenta/Cuenta/Recuperar Cuenta/android.widget.Button - Registrar (1)'

2023-07-25 12:26:50 - [MESSAGE][WARNING] - Timeout '0' is invalid. Using default page load timeout: '30'

2023-07-25 12:26:51 - [MESSAGE][PASSED] - Tapped on element 'Object Repository/Parte2/Ajustes cuenta/Cuenta/Recuperar Cuenta/android.widget.Button - Registrar (1)'

2023-07-25 12:26:51 - [TEST_STEP][PASSED] - tap(findTestObject("Parte2/Ajustes cuenta/Cuenta/Recuperar Cuenta/android.widget.TextView - Elige una pregunta"), 0): Tapped on element 'Object Repository/Parte2/Ajustes cuenta/Cuenta/Recuperar Cuenta/android.widget.TextView - Elige una pregunta'

2023-07-25 12:26:51 - [MESSAGE][WARNING] - Timeout '0' is invalid. Using default page load timeout: '30'

2023-07-25 12:26:52 - [MESSAGE][PASSED] - Tapped on element 'Object Repository/Parte2/Ajustes cuenta/Cuenta/Recuperar Cuenta/android.widget.TextView - Elige una pregunta'

2023-07-25 12:26:52 - [TEST_STEP][PASSED] - tap(findTestObject("Parte2/Ajustes cuenta/Cuenta/Recuperar Cuenta/android.widget.TextView - Cul es el mes de nacimiento de tu padre"), 0): Tapped on element 'Object Repository/Parte2/Ajustes cuenta/Cuenta/Recuperar Cuenta/android.widget.TextView - Cul es el mes de nacimiento de tu padre'

2023-07-25 12:26:52 - [MESSAGE][WARNING] - Timeout '0' is invalid. Using default page load timeout: '30'

2023-07-25 12:26:54 - [MESSAGE][PASSED] - Tapped on element 'Object Repository/Parte2/Ajustes cuenta/Cuenta/Recuperar Cuenta/android.widget.TextView - Cul es el mes de nacimiento de tu padre'

2023-07-25 12:26:54 - [TEST_STEP][PASSED] - setText(findTestObject("Parte2/Ajustes cuenta/Cuenta/Recuperar Cuenta/android.widget.EditText - Respuesta"), "test1", 0): Text 'test1' has been set to element 'Object Repository/Parte2/Ajustes cuenta/Cuenta/Recuperar Cuenta/android.widget.EditText - Respuesta'

2023-07-25 12:26:54 - [MESSAGE][WARNING] - Timeout '0' is invalid. Using default page load timeout: '30'

2023-07-25 12:26:55 - [MESSAGE][PASSED] - Text 'test1' has been set to element 'Object Repository/Parte2/Ajustes cuenta/Cuenta/Recuperar Cuenta/android.widget.EditText - Respuesta'

2023-07-25 12:26:55 - [TEST_STEP][PASSED] - tap(findTestObject("Parte2/Ajustes cuenta/Cuenta/Recuperar Cuenta/android.widget.Button - Siguiente (1)"), 0): Tapped on element 'Object Repository/Parte2/Ajustes cuenta/Cuenta/Recuperar Cuenta/android.widget.Button - Siguiente (1)'

2023-07-25 12:26:55 - [MESSAGE][WARNING] - Timeout '0' is invalid. Using default page load timeout: '30'

2023-07-25 12:26:56 - [MESSAGE][PASSED] - Tapped on element 'Object Repository/Parte2/Ajustes cuenta/Cuenta/Recuperar Cuenta/android.widget.Button - Siguiente (1)'

2023-07-25 12:26:56 - [TEST_STEP][PASSED] - tap(findTestObject("Parte2/Ajustes cuenta/Cuenta/Recuperar Cuenta/android.widget.TextView - Elige una pregunta"), 0): Tapped on element 'Object Repository/Parte2/Ajustes cuenta/Cuenta/Recuperar Cuenta/android.widget.TextView - Elige una pregunta'

2023-07-25 12:26:56 - [MESSAGE][WARNING] - Timeout '0' is invalid. Using default page load timeout: '30'

2023-07-25 12:26:56 - [MESSAGE][PASSED] - Tapped on element 'Object Repository/Parte2/Ajustes cuenta/Cuenta/Recuperar Cuenta/android.widget.TextView - Elige una pregunta'

2023-07-25 12:26:56 - [TEST_STEP][PASSED] - tap(findTestObject("Parte2/Ajustes cuenta/Cuenta/Recuperar Cuenta/android.widget.TextView - Cul es la marca de tu computador"), 0): Tapped on element 'Object Repository/Parte2/Ajustes cuenta/Cuenta/Recuperar Cuenta/android.widget.TextView - Cul es la marca de tu computador'

2023-07-25 12:26:56 - [MESSAGE][WARNING] - Timeout '0' is invalid. Using default page load timeout: '30'

2023-07-25 12:26:58 - [MESSAGE][PASSED] - Tapped on element 'Object Repository/Parte2/Ajustes cuenta/Cuenta/Recuperar Cuenta/android.widget.TextView - Cul es la marca de tu computador'

2023-07-25 12:26:58 - [TEST_STEP][PASSED] - setText(findTestObject("Parte2/Ajustes cuenta/Cuenta/Recuperar Cuenta/android.widget.EditText - Respuesta (1)"), "test2", 0): Text 'test2' has been set to element 'Object Repository/Parte2/Ajustes cuenta/Cuenta/Recuperar Cuenta/android.widget.EditText - Respuesta (1)'

2023-07-25 12:26:58 - [MESSAGE][WARNING] - Timeout '0' is invalid. Using default page load timeout: '30'

2023-07-25 12:26:59 - [MESSAGE][PASSED] - Text 'test2' has been set to element 'Object Repository/Parte2/Ajustes cuenta/Cuenta/Recuperar Cuenta/android.widget.EditText - Respuesta (1)'

2023-07-25 12:26:59 - [TEST_STEP][PASSED] - tap(findTestObject("Parte2/Ajustes cuenta/Cuenta/Recuperar Cuenta/android.widget.Button - Siguiente (1)"), 0): Tapped on element 'Object Repository/Parte2/Ajustes cuenta/Cuenta/Recuperar Cuenta/android.widget.Button - Siguiente (1)'

2023-07-25 12:26:59 - [MESSAGE][WARNING] - Timeout '0' is invalid. Using default page load timeout: '30'

2023-07-25 12:27:00 - [MESSAGE][PASSED] - Tapped on element 'Object Repository/Parte2/Ajustes cuenta/Cuenta/Recuperar Cuenta/android.widget.Button - Siguiente (1)'

2023-07-25 12:27:00 - [TEST_STEP][PASSED] - tap(findTestObject("Parte2/Ajustes cuenta/Cuenta/Recuperar Cuenta/android.widget.TextView - Elige una pregunta (1)"), 0): Tapped on element 'Object Repository/Parte2/Ajustes cuenta/Cuenta/Recuperar Cuenta/android.widget.TextView - Elige una pregunta (1)'

2023-07-25 12:27:00 - [MESSAGE][WARNING] - Timeout '0' is invalid. Using default page load timeout: '30'

2023-07-25 12:27:01 - [MESSAGE][PASSED] - Tapped on element 'Object Repository/Parte2/Ajustes cuenta/Cuenta/Recuperar Cuenta/android.widget.TextView - Elige una pregunta (1)'

2023-07-25 12:27:01 - [TEST_STEP][PASSED] - tap(findTestObject("Parte2/Ajustes cuenta/Cuenta/Recuperar Cuenta/android.widget.TextView - Cul es tu profesin"), 0): Tapped on element 'Object Repository/Parte2/Ajustes cuenta/Cuenta/Recuperar Cuenta/android.widget.TextView - Cul es tu profesin'

2023-07-25 12:27:01 - [MESSAGE][WARNING] - Timeout '0' is invalid. Using default page load timeout: '30'

2023-07-25 12:27:03 - [MESSAGE][PASSED] - Tapped on element 'Object Repository/Parte2/Ajustes cuenta/Cuenta/Recuperar Cuenta/android.widget.TextView - Cul es tu profesin'

2023-07-25 12:27:03 - [TEST_STEP][PASSED] - setText(findTestObject("Parte2/Ajustes cuenta/Cuenta/Recuperar Cuenta/android.widget.EditText - Respuesta (1)"), "test3", 0): Text 'test3' has been set to element 'Object Repository/Parte2/Ajustes cuenta/Cuenta/Recuperar Cuenta/android.widget.EditText - Respuesta (1)'

2023-07-25 12:27:03 - [MESSAGE][WARNING] - Timeout '0' is invalid. Using default page load timeout: '30'

2023-07-25 12:27:04 - [MESSAGE][PASSED] - Text 'test3' has been set to element 'Object Repository/Parte2/Ajustes cuenta/Cuenta/Recuperar Cuenta/android.widget.EditText - Respuesta (1)'

2023-07-25 12:27:04 - [TEST_STEP][PASSED] - scrollToText("Finalizar", STOP_ON_FAILURE): Scrolling to text 'Finalizar' successfully

2023-07-25 12:27:05 - [MESSAGE][PASSED] - Scrolling to text 'Finalizar' successfully

2023-07-25 12:27:05 - [TEST_STEP][PASSED] - tap(findTestObject("Parte2/Ajustes cuenta/Cuenta/Recuperar Cuenta/android.widget.Button - Finalizar"), 0): Tapped on element 'Object Repository/Parte2/Ajustes cuenta/Cuenta/Recuperar Cuenta/android.widget.Button - Finalizar'

2023-07-25 12:27:05 - [MESSAGE][WARNING] - Timeout '0' is invalid. Using default page load timeout: '30'

2023-07-25 12:27:05 - [MESSAGE][PASSED] - Tapped on element 'Object Repository/Parte2/Ajustes cuenta/Cuenta/Recuperar Cuenta/android.widget.Button - Finalizar'

2023-07-25 12:27:05 - [TEST_STEP][PASSED] - verifyElementText(findTestObject("Parte2/Ajustes cuenta/Cuenta/Recuperar Cuenta/android.widget.Button - Editar"), "Editar"): Actual text and expected text of test object 'Object Repository/Parte2/Ajustes cuenta/Cuenta/Recuperar Cuenta/android.widget.Button - Editar' are matched.

2023-07-25 12:27:07 - [MESSAGE][PASSED] - Actual text and expected text of test object 'Object Repository/Parte2/Ajustes cuenta/Cuenta/Recuperar Cuenta/android.widget.Button - Editar' are matched.]]></system-out>
         <system-err><![CDATA[]]></system-err>
      </testcase>
      <testcase name="Test Cases/Parte2/Ajustes/Cuenta/Recuperar Cuenta/CPN196" time="1.067" classname="Test Cases/Parte2/Ajustes/Cuenta/Recuperar Cuenta/CPN196" status="PASSED">
         <system-out><![CDATA[2023-07-25 12:27:07 - [TEST_CASE][PASSED] - Test Cases/Parte2/Ajustes/Cuenta/Recuperar Cuenta/CPN196: Test Cases/Parte2/Ajustes/Cuenta/Recuperar Cuenta/CPN196

2023-07-25 12:27:07 - [TEST_STEP][PASSED] - tap(findTestObject("Parte2/Ajustes cuenta/Cuenta/Recuperar Cuenta/android.widget.Button - Editar"), 0): Tapped on element 'Object Repository/Parte2/Ajustes cuenta/Cuenta/Recuperar Cuenta/android.widget.Button - Editar'

2023-07-25 12:27:07 - [MESSAGE][WARNING] - Timeout '0' is invalid. Using default page load timeout: '30'

2023-07-25 12:27:07 - [MESSAGE][PASSED] - Tapped on element 'Object Repository/Parte2/Ajustes cuenta/Cuenta/Recuperar Cuenta/android.widget.Button - Editar'

2023-07-25 12:27:07 - [TEST_STEP][PASSED] - verifyElementExist(findTestObject("Parte2/Ajustes cuenta/Cuenta/Recuperar Cuenta/android.view.ViewGroup (3)"), 0): Element 'Object Repository/Parte2/Ajustes cuenta/Cuenta/Recuperar Cuenta/android.view.ViewGroup (3)' is exist

2023-07-25 12:27:07 - [MESSAGE][WARNING] - Timeout '0' is invalid. Using default page load timeout: '30'

2023-07-25 12:27:08 - [MESSAGE][PASSED] - Element 'Object Repository/Parte2/Ajustes cuenta/Cuenta/Recuperar Cuenta/android.view.ViewGroup (3)' is exist]]></system-out>
         <system-err><![CDATA[]]></system-err>
      </testcase>
      <testcase name="Test Cases/Parte2/Ajustes/Cuenta/Recuperar Cuenta/CPN197" time="0.403" classname="Test Cases/Parte2/Ajustes/Cuenta/Recuperar Cuenta/CPN197" status="PASSED">
         <system-out><![CDATA[2023-07-25 12:27:08 - [TEST_CASE][PASSED] - Test Cases/Parte2/Ajustes/Cuenta/Recuperar Cuenta/CPN197: Test Cases/Parte2/Ajustes/Cuenta/Recuperar Cuenta/CPN197

2023-07-25 12:27:08 - [TEST_STEP][PASSED] - tap(findTestObject("Parte2/Ajustes cuenta/Cuenta/Recuperar Cuenta/android.widget.Button - Cancelar"), 0): Tapped on element 'Object Repository/Parte2/Ajustes cuenta/Cuenta/Recuperar Cuenta/android.widget.Button - Cancelar'

2023-07-25 12:27:08 - [MESSAGE][WARNING] - Timeout '0' is invalid. Using default page load timeout: '30'

2023-07-25 12:27:09 - [MESSAGE][PASSED] - Tapped on element 'Object Repository/Parte2/Ajustes cuenta/Cuenta/Recuperar Cuenta/android.widget.Button - Cancelar']]></system-out>
         <system-err><![CDATA[]]></system-err>
      </testcase>
      <testcase name="Test Cases/Parte2/Ajustes/Cuenta/Recuperar Cuenta/CPN198" time="3.088" classname="Test Cases/Parte2/Ajustes/Cuenta/Recuperar Cuenta/CPN198" status="PASSED">
         <system-out><![CDATA[2023-07-25 12:27:09 - [TEST_CASE][PASSED] - Test Cases/Parte2/Ajustes/Cuenta/Recuperar Cuenta/CPN198: Test Cases/Parte2/Ajustes/Cuenta/Recuperar Cuenta/CPN198

2023-07-25 12:27:09 - [TEST_STEP][PASSED] - tap(findTestObject("Parte2/Ajustes cuenta/Cuenta/Recuperar Cuenta/android.widget.Button - Editar"), 0): Tapped on element 'Object Repository/Parte2/Ajustes cuenta/Cuenta/Recuperar Cuenta/android.widget.Button - Editar'

2023-07-25 12:27:09 - [MESSAGE][WARNING] - Timeout '0' is invalid. Using default page load timeout: '30'

2023-07-25 12:27:09 - [MESSAGE][PASSED] - Tapped on element 'Object Repository/Parte2/Ajustes cuenta/Cuenta/Recuperar Cuenta/android.widget.Button - Editar'

2023-07-25 12:27:09 - [TEST_STEP][PASSED] - tap(findTestObject("Parte2/Ajustes cuenta/Cuenta/Recuperar Cuenta/android.widget.Button - Aceptar"), 0): Tapped on element 'Object Repository/Parte2/Ajustes cuenta/Cuenta/Recuperar Cuenta/android.widget.Button - Aceptar'

2023-07-25 12:27:09 - [MESSAGE][WARNING] - Timeout '0' is invalid. Using default page load timeout: '30'

2023-07-25 12:27:10 - [MESSAGE][PASSED] - Tapped on element 'Object Repository/Parte2/Ajustes cuenta/Cuenta/Recuperar Cuenta/android.widget.Button - Aceptar'

2023-07-25 12:27:10 - [TEST_STEP][PASSED] - verifyElementExist(findTestObject("Parte2/Ajustes cuenta/Cuenta/Recuperar Cuenta/android.widget.FrameLayout (1)"), 0): Element 'Object Repository/Parte2/Ajustes cuenta/Cuenta/Recuperar Cuenta/android.widget.FrameLayout (1)' is exist

2023-07-25 12:27:10 - [MESSAGE][WARNING] - Timeout '0' is invalid. Using default page load timeout: '30'

2023-07-25 12:27:12 - [MESSAGE][PASSED] - Element 'Object Repository/Parte2/Ajustes cuenta/Cuenta/Recuperar Cuenta/android.widget.FrameLayout (1)' is exist]]></system-out>
         <system-err><![CDATA[]]></system-err>
      </testcase>
      <testcase name="Test Cases/Parte2/Ajustes/Cuenta/Recuperar Cuenta/CPN199" time="0.465" classname="Test Cases/Parte2/Ajustes/Cuenta/Recuperar Cuenta/CPN199" status="PASSED">
         <system-out><![CDATA[2023-07-25 12:27:12 - [TEST_CASE][PASSED] - Test Cases/Parte2/Ajustes/Cuenta/Recuperar Cuenta/CPN199: Test Cases/Parte2/Ajustes/Cuenta/Recuperar Cuenta/CPN199

2023-07-25 12:27:12 - [TEST_STEP][PASSED] - tap(findTestObject("Parte2/Ajustes cuenta/Cuenta/Recuperar Cuenta/android.widget.Button - Siguiente"), 0): Tapped on element 'Object Repository/Parte2/Ajustes cuenta/Cuenta/Recuperar Cuenta/android.widget.Button - Siguiente'

2023-07-25 12:27:12 - [MESSAGE][WARNING] - Timeout '0' is invalid. Using default page load timeout: '30'

2023-07-25 12:27:12 - [MESSAGE][PASSED] - Tapped on element 'Object Repository/Parte2/Ajustes cuenta/Cuenta/Recuperar Cuenta/android.widget.Button - Siguiente']]></system-out>
         <system-err><![CDATA[]]></system-err>
      </testcase>
      <testcase name="Test Cases/cpn198.1" time="8.213" classname="Test Cases/cpn198.1" status="PASSED">
         <system-out><![CDATA[2023-07-25 12:27:12 - [TEST_CASE][PASSED] - Test Cases/cpn198.1: Test Cases/cpn198.1

2023-07-25 12:27:12 - [TEST_STEP][PASSED] - delay(8, CONTINUE_ON_FAILURE): Delayed 8 second(s)

2023-07-25 12:27:20 - [MESSAGE][PASSED] - Delayed 8 second(s)]]></system-out>
         <system-err><![CDATA[]]></system-err>
      </testcase>
      <testcase name="Test Cases/Parte2/Ajustes/Cuenta/Recuperar Cuenta/CPN200" time="3.444" classname="Test Cases/Parte2/Ajustes/Cuenta/Recuperar Cuenta/CPN200" status="PASSED">
         <system-out><![CDATA[2023-07-25 12:27:20 - [TEST_CASE][PASSED] - Test Cases/Parte2/Ajustes/Cuenta/Recuperar Cuenta/CPN200: Test Cases/Parte2/Ajustes/Cuenta/Recuperar Cuenta/CPN200

2023-07-25 12:27:20 - [TEST_STEP][PASSED] - tap(findTestObject("Parte2/Ajustes cuenta/Cuenta/Recuperar Cuenta/android.widget.TextView - Elige una pregunta"), 0): Tapped on element 'Object Repository/Parte2/Ajustes cuenta/Cuenta/Recuperar Cuenta/android.widget.TextView - Elige una pregunta'

2023-07-25 12:27:21 - [MESSAGE][WARNING] - Timeout '0' is invalid. Using default page load timeout: '30'

2023-07-25 12:27:21 - [MESSAGE][PASSED] - Tapped on element 'Object Repository/Parte2/Ajustes cuenta/Cuenta/Recuperar Cuenta/android.widget.TextView - Elige una pregunta'

2023-07-25 12:27:21 - [TEST_STEP][PASSED] - tap(findTestObject("Parte2/Ajustes cuenta/Cuenta/Recuperar Cuenta/android.widget.TextView - Cul es tu tipo de comida favorita"), 0): Tapped on element 'Object Repository/Parte2/Ajustes cuenta/Cuenta/Recuperar Cuenta/android.widget.TextView - Cul es tu tipo de comida favorita'

2023-07-25 12:27:21 - [MESSAGE][WARNING] - Timeout '0' is invalid. Using default page load timeout: '30'

2023-07-25 12:27:22 - [MESSAGE][PASSED] - Tapped on element 'Object Repository/Parte2/Ajustes cuenta/Cuenta/Recuperar Cuenta/android.widget.TextView - Cul es tu tipo de comida favorita'

2023-07-25 12:27:22 - [TEST_STEP][PASSED] - tap(findTestObject("Parte2/Ajustes cuenta/Cuenta/Recuperar Cuenta/android.widget.Button - Siguiente"), 0): Tapped on element 'Object Repository/Parte2/Ajustes cuenta/Cuenta/Recuperar Cuenta/android.widget.Button - Siguiente'

2023-07-25 12:27:22 - [MESSAGE][WARNING] - Timeout '0' is invalid. Using default page load timeout: '30'

2023-07-25 12:27:24 - [MESSAGE][PASSED] - Tapped on element 'Object Repository/Parte2/Ajustes cuenta/Cuenta/Recuperar Cuenta/android.widget.Button - Siguiente'

2023-07-25 12:27:24 - [TEST_STEP][PASSED] - verifyElementText(findTestObject("Parte2/Ajustes cuenta/Cuenta/Recuperar Cuenta/android.widget.TextView - El campo no puede estar vaco"), "El campo no puede estar vacío"): Actual text and expected text of test object 'Object Repository/Parte2/Ajustes cuenta/Cuenta/Recuperar Cuenta/android.widget.TextView - El campo no puede estar vaco' are matched.

2023-07-25 12:27:24 - [MESSAGE][PASSED] - Actual text and expected text of test object 'Object Repository/Parte2/Ajustes cuenta/Cuenta/Recuperar Cuenta/android.widget.TextView - El campo no puede estar vaco' are matched.]]></system-out>
         <system-err><![CDATA[]]></system-err>
      </testcase>
      <testcase name="Test Cases/Parte2/Ajustes/Cuenta/Recuperar Cuenta/CPN201" time="1.089" classname="Test Cases/Parte2/Ajustes/Cuenta/Recuperar Cuenta/CPN201" status="PASSED">
         <system-out><![CDATA[2023-07-25 12:27:24 - [TEST_CASE][PASSED] - Test Cases/Parte2/Ajustes/Cuenta/Recuperar Cuenta/CPN201: Test Cases/Parte2/Ajustes/Cuenta/Recuperar Cuenta/CPN201

2023-07-25 12:27:24 - [TEST_STEP][PASSED] - tap(findTestObject("Parte2/Ajustes cuenta/Cuenta/Recuperar Cuenta/android.widget.Button - Cancelar"), 0): Tapped on element 'Object Repository/Parte2/Ajustes cuenta/Cuenta/Recuperar Cuenta/android.widget.Button - Cancelar'

2023-07-25 12:27:24 - [MESSAGE][WARNING] - Timeout '0' is invalid. Using default page load timeout: '30'

2023-07-25 12:27:24 - [MESSAGE][PASSED] - Tapped on element 'Object Repository/Parte2/Ajustes cuenta/Cuenta/Recuperar Cuenta/android.widget.Button - Cancelar'

2023-07-25 12:27:24 - [TEST_STEP][PASSED] - verifyElementExist(findTestObject("Parte2/Ajustes cuenta/Cuenta/Recuperar Cuenta/android.view.ViewGroup (3)"), 0): Element 'Object Repository/Parte2/Ajustes cuenta/Cuenta/Recuperar Cuenta/android.view.ViewGroup (3)' is exist

2023-07-25 12:27:24 - [MESSAGE][WARNING] - Timeout '0' is invalid. Using default page load timeout: '30'

2023-07-25 12:27:25 - [MESSAGE][PASSED] - Element 'Object Repository/Parte2/Ajustes cuenta/Cuenta/Recuperar Cuenta/android.view.ViewGroup (3)' is exist]]></system-out>
         <system-err><![CDATA[]]></system-err>
      </testcase>
      <testcase name="Test Cases/Parte2/Ajustes/Cuenta/Recuperar Cuenta/CPN202" time="0.389" classname="Test Cases/Parte2/Ajustes/Cuenta/Recuperar Cuenta/CPN202" status="PASSED">
         <system-out><![CDATA[2023-07-25 12:27:25 - [TEST_CASE][PASSED] - Test Cases/Parte2/Ajustes/Cuenta/Recuperar Cuenta/CPN202: Test Cases/Parte2/Ajustes/Cuenta/Recuperar Cuenta/CPN202

2023-07-25 12:27:25 - [TEST_STEP][PASSED] - tap(findTestObject("Parte2/Ajustes cuenta/Cuenta/Recuperar Cuenta/android.widget.Button - Cerrar"), 0): Tapped on element 'Object Repository/Parte2/Ajustes cuenta/Cuenta/Recuperar Cuenta/android.widget.Button - Cerrar'

2023-07-25 12:27:25 - [MESSAGE][WARNING] - Timeout '0' is invalid. Using default page load timeout: '30'

2023-07-25 12:27:25 - [MESSAGE][PASSED] - Tapped on element 'Object Repository/Parte2/Ajustes cuenta/Cuenta/Recuperar Cuenta/android.widget.Button - Cerrar']]></system-out>
         <system-err><![CDATA[]]></system-err>
      </testcase>
      <testcase name="Test Cases/Parte2/Ajustes/Cuenta/Recuperar Cuenta/CPN203" time="2.925" classname="Test Cases/Parte2/Ajustes/Cuenta/Recuperar Cuenta/CPN203" status="PASSED">
         <system-out><![CDATA[2023-07-25 12:27:25 - [TEST_CASE][PASSED] - Test Cases/Parte2/Ajustes/Cuenta/Recuperar Cuenta/CPN203: Test Cases/Parte2/Ajustes/Cuenta/Recuperar Cuenta/CPN203

2023-07-25 12:27:25 - [TEST_STEP][PASSED] - tap(findTestObject("Parte2/Ajustes cuenta/Cuenta/Recuperar Cuenta/android.widget.Button - Cancelar"), 0): Tapped on element 'Object Repository/Parte2/Ajustes cuenta/Cuenta/Recuperar Cuenta/android.widget.Button - Cancelar'

2023-07-25 12:27:25 - [MESSAGE][WARNING] - Timeout '0' is invalid. Using default page load timeout: '30'

2023-07-25 12:27:26 - [MESSAGE][PASSED] - Tapped on element 'Object Repository/Parte2/Ajustes cuenta/Cuenta/Recuperar Cuenta/android.widget.Button - Cancelar'

2023-07-25 12:27:26 - [TEST_STEP][PASSED] - tap(findTestObject("Parte2/Ajustes cuenta/Cuenta/Recuperar Cuenta/android.widget.Button - Confirmar (1)"), 0): Tapped on element 'Object Repository/Parte2/Ajustes cuenta/Cuenta/Recuperar Cuenta/android.widget.Button - Confirmar (1)'

2023-07-25 12:27:26 - [MESSAGE][WARNING] - Timeout '0' is invalid. Using default page load timeout: '30'

2023-07-25 12:27:27 - [MESSAGE][PASSED] - Tapped on element 'Object Repository/Parte2/Ajustes cuenta/Cuenta/Recuperar Cuenta/android.widget.Button - Confirmar (1)'

2023-07-25 12:27:27 - [TEST_STEP][PASSED] - verifyElementText(findTestObject("Parte2/Ajustes cuenta/Cuenta/Recuperar Cuenta/android.widget.Button - Editar"), "Editar"): Actual text and expected text of test object 'Object Repository/Parte2/Ajustes cuenta/Cuenta/Recuperar Cuenta/android.widget.Button - Editar' are matched.

2023-07-25 12:27:28 - [MESSAGE][PASSED] - Actual text and expected text of test object 'Object Repository/Parte2/Ajustes cuenta/Cuenta/Recuperar Cuenta/android.widget.Button - Editar' are matched.

2023-07-25 12:27:28 - [TEST_STEP][PASSED] - tap(findTestObject("Parte2/Ajustes cuenta/Cuenta/Recuperar Cuenta/android.widget.ImageButton"), 0): Tapped on element 'Object Repository/Parte2/Ajustes cuenta/Cuenta/Recuperar Cuenta/android.widget.ImageButton'

2023-07-25 12:27:28 - [MESSAGE][WARNING] - Timeout '0' is invalid. Using default page load timeout: '30'

2023-07-25 12:27:28 - [MESSAGE][PASSED] - Tapped on element 'Object Repository/Parte2/Ajustes cuenta/Cuenta/Recuperar Cuenta/android.widget.ImageButton']]></system-out>
         <system-err><![CDATA[]]></system-err>
      </testcase>
      <testcase name="Test Cases/Parte2/Ajustes/Cuenta/Eliminar Cuenta/CPN204" time="1.428" classname="Test Cases/Parte2/Ajustes/Cuenta/Eliminar Cuenta/CPN204" status="PASSED">
         <system-out><![CDATA[2023-07-25 12:27:28 - [TEST_CASE][PASSED] - Test Cases/Parte2/Ajustes/Cuenta/Eliminar Cuenta/CPN204: Test Cases/Parte2/Ajustes/Cuenta/Eliminar Cuenta/CPN204

2023-07-25 12:27:28 - [TEST_STEP][PASSED] - tap(findTestObject("Parte2/Ajustes cuenta/Cuenta/Eliminar Cuenta/android.widget.TextView - Eliminar cuenta"), 0): Tapped on element 'Object Repository/Parte2/Ajustes cuenta/Cuenta/Eliminar Cuenta/android.widget.TextView - Eliminar cuenta'

2023-07-25 12:27:28 - [MESSAGE][WARNING] - Timeout '0' is invalid. Using default page load timeout: '30'

2023-07-25 12:27:29 - [MESSAGE][PASSED] - Tapped on element 'Object Repository/Parte2/Ajustes cuenta/Cuenta/Eliminar Cuenta/android.widget.TextView - Eliminar cuenta'

2023-07-25 12:27:29 - [TEST_STEP][PASSED] - verifyElementExist(findTestObject("Parte2/Ajustes cuenta/Cuenta/Eliminar Cuenta/android.view.ViewGroup"), 0): Element 'Object Repository/Parte2/Ajustes cuenta/Cuenta/Eliminar Cuenta/android.view.ViewGroup' is exist

2023-07-25 12:27:29 - [MESSAGE][WARNING] - Timeout '0' is invalid. Using default page load timeout: '30'

2023-07-25 12:27:30 - [MESSAGE][PASSED] - Element 'Object Repository/Parte2/Ajustes cuenta/Cuenta/Eliminar Cuenta/android.view.ViewGroup' is exist]]></system-out>
         <system-err><![CDATA[]]></system-err>
      </testcase>
      <testcase name="Test Cases/Parte2/Ajustes/Cuenta/Eliminar Cuenta/CPN205" time="0.411" classname="Test Cases/Parte2/Ajustes/Cuenta/Eliminar Cuenta/CPN205" status="PASSED">
         <system-out><![CDATA[2023-07-25 12:27:30 - [TEST_CASE][PASSED] - Test Cases/Parte2/Ajustes/Cuenta/Eliminar Cuenta/CPN205: Test Cases/Parte2/Ajustes/Cuenta/Eliminar Cuenta/CPN205

2023-07-25 12:27:30 - [TEST_STEP][PASSED] - tap(findTestObject("Parte2/Ajustes cuenta/Cuenta/Eliminar Cuenta/android.widget.Button - Cancelar"), 0): Tapped on element 'Object Repository/Parte2/Ajustes cuenta/Cuenta/Eliminar Cuenta/android.widget.Button - Cancelar'

2023-07-25 12:27:30 - [MESSAGE][WARNING] - Timeout '0' is invalid. Using default page load timeout: '30'

2023-07-25 12:27:30 - [MESSAGE][PASSED] - Tapped on element 'Object Repository/Parte2/Ajustes cuenta/Cuenta/Eliminar Cuenta/android.widget.Button - Cancelar']]></system-out>
         <system-err><![CDATA[]]></system-err>
      </testcase>
      <testcase name="Test Cases/Parte2/Ajustes/Cuenta/Eliminar Cuenta/CPN206" time="22.94" classname="Test Cases/Parte2/Ajustes/Cuenta/Eliminar Cuenta/CPN206" status="PASSED">
         <system-out><![CDATA[2023-07-25 12:27:30 - [TEST_CASE][PASSED] - Test Cases/Parte2/Ajustes/Cuenta/Eliminar Cuenta/CPN206: Test Cases/Parte2/Ajustes/Cuenta/Eliminar Cuenta/CPN206

2023-07-25 12:27:30 - [TEST_STEP][PASSED] - toggleWifi("off", STOP_ON_FAILURE): Toggled wifi

2023-07-25 12:27:31 - [MESSAGE][PASSED] - Toggled wifi

2023-07-25 12:27:31 - [TEST_STEP][PASSED] - delay(10, STOP_ON_FAILURE): Delayed 10 second(s)

2023-07-25 12:27:41 - [MESSAGE][PASSED] - Delayed 10 second(s)

2023-07-25 12:27:41 - [TEST_STEP][PASSED] - tap(findTestObject("Parte2/Ajustes cuenta/Cuenta/Eliminar Cuenta/android.widget.TextView - Eliminar cuenta"), 0): Tapped on element 'Object Repository/Parte2/Ajustes cuenta/Cuenta/Eliminar Cuenta/android.widget.TextView - Eliminar cuenta'

2023-07-25 12:27:41 - [MESSAGE][WARNING] - Timeout '0' is invalid. Using default page load timeout: '30'

2023-07-25 12:27:41 - [MESSAGE][PASSED] - Tapped on element 'Object Repository/Parte2/Ajustes cuenta/Cuenta/Eliminar Cuenta/android.widget.TextView - Eliminar cuenta'

2023-07-25 12:27:41 - [TEST_STEP][PASSED] - tap(findTestObject("Parte2/Ajustes cuenta/Cuenta/Eliminar Cuenta/android.widget.Button - Confirmar"), 0): Tapped on element 'Object Repository/Parte2/Ajustes cuenta/Cuenta/Eliminar Cuenta/android.widget.Button - Confirmar'

2023-07-25 12:27:41 - [MESSAGE][WARNING] - Timeout '0' is invalid. Using default page load timeout: '30'

2023-07-25 12:27:42 - [MESSAGE][PASSED] - Tapped on element 'Object Repository/Parte2/Ajustes cuenta/Cuenta/Eliminar Cuenta/android.widget.Button - Confirmar'

2023-07-25 12:27:42 - [TEST_STEP][PASSED] - toggleWifi("on", STOP_ON_FAILURE): Toggled wifi

2023-07-25 12:27:43 - [MESSAGE][PASSED] - Toggled wifi

2023-07-25 12:27:43 - [TEST_STEP][PASSED] - delay(10, STOP_ON_FAILURE): Delayed 10 second(s)

2023-07-25 12:27:53 - [MESSAGE][PASSED] - Delayed 10 second(s)]]></system-out>
         <system-err><![CDATA[]]></system-err>
      </testcase>
      <testcase name="Test Cases/Parte2/Ajustes/Cuenta/Eliminar Cuenta/CPN207" time="11.451" classname="Test Cases/Parte2/Ajustes/Cuenta/Eliminar Cuenta/CPN207" status="PASSED">
         <system-out><![CDATA[2023-07-25 12:27:53 - [TEST_CASE][PASSED] - Test Cases/Parte2/Ajustes/Cuenta/Eliminar Cuenta/CPN207: Test Cases/Parte2/Ajustes/Cuenta/Eliminar Cuenta/CPN207

2023-07-25 12:27:53 - [TEST_STEP][PASSED] - tap(findTestObject("Parte2/Ajustes cuenta/Cuenta/Eliminar Cuenta/android.widget.TextView - Eliminar cuenta"), 0): Tapped on element 'Object Repository/Parte2/Ajustes cuenta/Cuenta/Eliminar Cuenta/android.widget.TextView - Eliminar cuenta'

2023-07-25 12:27:53 - [MESSAGE][WARNING] - Timeout '0' is invalid. Using default page load timeout: '30'

2023-07-25 12:27:53 - [MESSAGE][PASSED] - Tapped on element 'Object Repository/Parte2/Ajustes cuenta/Cuenta/Eliminar Cuenta/android.widget.TextView - Eliminar cuenta'

2023-07-25 12:27:53 - [TEST_STEP][PASSED] - delay(5, STOP_ON_FAILURE): Delayed 5 second(s)

2023-07-25 12:27:58 - [MESSAGE][PASSED] - Delayed 5 second(s)

2023-07-25 12:27:58 - [TEST_STEP][PASSED] - tap(findTestObject("Parte2/Ajustes cuenta/Cuenta/Eliminar Cuenta/android.widget.Button - Confirmar"), 0): Tapped on element 'Object Repository/Parte2/Ajustes cuenta/Cuenta/Eliminar Cuenta/android.widget.Button - Confirmar'

2023-07-25 12:27:58 - [MESSAGE][WARNING] - Timeout '0' is invalid. Using default page load timeout: '30'

2023-07-25 12:27:59 - [MESSAGE][PASSED] - Tapped on element 'Object Repository/Parte2/Ajustes cuenta/Cuenta/Eliminar Cuenta/android.widget.Button - Confirmar'

2023-07-25 12:27:59 - [TEST_STEP][PASSED] - verifyElementExist(findTestObject("Parte2/Ajustes cuenta/Cuenta/Eliminar Cuenta/android.widget.FrameLayout"), 0): Element 'Object Repository/Parte2/Ajustes cuenta/Cuenta/Eliminar Cuenta/android.widget.FrameLayout' is exist

2023-07-25 12:27:59 - [MESSAGE][WARNING] - Timeout '0' is invalid. Using default page load timeout: '30'

2023-07-25 12:27:59 - [MESSAGE][PASSED] - Element 'Object Repository/Parte2/Ajustes cuenta/Cuenta/Eliminar Cuenta/android.widget.FrameLayout' is exist

2023-07-25 12:27:59 - [TEST_STEP][PASSED] - delay(5, STOP_ON_FAILURE): Delayed 5 second(s)

2023-07-25 12:28:04 - [MESSAGE][PASSED] - Delayed 5 second(s)]]></system-out>
         <system-err><![CDATA[]]></system-err>
      </testcase>
      <system-out><![CDATA[2023-07-25 12:11:02 - [TEST_SUITE][FAILED] - Integracion parte1 y parte 2: Test Cases/Parte1/Agregar contacto/agregar FAILED.
Reason:
com.kms.katalon.core.exception.StepFailedException: Object Object Repository/Parte1/agregar/android.widget.Button - AGREGAR not found
	at com.kms.katalon.core.keyword.internal.KeywordMain.stepFailed(KeywordMain.groovy:51)
	at com.kms.katalon.core.mobile.keyword.internal.MobileKeywordMain.stepFailed(MobileKeywordMain.groovy:40)
	at com.kms.katalon.core.mobile.keyword.builtin.TapKeyword$_tap_closure1.doCall(TapKeyword.groovy:79)
	at com.kms.katalon.core.mobile.keyword.builtin.TapKeyword$_tap_closure1.call(TapKeyword.groovy)
	at com.kms.katalon.core.mobile.keyword.internal.MobileKeywordMain.runKeyword(MobileKeywordMain.groovy:21)
	at com.kms.katalon.core.mobile.keyword.builtin.TapKeyword.tap(TapKeyword.groovy:84)
	at com.kms.katalon.core.mobile.keyword.builtin.TapKeyword.execute(TapKeyword.groovy:68)
	at com.kms.katalon.core.keyword.internal.KeywordExecutor.executeKeywordForPlatform(KeywordExecutor.groovy:74)
	at com.kms.katalon.core.mobile.keyword.MobileBuiltInKeywords.tap(MobileBuiltInKeywords.groovy:1490)
	at com.kms.katalon.core.mobile.keyword.MobileBuiltInKeywords$tap$1.call(Unknown Source)
	at agregar.run(agregar:29)
	at com.kms.katalon.core.main.ScriptEngine.run(ScriptEngine.java:194)
	at com.kms.katalon.core.main.ScriptEngine.runScriptAsRawText(ScriptEngine.java:119)
	at com.kms.katalon.core.main.TestCaseExecutor.runScript(TestCaseExecutor.java:448)
	at com.kms.katalon.core.main.TestCaseExecutor.doExecute(TestCaseExecutor.java:439)
	at com.kms.katalon.core.main.TestCaseExecutor.processExecutionPhase(TestCaseExecutor.java:418)
	at com.kms.katalon.core.main.TestCaseExecutor.accessMainPhase(TestCaseExecutor.java:410)
	at com.kms.katalon.core.main.TestCaseExecutor.execute(TestCaseExecutor.java:285)
	at com.kms.katalon.core.common.CommonExecutor.accessTestCaseMainPhase(CommonExecutor.java:65)
	at com.kms.katalon.core.main.TestSuiteExecutor.accessTestSuiteMainPhase(TestSuiteExecutor.java:148)
	at com.kms.katalon.core.main.TestSuiteExecutor.execute(TestSuiteExecutor.java:106)
	at com.kms.katalon.core.main.TestCaseMain.startTestSuite(TestCaseMain.java:187)
	at com.kms.katalon.core.main.TestCaseMain$startTestSuite$0.call(Unknown Source)
	at TempTestSuite1690305056046.run(TempTestSuite1690305056046.groovy:36)]]></system-out>
      <system-err><![CDATA[2023-07-25 12:11:02 - [TEST_SUITE][FAILED] - Integracion parte1 y parte 2: Test Cases/Parte1/Agregar contacto/agregar FAILED.
Reason:
com.kms.katalon.core.exception.StepFailedException: Object Object Repository/Parte1/agregar/android.widget.Button - AGREGAR not found
	at com.kms.katalon.core.keyword.internal.KeywordMain.stepFailed(KeywordMain.groovy:51)
	at com.kms.katalon.core.mobile.keyword.internal.MobileKeywordMain.stepFailed(MobileKeywordMain.groovy:40)
	at com.kms.katalon.core.mobile.keyword.builtin.TapKeyword$_tap_closure1.doCall(TapKeyword.groovy:79)
	at com.kms.katalon.core.mobile.keyword.builtin.TapKeyword$_tap_closure1.call(TapKeyword.groovy)
	at com.kms.katalon.core.mobile.keyword.internal.MobileKeywordMain.runKeyword(MobileKeywordMain.groovy:21)
	at com.kms.katalon.core.mobile.keyword.builtin.TapKeyword.tap(TapKeyword.groovy:84)
	at com.kms.katalon.core.mobile.keyword.builtin.TapKeyword.execute(TapKeyword.groovy:68)
	at com.kms.katalon.core.keyword.internal.KeywordExecutor.executeKeywordForPlatform(KeywordExecutor.groovy:74)
	at com.kms.katalon.core.mobile.keyword.MobileBuiltInKeywords.tap(MobileBuiltInKeywords.groovy:1490)
	at com.kms.katalon.core.mobile.keyword.MobileBuiltInKeywords$tap$1.call(Unknown Source)
	at agregar.run(agregar:29)
	at com.kms.katalon.core.main.ScriptEngine.run(ScriptEngine.java:194)
	at com.kms.katalon.core.main.ScriptEngine.runScriptAsRawText(ScriptEngine.java:119)
	at com.kms.katalon.core.main.TestCaseExecutor.runScript(TestCaseExecutor.java:448)
	at com.kms.katalon.core.main.TestCaseExecutor.doExecute(TestCaseExecutor.java:439)
	at com.kms.katalon.core.main.TestCaseExecutor.processExecutionPhase(TestCaseExecutor.java:418)
	at com.kms.katalon.core.main.TestCaseExecutor.accessMainPhase(TestCaseExecutor.java:410)
	at com.kms.katalon.core.main.TestCaseExecutor.execute(TestCaseExecutor.java:285)
	at com.kms.katalon.core.common.CommonExecutor.accessTestCaseMainPhase(CommonExecutor.java:65)
	at com.kms.katalon.core.main.TestSuiteExecutor.accessTestSuiteMainPhase(TestSuiteExecutor.java:148)
	at com.kms.katalon.core.main.TestSuiteExecutor.execute(TestSuiteExecutor.java:106)
	at com.kms.katalon.core.main.TestCaseMain.startTestSuite(TestCaseMain.java:187)
	at com.kms.katalon.core.main.TestCaseMain$startTestSuite$0.call(Unknown Source)
	at TempTestSuite1690305056046.run(TempTestSuite1690305056046.groovy:36)]]></system-err>
   </testsuite>
</testsuites>
