<?xml version="1.0" encoding="UTF-8"?>
<testsuites name="Crear_usuario" time="144.532" tests="12" failures="0" errors="0">
   <testsuite name="Crear_usuario" tests="12" failures="0" errors="0" time="144.532" skipped="0" timestamp="2023-05-16 10:41:33" hostname="Testing - DESKTOP-OBIGNLU" id="Test Suites/Crear_usuario">
      <properties>
         <property name="deviceName" value="samsung SM-A107M (Android 11)"/>
         <property name="devicePlatform" value=""/>
         <property name="logFolder" value="C:\\Users\\Testing\\Katalon Studio\\NN_Version2\\Reports\\20230516_104126\\Crear_usuario\\20230516_104126"/>
         <property name="logFiles" value="C:\\Users\\Testing\\Katalon Studio\\NN_Version2\\Reports\\20230516_104126\\Crear_usuario\\20230516_104126\\appium.log, C:\\Users\\Testing\\Katalon Studio\\NN_Version2\\Reports\\20230516_104126\\Crear_usuario\\20230516_104126\\execution0.log"/>
         <property name="attachments" value=""/>
         <property name="hostName" value="Testing - DESKTOP-OBIGNLU"/>
         <property name="os" value="Windows 10 64bit"/>
         <property name="appiumServerStatus" value="{&quot;value&quot;:{&quot;build&quot;:{&quot;version&quot;:&quot;1.22.3&quot;}},&quot;sessionId&quot;:null,&quot;status&quot;:0}"/>
         <property name="katalonVersion" value="8.5.5.208"/>
         <property name="deviceOS" value="Android"/>
         <property name="appiumVersion" value="1.22.3"/>
         <property name="deviceModel" value="SM-A107M"/>
         <property name="hostAddress" value="192.168.1.9"/>
         <property name="deviceManufacturer" value="samsung"/>
         <property name="deviceId" value="R9WN40KBXDJ"/>
         <property name="deviceName" value="samsung SM-A107M (Android 11)"/>
         <property name="deviceOSVersion" value="11"/>
      </properties>
      <testcase name="Test Cases/CPNTUTORIAL" time="45.32" classname="Test Cases/CPNTUTORIAL" status="PASSED">
         <system-out><![CDATA[2023-05-16 10:41:33 - [TEST_CASE][PASSED] - Test Cases/CPNTUTORIAL: Test Cases/CPNTUTORIAL

2023-05-16 10:41:33 - [TEST_STEP][PASSED] - startApplication("C:\Users\Testing\Desktop\katalon\Version nueva\app-debug (2).apk", true): Started app at: 'C:\Users\Testing\Desktop\katalon\Version nueva\app-debug (2).apk'

2023-05-16 10:41:34 - [MESSAGE][INFO] - Detected NodeJS location: "C:\Program Files\nodejs\node.exe"

2023-05-16 10:41:35 - [MESSAGE][INFO] - Appium server started on port 59.740

2023-05-16 10:42:08 - [MESSAGE][PASSED] - Started app at: 'C:\Users\Testing\Desktop\katalon\Version nueva\app-debug (2).apk'

2023-05-16 10:42:08 - [TEST_STEP][PASSED] - verifyElementText(findTestObject("Object Repository/CPNTUTORIAL/android.widget.FrameLayout (1)"), ""): Actual text and expected text of test object 'Object Repository/CPNTUTORIAL/android.widget.FrameLayout (1)' are matched.

2023-05-16 10:42:10 - [MESSAGE][PASSED] - Actual text and expected text of test object 'Object Repository/CPNTUTORIAL/android.widget.FrameLayout (1)' are matched.

2023-05-16 10:42:10 - [TEST_STEP][PASSED] - tap(findTestObject("Object Repository/CPNTUTORIAL/android.widget.TextView - Omitir"), 0): Tapped on element 'Object Repository/CPNTUTORIAL/android.widget.TextView - Omitir'

2023-05-16 10:42:10 - [MESSAGE][WARNING] - Timeout '0' is invalid. Using default page load timeout: '30'

2023-05-16 10:42:10 - [MESSAGE][PASSED] - Tapped on element 'Object Repository/CPNTUTORIAL/android.widget.TextView - Omitir'

2023-05-16 10:42:10 - [TEST_STEP][PASSED] - pressBack(): Press back button successfully

2023-05-16 10:42:11 - [MESSAGE][PASSED] - Press back button successfully

2023-05-16 10:42:11 - [TEST_STEP][PASSED] - tap(findTestObject("Object Repository/CPNTUTORIAL/android.widget.TextView - Siguiente"), 0): Tapped on element 'Object Repository/CPNTUTORIAL/android.widget.TextView - Siguiente'

2023-05-16 10:42:11 - [MESSAGE][WARNING] - Timeout '0' is invalid. Using default page load timeout: '30'

2023-05-16 10:42:12 - [MESSAGE][PASSED] - Tapped on element 'Object Repository/CPNTUTORIAL/android.widget.TextView - Siguiente'

2023-05-16 10:42:12 - [TEST_STEP][PASSED] - verifyElementText(findTestObject("CPNTUTORIAL/android.widget.FrameLayout"), ""): Actual text and expected text of test object 'Object Repository/CPNTUTORIAL/android.widget.FrameLayout' are matched.

2023-05-16 10:42:13 - [MESSAGE][PASSED] - Actual text and expected text of test object 'Object Repository/CPNTUTORIAL/android.widget.FrameLayout' are matched.

2023-05-16 10:42:13 - [TEST_STEP][PASSED] - tap(findTestObject("Object Repository/CPNTUTORIAL/android.widget.TextView - Siguiente (1)"), 0): Tapped on element 'Object Repository/CPNTUTORIAL/android.widget.TextView - Siguiente (1)'

2023-05-16 10:42:13 - [MESSAGE][WARNING] - Timeout '0' is invalid. Using default page load timeout: '30'

2023-05-16 10:42:14 - [MESSAGE][PASSED] - Tapped on element 'Object Repository/CPNTUTORIAL/android.widget.TextView - Siguiente (1)'

2023-05-16 10:42:14 - [TEST_STEP][PASSED] - verifyElementText(findTestObject("CPNTUTORIAL/android.widget.FrameLayout"), ""): Actual text and expected text of test object 'Object Repository/CPNTUTORIAL/android.widget.FrameLayout' are matched.

2023-05-16 10:42:15 - [MESSAGE][PASSED] - Actual text and expected text of test object 'Object Repository/CPNTUTORIAL/android.widget.FrameLayout' are matched.

2023-05-16 10:42:15 - [TEST_STEP][PASSED] - tap(findTestObject("CPNTUTORIAL/android.widget.TextView - Siguiente (1)"), 0): Tapped on element 'Object Repository/CPNTUTORIAL/android.widget.TextView - Siguiente (1)'

2023-05-16 10:42:15 - [MESSAGE][WARNING] - Timeout '0' is invalid. Using default page load timeout: '30'

2023-05-16 10:42:15 - [MESSAGE][PASSED] - Tapped on element 'Object Repository/CPNTUTORIAL/android.widget.TextView - Siguiente (1)'

2023-05-16 10:42:15 - [TEST_STEP][PASSED] - tap(findTestObject("CPNTUTORIAL/android.widget.TextView - Siguiente (1)"), 0): Tapped on element 'Object Repository/CPNTUTORIAL/android.widget.TextView - Siguiente (1)'

2023-05-16 10:42:15 - [MESSAGE][WARNING] - Timeout '0' is invalid. Using default page load timeout: '30'

2023-05-16 10:42:16 - [MESSAGE][PASSED] - Tapped on element 'Object Repository/CPNTUTORIAL/android.widget.TextView - Siguiente (1)'

2023-05-16 10:42:16 - [TEST_STEP][PASSED] - verifyElementText(findTestObject("CPNTUTORIAL/android.widget.FrameLayout"), ""): Actual text and expected text of test object 'Object Repository/CPNTUTORIAL/android.widget.FrameLayout' are matched.

2023-05-16 10:42:17 - [MESSAGE][PASSED] - Actual text and expected text of test object 'Object Repository/CPNTUTORIAL/android.widget.FrameLayout' are matched.

2023-05-16 10:42:17 - [TEST_STEP][PASSED] - tap(findTestObject("CPNTUTORIAL/android.widget.TextView - Siguiente (1)"), 0): Tapped on element 'Object Repository/CPNTUTORIAL/android.widget.TextView - Siguiente (1)'

2023-05-16 10:42:17 - [MESSAGE][WARNING] - Timeout '0' is invalid. Using default page load timeout: '30'

2023-05-16 10:42:17 - [MESSAGE][PASSED] - Tapped on element 'Object Repository/CPNTUTORIAL/android.widget.TextView - Siguiente (1)'

2023-05-16 10:42:17 - [TEST_STEP][PASSED] - verifyElementText(findTestObject("CPNTUTORIAL/android.widget.FrameLayout"), ""): Actual text and expected text of test object 'Object Repository/CPNTUTORIAL/android.widget.FrameLayout' are matched.

2023-05-16 10:42:18 - [MESSAGE][PASSED] - Actual text and expected text of test object 'Object Repository/CPNTUTORIAL/android.widget.FrameLayout' are matched.

2023-05-16 10:42:18 - [TEST_STEP][PASSED] - tap(findTestObject("Object Repository/CPNTUTORIAL/android.widget.TextView - Empezar"), 0): Tapped on element 'Object Repository/CPNTUTORIAL/android.widget.TextView - Empezar'

2023-05-16 10:42:18 - [MESSAGE][WARNING] - Timeout '0' is invalid. Using default page load timeout: '30'

2023-05-16 10:42:18 - [MESSAGE][PASSED] - Tapped on element 'Object Repository/CPNTUTORIAL/android.widget.TextView - Empezar']]></system-out>
         <system-err><![CDATA[]]></system-err>
      </testcase>
      <testcase name="Test Cases/CPN5" time="9.761" classname="Test Cases/CPN5" status="PASSED">
         <system-out><![CDATA[2023-05-16 10:42:18 - [TEST_CASE][PASSED] - Test Cases/CPN5: Test Cases/CPN5

2023-05-16 10:42:19 - [TEST_STEP][PASSED] - tap(findTestObject("Object Repository/CPN5/android.widget.Button - Crear Cuenta"), 0): Tapped on element 'Object Repository/CPN5/android.widget.Button - Crear Cuenta'

2023-05-16 10:42:19 - [MESSAGE][WARNING] - Timeout '0' is invalid. Using default page load timeout: '30'

2023-05-16 10:42:19 - [MESSAGE][PASSED] - Tapped on element 'Object Repository/CPN5/android.widget.Button - Crear Cuenta'

2023-05-16 10:42:19 - [TEST_STEP][PASSED] - verifyElementText(findTestObject("Object Repository/CPN5/android.widget.FrameLayout"), ""): Actual text and expected text of test object 'Object Repository/CPN5/android.widget.FrameLayout' are matched.

2023-05-16 10:42:21 - [MESSAGE][PASSED] - Actual text and expected text of test object 'Object Repository/CPN5/android.widget.FrameLayout' are matched.

2023-05-16 10:42:21 - [TEST_STEP][PASSED] - tap(findTestObject("Object Repository/CPN5/android.widget.Button - Enviar cdigo de registro"), 0): Tapped on element 'Object Repository/CPN5/android.widget.Button - Enviar cdigo de registro'

2023-05-16 10:42:21 - [MESSAGE][WARNING] - Timeout '0' is invalid. Using default page load timeout: '30'

2023-05-16 10:42:22 - [MESSAGE][PASSED] - Tapped on element 'Object Repository/CPN5/android.widget.Button - Enviar cdigo de registro'

2023-05-16 10:42:22 - [TEST_STEP][PASSED] - verifyElementText(findTestObject("Object Repository/CPN5/android.widget.TextView - Bienvenido a NapoleoN Chat"), "Bienvenido a NapoleoN Chat"): Actual text and expected text of test object 'Object Repository/CPN5/android.widget.TextView - Bienvenido a NapoleoN Chat' are matched.

2023-05-16 10:42:28 - [MESSAGE][PASSED] - Actual text and expected text of test object 'Object Repository/CPN5/android.widget.TextView - Bienvenido a NapoleoN Chat' are matched.

2023-05-16 10:42:28 - [TEST_STEP][PASSED] - verifyElementVisible(findTestObject("Object Repository/CPN5/android.widget.LinearLayout"), 0): Element 'Object Repository/CPN5/android.widget.LinearLayout' is visible

2023-05-16 10:42:28 - [MESSAGE][WARNING] - Timeout '0' is invalid. Using default page load timeout: '30'

2023-05-16 10:42:28 - [MESSAGE][PASSED] - Element 'Object Repository/CPN5/android.widget.LinearLayout' is visible]]></system-out>
         <system-err><![CDATA[]]></system-err>
      </testcase>
      <testcase name="Test Cases/CPN6-7" time="4.963" classname="Test Cases/CPN6-7" status="PASSED">
         <system-out><![CDATA[2023-05-16 10:42:28 - [TEST_CASE][PASSED] - Test Cases/CPN6-7: Test Cases/CPN6-7

2023-05-16 10:42:28 - [TEST_STEP][PASSED] - verifyElementVisible(findTestObject("CPN6-7/android.widget.LinearLayout"), 0): Element 'Object Repository/CPN6-7/android.widget.LinearLayout' is visible

2023-05-16 10:42:28 - [MESSAGE][WARNING] - Timeout '0' is invalid. Using default page load timeout: '30'

2023-05-16 10:42:29 - [MESSAGE][PASSED] - Element 'Object Repository/CPN6-7/android.widget.LinearLayout' is visible

2023-05-16 10:42:29 - [TEST_STEP][PASSED] - tap(findTestObject("Object Repository/CPN6-7/android.widget.Button - Reenviar cdigo"), 0): Tapped on element 'Object Repository/CPN6-7/android.widget.Button - Reenviar cdigo'

2023-05-16 10:42:29 - [MESSAGE][WARNING] - Timeout '0' is invalid. Using default page load timeout: '30'

2023-05-16 10:42:30 - [MESSAGE][PASSED] - Tapped on element 'Object Repository/CPN6-7/android.widget.Button - Reenviar cdigo'

2023-05-16 10:42:30 - [TEST_STEP][PASSED] - verifyElementVisible(findTestObject("CPN6-7/android.widget.LinearLayout"), 0): Element 'Object Repository/CPN6-7/android.widget.LinearLayout' is visible

2023-05-16 10:42:30 - [MESSAGE][WARNING] - Timeout '0' is invalid. Using default page load timeout: '30'

2023-05-16 10:42:30 - [MESSAGE][PASSED] - Element 'Object Repository/CPN6-7/android.widget.LinearLayout' is visible

2023-05-16 10:42:30 - [TEST_STEP][PASSED] - tap(findTestObject("Object Repository/CPN6-7/android.widget.Button - Reenviar cdigo (1)"), 0): Tapped on element 'Object Repository/CPN6-7/android.widget.Button - Reenviar cdigo (1)'

2023-05-16 10:42:30 - [MESSAGE][WARNING] - Timeout '0' is invalid. Using default page load timeout: '30'

2023-05-16 10:42:32 - [MESSAGE][PASSED] - Tapped on element 'Object Repository/CPN6-7/android.widget.Button - Reenviar cdigo (1)'

2023-05-16 10:42:32 - [TEST_STEP][PASSED] - waitForElementNotPresent(findTestObject("Object Repository/CPN6-7/android.widget.TextView - Nuevo intento en 459 minutos"), 0): Element 'Object Repository/CPN6-7/android.widget.TextView - Nuevo intento en 459 minutos' is present

2023-05-16 10:42:32 - [MESSAGE][WARNING] - Timeout '0' is invalid. Using default page load timeout: '30'

2023-05-16 10:42:33 - [MESSAGE][WARNING] - Element 'Object Repository/CPN6-7/android.widget.TextView - Nuevo intento en 459 minutos' is present

2023-05-16 10:42:33 - [TEST_STEP][PASSED] - tap(findTestObject("CPN6-7/android.widget.Button - Reenviar cdigo (1)"), 0): Tapped on element 'Object Repository/CPN6-7/android.widget.Button - Reenviar cdigo (1)'

2023-05-16 10:42:33 - [MESSAGE][WARNING] - Timeout '0' is invalid. Using default page load timeout: '30'

2023-05-16 10:42:33 - [MESSAGE][PASSED] - Tapped on element 'Object Repository/CPN6-7/android.widget.Button - Reenviar cdigo (1)']]></system-out>
         <system-err><![CDATA[]]></system-err>
      </testcase>
      <testcase name="Test Cases/CPN9" time="10.798" classname="Test Cases/CPN9" status="PASSED">
         <system-out><![CDATA[2023-05-16 10:42:33 - [TEST_CASE][PASSED] - Test Cases/CPN9: Test Cases/CPN9

2023-05-16 10:42:33 - [TEST_STEP][PASSED] - tap(findTestObject("Object Repository/CPN9/android.widget.Button - Continuar"), 0): Tapped on element 'Object Repository/CPN9/android.widget.Button - Continuar'

2023-05-16 10:42:33 - [MESSAGE][WARNING] - Timeout '0' is invalid. Using default page load timeout: '30'

2023-05-16 10:42:36 - [MESSAGE][PASSED] - Tapped on element 'Object Repository/CPN9/android.widget.Button - Continuar'

2023-05-16 10:42:36 - [TEST_STEP][PASSED] - verifyElementText(findTestObject("Object Repository/CPN9/android.view.ViewGroup"), ""): Actual text and expected text of test object 'Object Repository/CPN9/android.view.ViewGroup' are matched.

2023-05-16 10:42:37 - [MESSAGE][PASSED] - Actual text and expected text of test object 'Object Repository/CPN9/android.view.ViewGroup' are matched.

2023-05-16 10:42:37 - [TEST_STEP][PASSED] - tap(findTestObject("Object Repository/CPN9/android.widget.EditText - Apodo"), 0): Tapped on element 'Object Repository/CPN9/android.widget.EditText - Apodo'

2023-05-16 10:42:37 - [MESSAGE][WARNING] - Timeout '0' is invalid. Using default page load timeout: '30'

2023-05-16 10:42:37 - [MESSAGE][PASSED] - Tapped on element 'Object Repository/CPN9/android.widget.EditText - Apodo'

2023-05-16 10:42:37 - [TEST_STEP][PASSED] - setText(findTestObject("Object Repository/CPN9/android.widget.EditText - Apodo (1)"), "PRUEBA", 0): Text 'PRUEBA' has been set to element 'Object Repository/CPN9/android.widget.EditText - Apodo (1)'

2023-05-16 10:42:37 - [MESSAGE][WARNING] - Timeout '0' is invalid. Using default page load timeout: '30'

2023-05-16 10:42:41 - [MESSAGE][PASSED] - Text 'PRUEBA' has been set to element 'Object Repository/CPN9/android.widget.EditText - Apodo (1)'

2023-05-16 10:42:41 - [TEST_STEP][PASSED] - clearText(findTestObject("Object Repository/CPN9/android.widget.EditText - PRUEBA"), 0): Element 'Object Repository/CPN9/android.widget.EditText - PRUEBA' text is cleared

2023-05-16 10:42:41 - [MESSAGE][WARNING] - Timeout '0' is invalid. Using default page load timeout: '30'

2023-05-16 10:42:42 - [MESSAGE][PASSED] - Element 'Object Repository/CPN9/android.widget.EditText - PRUEBA' text is cleared

2023-05-16 10:42:42 - [TEST_STEP][PASSED] - hideKeyboard(): Keyboard is hidden

2023-05-16 10:42:44 - [MESSAGE][PASSED] - Keyboard is hidden

2023-05-16 10:42:44 - [TEST_STEP][PASSED] - verifyElementText(findTestObject("Object Repository/CPN9/android.widget.TextView - El Apodo es obligatorio"), "El Apodo es obligatorio"): Actual text and expected text of test object 'Object Repository/CPN9/android.widget.TextView - El Apodo es obligatorio' are matched.

2023-05-16 10:42:44 - [MESSAGE][PASSED] - Actual text and expected text of test object 'Object Repository/CPN9/android.widget.TextView - El Apodo es obligatorio' are matched.]]></system-out>
         <system-err><![CDATA[]]></system-err>
      </testcase>
      <testcase name="Test Cases/CPN10" time="6.909" classname="Test Cases/CPN10" status="PASSED">
         <system-out><![CDATA[2023-05-16 10:42:44 - [TEST_CASE][PASSED] - Test Cases/CPN10: Test Cases/CPN10

2023-05-16 10:42:44 - [TEST_STEP][PASSED] - tap(findTestObject("Object Repository/CPN10/android.widget.EditText - Apodo"), 0): Tapped on element 'Object Repository/CPN10/android.widget.EditText - Apodo'

2023-05-16 10:42:44 - [MESSAGE][WARNING] - Timeout '0' is invalid. Using default page load timeout: '30'

2023-05-16 10:42:46 - [MESSAGE][PASSED] - Tapped on element 'Object Repository/CPN10/android.widget.EditText - Apodo'

2023-05-16 10:42:46 - [TEST_STEP][PASSED] - setText(findTestObject("Object Repository/CPN10/android.widget.EditText - Apodo (1)"), "0123456789", 0): Text '0123456789' has been set to element 'Object Repository/CPN10/android.widget.EditText - Apodo (1)'

2023-05-16 10:42:46 - [MESSAGE][WARNING] - Timeout '0' is invalid. Using default page load timeout: '30'

2023-05-16 10:42:48 - [MESSAGE][PASSED] - Text '0123456789' has been set to element 'Object Repository/CPN10/android.widget.EditText - Apodo (1)'

2023-05-16 10:42:48 - [TEST_STEP][PASSED] - verifyElementText(findTestObject("Object Repository/CPN10/android.widget.TextView - El Apodo debe comenzar con una letra"), "El Apodo debe comenzar con una letra"): Actual text and expected text of test object 'Object Repository/CPN10/android.widget.TextView - El Apodo debe comenzar con una letra' are matched.

2023-05-16 10:42:49 - [MESSAGE][PASSED] - Actual text and expected text of test object 'Object Repository/CPN10/android.widget.TextView - El Apodo debe comenzar con una letra' are matched.

2023-05-16 10:42:49 - [TEST_STEP][PASSED] - hideKeyboard(): Keyboard is hidden

2023-05-16 10:42:51 - [MESSAGE][PASSED] - Keyboard is hidden

2023-05-16 10:42:51 - [TEST_STEP][PASSED] - tap(findTestObject("Object Repository/CPN10/android.widget.Button - Siguiente"), 0): Tapped on element 'Object Repository/CPN10/android.widget.Button - Siguiente'

2023-05-16 10:42:51 - [MESSAGE][WARNING] - Timeout '0' is invalid. Using default page load timeout: '30'

2023-05-16 10:42:51 - [MESSAGE][PASSED] - Tapped on element 'Object Repository/CPN10/android.widget.Button - Siguiente']]></system-out>
         <system-err><![CDATA[]]></system-err>
      </testcase>
      <testcase name="Test Cases/CPN11" time="8.27" classname="Test Cases/CPN11" status="PASSED">
         <system-out><![CDATA[2023-05-16 10:42:51 - [TEST_CASE][PASSED] - Test Cases/CPN11: Test Cases/CPN11

2023-05-16 10:42:51 - [TEST_STEP][PASSED] - clearText(findTestObject("Object Repository/CPN11/android.widget.EditText - 0123456789"), 0): Element 'Object Repository/CPN11/android.widget.EditText - 0123456789' text is cleared

2023-05-16 10:42:51 - [MESSAGE][WARNING] - Timeout '0' is invalid. Using default page load timeout: '30'

2023-05-16 10:42:51 - [MESSAGE][PASSED] - Element 'Object Repository/CPN11/android.widget.EditText - 0123456789' text is cleared

2023-05-16 10:42:51 - [TEST_STEP][PASSED] - tap(findTestObject("Object Repository/CPN11/android.widget.EditText - Apodo"), 0): Tapped on element 'Object Repository/CPN11/android.widget.EditText - Apodo'

2023-05-16 10:42:51 - [MESSAGE][WARNING] - Timeout '0' is invalid. Using default page load timeout: '30'

2023-05-16 10:42:54 - [MESSAGE][PASSED] - Tapped on element 'Object Repository/CPN11/android.widget.EditText - Apodo'

2023-05-16 10:42:54 - [TEST_STEP][PASSED] - setText(findTestObject("Object Repository/CPN11/android.widget.EditText - Apodo (1)"), "abcde", 0): Text 'abcde' has been set to element 'Object Repository/CPN11/android.widget.EditText - Apodo (1)'

2023-05-16 10:42:54 - [MESSAGE][WARNING] - Timeout '0' is invalid. Using default page load timeout: '30'

2023-05-16 10:42:56 - [MESSAGE][PASSED] - Text 'abcde' has been set to element 'Object Repository/CPN11/android.widget.EditText - Apodo (1)'

2023-05-16 10:42:56 - [TEST_STEP][PASSED] - verifyElementText(findTestObject("Object Repository/CPN11/android.widget.TextView - El apodo debe contener al menos un nmero"), "El apodo debe contener al menos un número"): Actual text and expected text of test object 'Object Repository/CPN11/android.widget.TextView - El apodo debe contener al menos un nmero' are matched.

2023-05-16 10:42:57 - [MESSAGE][PASSED] - Actual text and expected text of test object 'Object Repository/CPN11/android.widget.TextView - El apodo debe contener al menos un nmero' are matched.

2023-05-16 10:42:57 - [TEST_STEP][PASSED] - hideKeyboard(): Keyboard is hidden

2023-05-16 10:42:59 - [MESSAGE][PASSED] - Keyboard is hidden

2023-05-16 10:42:59 - [TEST_STEP][PASSED] - tap(findTestObject("Object Repository/CPN11/android.widget.Button - Siguiente"), 0): Tapped on element 'Object Repository/CPN11/android.widget.Button - Siguiente'

2023-05-16 10:42:59 - [MESSAGE][WARNING] - Timeout '0' is invalid. Using default page load timeout: '30'

2023-05-16 10:42:59 - [MESSAGE][PASSED] - Tapped on element 'Object Repository/CPN11/android.widget.Button - Siguiente'

2023-05-16 10:42:59 - [TEST_STEP][PASSED] - clearText(findTestObject("Object Repository/CPN11/android.widget.EditText - abcde"), 0): Element 'Object Repository/CPN11/android.widget.EditText - abcde' text is cleared

2023-05-16 10:42:59 - [MESSAGE][WARNING] - Timeout '0' is invalid. Using default page load timeout: '30'

2023-05-16 10:42:59 - [MESSAGE][PASSED] - Element 'Object Repository/CPN11/android.widget.EditText - abcde' text is cleared]]></system-out>
         <system-err><![CDATA[]]></system-err>
      </testcase>
      <testcase name="Test Cases/CPN12" time="4.829" classname="Test Cases/CPN12" status="PASSED">
         <system-out><![CDATA[2023-05-16 10:42:59 - [TEST_CASE][PASSED] - Test Cases/CPN12: Test Cases/CPN12

2023-05-16 10:42:59 - [TEST_STEP][PASSED] - setText(findTestObject("Object Repository/CPN12/android.widget.EditText - Apodo"), "0123456789012345678901", 0): Text '0123456789012345678901' has been set to element 'Object Repository/CPN12/android.widget.EditText - Apodo'

2023-05-16 10:42:59 - [MESSAGE][WARNING] - Timeout '0' is invalid. Using default page load timeout: '30'

2023-05-16 10:43:02 - [MESSAGE][PASSED] - Text '0123456789012345678901' has been set to element 'Object Repository/CPN12/android.widget.EditText - Apodo'

2023-05-16 10:43:02 - [TEST_STEP][PASSED] - hideKeyboard(): Keyboard is hidden

2023-05-16 10:43:02 - [MESSAGE][PASSED] - Keyboard is hidden

2023-05-16 10:43:02 - [TEST_STEP][PASSED] - clearText(findTestObject("Object Repository/CPN12/android.widget.EditText - 01234567890123456789"), 0): Element 'Object Repository/CPN12/android.widget.EditText - 01234567890123456789' text is cleared

2023-05-16 10:43:02 - [MESSAGE][WARNING] - Timeout '0' is invalid. Using default page load timeout: '30'

2023-05-16 10:43:03 - [MESSAGE][PASSED] - Element 'Object Repository/CPN12/android.widget.EditText - 01234567890123456789' text is cleared

2023-05-16 10:43:03 - [TEST_STEP][PASSED] - tap(findTestObject("Object Repository/CPN12/android.widget.Button - Siguiente"), 0): Tapped on element 'Object Repository/CPN12/android.widget.Button - Siguiente'

2023-05-16 10:43:03 - [MESSAGE][WARNING] - Timeout '0' is invalid. Using default page load timeout: '30'

2023-05-16 10:43:04 - [MESSAGE][PASSED] - Tapped on element 'Object Repository/CPN12/android.widget.Button - Siguiente']]></system-out>
         <system-err><![CDATA[]]></system-err>
      </testcase>
      <testcase name="Test Cases/CPN13" time="7.128" classname="Test Cases/CPN13" status="PASSED">
         <system-out><![CDATA[2023-05-16 10:43:04 - [TEST_CASE][PASSED] - Test Cases/CPN13: Test Cases/CPN13

2023-05-16 10:43:04 - [TEST_STEP][PASSED] - tap(findTestObject("Object Repository/CPN13/android.widget.EditText - Apodo"), 0): Tapped on element 'Object Repository/CPN13/android.widget.EditText - Apodo'

2023-05-16 10:43:04 - [MESSAGE][WARNING] - Timeout '0' is invalid. Using default page load timeout: '30'

2023-05-16 10:43:06 - [MESSAGE][PASSED] - Tapped on element 'Object Repository/CPN13/android.widget.EditText - Apodo'

2023-05-16 10:43:06 - [TEST_STEP][PASSED] - setText(findTestObject("Object Repository/CPN13/android.widget.EditText - Apodo (1)"), "HO", 0): Text 'HO' has been set to element 'Object Repository/CPN13/android.widget.EditText - Apodo (1)'

2023-05-16 10:43:06 - [MESSAGE][WARNING] - Timeout '0' is invalid. Using default page load timeout: '30'

2023-05-16 10:43:08 - [MESSAGE][PASSED] - Text 'HO' has been set to element 'Object Repository/CPN13/android.widget.EditText - Apodo (1)'

2023-05-16 10:43:08 - [TEST_STEP][PASSED] - verifyElementText(findTestObject("Object Repository/CPN13/android.widget.TextView - El Apodo debe contener mnimo 3 caracteres y 1 nmero"), "El Apodo debe contener mínimo 3 caracteres y 1 número"): Actual text and expected text of test object 'Object Repository/CPN13/android.widget.TextView - El Apodo debe contener mnimo 3 caracteres y 1 nmero' are matched.

2023-05-16 10:43:09 - [MESSAGE][PASSED] - Actual text and expected text of test object 'Object Repository/CPN13/android.widget.TextView - El Apodo debe contener mnimo 3 caracteres y 1 nmero' are matched.

2023-05-16 10:43:09 - [TEST_STEP][PASSED] - hideKeyboard(): Keyboard is hidden

2023-05-16 10:43:10 - [MESSAGE][PASSED] - Keyboard is hidden

2023-05-16 10:43:11 - [TEST_STEP][PASSED] - tap(findTestObject("Object Repository/CPN13/android.widget.Button - Siguiente"), 0): Tapped on element 'Object Repository/CPN13/android.widget.Button - Siguiente'

2023-05-16 10:43:11 - [MESSAGE][WARNING] - Timeout '0' is invalid. Using default page load timeout: '30'

2023-05-16 10:43:11 - [MESSAGE][PASSED] - Tapped on element 'Object Repository/CPN13/android.widget.Button - Siguiente'

2023-05-16 10:43:11 - [TEST_STEP][PASSED] - clearText(findTestObject("Object Repository/CPN13/android.widget.EditText - HO"), 0): Element 'Object Repository/CPN13/android.widget.EditText - HO' text is cleared

2023-05-16 10:43:11 - [MESSAGE][WARNING] - Timeout '0' is invalid. Using default page load timeout: '30'

2023-05-16 10:43:11 - [MESSAGE][PASSED] - Element 'Object Repository/CPN13/android.widget.EditText - HO' text is cleared]]></system-out>
         <system-err><![CDATA[]]></system-err>
      </testcase>
      <testcase name="Test Cases/CPN14" time="11.447" classname="Test Cases/CPN14" status="PASSED">
         <system-out><![CDATA[2023-05-16 10:43:11 - [TEST_CASE][PASSED] - Test Cases/CPN14: Test Cases/CPN14

2023-05-16 10:43:11 - [TEST_STEP][PASSED] - tap(findTestObject("Object Repository/CPN14/android.widget.EditText - Nombre a mostrar (opcional)"), 0): Tapped on element 'Object Repository/CPN14/android.widget.EditText - Nombre a mostrar (opcional)'

2023-05-16 10:43:11 - [MESSAGE][WARNING] - Timeout '0' is invalid. Using default page load timeout: '30'

2023-05-16 10:43:12 - [MESSAGE][PASSED] - Tapped on element 'Object Repository/CPN14/android.widget.EditText - Nombre a mostrar (opcional)'

2023-05-16 10:43:12 - [TEST_STEP][PASSED] - setText(findTestObject("Object Repository/CPN14/android.widget.EditText - Nombre a mostrar (opcional) (1)"), "Opcional", 0): Text 'Opcional' has been set to element 'Object Repository/CPN14/android.widget.EditText - Nombre a mostrar (opcional) (1)'

2023-05-16 10:43:12 - [MESSAGE][WARNING] - Timeout '0' is invalid. Using default page load timeout: '30'

2023-05-16 10:43:14 - [MESSAGE][PASSED] - Text 'Opcional' has been set to element 'Object Repository/CPN14/android.widget.EditText - Nombre a mostrar (opcional) (1)'

2023-05-16 10:43:14 - [TEST_STEP][PASSED] - hideKeyboard(): Keyboard is hidden

2023-05-16 10:43:16 - [MESSAGE][PASSED] - Keyboard is hidden

2023-05-16 10:43:16 - [TEST_STEP][PASSED] - tap(findTestObject("Object Repository/CPN14/android.widget.Button - Siguiente"), 0): Tapped on element 'Object Repository/CPN14/android.widget.Button - Siguiente'

2023-05-16 10:43:16 - [MESSAGE][WARNING] - Timeout '0' is invalid. Using default page load timeout: '30'

2023-05-16 10:43:16 - [MESSAGE][PASSED] - Tapped on element 'Object Repository/CPN14/android.widget.Button - Siguiente'

2023-05-16 10:43:16 - [TEST_STEP][PASSED] - tap(findTestObject("Object Repository/CPN14/android.widget.EditText - Apodo"), 0): Tapped on element 'Object Repository/CPN14/android.widget.EditText - Apodo'

2023-05-16 10:43:17 - [MESSAGE][WARNING] - Timeout '0' is invalid. Using default page load timeout: '30'

2023-05-16 10:43:17 - [MESSAGE][PASSED] - Tapped on element 'Object Repository/CPN14/android.widget.EditText - Apodo'

2023-05-16 10:43:17 - [TEST_STEP][PASSED] - setText(findTestObject("CPN14/android.widget.EditText - Apodo (1)"), "angello16", 0): Text 'angello16' has been set to element 'Object Repository/CPN14/android.widget.EditText - Apodo (1)'

2023-05-16 10:43:17 - [MESSAGE][WARNING] - Timeout '0' is invalid. Using default page load timeout: '30'

2023-05-16 10:43:20 - [MESSAGE][PASSED] - Text 'angello16' has been set to element 'Object Repository/CPN14/android.widget.EditText - Apodo (1)'

2023-05-16 10:43:20 - [TEST_STEP][PASSED] - hideKeyboard(): Keyboard is hidden

2023-05-16 10:43:22 - [MESSAGE][PASSED] - Keyboard is hidden

2023-05-16 10:43:22 - [TEST_STEP][PASSED] - verifyElementText(findTestObject("Object Repository/CPN14/android.widget.TextView - Apodo no disponible"), "Apodo no disponible"): Actual text and expected text of test object 'Object Repository/CPN14/android.widget.TextView - Apodo no disponible' are matched.

2023-05-16 10:43:22 - [MESSAGE][PASSED] - Actual text and expected text of test object 'Object Repository/CPN14/android.widget.TextView - Apodo no disponible' are matched.

2023-05-16 10:43:22 - [TEST_STEP][PASSED] - verifyElementVisible(findTestObject("CPN14/android.widget.ImageButton"), 0): Element 'Object Repository/CPN14/android.widget.ImageButton' is visible

2023-05-16 10:43:22 - [MESSAGE][WARNING] - Timeout '0' is invalid. Using default page load timeout: '30'

2023-05-16 10:43:22 - [MESSAGE][PASSED] - Element 'Object Repository/CPN14/android.widget.ImageButton' is visible

2023-05-16 10:43:22 - [TEST_STEP][PASSED] - tap(findTestObject("CPN14/android.widget.Button - Siguiente"), 0): Tapped on element 'Object Repository/CPN14/android.widget.Button - Siguiente'

2023-05-16 10:43:22 - [MESSAGE][WARNING] - Timeout '0' is invalid. Using default page load timeout: '30'

2023-05-16 10:43:23 - [MESSAGE][PASSED] - Tapped on element 'Object Repository/CPN14/android.widget.Button - Siguiente']]></system-out>
         <system-err><![CDATA[]]></system-err>
      </testcase>
      <testcase name="Test Cases/CPN15" time="8.194" classname="Test Cases/CPN15" status="PASSED">
         <system-out><![CDATA[2023-05-16 10:43:23 - [TEST_CASE][PASSED] - Test Cases/CPN15: Test Cases/CPN15

2023-05-16 10:43:23 - [TEST_STEP][PASSED] - clearText(findTestObject("Object Repository/CPN15/android.widget.EditText - angello16"), 0): Element 'Object Repository/CPN15/android.widget.EditText - angello16' text is cleared

2023-05-16 10:43:23 - [MESSAGE][WARNING] - Timeout '0' is invalid. Using default page load timeout: '30'

2023-05-16 10:43:23 - [MESSAGE][PASSED] - Element 'Object Repository/CPN15/android.widget.EditText - angello16' text is cleared

2023-05-16 10:43:23 - [TEST_STEP][PASSED] - tap(findTestObject("Object Repository/CPN15/android.widget.EditText - Apodo"), 0): Tapped on element 'Object Repository/CPN15/android.widget.EditText - Apodo'

2023-05-16 10:43:23 - [MESSAGE][WARNING] - Timeout '0' is invalid. Using default page load timeout: '30'

2023-05-16 10:43:24 - [MESSAGE][PASSED] - Tapped on element 'Object Repository/CPN15/android.widget.EditText - Apodo'

2023-05-16 10:43:24 - [TEST_STEP][PASSED] - setText(findTestObject("Object Repository/CPN15/android.widget.EditText - P000"), "LIBRE02", 0): Text 'LIBRE02' has been set to element 'Object Repository/CPN15/android.widget.EditText - P000'

2023-05-16 10:43:24 - [MESSAGE][WARNING] - Timeout '0' is invalid. Using default page load timeout: '30'

2023-05-16 10:43:27 - [MESSAGE][PASSED] - Text 'LIBRE02' has been set to element 'Object Repository/CPN15/android.widget.EditText - P000'

2023-05-16 10:43:27 - [TEST_STEP][PASSED] - verifyElementText(findTestObject("Object Repository/CPN15/android.widget.TextView - El apodo te servir para identificarse en NapoleoN Chat, no lo podrs cambiar despes"), "El apodo te servirá para identificarse en NapoleoN Chat, no lo podrás cambiar despúes"): Actual text and expected text of test object 'Object Repository/CPN15/android.widget.TextView - El apodo te servir para identificarse en NapoleoN Chat, no lo podrs cambiar despes' are matched.

2023-05-16 10:43:28 - [MESSAGE][PASSED] - Actual text and expected text of test object 'Object Repository/CPN15/android.widget.TextView - El apodo te servir para identificarse en NapoleoN Chat, no lo podrs cambiar despes' are matched.

2023-05-16 10:43:28 - [TEST_STEP][PASSED] - clearText(findTestObject("Object Repository/CPN15/android.widget.EditText - Opcional"), 0): Element 'Object Repository/CPN15/android.widget.EditText - Opcional' text is cleared

2023-05-16 10:43:28 - [MESSAGE][WARNING] - Timeout '0' is invalid. Using default page load timeout: '30'

2023-05-16 10:43:29 - [MESSAGE][PASSED] - Element 'Object Repository/CPN15/android.widget.EditText - Opcional' text is cleared

2023-05-16 10:43:29 - [TEST_STEP][PASSED] - hideKeyboard(): Keyboard is hidden

2023-05-16 10:43:30 - [MESSAGE][PASSED] - Keyboard is hidden

2023-05-16 10:43:30 - [TEST_STEP][PASSED] - tap(findTestObject("Object Repository/CPN15/android.widget.Button - Siguiente"), 0): Tapped on element 'Object Repository/CPN15/android.widget.Button - Siguiente'

2023-05-16 10:43:30 - [MESSAGE][WARNING] - Timeout '0' is invalid. Using default page load timeout: '30'

2023-05-16 10:43:31 - [MESSAGE][PASSED] - Tapped on element 'Object Repository/CPN15/android.widget.Button - Siguiente']]></system-out>
         <system-err><![CDATA[]]></system-err>
      </testcase>
      <testcase name="Test Cases/CPN16-17" time="9.428" classname="Test Cases/CPN16-17" status="PASSED">
         <system-out><![CDATA[2023-05-16 10:43:31 - [TEST_CASE][PASSED] - Test Cases/CPN16-17: Test Cases/CPN16-17

2023-05-16 10:43:31 - [TEST_STEP][PASSED] - tap(findTestObject("Object Repository/CPN16-17/android.widget.EditText - Pin de Acceso"), 0): Tapped on element 'Object Repository/CPN16-17/android.widget.EditText - Pin de Acceso'

2023-05-16 10:43:31 - [MESSAGE][WARNING] - Timeout '0' is invalid. Using default page load timeout: '30'

2023-05-16 10:43:32 - [MESSAGE][PASSED] - Tapped on element 'Object Repository/CPN16-17/android.widget.EditText - Pin de Acceso'

2023-05-16 10:43:32 - [TEST_STEP][PASSED] - setText(findTestObject("Object Repository/CPN16-17/android.widget.EditText - Pin de Acceso (1)"), "00000", 0): Text '00000' has been set to element 'Object Repository/CPN16-17/android.widget.EditText - Pin de Acceso (1)'

2023-05-16 10:43:32 - [MESSAGE][WARNING] - Timeout '0' is invalid. Using default page load timeout: '30'

2023-05-16 10:43:35 - [MESSAGE][PASSED] - Text '00000' has been set to element 'Object Repository/CPN16-17/android.widget.EditText - Pin de Acceso (1)'

2023-05-16 10:43:35 - [TEST_STEP][PASSED] - setText(findTestObject("Object Repository/CPN16-17/android.widget.EditText - Confirmar nuevo pin de acceso"), "1234", 0): Text '1234' has been set to element 'Object Repository/CPN16-17/android.widget.EditText - Confirmar nuevo pin de acceso'

2023-05-16 10:43:35 - [MESSAGE][WARNING] - Timeout '0' is invalid. Using default page load timeout: '30'

2023-05-16 10:43:38 - [MESSAGE][PASSED] - Text '1234' has been set to element 'Object Repository/CPN16-17/android.widget.EditText - Confirmar nuevo pin de acceso'

2023-05-16 10:43:38 - [TEST_STEP][PASSED] - hideKeyboard(): Keyboard is hidden

2023-05-16 10:43:40 - [MESSAGE][PASSED] - Keyboard is hidden

2023-05-16 10:43:40 - [TEST_STEP][PASSED] - verifyElementText(findTestObject("Object Repository/CPN16-17/android.widget.TextView - El pin de acceso no coincide"), "El pin de acceso no coincide"): Actual text and expected text of test object 'Object Repository/CPN16-17/android.widget.TextView - El pin de acceso no coincide' are matched.

2023-05-16 10:43:40 - [MESSAGE][PASSED] - Actual text and expected text of test object 'Object Repository/CPN16-17/android.widget.TextView - El pin de acceso no coincide' are matched.

2023-05-16 10:43:40 - [TEST_STEP][PASSED] - verifyElementText(findTestObject("Object Repository/CPN16-17/android.widget.TextView - El pin de acceso no coincide (1)"), "El pin de acceso no coincide"): Actual text and expected text of test object 'Object Repository/CPN16-17/android.widget.TextView - El pin de acceso no coincide (1)' are matched.

2023-05-16 10:43:40 - [MESSAGE][PASSED] - Actual text and expected text of test object 'Object Repository/CPN16-17/android.widget.TextView - El pin de acceso no coincide (1)' are matched.]]></system-out>
         <system-err><![CDATA[]]></system-err>
      </testcase>
      <testcase name="Test Cases/CPN18-19" time="17.188" classname="Test Cases/CPN18-19" status="PASSED">
         <system-out><![CDATA[2023-05-16 10:43:40 - [TEST_CASE][PASSED] - Test Cases/CPN18-19: Test Cases/CPN18-19

2023-05-16 10:43:40 - [TEST_STEP][PASSED] - tap(findTestObject("Object Repository/CPN18-19/android.widget.EditText - 0000"), 0): Tapped on element 'Object Repository/CPN18-19/android.widget.EditText - 0000'

2023-05-16 10:43:40 - [MESSAGE][WARNING] - Timeout '0' is invalid. Using default page load timeout: '30'

2023-05-16 10:43:41 - [MESSAGE][PASSED] - Tapped on element 'Object Repository/CPN18-19/android.widget.EditText - 0000'

2023-05-16 10:43:41 - [TEST_STEP][PASSED] - clearText(findTestObject("Object Repository/CPN18-19/android.widget.EditText - 0000 (1)"), 0): Element 'Object Repository/CPN18-19/android.widget.EditText - 0000 (1)' text is cleared

2023-05-16 10:43:41 - [MESSAGE][WARNING] - Timeout '0' is invalid. Using default page load timeout: '30'

2023-05-16 10:43:42 - [MESSAGE][PASSED] - Element 'Object Repository/CPN18-19/android.widget.EditText - 0000 (1)' text is cleared

2023-05-16 10:43:42 - [TEST_STEP][PASSED] - clearText(findTestObject("Object Repository/CPN18-19/android.widget.EditText - 1234"), 0): Element 'Object Repository/CPN18-19/android.widget.EditText - 1234' text is cleared

2023-05-16 10:43:42 - [MESSAGE][WARNING] - Timeout '0' is invalid. Using default page load timeout: '30'

2023-05-16 10:43:43 - [MESSAGE][PASSED] - Element 'Object Repository/CPN18-19/android.widget.EditText - 1234' text is cleared

2023-05-16 10:43:43 - [TEST_STEP][PASSED] - setText(findTestObject("Object Repository/CPN18-19/android.widget.EditText - Pin de Acceso"), "0000", 0): Text '0000' has been set to element 'Object Repository/CPN18-19/android.widget.EditText - Pin de Acceso'

2023-05-16 10:43:43 - [MESSAGE][WARNING] - Timeout '0' is invalid. Using default page load timeout: '30'

2023-05-16 10:43:46 - [MESSAGE][PASSED] - Text '0000' has been set to element 'Object Repository/CPN18-19/android.widget.EditText - Pin de Acceso'

2023-05-16 10:43:46 - [TEST_STEP][PASSED] - setText(findTestObject("Object Repository/CPN18-19/android.widget.EditText - Confirmar nuevo pin de acceso"), "1111", 0): Text '1111' has been set to element 'Object Repository/CPN18-19/android.widget.EditText - Confirmar nuevo pin de acceso'

2023-05-16 10:43:46 - [MESSAGE][WARNING] - Timeout '0' is invalid. Using default page load timeout: '30'

2023-05-16 10:43:48 - [MESSAGE][PASSED] - Text '1111' has been set to element 'Object Repository/CPN18-19/android.widget.EditText - Confirmar nuevo pin de acceso'

2023-05-16 10:43:48 - [TEST_STEP][PASSED] - clearText(findTestObject("Object Repository/CPN18-19/android.widget.EditText - 1111"), 0): Element 'Object Repository/CPN18-19/android.widget.EditText - 1111' text is cleared

2023-05-16 10:43:48 - [MESSAGE][WARNING] - Timeout '0' is invalid. Using default page load timeout: '30'

2023-05-16 10:43:49 - [MESSAGE][PASSED] - Element 'Object Repository/CPN18-19/android.widget.EditText - 1111' text is cleared

2023-05-16 10:43:49 - [TEST_STEP][PASSED] - setText(findTestObject("CPN18-19/android.widget.EditText - Confirmar nuevo pin de acceso"), "0000", 0): Text '0000' has been set to element 'Object Repository/CPN18-19/android.widget.EditText - Confirmar nuevo pin de acceso'

2023-05-16 10:43:49 - [MESSAGE][WARNING] - Timeout '0' is invalid. Using default page load timeout: '30'

2023-05-16 10:43:52 - [MESSAGE][PASSED] - Text '0000' has been set to element 'Object Repository/CPN18-19/android.widget.EditText - Confirmar nuevo pin de acceso'

2023-05-16 10:43:52 - [TEST_STEP][PASSED] - hideKeyboard(): Keyboard is hidden

2023-05-16 10:43:54 - [MESSAGE][PASSED] - Keyboard is hidden

2023-05-16 10:43:54 - [TEST_STEP][PASSED] - tap(findTestObject("Object Repository/CPN18-19/android.widget.Button - Crear Cuenta"), 0): Tapped on element 'Object Repository/CPN18-19/android.widget.Button - Crear Cuenta'

2023-05-16 10:43:54 - [MESSAGE][WARNING] - Timeout '0' is invalid. Using default page load timeout: '30'

2023-05-16 10:43:54 - [MESSAGE][PASSED] - Tapped on element 'Object Repository/CPN18-19/android.widget.Button - Crear Cuenta'

2023-05-16 10:43:54 - [TEST_STEP][PASSED] - verifyElementExist(findTestObject("Object Repository/CPN18-19/android.widget.TextView - NapoleoN"), 0): Element 'Object Repository/CPN18-19/android.widget.TextView - NapoleoN' is exist

2023-05-16 10:43:54 - [MESSAGE][WARNING] - Timeout '0' is invalid. Using default page load timeout: '30'

2023-05-16 10:43:57 - [MESSAGE][PASSED] - Element 'Object Repository/CPN18-19/android.widget.TextView - NapoleoN' is exist]]></system-out>
         <system-err><![CDATA[]]></system-err>
      </testcase>
      <system-out><![CDATA[2023-05-16 10:41:33 - [TEST_SUITE][PASSED] - Crear_usuario: Test Cases/CPN18-19]]></system-out>
      <system-err><![CDATA[]]></system-err>
   </testsuite>
</testsuites>
