<?xml version="1.0" encoding="UTF-8"?>
<testsuites name="PRUEBA-CPN105.1" time="607.98" tests="27" failures="0" errors="0">
   <testsuite name="PRUEBA-CPN105.1" tests="27" failures="0" errors="0" time="607.98" skipped="0" timestamp="2023-06-14 15:12:05" hostname="Testing - DESKTOP-OBIGNLU" id="Test Suites/PRUEBA-CPN105.1">
      <properties>
         <property name="deviceName" value="samsung SM-A107M (Android 11)"/>
         <property name="devicePlatform" value=""/>
         <property name="logFolder" value="C:\\Users\\Testing\\Katalon Studio\\NN_Version2\\Reports\\20230614_151155\\PRUEBA-CPN105.1\\20230614_151155"/>
         <property name="logFiles" value="C:\\Users\\Testing\\Katalon Studio\\NN_Version2\\Reports\\20230614_151155\\PRUEBA-CPN105.1\\20230614_151155\\appium.log, C:\\Users\\Testing\\Katalon Studio\\NN_Version2\\Reports\\20230614_151155\\PRUEBA-CPN105.1\\20230614_151155\\execution0.log"/>
         <property name="attachments" value=""/>
         <property name="hostName" value="Testing - DESKTOP-OBIGNLU"/>
         <property name="os" value="Windows 10 64bit"/>
         <property name="appiumServerStatus" value="{&quot;value&quot;:{&quot;build&quot;:{&quot;version&quot;:&quot;1.22.3&quot;}},&quot;sessionId&quot;:null,&quot;status&quot;:0}"/>
         <property name="katalonVersion" value="8.6.5.208"/>
         <property name="deviceOS" value="Android"/>
         <property name="appiumVersion" value="1.22.3"/>
         <property name="deviceModel" value="SM-A107M"/>
         <property name="hostAddress" value="192.168.1.1"/>
         <property name="deviceManufacturer" value="samsung"/>
         <property name="deviceId" value="R9WN40KBXDJ"/>
         <property name="deviceName" value="samsung SM-A107M (Android 11)"/>
         <property name="deviceOSVersion" value="11"/>
      </properties>
      <testcase name="Test Cases/CPNTUTORIAL/CPNTUTORIAL" time="51.01" classname="Test Cases/CPNTUTORIAL/CPNTUTORIAL" status="PASSED">
         <system-out><![CDATA[2023-06-14 15:12:05 - [TEST_CASE][PASSED] - Test Cases/CPNTUTORIAL/CPNTUTORIAL: Test Cases/CPNTUTORIAL/CPNTUTORIAL

2023-06-14 15:12:06 - [TEST_STEP][PASSED] - startApplication("C:\Users\Testing\Desktop\katalon\APK SERVIDOR NUEVO\NapoleoN.apk", true): Started app at: 'C:\Users\Testing\Desktop\katalon\APK SERVIDOR NUEVO\NapoleoN.apk'

2023-06-14 15:12:06 - [MESSAGE][INFO] - User set preference: ['deviceId', '']

2023-06-14 15:12:06 - [MESSAGE][INFO] - Detected NodeJS location: "C:\Program Files\nodejs\node.exe"

2023-06-14 15:12:08 - [MESSAGE][INFO] - Appium server started on port 63.623

2023-06-14 15:12:47 - [MESSAGE][PASSED] - Started app at: 'C:\Users\Testing\Desktop\katalon\APK SERVIDOR NUEVO\NapoleoN.apk'

2023-06-14 15:12:47 - [TEST_STEP][PASSED] - verifyElementText(findTestObject("Object Repository/CPNTUTORIAL/android.widget.FrameLayout (1)"), ""): Actual text and expected text of test object 'Object Repository/CPNTUTORIAL/android.widget.FrameLayout (1)' are matched.

2023-06-14 15:12:48 - [MESSAGE][PASSED] - Actual text and expected text of test object 'Object Repository/CPNTUTORIAL/android.widget.FrameLayout (1)' are matched.

2023-06-14 15:12:48 - [TEST_STEP][PASSED] - tap(findTestObject("Object Repository/CPNTUTORIAL/android.widget.TextView - Omitir"), 1): Tapped on element 'Object Repository/CPNTUTORIAL/android.widget.TextView - Omitir'

2023-06-14 15:12:48 - [MESSAGE][PASSED] - Tapped on element 'Object Repository/CPNTUTORIAL/android.widget.TextView - Omitir'

2023-06-14 15:12:48 - [TEST_STEP][PASSED] - pressBack(): Press back button successfully

2023-06-14 15:12:49 - [MESSAGE][PASSED] - Press back button successfully

2023-06-14 15:12:49 - [TEST_STEP][PASSED] - toggleWifi("ON", STOP_ON_FAILURE): Toggled wifi

2023-06-14 15:12:50 - [MESSAGE][PASSED] - Toggled wifi

2023-06-14 15:12:50 - [TEST_STEP][PASSED] - tap(findTestObject("Object Repository/CPNTUTORIAL/android.widget.TextView - Siguiente"), 1): Tapped on element 'Object Repository/CPNTUTORIAL/android.widget.TextView - Siguiente'

2023-06-14 15:12:51 - [MESSAGE][PASSED] - Tapped on element 'Object Repository/CPNTUTORIAL/android.widget.TextView - Siguiente'

2023-06-14 15:12:51 - [TEST_STEP][PASSED] - verifyElementText(findTestObject("CPNTUTORIAL/android.widget.FrameLayout"), ""): Actual text and expected text of test object 'Object Repository/CPNTUTORIAL/android.widget.FrameLayout' are matched.

2023-06-14 15:12:51 - [MESSAGE][PASSED] - Actual text and expected text of test object 'Object Repository/CPNTUTORIAL/android.widget.FrameLayout' are matched.

2023-06-14 15:12:51 - [TEST_STEP][PASSED] - tap(findTestObject("Object Repository/CPNTUTORIAL/android.widget.TextView - Siguiente (1)"), 500): Tapped on element 'Object Repository/CPNTUTORIAL/android.widget.TextView - Siguiente (1)'

2023-06-14 15:12:52 - [MESSAGE][PASSED] - Tapped on element 'Object Repository/CPNTUTORIAL/android.widget.TextView - Siguiente (1)'

2023-06-14 15:12:52 - [TEST_STEP][PASSED] - verifyElementText(findTestObject("CPNTUTORIAL/android.widget.FrameLayout"), ""): Actual text and expected text of test object 'Object Repository/CPNTUTORIAL/android.widget.FrameLayout' are matched.

2023-06-14 15:12:53 - [MESSAGE][PASSED] - Actual text and expected text of test object 'Object Repository/CPNTUTORIAL/android.widget.FrameLayout' are matched.

2023-06-14 15:12:53 - [TEST_STEP][PASSED] - tap(findTestObject("CPNTUTORIAL/android.widget.TextView - Siguiente (1)"), 500): Tapped on element 'Object Repository/CPNTUTORIAL/android.widget.TextView - Siguiente (1)'

2023-06-14 15:12:53 - [MESSAGE][PASSED] - Tapped on element 'Object Repository/CPNTUTORIAL/android.widget.TextView - Siguiente (1)'

2023-06-14 15:12:53 - [TEST_STEP][PASSED] - tap(findTestObject("CPNTUTORIAL/android.widget.TextView - Siguiente (1)"), 100): Tapped on element 'Object Repository/CPNTUTORIAL/android.widget.TextView - Siguiente (1)'

2023-06-14 15:12:54 - [MESSAGE][PASSED] - Tapped on element 'Object Repository/CPNTUTORIAL/android.widget.TextView - Siguiente (1)'

2023-06-14 15:12:54 - [TEST_STEP][PASSED] - verifyElementText(findTestObject("CPNTUTORIAL/android.widget.FrameLayout"), ""): Actual text and expected text of test object 'Object Repository/CPNTUTORIAL/android.widget.FrameLayout' are matched.

2023-06-14 15:12:55 - [MESSAGE][PASSED] - Actual text and expected text of test object 'Object Repository/CPNTUTORIAL/android.widget.FrameLayout' are matched.

2023-06-14 15:12:55 - [TEST_STEP][PASSED] - tap(findTestObject("CPNTUTORIAL/android.widget.TextView - Siguiente (1)"), 1): Tapped on element 'Object Repository/CPNTUTORIAL/android.widget.TextView - Siguiente (1)'

2023-06-14 15:12:55 - [MESSAGE][PASSED] - Tapped on element 'Object Repository/CPNTUTORIAL/android.widget.TextView - Siguiente (1)'

2023-06-14 15:12:55 - [TEST_STEP][PASSED] - verifyElementText(findTestObject("CPNTUTORIAL/android.widget.FrameLayout"), ""): Actual text and expected text of test object 'Object Repository/CPNTUTORIAL/android.widget.FrameLayout' are matched.

2023-06-14 15:12:56 - [MESSAGE][PASSED] - Actual text and expected text of test object 'Object Repository/CPNTUTORIAL/android.widget.FrameLayout' are matched.

2023-06-14 15:12:56 - [TEST_STEP][PASSED] - tap(findTestObject("Object Repository/CPNTUTORIAL/android.widget.TextView - Empezar"), 100): Tapped on element 'Object Repository/CPNTUTORIAL/android.widget.TextView - Empezar'

2023-06-14 15:12:56 - [MESSAGE][PASSED] - Tapped on element 'Object Repository/CPNTUTORIAL/android.widget.TextView - Empezar']]></system-out>
         <system-err><![CDATA[]]></system-err>
      </testcase>
      <testcase name="Test Cases/Abrir_App/CPN1" time="6.984" classname="Test Cases/Abrir_App/CPN1" status="PASSED">
         <system-out><![CDATA[2023-06-14 15:12:56 - [TEST_CASE][PASSED] - Test Cases/Abrir_App/CPN1: Test Cases/Abrir_App/CPN1

2023-06-14 15:12:57 - [TEST_STEP][PASSED] - pressBack(): Press back button successfully

2023-06-14 15:12:57 - [MESSAGE][PASSED] - Press back button successfully

2023-06-14 15:12:57 - [TEST_STEP][PASSED] - pressBack(): Press back button successfully

2023-06-14 15:12:58 - [MESSAGE][PASSED] - Press back button successfully

2023-06-14 15:12:58 - [TEST_STEP][PASSED] - toggleWifi("OFF", STOP_ON_FAILURE): Toggled wifi

2023-06-14 15:12:59 - [MESSAGE][PASSED] - Toggled wifi

2023-06-14 15:12:59 - [TEST_STEP][PASSED] - tap(findTestObject("Object Repository/Abrir_App/CPN1/android.widget.TextView - NapoleoN"), 3000): Tapped on element 'Object Repository/Abrir_App/CPN1/android.widget.TextView - NapoleoN'

2023-06-14 15:13:01 - [MESSAGE][PASSED] - Tapped on element 'Object Repository/Abrir_App/CPN1/android.widget.TextView - NapoleoN'

2023-06-14 15:13:01 - [TEST_STEP][PASSED] - delay(2): Delayed 2 second(s)

2023-06-14 15:13:03 - [MESSAGE][PASSED] - Delayed 2 second(s)

2023-06-14 15:13:03 - [TEST_STEP][PASSED] - toggleWifi("ON", STOP_ON_FAILURE): Toggled wifi

2023-06-14 15:13:03 - [MESSAGE][PASSED] - Toggled wifi]]></system-out>
         <system-err><![CDATA[]]></system-err>
      </testcase>
      <testcase name="Test Cases/Abrir_App/CPN2" time="5.023" classname="Test Cases/Abrir_App/CPN2" status="PASSED">
         <system-out><![CDATA[2023-06-14 15:13:03 - [TEST_CASE][PASSED] - Test Cases/Abrir_App/CPN2: Test Cases/Abrir_App/CPN2

2023-06-14 15:13:04 - [TEST_STEP][PASSED] - pressBack(): Press back button successfully

2023-06-14 15:13:04 - [MESSAGE][PASSED] - Press back button successfully

2023-06-14 15:13:04 - [TEST_STEP][PASSED] - pressBack(): Press back button successfully

2023-06-14 15:13:05 - [MESSAGE][PASSED] - Press back button successfully

2023-06-14 15:13:05 - [TEST_STEP][PASSED] - tap(findTestObject("Object Repository/CPN2/android.widget.TextView - NapoleoN"), 500): Tapped on element 'Object Repository/CPN2/android.widget.TextView - NapoleoN'

2023-06-14 15:13:05 - [MESSAGE][PASSED] - Tapped on element 'Object Repository/CPN2/android.widget.TextView - NapoleoN'

2023-06-14 15:13:05 - [TEST_STEP][PASSED] - toggleWifi("off", STOP_ON_FAILURE): Toggled wifi

2023-06-14 15:13:06 - [MESSAGE][PASSED] - Toggled wifi

2023-06-14 15:13:06 - [TEST_STEP][PASSED] - delay(2, STOP_ON_FAILURE): Delayed 2 second(s)

2023-06-14 15:13:08 - [MESSAGE][PASSED] - Delayed 2 second(s)]]></system-out>
         <system-err><![CDATA[]]></system-err>
      </testcase>
      <testcase name="Test Cases/Abrir_App/CPN3" time="17.112" classname="Test Cases/Abrir_App/CPN3" status="PASSED">
         <system-out><![CDATA[2023-06-14 15:13:08 - [TEST_CASE][PASSED] - Test Cases/Abrir_App/CPN3: Test Cases/Abrir_App/CPN3

2023-06-14 15:13:09 - [TEST_STEP][PASSED] - pressBack(): Press back button successfully

2023-06-14 15:13:09 - [MESSAGE][PASSED] - Press back button successfully

2023-06-14 15:13:09 - [TEST_STEP][PASSED] - pressBack(): Press back button successfully

2023-06-14 15:13:10 - [MESSAGE][PASSED] - Press back button successfully

2023-06-14 15:13:10 - [TEST_STEP][PASSED] - toggleWifi("ON", STOP_ON_FAILURE): Toggled wifi

2023-06-14 15:13:11 - [MESSAGE][PASSED] - Toggled wifi

2023-06-14 15:13:11 - [TEST_STEP][PASSED] - delay(4): Delayed 4 second(s)

2023-06-14 15:13:15 - [MESSAGE][PASSED] - Delayed 4 second(s)

2023-06-14 15:13:15 - [TEST_STEP][PASSED] - toggleWifi("OFF", STOP_ON_FAILURE): Toggled wifi

2023-06-14 15:13:16 - [MESSAGE][PASSED] - Toggled wifi

2023-06-14 15:13:16 - [TEST_STEP][PASSED] - tap(findTestObject("Abrir_App/CPN1/android.widget.TextView - NapoleoN"), 0): Tapped on element 'Object Repository/Abrir_App/CPN1/android.widget.TextView - NapoleoN'

2023-06-14 15:13:16 - [MESSAGE][WARNING] - Timeout '0' is invalid. Using default page load timeout: '30'

2023-06-14 15:13:16 - [MESSAGE][PASSED] - Tapped on element 'Object Repository/Abrir_App/CPN1/android.widget.TextView - NapoleoN'

2023-06-14 15:13:16 - [TEST_STEP][PASSED] - tap(findTestObject("Abrir_App/CPN3/android.widget.Button - Crear Cuenta"), 0): Tapped on element 'Object Repository/Abrir_App/CPN3/android.widget.Button - Crear Cuenta'

2023-06-14 15:13:16 - [MESSAGE][WARNING] - Timeout '0' is invalid. Using default page load timeout: '30'

2023-06-14 15:13:18 - [MESSAGE][PASSED] - Tapped on element 'Object Repository/Abrir_App/CPN3/android.widget.Button - Crear Cuenta'

2023-06-14 15:13:18 - [TEST_STEP][PASSED] - delay(3): Delayed 3 second(s)

2023-06-14 15:13:21 - [MESSAGE][PASSED] - Delayed 3 second(s)

2023-06-14 15:13:21 - [TEST_STEP][PASSED] - tap(findTestObject("Object Repository/Abrir_App/CPN3/android.widget.Button - Enviar cdigo de registro"), 0): Tapped on element 'Object Repository/Abrir_App/CPN3/android.widget.Button - Enviar cdigo de registro'

2023-06-14 15:13:21 - [MESSAGE][WARNING] - Timeout '0' is invalid. Using default page load timeout: '30'

2023-06-14 15:13:22 - [MESSAGE][PASSED] - Tapped on element 'Object Repository/Abrir_App/CPN3/android.widget.Button - Enviar cdigo de registro'

2023-06-14 15:13:22 - [TEST_STEP][PASSED] - verifyElementVisible(findTestObject("Object Repository/Abrir_App/CPN3/android.widget.FrameLayout"), 0): Element 'Object Repository/Abrir_App/CPN3/android.widget.FrameLayout' is visible

2023-06-14 15:13:22 - [MESSAGE][WARNING] - Timeout '0' is invalid. Using default page load timeout: '30'

2023-06-14 15:13:24 - [MESSAGE][PASSED] - Element 'Object Repository/Abrir_App/CPN3/android.widget.FrameLayout' is visible

2023-06-14 15:13:24 - [TEST_STEP][PASSED] - tap(findTestObject("Object Repository/Abrir_App/CPN3/android.widget.Button - OK"), 0): Tapped on element 'Object Repository/Abrir_App/CPN3/android.widget.Button - OK'

2023-06-14 15:13:24 - [MESSAGE][WARNING] - Timeout '0' is invalid. Using default page load timeout: '30'

2023-06-14 15:13:25 - [MESSAGE][PASSED] - Tapped on element 'Object Repository/Abrir_App/CPN3/android.widget.Button - OK'

2023-06-14 15:13:25 - [TEST_STEP][PASSED] - toggleWifi("ON", STOP_ON_FAILURE): Toggled wifi

2023-06-14 15:13:26 - [MESSAGE][PASSED] - Toggled wifi]]></system-out>
         <system-err><![CDATA[]]></system-err>
      </testcase>
      <testcase name="Test Cases/INICIA_SESION_APODO_INEXISTENTE3.1/CPN21" time="25.351" classname="Test Cases/INICIA_SESION_APODO_INEXISTENTE3.1/CPN21" status="PASSED">
         <system-out><![CDATA[2023-06-14 15:13:26 - [TEST_CASE][PASSED] - Test Cases/INICIA_SESION_APODO_INEXISTENTE3.1/CPN21: Test Cases/INICIA_SESION_APODO_INEXISTENTE3.1/CPN21

2023-06-14 15:13:26 - [TEST_STEP][PASSED] - delay(3): Delayed 3 second(s)

2023-06-14 15:13:29 - [MESSAGE][PASSED] - Delayed 3 second(s)

2023-06-14 15:13:29 - [TEST_STEP][PASSED] - tap(findTestObject("Object Repository/INICIA_SESION_APODO_INEXISTENTE/CPN21/android.widget.ImageButton"), 1): Tapped on element 'Object Repository/INICIA_SESION_APODO_INEXISTENTE/CPN21/android.widget.ImageButton'

2023-06-14 15:13:29 - [MESSAGE][PASSED] - Tapped on element 'Object Repository/INICIA_SESION_APODO_INEXISTENTE/CPN21/android.widget.ImageButton'

2023-06-14 15:13:29 - [TEST_STEP][PASSED] - tap(findTestObject("Object Repository/INICIA_SESION_APODO_INEXISTENTE/CPN21/android.widget.TextView - Iniciar sesin"), 1): Tapped on element 'Object Repository/INICIA_SESION_APODO_INEXISTENTE/CPN21/android.widget.TextView - Iniciar sesin'

2023-06-14 15:13:30 - [MESSAGE][PASSED] - Tapped on element 'Object Repository/INICIA_SESION_APODO_INEXISTENTE/CPN21/android.widget.TextView - Iniciar sesin'

2023-06-14 15:13:30 - [TEST_STEP][PASSED] - verifyElementText(findTestObject("Object Repository/INICIA_SESION_APODO_INEXISTENTE/CPN21/android.widget.TextView - Recuperar Cuenta"), "Recuperar Cuenta"): Actual text and expected text of test object 'Object Repository/INICIA_SESION_APODO_INEXISTENTE/CPN21/android.widget.TextView - Recuperar Cuenta' are matched.

2023-06-14 15:13:32 - [MESSAGE][PASSED] - Actual text and expected text of test object 'Object Repository/INICIA_SESION_APODO_INEXISTENTE/CPN21/android.widget.TextView - Recuperar Cuenta' are matched.

2023-06-14 15:13:32 - [TEST_STEP][PASSED] - tap(findTestObject("Object Repository/INICIA_SESION_APODO_INEXISTENTE/CPN21/android.widget.EditText - Apodo"), 1): Tapped on element 'Object Repository/INICIA_SESION_APODO_INEXISTENTE/CPN21/android.widget.EditText - Apodo'

2023-06-14 15:13:32 - [MESSAGE][PASSED] - Tapped on element 'Object Repository/INICIA_SESION_APODO_INEXISTENTE/CPN21/android.widget.EditText - Apodo'

2023-06-14 15:13:32 - [TEST_STEP][PASSED] - setText(findTestObject("Object Repository/INICIA_SESION_APODO_INEXISTENTE/CPN21/android.widget.EditText - Apodo (1)"), "AUTOMATIZACION", 0): Text 'AUTOMATIZACION' has been set to element 'Object Repository/INICIA_SESION_APODO_INEXISTENTE/CPN21/android.widget.EditText - Apodo (1)'

2023-06-14 15:13:32 - [MESSAGE][WARNING] - Timeout '0' is invalid. Using default page load timeout: '30'

2023-06-14 15:13:36 - [MESSAGE][PASSED] - Text 'AUTOMATIZACION' has been set to element 'Object Repository/INICIA_SESION_APODO_INEXISTENTE/CPN21/android.widget.EditText - Apodo (1)'

2023-06-14 15:13:36 - [TEST_STEP][PASSED] - hideKeyboard(): Keyboard is hidden

2023-06-14 15:13:38 - [MESSAGE][PASSED] - Keyboard is hidden

2023-06-14 15:13:38 - [TEST_STEP][PASSED] - tap(findTestObject("Object Repository/INICIA_SESION_APODO_INEXISTENTE/CPN21/android.widget.Button - Recuperar"), 1): Tapped on element 'Object Repository/INICIA_SESION_APODO_INEXISTENTE/CPN21/android.widget.Button - Recuperar'

2023-06-14 15:13:38 - [MESSAGE][PASSED] - Tapped on element 'Object Repository/INICIA_SESION_APODO_INEXISTENTE/CPN21/android.widget.Button - Recuperar'

2023-06-14 15:13:38 - [TEST_STEP][PASSED] - tap(findTestObject("Object Repository/INICIA_SESION_APODO_INEXISTENTE/CPN21/android.widget.RadioButton - No eleg esta pregunta"), 400): Tapped on element 'Object Repository/INICIA_SESION_APODO_INEXISTENTE/CPN21/android.widget.RadioButton - No eleg esta pregunta'

2023-06-14 15:13:41 - [MESSAGE][PASSED] - Tapped on element 'Object Repository/INICIA_SESION_APODO_INEXISTENTE/CPN21/android.widget.RadioButton - No eleg esta pregunta'

2023-06-14 15:13:41 - [TEST_STEP][PASSED] - tap(findTestObject("Object Repository/INICIA_SESION_APODO_INEXISTENTE/CPN21/android.widget.Button - Siguiente"), 200): Tapped on element 'Object Repository/INICIA_SESION_APODO_INEXISTENTE/CPN21/android.widget.Button - Siguiente'

2023-06-14 15:13:42 - [MESSAGE][PASSED] - Tapped on element 'Object Repository/INICIA_SESION_APODO_INEXISTENTE/CPN21/android.widget.Button - Siguiente'

2023-06-14 15:13:42 - [TEST_STEP][PASSED] - tap(findTestObject("Object Repository/INICIA_SESION_APODO_INEXISTENTE/CPN21/android.widget.Button - Siguiente (1)"), 200): Tapped on element 'Object Repository/INICIA_SESION_APODO_INEXISTENTE/CPN21/android.widget.Button - Siguiente (1)'

2023-06-14 15:13:42 - [MESSAGE][PASSED] - Tapped on element 'Object Repository/INICIA_SESION_APODO_INEXISTENTE/CPN21/android.widget.Button - Siguiente (1)'

2023-06-14 15:13:42 - [TEST_STEP][PASSED] - tap(findTestObject("Object Repository/INICIA_SESION_APODO_INEXISTENTE/CPN21/android.widget.RadioGroup"), 100): Tapped on element 'Object Repository/INICIA_SESION_APODO_INEXISTENTE/CPN21/android.widget.RadioGroup'

2023-06-14 15:13:43 - [MESSAGE][PASSED] - Tapped on element 'Object Repository/INICIA_SESION_APODO_INEXISTENTE/CPN21/android.widget.RadioGroup'

2023-06-14 15:13:43 - [TEST_STEP][PASSED] - tap(findTestObject("INICIA_SESION_APODO_INEXISTENTE/CPN21/android.widget.Button - Siguiente (1)"), 200): Tapped on element 'Object Repository/INICIA_SESION_APODO_INEXISTENTE/CPN21/android.widget.Button - Siguiente (1)'

2023-06-14 15:13:44 - [MESSAGE][PASSED] - Tapped on element 'Object Repository/INICIA_SESION_APODO_INEXISTENTE/CPN21/android.widget.Button - Siguiente (1)'

2023-06-14 15:13:44 - [TEST_STEP][PASSED] - tap(findTestObject("Object Repository/INICIA_SESION_APODO_INEXISTENTE/CPN21/android.widget.RadioGroup (1)"), 1): Tapped on element 'Object Repository/INICIA_SESION_APODO_INEXISTENTE/CPN21/android.widget.RadioGroup (1)'

2023-06-14 15:13:45 - [MESSAGE][PASSED] - Tapped on element 'Object Repository/INICIA_SESION_APODO_INEXISTENTE/CPN21/android.widget.RadioGroup (1)'

2023-06-14 15:13:45 - [TEST_STEP][PASSED] - tap(findTestObject("INICIA_SESION_APODO_INEXISTENTE/CPN21/android.widget.Button - Siguiente (1)"), 100): Tapped on element 'Object Repository/INICIA_SESION_APODO_INEXISTENTE/CPN21/android.widget.Button - Siguiente (1)'

2023-06-14 15:13:45 - [MESSAGE][PASSED] - Tapped on element 'Object Repository/INICIA_SESION_APODO_INEXISTENTE/CPN21/android.widget.Button - Siguiente (1)'

2023-06-14 15:13:45 - [TEST_STEP][PASSED] - tap(findTestObject("INICIA_SESION_APODO_INEXISTENTE/CPN21/android.widget.Button - Siguiente (1)"), 400): Tapped on element 'Object Repository/INICIA_SESION_APODO_INEXISTENTE/CPN21/android.widget.Button - Siguiente (1)'

2023-06-14 15:13:46 - [MESSAGE][PASSED] - Tapped on element 'Object Repository/INICIA_SESION_APODO_INEXISTENTE/CPN21/android.widget.Button - Siguiente (1)'

2023-06-14 15:13:46 - [TEST_STEP][PASSED] - tap(findTestObject("INICIA_SESION_APODO_INEXISTENTE/CPN21/android.widget.RadioGroup (1)"), 200): Tapped on element 'Object Repository/INICIA_SESION_APODO_INEXISTENTE/CPN21/android.widget.RadioGroup (1)'

2023-06-14 15:13:47 - [MESSAGE][PASSED] - Tapped on element 'Object Repository/INICIA_SESION_APODO_INEXISTENTE/CPN21/android.widget.RadioGroup (1)'

2023-06-14 15:13:47 - [TEST_STEP][PASSED] - tap(findTestObject("INICIA_SESION_APODO_INEXISTENTE/CPN21/android.widget.Button - Siguiente (1)"), 400): Tapped on element 'Object Repository/INICIA_SESION_APODO_INEXISTENTE/CPN21/android.widget.Button - Siguiente (1)'

2023-06-14 15:13:47 - [MESSAGE][PASSED] - Tapped on element 'Object Repository/INICIA_SESION_APODO_INEXISTENTE/CPN21/android.widget.Button - Siguiente (1)'

2023-06-14 15:13:47 - [TEST_STEP][PASSED] - tap(findTestObject("INICIA_SESION_APODO_INEXISTENTE/CPN21/android.widget.RadioGroup (1)"), 400): Tapped on element 'Object Repository/INICIA_SESION_APODO_INEXISTENTE/CPN21/android.widget.RadioGroup (1)'

2023-06-14 15:13:48 - [MESSAGE][PASSED] - Tapped on element 'Object Repository/INICIA_SESION_APODO_INEXISTENTE/CPN21/android.widget.RadioGroup (1)'

2023-06-14 15:13:48 - [TEST_STEP][PASSED] - tap(findTestObject("Object Repository/INICIA_SESION_APODO_INEXISTENTE/CPN21/android.widget.Button - Finalizar"), 200): Tapped on element 'Object Repository/INICIA_SESION_APODO_INEXISTENTE/CPN21/android.widget.Button - Finalizar'

2023-06-14 15:13:49 - [MESSAGE][PASSED] - Tapped on element 'Object Repository/INICIA_SESION_APODO_INEXISTENTE/CPN21/android.widget.Button - Finalizar'

2023-06-14 15:13:49 - [TEST_STEP][PASSED] - verifyElementVisible(findTestObject("Object Repository/INICIA_SESION_APODO_INEXISTENTE/CPN21/androidx.appcompat.widget.LinearLayoutCompat"), 200): Element 'Object Repository/INICIA_SESION_APODO_INEXISTENTE/CPN21/androidx.appcompat.widget.LinearLayoutCompat' is visible

2023-06-14 15:13:51 - [MESSAGE][PASSED] - Element 'Object Repository/INICIA_SESION_APODO_INEXISTENTE/CPN21/androidx.appcompat.widget.LinearLayoutCompat' is visible

2023-06-14 15:13:51 - [TEST_STEP][PASSED] - tap(findTestObject("Object Repository/INICIA_SESION_APODO_INEXISTENTE/CPN21/android.widget.Button - Cerrar"), 200): Tapped on element 'Object Repository/INICIA_SESION_APODO_INEXISTENTE/CPN21/android.widget.Button - Cerrar'

2023-06-14 15:13:51 - [MESSAGE][PASSED] - Tapped on element 'Object Repository/INICIA_SESION_APODO_INEXISTENTE/CPN21/android.widget.Button - Cerrar']]></system-out>
         <system-err><![CDATA[]]></system-err>
      </testcase>
      <testcase name="Test Cases/INICIA_SESION_APODO_EXISTENTE3.2/CPN22" time="19.631" classname="Test Cases/INICIA_SESION_APODO_EXISTENTE3.2/CPN22" status="PASSED">
         <system-out><![CDATA[2023-06-14 15:13:51 - [TEST_CASE][PASSED] - Test Cases/INICIA_SESION_APODO_EXISTENTE3.2/CPN22: Test Cases/INICIA_SESION_APODO_EXISTENTE3.2/CPN22

2023-06-14 15:13:51 - [TEST_STEP][PASSED] - tap(findTestObject("Object Repository/INICIA_SESION_APODO_EXISTENTE/CPN22/android.widget.EditText - Apodo"), 1): Tapped on element 'Object Repository/INICIA_SESION_APODO_EXISTENTE/CPN22/android.widget.EditText - Apodo'

2023-06-14 15:13:54 - [MESSAGE][PASSED] - Tapped on element 'Object Repository/INICIA_SESION_APODO_EXISTENTE/CPN22/android.widget.EditText - Apodo'

2023-06-14 15:13:54 - [TEST_STEP][PASSED] - setText(findTestObject("Object Repository/INICIA_SESION_APODO_EXISTENTE/CPN22/android.widget.EditText - Apodo (1)"), "EDWIN_1324", 0): Text 'EDWIN_1324' has been set to element 'Object Repository/INICIA_SESION_APODO_EXISTENTE/CPN22/android.widget.EditText - Apodo (1)'

2023-06-14 15:13:54 - [MESSAGE][WARNING] - Timeout '0' is invalid. Using default page load timeout: '30'

2023-06-14 15:13:55 - [MESSAGE][PASSED] - Text 'EDWIN_1324' has been set to element 'Object Repository/INICIA_SESION_APODO_EXISTENTE/CPN22/android.widget.EditText - Apodo (1)'

2023-06-14 15:13:55 - [TEST_STEP][PASSED] - hideKeyboard(): Keyboard is hidden

2023-06-14 15:13:57 - [MESSAGE][PASSED] - Keyboard is hidden

2023-06-14 15:13:57 - [TEST_STEP][PASSED] - tap(findTestObject("Object Repository/INICIA_SESION_APODO_EXISTENTE/CPN22/android.widget.Button - Recuperar"), 100): Tapped on element 'Object Repository/INICIA_SESION_APODO_EXISTENTE/CPN22/android.widget.Button - Recuperar'

2023-06-14 15:13:58 - [MESSAGE][PASSED] - Tapped on element 'Object Repository/INICIA_SESION_APODO_EXISTENTE/CPN22/android.widget.Button - Recuperar'

2023-06-14 15:13:58 - [TEST_STEP][PASSED] - tap(findTestObject("INICIA_SESION_APODO_EXISTENTE/CPN22/android.widget.RadioGroup"), 100): Tapped on element 'Object Repository/INICIA_SESION_APODO_EXISTENTE/CPN22/android.widget.RadioGroup'

2023-06-14 15:13:59 - [MESSAGE][PASSED] - Tapped on element 'Object Repository/INICIA_SESION_APODO_EXISTENTE/CPN22/android.widget.RadioGroup'

2023-06-14 15:13:59 - [TEST_STEP][PASSED] - tap(findTestObject("Object Repository/INICIA_SESION_APODO_EXISTENTE/CPN22/android.widget.Button - Siguiente"), 100): Tapped on element 'Object Repository/INICIA_SESION_APODO_EXISTENTE/CPN22/android.widget.Button - Siguiente'

2023-06-14 15:14:00 - [MESSAGE][PASSED] - Tapped on element 'Object Repository/INICIA_SESION_APODO_EXISTENTE/CPN22/android.widget.Button - Siguiente'

2023-06-14 15:14:00 - [TEST_STEP][PASSED] - tap(findTestObject("Object Repository/INICIA_SESION_APODO_EXISTENTE/CPN22/android.widget.Button - Siguiente (1)"), 100): Tapped on element 'Object Repository/INICIA_SESION_APODO_EXISTENTE/CPN22/android.widget.Button - Siguiente (1)'

2023-06-14 15:14:01 - [MESSAGE][PASSED] - Tapped on element 'Object Repository/INICIA_SESION_APODO_EXISTENTE/CPN22/android.widget.Button - Siguiente (1)'

2023-06-14 15:14:01 - [TEST_STEP][PASSED] - tap(findTestObject("Object Repository/INICIA_SESION_APODO_EXISTENTE/CPN22/android.widget.RadioGroup (1)"), 100): Tapped on element 'Object Repository/INICIA_SESION_APODO_EXISTENTE/CPN22/android.widget.RadioGroup (1)'

2023-06-14 15:14:01 - [MESSAGE][PASSED] - Tapped on element 'Object Repository/INICIA_SESION_APODO_EXISTENTE/CPN22/android.widget.RadioGroup (1)'

2023-06-14 15:14:01 - [TEST_STEP][PASSED] - tap(findTestObject("INICIA_SESION_APODO_EXISTENTE/CPN22/android.widget.Button - Siguiente (1)"), 100): Tapped on element 'Object Repository/INICIA_SESION_APODO_EXISTENTE/CPN22/android.widget.Button - Siguiente (1)'

2023-06-14 15:14:03 - [MESSAGE][PASSED] - Tapped on element 'Object Repository/INICIA_SESION_APODO_EXISTENTE/CPN22/android.widget.Button - Siguiente (1)'

2023-06-14 15:14:03 - [TEST_STEP][PASSED] - tap(findTestObject("Object Repository/INICIA_SESION_APODO_EXISTENTE/CPN22/android.widget.RadioButton - No eleg esta pregunta"), 100): Tapped on element 'Object Repository/INICIA_SESION_APODO_EXISTENTE/CPN22/android.widget.RadioButton - No eleg esta pregunta'

2023-06-14 15:14:03 - [MESSAGE][PASSED] - Tapped on element 'Object Repository/INICIA_SESION_APODO_EXISTENTE/CPN22/android.widget.RadioButton - No eleg esta pregunta'

2023-06-14 15:14:03 - [TEST_STEP][PASSED] - tap(findTestObject("INICIA_SESION_APODO_EXISTENTE/CPN22/android.widget.Button - Siguiente (1)"), 100): Tapped on element 'Object Repository/INICIA_SESION_APODO_EXISTENTE/CPN22/android.widget.Button - Siguiente (1)'

2023-06-14 15:14:04 - [MESSAGE][PASSED] - Tapped on element 'Object Repository/INICIA_SESION_APODO_EXISTENTE/CPN22/android.widget.Button - Siguiente (1)'

2023-06-14 15:14:04 - [TEST_STEP][PASSED] - tap(findTestObject("INICIA_SESION_APODO_EXISTENTE/CPN22/android.widget.RadioGroup"), 100): Tapped on element 'Object Repository/INICIA_SESION_APODO_EXISTENTE/CPN22/android.widget.RadioGroup'

2023-06-14 15:14:05 - [MESSAGE][PASSED] - Tapped on element 'Object Repository/INICIA_SESION_APODO_EXISTENTE/CPN22/android.widget.RadioGroup'

2023-06-14 15:14:05 - [TEST_STEP][PASSED] - tap(findTestObject("INICIA_SESION_APODO_EXISTENTE/CPN22/android.widget.Button - Siguiente (1)"), 100): Tapped on element 'Object Repository/INICIA_SESION_APODO_EXISTENTE/CPN22/android.widget.Button - Siguiente (1)'

2023-06-14 15:14:06 - [MESSAGE][PASSED] - Tapped on element 'Object Repository/INICIA_SESION_APODO_EXISTENTE/CPN22/android.widget.Button - Siguiente (1)'

2023-06-14 15:14:06 - [TEST_STEP][PASSED] - tap(findTestObject("INICIA_SESION_APODO_EXISTENTE/CPN22/android.widget.RadioGroup"), 100): Tapped on element 'Object Repository/INICIA_SESION_APODO_EXISTENTE/CPN22/android.widget.RadioGroup'

2023-06-14 15:14:06 - [MESSAGE][PASSED] - Tapped on element 'Object Repository/INICIA_SESION_APODO_EXISTENTE/CPN22/android.widget.RadioGroup'

2023-06-14 15:14:06 - [TEST_STEP][PASSED] - tap(findTestObject("Object Repository/INICIA_SESION_APODO_EXISTENTE/CPN22/android.widget.Button - Finalizar"), 100): Tapped on element 'Object Repository/INICIA_SESION_APODO_EXISTENTE/CPN22/android.widget.Button - Finalizar'

2023-06-14 15:14:07 - [MESSAGE][PASSED] - Tapped on element 'Object Repository/INICIA_SESION_APODO_EXISTENTE/CPN22/android.widget.Button - Finalizar'

2023-06-14 15:14:07 - [TEST_STEP][PASSED] - verifyElementVisible(findTestObject("Object Repository/INICIA_SESION_APODO_EXISTENTE/CPN22/androidx.appcompat.widget.LinearLayoutCompat"), 100): Element 'Object Repository/INICIA_SESION_APODO_EXISTENTE/CPN22/androidx.appcompat.widget.LinearLayoutCompat' is visible

2023-06-14 15:14:08 - [MESSAGE][PASSED] - Element 'Object Repository/INICIA_SESION_APODO_EXISTENTE/CPN22/androidx.appcompat.widget.LinearLayoutCompat' is visible

2023-06-14 15:14:08 - [TEST_STEP][PASSED] - tap(findTestObject("Object Repository/INICIA_SESION_APODO_EXISTENTE/CPN22/android.widget.Button - Cerrar"), 100): Tapped on element 'Object Repository/INICIA_SESION_APODO_EXISTENTE/CPN22/android.widget.Button - Cerrar'

2023-06-14 15:14:09 - [MESSAGE][PASSED] - Tapped on element 'Object Repository/INICIA_SESION_APODO_EXISTENTE/CPN22/android.widget.Button - Cerrar'

2023-06-14 15:14:09 - [TEST_STEP][PASSED] - tap(findTestObject("Object Repository/INICIA_SESION_APODO_EXISTENTE/CPN22/android.widget.ImageButton"), 100): Tapped on element 'Object Repository/INICIA_SESION_APODO_EXISTENTE/CPN22/android.widget.ImageButton'

2023-06-14 15:14:11 - [MESSAGE][PASSED] - Tapped on element 'Object Repository/INICIA_SESION_APODO_EXISTENTE/CPN22/android.widget.ImageButton']]></system-out>
         <system-err><![CDATA[]]></system-err>
      </testcase>
      <testcase name="Test Cases/Abrir_App/CPN4" time="7.04" classname="Test Cases/Abrir_App/CPN4" status="PASSED">
         <system-out><![CDATA[2023-06-14 15:14:11 - [TEST_CASE][PASSED] - Test Cases/Abrir_App/CPN4: Test Cases/Abrir_App/CPN4

2023-06-14 15:14:11 - [TEST_STEP][PASSED] - toggleWifi("off", STOP_ON_FAILURE): Toggled wifi

2023-06-14 15:14:12 - [MESSAGE][PASSED] - Toggled wifi

2023-06-14 15:14:12 - [TEST_STEP][PASSED] - toggleWifi("on", STOP_ON_FAILURE): Toggled wifi

2023-06-14 15:14:13 - [MESSAGE][PASSED] - Toggled wifi

2023-06-14 15:14:13 - [TEST_STEP][PASSED] - delay(5): Delayed 5 second(s)

2023-06-14 15:14:18 - [MESSAGE][PASSED] - Delayed 5 second(s)]]></system-out>
         <system-err><![CDATA[]]></system-err>
      </testcase>
      <testcase name="Test Cases/Crear cuenta/CPN5" time="7.236" classname="Test Cases/Crear cuenta/CPN5" status="PASSED">
         <system-out><![CDATA[2023-06-14 15:14:18 - [TEST_CASE][PASSED] - Test Cases/Crear cuenta/CPN5: Test Cases/Crear cuenta/CPN5

2023-06-14 15:14:18 - [TEST_STEP][PASSED] - tap(findTestObject("Object Repository/Crear_cuenta/CPN5/android.widget.Button - Crear Cuenta"), 100): Tapped on element 'Object Repository/Crear_cuenta/CPN5/android.widget.Button - Crear Cuenta'

2023-06-14 15:14:18 - [MESSAGE][PASSED] - Tapped on element 'Object Repository/Crear_cuenta/CPN5/android.widget.Button - Crear Cuenta'

2023-06-14 15:14:18 - [TEST_STEP][PASSED] - verifyElementText(findTestObject("Crear_cuenta/CPN5/android.widget.FrameLayout"), ""): Actual text and expected text of test object 'Object Repository/Crear_cuenta/CPN5/android.widget.FrameLayout' are matched.

2023-06-14 15:14:19 - [MESSAGE][PASSED] - Actual text and expected text of test object 'Object Repository/Crear_cuenta/CPN5/android.widget.FrameLayout' are matched.

2023-06-14 15:14:19 - [TEST_STEP][PASSED] - tap(findTestObject("Object Repository/Crear_cuenta/CPN5/android.widget.Button - Enviar cdigo de registro"), 200): Tapped on element 'Object Repository/Crear_cuenta/CPN5/android.widget.Button - Enviar cdigo de registro'

2023-06-14 15:14:19 - [MESSAGE][PASSED] - Tapped on element 'Object Repository/Crear_cuenta/CPN5/android.widget.Button - Enviar cdigo de registro'

2023-06-14 15:14:19 - [TEST_STEP][PASSED] - verifyElementText(findTestObject("Object Repository/Crear_cuenta/CPN5/android.widget.TextView - Bienvenido a NapoleoN Chat"), "Bienvenido a NapoleoN Chat"): Actual text and expected text of test object 'Object Repository/Crear_cuenta/CPN5/android.widget.TextView - Bienvenido a NapoleoN Chat' are matched.

2023-06-14 15:14:25 - [MESSAGE][PASSED] - Actual text and expected text of test object 'Object Repository/Crear_cuenta/CPN5/android.widget.TextView - Bienvenido a NapoleoN Chat' are matched.

2023-06-14 15:14:25 - [TEST_STEP][PASSED] - verifyElementVisible(findTestObject("Object Repository/Crear_cuenta/CPN5/android.widget.LinearLayout"), 100): Element 'Object Repository/Crear_cuenta/CPN5/android.widget.LinearLayout' is visible

2023-06-14 15:14:25 - [MESSAGE][PASSED] - Element 'Object Repository/Crear_cuenta/CPN5/android.widget.LinearLayout' is visible]]></system-out>
         <system-err><![CDATA[]]></system-err>
      </testcase>
      <testcase name="Test Cases/Crear cuenta/CPN6-7" time="30.031" classname="Test Cases/Crear cuenta/CPN6-7" status="PASSED">
         <system-out><![CDATA[2023-06-14 15:14:25 - [TEST_CASE][PASSED] - Test Cases/Crear cuenta/CPN6-7: Test Cases/Crear cuenta/CPN6-7

2023-06-14 15:14:25 - [TEST_STEP][PASSED] - verifyElementVisible(findTestObject("Crear_cuenta/CPN6-7/android.widget.LinearLayout"), 1): Element 'Object Repository/Crear_cuenta/CPN6-7/android.widget.LinearLayout' is visible

2023-06-14 15:14:26 - [MESSAGE][PASSED] - Element 'Object Repository/Crear_cuenta/CPN6-7/android.widget.LinearLayout' is visible

2023-06-14 15:14:26 - [TEST_STEP][PASSED] - tap(findTestObject("Object Repository/Crear_cuenta/CPN6-7/android.widget.Button - Reenviar cdigo"), 1): Tapped on element 'Object Repository/Crear_cuenta/CPN6-7/android.widget.Button - Reenviar cdigo'

2023-06-14 15:14:26 - [MESSAGE][PASSED] - Tapped on element 'Object Repository/Crear_cuenta/CPN6-7/android.widget.Button - Reenviar cdigo'

2023-06-14 15:14:26 - [TEST_STEP][PASSED] - delay(1): Delayed 1 second(s)

2023-06-14 15:14:27 - [MESSAGE][PASSED] - Delayed 1 second(s)

2023-06-14 15:14:27 - [TEST_STEP][PASSED] - verifyElementVisible(findTestObject("Crear_cuenta/CPN6-7/android.widget.LinearLayout"), 1): Element 'Object Repository/Crear_cuenta/CPN6-7/android.widget.LinearLayout' is visible

2023-06-14 15:14:29 - [MESSAGE][PASSED] - Element 'Object Repository/Crear_cuenta/CPN6-7/android.widget.LinearLayout' is visible

2023-06-14 15:14:29 - [TEST_STEP][PASSED] - tap(findTestObject("Crear_cuenta/CPN6-7/android.widget.Button - Reenviar cdigo (1)"), 1): Tapped on element 'Object Repository/Crear_cuenta/CPN6-7/android.widget.Button - Reenviar cdigo (1)'

2023-06-14 15:14:29 - [MESSAGE][PASSED] - Tapped on element 'Object Repository/Crear_cuenta/CPN6-7/android.widget.Button - Reenviar cdigo (1)'

2023-06-14 15:14:29 - [TEST_STEP][PASSED] - delay(24): Delayed 24 second(s)

2023-06-14 15:14:53 - [MESSAGE][PASSED] - Delayed 24 second(s)

2023-06-14 15:14:53 - [TEST_STEP][PASSED] - delay(1): Delayed 1 second(s)

2023-06-14 15:14:54 - [MESSAGE][PASSED] - Delayed 1 second(s)

2023-06-14 15:14:54 - [TEST_STEP][PASSED] - tap(findTestObject("Crear_cuenta/CPN6-7/android.widget.Button - Reenviar cdigo (1)"), 1): Tapped on element 'Object Repository/Crear_cuenta/CPN6-7/android.widget.Button - Reenviar cdigo (1)'

2023-06-14 15:14:55 - [MESSAGE][PASSED] - Tapped on element 'Object Repository/Crear_cuenta/CPN6-7/android.widget.Button - Reenviar cdigo (1)']]></system-out>
         <system-err><![CDATA[]]></system-err>
      </testcase>
      <testcase name="Test Cases/Crear cuenta/CPN9" time="13.936" classname="Test Cases/Crear cuenta/CPN9" status="PASSED">
         <system-out><![CDATA[2023-06-14 15:14:55 - [TEST_CASE][PASSED] - Test Cases/Crear cuenta/CPN9: Test Cases/Crear cuenta/CPN9

2023-06-14 15:14:55 - [TEST_STEP][PASSED] - tap(findTestObject("Object Repository/Crear_cuenta/CPN9/android.widget.Button - Continuar"), 0): Tapped on element 'Object Repository/Crear_cuenta/CPN9/android.widget.Button - Continuar'

2023-06-14 15:14:55 - [MESSAGE][WARNING] - Timeout '0' is invalid. Using default page load timeout: '30'

2023-06-14 15:14:58 - [MESSAGE][PASSED] - Tapped on element 'Object Repository/Crear_cuenta/CPN9/android.widget.Button - Continuar'

2023-06-14 15:14:58 - [TEST_STEP][PASSED] - delay(2, STOP_ON_FAILURE): Delayed 2 second(s)

2023-06-14 15:15:00 - [MESSAGE][PASSED] - Delayed 2 second(s)

2023-06-14 15:15:00 - [TEST_STEP][PASSED] - verifyElementText(findTestObject("Object Repository/Crear_cuenta/CPN9/android.view.ViewGroup"), ""): Actual text and expected text of test object 'Object Repository/Crear_cuenta/CPN9/android.view.ViewGroup' are matched.

2023-06-14 15:15:02 - [MESSAGE][PASSED] - Actual text and expected text of test object 'Object Repository/Crear_cuenta/CPN9/android.view.ViewGroup' are matched.

2023-06-14 15:15:02 - [TEST_STEP][PASSED] - tap(findTestObject("Object Repository/Crear_cuenta/CPN9/android.widget.EditText - Apodo"), 0): Tapped on element 'Object Repository/Crear_cuenta/CPN9/android.widget.EditText - Apodo'

2023-06-14 15:15:02 - [MESSAGE][WARNING] - Timeout '0' is invalid. Using default page load timeout: '30'

2023-06-14 15:15:03 - [MESSAGE][PASSED] - Tapped on element 'Object Repository/Crear_cuenta/CPN9/android.widget.EditText - Apodo'

2023-06-14 15:15:03 - [TEST_STEP][PASSED] - setText(findTestObject("Object Repository/Crear_cuenta/CPN9/android.widget.EditText - Apodo (1)"), "PRUEBA", 0): Text 'PRUEBA' has been set to element 'Object Repository/Crear_cuenta/CPN9/android.widget.EditText - Apodo (1)'

2023-06-14 15:15:03 - [MESSAGE][WARNING] - Timeout '0' is invalid. Using default page load timeout: '30'

2023-06-14 15:15:06 - [MESSAGE][PASSED] - Text 'PRUEBA' has been set to element 'Object Repository/Crear_cuenta/CPN9/android.widget.EditText - Apodo (1)'

2023-06-14 15:15:06 - [TEST_STEP][PASSED] - clearText(findTestObject("Object Repository/Crear_cuenta/CPN9/android.widget.EditText - PRUEBA"), 0): Element 'Object Repository/Crear_cuenta/CPN9/android.widget.EditText - PRUEBA' text is cleared

2023-06-14 15:15:06 - [MESSAGE][WARNING] - Timeout '0' is invalid. Using default page load timeout: '30'

2023-06-14 15:15:07 - [MESSAGE][PASSED] - Element 'Object Repository/Crear_cuenta/CPN9/android.widget.EditText - PRUEBA' text is cleared

2023-06-14 15:15:07 - [TEST_STEP][PASSED] - hideKeyboard(): Keyboard is hidden

2023-06-14 15:15:09 - [MESSAGE][PASSED] - Keyboard is hidden

2023-06-14 15:15:09 - [TEST_STEP][PASSED] - verifyElementText(findTestObject("Object Repository/Crear_cuenta/CPN9/android.widget.TextView - El Apodo es obligatorio"), "El Apodo es obligatorio"): Actual text and expected text of test object 'Object Repository/Crear_cuenta/CPN9/android.widget.TextView - El Apodo es obligatorio' are matched.

2023-06-14 15:15:09 - [MESSAGE][PASSED] - Actual text and expected text of test object 'Object Repository/Crear_cuenta/CPN9/android.widget.TextView - El Apodo es obligatorio' are matched.]]></system-out>
         <system-err><![CDATA[]]></system-err>
      </testcase>
      <testcase name="Test Cases/Crear cuenta/CPN10" time="6.578" classname="Test Cases/Crear cuenta/CPN10" status="PASSED">
         <system-out><![CDATA[2023-06-14 15:15:09 - [TEST_CASE][PASSED] - Test Cases/Crear cuenta/CPN10: Test Cases/Crear cuenta/CPN10

2023-06-14 15:15:09 - [TEST_STEP][PASSED] - tap(findTestObject("Object Repository/Crear_cuenta/CPN10/android.widget.EditText - Apodo"), 0): Tapped on element 'Object Repository/Crear_cuenta/CPN10/android.widget.EditText - Apodo'

2023-06-14 15:15:09 - [MESSAGE][WARNING] - Timeout '0' is invalid. Using default page load timeout: '30'

2023-06-14 15:15:09 - [MESSAGE][PASSED] - Tapped on element 'Object Repository/Crear_cuenta/CPN10/android.widget.EditText - Apodo'

2023-06-14 15:15:09 - [TEST_STEP][PASSED] - setText(findTestObject("Object Repository/Crear_cuenta/CPN10/android.widget.EditText - Apodo (1)"), "0123456789", 0): Text '0123456789' has been set to element 'Object Repository/Crear_cuenta/CPN10/android.widget.EditText - Apodo (1)'

2023-06-14 15:15:09 - [MESSAGE][WARNING] - Timeout '0' is invalid. Using default page load timeout: '30'

2023-06-14 15:15:12 - [MESSAGE][PASSED] - Text '0123456789' has been set to element 'Object Repository/Crear_cuenta/CPN10/android.widget.EditText - Apodo (1)'

2023-06-14 15:15:12 - [TEST_STEP][PASSED] - verifyElementText(findTestObject("Object Repository/Crear_cuenta/CPN10/android.widget.TextView - El Apodo debe comenzar con una letra"), "El Apodo debe comenzar con una letra"): Actual text and expected text of test object 'Object Repository/Crear_cuenta/CPN10/android.widget.TextView - El Apodo debe comenzar con una letra' are matched.

2023-06-14 15:15:13 - [MESSAGE][PASSED] - Actual text and expected text of test object 'Object Repository/Crear_cuenta/CPN10/android.widget.TextView - El Apodo debe comenzar con una letra' are matched.

2023-06-14 15:15:13 - [TEST_STEP][PASSED] - hideKeyboard(): Keyboard is hidden

2023-06-14 15:15:15 - [MESSAGE][PASSED] - Keyboard is hidden

2023-06-14 15:15:15 - [TEST_STEP][PASSED] - tap(findTestObject("Object Repository/Crear_cuenta/CPN10/android.widget.Button - Siguiente"), 0): Tapped on element 'Object Repository/Crear_cuenta/CPN10/android.widget.Button - Siguiente'

2023-06-14 15:15:15 - [MESSAGE][WARNING] - Timeout '0' is invalid. Using default page load timeout: '30'

2023-06-14 15:15:15 - [MESSAGE][PASSED] - Tapped on element 'Object Repository/Crear_cuenta/CPN10/android.widget.Button - Siguiente']]></system-out>
         <system-err><![CDATA[]]></system-err>
      </testcase>
      <testcase name="Test Cases/Crear cuenta/CPN11" time="7.855" classname="Test Cases/Crear cuenta/CPN11" status="PASSED">
         <system-out><![CDATA[2023-06-14 15:15:15 - [TEST_CASE][PASSED] - Test Cases/Crear cuenta/CPN11: Test Cases/Crear cuenta/CPN11

2023-06-14 15:15:16 - [TEST_STEP][PASSED] - clearText(findTestObject("Object Repository/Crear_cuenta/CPN11/android.widget.EditText - 0123456789"), 100): Element 'Object Repository/Crear_cuenta/CPN11/android.widget.EditText - 0123456789' text is cleared

2023-06-14 15:15:16 - [MESSAGE][PASSED] - Element 'Object Repository/Crear_cuenta/CPN11/android.widget.EditText - 0123456789' text is cleared

2023-06-14 15:15:16 - [TEST_STEP][PASSED] - tap(findTestObject("Object Repository/Crear_cuenta/CPN11/android.widget.EditText - Apodo"), 100): Tapped on element 'Object Repository/Crear_cuenta/CPN11/android.widget.EditText - Apodo'

2023-06-14 15:15:17 - [MESSAGE][PASSED] - Tapped on element 'Object Repository/Crear_cuenta/CPN11/android.widget.EditText - Apodo'

2023-06-14 15:15:17 - [TEST_STEP][PASSED] - setText(findTestObject("Object Repository/Crear_cuenta/CPN11/android.widget.EditText - Apodo (1)"), "abcde", 0): Text 'abcde' has been set to element 'Object Repository/Crear_cuenta/CPN11/android.widget.EditText - Apodo (1)'

2023-06-14 15:15:17 - [MESSAGE][WARNING] - Timeout '0' is invalid. Using default page load timeout: '30'

2023-06-14 15:15:20 - [MESSAGE][PASSED] - Text 'abcde' has been set to element 'Object Repository/Crear_cuenta/CPN11/android.widget.EditText - Apodo (1)'

2023-06-14 15:15:20 - [TEST_STEP][PASSED] - verifyElementText(findTestObject("Object Repository/Crear_cuenta/CPN11/android.widget.TextView - El apodo debe contener al menos un nmero"), "El apodo debe contener al menos un número"): Actual text and expected text of test object 'Object Repository/Crear_cuenta/CPN11/android.widget.TextView - El apodo debe contener al menos un nmero' are matched.

2023-06-14 15:15:21 - [MESSAGE][PASSED] - Actual text and expected text of test object 'Object Repository/Crear_cuenta/CPN11/android.widget.TextView - El apodo debe contener al menos un nmero' are matched.

2023-06-14 15:15:21 - [TEST_STEP][PASSED] - hideKeyboard(): Keyboard is hidden

2023-06-14 15:15:23 - [MESSAGE][PASSED] - Keyboard is hidden

2023-06-14 15:15:23 - [TEST_STEP][PASSED] - tap(findTestObject("Object Repository/Crear_cuenta/CPN11/android.widget.Button - Siguiente"), 1): Tapped on element 'Object Repository/Crear_cuenta/CPN11/android.widget.Button - Siguiente'

2023-06-14 15:15:23 - [MESSAGE][PASSED] - Tapped on element 'Object Repository/Crear_cuenta/CPN11/android.widget.Button - Siguiente'

2023-06-14 15:15:23 - [TEST_STEP][PASSED] - clearText(findTestObject("Object Repository/Crear_cuenta/CPN11/android.widget.EditText - abcde"), 100): Element 'Object Repository/Crear_cuenta/CPN11/android.widget.EditText - abcde' text is cleared

2023-06-14 15:15:23 - [MESSAGE][PASSED] - Element 'Object Repository/Crear_cuenta/CPN11/android.widget.EditText - abcde' text is cleared]]></system-out>
         <system-err><![CDATA[]]></system-err>
      </testcase>
      <testcase name="Test Cases/Crear cuenta/CPN12" time="4.714" classname="Test Cases/Crear cuenta/CPN12" status="PASSED">
         <system-out><![CDATA[2023-06-14 15:15:23 - [TEST_CASE][PASSED] - Test Cases/Crear cuenta/CPN12: Test Cases/Crear cuenta/CPN12

2023-06-14 15:15:23 - [TEST_STEP][PASSED] - setText(findTestObject("Object Repository/Crear_cuenta/CPN12/android.widget.EditText - Apodo"), "0123456789012345678901", 0): Text '0123456789012345678901' has been set to element 'Object Repository/Crear_cuenta/CPN12/android.widget.EditText - Apodo'

2023-06-14 15:15:23 - [MESSAGE][WARNING] - Timeout '0' is invalid. Using default page load timeout: '30'

2023-06-14 15:15:26 - [MESSAGE][PASSED] - Text '0123456789012345678901' has been set to element 'Object Repository/Crear_cuenta/CPN12/android.widget.EditText - Apodo'

2023-06-14 15:15:26 - [TEST_STEP][PASSED] - hideKeyboard(): Keyboard is hidden

2023-06-14 15:15:26 - [MESSAGE][PASSED] - Keyboard is hidden

2023-06-14 15:15:26 - [TEST_STEP][PASSED] - clearText(findTestObject("Object Repository/Crear_cuenta/CPN12/android.widget.EditText - 01234567890123456789"), 0): Element 'Object Repository/Crear_cuenta/CPN12/android.widget.EditText - 01234567890123456789' text is cleared

2023-06-14 15:15:26 - [MESSAGE][WARNING] - Timeout '0' is invalid. Using default page load timeout: '30'

2023-06-14 15:15:27 - [MESSAGE][PASSED] - Element 'Object Repository/Crear_cuenta/CPN12/android.widget.EditText - 01234567890123456789' text is cleared

2023-06-14 15:15:27 - [TEST_STEP][PASSED] - tap(findTestObject("Object Repository/Crear_cuenta/CPN12/android.widget.Button - Siguiente"), 0): Tapped on element 'Object Repository/Crear_cuenta/CPN12/android.widget.Button - Siguiente'

2023-06-14 15:15:27 - [MESSAGE][WARNING] - Timeout '0' is invalid. Using default page load timeout: '30'

2023-06-14 15:15:28 - [MESSAGE][PASSED] - Tapped on element 'Object Repository/Crear_cuenta/CPN12/android.widget.Button - Siguiente']]></system-out>
         <system-err><![CDATA[]]></system-err>
      </testcase>
      <testcase name="Test Cases/Crear cuenta/CPN13" time="6.784" classname="Test Cases/Crear cuenta/CPN13" status="PASSED">
         <system-out><![CDATA[2023-06-14 15:15:28 - [TEST_CASE][PASSED] - Test Cases/Crear cuenta/CPN13: Test Cases/Crear cuenta/CPN13

2023-06-14 15:15:28 - [TEST_STEP][PASSED] - tap(findTestObject("Object Repository/Crear_cuenta/CPN13/android.widget.EditText - Apodo"), 0): Tapped on element 'Object Repository/Crear_cuenta/CPN13/android.widget.EditText - Apodo'

2023-06-14 15:15:28 - [MESSAGE][WARNING] - Timeout '0' is invalid. Using default page load timeout: '30'

2023-06-14 15:15:28 - [MESSAGE][PASSED] - Tapped on element 'Object Repository/Crear_cuenta/CPN13/android.widget.EditText - Apodo'

2023-06-14 15:15:28 - [TEST_STEP][PASSED] - setText(findTestObject("Object Repository/Crear_cuenta/CPN13/android.widget.EditText - Apodo (1)"), "HO", 0): Text 'HO' has been set to element 'Object Repository/Crear_cuenta/CPN13/android.widget.EditText - Apodo (1)'

2023-06-14 15:15:29 - [MESSAGE][WARNING] - Timeout '0' is invalid. Using default page load timeout: '30'

2023-06-14 15:15:31 - [MESSAGE][PASSED] - Text 'HO' has been set to element 'Object Repository/Crear_cuenta/CPN13/android.widget.EditText - Apodo (1)'

2023-06-14 15:15:31 - [TEST_STEP][PASSED] - verifyElementText(findTestObject("Object Repository/Crear_cuenta/CPN13/android.widget.TextView - El Apodo debe contener mnimo 3 caracteres y 1 nmero"), "El Apodo debe contener mínimo 3 caracteres y 1 número"): Actual text and expected text of test object 'Object Repository/Crear_cuenta/CPN13/android.widget.TextView - El Apodo debe contener mnimo 3 caracteres y 1 nmero' are matched.

2023-06-14 15:15:32 - [MESSAGE][PASSED] - Actual text and expected text of test object 'Object Repository/Crear_cuenta/CPN13/android.widget.TextView - El Apodo debe contener mnimo 3 caracteres y 1 nmero' are matched.

2023-06-14 15:15:32 - [TEST_STEP][PASSED] - hideKeyboard(): Keyboard is hidden

2023-06-14 15:15:34 - [MESSAGE][PASSED] - Keyboard is hidden

2023-06-14 15:15:34 - [TEST_STEP][PASSED] - tap(findTestObject("Object Repository/Crear_cuenta/CPN13/android.widget.Button - Siguiente"), 0): Tapped on element 'Object Repository/Crear_cuenta/CPN13/android.widget.Button - Siguiente'

2023-06-14 15:15:34 - [MESSAGE][WARNING] - Timeout '0' is invalid. Using default page load timeout: '30'

2023-06-14 15:15:34 - [MESSAGE][PASSED] - Tapped on element 'Object Repository/Crear_cuenta/CPN13/android.widget.Button - Siguiente'

2023-06-14 15:15:34 - [TEST_STEP][PASSED] - clearText(findTestObject("Object Repository/Crear_cuenta/CPN13/android.widget.EditText - HO"), 0): Element 'Object Repository/Crear_cuenta/CPN13/android.widget.EditText - HO' text is cleared

2023-06-14 15:15:34 - [MESSAGE][WARNING] - Timeout '0' is invalid. Using default page load timeout: '30'

2023-06-14 15:15:35 - [MESSAGE][PASSED] - Element 'Object Repository/Crear_cuenta/CPN13/android.widget.EditText - HO' text is cleared]]></system-out>
         <system-err><![CDATA[]]></system-err>
      </testcase>
      <testcase name="Test Cases/Crear cuenta/CPN14" time="11.046" classname="Test Cases/Crear cuenta/CPN14" status="PASSED">
         <system-out><![CDATA[2023-06-14 15:15:35 - [TEST_CASE][PASSED] - Test Cases/Crear cuenta/CPN14: Test Cases/Crear cuenta/CPN14

2023-06-14 15:15:35 - [TEST_STEP][PASSED] - tap(findTestObject("Object Repository/Crear_cuenta/CPN14/android.widget.EditText - Nombre a mostrar (opcional)"), 0): Tapped on element 'Object Repository/Crear_cuenta/CPN14/android.widget.EditText - Nombre a mostrar (opcional)'

2023-06-14 15:15:35 - [MESSAGE][WARNING] - Timeout '0' is invalid. Using default page load timeout: '30'

2023-06-14 15:15:36 - [MESSAGE][PASSED] - Tapped on element 'Object Repository/Crear_cuenta/CPN14/android.widget.EditText - Nombre a mostrar (opcional)'

2023-06-14 15:15:36 - [TEST_STEP][PASSED] - setText(findTestObject("Object Repository/Crear_cuenta/CPN14/android.widget.EditText - Nombre a mostrar (opcional) (1)"), "Opcional", 0): Text 'Opcional' has been set to element 'Object Repository/Crear_cuenta/CPN14/android.widget.EditText - Nombre a mostrar (opcional) (1)'

2023-06-14 15:15:36 - [MESSAGE][WARNING] - Timeout '0' is invalid. Using default page load timeout: '30'

2023-06-14 15:15:38 - [MESSAGE][PASSED] - Text 'Opcional' has been set to element 'Object Repository/Crear_cuenta/CPN14/android.widget.EditText - Nombre a mostrar (opcional) (1)'

2023-06-14 15:15:38 - [TEST_STEP][PASSED] - hideKeyboard(): Keyboard is hidden

2023-06-14 15:15:40 - [MESSAGE][PASSED] - Keyboard is hidden

2023-06-14 15:15:40 - [TEST_STEP][PASSED] - tap(findTestObject("Object Repository/Crear_cuenta/CPN14/android.widget.Button - Siguiente"), 0): Tapped on element 'Object Repository/Crear_cuenta/CPN14/android.widget.Button - Siguiente'

2023-06-14 15:15:40 - [MESSAGE][WARNING] - Timeout '0' is invalid. Using default page load timeout: '30'

2023-06-14 15:15:40 - [MESSAGE][PASSED] - Tapped on element 'Object Repository/Crear_cuenta/CPN14/android.widget.Button - Siguiente'

2023-06-14 15:15:40 - [TEST_STEP][PASSED] - tap(findTestObject("Object Repository/Crear_cuenta/CPN14/android.widget.EditText - Apodo"), 0): Tapped on element 'Object Repository/Crear_cuenta/CPN14/android.widget.EditText - Apodo'

2023-06-14 15:15:40 - [MESSAGE][WARNING] - Timeout '0' is invalid. Using default page load timeout: '30'

2023-06-14 15:15:40 - [MESSAGE][PASSED] - Tapped on element 'Object Repository/Crear_cuenta/CPN14/android.widget.EditText - Apodo'

2023-06-14 15:15:40 - [TEST_STEP][PASSED] - setText(findTestObject("Crear_cuenta/CPN14/android.widget.EditText - Apodo (1)"), "angello16", 0): Text 'angello16' has been set to element 'Object Repository/Crear_cuenta/CPN14/android.widget.EditText - Apodo (1)'

2023-06-14 15:15:40 - [MESSAGE][WARNING] - Timeout '0' is invalid. Using default page load timeout: '30'

2023-06-14 15:15:43 - [MESSAGE][PASSED] - Text 'angello16' has been set to element 'Object Repository/Crear_cuenta/CPN14/android.widget.EditText - Apodo (1)'

2023-06-14 15:15:43 - [TEST_STEP][PASSED] - hideKeyboard(): Keyboard is hidden

2023-06-14 15:15:45 - [MESSAGE][PASSED] - Keyboard is hidden

2023-06-14 15:15:45 - [TEST_STEP][PASSED] - verifyElementText(findTestObject("Object Repository/Crear_cuenta/CPN14/android.widget.TextView - Apodo no disponible"), "Apodo no disponible"): Actual text and expected text of test object 'Object Repository/Crear_cuenta/CPN14/android.widget.TextView - Apodo no disponible' are matched.

2023-06-14 15:15:45 - [MESSAGE][PASSED] - Actual text and expected text of test object 'Object Repository/Crear_cuenta/CPN14/android.widget.TextView - Apodo no disponible' are matched.

2023-06-14 15:15:45 - [TEST_STEP][PASSED] - verifyElementVisible(findTestObject("Crear_cuenta/CPN14/android.widget.ImageButton"), 0): Element 'Object Repository/Crear_cuenta/CPN14/android.widget.ImageButton' is visible

2023-06-14 15:15:45 - [MESSAGE][WARNING] - Timeout '0' is invalid. Using default page load timeout: '30'

2023-06-14 15:15:46 - [MESSAGE][PASSED] - Element 'Object Repository/Crear_cuenta/CPN14/android.widget.ImageButton' is visible

2023-06-14 15:15:46 - [TEST_STEP][PASSED] - tap(findTestObject("Crear_cuenta/CPN14/android.widget.Button - Siguiente"), 0): Tapped on element 'Object Repository/Crear_cuenta/CPN14/android.widget.Button - Siguiente'

2023-06-14 15:15:46 - [MESSAGE][WARNING] - Timeout '0' is invalid. Using default page load timeout: '30'

2023-06-14 15:15:46 - [MESSAGE][PASSED] - Tapped on element 'Object Repository/Crear_cuenta/CPN14/android.widget.Button - Siguiente']]></system-out>
         <system-err><![CDATA[]]></system-err>
      </testcase>
      <testcase name="Test Cases/Crear cuenta/CPN15" time="7.962" classname="Test Cases/Crear cuenta/CPN15" status="PASSED">
         <system-out><![CDATA[2023-06-14 15:15:46 - [TEST_CASE][PASSED] - Test Cases/Crear cuenta/CPN15: Test Cases/Crear cuenta/CPN15

2023-06-14 15:15:46 - [TEST_STEP][PASSED] - clearText(findTestObject("Object Repository/Crear_cuenta/CPN15/android.widget.EditText - angello16"), 0): Element 'Object Repository/Crear_cuenta/CPN15/android.widget.EditText - angello16' text is cleared

2023-06-14 15:15:46 - [MESSAGE][WARNING] - Timeout '0' is invalid. Using default page load timeout: '30'

2023-06-14 15:15:46 - [MESSAGE][PASSED] - Element 'Object Repository/Crear_cuenta/CPN15/android.widget.EditText - angello16' text is cleared

2023-06-14 15:15:46 - [TEST_STEP][PASSED] - tap(findTestObject("Object Repository/Crear_cuenta/CPN15/android.widget.EditText - Apodo"), 0): Tapped on element 'Object Repository/Crear_cuenta/CPN15/android.widget.EditText - Apodo'

2023-06-14 15:15:46 - [MESSAGE][WARNING] - Timeout '0' is invalid. Using default page load timeout: '30'

2023-06-14 15:15:48 - [MESSAGE][PASSED] - Tapped on element 'Object Repository/Crear_cuenta/CPN15/android.widget.EditText - Apodo'

2023-06-14 15:15:48 - [TEST_STEP][PASSED] - setText(findTestObject("Object Repository/Crear_cuenta/CPN15/android.widget.EditText - P000"), "LIBRE02", 0): Text 'LIBRE02' has been set to element 'Object Repository/Crear_cuenta/CPN15/android.widget.EditText - P000'

2023-06-14 15:15:48 - [MESSAGE][WARNING] - Timeout '0' is invalid. Using default page load timeout: '30'

2023-06-14 15:15:50 - [MESSAGE][PASSED] - Text 'LIBRE02' has been set to element 'Object Repository/Crear_cuenta/CPN15/android.widget.EditText - P000'

2023-06-14 15:15:50 - [TEST_STEP][PASSED] - verifyElementText(findTestObject("Object Repository/Crear_cuenta/CPN15/android.widget.TextView - El apodo te servir para identificarse en NapoleoN Chat, no lo podrs cambiar despes"), "El apodo te servirá para identificarse en NapoleoN Chat, no lo podrás cambiar despúes"): Actual text and expected text of test object 'Object Repository/Crear_cuenta/CPN15/android.widget.TextView - El apodo te servir para identificarse en NapoleoN Chat, no lo podrs cambiar despes' are matched.

2023-06-14 15:15:51 - [MESSAGE][PASSED] - Actual text and expected text of test object 'Object Repository/Crear_cuenta/CPN15/android.widget.TextView - El apodo te servir para identificarse en NapoleoN Chat, no lo podrs cambiar despes' are matched.

2023-06-14 15:15:51 - [TEST_STEP][PASSED] - clearText(findTestObject("Object Repository/Crear_cuenta/CPN15/android.widget.EditText - Opcional"), 0): Element 'Object Repository/Crear_cuenta/CPN15/android.widget.EditText - Opcional' text is cleared

2023-06-14 15:15:51 - [MESSAGE][WARNING] - Timeout '0' is invalid. Using default page load timeout: '30'

2023-06-14 15:15:52 - [MESSAGE][PASSED] - Element 'Object Repository/Crear_cuenta/CPN15/android.widget.EditText - Opcional' text is cleared

2023-06-14 15:15:52 - [TEST_STEP][PASSED] - hideKeyboard(): Keyboard is hidden

2023-06-14 15:15:53 - [MESSAGE][PASSED] - Keyboard is hidden

2023-06-14 15:15:53 - [TEST_STEP][PASSED] - tap(findTestObject("Object Repository/Crear_cuenta/CPN15/android.widget.Button - Siguiente"), 0): Tapped on element 'Object Repository/Crear_cuenta/CPN15/android.widget.Button - Siguiente'

2023-06-14 15:15:54 - [MESSAGE][WARNING] - Timeout '0' is invalid. Using default page load timeout: '30'

2023-06-14 15:15:54 - [MESSAGE][PASSED] - Tapped on element 'Object Repository/Crear_cuenta/CPN15/android.widget.Button - Siguiente']]></system-out>
         <system-err><![CDATA[]]></system-err>
      </testcase>
      <testcase name="Test Cases/Crear cuenta/CPN16-17" time="11.893" classname="Test Cases/Crear cuenta/CPN16-17" status="PASSED">
         <system-out><![CDATA[2023-06-14 15:15:54 - [TEST_CASE][PASSED] - Test Cases/Crear cuenta/CPN16-17: Test Cases/Crear cuenta/CPN16-17

2023-06-14 15:15:54 - [TEST_STEP][PASSED] - tap(findTestObject("Object Repository/Crear_cuenta/CPN16-17/android.widget.EditText - Pin de Acceso"), 200): Tapped on element 'Object Repository/Crear_cuenta/CPN16-17/android.widget.EditText - Pin de Acceso'

2023-06-14 15:15:55 - [MESSAGE][PASSED] - Tapped on element 'Object Repository/Crear_cuenta/CPN16-17/android.widget.EditText - Pin de Acceso'

2023-06-14 15:15:55 - [TEST_STEP][PASSED] - setText(findTestObject("Object Repository/Crear_cuenta/CPN16-17/android.widget.EditText - Pin de Acceso (1)"), "00000", 200): Text '00000' has been set to element 'Object Repository/Crear_cuenta/CPN16-17/android.widget.EditText - Pin de Acceso (1)'

2023-06-14 15:15:58 - [MESSAGE][PASSED] - Text '00000' has been set to element 'Object Repository/Crear_cuenta/CPN16-17/android.widget.EditText - Pin de Acceso (1)'

2023-06-14 15:15:58 - [TEST_STEP][PASSED] - setText(findTestObject("Object Repository/Crear_cuenta/CPN16-17/android.widget.EditText - Confirmar nuevo pin de acceso"), "1234", 200): Text '1234' has been set to element 'Object Repository/Crear_cuenta/CPN16-17/android.widget.EditText - Confirmar nuevo pin de acceso'

2023-06-14 15:16:01 - [MESSAGE][PASSED] - Text '1234' has been set to element 'Object Repository/Crear_cuenta/CPN16-17/android.widget.EditText - Confirmar nuevo pin de acceso'

2023-06-14 15:16:01 - [TEST_STEP][PASSED] - delay(2, STOP_ON_FAILURE): Delayed 2 second(s)

2023-06-14 15:16:03 - [MESSAGE][PASSED] - Delayed 2 second(s)

2023-06-14 15:16:03 - [TEST_STEP][PASSED] - hideKeyboard(): Keyboard is hidden

2023-06-14 15:16:05 - [MESSAGE][PASSED] - Keyboard is hidden

2023-06-14 15:16:05 - [TEST_STEP][PASSED] - verifyElementText(findTestObject("Object Repository/Crear_cuenta/CPN16-17/android.widget.TextView - El pin de acceso no coincide"), "El pin de acceso no coincide"): Actual text and expected text of test object 'Object Repository/Crear_cuenta/CPN16-17/android.widget.TextView - El pin de acceso no coincide' are matched.

2023-06-14 15:16:05 - [MESSAGE][PASSED] - Actual text and expected text of test object 'Object Repository/Crear_cuenta/CPN16-17/android.widget.TextView - El pin de acceso no coincide' are matched.

2023-06-14 15:16:05 - [TEST_STEP][PASSED] - verifyElementText(findTestObject("Object Repository/Crear_cuenta/CPN16-17/android.widget.TextView - El pin de acceso no coincide (1)"), "El pin de acceso no coincide"): Actual text and expected text of test object 'Object Repository/Crear_cuenta/CPN16-17/android.widget.TextView - El pin de acceso no coincide (1)' are matched.

2023-06-14 15:16:06 - [MESSAGE][PASSED] - Actual text and expected text of test object 'Object Repository/Crear_cuenta/CPN16-17/android.widget.TextView - El pin de acceso no coincide (1)' are matched.]]></system-out>
         <system-err><![CDATA[]]></system-err>
      </testcase>
      <testcase name="Test Cases/Crear cuenta/CPN18-19" time="17.015" classname="Test Cases/Crear cuenta/CPN18-19" status="PASSED">
         <system-out><![CDATA[2023-06-14 15:16:06 - [TEST_CASE][PASSED] - Test Cases/Crear cuenta/CPN18-19: Test Cases/Crear cuenta/CPN18-19

2023-06-14 15:16:06 - [TEST_STEP][PASSED] - tap(findTestObject("Object Repository/Crear_cuenta/CPN18-19/android.widget.EditText - 0000"), 0): Tapped on element 'Object Repository/Crear_cuenta/CPN18-19/android.widget.EditText - 0000'

2023-06-14 15:16:06 - [MESSAGE][WARNING] - Timeout '0' is invalid. Using default page load timeout: '30'

2023-06-14 15:16:06 - [MESSAGE][PASSED] - Tapped on element 'Object Repository/Crear_cuenta/CPN18-19/android.widget.EditText - 0000'

2023-06-14 15:16:06 - [TEST_STEP][PASSED] - clearText(findTestObject("Object Repository/Crear_cuenta/CPN18-19/android.widget.EditText - 0000 (1)"), 0): Element 'Object Repository/Crear_cuenta/CPN18-19/android.widget.EditText - 0000 (1)' text is cleared

2023-06-14 15:16:06 - [MESSAGE][WARNING] - Timeout '0' is invalid. Using default page load timeout: '30'

2023-06-14 15:16:08 - [MESSAGE][PASSED] - Element 'Object Repository/Crear_cuenta/CPN18-19/android.widget.EditText - 0000 (1)' text is cleared

2023-06-14 15:16:08 - [TEST_STEP][PASSED] - clearText(findTestObject("Object Repository/Crear_cuenta/CPN18-19/android.widget.EditText - 1234"), 0): Element 'Object Repository/Crear_cuenta/CPN18-19/android.widget.EditText - 1234' text is cleared

2023-06-14 15:16:08 - [MESSAGE][WARNING] - Timeout '0' is invalid. Using default page load timeout: '30'

2023-06-14 15:16:09 - [MESSAGE][PASSED] - Element 'Object Repository/Crear_cuenta/CPN18-19/android.widget.EditText - 1234' text is cleared

2023-06-14 15:16:09 - [TEST_STEP][PASSED] - setText(findTestObject("Object Repository/Crear_cuenta/CPN18-19/android.widget.EditText - Pin de Acceso"), "0000", 0): Text '0000' has been set to element 'Object Repository/Crear_cuenta/CPN18-19/android.widget.EditText - Pin de Acceso'

2023-06-14 15:16:09 - [MESSAGE][WARNING] - Timeout '0' is invalid. Using default page load timeout: '30'

2023-06-14 15:16:11 - [MESSAGE][PASSED] - Text '0000' has been set to element 'Object Repository/Crear_cuenta/CPN18-19/android.widget.EditText - Pin de Acceso'

2023-06-14 15:16:11 - [TEST_STEP][PASSED] - setText(findTestObject("Object Repository/Crear_cuenta/CPN18-19/android.widget.EditText - Confirmar nuevo pin de acceso"), "1111", 0): Text '1111' has been set to element 'Object Repository/Crear_cuenta/CPN18-19/android.widget.EditText - Confirmar nuevo pin de acceso'

2023-06-14 15:16:11 - [MESSAGE][WARNING] - Timeout '0' is invalid. Using default page load timeout: '30'

2023-06-14 15:16:14 - [MESSAGE][PASSED] - Text '1111' has been set to element 'Object Repository/Crear_cuenta/CPN18-19/android.widget.EditText - Confirmar nuevo pin de acceso'

2023-06-14 15:16:14 - [TEST_STEP][PASSED] - clearText(findTestObject("Object Repository/Crear_cuenta/CPN18-19/android.widget.EditText - 1111"), 0): Element 'Object Repository/Crear_cuenta/CPN18-19/android.widget.EditText - 1111' text is cleared

2023-06-14 15:16:14 - [MESSAGE][WARNING] - Timeout '0' is invalid. Using default page load timeout: '30'

2023-06-14 15:16:15 - [MESSAGE][PASSED] - Element 'Object Repository/Crear_cuenta/CPN18-19/android.widget.EditText - 1111' text is cleared

2023-06-14 15:16:15 - [TEST_STEP][PASSED] - setText(findTestObject("Crear_cuenta/CPN18-19/android.widget.EditText - Confirmar nuevo pin de acceso"), "0000", 0): Text '0000' has been set to element 'Object Repository/Crear_cuenta/CPN18-19/android.widget.EditText - Confirmar nuevo pin de acceso'

2023-06-14 15:16:15 - [MESSAGE][WARNING] - Timeout '0' is invalid. Using default page load timeout: '30'

2023-06-14 15:16:17 - [MESSAGE][PASSED] - Text '0000' has been set to element 'Object Repository/Crear_cuenta/CPN18-19/android.widget.EditText - Confirmar nuevo pin de acceso'

2023-06-14 15:16:17 - [TEST_STEP][PASSED] - hideKeyboard(): Keyboard is hidden

2023-06-14 15:16:19 - [MESSAGE][PASSED] - Keyboard is hidden

2023-06-14 15:16:19 - [TEST_STEP][PASSED] - tap(findTestObject("Object Repository/Crear_cuenta/CPN18-19/android.widget.Button - Crear Cuenta"), 0): Tapped on element 'Object Repository/Crear_cuenta/CPN18-19/android.widget.Button - Crear Cuenta'

2023-06-14 15:16:19 - [MESSAGE][WARNING] - Timeout '0' is invalid. Using default page load timeout: '30'

2023-06-14 15:16:19 - [MESSAGE][PASSED] - Tapped on element 'Object Repository/Crear_cuenta/CPN18-19/android.widget.Button - Crear Cuenta'

2023-06-14 15:16:19 - [TEST_STEP][PASSED] - verifyElementExist(findTestObject("Object Repository/Crear_cuenta/CPN18-19/android.widget.TextView - NapoleoN"), 0): Element 'Object Repository/Crear_cuenta/CPN18-19/android.widget.TextView - NapoleoN' is exist

2023-06-14 15:16:19 - [MESSAGE][WARNING] - Timeout '0' is invalid. Using default page load timeout: '30'

2023-06-14 15:16:23 - [MESSAGE][PASSED] - Element 'Object Repository/Crear_cuenta/CPN18-19/android.widget.TextView - NapoleoN' is exist]]></system-out>
         <system-err><![CDATA[]]></system-err>
      </testcase>
      <testcase name="Test Cases/agregar" time="72.212" classname="Test Cases/agregar" status="PASSED">
         <system-out><![CDATA[2023-06-14 15:16:23 - [TEST_CASE][PASSED] - Test Cases/agregar: Test Cases/agregar

2023-06-14 15:16:23 - [TEST_STEP][PASSED] - delay(2, STOP_ON_FAILURE): Delayed 2 second(s)

2023-06-14 15:16:25 - [MESSAGE][PASSED] - Delayed 2 second(s)

2023-06-14 15:16:25 - [TEST_STEP][PASSED] - tap(findTestObject("Object Repository/agregar/android.widget.ImageView"), 1): Tapped on element 'Object Repository/agregar/android.widget.ImageView'

2023-06-14 15:16:27 - [MESSAGE][PASSED] - Tapped on element 'Object Repository/agregar/android.widget.ImageView'

2023-06-14 15:16:27 - [TEST_STEP][PASSED] - tap(findTestObject("Object Repository/agregar/android.widget.Button - Agregar contactos"), 1): Tapped on element 'Object Repository/agregar/android.widget.Button - Agregar contactos'

2023-06-14 15:16:28 - [MESSAGE][PASSED] - Tapped on element 'Object Repository/agregar/android.widget.Button - Agregar contactos'

2023-06-14 15:16:28 - [TEST_STEP][PASSED] - setText(findTestObject("Object Repository/agregar/android.widget.EditText - Busca por apodo"), "prueba2134", 1): Text 'prueba2134' has been set to element 'Object Repository/agregar/android.widget.EditText - Busca por apodo'

2023-06-14 15:16:30 - [MESSAGE][PASSED] - Text 'prueba2134' has been set to element 'Object Repository/agregar/android.widget.EditText - Busca por apodo'

2023-06-14 15:16:30 - [TEST_STEP][PASSED] - tap(findTestObject("Object Repository/agregar/android.widget.Button - AGREGAR"), 1): Tapped on element 'Object Repository/agregar/android.widget.Button - AGREGAR'

2023-06-14 15:16:32 - [MESSAGE][PASSED] - Tapped on element 'Object Repository/agregar/android.widget.Button - AGREGAR'

2023-06-14 15:16:32 - [TEST_STEP][PASSED] - delay(3, CONTINUE_ON_FAILURE): Delayed 3 second(s)

2023-06-14 15:16:35 - [MESSAGE][PASSED] - Delayed 3 second(s)

2023-06-14 15:16:35 - [TEST_STEP][PASSED] - tap(findTestObject("Object Repository/agregar/android.widget.TextView"), 1): Tapped on element 'Object Repository/agregar/android.widget.TextView'

2023-06-14 15:16:35 - [MESSAGE][PASSED] - Tapped on element 'Object Repository/agregar/android.widget.TextView'

2023-06-14 15:16:35 - [TEST_STEP][PASSED] - delay(3, CONTINUE_ON_FAILURE): Delayed 3 second(s)

2023-06-14 15:16:38 - [MESSAGE][PASSED] - Delayed 3 second(s)

2023-06-14 15:16:38 - [TEST_STEP][PASSED] - tap(findTestObject("Object Repository/agregar/android.widget.ImageButton"), 1): Tapped on element 'Object Repository/agregar/android.widget.ImageButton'

2023-06-14 15:16:39 - [MESSAGE][PASSED] - Tapped on element 'Object Repository/agregar/android.widget.ImageButton'

2023-06-14 15:16:39 - [TEST_STEP][PASSED] - tap(findTestObject("Object Repository/agregar/android.view.ViewGroup"), 0): Tapped on element 'Object Repository/agregar/android.view.ViewGroup'

2023-06-14 15:16:39 - [MESSAGE][WARNING] - Timeout '0' is invalid. Using default page load timeout: '30'

2023-06-14 15:16:40 - [MESSAGE][PASSED] - Tapped on element 'Object Repository/agregar/android.view.ViewGroup'

2023-06-14 15:16:40 - [TEST_STEP][PASSED] - tap(findTestObject("Object Repository/agregar/android.widget.ImageButton (1)"), 1): Tapped on element 'Object Repository/agregar/android.widget.ImageButton (1)'

2023-06-14 15:17:23 - [MESSAGE][PASSED] - Tapped on element 'Object Repository/agregar/android.widget.ImageButton (1)'

2023-06-14 15:17:23 - [TEST_STEP][PASSED] - tap(findTestObject("Object Repository/agregar/android.widget.FrameLayout"), 1): Tapped on element 'Object Repository/agregar/android.widget.FrameLayout'

2023-06-14 15:17:23 - [MESSAGE][PASSED] - Tapped on element 'Object Repository/agregar/android.widget.FrameLayout'

2023-06-14 15:17:23 - [TEST_STEP][PASSED] - tapAndHold(findTestObject("Object Repository/agregar/android.view.ViewGroup (1)"), 2, 4): Tapped and held on element 'Object Repository/agregar/android.view.ViewGroup (1)' with duration 2

2023-06-14 15:17:29 - [MESSAGE][PASSED] - Tapped and held on element 'Object Repository/agregar/android.view.ViewGroup (1)' with duration 2

2023-06-14 15:17:29 - [TEST_STEP][PASSED] - tap(findTestObject("Object Repository/agregar/android.widget.LinearLayout"), 1): Tapped on element 'Object Repository/agregar/android.widget.LinearLayout'

2023-06-14 15:17:30 - [MESSAGE][PASSED] - Tapped on element 'Object Repository/agregar/android.widget.LinearLayout'

2023-06-14 15:17:30 - [TEST_STEP][PASSED] - delay(2, STOP_ON_FAILURE): Delayed 2 second(s)

2023-06-14 15:17:32 - [MESSAGE][PASSED] - Delayed 2 second(s)

2023-06-14 15:17:32 - [TEST_STEP][PASSED] - tap(findTestObject("Object Repository/agregar/android.widget.Button - Aceptar"), 1): Tapped on element 'Object Repository/agregar/android.widget.Button - Aceptar'

2023-06-14 15:17:32 - [MESSAGE][PASSED] - Tapped on element 'Object Repository/agregar/android.widget.Button - Aceptar'

2023-06-14 15:17:32 - [TEST_STEP][PASSED] - tap(findTestObject("Object Repository/agregar/android.widget.FrameLayout (1)"), 1): Tapped on element 'Object Repository/agregar/android.widget.FrameLayout (1)'

2023-06-14 15:17:34 - [MESSAGE][PASSED] - Tapped on element 'Object Repository/agregar/android.widget.FrameLayout (1)'

2023-06-14 15:17:34 - [TEST_STEP][PASSED] - tap(findTestObject("agregar/android.view.ViewGroup"), 1): Tapped on element 'Object Repository/agregar/android.view.ViewGroup'

2023-06-14 15:17:35 - [MESSAGE][PASSED] - Tapped on element 'Object Repository/agregar/android.view.ViewGroup']]></system-out>
         <system-err><![CDATA[]]></system-err>
      </testcase>
      <testcase name="Test Cases/EnvioMensajes/CPN40" time="18.106" classname="Test Cases/EnvioMensajes/CPN40" status="PASSED">
         <system-out><![CDATA[2023-06-14 15:17:35 - [TEST_CASE][PASSED] - Test Cases/EnvioMensajes/CPN40: Test Cases/EnvioMensajes/CPN40

2023-06-14 15:17:35 - [TEST_STEP][PASSED] - tap(findTestObject("CPN40/android.widget.FrameLayout"), 100): Tapped on element 'Object Repository/CPN40/android.widget.FrameLayout'

2023-06-14 15:17:35 - [MESSAGE][PASSED] - Tapped on element 'Object Repository/CPN40/android.widget.FrameLayout'

2023-06-14 15:17:35 - [TEST_STEP][PASSED] - tap(findTestObject("Object Repository/CPN40/android.widget.RadioButton - 1 minuto"), 100): Tapped on element 'Object Repository/CPN40/android.widget.RadioButton - 1 minuto'

2023-06-14 15:17:36 - [MESSAGE][PASSED] - Tapped on element 'Object Repository/CPN40/android.widget.RadioButton - 1 minuto'

2023-06-14 15:17:36 - [TEST_STEP][PASSED] - tap(findTestObject("Object Repository/CPN40/android.widget.Button - Aceptar"), 100): Tapped on element 'Object Repository/CPN40/android.widget.Button - Aceptar'

2023-06-14 15:17:37 - [MESSAGE][PASSED] - Tapped on element 'Object Repository/CPN40/android.widget.Button - Aceptar'

2023-06-14 15:17:37 - [TEST_STEP][PASSED] - tap(findTestObject("Object Repository/CPN40/android.widget.EditText - Escribir mensaje"), 100): Tapped on element 'Object Repository/CPN40/android.widget.EditText - Escribir mensaje'

2023-06-14 15:17:39 - [MESSAGE][PASSED] - Tapped on element 'Object Repository/CPN40/android.widget.EditText - Escribir mensaje'

2023-06-14 15:17:39 - [TEST_STEP][PASSED] - setText(findTestObject("Object Repository/CPN40/android.widget.EditText - Escribir mensaje (1)"), "mensaje1", 0): Text 'mensaje1' has been set to element 'Object Repository/CPN40/android.widget.EditText - Escribir mensaje (1)'

2023-06-14 15:17:39 - [MESSAGE][WARNING] - Timeout '0' is invalid. Using default page load timeout: '30'

2023-06-14 15:17:41 - [MESSAGE][PASSED] - Text 'mensaje1' has been set to element 'Object Repository/CPN40/android.widget.EditText - Escribir mensaje (1)'

2023-06-14 15:17:41 - [TEST_STEP][PASSED] - tap(findTestObject("Object Repository/CPN40/android.widget.ImageButton"), 100): Tapped on element 'Object Repository/CPN40/android.widget.ImageButton'

2023-06-14 15:17:42 - [MESSAGE][PASSED] - Tapped on element 'Object Repository/CPN40/android.widget.ImageButton'

2023-06-14 15:17:42 - [TEST_STEP][PASSED] - setText(findTestObject("CPN40/android.widget.EditText - Escribir mensaje (1)"), "mensaje2", 0): Text 'mensaje2' has been set to element 'Object Repository/CPN40/android.widget.EditText - Escribir mensaje (1)'

2023-06-14 15:17:42 - [MESSAGE][WARNING] - Timeout '0' is invalid. Using default page load timeout: '30'

2023-06-14 15:17:44 - [MESSAGE][PASSED] - Text 'mensaje2' has been set to element 'Object Repository/CPN40/android.widget.EditText - Escribir mensaje (1)'

2023-06-14 15:17:44 - [TEST_STEP][PASSED] - tap(findTestObject("CPN40/android.widget.ImageButton"), 100): Tapped on element 'Object Repository/CPN40/android.widget.ImageButton'

2023-06-14 15:17:45 - [MESSAGE][PASSED] - Tapped on element 'Object Repository/CPN40/android.widget.ImageButton'

2023-06-14 15:17:45 - [TEST_STEP][PASSED] - setText(findTestObject("CPN40/android.widget.EditText - Escribir mensaje (1)"), "mensaje3", 0): Text 'mensaje3' has been set to element 'Object Repository/CPN40/android.widget.EditText - Escribir mensaje (1)'

2023-06-14 15:17:45 - [MESSAGE][WARNING] - Timeout '0' is invalid. Using default page load timeout: '30'

2023-06-14 15:17:47 - [MESSAGE][PASSED] - Text 'mensaje3' has been set to element 'Object Repository/CPN40/android.widget.EditText - Escribir mensaje (1)'

2023-06-14 15:17:47 - [TEST_STEP][PASSED] - tap(findTestObject("CPN40/android.widget.ImageButton"), 100): Tapped on element 'Object Repository/CPN40/android.widget.ImageButton'

2023-06-14 15:17:48 - [MESSAGE][PASSED] - Tapped on element 'Object Repository/CPN40/android.widget.ImageButton'

2023-06-14 15:17:48 - [TEST_STEP][PASSED] - setText(findTestObject("CPN40/android.widget.EditText - Escribir mensaje (1)"), "mensaje4", 0): Text 'mensaje4' has been set to element 'Object Repository/CPN40/android.widget.EditText - Escribir mensaje (1)'

2023-06-14 15:17:48 - [MESSAGE][WARNING] - Timeout '0' is invalid. Using default page load timeout: '30'

2023-06-14 15:17:51 - [MESSAGE][PASSED] - Text 'mensaje4' has been set to element 'Object Repository/CPN40/android.widget.EditText - Escribir mensaje (1)'

2023-06-14 15:17:51 - [TEST_STEP][PASSED] - tap(findTestObject("CPN40/android.widget.ImageButton"), 100): Tapped on element 'Object Repository/CPN40/android.widget.ImageButton'

2023-06-14 15:17:51 - [MESSAGE][PASSED] - Tapped on element 'Object Repository/CPN40/android.widget.ImageButton'

2023-06-14 15:17:51 - [TEST_STEP][PASSED] - tap(findTestObject("Object Repository/CPN40/android.widget.ImageButton (1)"), 100): Tapped on element 'Object Repository/CPN40/android.widget.ImageButton (1)'

2023-06-14 15:17:53 - [MESSAGE][PASSED] - Tapped on element 'Object Repository/CPN40/android.widget.ImageButton (1)']]></system-out>
         <system-err><![CDATA[]]></system-err>
      </testcase>
      <testcase name="Test Cases/EnvioMensajes/CPN76" time="31.8" classname="Test Cases/EnvioMensajes/CPN76" status="PASSED">
         <system-out><![CDATA[2023-06-14 15:17:53 - [TEST_CASE][PASSED] - Test Cases/EnvioMensajes/CPN76: Test Cases/EnvioMensajes/CPN76

2023-06-14 15:17:53 - [TEST_STEP][PASSED] - tap(findTestObject("Object Repository/CPN76/android.widget.FrameLayout"), 300): Tapped on element 'Object Repository/CPN76/android.widget.FrameLayout'

2023-06-14 15:17:56 - [MESSAGE][PASSED] - Tapped on element 'Object Repository/CPN76/android.widget.FrameLayout'

2023-06-14 15:17:56 - [TEST_STEP][PASSED] - tap(findTestObject("CPN76/android.view.ViewGroup"), 100): Tapped on element 'Object Repository/CPN76/android.view.ViewGroup'

2023-06-14 15:17:56 - [MESSAGE][PASSED] - Tapped on element 'Object Repository/CPN76/android.view.ViewGroup'

2023-06-14 15:17:56 - [TEST_STEP][PASSED] - tapAndHold(findTestObject("CPN76/android.widget.ImageButton"), 8, 0): Tapped and held on element 'Object Repository/CPN76/android.widget.ImageButton' with duration 8

2023-06-14 15:17:56 - [MESSAGE][WARNING] - Timeout '0' is invalid. Using default page load timeout: '30'

2023-06-14 15:18:07 - [MESSAGE][PASSED] - Tapped and held on element 'Object Repository/CPN76/android.widget.ImageButton' with duration 8

2023-06-14 15:18:07 - [TEST_STEP][PASSED] - tapAndHold(findTestObject("CPN76/android.widget.ImageButton"), 15, 0): Tapped and held on element 'Object Repository/CPN76/android.widget.ImageButton' with duration 15

2023-06-14 15:18:07 - [MESSAGE][WARNING] - Timeout '0' is invalid. Using default page load timeout: '30'

2023-06-14 15:18:24 - [MESSAGE][PASSED] - Tapped and held on element 'Object Repository/CPN76/android.widget.ImageButton' with duration 15

2023-06-14 15:18:24 - [TEST_STEP][PASSED] - tap(findTestObject("CPN76/android.widget.ImageButton (1)"), 0): Tapped on element 'Object Repository/CPN76/android.widget.ImageButton (1)'

2023-06-14 15:18:24 - [MESSAGE][WARNING] - Timeout '0' is invalid. Using default page load timeout: '30'

2023-06-14 15:18:25 - [MESSAGE][PASSED] - Tapped on element 'Object Repository/CPN76/android.widget.ImageButton (1)']]></system-out>
         <system-err><![CDATA[]]></system-err>
      </testcase>
      <testcase name="Test Cases/EnvioMensajes/CPN85" time="38.784" classname="Test Cases/EnvioMensajes/CPN85" status="PASSED">
         <system-out><![CDATA[2023-06-14 15:18:25 - [TEST_CASE][PASSED] - Test Cases/EnvioMensajes/CPN85: Test Cases/EnvioMensajes/CPN85

2023-06-14 15:18:25 - [TEST_STEP][PASSED] - delay(3, STOP_ON_FAILURE): Delayed 3 second(s)

2023-06-14 15:18:28 - [MESSAGE][PASSED] - Delayed 3 second(s)

2023-06-14 15:18:28 - [TEST_STEP][PASSED] - tap(findTestObject("Object Repository/CPN85/android.view.ViewGroup"), 0): Tapped on element 'Object Repository/CPN85/android.view.ViewGroup'

2023-06-14 15:18:28 - [MESSAGE][WARNING] - Timeout '0' is invalid. Using default page load timeout: '30'

2023-06-14 15:18:28 - [MESSAGE][PASSED] - Tapped on element 'Object Repository/CPN85/android.view.ViewGroup'

2023-06-14 15:18:28 - [TEST_STEP][PASSED] - tap(findTestObject("Object Repository/CPN85/android.widget.ImageButton"), 0): Tapped on element 'Object Repository/CPN85/android.widget.ImageButton'

2023-06-14 15:18:28 - [MESSAGE][WARNING] - Timeout '0' is invalid. Using default page load timeout: '30'

2023-06-14 15:18:30 - [MESSAGE][PASSED] - Tapped on element 'Object Repository/CPN85/android.widget.ImageButton'

2023-06-14 15:18:30 - [TEST_STEP][PASSED] - tap(findTestObject("Object Repository/CPN85/android.widget.SeekBar - 0.0"), 0): Tapped on element 'Object Repository/CPN85/android.widget.SeekBar - 0.0'

2023-06-14 15:18:30 - [MESSAGE][WARNING] - Timeout '0' is invalid. Using default page load timeout: '30'

2023-06-14 15:18:31 - [MESSAGE][PASSED] - Tapped on element 'Object Repository/CPN85/android.widget.SeekBar - 0.0'

2023-06-14 15:18:31 - [TEST_STEP][PASSED] - tap(findTestObject("Object Repository/CPN85/android.widget.ImageButton (1)"), 0): Tapped on element 'Object Repository/CPN85/android.widget.ImageButton (1)'

2023-06-14 15:18:31 - [MESSAGE][WARNING] - Timeout '0' is invalid. Using default page load timeout: '30'

2023-06-14 15:18:32 - [MESSAGE][PASSED] - Tapped on element 'Object Repository/CPN85/android.widget.ImageButton (1)'

2023-06-14 15:18:32 - [TEST_STEP][PASSED] - tap(findTestObject("Object Repository/CPN85/android.widget.ImageButton (2)"), 0): Tapped on element 'Object Repository/CPN85/android.widget.ImageButton (2)'

2023-06-14 15:18:32 - [MESSAGE][WARNING] - Timeout '0' is invalid. Using default page load timeout: '30'

2023-06-14 15:18:35 - [MESSAGE][PASSED] - Tapped on element 'Object Repository/CPN85/android.widget.ImageButton (2)'

2023-06-14 15:18:35 - [TEST_STEP][PASSED] - tap(findTestObject("CPN85/android.widget.ImageButton"), 0): Tapped on element 'Object Repository/CPN85/android.widget.ImageButton'

2023-06-14 15:18:35 - [MESSAGE][WARNING] - Timeout '0' is invalid. Using default page load timeout: '30'

2023-06-14 15:18:37 - [MESSAGE][PASSED] - Tapped on element 'Object Repository/CPN85/android.widget.ImageButton'

2023-06-14 15:18:37 - [TEST_STEP][PASSED] - tap(findTestObject("Object Repository/CPN85/android.widget.ImageButton (3)"), 0): Tapped on element 'Object Repository/CPN85/android.widget.ImageButton (3)'

2023-06-14 15:18:37 - [MESSAGE][WARNING] - Timeout '0' is invalid. Using default page load timeout: '30'

2023-06-14 15:18:38 - [MESSAGE][PASSED] - Tapped on element 'Object Repository/CPN85/android.widget.ImageButton (3)'

2023-06-14 15:18:38 - [TEST_STEP][PASSED] - tap(findTestObject("CPN85/android.widget.SeekBar - 0.0"), 0): Tapped on element 'Object Repository/CPN85/android.widget.SeekBar - 0.0'

2023-06-14 15:18:38 - [MESSAGE][WARNING] - Timeout '0' is invalid. Using default page load timeout: '30'

2023-06-14 15:18:39 - [MESSAGE][PASSED] - Tapped on element 'Object Repository/CPN85/android.widget.SeekBar - 0.0'

2023-06-14 15:18:39 - [TEST_STEP][PASSED] - tap(findTestObject("CPN85/android.widget.ImageButton (1)"), 0): Tapped on element 'Object Repository/CPN85/android.widget.ImageButton (1)'

2023-06-14 15:18:39 - [MESSAGE][WARNING] - Timeout '0' is invalid. Using default page load timeout: '30'

2023-06-14 15:18:39 - [MESSAGE][PASSED] - Tapped on element 'Object Repository/CPN85/android.widget.ImageButton (1)'

2023-06-14 15:18:39 - [TEST_STEP][PASSED] - tap(findTestObject("CPN85/android.widget.ImageButton (2)"), 0): Tapped on element 'Object Repository/CPN85/android.widget.ImageButton (2)'

2023-06-14 15:18:39 - [MESSAGE][WARNING] - Timeout '0' is invalid. Using default page load timeout: '30'

2023-06-14 15:18:43 - [MESSAGE][PASSED] - Tapped on element 'Object Repository/CPN85/android.widget.ImageButton (2)'

2023-06-14 15:18:43 - [TEST_STEP][PASSED] - tap(findTestObject("CPN85/android.widget.ImageButton"), 0): Tapped on element 'Object Repository/CPN85/android.widget.ImageButton'

2023-06-14 15:18:43 - [MESSAGE][WARNING] - Timeout '0' is invalid. Using default page load timeout: '30'

2023-06-14 15:18:45 - [MESSAGE][PASSED] - Tapped on element 'Object Repository/CPN85/android.widget.ImageButton'

2023-06-14 15:18:45 - [TEST_STEP][PASSED] - tap(findTestObject("Object Repository/CPN85/android.widget.ImageButton (4)"), 0): Tapped on element 'Object Repository/CPN85/android.widget.ImageButton (4)'

2023-06-14 15:18:45 - [MESSAGE][WARNING] - Timeout '0' is invalid. Using default page load timeout: '30'

2023-06-14 15:18:46 - [MESSAGE][PASSED] - Tapped on element 'Object Repository/CPN85/android.widget.ImageButton (4)'

2023-06-14 15:18:46 - [TEST_STEP][PASSED] - tap(findTestObject("CPN85/android.widget.ImageButton (1)"), 0): Tapped on element 'Object Repository/CPN85/android.widget.ImageButton (1)'

2023-06-14 15:18:46 - [MESSAGE][WARNING] - Timeout '0' is invalid. Using default page load timeout: '30'

2023-06-14 15:18:47 - [MESSAGE][PASSED] - Tapped on element 'Object Repository/CPN85/android.widget.ImageButton (1)'

2023-06-14 15:18:47 - [TEST_STEP][PASSED] - delay(1, STOP_ON_FAILURE): Delayed 1 second(s)

2023-06-14 15:18:48 - [MESSAGE][PASSED] - Delayed 1 second(s)

2023-06-14 15:18:48 - [TEST_STEP][PASSED] - tap(findTestObject("CPN85/android.widget.ImageButton (2)"), 0): Tapped on element 'Object Repository/CPN85/android.widget.ImageButton (2)'

2023-06-14 15:18:48 - [MESSAGE][WARNING] - Timeout '0' is invalid. Using default page load timeout: '30'

2023-06-14 15:18:49 - [MESSAGE][PASSED] - Tapped on element 'Object Repository/CPN85/android.widget.ImageButton (2)'

2023-06-14 15:18:49 - [TEST_STEP][PASSED] - tap(findTestObject("CPN85/android.widget.ImageButton"), 0): Tapped on element 'Object Repository/CPN85/android.widget.ImageButton'

2023-06-14 15:18:49 - [MESSAGE][WARNING] - Timeout '0' is invalid. Using default page load timeout: '30'

2023-06-14 15:18:51 - [MESSAGE][PASSED] - Tapped on element 'Object Repository/CPN85/android.widget.ImageButton'

2023-06-14 15:18:51 - [TEST_STEP][PASSED] - tap(findTestObject("CPN85/android.widget.ImageButton (4)"), 0): Tapped on element 'Object Repository/CPN85/android.widget.ImageButton (4)'

2023-06-14 15:18:51 - [MESSAGE][WARNING] - Timeout '0' is invalid. Using default page load timeout: '30'

2023-06-14 15:18:52 - [MESSAGE][PASSED] - Tapped on element 'Object Repository/CPN85/android.widget.ImageButton (4)'

2023-06-14 15:18:52 - [TEST_STEP][PASSED] - tap(findTestObject("CPN85/android.widget.ImageButton (3)"), 0): Tapped on element 'Object Repository/CPN85/android.widget.ImageButton (3)'

2023-06-14 15:18:52 - [MESSAGE][WARNING] - Timeout '0' is invalid. Using default page load timeout: '30'

2023-06-14 15:18:53 - [MESSAGE][PASSED] - Tapped on element 'Object Repository/CPN85/android.widget.ImageButton (3)'

2023-06-14 15:18:53 - [TEST_STEP][PASSED] - tap(findTestObject("CPN85/android.widget.ImageButton (1)"), 0): Tapped on element 'Object Repository/CPN85/android.widget.ImageButton (1)'

2023-06-14 15:18:53 - [MESSAGE][WARNING] - Timeout '0' is invalid. Using default page load timeout: '30'

2023-06-14 15:18:53 - [MESSAGE][PASSED] - Tapped on element 'Object Repository/CPN85/android.widget.ImageButton (1)'

2023-06-14 15:18:53 - [TEST_STEP][PASSED] - tap(findTestObject("CPN85/android.widget.ImageButton (2)"), 0): Tapped on element 'Object Repository/CPN85/android.widget.ImageButton (2)'

2023-06-14 15:18:53 - [MESSAGE][WARNING] - Timeout '0' is invalid. Using default page load timeout: '30'

2023-06-14 15:18:57 - [MESSAGE][PASSED] - Tapped on element 'Object Repository/CPN85/android.widget.ImageButton (2)'

2023-06-14 15:18:57 - [TEST_STEP][PASSED] - delay(3, STOP_ON_FAILURE): Delayed 3 second(s)

2023-06-14 15:19:00 - [MESSAGE][PASSED] - Delayed 3 second(s)

2023-06-14 15:19:00 - [TEST_STEP][PASSED] - tap(findTestObject("Object Repository/CPN85/android.widget.ImageButton (5)"), 0): Tapped on element 'Object Repository/CPN85/android.widget.ImageButton (5)'

2023-06-14 15:19:00 - [MESSAGE][WARNING] - Timeout '0' is invalid. Using default page load timeout: '30'

2023-06-14 15:19:04 - [MESSAGE][PASSED] - Tapped on element 'Object Repository/CPN85/android.widget.ImageButton (5)']]></system-out>
         <system-err><![CDATA[]]></system-err>
      </testcase>
      <testcase name="Test Cases/EnvioMensajes/CPN94" time="86.501" classname="Test Cases/EnvioMensajes/CPN94" status="PASSED">
         <system-out><![CDATA[2023-06-14 15:19:04 - [TEST_CASE][PASSED] - Test Cases/EnvioMensajes/CPN94: Test Cases/EnvioMensajes/CPN94

2023-06-14 15:19:04 - [TEST_STEP][PASSED] - tap(findTestObject("CPN94/android.view.ViewGroup"), 0): Tapped on element 'Object Repository/CPN94/android.view.ViewGroup'

2023-06-14 15:19:04 - [MESSAGE][WARNING] - Timeout '0' is invalid. Using default page load timeout: '30'

2023-06-14 15:19:04 - [MESSAGE][PASSED] - Tapped on element 'Object Repository/CPN94/android.view.ViewGroup'

2023-06-14 15:19:04 - [TEST_STEP][PASSED] - tap(findTestObject("Object Repository/CPN94/android.widget.ImageButton"), 1): Tapped on element 'Object Repository/CPN94/android.widget.ImageButton'

2023-06-14 15:19:06 - [MESSAGE][PASSED] - Tapped on element 'Object Repository/CPN94/android.widget.ImageButton'

2023-06-14 15:19:06 - [TEST_STEP][PASSED] - tapAndHold(findTestObject("Object Repository/CPN94/android.widget.ImageButton (1)"), 6, 0): Tapped and held on element 'Object Repository/CPN94/android.widget.ImageButton (1)' with duration 6

2023-06-14 15:19:06 - [MESSAGE][WARNING] - Timeout '0' is invalid. Using default page load timeout: '30'

2023-06-14 15:19:14 - [MESSAGE][PASSED] - Tapped and held on element 'Object Repository/CPN94/android.widget.ImageButton (1)' with duration 6

2023-06-14 15:19:14 - [TEST_STEP][PASSED] - tap(findTestObject("Object Repository/CPN94/android.widget.ImageButton (2)"), 1): Tapped on element 'Object Repository/CPN94/android.widget.ImageButton (2)'

2023-06-14 15:19:15 - [MESSAGE][PASSED] - Tapped on element 'Object Repository/CPN94/android.widget.ImageButton (2)'

2023-06-14 15:19:15 - [TEST_STEP][PASSED] - tap(findTestObject("CPN94/android.widget.ImageButton"), 1): Tapped on element 'Object Repository/CPN94/android.widget.ImageButton'

2023-06-14 15:19:17 - [MESSAGE][PASSED] - Tapped on element 'Object Repository/CPN94/android.widget.ImageButton'

2023-06-14 15:19:17 - [TEST_STEP][PASSED] - tap(findTestObject("Object Repository/CPN94/android.widget.ImageButton (3)"), 600): Tapped on element 'Object Repository/CPN94/android.widget.ImageButton (3)'

2023-06-14 15:19:19 - [MESSAGE][PASSED] - Tapped on element 'Object Repository/CPN94/android.widget.ImageButton (3)'

2023-06-14 15:19:19 - [TEST_STEP][PASSED] - tap(findTestObject("Object Repository/CPN94/android.widget.SeekBar - 0.0"), 0): Tapped on element 'Object Repository/CPN94/android.widget.SeekBar - 0.0'

2023-06-14 15:19:19 - [MESSAGE][WARNING] - Timeout '0' is invalid. Using default page load timeout: '30'

2023-06-14 15:19:19 - [MESSAGE][PASSED] - Tapped on element 'Object Repository/CPN94/android.widget.SeekBar - 0.0'

2023-06-14 15:19:19 - [TEST_STEP][PASSED] - tapAndHold(findTestObject("CPN94/android.widget.ImageButton (1)"), 8, 0): Tapped and held on element 'Object Repository/CPN94/android.widget.ImageButton (1)' with duration 8

2023-06-14 15:19:19 - [MESSAGE][WARNING] - Timeout '0' is invalid. Using default page load timeout: '30'

2023-06-14 15:19:29 - [MESSAGE][PASSED] - Tapped and held on element 'Object Repository/CPN94/android.widget.ImageButton (1)' with duration 8

2023-06-14 15:19:29 - [TEST_STEP][PASSED] - tap(findTestObject("Object Repository/CPN94/android.widget.EditText - Escribir mensaje"), 0): Tapped on element 'Object Repository/CPN94/android.widget.EditText - Escribir mensaje'

2023-06-14 15:19:29 - [MESSAGE][WARNING] - Timeout '0' is invalid. Using default page load timeout: '30'

2023-06-14 15:19:31 - [MESSAGE][PASSED] - Tapped on element 'Object Repository/CPN94/android.widget.EditText - Escribir mensaje'

2023-06-14 15:19:31 - [TEST_STEP][PASSED] - setText(findTestObject("Object Repository/CPN94/android.widget.EditText - Escribir mensaje (1)"), "Prueba video", 0): Text 'Prueba video' has been set to element 'Object Repository/CPN94/android.widget.EditText - Escribir mensaje (1)'

2023-06-14 15:19:31 - [MESSAGE][WARNING] - Timeout '0' is invalid. Using default page load timeout: '30'

2023-06-14 15:19:33 - [MESSAGE][PASSED] - Text 'Prueba video' has been set to element 'Object Repository/CPN94/android.widget.EditText - Escribir mensaje (1)'

2023-06-14 15:19:33 - [TEST_STEP][PASSED] - hideKeyboard(): Keyboard is hidden

2023-06-14 15:19:35 - [MESSAGE][PASSED] - Keyboard is hidden

2023-06-14 15:19:36 - [TEST_STEP][PASSED] - tap(findTestObject("CPN94/android.widget.ImageButton (2)"), 0): Tapped on element 'Object Repository/CPN94/android.widget.ImageButton (2)'

2023-06-14 15:19:36 - [MESSAGE][WARNING] - Timeout '0' is invalid. Using default page load timeout: '30'

2023-06-14 15:19:37 - [MESSAGE][PASSED] - Tapped on element 'Object Repository/CPN94/android.widget.ImageButton (2)'

2023-06-14 15:19:37 - [TEST_STEP][PASSED] - tap(findTestObject("CPN94/android.widget.ImageButton"), 0): Tapped on element 'Object Repository/CPN94/android.widget.ImageButton'

2023-06-14 15:19:37 - [MESSAGE][WARNING] - Timeout '0' is invalid. Using default page load timeout: '30'

2023-06-14 15:19:38 - [MESSAGE][PASSED] - Tapped on element 'Object Repository/CPN94/android.widget.ImageButton'

2023-06-14 15:19:38 - [TEST_STEP][PASSED] - tap(findTestObject("Object Repository/CPN94/android.widget.ImageButton (4)"), 0): Tapped on element 'Object Repository/CPN94/android.widget.ImageButton (4)'

2023-06-14 15:19:38 - [MESSAGE][WARNING] - Timeout '0' is invalid. Using default page load timeout: '30'

2023-06-14 15:19:39 - [MESSAGE][PASSED] - Tapped on element 'Object Repository/CPN94/android.widget.ImageButton (4)'

2023-06-14 15:19:39 - [TEST_STEP][PASSED] - tapAndHold(findTestObject("CPN94/android.widget.ImageButton (1)"), 5, 0): Tapped and held on element 'Object Repository/CPN94/android.widget.ImageButton (1)' with duration 5

2023-06-14 15:19:39 - [MESSAGE][WARNING] - Timeout '0' is invalid. Using default page load timeout: '30'

2023-06-14 15:19:47 - [MESSAGE][PASSED] - Tapped and held on element 'Object Repository/CPN94/android.widget.ImageButton (1)' with duration 5

2023-06-14 15:19:47 - [TEST_STEP][PASSED] - tap(findTestObject("CPN94/android.widget.ImageButton (2)"), 0): Tapped on element 'Object Repository/CPN94/android.widget.ImageButton (2)'

2023-06-14 15:19:47 - [MESSAGE][WARNING] - Timeout '0' is invalid. Using default page load timeout: '30'

2023-06-14 15:19:47 - [MESSAGE][PASSED] - Tapped on element 'Object Repository/CPN94/android.widget.ImageButton (2)'

2023-06-14 15:19:47 - [TEST_STEP][PASSED] - tap(findTestObject("CPN94/android.widget.ImageButton"), 0): Tapped on element 'Object Repository/CPN94/android.widget.ImageButton'

2023-06-14 15:19:47 - [MESSAGE][WARNING] - Timeout '0' is invalid. Using default page load timeout: '30'

2023-06-14 15:19:49 - [MESSAGE][PASSED] - Tapped on element 'Object Repository/CPN94/android.widget.ImageButton'

2023-06-14 15:19:49 - [TEST_STEP][PASSED] - tap(findTestObject("CPN94/android.widget.ImageButton (4)"), 0): Tapped on element 'Object Repository/CPN94/android.widget.ImageButton (4)'

2023-06-14 15:19:49 - [MESSAGE][WARNING] - Timeout '0' is invalid. Using default page load timeout: '30'

2023-06-14 15:19:50 - [MESSAGE][PASSED] - Tapped on element 'Object Repository/CPN94/android.widget.ImageButton (4)'

2023-06-14 15:19:50 - [TEST_STEP][PASSED] - tapAndHold(findTestObject("CPN94/android.widget.ImageButton (1)"), 10, 0): Tapped and held on element 'Object Repository/CPN94/android.widget.ImageButton (1)' with duration 10

2023-06-14 15:19:50 - [MESSAGE][WARNING] - Timeout '0' is invalid. Using default page load timeout: '30'

2023-06-14 15:20:02 - [MESSAGE][PASSED] - Tapped and held on element 'Object Repository/CPN94/android.widget.ImageButton (1)' with duration 10

2023-06-14 15:20:02 - [TEST_STEP][PASSED] - tap(findTestObject("CPN94/android.widget.ImageButton (2)"), 0): Tapped on element 'Object Repository/CPN94/android.widget.ImageButton (2)'

2023-06-14 15:20:02 - [MESSAGE][WARNING] - Timeout '0' is invalid. Using default page load timeout: '30'

2023-06-14 15:20:03 - [MESSAGE][PASSED] - Tapped on element 'Object Repository/CPN94/android.widget.ImageButton (2)'

2023-06-14 15:20:03 - [TEST_STEP][PASSED] - tap(findTestObject("CPN94/android.widget.ImageButton"), 0): Tapped on element 'Object Repository/CPN94/android.widget.ImageButton'

2023-06-14 15:20:03 - [MESSAGE][WARNING] - Timeout '0' is invalid. Using default page load timeout: '30'

2023-06-14 15:20:04 - [MESSAGE][PASSED] - Tapped on element 'Object Repository/CPN94/android.widget.ImageButton'

2023-06-14 15:20:04 - [TEST_STEP][PASSED] - delay(3, STOP_ON_FAILURE): Delayed 3 second(s)

2023-06-14 15:20:07 - [MESSAGE][PASSED] - Delayed 3 second(s)

2023-06-14 15:20:07 - [TEST_STEP][PASSED] - tap(findTestObject("CPN94/android.widget.ImageButton (4)"), 0): Tapped on element 'Object Repository/CPN94/android.widget.ImageButton (4)'

2023-06-14 15:20:07 - [MESSAGE][WARNING] - Timeout '0' is invalid. Using default page load timeout: '30'

2023-06-14 15:20:08 - [MESSAGE][PASSED] - Tapped on element 'Object Repository/CPN94/android.widget.ImageButton (4)'

2023-06-14 15:20:08 - [TEST_STEP][PASSED] - tapAndHold(findTestObject("CPN94/android.widget.ImageButton (1)"), 15, 0): Tapped and held on element 'Object Repository/CPN94/android.widget.ImageButton (1)' with duration 15

2023-06-14 15:20:08 - [MESSAGE][WARNING] - Timeout '0' is invalid. Using default page load timeout: '30'

2023-06-14 15:20:26 - [MESSAGE][PASSED] - Tapped and held on element 'Object Repository/CPN94/android.widget.ImageButton (1)' with duration 15

2023-06-14 15:20:26 - [TEST_STEP][PASSED] - tap(findTestObject("CPN94/android.widget.ImageButton (2)"), 0): Tapped on element 'Object Repository/CPN94/android.widget.ImageButton (2)'

2023-06-14 15:20:26 - [MESSAGE][WARNING] - Timeout '0' is invalid. Using default page load timeout: '30'

2023-06-14 15:20:28 - [MESSAGE][PASSED] - Tapped on element 'Object Repository/CPN94/android.widget.ImageButton (2)'

2023-06-14 15:20:28 - [TEST_STEP][PASSED] - tap(findTestObject("CPN94/android.widget.ImageButton (6)"), 0): Tapped on element 'Object Repository/CPN94/android.widget.ImageButton (6)'

2023-06-14 15:20:28 - [MESSAGE][WARNING] - Timeout '0' is invalid. Using default page load timeout: '30'

2023-06-14 15:20:30 - [MESSAGE][PASSED] - Tapped on element 'Object Repository/CPN94/android.widget.ImageButton (6)']]></system-out>
         <system-err><![CDATA[]]></system-err>
      </testcase>
      <testcase name="Test Cases/EnvioMensajes/CPN103" time="19.202" classname="Test Cases/EnvioMensajes/CPN103" status="PASSED">
         <system-out><![CDATA[2023-06-14 15:20:30 - [TEST_CASE][PASSED] - Test Cases/EnvioMensajes/CPN103: Test Cases/EnvioMensajes/CPN103

2023-06-14 15:20:30 - [TEST_STEP][PASSED] - tap(findTestObject("CPN103/android.view.ViewGroup"), 0): Tapped on element 'Object Repository/CPN103/android.view.ViewGroup'

2023-06-14 15:20:30 - [MESSAGE][WARNING] - Timeout '0' is invalid. Using default page load timeout: '30'

2023-06-14 15:20:33 - [MESSAGE][PASSED] - Tapped on element 'Object Repository/CPN103/android.view.ViewGroup'

2023-06-14 15:20:33 - [TEST_STEP][PASSED] - tap(findTestObject("Object Repository/CPN103/android.widget.ImageButton"), 0): Tapped on element 'Object Repository/CPN103/android.widget.ImageButton'

2023-06-14 15:20:33 - [MESSAGE][WARNING] - Timeout '0' is invalid. Using default page load timeout: '30'

2023-06-14 15:20:35 - [MESSAGE][PASSED] - Tapped on element 'Object Repository/CPN103/android.widget.ImageButton'

2023-06-14 15:20:35 - [TEST_STEP][PASSED] - tap(findTestObject("Object Repository/CPN103/android.widget.LinearLayout"), 0): Tapped on element 'Object Repository/CPN103/android.widget.LinearLayout'

2023-06-14 15:20:35 - [MESSAGE][WARNING] - Timeout '0' is invalid. Using default page load timeout: '30'

2023-06-14 15:20:36 - [MESSAGE][PASSED] - Tapped on element 'Object Repository/CPN103/android.widget.LinearLayout'

2023-06-14 15:20:36 - [TEST_STEP][PASSED] - tap(findTestObject("Object Repository/CPN103/android.widget.ImageView"), 0): Tapped on element 'Object Repository/CPN103/android.widget.ImageView'

2023-06-14 15:20:36 - [MESSAGE][WARNING] - Timeout '0' is invalid. Using default page load timeout: '30'

2023-06-14 15:20:41 - [MESSAGE][PASSED] - Tapped on element 'Object Repository/CPN103/android.widget.ImageView'

2023-06-14 15:20:41 - [TEST_STEP][PASSED] - tap(findTestObject("CPN103/android.widget.ImageButton"), 0): Tapped on element 'Object Repository/CPN103/android.widget.ImageButton'

2023-06-14 15:20:41 - [MESSAGE][WARNING] - Timeout '0' is invalid. Using default page load timeout: '30'

2023-06-14 15:20:43 - [MESSAGE][PASSED] - Tapped on element 'Object Repository/CPN103/android.widget.ImageButton'

2023-06-14 15:20:43 - [TEST_STEP][PASSED] - tap(findTestObject("CPN103/android.widget.LinearLayout"), 0): Tapped on element 'Object Repository/CPN103/android.widget.LinearLayout'

2023-06-14 15:20:43 - [MESSAGE][WARNING] - Timeout '0' is invalid. Using default page load timeout: '30'

2023-06-14 15:20:44 - [MESSAGE][PASSED] - Tapped on element 'Object Repository/CPN103/android.widget.LinearLayout'

2023-06-14 15:20:44 - [TEST_STEP][PASSED] - tap(findTestObject("Object Repository/CPN103/android.widget.ImageView (1)"), 0): Tapped on element 'Object Repository/CPN103/android.widget.ImageView (1)'

2023-06-14 15:20:44 - [MESSAGE][WARNING] - Timeout '0' is invalid. Using default page load timeout: '30'

2023-06-14 15:20:46 - [MESSAGE][PASSED] - Tapped on element 'Object Repository/CPN103/android.widget.ImageView (1)'

2023-06-14 15:20:46 - [TEST_STEP][PASSED] - tap(findTestObject("Object Repository/CPN103/android.widget.ImageButton (1)"), 0): Tapped on element 'Object Repository/CPN103/android.widget.ImageButton (1)'

2023-06-14 15:20:46 - [MESSAGE][WARNING] - Timeout '0' is invalid. Using default page load timeout: '30'

2023-06-14 15:20:49 - [MESSAGE][PASSED] - Tapped on element 'Object Repository/CPN103/android.widget.ImageButton (1)']]></system-out>
         <system-err><![CDATA[]]></system-err>
      </testcase>
      <testcase name="Test Cases/EnvioMensajes/CPN104" time="21.977" classname="Test Cases/EnvioMensajes/CPN104" status="PASSED">
         <system-out><![CDATA[2023-06-14 15:20:49 - [TEST_CASE][PASSED] - Test Cases/EnvioMensajes/CPN104: Test Cases/EnvioMensajes/CPN104

2023-06-14 15:20:50 - [TEST_STEP][PASSED] - tap(findTestObject("Object Repository/CPN104/android.view.ViewGroup"), 100): Tapped on element 'Object Repository/CPN104/android.view.ViewGroup'

2023-06-14 15:20:50 - [MESSAGE][PASSED] - Tapped on element 'Object Repository/CPN104/android.view.ViewGroup'

2023-06-14 15:20:50 - [TEST_STEP][PASSED] - tap(findTestObject("Object Repository/CPN104/android.widget.ImageButton"), 100): Tapped on element 'Object Repository/CPN104/android.widget.ImageButton'

2023-06-14 15:20:51 - [MESSAGE][PASSED] - Tapped on element 'Object Repository/CPN104/android.widget.ImageButton'

2023-06-14 15:20:51 - [TEST_STEP][PASSED] - tap(findTestObject("Object Repository/CPN104/android.widget.LinearLayout"), 100): Tapped on element 'Object Repository/CPN104/android.widget.LinearLayout'

2023-06-14 15:20:52 - [MESSAGE][PASSED] - Tapped on element 'Object Repository/CPN104/android.widget.LinearLayout'

2023-06-14 15:20:52 - [TEST_STEP][PASSED] - tap(findTestObject("Object Repository/CPN104/android.view.ViewGroup (1)"), 100): Tapped on element 'Object Repository/CPN104/android.view.ViewGroup (1)'

2023-06-14 15:20:54 - [MESSAGE][PASSED] - Tapped on element 'Object Repository/CPN104/android.view.ViewGroup (1)'

2023-06-14 15:20:54 - [TEST_STEP][PASSED] - tap(findTestObject("Object Repository/CPN104/android.widget.ImageView"), 100): Tapped on element 'Object Repository/CPN104/android.widget.ImageView'

2023-06-14 15:20:55 - [MESSAGE][PASSED] - Tapped on element 'Object Repository/CPN104/android.widget.ImageView'

2023-06-14 15:20:55 - [TEST_STEP][PASSED] - tap(findTestObject("Object Repository/CPN104/android.widget.ImageView (1)"), 100): Tapped on element 'Object Repository/CPN104/android.widget.ImageView (1)'

2023-06-14 15:20:56 - [MESSAGE][PASSED] - Tapped on element 'Object Repository/CPN104/android.widget.ImageView (1)'

2023-06-14 15:20:56 - [TEST_STEP][PASSED] - delay(8, STOP_ON_FAILURE): Delayed 8 second(s)

2023-06-14 15:21:04 - [MESSAGE][PASSED] - Delayed 8 second(s)

2023-06-14 15:21:04 - [TEST_STEP][PASSED] - tap(findTestObject("Object Repository/CPN104/android.widget.ImageView (2)"), 100): Tapped on element 'Object Repository/CPN104/android.widget.ImageView (2)'

2023-06-14 15:21:04 - [MESSAGE][PASSED] - Tapped on element 'Object Repository/CPN104/android.widget.ImageView (2)'

2023-06-14 15:21:04 - [TEST_STEP][PASSED] - tap(findTestObject("Object Repository/CPN104/android.widget.ImageButton (1)"), 100): Tapped on element 'Object Repository/CPN104/android.widget.ImageButton (1)'

2023-06-14 15:21:06 - [MESSAGE][PASSED] - Tapped on element 'Object Repository/CPN104/android.widget.ImageButton (1)'

2023-06-14 15:21:06 - [TEST_STEP][PASSED] - delay(3, STOP_ON_FAILURE): Delayed 3 second(s)

2023-06-14 15:21:09 - [MESSAGE][PASSED] - Delayed 3 second(s)

2023-06-14 15:21:09 - [TEST_STEP][PASSED] - tap(findTestObject("Object Repository/CPN104/android.widget.ImageButton (2)"), 100): Tapped on element 'Object Repository/CPN104/android.widget.ImageButton (2)'

2023-06-14 15:21:11 - [MESSAGE][PASSED] - Tapped on element 'Object Repository/CPN104/android.widget.ImageButton (2)']]></system-out>
         <system-err><![CDATA[]]></system-err>
      </testcase>
      <testcase name="Test Cases/EnvioMensajes/CPN105" time="40.203" classname="Test Cases/EnvioMensajes/CPN105" status="PASSED">
         <system-out><![CDATA[2023-06-14 15:21:11 - [TEST_CASE][PASSED] - Test Cases/EnvioMensajes/CPN105: Test Cases/EnvioMensajes/CPN105

2023-06-14 15:21:12 - [TEST_STEP][PASSED] - tap(findTestObject("Object Repository/CPN105/android.view.ViewGroup"), 0): Tapped on element 'Object Repository/CPN105/android.view.ViewGroup'

2023-06-14 15:21:12 - [MESSAGE][WARNING] - Timeout '0' is invalid. Using default page load timeout: '30'

2023-06-14 15:21:13 - [MESSAGE][PASSED] - Tapped on element 'Object Repository/CPN105/android.view.ViewGroup'

2023-06-14 15:21:13 - [TEST_STEP][PASSED] - tap(findTestObject("Object Repository/CPN105/android.widget.ImageButton"), 100): Tapped on element 'Object Repository/CPN105/android.widget.ImageButton'

2023-06-14 15:21:14 - [MESSAGE][PASSED] - Tapped on element 'Object Repository/CPN105/android.widget.ImageButton'

2023-06-14 15:21:14 - [TEST_STEP][PASSED] - tap(findTestObject("Object Repository/CPN105/android.widget.LinearLayout"), 100): Tapped on element 'Object Repository/CPN105/android.widget.LinearLayout'

2023-06-14 15:21:15 - [MESSAGE][PASSED] - Tapped on element 'Object Repository/CPN105/android.widget.LinearLayout'

2023-06-14 15:21:15 - [TEST_STEP][PASSED] - tap(findTestObject("Object Repository/CPN105/android.widget.ImageButton (1)"), 100): Tapped on element 'Object Repository/CPN105/android.widget.ImageButton (1)'

2023-06-14 15:21:18 - [MESSAGE][PASSED] - Tapped on element 'Object Repository/CPN105/android.widget.ImageButton (1)'

2023-06-14 15:21:18 - [TEST_STEP][PASSED] - delay(3, STOP_ON_FAILURE): Delayed 3 second(s)

2023-06-14 15:21:21 - [MESSAGE][PASSED] - Delayed 3 second(s)

2023-06-14 15:21:21 - [TEST_STEP][PASSED] - tap(findTestObject("CPN105/android.widget.ImageButton"), 100): Tapped on element 'Object Repository/CPN105/android.widget.ImageButton'

2023-06-14 15:21:24 - [MESSAGE][PASSED] - Tapped on element 'Object Repository/CPN105/android.widget.ImageButton'

2023-06-14 15:21:24 - [TEST_STEP][PASSED] - tap(findTestObject("CPN105/android.widget.LinearLayout"), 100): Tapped on element 'Object Repository/CPN105/android.widget.LinearLayout'

2023-06-14 15:21:24 - [MESSAGE][PASSED] - Tapped on element 'Object Repository/CPN105/android.widget.LinearLayout'

2023-06-14 15:21:24 - [TEST_STEP][PASSED] - tap(findTestObject("Object Repository/CPN105/android.widget.TextView"), 100): Tapped on element 'Object Repository/CPN105/android.widget.TextView'

2023-06-14 15:21:27 - [MESSAGE][PASSED] - Tapped on element 'Object Repository/CPN105/android.widget.TextView'

2023-06-14 15:21:27 - [TEST_STEP][PASSED] - setText(findTestObject("Object Repository/CPN105/android.widget.EditText - NapoleoN"), "Valenci", 0): Text 'Valenci' has been set to element 'Object Repository/CPN105/android.widget.EditText - NapoleoN'

2023-06-14 15:21:27 - [MESSAGE][WARNING] - Timeout '0' is invalid. Using default page load timeout: '30'

2023-06-14 15:21:29 - [MESSAGE][PASSED] - Text 'Valenci' has been set to element 'Object Repository/CPN105/android.widget.EditText - NapoleoN'

2023-06-14 15:21:29 - [TEST_STEP][PASSED] - tap(findTestObject("CPN105/android.view.ViewGroup (1)"), 0): Tapped on element 'Object Repository/CPN105/android.view.ViewGroup (1)'

2023-06-14 15:21:30 - [MESSAGE][WARNING] - Timeout '0' is invalid. Using default page load timeout: '30'

2023-06-14 15:21:31 - [MESSAGE][PASSED] - Tapped on element 'Object Repository/CPN105/android.view.ViewGroup (1)'

2023-06-14 15:21:31 - [TEST_STEP][PASSED] - tap(findTestObject("CPN105/android.widget.ImageButton (1)"), 100): Tapped on element 'Object Repository/CPN105/android.widget.ImageButton (1)'

2023-06-14 15:21:34 - [MESSAGE][PASSED] - Tapped on element 'Object Repository/CPN105/android.widget.ImageButton (1)'

2023-06-14 15:21:34 - [TEST_STEP][PASSED] - tap(findTestObject("Object Repository/CPN105/android.widget.ImageButton"), 100): Tapped on element 'Object Repository/CPN105/android.widget.ImageButton'

2023-06-14 15:21:38 - [MESSAGE][PASSED] - Tapped on element 'Object Repository/CPN105/android.widget.ImageButton'

2023-06-14 15:21:38 - [TEST_STEP][PASSED] - tap(findTestObject("Object Repository/CPN105/android.widget.LinearLayout"), 100): Tapped on element 'Object Repository/CPN105/android.widget.LinearLayout'

2023-06-14 15:21:39 - [MESSAGE][PASSED] - Tapped on element 'Object Repository/CPN105/android.widget.LinearLayout'

2023-06-14 15:21:39 - [TEST_STEP][PASSED] - tap(findTestObject("Object Repository/CPN105/android.widget.TextView"), 100): Tapped on element 'Object Repository/CPN105/android.widget.TextView'

2023-06-14 15:21:40 - [MESSAGE][PASSED] - Tapped on element 'Object Repository/CPN105/android.widget.TextView'

2023-06-14 15:21:40 - [TEST_STEP][PASSED] - setText(findTestObject("CPN105/android.widget.EditText - NapoleoN"), "ikonos", 0): Text 'ikonos' has been set to element 'Object Repository/CPN105/android.widget.EditText - NapoleoN'

2023-06-14 15:21:40 - [MESSAGE][WARNING] - Timeout '0' is invalid. Using default page load timeout: '30'

2023-06-14 15:21:43 - [MESSAGE][PASSED] - Text 'ikonos' has been set to element 'Object Repository/CPN105/android.widget.EditText - NapoleoN'

2023-06-14 15:21:43 - [TEST_STEP][PASSED] - tap(findTestObject("CPN105/android.view.ViewGroup (1)"), 0): Tapped on element 'Object Repository/CPN105/android.view.ViewGroup (1)'

2023-06-14 15:21:43 - [MESSAGE][WARNING] - Timeout '0' is invalid. Using default page load timeout: '30'

2023-06-14 15:21:45 - [MESSAGE][PASSED] - Tapped on element 'Object Repository/CPN105/android.view.ViewGroup (1)'

2023-06-14 15:21:45 - [TEST_STEP][PASSED] - tap(findTestObject("Object Repository/CPN105/android.widget.ImageButton (2)"), 100): Tapped on element 'Object Repository/CPN105/android.widget.ImageButton (2)'

2023-06-14 15:21:46 - [MESSAGE][PASSED] - Tapped on element 'Object Repository/CPN105/android.widget.ImageButton (2)'

2023-06-14 15:21:46 - [TEST_STEP][PASSED] - tap(findTestObject("Object Repository/CPN105/android.widget.ImageButton (3)"), 100): Tapped on element 'Object Repository/CPN105/android.widget.ImageButton (3)'

2023-06-14 15:21:51 - [MESSAGE][PASSED] - Tapped on element 'Object Repository/CPN105/android.widget.ImageButton (3)']]></system-out>
         <system-err><![CDATA[]]></system-err>
      </testcase>
      <testcase name="Test Cases/EnvioMensajes/CPN105.1" time="21.641" classname="Test Cases/EnvioMensajes/CPN105.1" status="PASSED">
         <system-out><![CDATA[2023-06-14 15:21:51 - [TEST_CASE][PASSED] - Test Cases/EnvioMensajes/CPN105.1: Test Cases/EnvioMensajes/CPN105.1

2023-06-14 15:21:52 - [TEST_STEP][PASSED] - delay(3, STOP_ON_FAILURE): Delayed 3 second(s)

2023-06-14 15:21:55 - [MESSAGE][PASSED] - Delayed 3 second(s)

2023-06-14 15:21:55 - [TEST_STEP][PASSED] - tap(findTestObject("Object Repository/CPN105.1/android.view.ViewGroup"), 100): Tapped on element 'Object Repository/CPN105.1/android.view.ViewGroup'

2023-06-14 15:21:55 - [MESSAGE][PASSED] - Tapped on element 'Object Repository/CPN105.1/android.view.ViewGroup'

2023-06-14 15:21:55 - [TEST_STEP][PASSED] - tap(findTestObject("Object Repository/CPN105.1/android.widget.ImageButton"), 0): Tapped on element 'Object Repository/CPN105.1/android.widget.ImageButton'

2023-06-14 15:21:55 - [MESSAGE][WARNING] - Timeout '0' is invalid. Using default page load timeout: '30'

2023-06-14 15:21:56 - [MESSAGE][PASSED] - Tapped on element 'Object Repository/CPN105.1/android.widget.ImageButton'

2023-06-14 15:21:56 - [TEST_STEP][PASSED] - tap(findTestObject("Object Repository/CPN105.1/android.widget.LinearLayout"), 0): Tapped on element 'Object Repository/CPN105.1/android.widget.LinearLayout'

2023-06-14 15:21:56 - [MESSAGE][WARNING] - Timeout '0' is invalid. Using default page load timeout: '30'

2023-06-14 15:21:57 - [MESSAGE][PASSED] - Tapped on element 'Object Repository/CPN105.1/android.widget.LinearLayout'

2023-06-14 15:21:57 - [TEST_STEP][PASSED] - tap(findTestObject("Object Repository/CPN105.1/android.widget.ImageButton (1)"), 0): Tapped on element 'Object Repository/CPN105.1/android.widget.ImageButton (1)'

2023-06-14 15:21:57 - [MESSAGE][WARNING] - Timeout '0' is invalid. Using default page load timeout: '30'

2023-06-14 15:21:59 - [MESSAGE][PASSED] - Tapped on element 'Object Repository/CPN105.1/android.widget.ImageButton (1)'

2023-06-14 15:21:59 - [TEST_STEP][PASSED] - tap(findTestObject("Object Repository/CPN105.1/android.widget.ImageButton (2)"), 0): Tapped on element 'Object Repository/CPN105.1/android.widget.ImageButton (2)'

2023-06-14 15:21:59 - [MESSAGE][WARNING] - Timeout '0' is invalid. Using default page load timeout: '30'

2023-06-14 15:22:02 - [MESSAGE][PASSED] - Tapped on element 'Object Repository/CPN105.1/android.widget.ImageButton (2)'

2023-06-14 15:22:02 - [TEST_STEP][PASSED] - tap(findTestObject("CPN105.1/android.widget.ImageButton"), 0): Tapped on element 'Object Repository/CPN105.1/android.widget.ImageButton'

2023-06-14 15:22:02 - [MESSAGE][WARNING] - Timeout '0' is invalid. Using default page load timeout: '30'

2023-06-14 15:22:03 - [MESSAGE][PASSED] - Tapped on element 'Object Repository/CPN105.1/android.widget.ImageButton'

2023-06-14 15:22:03 - [TEST_STEP][PASSED] - tap(findTestObject("CPN105.1/android.widget.LinearLayout"), 100): Tapped on element 'Object Repository/CPN105.1/android.widget.LinearLayout'

2023-06-14 15:22:04 - [MESSAGE][PASSED] - Tapped on element 'Object Repository/CPN105.1/android.widget.LinearLayout'

2023-06-14 15:22:04 - [TEST_STEP][PASSED] - tap(findTestObject("Object Repository/CPN105.1/android.widget.ImageButton (3)"), 0): Tapped on element 'Object Repository/CPN105.1/android.widget.ImageButton (3)'

2023-06-14 15:22:04 - [MESSAGE][WARNING] - Timeout '0' is invalid. Using default page load timeout: '30'

2023-06-14 15:22:05 - [MESSAGE][PASSED] - Tapped on element 'Object Repository/CPN105.1/android.widget.ImageButton (3)'

2023-06-14 15:22:05 - [TEST_STEP][PASSED] - tap(findTestObject("Object Repository/CPN105.1/android.widget.ImageButton (4)"), 0): Tapped on element 'Object Repository/CPN105.1/android.widget.ImageButton (4)'

2023-06-14 15:22:05 - [MESSAGE][WARNING] - Timeout '0' is invalid. Using default page load timeout: '30'

2023-06-14 15:22:06 - [MESSAGE][PASSED] - Tapped on element 'Object Repository/CPN105.1/android.widget.ImageButton (4)'

2023-06-14 15:22:06 - [TEST_STEP][PASSED] - tap(findTestObject("CPN105.1/android.widget.ImageButton (2)"), 0): Tapped on element 'Object Repository/CPN105.1/android.widget.ImageButton (2)'

2023-06-14 15:22:06 - [MESSAGE][WARNING] - Timeout '0' is invalid. Using default page load timeout: '30'

2023-06-14 15:22:07 - [MESSAGE][PASSED] - Tapped on element 'Object Repository/CPN105.1/android.widget.ImageButton (2)'

2023-06-14 15:22:07 - [TEST_STEP][PASSED] - tap(findTestObject("Object Repository/CPN105.1/android.widget.ImageButton"), 0): Tapped on element 'Object Repository/CPN105.1/android.widget.ImageButton'

2023-06-14 15:22:08 - [MESSAGE][WARNING] - Timeout '0' is invalid. Using default page load timeout: '30'

2023-06-14 15:22:10 - [MESSAGE][PASSED] - Tapped on element 'Object Repository/CPN105.1/android.widget.ImageButton'

2023-06-14 15:22:10 - [TEST_STEP][PASSED] - tap(findTestObject("Object Repository/CPN105.1/android.widget.ImageView"), 0): Tapped on element 'Object Repository/CPN105.1/android.widget.ImageView'

2023-06-14 15:22:10 - [MESSAGE][WARNING] - Timeout '0' is invalid. Using default page load timeout: '30'

2023-06-14 15:22:11 - [MESSAGE][PASSED] - Tapped on element 'Object Repository/CPN105.1/android.widget.ImageView'

2023-06-14 15:22:11 - [TEST_STEP][PASSED] - tap(findTestObject("Object Repository/CPN105.1/android.widget.ImageButton (5)"), 100): Tapped on element 'Object Repository/CPN105.1/android.widget.ImageButton (5)'

2023-06-14 15:22:13 - [MESSAGE][PASSED] - Tapped on element 'Object Repository/CPN105.1/android.widget.ImageButton (5)']]></system-out>
         <system-err><![CDATA[]]></system-err>
      </testcase>
      <system-out><![CDATA[2023-06-14 15:12:05 - [TEST_SUITE][PASSED] - PRUEBA-CPN105.1: Test Cases/EnvioMensajes/CPN105.1]]></system-out>
      <system-err><![CDATA[]]></system-err>
   </testsuite>
</testsuites>
