<?xml version="1.0" encoding="UTF-8"?>
<testsuites name="PRUEBA-CPN105.1" time="630.911" tests="27" failures="1" errors="0">
   <testsuite name="PRUEBA-CPN105.1" tests="27" failures="1" errors="0" time="630.911" skipped="0" timestamp="2023-06-16 09:44:53" hostname="Testing - DESKTOP-OBIGNLU" id="Test Suites/PRUEBA-CPN105.1">
      <properties>
         <property name="deviceName" value="samsung SM-A107M (Android 11)"/>
         <property name="devicePlatform" value=""/>
         <property name="logFolder" value="C:\\Users\\Testing\\Katalon Studio\\NN_Version2\\Reports\\20230616_094445\\PRUEBA-CPN105.1\\20230616_094445"/>
         <property name="logFiles" value="C:\\Users\\Testing\\Katalon Studio\\NN_Version2\\Reports\\20230616_094445\\PRUEBA-CPN105.1\\20230616_094445\\appium.log, C:\\Users\\Testing\\Katalon Studio\\NN_Version2\\Reports\\20230616_094445\\PRUEBA-CPN105.1\\20230616_094445\\execution0.log"/>
         <property name="attachments" value="C:\\Users\\Testing\\Katalon Studio\\NN_Version2\\Reports\\20230616_094445\\PRUEBA-CPN105.1\\20230616_094445\\1686927322753.png"/>
         <property name="hostName" value="Testing - DESKTOP-OBIGNLU"/>
         <property name="os" value="Windows 10 64bit"/>
         <property name="appiumServerStatus" value="{&quot;value&quot;:{&quot;build&quot;:{&quot;version&quot;:&quot;1.22.3&quot;}},&quot;sessionId&quot;:null,&quot;status&quot;:0}"/>
         <property name="katalonVersion" value="8.6.5.208"/>
         <property name="deviceOS" value="Android"/>
         <property name="appiumVersion" value="1.22.3"/>
         <property name="deviceModel" value="SM-A107M"/>
         <property name="hostAddress" value="192.168.1.1"/>
         <property name="deviceManufacturer" value="samsung"/>
         <property name="deviceId" value="R9WN40KBXDJ"/>
         <property name="deviceName" value="samsung SM-A107M (Android 11)"/>
         <property name="deviceOSVersion" value="11"/>
      </properties>
      <testcase name="Test Cases/CPNTUTORIAL/CPNTUTORIAL" time="45.763" classname="Test Cases/CPNTUTORIAL/CPNTUTORIAL" status="PASSED">
         <system-out><![CDATA[2023-06-16 09:44:53 - [TEST_CASE][PASSED] - Test Cases/CPNTUTORIAL/CPNTUTORIAL: Test Cases/CPNTUTORIAL/CPNTUTORIAL

2023-06-16 09:44:53 - [TEST_STEP][PASSED] - startApplication("C:\Users\Testing\Desktop\katalon\APK SERVIDOR NUEVO\NapoleoN.apk", true): Started app at: 'C:\Users\Testing\Desktop\katalon\APK SERVIDOR NUEVO\NapoleoN.apk'

2023-06-16 09:44:53 - [MESSAGE][INFO] - User set preference: ['deviceId', '']

2023-06-16 09:44:54 - [MESSAGE][INFO] - Detected NodeJS location: "C:\Program Files\nodejs\node.exe"

2023-06-16 09:44:55 - [MESSAGE][INFO] - Appium server started on port 62.453

2023-06-16 09:45:29 - [MESSAGE][PASSED] - Started app at: 'C:\Users\Testing\Desktop\katalon\APK SERVIDOR NUEVO\NapoleoN.apk'

2023-06-16 09:45:29 - [TEST_STEP][PASSED] - verifyElementText(findTestObject("Object Repository/CPNTUTORIAL/android.widget.FrameLayout (1)"), ""): Actual text and expected text of test object 'Object Repository/CPNTUTORIAL/android.widget.FrameLayout (1)' are matched.

2023-06-16 09:45:30 - [MESSAGE][PASSED] - Actual text and expected text of test object 'Object Repository/CPNTUTORIAL/android.widget.FrameLayout (1)' are matched.

2023-06-16 09:45:30 - [TEST_STEP][PASSED] - tap(findTestObject("Object Repository/CPNTUTORIAL/android.widget.TextView - Omitir"), 1): Tapped on element 'Object Repository/CPNTUTORIAL/android.widget.TextView - Omitir'

2023-06-16 09:45:30 - [MESSAGE][PASSED] - Tapped on element 'Object Repository/CPNTUTORIAL/android.widget.TextView - Omitir'

2023-06-16 09:45:30 - [TEST_STEP][PASSED] - pressBack(): Press back button successfully

2023-06-16 09:45:32 - [MESSAGE][PASSED] - Press back button successfully

2023-06-16 09:45:32 - [TEST_STEP][PASSED] - toggleWifi("ON", STOP_ON_FAILURE): Toggled wifi

2023-06-16 09:45:32 - [MESSAGE][PASSED] - Toggled wifi

2023-06-16 09:45:32 - [TEST_STEP][PASSED] - tap(findTestObject("Object Repository/CPNTUTORIAL/android.widget.TextView - Siguiente"), 1): Tapped on element 'Object Repository/CPNTUTORIAL/android.widget.TextView - Siguiente'

2023-06-16 09:45:33 - [MESSAGE][PASSED] - Tapped on element 'Object Repository/CPNTUTORIAL/android.widget.TextView - Siguiente'

2023-06-16 09:45:33 - [TEST_STEP][PASSED] - verifyElementText(findTestObject("CPNTUTORIAL/android.widget.FrameLayout"), ""): Actual text and expected text of test object 'Object Repository/CPNTUTORIAL/android.widget.FrameLayout' are matched.

2023-06-16 09:45:34 - [MESSAGE][PASSED] - Actual text and expected text of test object 'Object Repository/CPNTUTORIAL/android.widget.FrameLayout' are matched.

2023-06-16 09:45:34 - [TEST_STEP][PASSED] - tap(findTestObject("Object Repository/CPNTUTORIAL/android.widget.TextView - Siguiente (1)"), 500): Tapped on element 'Object Repository/CPNTUTORIAL/android.widget.TextView - Siguiente (1)'

2023-06-16 09:45:34 - [MESSAGE][PASSED] - Tapped on element 'Object Repository/CPNTUTORIAL/android.widget.TextView - Siguiente (1)'

2023-06-16 09:45:34 - [TEST_STEP][PASSED] - verifyElementText(findTestObject("CPNTUTORIAL/android.widget.FrameLayout"), ""): Actual text and expected text of test object 'Object Repository/CPNTUTORIAL/android.widget.FrameLayout' are matched.

2023-06-16 09:45:35 - [MESSAGE][PASSED] - Actual text and expected text of test object 'Object Repository/CPNTUTORIAL/android.widget.FrameLayout' are matched.

2023-06-16 09:45:35 - [TEST_STEP][PASSED] - tap(findTestObject("CPNTUTORIAL/android.widget.TextView - Siguiente (1)"), 500): Tapped on element 'Object Repository/CPNTUTORIAL/android.widget.TextView - Siguiente (1)'

2023-06-16 09:45:35 - [MESSAGE][PASSED] - Tapped on element 'Object Repository/CPNTUTORIAL/android.widget.TextView - Siguiente (1)'

2023-06-16 09:45:35 - [TEST_STEP][PASSED] - tap(findTestObject("CPNTUTORIAL/android.widget.TextView - Siguiente (1)"), 100): Tapped on element 'Object Repository/CPNTUTORIAL/android.widget.TextView - Siguiente (1)'

2023-06-16 09:45:37 - [MESSAGE][PASSED] - Tapped on element 'Object Repository/CPNTUTORIAL/android.widget.TextView - Siguiente (1)'

2023-06-16 09:45:37 - [TEST_STEP][PASSED] - verifyElementText(findTestObject("CPNTUTORIAL/android.widget.FrameLayout"), ""): Actual text and expected text of test object 'Object Repository/CPNTUTORIAL/android.widget.FrameLayout' are matched.

2023-06-16 09:45:37 - [MESSAGE][PASSED] - Actual text and expected text of test object 'Object Repository/CPNTUTORIAL/android.widget.FrameLayout' are matched.

2023-06-16 09:45:37 - [TEST_STEP][PASSED] - tap(findTestObject("CPNTUTORIAL/android.widget.TextView - Siguiente (1)"), 1): Tapped on element 'Object Repository/CPNTUTORIAL/android.widget.TextView - Siguiente (1)'

2023-06-16 09:45:37 - [MESSAGE][PASSED] - Tapped on element 'Object Repository/CPNTUTORIAL/android.widget.TextView - Siguiente (1)'

2023-06-16 09:45:37 - [TEST_STEP][PASSED] - verifyElementText(findTestObject("CPNTUTORIAL/android.widget.FrameLayout"), ""): Actual text and expected text of test object 'Object Repository/CPNTUTORIAL/android.widget.FrameLayout' are matched.

2023-06-16 09:45:38 - [MESSAGE][PASSED] - Actual text and expected text of test object 'Object Repository/CPNTUTORIAL/android.widget.FrameLayout' are matched.

2023-06-16 09:45:38 - [TEST_STEP][PASSED] - tap(findTestObject("Object Repository/CPNTUTORIAL/android.widget.TextView - Empezar"), 100): Tapped on element 'Object Repository/CPNTUTORIAL/android.widget.TextView - Empezar'

2023-06-16 09:45:39 - [MESSAGE][PASSED] - Tapped on element 'Object Repository/CPNTUTORIAL/android.widget.TextView - Empezar']]></system-out>
         <system-err><![CDATA[]]></system-err>
      </testcase>
      <testcase name="Test Cases/Abrir_App/CPN1" time="6.881" classname="Test Cases/Abrir_App/CPN1" status="PASSED">
         <system-out><![CDATA[2023-06-16 09:45:39 - [TEST_CASE][PASSED] - Test Cases/Abrir_App/CPN1: Test Cases/Abrir_App/CPN1

2023-06-16 09:45:39 - [TEST_STEP][PASSED] - pressBack(): Press back button successfully

2023-06-16 09:45:39 - [MESSAGE][PASSED] - Press back button successfully

2023-06-16 09:45:39 - [TEST_STEP][PASSED] - pressBack(): Press back button successfully

2023-06-16 09:45:40 - [MESSAGE][PASSED] - Press back button successfully

2023-06-16 09:45:40 - [TEST_STEP][PASSED] - toggleWifi("OFF", STOP_ON_FAILURE): Toggled wifi

2023-06-16 09:45:41 - [MESSAGE][PASSED] - Toggled wifi

2023-06-16 09:45:41 - [TEST_STEP][PASSED] - tap(findTestObject("Object Repository/Abrir_App/CPN1/android.widget.TextView - NapoleoN"), 3000): Tapped on element 'Object Repository/Abrir_App/CPN1/android.widget.TextView - NapoleoN'

2023-06-16 09:45:42 - [MESSAGE][PASSED] - Tapped on element 'Object Repository/Abrir_App/CPN1/android.widget.TextView - NapoleoN'

2023-06-16 09:45:42 - [TEST_STEP][PASSED] - delay(2): Delayed 2 second(s)

2023-06-16 09:45:44 - [MESSAGE][PASSED] - Delayed 2 second(s)

2023-06-16 09:45:44 - [TEST_STEP][PASSED] - toggleWifi("ON", STOP_ON_FAILURE): Toggled wifi

2023-06-16 09:45:45 - [MESSAGE][PASSED] - Toggled wifi]]></system-out>
         <system-err><![CDATA[]]></system-err>
      </testcase>
      <testcase name="Test Cases/Abrir_App/CPN2" time="5.925" classname="Test Cases/Abrir_App/CPN2" status="PASSED">
         <system-out><![CDATA[2023-06-16 09:45:45 - [TEST_CASE][PASSED] - Test Cases/Abrir_App/CPN2: Test Cases/Abrir_App/CPN2

2023-06-16 09:45:46 - [TEST_STEP][PASSED] - pressBack(): Press back button successfully

2023-06-16 09:45:46 - [MESSAGE][PASSED] - Press back button successfully

2023-06-16 09:45:46 - [TEST_STEP][PASSED] - pressBack(): Press back button successfully

2023-06-16 09:45:47 - [MESSAGE][PASSED] - Press back button successfully

2023-06-16 09:45:47 - [TEST_STEP][PASSED] - tap(findTestObject("Object Repository/CPN2/android.widget.TextView - NapoleoN"), 500): Tapped on element 'Object Repository/CPN2/android.widget.TextView - NapoleoN'

2023-06-16 09:45:48 - [MESSAGE][PASSED] - Tapped on element 'Object Repository/CPN2/android.widget.TextView - NapoleoN'

2023-06-16 09:45:48 - [TEST_STEP][PASSED] - toggleWifi("off", STOP_ON_FAILURE): Toggled wifi

2023-06-16 09:45:49 - [MESSAGE][PASSED] - Toggled wifi

2023-06-16 09:45:49 - [TEST_STEP][PASSED] - delay(2, STOP_ON_FAILURE): Delayed 2 second(s)

2023-06-16 09:45:51 - [MESSAGE][PASSED] - Delayed 2 second(s)]]></system-out>
         <system-err><![CDATA[]]></system-err>
      </testcase>
      <testcase name="Test Cases/Abrir_App/CPN3" time="16.886" classname="Test Cases/Abrir_App/CPN3" status="PASSED">
         <system-out><![CDATA[2023-06-16 09:45:51 - [TEST_CASE][PASSED] - Test Cases/Abrir_App/CPN3: Test Cases/Abrir_App/CPN3

2023-06-16 09:45:52 - [TEST_STEP][PASSED] - pressBack(): Press back button successfully

2023-06-16 09:45:52 - [MESSAGE][PASSED] - Press back button successfully

2023-06-16 09:45:52 - [TEST_STEP][PASSED] - pressBack(): Press back button successfully

2023-06-16 09:45:53 - [MESSAGE][PASSED] - Press back button successfully

2023-06-16 09:45:53 - [TEST_STEP][PASSED] - toggleWifi("ON", STOP_ON_FAILURE): Toggled wifi

2023-06-16 09:45:54 - [MESSAGE][PASSED] - Toggled wifi

2023-06-16 09:45:54 - [TEST_STEP][PASSED] - delay(4): Delayed 4 second(s)

2023-06-16 09:45:58 - [MESSAGE][PASSED] - Delayed 4 second(s)

2023-06-16 09:45:58 - [TEST_STEP][PASSED] - toggleWifi("OFF", STOP_ON_FAILURE): Toggled wifi

2023-06-16 09:45:59 - [MESSAGE][PASSED] - Toggled wifi

2023-06-16 09:45:59 - [TEST_STEP][PASSED] - tap(findTestObject("Abrir_App/CPN1/android.widget.TextView - NapoleoN"), 0): Tapped on element 'Object Repository/Abrir_App/CPN1/android.widget.TextView - NapoleoN'

2023-06-16 09:45:59 - [MESSAGE][WARNING] - Timeout '0' is invalid. Using default page load timeout: '30'

2023-06-16 09:46:00 - [MESSAGE][PASSED] - Tapped on element 'Object Repository/Abrir_App/CPN1/android.widget.TextView - NapoleoN'

2023-06-16 09:46:00 - [TEST_STEP][PASSED] - tap(findTestObject("Abrir_App/CPN3/android.widget.Button - Crear Cuenta"), 0): Tapped on element 'Object Repository/Abrir_App/CPN3/android.widget.Button - Crear Cuenta'

2023-06-16 09:46:00 - [MESSAGE][WARNING] - Timeout '0' is invalid. Using default page load timeout: '30'

2023-06-16 09:46:01 - [MESSAGE][PASSED] - Tapped on element 'Object Repository/Abrir_App/CPN3/android.widget.Button - Crear Cuenta'

2023-06-16 09:46:01 - [TEST_STEP][PASSED] - delay(3): Delayed 3 second(s)

2023-06-16 09:46:04 - [MESSAGE][PASSED] - Delayed 3 second(s)

2023-06-16 09:46:04 - [TEST_STEP][PASSED] - tap(findTestObject("Object Repository/Abrir_App/CPN3/android.widget.Button - Enviar cdigo de registro"), 0): Tapped on element 'Object Repository/Abrir_App/CPN3/android.widget.Button - Enviar cdigo de registro'

2023-06-16 09:46:04 - [MESSAGE][WARNING] - Timeout '0' is invalid. Using default page load timeout: '30'

2023-06-16 09:46:05 - [MESSAGE][PASSED] - Tapped on element 'Object Repository/Abrir_App/CPN3/android.widget.Button - Enviar cdigo de registro'

2023-06-16 09:46:05 - [TEST_STEP][PASSED] - verifyElementVisible(findTestObject("Object Repository/Abrir_App/CPN3/android.widget.FrameLayout"), 0): Element 'Object Repository/Abrir_App/CPN3/android.widget.FrameLayout' is visible

2023-06-16 09:46:05 - [MESSAGE][WARNING] - Timeout '0' is invalid. Using default page load timeout: '30'

2023-06-16 09:46:07 - [MESSAGE][PASSED] - Element 'Object Repository/Abrir_App/CPN3/android.widget.FrameLayout' is visible

2023-06-16 09:46:07 - [TEST_STEP][PASSED] - tap(findTestObject("Object Repository/Abrir_App/CPN3/android.widget.Button - OK"), 0): Tapped on element 'Object Repository/Abrir_App/CPN3/android.widget.Button - OK'

2023-06-16 09:46:07 - [MESSAGE][WARNING] - Timeout '0' is invalid. Using default page load timeout: '30'

2023-06-16 09:46:07 - [MESSAGE][PASSED] - Tapped on element 'Object Repository/Abrir_App/CPN3/android.widget.Button - OK'

2023-06-16 09:46:07 - [TEST_STEP][PASSED] - toggleWifi("ON", STOP_ON_FAILURE): Toggled wifi

2023-06-16 09:46:08 - [MESSAGE][PASSED] - Toggled wifi]]></system-out>
         <system-err><![CDATA[]]></system-err>
      </testcase>
      <testcase name="Test Cases/INICIA_SESION_APODO_INEXISTENTE3.1/CPN21" time="26.324" classname="Test Cases/INICIA_SESION_APODO_INEXISTENTE3.1/CPN21" status="PASSED">
         <system-out><![CDATA[2023-06-16 09:46:08 - [TEST_CASE][PASSED] - Test Cases/INICIA_SESION_APODO_INEXISTENTE3.1/CPN21: Test Cases/INICIA_SESION_APODO_INEXISTENTE3.1/CPN21

2023-06-16 09:46:09 - [TEST_STEP][PASSED] - delay(4): Delayed 4 second(s)

2023-06-16 09:46:13 - [MESSAGE][PASSED] - Delayed 4 second(s)

2023-06-16 09:46:13 - [TEST_STEP][PASSED] - tap(findTestObject("Object Repository/INICIA_SESION_APODO_INEXISTENTE/CPN21/android.widget.ImageButton"), 1): Tapped on element 'Object Repository/INICIA_SESION_APODO_INEXISTENTE/CPN21/android.widget.ImageButton'

2023-06-16 09:46:13 - [MESSAGE][PASSED] - Tapped on element 'Object Repository/INICIA_SESION_APODO_INEXISTENTE/CPN21/android.widget.ImageButton'

2023-06-16 09:46:13 - [TEST_STEP][PASSED] - tap(findTestObject("Object Repository/INICIA_SESION_APODO_INEXISTENTE/CPN21/android.widget.TextView - Iniciar sesin"), 1): Tapped on element 'Object Repository/INICIA_SESION_APODO_INEXISTENTE/CPN21/android.widget.TextView - Iniciar sesin'

2023-06-16 09:46:14 - [MESSAGE][PASSED] - Tapped on element 'Object Repository/INICIA_SESION_APODO_INEXISTENTE/CPN21/android.widget.TextView - Iniciar sesin'

2023-06-16 09:46:14 - [TEST_STEP][PASSED] - verifyElementText(findTestObject("Object Repository/INICIA_SESION_APODO_INEXISTENTE/CPN21/android.widget.TextView - Recuperar Cuenta"), "Recuperar Cuenta"): Actual text and expected text of test object 'Object Repository/INICIA_SESION_APODO_INEXISTENTE/CPN21/android.widget.TextView - Recuperar Cuenta' are matched.

2023-06-16 09:46:15 - [MESSAGE][PASSED] - Actual text and expected text of test object 'Object Repository/INICIA_SESION_APODO_INEXISTENTE/CPN21/android.widget.TextView - Recuperar Cuenta' are matched.

2023-06-16 09:46:15 - [TEST_STEP][PASSED] - tap(findTestObject("Object Repository/INICIA_SESION_APODO_INEXISTENTE/CPN21/android.widget.EditText - Apodo"), 1): Tapped on element 'Object Repository/INICIA_SESION_APODO_INEXISTENTE/CPN21/android.widget.EditText - Apodo'

2023-06-16 09:46:16 - [MESSAGE][PASSED] - Tapped on element 'Object Repository/INICIA_SESION_APODO_INEXISTENTE/CPN21/android.widget.EditText - Apodo'

2023-06-16 09:46:16 - [TEST_STEP][PASSED] - setText(findTestObject("Object Repository/INICIA_SESION_APODO_INEXISTENTE/CPN21/android.widget.EditText - Apodo (1)"), "AUTOMATIZACION", 0): Text 'AUTOMATIZACION' has been set to element 'Object Repository/INICIA_SESION_APODO_INEXISTENTE/CPN21/android.widget.EditText - Apodo (1)'

2023-06-16 09:46:16 - [MESSAGE][WARNING] - Timeout '0' is invalid. Using default page load timeout: '30'

2023-06-16 09:46:19 - [MESSAGE][PASSED] - Text 'AUTOMATIZACION' has been set to element 'Object Repository/INICIA_SESION_APODO_INEXISTENTE/CPN21/android.widget.EditText - Apodo (1)'

2023-06-16 09:46:19 - [TEST_STEP][PASSED] - hideKeyboard(): Keyboard is hidden

2023-06-16 09:46:22 - [MESSAGE][PASSED] - Keyboard is hidden

2023-06-16 09:46:22 - [TEST_STEP][PASSED] - tap(findTestObject("Object Repository/INICIA_SESION_APODO_INEXISTENTE/CPN21/android.widget.Button - Recuperar"), 1): Tapped on element 'Object Repository/INICIA_SESION_APODO_INEXISTENTE/CPN21/android.widget.Button - Recuperar'

2023-06-16 09:46:22 - [MESSAGE][PASSED] - Tapped on element 'Object Repository/INICIA_SESION_APODO_INEXISTENTE/CPN21/android.widget.Button - Recuperar'

2023-06-16 09:46:22 - [TEST_STEP][PASSED] - tap(findTestObject("Object Repository/INICIA_SESION_APODO_INEXISTENTE/CPN21/android.widget.RadioButton - No eleg esta pregunta"), 400): Tapped on element 'Object Repository/INICIA_SESION_APODO_INEXISTENTE/CPN21/android.widget.RadioButton - No eleg esta pregunta'

2023-06-16 09:46:24 - [MESSAGE][PASSED] - Tapped on element 'Object Repository/INICIA_SESION_APODO_INEXISTENTE/CPN21/android.widget.RadioButton - No eleg esta pregunta'

2023-06-16 09:46:24 - [TEST_STEP][PASSED] - tap(findTestObject("Object Repository/INICIA_SESION_APODO_INEXISTENTE/CPN21/android.widget.Button - Siguiente"), 200): Tapped on element 'Object Repository/INICIA_SESION_APODO_INEXISTENTE/CPN21/android.widget.Button - Siguiente'

2023-06-16 09:46:25 - [MESSAGE][PASSED] - Tapped on element 'Object Repository/INICIA_SESION_APODO_INEXISTENTE/CPN21/android.widget.Button - Siguiente'

2023-06-16 09:46:25 - [TEST_STEP][PASSED] - tap(findTestObject("Object Repository/INICIA_SESION_APODO_INEXISTENTE/CPN21/android.widget.Button - Siguiente (1)"), 200): Tapped on element 'Object Repository/INICIA_SESION_APODO_INEXISTENTE/CPN21/android.widget.Button - Siguiente (1)'

2023-06-16 09:46:26 - [MESSAGE][PASSED] - Tapped on element 'Object Repository/INICIA_SESION_APODO_INEXISTENTE/CPN21/android.widget.Button - Siguiente (1)'

2023-06-16 09:46:26 - [TEST_STEP][PASSED] - tap(findTestObject("Object Repository/INICIA_SESION_APODO_INEXISTENTE/CPN21/android.widget.RadioGroup"), 100): Tapped on element 'Object Repository/INICIA_SESION_APODO_INEXISTENTE/CPN21/android.widget.RadioGroup'

2023-06-16 09:46:27 - [MESSAGE][PASSED] - Tapped on element 'Object Repository/INICIA_SESION_APODO_INEXISTENTE/CPN21/android.widget.RadioGroup'

2023-06-16 09:46:27 - [TEST_STEP][PASSED] - tap(findTestObject("INICIA_SESION_APODO_INEXISTENTE/CPN21/android.widget.Button - Siguiente (1)"), 200): Tapped on element 'Object Repository/INICIA_SESION_APODO_INEXISTENTE/CPN21/android.widget.Button - Siguiente (1)'

2023-06-16 09:46:28 - [MESSAGE][PASSED] - Tapped on element 'Object Repository/INICIA_SESION_APODO_INEXISTENTE/CPN21/android.widget.Button - Siguiente (1)'

2023-06-16 09:46:28 - [TEST_STEP][PASSED] - tap(findTestObject("Object Repository/INICIA_SESION_APODO_INEXISTENTE/CPN21/android.widget.RadioGroup (1)"), 1): Tapped on element 'Object Repository/INICIA_SESION_APODO_INEXISTENTE/CPN21/android.widget.RadioGroup (1)'

2023-06-16 09:46:28 - [MESSAGE][PASSED] - Tapped on element 'Object Repository/INICIA_SESION_APODO_INEXISTENTE/CPN21/android.widget.RadioGroup (1)'

2023-06-16 09:46:28 - [TEST_STEP][PASSED] - tap(findTestObject("INICIA_SESION_APODO_INEXISTENTE/CPN21/android.widget.Button - Siguiente (1)"), 100): Tapped on element 'Object Repository/INICIA_SESION_APODO_INEXISTENTE/CPN21/android.widget.Button - Siguiente (1)'

2023-06-16 09:46:29 - [MESSAGE][PASSED] - Tapped on element 'Object Repository/INICIA_SESION_APODO_INEXISTENTE/CPN21/android.widget.Button - Siguiente (1)'

2023-06-16 09:46:29 - [TEST_STEP][PASSED] - tap(findTestObject("INICIA_SESION_APODO_INEXISTENTE/CPN21/android.widget.Button - Siguiente (1)"), 400): Tapped on element 'Object Repository/INICIA_SESION_APODO_INEXISTENTE/CPN21/android.widget.Button - Siguiente (1)'

2023-06-16 09:46:30 - [MESSAGE][PASSED] - Tapped on element 'Object Repository/INICIA_SESION_APODO_INEXISTENTE/CPN21/android.widget.Button - Siguiente (1)'

2023-06-16 09:46:30 - [TEST_STEP][PASSED] - tap(findTestObject("INICIA_SESION_APODO_INEXISTENTE/CPN21/android.widget.RadioGroup (1)"), 200): Tapped on element 'Object Repository/INICIA_SESION_APODO_INEXISTENTE/CPN21/android.widget.RadioGroup (1)'

2023-06-16 09:46:30 - [MESSAGE][PASSED] - Tapped on element 'Object Repository/INICIA_SESION_APODO_INEXISTENTE/CPN21/android.widget.RadioGroup (1)'

2023-06-16 09:46:30 - [TEST_STEP][PASSED] - tap(findTestObject("INICIA_SESION_APODO_INEXISTENTE/CPN21/android.widget.Button - Siguiente (1)"), 400): Tapped on element 'Object Repository/INICIA_SESION_APODO_INEXISTENTE/CPN21/android.widget.Button - Siguiente (1)'

2023-06-16 09:46:31 - [MESSAGE][PASSED] - Tapped on element 'Object Repository/INICIA_SESION_APODO_INEXISTENTE/CPN21/android.widget.Button - Siguiente (1)'

2023-06-16 09:46:31 - [TEST_STEP][PASSED] - tap(findTestObject("INICIA_SESION_APODO_INEXISTENTE/CPN21/android.widget.RadioGroup (1)"), 400): Tapped on element 'Object Repository/INICIA_SESION_APODO_INEXISTENTE/CPN21/android.widget.RadioGroup (1)'

2023-06-16 09:46:32 - [MESSAGE][PASSED] - Tapped on element 'Object Repository/INICIA_SESION_APODO_INEXISTENTE/CPN21/android.widget.RadioGroup (1)'

2023-06-16 09:46:32 - [TEST_STEP][PASSED] - tap(findTestObject("Object Repository/INICIA_SESION_APODO_INEXISTENTE/CPN21/android.widget.Button - Finalizar"), 200): Tapped on element 'Object Repository/INICIA_SESION_APODO_INEXISTENTE/CPN21/android.widget.Button - Finalizar'

2023-06-16 09:46:33 - [MESSAGE][PASSED] - Tapped on element 'Object Repository/INICIA_SESION_APODO_INEXISTENTE/CPN21/android.widget.Button - Finalizar'

2023-06-16 09:46:33 - [TEST_STEP][PASSED] - verifyElementVisible(findTestObject("Object Repository/INICIA_SESION_APODO_INEXISTENTE/CPN21/androidx.appcompat.widget.LinearLayoutCompat"), 200): Element 'Object Repository/INICIA_SESION_APODO_INEXISTENTE/CPN21/androidx.appcompat.widget.LinearLayoutCompat' is visible

2023-06-16 09:46:34 - [MESSAGE][PASSED] - Element 'Object Repository/INICIA_SESION_APODO_INEXISTENTE/CPN21/androidx.appcompat.widget.LinearLayoutCompat' is visible

2023-06-16 09:46:34 - [TEST_STEP][PASSED] - tap(findTestObject("Object Repository/INICIA_SESION_APODO_INEXISTENTE/CPN21/android.widget.Button - Cerrar"), 200): Tapped on element 'Object Repository/INICIA_SESION_APODO_INEXISTENTE/CPN21/android.widget.Button - Cerrar'

2023-06-16 09:46:35 - [MESSAGE][PASSED] - Tapped on element 'Object Repository/INICIA_SESION_APODO_INEXISTENTE/CPN21/android.widget.Button - Cerrar']]></system-out>
         <system-err><![CDATA[]]></system-err>
      </testcase>
      <testcase name="Test Cases/INICIA_SESION_APODO_EXISTENTE3.2/CPN22" time="18.612" classname="Test Cases/INICIA_SESION_APODO_EXISTENTE3.2/CPN22" status="PASSED">
         <system-out><![CDATA[2023-06-16 09:46:35 - [TEST_CASE][PASSED] - Test Cases/INICIA_SESION_APODO_EXISTENTE3.2/CPN22: Test Cases/INICIA_SESION_APODO_EXISTENTE3.2/CPN22

2023-06-16 09:46:35 - [TEST_STEP][PASSED] - tap(findTestObject("Object Repository/INICIA_SESION_APODO_EXISTENTE/CPN22/android.widget.EditText - Apodo"), 1): Tapped on element 'Object Repository/INICIA_SESION_APODO_EXISTENTE/CPN22/android.widget.EditText - Apodo'

2023-06-16 09:46:37 - [MESSAGE][PASSED] - Tapped on element 'Object Repository/INICIA_SESION_APODO_EXISTENTE/CPN22/android.widget.EditText - Apodo'

2023-06-16 09:46:37 - [TEST_STEP][PASSED] - setText(findTestObject("Object Repository/INICIA_SESION_APODO_EXISTENTE/CPN22/android.widget.EditText - Apodo (1)"), "EDWIN_1324", 0): Text 'EDWIN_1324' has been set to element 'Object Repository/INICIA_SESION_APODO_EXISTENTE/CPN22/android.widget.EditText - Apodo (1)'

2023-06-16 09:46:37 - [MESSAGE][WARNING] - Timeout '0' is invalid. Using default page load timeout: '30'

2023-06-16 09:46:39 - [MESSAGE][PASSED] - Text 'EDWIN_1324' has been set to element 'Object Repository/INICIA_SESION_APODO_EXISTENTE/CPN22/android.widget.EditText - Apodo (1)'

2023-06-16 09:46:39 - [TEST_STEP][PASSED] - hideKeyboard(): Keyboard is hidden

2023-06-16 09:46:41 - [MESSAGE][PASSED] - Keyboard is hidden

2023-06-16 09:46:41 - [TEST_STEP][PASSED] - tap(findTestObject("Object Repository/INICIA_SESION_APODO_EXISTENTE/CPN22/android.widget.Button - Recuperar"), 100): Tapped on element 'Object Repository/INICIA_SESION_APODO_EXISTENTE/CPN22/android.widget.Button - Recuperar'

2023-06-16 09:46:41 - [MESSAGE][PASSED] - Tapped on element 'Object Repository/INICIA_SESION_APODO_EXISTENTE/CPN22/android.widget.Button - Recuperar'

2023-06-16 09:46:41 - [TEST_STEP][PASSED] - tap(findTestObject("INICIA_SESION_APODO_EXISTENTE/CPN22/android.widget.RadioGroup"), 100): Tapped on element 'Object Repository/INICIA_SESION_APODO_EXISTENTE/CPN22/android.widget.RadioGroup'

2023-06-16 09:46:43 - [MESSAGE][PASSED] - Tapped on element 'Object Repository/INICIA_SESION_APODO_EXISTENTE/CPN22/android.widget.RadioGroup'

2023-06-16 09:46:43 - [TEST_STEP][PASSED] - tap(findTestObject("Object Repository/INICIA_SESION_APODO_EXISTENTE/CPN22/android.widget.Button - Siguiente"), 100): Tapped on element 'Object Repository/INICIA_SESION_APODO_EXISTENTE/CPN22/android.widget.Button - Siguiente'

2023-06-16 09:46:44 - [MESSAGE][PASSED] - Tapped on element 'Object Repository/INICIA_SESION_APODO_EXISTENTE/CPN22/android.widget.Button - Siguiente'

2023-06-16 09:46:44 - [TEST_STEP][PASSED] - tap(findTestObject("Object Repository/INICIA_SESION_APODO_EXISTENTE/CPN22/android.widget.Button - Siguiente (1)"), 100): Tapped on element 'Object Repository/INICIA_SESION_APODO_EXISTENTE/CPN22/android.widget.Button - Siguiente (1)'

2023-06-16 09:46:44 - [MESSAGE][PASSED] - Tapped on element 'Object Repository/INICIA_SESION_APODO_EXISTENTE/CPN22/android.widget.Button - Siguiente (1)'

2023-06-16 09:46:44 - [TEST_STEP][PASSED] - tap(findTestObject("Object Repository/INICIA_SESION_APODO_EXISTENTE/CPN22/android.widget.RadioGroup (1)"), 100): Tapped on element 'Object Repository/INICIA_SESION_APODO_EXISTENTE/CPN22/android.widget.RadioGroup (1)'

2023-06-16 09:46:45 - [MESSAGE][PASSED] - Tapped on element 'Object Repository/INICIA_SESION_APODO_EXISTENTE/CPN22/android.widget.RadioGroup (1)'

2023-06-16 09:46:45 - [TEST_STEP][PASSED] - tap(findTestObject("INICIA_SESION_APODO_EXISTENTE/CPN22/android.widget.Button - Siguiente (1)"), 100): Tapped on element 'Object Repository/INICIA_SESION_APODO_EXISTENTE/CPN22/android.widget.Button - Siguiente (1)'

2023-06-16 09:46:46 - [MESSAGE][PASSED] - Tapped on element 'Object Repository/INICIA_SESION_APODO_EXISTENTE/CPN22/android.widget.Button - Siguiente (1)'

2023-06-16 09:46:46 - [TEST_STEP][PASSED] - tap(findTestObject("Object Repository/INICIA_SESION_APODO_EXISTENTE/CPN22/android.widget.RadioButton - No eleg esta pregunta"), 100): Tapped on element 'Object Repository/INICIA_SESION_APODO_EXISTENTE/CPN22/android.widget.RadioButton - No eleg esta pregunta'

2023-06-16 09:46:46 - [MESSAGE][PASSED] - Tapped on element 'Object Repository/INICIA_SESION_APODO_EXISTENTE/CPN22/android.widget.RadioButton - No eleg esta pregunta'

2023-06-16 09:46:46 - [TEST_STEP][PASSED] - tap(findTestObject("INICIA_SESION_APODO_EXISTENTE/CPN22/android.widget.Button - Siguiente (1)"), 100): Tapped on element 'Object Repository/INICIA_SESION_APODO_EXISTENTE/CPN22/android.widget.Button - Siguiente (1)'

2023-06-16 09:46:47 - [MESSAGE][PASSED] - Tapped on element 'Object Repository/INICIA_SESION_APODO_EXISTENTE/CPN22/android.widget.Button - Siguiente (1)'

2023-06-16 09:46:47 - [TEST_STEP][PASSED] - tap(findTestObject("INICIA_SESION_APODO_EXISTENTE/CPN22/android.widget.RadioGroup"), 100): Tapped on element 'Object Repository/INICIA_SESION_APODO_EXISTENTE/CPN22/android.widget.RadioGroup'

2023-06-16 09:46:48 - [MESSAGE][PASSED] - Tapped on element 'Object Repository/INICIA_SESION_APODO_EXISTENTE/CPN22/android.widget.RadioGroup'

2023-06-16 09:46:48 - [TEST_STEP][PASSED] - tap(findTestObject("INICIA_SESION_APODO_EXISTENTE/CPN22/android.widget.Button - Siguiente (1)"), 100): Tapped on element 'Object Repository/INICIA_SESION_APODO_EXISTENTE/CPN22/android.widget.Button - Siguiente (1)'

2023-06-16 09:46:49 - [MESSAGE][PASSED] - Tapped on element 'Object Repository/INICIA_SESION_APODO_EXISTENTE/CPN22/android.widget.Button - Siguiente (1)'

2023-06-16 09:46:49 - [TEST_STEP][PASSED] - tap(findTestObject("INICIA_SESION_APODO_EXISTENTE/CPN22/android.widget.RadioGroup"), 100): Tapped on element 'Object Repository/INICIA_SESION_APODO_EXISTENTE/CPN22/android.widget.RadioGroup'

2023-06-16 09:46:50 - [MESSAGE][PASSED] - Tapped on element 'Object Repository/INICIA_SESION_APODO_EXISTENTE/CPN22/android.widget.RadioGroup'

2023-06-16 09:46:50 - [TEST_STEP][PASSED] - tap(findTestObject("Object Repository/INICIA_SESION_APODO_EXISTENTE/CPN22/android.widget.Button - Finalizar"), 100): Tapped on element 'Object Repository/INICIA_SESION_APODO_EXISTENTE/CPN22/android.widget.Button - Finalizar'

2023-06-16 09:46:51 - [MESSAGE][PASSED] - Tapped on element 'Object Repository/INICIA_SESION_APODO_EXISTENTE/CPN22/android.widget.Button - Finalizar'

2023-06-16 09:46:51 - [TEST_STEP][PASSED] - verifyElementVisible(findTestObject("Object Repository/INICIA_SESION_APODO_EXISTENTE/CPN22/androidx.appcompat.widget.LinearLayoutCompat"), 100): Element 'Object Repository/INICIA_SESION_APODO_EXISTENTE/CPN22/androidx.appcompat.widget.LinearLayoutCompat' is visible

2023-06-16 09:46:52 - [MESSAGE][PASSED] - Element 'Object Repository/INICIA_SESION_APODO_EXISTENTE/CPN22/androidx.appcompat.widget.LinearLayoutCompat' is visible

2023-06-16 09:46:52 - [TEST_STEP][PASSED] - tap(findTestObject("Object Repository/INICIA_SESION_APODO_EXISTENTE/CPN22/android.widget.Button - Cerrar"), 100): Tapped on element 'Object Repository/INICIA_SESION_APODO_EXISTENTE/CPN22/android.widget.Button - Cerrar'

2023-06-16 09:46:52 - [MESSAGE][PASSED] - Tapped on element 'Object Repository/INICIA_SESION_APODO_EXISTENTE/CPN22/android.widget.Button - Cerrar'

2023-06-16 09:46:52 - [TEST_STEP][PASSED] - tap(findTestObject("Object Repository/INICIA_SESION_APODO_EXISTENTE/CPN22/android.widget.ImageButton"), 100): Tapped on element 'Object Repository/INICIA_SESION_APODO_EXISTENTE/CPN22/android.widget.ImageButton'

2023-06-16 09:46:53 - [MESSAGE][PASSED] - Tapped on element 'Object Repository/INICIA_SESION_APODO_EXISTENTE/CPN22/android.widget.ImageButton']]></system-out>
         <system-err><![CDATA[]]></system-err>
      </testcase>
      <testcase name="Test Cases/Abrir_App/CPN4" time="7.215" classname="Test Cases/Abrir_App/CPN4" status="PASSED">
         <system-out><![CDATA[2023-06-16 09:46:53 - [TEST_CASE][PASSED] - Test Cases/Abrir_App/CPN4: Test Cases/Abrir_App/CPN4

2023-06-16 09:46:53 - [TEST_STEP][PASSED] - toggleWifi("off", STOP_ON_FAILURE): Toggled wifi

2023-06-16 09:46:55 - [MESSAGE][PASSED] - Toggled wifi

2023-06-16 09:46:55 - [TEST_STEP][PASSED] - toggleWifi("on", STOP_ON_FAILURE): Toggled wifi

2023-06-16 09:46:55 - [MESSAGE][PASSED] - Toggled wifi

2023-06-16 09:46:55 - [TEST_STEP][PASSED] - delay(5): Delayed 5 second(s)

2023-06-16 09:47:00 - [MESSAGE][PASSED] - Delayed 5 second(s)]]></system-out>
         <system-err><![CDATA[]]></system-err>
      </testcase>
      <testcase name="Test Cases/Crear cuenta/CPN5" time="7.988" classname="Test Cases/Crear cuenta/CPN5" status="PASSED">
         <system-out><![CDATA[2023-06-16 09:47:00 - [TEST_CASE][PASSED] - Test Cases/Crear cuenta/CPN5: Test Cases/Crear cuenta/CPN5

2023-06-16 09:47:01 - [TEST_STEP][PASSED] - tap(findTestObject("Object Repository/Crear_cuenta/CPN5/android.widget.Button - Crear Cuenta"), 100): Tapped on element 'Object Repository/Crear_cuenta/CPN5/android.widget.Button - Crear Cuenta'

2023-06-16 09:47:01 - [MESSAGE][PASSED] - Tapped on element 'Object Repository/Crear_cuenta/CPN5/android.widget.Button - Crear Cuenta'

2023-06-16 09:47:01 - [TEST_STEP][PASSED] - verifyElementText(findTestObject("Crear_cuenta/CPN5/android.widget.FrameLayout"), ""): Actual text and expected text of test object 'Object Repository/Crear_cuenta/CPN5/android.widget.FrameLayout' are matched.

2023-06-16 09:47:02 - [MESSAGE][PASSED] - Actual text and expected text of test object 'Object Repository/Crear_cuenta/CPN5/android.widget.FrameLayout' are matched.

2023-06-16 09:47:02 - [TEST_STEP][PASSED] - tap(findTestObject("Object Repository/Crear_cuenta/CPN5/android.widget.Button - Enviar cdigo de registro"), 200): Tapped on element 'Object Repository/Crear_cuenta/CPN5/android.widget.Button - Enviar cdigo de registro'

2023-06-16 09:47:02 - [MESSAGE][PASSED] - Tapped on element 'Object Repository/Crear_cuenta/CPN5/android.widget.Button - Enviar cdigo de registro'

2023-06-16 09:47:02 - [TEST_STEP][PASSED] - verifyElementText(findTestObject("Object Repository/Crear_cuenta/CPN5/android.widget.TextView - Bienvenido a NapoleoN Chat"), "Bienvenido a NapoleoN Chat"): Actual text and expected text of test object 'Object Repository/Crear_cuenta/CPN5/android.widget.TextView - Bienvenido a NapoleoN Chat' are matched.

2023-06-16 09:47:08 - [MESSAGE][PASSED] - Actual text and expected text of test object 'Object Repository/Crear_cuenta/CPN5/android.widget.TextView - Bienvenido a NapoleoN Chat' are matched.

2023-06-16 09:47:08 - [TEST_STEP][PASSED] - verifyElementVisible(findTestObject("Object Repository/Crear_cuenta/CPN5/android.widget.LinearLayout"), 0): Element 'Object Repository/Crear_cuenta/CPN5/android.widget.LinearLayout' is visible

2023-06-16 09:47:08 - [MESSAGE][WARNING] - Timeout '0' is invalid. Using default page load timeout: '30'

2023-06-16 09:47:08 - [MESSAGE][PASSED] - Element 'Object Repository/Crear_cuenta/CPN5/android.widget.LinearLayout' is visible]]></system-out>
         <system-err><![CDATA[]]></system-err>
      </testcase>
      <testcase name="Test Cases/Crear cuenta/CPN6-7" time="30.01" classname="Test Cases/Crear cuenta/CPN6-7" status="PASSED">
         <system-out><![CDATA[2023-06-16 09:47:08 - [TEST_CASE][PASSED] - Test Cases/Crear cuenta/CPN6-7: Test Cases/Crear cuenta/CPN6-7

2023-06-16 09:47:09 - [TEST_STEP][PASSED] - verifyElementVisible(findTestObject("Crear_cuenta/CPN6-7/android.widget.LinearLayout"), 1): Element 'Object Repository/Crear_cuenta/CPN6-7/android.widget.LinearLayout' is visible

2023-06-16 09:47:09 - [MESSAGE][PASSED] - Element 'Object Repository/Crear_cuenta/CPN6-7/android.widget.LinearLayout' is visible

2023-06-16 09:47:09 - [TEST_STEP][PASSED] - tap(findTestObject("Object Repository/Crear_cuenta/CPN6-7/android.widget.Button - Reenviar cdigo"), 1): Tapped on element 'Object Repository/Crear_cuenta/CPN6-7/android.widget.Button - Reenviar cdigo'

2023-06-16 09:47:12 - [MESSAGE][PASSED] - Tapped on element 'Object Repository/Crear_cuenta/CPN6-7/android.widget.Button - Reenviar cdigo'

2023-06-16 09:47:12 - [TEST_STEP][PASSED] - delay(1): Delayed 1 second(s)

2023-06-16 09:47:13 - [MESSAGE][PASSED] - Delayed 1 second(s)

2023-06-16 09:47:13 - [TEST_STEP][PASSED] - verifyElementVisible(findTestObject("Crear_cuenta/CPN6-7/android.widget.LinearLayout"), 1): Element 'Object Repository/Crear_cuenta/CPN6-7/android.widget.LinearLayout' is visible

2023-06-16 09:47:13 - [MESSAGE][PASSED] - Element 'Object Repository/Crear_cuenta/CPN6-7/android.widget.LinearLayout' is visible

2023-06-16 09:47:13 - [TEST_STEP][PASSED] - tap(findTestObject("Crear_cuenta/CPN6-7/android.widget.Button - Reenviar cdigo (1)"), 1): Tapped on element 'Object Repository/Crear_cuenta/CPN6-7/android.widget.Button - Reenviar cdigo (1)'

2023-06-16 09:47:14 - [MESSAGE][PASSED] - Tapped on element 'Object Repository/Crear_cuenta/CPN6-7/android.widget.Button - Reenviar cdigo (1)'

2023-06-16 09:47:14 - [TEST_STEP][PASSED] - delay(24): Delayed 24 second(s)

2023-06-16 09:47:38 - [MESSAGE][PASSED] - Delayed 24 second(s)

2023-06-16 09:47:38 - [TEST_STEP][PASSED] - tap(findTestObject("Crear_cuenta/CPN6-7/android.widget.Button - Reenviar cdigo (1)"), 1): Tapped on element 'Object Repository/Crear_cuenta/CPN6-7/android.widget.Button - Reenviar cdigo (1)'

2023-06-16 09:47:38 - [MESSAGE][PASSED] - Tapped on element 'Object Repository/Crear_cuenta/CPN6-7/android.widget.Button - Reenviar cdigo (1)']]></system-out>
         <system-err><![CDATA[]]></system-err>
      </testcase>
      <testcase name="Test Cases/Crear cuenta/CPN9" time="14.412" classname="Test Cases/Crear cuenta/CPN9" status="PASSED">
         <system-out><![CDATA[2023-06-16 09:47:38 - [TEST_CASE][PASSED] - Test Cases/Crear cuenta/CPN9: Test Cases/Crear cuenta/CPN9

2023-06-16 09:47:39 - [TEST_STEP][PASSED] - tap(findTestObject("Object Repository/Crear_cuenta/CPN9/android.widget.Button - Continuar"), 0): Tapped on element 'Object Repository/Crear_cuenta/CPN9/android.widget.Button - Continuar'

2023-06-16 09:47:39 - [MESSAGE][WARNING] - Timeout '0' is invalid. Using default page load timeout: '30'

2023-06-16 09:47:42 - [MESSAGE][PASSED] - Tapped on element 'Object Repository/Crear_cuenta/CPN9/android.widget.Button - Continuar'

2023-06-16 09:47:42 - [TEST_STEP][PASSED] - delay(2, STOP_ON_FAILURE): Delayed 2 second(s)

2023-06-16 09:47:44 - [MESSAGE][PASSED] - Delayed 2 second(s)

2023-06-16 09:47:44 - [TEST_STEP][PASSED] - verifyElementText(findTestObject("Object Repository/Crear_cuenta/CPN9/android.view.ViewGroup"), ""): Actual text and expected text of test object 'Object Repository/Crear_cuenta/CPN9/android.view.ViewGroup' are matched.

2023-06-16 09:47:46 - [MESSAGE][PASSED] - Actual text and expected text of test object 'Object Repository/Crear_cuenta/CPN9/android.view.ViewGroup' are matched.

2023-06-16 09:47:46 - [TEST_STEP][PASSED] - tap(findTestObject("Object Repository/Crear_cuenta/CPN9/android.widget.EditText - Apodo"), 0): Tapped on element 'Object Repository/Crear_cuenta/CPN9/android.widget.EditText - Apodo'

2023-06-16 09:47:46 - [MESSAGE][WARNING] - Timeout '0' is invalid. Using default page load timeout: '30'

2023-06-16 09:47:46 - [MESSAGE][PASSED] - Tapped on element 'Object Repository/Crear_cuenta/CPN9/android.widget.EditText - Apodo'

2023-06-16 09:47:46 - [TEST_STEP][PASSED] - setText(findTestObject("Object Repository/Crear_cuenta/CPN9/android.widget.EditText - Apodo (1)"), "PRUEBA", 0): Text 'PRUEBA' has been set to element 'Object Repository/Crear_cuenta/CPN9/android.widget.EditText - Apodo (1)'

2023-06-16 09:47:46 - [MESSAGE][WARNING] - Timeout '0' is invalid. Using default page load timeout: '30'

2023-06-16 09:47:50 - [MESSAGE][PASSED] - Text 'PRUEBA' has been set to element 'Object Repository/Crear_cuenta/CPN9/android.widget.EditText - Apodo (1)'

2023-06-16 09:47:50 - [TEST_STEP][PASSED] - clearText(findTestObject("Object Repository/Crear_cuenta/CPN9/android.widget.EditText - PRUEBA"), 0): Element 'Object Repository/Crear_cuenta/CPN9/android.widget.EditText - PRUEBA' text is cleared

2023-06-16 09:47:50 - [MESSAGE][WARNING] - Timeout '0' is invalid. Using default page load timeout: '30'

2023-06-16 09:47:51 - [MESSAGE][PASSED] - Element 'Object Repository/Crear_cuenta/CPN9/android.widget.EditText - PRUEBA' text is cleared

2023-06-16 09:47:51 - [TEST_STEP][PASSED] - hideKeyboard(): Keyboard is hidden

2023-06-16 09:47:53 - [MESSAGE][PASSED] - Keyboard is hidden

2023-06-16 09:47:53 - [TEST_STEP][PASSED] - verifyElementText(findTestObject("Object Repository/Crear_cuenta/CPN9/android.widget.TextView - El Apodo es obligatorio"), "El Apodo es obligatorio"): Actual text and expected text of test object 'Object Repository/Crear_cuenta/CPN9/android.widget.TextView - El Apodo es obligatorio' are matched.

2023-06-16 09:47:53 - [MESSAGE][PASSED] - Actual text and expected text of test object 'Object Repository/Crear_cuenta/CPN9/android.widget.TextView - El Apodo es obligatorio' are matched.]]></system-out>
         <system-err><![CDATA[]]></system-err>
      </testcase>
      <testcase name="Test Cases/Crear cuenta/CPN10" time="6.62" classname="Test Cases/Crear cuenta/CPN10" status="PASSED">
         <system-out><![CDATA[2023-06-16 09:47:53 - [TEST_CASE][PASSED] - Test Cases/Crear cuenta/CPN10: Test Cases/Crear cuenta/CPN10

2023-06-16 09:47:53 - [TEST_STEP][PASSED] - tap(findTestObject("Object Repository/Crear_cuenta/CPN10/android.widget.EditText - Apodo"), 0): Tapped on element 'Object Repository/Crear_cuenta/CPN10/android.widget.EditText - Apodo'

2023-06-16 09:47:53 - [MESSAGE][WARNING] - Timeout '0' is invalid. Using default page load timeout: '30'

2023-06-16 09:47:53 - [MESSAGE][PASSED] - Tapped on element 'Object Repository/Crear_cuenta/CPN10/android.widget.EditText - Apodo'

2023-06-16 09:47:53 - [TEST_STEP][PASSED] - setText(findTestObject("Object Repository/Crear_cuenta/CPN10/android.widget.EditText - Apodo (1)"), "0123456789", 0): Text '0123456789' has been set to element 'Object Repository/Crear_cuenta/CPN10/android.widget.EditText - Apodo (1)'

2023-06-16 09:47:53 - [MESSAGE][WARNING] - Timeout '0' is invalid. Using default page load timeout: '30'

2023-06-16 09:47:56 - [MESSAGE][PASSED] - Text '0123456789' has been set to element 'Object Repository/Crear_cuenta/CPN10/android.widget.EditText - Apodo (1)'

2023-06-16 09:47:56 - [TEST_STEP][PASSED] - verifyElementText(findTestObject("Object Repository/Crear_cuenta/CPN10/android.widget.TextView - El Apodo debe comenzar con una letra"), "El Apodo debe comenzar con una letra"): Actual text and expected text of test object 'Object Repository/Crear_cuenta/CPN10/android.widget.TextView - El Apodo debe comenzar con una letra' are matched.

2023-06-16 09:47:57 - [MESSAGE][PASSED] - Actual text and expected text of test object 'Object Repository/Crear_cuenta/CPN10/android.widget.TextView - El Apodo debe comenzar con una letra' are matched.

2023-06-16 09:47:57 - [TEST_STEP][PASSED] - hideKeyboard(): Keyboard is hidden

2023-06-16 09:47:59 - [MESSAGE][PASSED] - Keyboard is hidden

2023-06-16 09:47:59 - [TEST_STEP][PASSED] - tap(findTestObject("Object Repository/Crear_cuenta/CPN10/android.widget.Button - Siguiente"), 0): Tapped on element 'Object Repository/Crear_cuenta/CPN10/android.widget.Button - Siguiente'

2023-06-16 09:47:59 - [MESSAGE][WARNING] - Timeout '0' is invalid. Using default page load timeout: '30'

2023-06-16 09:48:00 - [MESSAGE][PASSED] - Tapped on element 'Object Repository/Crear_cuenta/CPN10/android.widget.Button - Siguiente']]></system-out>
         <system-err><![CDATA[]]></system-err>
      </testcase>
      <testcase name="Test Cases/Crear cuenta/CPN11" time="7.872" classname="Test Cases/Crear cuenta/CPN11" status="PASSED">
         <system-out><![CDATA[2023-06-16 09:48:00 - [TEST_CASE][PASSED] - Test Cases/Crear cuenta/CPN11: Test Cases/Crear cuenta/CPN11

2023-06-16 09:48:00 - [TEST_STEP][PASSED] - clearText(findTestObject("Object Repository/Crear_cuenta/CPN11/android.widget.EditText - 0123456789"), 100): Element 'Object Repository/Crear_cuenta/CPN11/android.widget.EditText - 0123456789' text is cleared

2023-06-16 09:48:00 - [MESSAGE][PASSED] - Element 'Object Repository/Crear_cuenta/CPN11/android.widget.EditText - 0123456789' text is cleared

2023-06-16 09:48:00 - [TEST_STEP][PASSED] - tap(findTestObject("Object Repository/Crear_cuenta/CPN11/android.widget.EditText - Apodo"), 100): Tapped on element 'Object Repository/Crear_cuenta/CPN11/android.widget.EditText - Apodo'

2023-06-16 09:48:01 - [MESSAGE][PASSED] - Tapped on element 'Object Repository/Crear_cuenta/CPN11/android.widget.EditText - Apodo'

2023-06-16 09:48:01 - [TEST_STEP][PASSED] - setText(findTestObject("Object Repository/Crear_cuenta/CPN11/android.widget.EditText - Apodo (1)"), "abcde", 0): Text 'abcde' has been set to element 'Object Repository/Crear_cuenta/CPN11/android.widget.EditText - Apodo (1)'

2023-06-16 09:48:01 - [MESSAGE][WARNING] - Timeout '0' is invalid. Using default page load timeout: '30'

2023-06-16 09:48:04 - [MESSAGE][PASSED] - Text 'abcde' has been set to element 'Object Repository/Crear_cuenta/CPN11/android.widget.EditText - Apodo (1)'

2023-06-16 09:48:04 - [TEST_STEP][PASSED] - verifyElementText(findTestObject("Object Repository/Crear_cuenta/CPN11/android.widget.TextView - El apodo debe contener al menos un nmero"), "El apodo debe contener al menos un número"): Actual text and expected text of test object 'Object Repository/Crear_cuenta/CPN11/android.widget.TextView - El apodo debe contener al menos un nmero' are matched.

2023-06-16 09:48:05 - [MESSAGE][PASSED] - Actual text and expected text of test object 'Object Repository/Crear_cuenta/CPN11/android.widget.TextView - El apodo debe contener al menos un nmero' are matched.

2023-06-16 09:48:05 - [TEST_STEP][PASSED] - hideKeyboard(): Keyboard is hidden

2023-06-16 09:48:07 - [MESSAGE][PASSED] - Keyboard is hidden

2023-06-16 09:48:07 - [TEST_STEP][PASSED] - tap(findTestObject("Object Repository/Crear_cuenta/CPN11/android.widget.Button - Siguiente"), 1): Tapped on element 'Object Repository/Crear_cuenta/CPN11/android.widget.Button - Siguiente'

2023-06-16 09:48:07 - [MESSAGE][PASSED] - Tapped on element 'Object Repository/Crear_cuenta/CPN11/android.widget.Button - Siguiente'

2023-06-16 09:48:07 - [TEST_STEP][PASSED] - clearText(findTestObject("Object Repository/Crear_cuenta/CPN11/android.widget.EditText - abcde"), 100): Element 'Object Repository/Crear_cuenta/CPN11/android.widget.EditText - abcde' text is cleared

2023-06-16 09:48:07 - [MESSAGE][PASSED] - Element 'Object Repository/Crear_cuenta/CPN11/android.widget.EditText - abcde' text is cleared]]></system-out>
         <system-err><![CDATA[]]></system-err>
      </testcase>
      <testcase name="Test Cases/Crear cuenta/CPN12" time="4.71" classname="Test Cases/Crear cuenta/CPN12" status="PASSED">
         <system-out><![CDATA[2023-06-16 09:48:07 - [TEST_CASE][PASSED] - Test Cases/Crear cuenta/CPN12: Test Cases/Crear cuenta/CPN12

2023-06-16 09:48:08 - [TEST_STEP][PASSED] - setText(findTestObject("Object Repository/Crear_cuenta/CPN12/android.widget.EditText - Apodo"), "0123456789012345678901", 0): Text '0123456789012345678901' has been set to element 'Object Repository/Crear_cuenta/CPN12/android.widget.EditText - Apodo'

2023-06-16 09:48:08 - [MESSAGE][WARNING] - Timeout '0' is invalid. Using default page load timeout: '30'

2023-06-16 09:48:10 - [MESSAGE][PASSED] - Text '0123456789012345678901' has been set to element 'Object Repository/Crear_cuenta/CPN12/android.widget.EditText - Apodo'

2023-06-16 09:48:10 - [TEST_STEP][PASSED] - hideKeyboard(): Keyboard is hidden

2023-06-16 09:48:11 - [MESSAGE][PASSED] - Keyboard is hidden

2023-06-16 09:48:11 - [TEST_STEP][PASSED] - clearText(findTestObject("Object Repository/Crear_cuenta/CPN12/android.widget.EditText - 01234567890123456789"), 0): Element 'Object Repository/Crear_cuenta/CPN12/android.widget.EditText - 01234567890123456789' text is cleared

2023-06-16 09:48:11 - [MESSAGE][WARNING] - Timeout '0' is invalid. Using default page load timeout: '30'

2023-06-16 09:48:11 - [MESSAGE][PASSED] - Element 'Object Repository/Crear_cuenta/CPN12/android.widget.EditText - 01234567890123456789' text is cleared

2023-06-16 09:48:11 - [TEST_STEP][PASSED] - tap(findTestObject("Object Repository/Crear_cuenta/CPN12/android.widget.Button - Siguiente"), 0): Tapped on element 'Object Repository/Crear_cuenta/CPN12/android.widget.Button - Siguiente'

2023-06-16 09:48:11 - [MESSAGE][WARNING] - Timeout '0' is invalid. Using default page load timeout: '30'

2023-06-16 09:48:12 - [MESSAGE][PASSED] - Tapped on element 'Object Repository/Crear_cuenta/CPN12/android.widget.Button - Siguiente']]></system-out>
         <system-err><![CDATA[]]></system-err>
      </testcase>
      <testcase name="Test Cases/Crear cuenta/CPN13" time="6.955" classname="Test Cases/Crear cuenta/CPN13" status="PASSED">
         <system-out><![CDATA[2023-06-16 09:48:12 - [TEST_CASE][PASSED] - Test Cases/Crear cuenta/CPN13: Test Cases/Crear cuenta/CPN13

2023-06-16 09:48:12 - [TEST_STEP][PASSED] - tap(findTestObject("Object Repository/Crear_cuenta/CPN13/android.widget.EditText - Apodo"), 0): Tapped on element 'Object Repository/Crear_cuenta/CPN13/android.widget.EditText - Apodo'

2023-06-16 09:48:12 - [MESSAGE][WARNING] - Timeout '0' is invalid. Using default page load timeout: '30'

2023-06-16 09:48:14 - [MESSAGE][PASSED] - Tapped on element 'Object Repository/Crear_cuenta/CPN13/android.widget.EditText - Apodo'

2023-06-16 09:48:14 - [TEST_STEP][PASSED] - setText(findTestObject("Object Repository/Crear_cuenta/CPN13/android.widget.EditText - Apodo (1)"), "HO", 0): Text 'HO' has been set to element 'Object Repository/Crear_cuenta/CPN13/android.widget.EditText - Apodo (1)'

2023-06-16 09:48:14 - [MESSAGE][WARNING] - Timeout '0' is invalid. Using default page load timeout: '30'

2023-06-16 09:48:16 - [MESSAGE][PASSED] - Text 'HO' has been set to element 'Object Repository/Crear_cuenta/CPN13/android.widget.EditText - Apodo (1)'

2023-06-16 09:48:16 - [TEST_STEP][PASSED] - verifyElementText(findTestObject("Object Repository/Crear_cuenta/CPN13/android.widget.TextView - El Apodo debe contener mnimo 3 caracteres y 1 nmero"), "El Apodo debe contener mínimo 3 caracteres y 1 número"): Actual text and expected text of test object 'Object Repository/Crear_cuenta/CPN13/android.widget.TextView - El Apodo debe contener mnimo 3 caracteres y 1 nmero' are matched.

2023-06-16 09:48:17 - [MESSAGE][PASSED] - Actual text and expected text of test object 'Object Repository/Crear_cuenta/CPN13/android.widget.TextView - El Apodo debe contener mnimo 3 caracteres y 1 nmero' are matched.

2023-06-16 09:48:17 - [TEST_STEP][PASSED] - hideKeyboard(): Keyboard is hidden

2023-06-16 09:48:19 - [MESSAGE][PASSED] - Keyboard is hidden

2023-06-16 09:48:19 - [TEST_STEP][PASSED] - tap(findTestObject("Object Repository/Crear_cuenta/CPN13/android.widget.Button - Siguiente"), 0): Tapped on element 'Object Repository/Crear_cuenta/CPN13/android.widget.Button - Siguiente'

2023-06-16 09:48:19 - [MESSAGE][WARNING] - Timeout '0' is invalid. Using default page load timeout: '30'

2023-06-16 09:48:19 - [MESSAGE][PASSED] - Tapped on element 'Object Repository/Crear_cuenta/CPN13/android.widget.Button - Siguiente'

2023-06-16 09:48:19 - [TEST_STEP][PASSED] - clearText(findTestObject("Object Repository/Crear_cuenta/CPN13/android.widget.EditText - HO"), 0): Element 'Object Repository/Crear_cuenta/CPN13/android.widget.EditText - HO' text is cleared

2023-06-16 09:48:19 - [MESSAGE][WARNING] - Timeout '0' is invalid. Using default page load timeout: '30'

2023-06-16 09:48:19 - [MESSAGE][PASSED] - Element 'Object Repository/Crear_cuenta/CPN13/android.widget.EditText - HO' text is cleared]]></system-out>
         <system-err><![CDATA[]]></system-err>
      </testcase>
      <testcase name="Test Cases/Crear cuenta/CPN14" time="11.869" classname="Test Cases/Crear cuenta/CPN14" status="PASSED">
         <system-out><![CDATA[2023-06-16 09:48:19 - [TEST_CASE][PASSED] - Test Cases/Crear cuenta/CPN14: Test Cases/Crear cuenta/CPN14

2023-06-16 09:48:19 - [TEST_STEP][PASSED] - tap(findTestObject("Object Repository/Crear_cuenta/CPN14/android.widget.EditText - Nombre a mostrar (opcional)"), 0): Tapped on element 'Object Repository/Crear_cuenta/CPN14/android.widget.EditText - Nombre a mostrar (opcional)'

2023-06-16 09:48:19 - [MESSAGE][WARNING] - Timeout '0' is invalid. Using default page load timeout: '30'

2023-06-16 09:48:20 - [MESSAGE][PASSED] - Tapped on element 'Object Repository/Crear_cuenta/CPN14/android.widget.EditText - Nombre a mostrar (opcional)'

2023-06-16 09:48:20 - [TEST_STEP][PASSED] - setText(findTestObject("Object Repository/Crear_cuenta/CPN14/android.widget.EditText - Nombre a mostrar (opcional) (1)"), "Opcional", 0): Text 'Opcional' has been set to element 'Object Repository/Crear_cuenta/CPN14/android.widget.EditText - Nombre a mostrar (opcional) (1)'

2023-06-16 09:48:20 - [MESSAGE][WARNING] - Timeout '0' is invalid. Using default page load timeout: '30'

2023-06-16 09:48:23 - [MESSAGE][PASSED] - Text 'Opcional' has been set to element 'Object Repository/Crear_cuenta/CPN14/android.widget.EditText - Nombre a mostrar (opcional) (1)'

2023-06-16 09:48:23 - [TEST_STEP][PASSED] - hideKeyboard(): Keyboard is hidden

2023-06-16 09:48:25 - [MESSAGE][PASSED] - Keyboard is hidden

2023-06-16 09:48:25 - [TEST_STEP][PASSED] - tap(findTestObject("Object Repository/Crear_cuenta/CPN14/android.widget.Button - Siguiente"), 0): Tapped on element 'Object Repository/Crear_cuenta/CPN14/android.widget.Button - Siguiente'

2023-06-16 09:48:25 - [MESSAGE][WARNING] - Timeout '0' is invalid. Using default page load timeout: '30'

2023-06-16 09:48:25 - [MESSAGE][PASSED] - Tapped on element 'Object Repository/Crear_cuenta/CPN14/android.widget.Button - Siguiente'

2023-06-16 09:48:25 - [TEST_STEP][PASSED] - tap(findTestObject("Object Repository/Crear_cuenta/CPN14/android.widget.EditText - Apodo"), 0): Tapped on element 'Object Repository/Crear_cuenta/CPN14/android.widget.EditText - Apodo'

2023-06-16 09:48:25 - [MESSAGE][WARNING] - Timeout '0' is invalid. Using default page load timeout: '30'

2023-06-16 09:48:25 - [MESSAGE][PASSED] - Tapped on element 'Object Repository/Crear_cuenta/CPN14/android.widget.EditText - Apodo'

2023-06-16 09:48:25 - [TEST_STEP][PASSED] - setText(findTestObject("Crear_cuenta/CPN14/android.widget.EditText - Apodo (1)"), "angello16", 0): Text 'angello16' has been set to element 'Object Repository/Crear_cuenta/CPN14/android.widget.EditText - Apodo (1)'

2023-06-16 09:48:25 - [MESSAGE][WARNING] - Timeout '0' is invalid. Using default page load timeout: '30'

2023-06-16 09:48:28 - [MESSAGE][PASSED] - Text 'angello16' has been set to element 'Object Repository/Crear_cuenta/CPN14/android.widget.EditText - Apodo (1)'

2023-06-16 09:48:28 - [TEST_STEP][PASSED] - hideKeyboard(): Keyboard is hidden

2023-06-16 09:48:30 - [MESSAGE][PASSED] - Keyboard is hidden

2023-06-16 09:48:30 - [TEST_STEP][PASSED] - verifyElementText(findTestObject("Object Repository/Crear_cuenta/CPN14/android.widget.TextView - Apodo no disponible"), "Apodo no disponible"): Actual text and expected text of test object 'Object Repository/Crear_cuenta/CPN14/android.widget.TextView - Apodo no disponible' are matched.

2023-06-16 09:48:30 - [MESSAGE][PASSED] - Actual text and expected text of test object 'Object Repository/Crear_cuenta/CPN14/android.widget.TextView - Apodo no disponible' are matched.

2023-06-16 09:48:30 - [TEST_STEP][PASSED] - verifyElementVisible(findTestObject("Crear_cuenta/CPN14/android.widget.ImageButton"), 0): Element 'Object Repository/Crear_cuenta/CPN14/android.widget.ImageButton' is visible

2023-06-16 09:48:30 - [MESSAGE][WARNING] - Timeout '0' is invalid. Using default page load timeout: '30'

2023-06-16 09:48:31 - [MESSAGE][PASSED] - Element 'Object Repository/Crear_cuenta/CPN14/android.widget.ImageButton' is visible

2023-06-16 09:48:31 - [TEST_STEP][PASSED] - tap(findTestObject("Crear_cuenta/CPN14/android.widget.Button - Siguiente"), 0): Tapped on element 'Object Repository/Crear_cuenta/CPN14/android.widget.Button - Siguiente'

2023-06-16 09:48:31 - [MESSAGE][WARNING] - Timeout '0' is invalid. Using default page load timeout: '30'

2023-06-16 09:48:31 - [MESSAGE][PASSED] - Tapped on element 'Object Repository/Crear_cuenta/CPN14/android.widget.Button - Siguiente']]></system-out>
         <system-err><![CDATA[]]></system-err>
      </testcase>
      <testcase name="Test Cases/Crear cuenta/CPN15" time="8.061" classname="Test Cases/Crear cuenta/CPN15" status="PASSED">
         <system-out><![CDATA[2023-06-16 09:48:31 - [TEST_CASE][PASSED] - Test Cases/Crear cuenta/CPN15: Test Cases/Crear cuenta/CPN15

2023-06-16 09:48:31 - [TEST_STEP][PASSED] - clearText(findTestObject("Object Repository/Crear_cuenta/CPN15/android.widget.EditText - angello16"), 0): Element 'Object Repository/Crear_cuenta/CPN15/android.widget.EditText - angello16' text is cleared

2023-06-16 09:48:31 - [MESSAGE][WARNING] - Timeout '0' is invalid. Using default page load timeout: '30'

2023-06-16 09:48:31 - [MESSAGE][PASSED] - Element 'Object Repository/Crear_cuenta/CPN15/android.widget.EditText - angello16' text is cleared

2023-06-16 09:48:31 - [TEST_STEP][PASSED] - tap(findTestObject("Object Repository/Crear_cuenta/CPN15/android.widget.EditText - Apodo"), 0): Tapped on element 'Object Repository/Crear_cuenta/CPN15/android.widget.EditText - Apodo'

2023-06-16 09:48:31 - [MESSAGE][WARNING] - Timeout '0' is invalid. Using default page load timeout: '30'

2023-06-16 09:48:32 - [MESSAGE][PASSED] - Tapped on element 'Object Repository/Crear_cuenta/CPN15/android.widget.EditText - Apodo'

2023-06-16 09:48:32 - [TEST_STEP][PASSED] - setText(findTestObject("Object Repository/Crear_cuenta/CPN15/android.widget.EditText - P000"), "LIBRE02", 0): Text 'LIBRE02' has been set to element 'Object Repository/Crear_cuenta/CPN15/android.widget.EditText - P000'

2023-06-16 09:48:33 - [MESSAGE][WARNING] - Timeout '0' is invalid. Using default page load timeout: '30'

2023-06-16 09:48:35 - [MESSAGE][PASSED] - Text 'LIBRE02' has been set to element 'Object Repository/Crear_cuenta/CPN15/android.widget.EditText - P000'

2023-06-16 09:48:35 - [TEST_STEP][PASSED] - verifyElementText(findTestObject("Object Repository/Crear_cuenta/CPN15/android.widget.TextView - El apodo te servir para identificarse en NapoleoN Chat, no lo podrs cambiar despes"), "El apodo te servirá para identificarse en NapoleoN Chat, no lo podrás cambiar despúes"): Actual text and expected text of test object 'Object Repository/Crear_cuenta/CPN15/android.widget.TextView - El apodo te servir para identificarse en NapoleoN Chat, no lo podrs cambiar despes' are matched.

2023-06-16 09:48:37 - [MESSAGE][PASSED] - Actual text and expected text of test object 'Object Repository/Crear_cuenta/CPN15/android.widget.TextView - El apodo te servir para identificarse en NapoleoN Chat, no lo podrs cambiar despes' are matched.

2023-06-16 09:48:37 - [TEST_STEP][PASSED] - clearText(findTestObject("Object Repository/Crear_cuenta/CPN15/android.widget.EditText - Opcional"), 0): Element 'Object Repository/Crear_cuenta/CPN15/android.widget.EditText - Opcional' text is cleared

2023-06-16 09:48:37 - [MESSAGE][WARNING] - Timeout '0' is invalid. Using default page load timeout: '30'

2023-06-16 09:48:37 - [MESSAGE][PASSED] - Element 'Object Repository/Crear_cuenta/CPN15/android.widget.EditText - Opcional' text is cleared

2023-06-16 09:48:37 - [TEST_STEP][PASSED] - hideKeyboard(): Keyboard is hidden

2023-06-16 09:48:39 - [MESSAGE][PASSED] - Keyboard is hidden

2023-06-16 09:48:39 - [TEST_STEP][PASSED] - tap(findTestObject("Object Repository/Crear_cuenta/CPN15/android.widget.Button - Siguiente"), 0): Tapped on element 'Object Repository/Crear_cuenta/CPN15/android.widget.Button - Siguiente'

2023-06-16 09:48:39 - [MESSAGE][WARNING] - Timeout '0' is invalid. Using default page load timeout: '30'

2023-06-16 09:48:39 - [MESSAGE][PASSED] - Tapped on element 'Object Repository/Crear_cuenta/CPN15/android.widget.Button - Siguiente']]></system-out>
         <system-err><![CDATA[]]></system-err>
      </testcase>
      <testcase name="Test Cases/Crear cuenta/CPN16-17" time="11.368" classname="Test Cases/Crear cuenta/CPN16-17" status="PASSED">
         <system-out><![CDATA[2023-06-16 09:48:39 - [TEST_CASE][PASSED] - Test Cases/Crear cuenta/CPN16-17: Test Cases/Crear cuenta/CPN16-17

2023-06-16 09:48:39 - [TEST_STEP][PASSED] - tap(findTestObject("Object Repository/Crear_cuenta/CPN16-17/android.widget.EditText - Pin de Acceso"), 200): Tapped on element 'Object Repository/Crear_cuenta/CPN16-17/android.widget.EditText - Pin de Acceso'

2023-06-16 09:48:40 - [MESSAGE][PASSED] - Tapped on element 'Object Repository/Crear_cuenta/CPN16-17/android.widget.EditText - Pin de Acceso'

2023-06-16 09:48:40 - [TEST_STEP][PASSED] - setText(findTestObject("Object Repository/Crear_cuenta/CPN16-17/android.widget.EditText - Pin de Acceso (1)"), "00000", 200): Text '00000' has been set to element 'Object Repository/Crear_cuenta/CPN16-17/android.widget.EditText - Pin de Acceso (1)'

2023-06-16 09:48:43 - [MESSAGE][PASSED] - Text '00000' has been set to element 'Object Repository/Crear_cuenta/CPN16-17/android.widget.EditText - Pin de Acceso (1)'

2023-06-16 09:48:43 - [TEST_STEP][PASSED] - setText(findTestObject("Object Repository/Crear_cuenta/CPN16-17/android.widget.EditText - Confirmar nuevo pin de acceso"), "1234", 200): Text '1234' has been set to element 'Object Repository/Crear_cuenta/CPN16-17/android.widget.EditText - Confirmar nuevo pin de acceso'

2023-06-16 09:48:46 - [MESSAGE][PASSED] - Text '1234' has been set to element 'Object Repository/Crear_cuenta/CPN16-17/android.widget.EditText - Confirmar nuevo pin de acceso'

2023-06-16 09:48:46 - [TEST_STEP][PASSED] - delay(2, STOP_ON_FAILURE): Delayed 2 second(s)

2023-06-16 09:48:48 - [MESSAGE][PASSED] - Delayed 2 second(s)

2023-06-16 09:48:48 - [TEST_STEP][PASSED] - hideKeyboard(): Keyboard is hidden

2023-06-16 09:48:50 - [MESSAGE][PASSED] - Keyboard is hidden

2023-06-16 09:48:50 - [TEST_STEP][PASSED] - verifyElementText(findTestObject("Object Repository/Crear_cuenta/CPN16-17/android.widget.TextView - El pin de acceso no coincide"), "El pin de acceso no coincide"): Actual text and expected text of test object 'Object Repository/Crear_cuenta/CPN16-17/android.widget.TextView - El pin de acceso no coincide' are matched.

2023-06-16 09:48:50 - [MESSAGE][PASSED] - Actual text and expected text of test object 'Object Repository/Crear_cuenta/CPN16-17/android.widget.TextView - El pin de acceso no coincide' are matched.

2023-06-16 09:48:50 - [TEST_STEP][PASSED] - verifyElementText(findTestObject("Object Repository/Crear_cuenta/CPN16-17/android.widget.TextView - El pin de acceso no coincide (1)"), "El pin de acceso no coincide"): Actual text and expected text of test object 'Object Repository/Crear_cuenta/CPN16-17/android.widget.TextView - El pin de acceso no coincide (1)' are matched.

2023-06-16 09:48:50 - [MESSAGE][PASSED] - Actual text and expected text of test object 'Object Repository/Crear_cuenta/CPN16-17/android.widget.TextView - El pin de acceso no coincide (1)' are matched.]]></system-out>
         <system-err><![CDATA[]]></system-err>
      </testcase>
      <testcase name="Test Cases/Crear cuenta/CPN18-19" time="17.664" classname="Test Cases/Crear cuenta/CPN18-19" status="PASSED">
         <system-out><![CDATA[2023-06-16 09:48:50 - [TEST_CASE][PASSED] - Test Cases/Crear cuenta/CPN18-19: Test Cases/Crear cuenta/CPN18-19

2023-06-16 09:48:51 - [TEST_STEP][PASSED] - tap(findTestObject("Object Repository/Crear_cuenta/CPN18-19/android.widget.EditText - 0000"), 1): Tapped on element 'Object Repository/Crear_cuenta/CPN18-19/android.widget.EditText - 0000'

2023-06-16 09:48:51 - [MESSAGE][PASSED] - Tapped on element 'Object Repository/Crear_cuenta/CPN18-19/android.widget.EditText - 0000'

2023-06-16 09:48:51 - [TEST_STEP][PASSED] - clearText(findTestObject("Object Repository/Crear_cuenta/CPN18-19/android.widget.EditText - 0000 (1)"), 1): Element 'Object Repository/Crear_cuenta/CPN18-19/android.widget.EditText - 0000 (1)' text is cleared

2023-06-16 09:48:53 - [MESSAGE][PASSED] - Element 'Object Repository/Crear_cuenta/CPN18-19/android.widget.EditText - 0000 (1)' text is cleared

2023-06-16 09:48:53 - [TEST_STEP][PASSED] - clearText(findTestObject("Object Repository/Crear_cuenta/CPN18-19/android.widget.EditText - 1234"), 1): Element 'Object Repository/Crear_cuenta/CPN18-19/android.widget.EditText - 1234' text is cleared

2023-06-16 09:48:54 - [MESSAGE][PASSED] - Element 'Object Repository/Crear_cuenta/CPN18-19/android.widget.EditText - 1234' text is cleared

2023-06-16 09:48:54 - [TEST_STEP][PASSED] - setText(findTestObject("Object Repository/Crear_cuenta/CPN18-19/android.widget.EditText - Pin de Acceso"), "0000", 0): Text '0000' has been set to element 'Object Repository/Crear_cuenta/CPN18-19/android.widget.EditText - Pin de Acceso'

2023-06-16 09:48:54 - [MESSAGE][WARNING] - Timeout '0' is invalid. Using default page load timeout: '30'

2023-06-16 09:48:57 - [MESSAGE][PASSED] - Text '0000' has been set to element 'Object Repository/Crear_cuenta/CPN18-19/android.widget.EditText - Pin de Acceso'

2023-06-16 09:48:57 - [TEST_STEP][PASSED] - setText(findTestObject("Object Repository/Crear_cuenta/CPN18-19/android.widget.EditText - Confirmar nuevo pin de acceso"), "1111", 0): Text '1111' has been set to element 'Object Repository/Crear_cuenta/CPN18-19/android.widget.EditText - Confirmar nuevo pin de acceso'

2023-06-16 09:48:57 - [MESSAGE][WARNING] - Timeout '0' is invalid. Using default page load timeout: '30'

2023-06-16 09:48:59 - [MESSAGE][PASSED] - Text '1111' has been set to element 'Object Repository/Crear_cuenta/CPN18-19/android.widget.EditText - Confirmar nuevo pin de acceso'

2023-06-16 09:48:59 - [TEST_STEP][PASSED] - clearText(findTestObject("Object Repository/Crear_cuenta/CPN18-19/android.widget.EditText - 1111"), 1): Element 'Object Repository/Crear_cuenta/CPN18-19/android.widget.EditText - 1111' text is cleared

2023-06-16 09:49:00 - [MESSAGE][PASSED] - Element 'Object Repository/Crear_cuenta/CPN18-19/android.widget.EditText - 1111' text is cleared

2023-06-16 09:49:00 - [TEST_STEP][PASSED] - setText(findTestObject("Crear_cuenta/CPN18-19/android.widget.EditText - Confirmar nuevo pin de acceso"), "0000", 0): Text '0000' has been set to element 'Object Repository/Crear_cuenta/CPN18-19/android.widget.EditText - Confirmar nuevo pin de acceso'

2023-06-16 09:49:00 - [MESSAGE][WARNING] - Timeout '0' is invalid. Using default page load timeout: '30'

2023-06-16 09:49:03 - [MESSAGE][PASSED] - Text '0000' has been set to element 'Object Repository/Crear_cuenta/CPN18-19/android.widget.EditText - Confirmar nuevo pin de acceso'

2023-06-16 09:49:03 - [TEST_STEP][PASSED] - hideKeyboard(): Keyboard is hidden

2023-06-16 09:49:05 - [MESSAGE][PASSED] - Keyboard is hidden

2023-06-16 09:49:05 - [TEST_STEP][PASSED] - tap(findTestObject("Object Repository/Crear_cuenta/CPN18-19/android.widget.Button - Crear Cuenta"), 1): Tapped on element 'Object Repository/Crear_cuenta/CPN18-19/android.widget.Button - Crear Cuenta'

2023-06-16 09:49:05 - [MESSAGE][PASSED] - Tapped on element 'Object Repository/Crear_cuenta/CPN18-19/android.widget.Button - Crear Cuenta'

2023-06-16 09:49:05 - [TEST_STEP][PASSED] - verifyElementExist(findTestObject("Object Repository/Crear_cuenta/CPN18-19/android.widget.TextView - NapoleoN"), 0): Element 'Object Repository/Crear_cuenta/CPN18-19/android.widget.TextView - NapoleoN' is exist

2023-06-16 09:49:05 - [MESSAGE][WARNING] - Timeout '0' is invalid. Using default page load timeout: '30'

2023-06-16 09:49:08 - [MESSAGE][PASSED] - Element 'Object Repository/Crear_cuenta/CPN18-19/android.widget.TextView - NapoleoN' is exist]]></system-out>
         <system-err><![CDATA[]]></system-err>
      </testcase>
      <testcase name="Test Cases/agregar" time="93.099" classname="Test Cases/agregar" status="PASSED">
         <system-out><![CDATA[2023-06-16 09:49:08 - [TEST_CASE][PASSED] - Test Cases/agregar: Test Cases/agregar

2023-06-16 09:49:08 - [TEST_STEP][PASSED] - delay(2, CONTINUE_ON_FAILURE): Delayed 2 second(s)

2023-06-16 09:49:10 - [MESSAGE][PASSED] - Delayed 2 second(s)

2023-06-16 09:49:10 - [TEST_STEP][PASSED] - tap(findTestObject("Object Repository/agregar/android.widget.ImageView"), 1): Tapped on element 'Object Repository/agregar/android.widget.ImageView'

2023-06-16 09:49:12 - [MESSAGE][PASSED] - Tapped on element 'Object Repository/agregar/android.widget.ImageView'

2023-06-16 09:49:12 - [TEST_STEP][PASSED] - tap(findTestObject("Object Repository/agregar/android.widget.Button - Agregar contactos"), 1): Tapped on element 'Object Repository/agregar/android.widget.Button - Agregar contactos'

2023-06-16 09:49:13 - [MESSAGE][PASSED] - Tapped on element 'Object Repository/agregar/android.widget.Button - Agregar contactos'

2023-06-16 09:49:13 - [TEST_STEP][PASSED] - setText(findTestObject("Object Repository/agregar/android.widget.EditText - Busca por apodo"), "prueba2134", 1): Text 'prueba2134' has been set to element 'Object Repository/agregar/android.widget.EditText - Busca por apodo'

2023-06-16 09:49:16 - [MESSAGE][PASSED] - Text 'prueba2134' has been set to element 'Object Repository/agregar/android.widget.EditText - Busca por apodo'

2023-06-16 09:49:16 - [TEST_STEP][PASSED] - tap(findTestObject("Object Repository/agregar/android.widget.Button - AGREGAR"), 1): Tapped on element 'Object Repository/agregar/android.widget.Button - AGREGAR'

2023-06-16 09:49:17 - [MESSAGE][PASSED] - Tapped on element 'Object Repository/agregar/android.widget.Button - AGREGAR'

2023-06-16 09:49:17 - [TEST_STEP][PASSED] - delay(3, CONTINUE_ON_FAILURE): Delayed 3 second(s)

2023-06-16 09:49:20 - [MESSAGE][PASSED] - Delayed 3 second(s)

2023-06-16 09:49:20 - [TEST_STEP][PASSED] - tap(findTestObject("Object Repository/agregar/android.widget.TextView"), 1): Tapped on element 'Object Repository/agregar/android.widget.TextView'

2023-06-16 09:49:21 - [MESSAGE][PASSED] - Tapped on element 'Object Repository/agregar/android.widget.TextView'

2023-06-16 09:49:21 - [TEST_STEP][PASSED] - delay(3, CONTINUE_ON_FAILURE): Delayed 3 second(s)

2023-06-16 09:49:24 - [MESSAGE][PASSED] - Delayed 3 second(s)

2023-06-16 09:49:24 - [TEST_STEP][PASSED] - tap(findTestObject("Object Repository/agregar/android.widget.ImageButton"), 1): Tapped on element 'Object Repository/agregar/android.widget.ImageButton'

2023-06-16 09:49:25 - [MESSAGE][PASSED] - Tapped on element 'Object Repository/agregar/android.widget.ImageButton'

2023-06-16 09:49:25 - [TEST_STEP][PASSED] - tap(findTestObject("Object Repository/agregar/android.view.ViewGroup"), 0): Tapped on element 'Object Repository/agregar/android.view.ViewGroup'

2023-06-16 09:49:25 - [MESSAGE][WARNING] - Timeout '0' is invalid. Using default page load timeout: '30'

2023-06-16 09:49:34 - [MESSAGE][PASSED] - Tapped on element 'Object Repository/agregar/android.view.ViewGroup'

2023-06-16 09:49:34 - [TEST_STEP][PASSED] - delay(3, CONTINUE_ON_FAILURE): Delayed 3 second(s)

2023-06-16 09:49:37 - [MESSAGE][PASSED] - Delayed 3 second(s)

2023-06-16 09:49:37 - [TEST_STEP][PASSED] - tap(findTestObject("Object Repository/agregar/android.widget.ImageButton (1)"), 1): Tapped on element 'Object Repository/agregar/android.widget.ImageButton (1)'

2023-06-16 09:50:29 - [MESSAGE][PASSED] - Tapped on element 'Object Repository/agregar/android.widget.ImageButton (1)'

2023-06-16 09:50:29 - [TEST_STEP][PASSED] - tap(findTestObject("Object Repository/agregar/android.widget.FrameLayout"), 1): Tapped on element 'Object Repository/agregar/android.widget.FrameLayout'

2023-06-16 09:50:29 - [MESSAGE][PASSED] - Tapped on element 'Object Repository/agregar/android.widget.FrameLayout'

2023-06-16 09:50:29 - [TEST_STEP][PASSED] - tapAndHold(findTestObject("Object Repository/agregar/android.view.ViewGroup (1)"), 3, 1): Tapped and held on element 'Object Repository/agregar/android.view.ViewGroup (1)' with duration 3

2023-06-16 09:50:35 - [MESSAGE][PASSED] - Tapped and held on element 'Object Repository/agregar/android.view.ViewGroup (1)' with duration 3

2023-06-16 09:50:35 - [TEST_STEP][PASSED] - tap(findTestObject("Object Repository/agregar/android.widget.LinearLayout"), 0): Tapped on element 'Object Repository/agregar/android.widget.LinearLayout'

2023-06-16 09:50:35 - [MESSAGE][WARNING] - Timeout '0' is invalid. Using default page load timeout: '30'

2023-06-16 09:50:36 - [MESSAGE][PASSED] - Tapped on element 'Object Repository/agregar/android.widget.LinearLayout'

2023-06-16 09:50:36 - [TEST_STEP][PASSED] - delay(2, STOP_ON_FAILURE): Delayed 2 second(s)

2023-06-16 09:50:38 - [MESSAGE][PASSED] - Delayed 2 second(s)

2023-06-16 09:50:38 - [TEST_STEP][PASSED] - tap(findTestObject("Object Repository/agregar/android.widget.Button - Aceptar"), 1): Tapped on element 'Object Repository/agregar/android.widget.Button - Aceptar'

2023-06-16 09:50:38 - [MESSAGE][PASSED] - Tapped on element 'Object Repository/agregar/android.widget.Button - Aceptar'

2023-06-16 09:50:38 - [TEST_STEP][PASSED] - tap(findTestObject("Object Repository/agregar/android.widget.FrameLayout (1)"), 1): Tapped on element 'Object Repository/agregar/android.widget.FrameLayout (1)'

2023-06-16 09:50:40 - [MESSAGE][PASSED] - Tapped on element 'Object Repository/agregar/android.widget.FrameLayout (1)'

2023-06-16 09:50:40 - [TEST_STEP][PASSED] - tap(findTestObject("agregar/android.view.ViewGroup"), 0): Tapped on element 'Object Repository/agregar/android.view.ViewGroup'

2023-06-16 09:50:40 - [MESSAGE][WARNING] - Timeout '0' is invalid. Using default page load timeout: '30'

2023-06-16 09:50:41 - [MESSAGE][PASSED] - Tapped on element 'Object Repository/agregar/android.view.ViewGroup']]></system-out>
         <system-err><![CDATA[]]></system-err>
      </testcase>
      <testcase name="Test Cases/EnvioMensajes/CPN40" time="18.625" classname="Test Cases/EnvioMensajes/CPN40" status="PASSED">
         <system-out><![CDATA[2023-06-16 09:50:41 - [TEST_CASE][PASSED] - Test Cases/EnvioMensajes/CPN40: Test Cases/EnvioMensajes/CPN40

2023-06-16 09:50:41 - [TEST_STEP][PASSED] - tap(findTestObject("CPN40/android.widget.FrameLayout"), 100): Tapped on element 'Object Repository/CPN40/android.widget.FrameLayout'

2023-06-16 09:50:42 - [MESSAGE][PASSED] - Tapped on element 'Object Repository/CPN40/android.widget.FrameLayout'

2023-06-16 09:50:42 - [TEST_STEP][PASSED] - tap(findTestObject("Object Repository/CPN40/android.widget.RadioButton - 1 minuto"), 100): Tapped on element 'Object Repository/CPN40/android.widget.RadioButton - 1 minuto'

2023-06-16 09:50:43 - [MESSAGE][PASSED] - Tapped on element 'Object Repository/CPN40/android.widget.RadioButton - 1 minuto'

2023-06-16 09:50:43 - [TEST_STEP][PASSED] - tap(findTestObject("Object Repository/CPN40/android.widget.Button - Aceptar"), 100): Tapped on element 'Object Repository/CPN40/android.widget.Button - Aceptar'

2023-06-16 09:50:43 - [MESSAGE][PASSED] - Tapped on element 'Object Repository/CPN40/android.widget.Button - Aceptar'

2023-06-16 09:50:43 - [TEST_STEP][PASSED] - tap(findTestObject("Object Repository/CPN40/android.widget.EditText - Escribir mensaje"), 100): Tapped on element 'Object Repository/CPN40/android.widget.EditText - Escribir mensaje'

2023-06-16 09:50:46 - [MESSAGE][PASSED] - Tapped on element 'Object Repository/CPN40/android.widget.EditText - Escribir mensaje'

2023-06-16 09:50:46 - [TEST_STEP][PASSED] - setText(findTestObject("Object Repository/CPN40/android.widget.EditText - Escribir mensaje (1)"), "mensaje1", 0): Text 'mensaje1' has been set to element 'Object Repository/CPN40/android.widget.EditText - Escribir mensaje (1)'

2023-06-16 09:50:46 - [MESSAGE][WARNING] - Timeout '0' is invalid. Using default page load timeout: '30'

2023-06-16 09:50:47 - [MESSAGE][PASSED] - Text 'mensaje1' has been set to element 'Object Repository/CPN40/android.widget.EditText - Escribir mensaje (1)'

2023-06-16 09:50:47 - [TEST_STEP][PASSED] - tap(findTestObject("Object Repository/CPN40/android.widget.ImageButton"), 100): Tapped on element 'Object Repository/CPN40/android.widget.ImageButton'

2023-06-16 09:50:47 - [MESSAGE][PASSED] - Tapped on element 'Object Repository/CPN40/android.widget.ImageButton'

2023-06-16 09:50:47 - [TEST_STEP][PASSED] - setText(findTestObject("CPN40/android.widget.EditText - Escribir mensaje (1)"), "mensaje2", 0): Text 'mensaje2' has been set to element 'Object Repository/CPN40/android.widget.EditText - Escribir mensaje (1)'

2023-06-16 09:50:47 - [MESSAGE][WARNING] - Timeout '0' is invalid. Using default page load timeout: '30'

2023-06-16 09:50:50 - [MESSAGE][PASSED] - Text 'mensaje2' has been set to element 'Object Repository/CPN40/android.widget.EditText - Escribir mensaje (1)'

2023-06-16 09:50:50 - [TEST_STEP][PASSED] - tap(findTestObject("CPN40/android.widget.ImageButton"), 100): Tapped on element 'Object Repository/CPN40/android.widget.ImageButton'

2023-06-16 09:50:51 - [MESSAGE][PASSED] - Tapped on element 'Object Repository/CPN40/android.widget.ImageButton'

2023-06-16 09:50:51 - [TEST_STEP][PASSED] - setText(findTestObject("CPN40/android.widget.EditText - Escribir mensaje (1)"), "mensaje3", 0): Text 'mensaje3' has been set to element 'Object Repository/CPN40/android.widget.EditText - Escribir mensaje (1)'

2023-06-16 09:50:51 - [MESSAGE][WARNING] - Timeout '0' is invalid. Using default page load timeout: '30'

2023-06-16 09:50:54 - [MESSAGE][PASSED] - Text 'mensaje3' has been set to element 'Object Repository/CPN40/android.widget.EditText - Escribir mensaje (1)'

2023-06-16 09:50:54 - [TEST_STEP][PASSED] - tap(findTestObject("CPN40/android.widget.ImageButton"), 100): Tapped on element 'Object Repository/CPN40/android.widget.ImageButton'

2023-06-16 09:50:54 - [MESSAGE][PASSED] - Tapped on element 'Object Repository/CPN40/android.widget.ImageButton'

2023-06-16 09:50:54 - [TEST_STEP][PASSED] - setText(findTestObject("CPN40/android.widget.EditText - Escribir mensaje (1)"), "mensaje4", 0): Text 'mensaje4' has been set to element 'Object Repository/CPN40/android.widget.EditText - Escribir mensaje (1)'

2023-06-16 09:50:55 - [MESSAGE][WARNING] - Timeout '0' is invalid. Using default page load timeout: '30'

2023-06-16 09:50:57 - [MESSAGE][PASSED] - Text 'mensaje4' has been set to element 'Object Repository/CPN40/android.widget.EditText - Escribir mensaje (1)'

2023-06-16 09:50:57 - [TEST_STEP][PASSED] - tap(findTestObject("CPN40/android.widget.ImageButton"), 100): Tapped on element 'Object Repository/CPN40/android.widget.ImageButton'

2023-06-16 09:50:58 - [MESSAGE][PASSED] - Tapped on element 'Object Repository/CPN40/android.widget.ImageButton'

2023-06-16 09:50:58 - [TEST_STEP][PASSED] - tap(findTestObject("Object Repository/CPN40/android.widget.ImageButton (1)"), 100): Tapped on element 'Object Repository/CPN40/android.widget.ImageButton (1)'

2023-06-16 09:51:00 - [MESSAGE][PASSED] - Tapped on element 'Object Repository/CPN40/android.widget.ImageButton (1)']]></system-out>
         <system-err><![CDATA[]]></system-err>
      </testcase>
      <testcase name="Test Cases/EnvioMensajes/CPN76" time="38.474" classname="Test Cases/EnvioMensajes/CPN76" status="PASSED">
         <system-out><![CDATA[2023-06-16 09:51:00 - [TEST_CASE][PASSED] - Test Cases/EnvioMensajes/CPN76: Test Cases/EnvioMensajes/CPN76

2023-06-16 09:51:00 - [TEST_STEP][PASSED] - tap(findTestObject("Object Repository/CPN76/android.widget.FrameLayout"), 1): Tapped on element 'Object Repository/CPN76/android.widget.FrameLayout'

2023-06-16 09:51:02 - [MESSAGE][PASSED] - Tapped on element 'Object Repository/CPN76/android.widget.FrameLayout'

2023-06-16 09:51:02 - [TEST_STEP][PASSED] - delay(3, CONTINUE_ON_FAILURE): Delayed 3 second(s)

2023-06-16 09:51:05 - [MESSAGE][PASSED] - Delayed 3 second(s)

2023-06-16 09:51:05 - [TEST_STEP][PASSED] - tap(findTestObject("CPN76/android.view.ViewGroup"), 0): Tapped on element 'Object Repository/CPN76/android.view.ViewGroup'

2023-06-16 09:51:05 - [MESSAGE][WARNING] - Timeout '0' is invalid. Using default page load timeout: '30'

2023-06-16 09:51:06 - [MESSAGE][PASSED] - Tapped on element 'Object Repository/CPN76/android.view.ViewGroup'

2023-06-16 09:51:06 - [TEST_STEP][PASSED] - tapAndHold(findTestObject("CPN76/android.widget.ImageButton"), 8, 0): Tapped and held on element 'Object Repository/CPN76/android.widget.ImageButton' with duration 8

2023-06-16 09:51:06 - [MESSAGE][WARNING] - Timeout '0' is invalid. Using default page load timeout: '30'

2023-06-16 09:51:17 - [MESSAGE][PASSED] - Tapped and held on element 'Object Repository/CPN76/android.widget.ImageButton' with duration 8

2023-06-16 09:51:17 - [TEST_STEP][PASSED] - tapAndHold(findTestObject("CPN76/android.widget.ImageButton"), 15, 0): Tapped and held on element 'Object Repository/CPN76/android.widget.ImageButton' with duration 15

2023-06-16 09:51:17 - [MESSAGE][WARNING] - Timeout '0' is invalid. Using default page load timeout: '30'

2023-06-16 09:51:35 - [MESSAGE][PASSED] - Tapped and held on element 'Object Repository/CPN76/android.widget.ImageButton' with duration 15

2023-06-16 09:51:35 - [TEST_STEP][PASSED] - tap(findTestObject("CPN76/android.widget.ImageButton (1)"), 0): Tapped on element 'Object Repository/CPN76/android.widget.ImageButton (1)'

2023-06-16 09:51:35 - [MESSAGE][WARNING] - Timeout '0' is invalid. Using default page load timeout: '30'

2023-06-16 09:51:38 - [MESSAGE][PASSED] - Tapped on element 'Object Repository/CPN76/android.widget.ImageButton (1)']]></system-out>
         <system-err><![CDATA[]]></system-err>
      </testcase>
      <testcase name="Test Cases/EnvioMensajes/CPN85" time="35.551" classname="Test Cases/EnvioMensajes/CPN85" status="PASSED">
         <system-out><![CDATA[2023-06-16 09:51:38 - [TEST_CASE][PASSED] - Test Cases/EnvioMensajes/CPN85: Test Cases/EnvioMensajes/CPN85

2023-06-16 09:51:38 - [TEST_STEP][PASSED] - delay(4, CONTINUE_ON_FAILURE): Delayed 4 second(s)

2023-06-16 09:51:42 - [MESSAGE][PASSED] - Delayed 4 second(s)

2023-06-16 09:51:42 - [TEST_STEP][PASSED] - tap(findTestObject("Object Repository/CPN85/android.view.ViewGroup"), 0): Tapped on element 'Object Repository/CPN85/android.view.ViewGroup'

2023-06-16 09:51:43 - [MESSAGE][WARNING] - Timeout '0' is invalid. Using default page load timeout: '30'

2023-06-16 09:51:44 - [MESSAGE][PASSED] - Tapped on element 'Object Repository/CPN85/android.view.ViewGroup'

2023-06-16 09:51:44 - [TEST_STEP][PASSED] - tap(findTestObject("Object Repository/CPN85/android.widget.ImageButton"), 1): Tapped on element 'Object Repository/CPN85/android.widget.ImageButton'

2023-06-16 09:51:44 - [MESSAGE][PASSED] - Tapped on element 'Object Repository/CPN85/android.widget.ImageButton'

2023-06-16 09:51:44 - [TEST_STEP][PASSED] - tap(findTestObject("Object Repository/CPN85/android.widget.SeekBar - 0.0"), 0): Tapped on element 'Object Repository/CPN85/android.widget.SeekBar - 0.0'

2023-06-16 09:51:44 - [MESSAGE][WARNING] - Timeout '0' is invalid. Using default page load timeout: '30'

2023-06-16 09:51:46 - [MESSAGE][PASSED] - Tapped on element 'Object Repository/CPN85/android.widget.SeekBar - 0.0'

2023-06-16 09:51:46 - [TEST_STEP][PASSED] - tap(findTestObject("Object Repository/CPN85/android.widget.ImageButton (1)"), 1): Tapped on element 'Object Repository/CPN85/android.widget.ImageButton (1)'

2023-06-16 09:51:47 - [MESSAGE][PASSED] - Tapped on element 'Object Repository/CPN85/android.widget.ImageButton (1)'

2023-06-16 09:51:47 - [TEST_STEP][PASSED] - tap(findTestObject("Object Repository/CPN85/android.widget.ImageButton (2)"), 0): Tapped on element 'Object Repository/CPN85/android.widget.ImageButton (2)'

2023-06-16 09:51:47 - [MESSAGE][WARNING] - Timeout '0' is invalid. Using default page load timeout: '30'

2023-06-16 09:51:49 - [MESSAGE][PASSED] - Tapped on element 'Object Repository/CPN85/android.widget.ImageButton (2)'

2023-06-16 09:51:49 - [TEST_STEP][PASSED] - tap(findTestObject("CPN85/android.widget.ImageButton"), 1): Tapped on element 'Object Repository/CPN85/android.widget.ImageButton'

2023-06-16 09:51:52 - [MESSAGE][PASSED] - Tapped on element 'Object Repository/CPN85/android.widget.ImageButton'

2023-06-16 09:51:52 - [TEST_STEP][PASSED] - tap(findTestObject("Object Repository/CPN85/android.widget.ImageButton (3)"), 0): Tapped on element 'Object Repository/CPN85/android.widget.ImageButton (3)'

2023-06-16 09:51:52 - [MESSAGE][WARNING] - Timeout '0' is invalid. Using default page load timeout: '30'

2023-06-16 09:51:53 - [MESSAGE][PASSED] - Tapped on element 'Object Repository/CPN85/android.widget.ImageButton (3)'

2023-06-16 09:51:53 - [TEST_STEP][PASSED] - tap(findTestObject("CPN85/android.widget.SeekBar - 0.0"), 0): Tapped on element 'Object Repository/CPN85/android.widget.SeekBar - 0.0'

2023-06-16 09:51:53 - [MESSAGE][WARNING] - Timeout '0' is invalid. Using default page load timeout: '30'

2023-06-16 09:51:53 - [MESSAGE][PASSED] - Tapped on element 'Object Repository/CPN85/android.widget.SeekBar - 0.0'

2023-06-16 09:51:53 - [TEST_STEP][PASSED] - tap(findTestObject("CPN85/android.widget.ImageButton (1)"), 1): Tapped on element 'Object Repository/CPN85/android.widget.ImageButton (1)'

2023-06-16 09:51:54 - [MESSAGE][PASSED] - Tapped on element 'Object Repository/CPN85/android.widget.ImageButton (1)'

2023-06-16 09:51:54 - [TEST_STEP][PASSED] - tap(findTestObject("CPN85/android.widget.ImageButton (2)"), 0): Tapped on element 'Object Repository/CPN85/android.widget.ImageButton (2)'

2023-06-16 09:51:54 - [MESSAGE][WARNING] - Timeout '0' is invalid. Using default page load timeout: '30'

2023-06-16 09:51:57 - [MESSAGE][PASSED] - Tapped on element 'Object Repository/CPN85/android.widget.ImageButton (2)'

2023-06-16 09:51:57 - [TEST_STEP][PASSED] - tap(findTestObject("CPN85/android.widget.ImageButton"), 1): Tapped on element 'Object Repository/CPN85/android.widget.ImageButton'

2023-06-16 09:51:59 - [MESSAGE][PASSED] - Tapped on element 'Object Repository/CPN85/android.widget.ImageButton'

2023-06-16 09:51:59 - [TEST_STEP][PASSED] - tap(findTestObject("Object Repository/CPN85/android.widget.ImageButton (4)"), 0): Tapped on element 'Object Repository/CPN85/android.widget.ImageButton (4)'

2023-06-16 09:51:59 - [MESSAGE][WARNING] - Timeout '0' is invalid. Using default page load timeout: '30'

2023-06-16 09:52:00 - [MESSAGE][PASSED] - Tapped on element 'Object Repository/CPN85/android.widget.ImageButton (4)'

2023-06-16 09:52:00 - [TEST_STEP][PASSED] - tap(findTestObject("CPN85/android.widget.ImageButton (1)"), 1): Tapped on element 'Object Repository/CPN85/android.widget.ImageButton (1)'

2023-06-16 09:52:02 - [MESSAGE][PASSED] - Tapped on element 'Object Repository/CPN85/android.widget.ImageButton (1)'

2023-06-16 09:52:02 - [TEST_STEP][PASSED] - delay(1, CONTINUE_ON_FAILURE): Delayed 1 second(s)

2023-06-16 09:52:03 - [MESSAGE][PASSED] - Delayed 1 second(s)

2023-06-16 09:52:03 - [TEST_STEP][PASSED] - tap(findTestObject("CPN85/android.widget.ImageButton (2)"), 0): Tapped on element 'Object Repository/CPN85/android.widget.ImageButton (2)'

2023-06-16 09:52:03 - [MESSAGE][WARNING] - Timeout '0' is invalid. Using default page load timeout: '30'

2023-06-16 09:52:04 - [MESSAGE][PASSED] - Tapped on element 'Object Repository/CPN85/android.widget.ImageButton (2)'

2023-06-16 09:52:04 - [TEST_STEP][PASSED] - tap(findTestObject("CPN85/android.widget.ImageButton"), 1): Tapped on element 'Object Repository/CPN85/android.widget.ImageButton'

2023-06-16 09:52:06 - [MESSAGE][PASSED] - Tapped on element 'Object Repository/CPN85/android.widget.ImageButton'

2023-06-16 09:52:06 - [TEST_STEP][PASSED] - tap(findTestObject("CPN85/android.widget.ImageButton (4)"), 1): Tapped on element 'Object Repository/CPN85/android.widget.ImageButton (4)'

2023-06-16 09:52:07 - [MESSAGE][PASSED] - Tapped on element 'Object Repository/CPN85/android.widget.ImageButton (4)'

2023-06-16 09:52:07 - [TEST_STEP][PASSED] - tap(findTestObject("CPN85/android.widget.ImageButton (3)"), 0): Tapped on element 'Object Repository/CPN85/android.widget.ImageButton (3)'

2023-06-16 09:52:07 - [MESSAGE][WARNING] - Timeout '0' is invalid. Using default page load timeout: '30'

2023-06-16 09:52:08 - [MESSAGE][PASSED] - Tapped on element 'Object Repository/CPN85/android.widget.ImageButton (3)'

2023-06-16 09:52:08 - [TEST_STEP][PASSED] - tap(findTestObject("CPN85/android.widget.ImageButton (1)"), 1): Tapped on element 'Object Repository/CPN85/android.widget.ImageButton (1)'

2023-06-16 09:52:08 - [MESSAGE][PASSED] - Tapped on element 'Object Repository/CPN85/android.widget.ImageButton (1)'

2023-06-16 09:52:08 - [TEST_STEP][PASSED] - tap(findTestObject("CPN85/android.widget.ImageButton (2)"), 0): Tapped on element 'Object Repository/CPN85/android.widget.ImageButton (2)'

2023-06-16 09:52:08 - [MESSAGE][WARNING] - Timeout '0' is invalid. Using default page load timeout: '30'

2023-06-16 09:52:10 - [MESSAGE][PASSED] - Tapped on element 'Object Repository/CPN85/android.widget.ImageButton (2)'

2023-06-16 09:52:10 - [TEST_STEP][PASSED] - delay(3, CONTINUE_ON_FAILURE): Delayed 3 second(s)

2023-06-16 09:52:14 - [MESSAGE][PASSED] - Delayed 3 second(s)

2023-06-16 09:52:14 - [TEST_STEP][PASSED] - tap(findTestObject("Object Repository/CPN85/android.widget.ImageButton (5)"), 0): Tapped on element 'Object Repository/CPN85/android.widget.ImageButton (5)'

2023-06-16 09:52:14 - [MESSAGE][WARNING] - Timeout '0' is invalid. Using default page load timeout: '30'

2023-06-16 09:52:14 - [MESSAGE][PASSED] - Tapped on element 'Object Repository/CPN85/android.widget.ImageButton (5)']]></system-out>
         <system-err><![CDATA[]]></system-err>
      </testcase>
      <testcase name="Test Cases/EnvioMensajes/CPN94" time="86.987" classname="Test Cases/EnvioMensajes/CPN94" status="PASSED">
         <system-out><![CDATA[2023-06-16 09:52:14 - [TEST_CASE][PASSED] - Test Cases/EnvioMensajes/CPN94: Test Cases/EnvioMensajes/CPN94

2023-06-16 09:52:14 - [TEST_STEP][PASSED] - tap(findTestObject("CPN94/android.view.ViewGroup"), 0): Tapped on element 'Object Repository/CPN94/android.view.ViewGroup'

2023-06-16 09:52:14 - [MESSAGE][WARNING] - Timeout '0' is invalid. Using default page load timeout: '30'

2023-06-16 09:52:17 - [MESSAGE][PASSED] - Tapped on element 'Object Repository/CPN94/android.view.ViewGroup'

2023-06-16 09:52:17 - [TEST_STEP][PASSED] - tap(findTestObject("Object Repository/CPN94/android.widget.ImageButton"), 1): Tapped on element 'Object Repository/CPN94/android.widget.ImageButton'

2023-06-16 09:52:18 - [MESSAGE][PASSED] - Tapped on element 'Object Repository/CPN94/android.widget.ImageButton'

2023-06-16 09:52:18 - [TEST_STEP][PASSED] - tapAndHold(findTestObject("Object Repository/CPN94/android.widget.ImageButton (1)"), 6, 0): Tapped and held on element 'Object Repository/CPN94/android.widget.ImageButton (1)' with duration 6

2023-06-16 09:52:18 - [MESSAGE][WARNING] - Timeout '0' is invalid. Using default page load timeout: '30'

2023-06-16 09:52:27 - [MESSAGE][PASSED] - Tapped and held on element 'Object Repository/CPN94/android.widget.ImageButton (1)' with duration 6

2023-06-16 09:52:27 - [TEST_STEP][PASSED] - tap(findTestObject("Object Repository/CPN94/android.widget.ImageButton (2)"), 1): Tapped on element 'Object Repository/CPN94/android.widget.ImageButton (2)'

2023-06-16 09:52:28 - [MESSAGE][PASSED] - Tapped on element 'Object Repository/CPN94/android.widget.ImageButton (2)'

2023-06-16 09:52:28 - [TEST_STEP][PASSED] - tap(findTestObject("CPN94/android.widget.ImageButton"), 1): Tapped on element 'Object Repository/CPN94/android.widget.ImageButton'

2023-06-16 09:52:30 - [MESSAGE][PASSED] - Tapped on element 'Object Repository/CPN94/android.widget.ImageButton'

2023-06-16 09:52:30 - [TEST_STEP][PASSED] - tap(findTestObject("Object Repository/CPN94/android.widget.ImageButton (3)"), 600): Tapped on element 'Object Repository/CPN94/android.widget.ImageButton (3)'

2023-06-16 09:52:31 - [MESSAGE][PASSED] - Tapped on element 'Object Repository/CPN94/android.widget.ImageButton (3)'

2023-06-16 09:52:31 - [TEST_STEP][PASSED] - tap(findTestObject("Object Repository/CPN94/android.widget.SeekBar - 0.0"), 0): Tapped on element 'Object Repository/CPN94/android.widget.SeekBar - 0.0'

2023-06-16 09:52:31 - [MESSAGE][WARNING] - Timeout '0' is invalid. Using default page load timeout: '30'

2023-06-16 09:52:31 - [MESSAGE][PASSED] - Tapped on element 'Object Repository/CPN94/android.widget.SeekBar - 0.0'

2023-06-16 09:52:31 - [TEST_STEP][PASSED] - tapAndHold(findTestObject("CPN94/android.widget.ImageButton (1)"), 8, 0): Tapped and held on element 'Object Repository/CPN94/android.widget.ImageButton (1)' with duration 8

2023-06-16 09:52:31 - [MESSAGE][WARNING] - Timeout '0' is invalid. Using default page load timeout: '30'

2023-06-16 09:52:41 - [MESSAGE][PASSED] - Tapped and held on element 'Object Repository/CPN94/android.widget.ImageButton (1)' with duration 8

2023-06-16 09:52:41 - [TEST_STEP][PASSED] - tap(findTestObject("Object Repository/CPN94/android.widget.EditText - Escribir mensaje"), 0): Tapped on element 'Object Repository/CPN94/android.widget.EditText - Escribir mensaje'

2023-06-16 09:52:42 - [MESSAGE][WARNING] - Timeout '0' is invalid. Using default page load timeout: '30'

2023-06-16 09:52:44 - [MESSAGE][PASSED] - Tapped on element 'Object Repository/CPN94/android.widget.EditText - Escribir mensaje'

2023-06-16 09:52:44 - [TEST_STEP][PASSED] - setText(findTestObject("Object Repository/CPN94/android.widget.EditText - Escribir mensaje (1)"), "Prueba video", 0): Text 'Prueba video' has been set to element 'Object Repository/CPN94/android.widget.EditText - Escribir mensaje (1)'

2023-06-16 09:52:44 - [MESSAGE][WARNING] - Timeout '0' is invalid. Using default page load timeout: '30'

2023-06-16 09:52:45 - [MESSAGE][PASSED] - Text 'Prueba video' has been set to element 'Object Repository/CPN94/android.widget.EditText - Escribir mensaje (1)'

2023-06-16 09:52:45 - [TEST_STEP][PASSED] - hideKeyboard(): Keyboard is hidden

2023-06-16 09:52:48 - [MESSAGE][PASSED] - Keyboard is hidden

2023-06-16 09:52:48 - [TEST_STEP][PASSED] - tap(findTestObject("CPN94/android.widget.ImageButton (2)"), 0): Tapped on element 'Object Repository/CPN94/android.widget.ImageButton (2)'

2023-06-16 09:52:48 - [MESSAGE][WARNING] - Timeout '0' is invalid. Using default page load timeout: '30'

2023-06-16 09:52:48 - [MESSAGE][PASSED] - Tapped on element 'Object Repository/CPN94/android.widget.ImageButton (2)'

2023-06-16 09:52:48 - [TEST_STEP][PASSED] - tap(findTestObject("CPN94/android.widget.ImageButton"), 0): Tapped on element 'Object Repository/CPN94/android.widget.ImageButton'

2023-06-16 09:52:48 - [MESSAGE][WARNING] - Timeout '0' is invalid. Using default page load timeout: '30'

2023-06-16 09:52:50 - [MESSAGE][PASSED] - Tapped on element 'Object Repository/CPN94/android.widget.ImageButton'

2023-06-16 09:52:50 - [TEST_STEP][PASSED] - tap(findTestObject("Object Repository/CPN94/android.widget.ImageButton (4)"), 0): Tapped on element 'Object Repository/CPN94/android.widget.ImageButton (4)'

2023-06-16 09:52:50 - [MESSAGE][WARNING] - Timeout '0' is invalid. Using default page load timeout: '30'

2023-06-16 09:52:52 - [MESSAGE][PASSED] - Tapped on element 'Object Repository/CPN94/android.widget.ImageButton (4)'

2023-06-16 09:52:52 - [TEST_STEP][PASSED] - tapAndHold(findTestObject("CPN94/android.widget.ImageButton (1)"), 5, 0): Tapped and held on element 'Object Repository/CPN94/android.widget.ImageButton (1)' with duration 5

2023-06-16 09:52:52 - [MESSAGE][WARNING] - Timeout '0' is invalid. Using default page load timeout: '30'

2023-06-16 09:52:59 - [MESSAGE][PASSED] - Tapped and held on element 'Object Repository/CPN94/android.widget.ImageButton (1)' with duration 5

2023-06-16 09:52:59 - [TEST_STEP][PASSED] - tap(findTestObject("CPN94/android.widget.ImageButton (2)"), 0): Tapped on element 'Object Repository/CPN94/android.widget.ImageButton (2)'

2023-06-16 09:52:59 - [MESSAGE][WARNING] - Timeout '0' is invalid. Using default page load timeout: '30'

2023-06-16 09:53:00 - [MESSAGE][PASSED] - Tapped on element 'Object Repository/CPN94/android.widget.ImageButton (2)'

2023-06-16 09:53:00 - [TEST_STEP][PASSED] - tap(findTestObject("CPN94/android.widget.ImageButton"), 0): Tapped on element 'Object Repository/CPN94/android.widget.ImageButton'

2023-06-16 09:53:00 - [MESSAGE][WARNING] - Timeout '0' is invalid. Using default page load timeout: '30'

2023-06-16 09:53:02 - [MESSAGE][PASSED] - Tapped on element 'Object Repository/CPN94/android.widget.ImageButton'

2023-06-16 09:53:02 - [TEST_STEP][PASSED] - tap(findTestObject("CPN94/android.widget.ImageButton (4)"), 0): Tapped on element 'Object Repository/CPN94/android.widget.ImageButton (4)'

2023-06-16 09:53:02 - [MESSAGE][WARNING] - Timeout '0' is invalid. Using default page load timeout: '30'

2023-06-16 09:53:03 - [MESSAGE][PASSED] - Tapped on element 'Object Repository/CPN94/android.widget.ImageButton (4)'

2023-06-16 09:53:03 - [TEST_STEP][PASSED] - tapAndHold(findTestObject("CPN94/android.widget.ImageButton (1)"), 10, 0): Tapped and held on element 'Object Repository/CPN94/android.widget.ImageButton (1)' with duration 10

2023-06-16 09:53:03 - [MESSAGE][WARNING] - Timeout '0' is invalid. Using default page load timeout: '30'

2023-06-16 09:53:16 - [MESSAGE][PASSED] - Tapped and held on element 'Object Repository/CPN94/android.widget.ImageButton (1)' with duration 10

2023-06-16 09:53:16 - [TEST_STEP][PASSED] - tap(findTestObject("CPN94/android.widget.ImageButton (2)"), 0): Tapped on element 'Object Repository/CPN94/android.widget.ImageButton (2)'

2023-06-16 09:53:16 - [MESSAGE][WARNING] - Timeout '0' is invalid. Using default page load timeout: '30'

2023-06-16 09:53:16 - [MESSAGE][PASSED] - Tapped on element 'Object Repository/CPN94/android.widget.ImageButton (2)'

2023-06-16 09:53:16 - [TEST_STEP][PASSED] - tap(findTestObject("CPN94/android.widget.ImageButton"), 0): Tapped on element 'Object Repository/CPN94/android.widget.ImageButton'

2023-06-16 09:53:16 - [MESSAGE][WARNING] - Timeout '0' is invalid. Using default page load timeout: '30'

2023-06-16 09:53:18 - [MESSAGE][PASSED] - Tapped on element 'Object Repository/CPN94/android.widget.ImageButton'

2023-06-16 09:53:18 - [TEST_STEP][PASSED] - delay(3, STOP_ON_FAILURE): Delayed 3 second(s)

2023-06-16 09:53:21 - [MESSAGE][PASSED] - Delayed 3 second(s)

2023-06-16 09:53:21 - [TEST_STEP][PASSED] - tap(findTestObject("CPN94/android.widget.ImageButton (4)"), 0): Tapped on element 'Object Repository/CPN94/android.widget.ImageButton (4)'

2023-06-16 09:53:21 - [MESSAGE][WARNING] - Timeout '0' is invalid. Using default page load timeout: '30'

2023-06-16 09:53:21 - [MESSAGE][PASSED] - Tapped on element 'Object Repository/CPN94/android.widget.ImageButton (4)'

2023-06-16 09:53:21 - [TEST_STEP][PASSED] - tapAndHold(findTestObject("CPN94/android.widget.ImageButton (1)"), 15, 0): Tapped and held on element 'Object Repository/CPN94/android.widget.ImageButton (1)' with duration 15

2023-06-16 09:53:21 - [MESSAGE][WARNING] - Timeout '0' is invalid. Using default page load timeout: '30'

2023-06-16 09:53:39 - [MESSAGE][PASSED] - Tapped and held on element 'Object Repository/CPN94/android.widget.ImageButton (1)' with duration 15

2023-06-16 09:53:39 - [TEST_STEP][PASSED] - tap(findTestObject("CPN94/android.widget.ImageButton (2)"), 0): Tapped on element 'Object Repository/CPN94/android.widget.ImageButton (2)'

2023-06-16 09:53:39 - [MESSAGE][WARNING] - Timeout '0' is invalid. Using default page load timeout: '30'

2023-06-16 09:53:39 - [MESSAGE][PASSED] - Tapped on element 'Object Repository/CPN94/android.widget.ImageButton (2)'

2023-06-16 09:53:39 - [TEST_STEP][PASSED] - tap(findTestObject("CPN94/android.widget.ImageButton (6)"), 0): Tapped on element 'Object Repository/CPN94/android.widget.ImageButton (6)'

2023-06-16 09:53:39 - [MESSAGE][WARNING] - Timeout '0' is invalid. Using default page load timeout: '30'

2023-06-16 09:53:41 - [MESSAGE][PASSED] - Tapped on element 'Object Repository/CPN94/android.widget.ImageButton (6)']]></system-out>
         <system-err><![CDATA[]]></system-err>
      </testcase>
      <testcase name="Test Cases/EnvioMensajes/CPN103" time="18.776" classname="Test Cases/EnvioMensajes/CPN103" status="PASSED">
         <system-out><![CDATA[2023-06-16 09:53:41 - [TEST_CASE][PASSED] - Test Cases/EnvioMensajes/CPN103: Test Cases/EnvioMensajes/CPN103

2023-06-16 09:53:41 - [TEST_STEP][PASSED] - delay(3, CONTINUE_ON_FAILURE): Delayed 3 second(s)

2023-06-16 09:53:44 - [MESSAGE][PASSED] - Delayed 3 second(s)

2023-06-16 09:53:44 - [TEST_STEP][PASSED] - tap(findTestObject("CPN103/android.view.ViewGroup"), 0): Tapped on element 'Object Repository/CPN103/android.view.ViewGroup'

2023-06-16 09:53:44 - [MESSAGE][WARNING] - Timeout '0' is invalid. Using default page load timeout: '30'

2023-06-16 09:53:44 - [MESSAGE][PASSED] - Tapped on element 'Object Repository/CPN103/android.view.ViewGroup'

2023-06-16 09:53:44 - [TEST_STEP][PASSED] - tap(findTestObject("Object Repository/CPN103/android.widget.ImageButton"), 0): Tapped on element 'Object Repository/CPN103/android.widget.ImageButton'

2023-06-16 09:53:44 - [MESSAGE][WARNING] - Timeout '0' is invalid. Using default page load timeout: '30'

2023-06-16 09:53:46 - [MESSAGE][PASSED] - Tapped on element 'Object Repository/CPN103/android.widget.ImageButton'

2023-06-16 09:53:46 - [TEST_STEP][PASSED] - tap(findTestObject("Object Repository/CPN103/android.widget.LinearLayout"), 0): Tapped on element 'Object Repository/CPN103/android.widget.LinearLayout'

2023-06-16 09:53:46 - [MESSAGE][WARNING] - Timeout '0' is invalid. Using default page load timeout: '30'

2023-06-16 09:53:47 - [MESSAGE][PASSED] - Tapped on element 'Object Repository/CPN103/android.widget.LinearLayout'

2023-06-16 09:53:47 - [TEST_STEP][PASSED] - tap(findTestObject("Object Repository/CPN103/android.widget.ImageView"), 0): Tapped on element 'Object Repository/CPN103/android.widget.ImageView'

2023-06-16 09:53:48 - [MESSAGE][WARNING] - Timeout '0' is invalid. Using default page load timeout: '30'

2023-06-16 09:53:52 - [MESSAGE][PASSED] - Tapped on element 'Object Repository/CPN103/android.widget.ImageView'

2023-06-16 09:53:52 - [TEST_STEP][PASSED] - tap(findTestObject("CPN103/android.widget.ImageButton"), 0): Tapped on element 'Object Repository/CPN103/android.widget.ImageButton'

2023-06-16 09:53:52 - [MESSAGE][WARNING] - Timeout '0' is invalid. Using default page load timeout: '30'

2023-06-16 09:53:55 - [MESSAGE][PASSED] - Tapped on element 'Object Repository/CPN103/android.widget.ImageButton'

2023-06-16 09:53:55 - [TEST_STEP][PASSED] - tap(findTestObject("CPN103/android.widget.LinearLayout"), 0): Tapped on element 'Object Repository/CPN103/android.widget.LinearLayout'

2023-06-16 09:53:55 - [MESSAGE][WARNING] - Timeout '0' is invalid. Using default page load timeout: '30'

2023-06-16 09:53:56 - [MESSAGE][PASSED] - Tapped on element 'Object Repository/CPN103/android.widget.LinearLayout'

2023-06-16 09:53:56 - [TEST_STEP][PASSED] - tap(findTestObject("Object Repository/CPN103/android.widget.ImageView (1)"), 0): Tapped on element 'Object Repository/CPN103/android.widget.ImageView (1)'

2023-06-16 09:53:56 - [MESSAGE][WARNING] - Timeout '0' is invalid. Using default page load timeout: '30'

2023-06-16 09:53:58 - [MESSAGE][PASSED] - Tapped on element 'Object Repository/CPN103/android.widget.ImageView (1)'

2023-06-16 09:53:58 - [TEST_STEP][PASSED] - tap(findTestObject("Object Repository/CPN103/android.widget.ImageButton (1)"), 0): Tapped on element 'Object Repository/CPN103/android.widget.ImageButton (1)'

2023-06-16 09:53:58 - [MESSAGE][WARNING] - Timeout '0' is invalid. Using default page load timeout: '30'

2023-06-16 09:54:00 - [MESSAGE][PASSED] - Tapped on element 'Object Repository/CPN103/android.widget.ImageButton (1)']]></system-out>
         <system-err><![CDATA[]]></system-err>
      </testcase>
      <testcase name="Test Cases/EnvioMensajes/CPN104" time="22.551" classname="Test Cases/EnvioMensajes/CPN104" status="PASSED">
         <system-out><![CDATA[2023-06-16 09:54:00 - [TEST_CASE][PASSED] - Test Cases/EnvioMensajes/CPN104: Test Cases/EnvioMensajes/CPN104

2023-06-16 09:54:00 - [TEST_STEP][PASSED] - delay(3, CONTINUE_ON_FAILURE): Delayed 3 second(s)

2023-06-16 09:54:03 - [MESSAGE][PASSED] - Delayed 3 second(s)

2023-06-16 09:54:03 - [TEST_STEP][PASSED] - tap(findTestObject("CPN104/android.view.ViewGroup"), 0): Tapped on element 'Object Repository/CPN104/android.view.ViewGroup'

2023-06-16 09:54:03 - [MESSAGE][WARNING] - Timeout '0' is invalid. Using default page load timeout: '30'

2023-06-16 09:54:03 - [MESSAGE][PASSED] - Tapped on element 'Object Repository/CPN104/android.view.ViewGroup'

2023-06-16 09:54:03 - [TEST_STEP][PASSED] - tap(findTestObject("Object Repository/CPN104/android.widget.ImageButton"), 100): Tapped on element 'Object Repository/CPN104/android.widget.ImageButton'

2023-06-16 09:54:05 - [MESSAGE][PASSED] - Tapped on element 'Object Repository/CPN104/android.widget.ImageButton'

2023-06-16 09:54:05 - [TEST_STEP][PASSED] - tap(findTestObject("Object Repository/CPN104/android.widget.LinearLayout"), 100): Tapped on element 'Object Repository/CPN104/android.widget.LinearLayout'

2023-06-16 09:54:06 - [MESSAGE][PASSED] - Tapped on element 'Object Repository/CPN104/android.widget.LinearLayout'

2023-06-16 09:54:06 - [TEST_STEP][PASSED] - tap(findTestObject("Object Repository/CPN104/android.view.ViewGroup (1)"), 0): Tapped on element 'Object Repository/CPN104/android.view.ViewGroup (1)'

2023-06-16 09:54:06 - [MESSAGE][WARNING] - Timeout '0' is invalid. Using default page load timeout: '30'

2023-06-16 09:54:07 - [MESSAGE][PASSED] - Tapped on element 'Object Repository/CPN104/android.view.ViewGroup (1)'

2023-06-16 09:54:07 - [TEST_STEP][PASSED] - tap(findTestObject("Object Repository/CPN104/android.widget.ImageView"), 100): Tapped on element 'Object Repository/CPN104/android.widget.ImageView'

2023-06-16 09:54:08 - [MESSAGE][PASSED] - Tapped on element 'Object Repository/CPN104/android.widget.ImageView'

2023-06-16 09:54:08 - [TEST_STEP][PASSED] - tap(findTestObject("Object Repository/CPN104/android.widget.ImageView (1)"), 100): Tapped on element 'Object Repository/CPN104/android.widget.ImageView (1)'

2023-06-16 09:54:09 - [MESSAGE][PASSED] - Tapped on element 'Object Repository/CPN104/android.widget.ImageView (1)'

2023-06-16 09:54:09 - [TEST_STEP][PASSED] - delay(8, STOP_ON_FAILURE): Delayed 8 second(s)

2023-06-16 09:54:17 - [MESSAGE][PASSED] - Delayed 8 second(s)

2023-06-16 09:54:17 - [TEST_STEP][PASSED] - tap(findTestObject("Object Repository/CPN104/android.widget.ImageView (2)"), 100): Tapped on element 'Object Repository/CPN104/android.widget.ImageView (2)'

2023-06-16 09:54:18 - [MESSAGE][PASSED] - Tapped on element 'Object Repository/CPN104/android.widget.ImageView (2)'

2023-06-16 09:54:18 - [TEST_STEP][PASSED] - tap(findTestObject("Object Repository/CPN104/android.widget.ImageButton (1)"), 100): Tapped on element 'Object Repository/CPN104/android.widget.ImageButton (1)'

2023-06-16 09:54:19 - [MESSAGE][PASSED] - Tapped on element 'Object Repository/CPN104/android.widget.ImageButton (1)'

2023-06-16 09:54:19 - [TEST_STEP][PASSED] - delay(3, STOP_ON_FAILURE): Delayed 3 second(s)

2023-06-16 09:54:22 - [MESSAGE][PASSED] - Delayed 3 second(s)

2023-06-16 09:54:22 - [TEST_STEP][PASSED] - tap(findTestObject("Object Repository/CPN104/android.widget.ImageButton (2)"), 100): Tapped on element 'Object Repository/CPN104/android.widget.ImageButton (2)'

2023-06-16 09:54:22 - [MESSAGE][PASSED] - Tapped on element 'Object Repository/CPN104/android.widget.ImageButton (2)']]></system-out>
         <system-err><![CDATA[]]></system-err>
      </testcase>
      <testcase name="Test Cases/EnvioMensajes/CPN105" time="41.622" classname="Test Cases/EnvioMensajes/CPN105" status="PASSED">
         <system-out><![CDATA[2023-06-16 09:54:22 - [TEST_CASE][PASSED] - Test Cases/EnvioMensajes/CPN105: Test Cases/EnvioMensajes/CPN105

2023-06-16 09:54:22 - [TEST_STEP][PASSED] - tap(findTestObject("Object Repository/CPN105/android.view.ViewGroup"), 0): Tapped on element 'Object Repository/CPN105/android.view.ViewGroup'

2023-06-16 09:54:22 - [MESSAGE][WARNING] - Timeout '0' is invalid. Using default page load timeout: '30'

2023-06-16 09:54:24 - [MESSAGE][PASSED] - Tapped on element 'Object Repository/CPN105/android.view.ViewGroup'

2023-06-16 09:54:24 - [TEST_STEP][PASSED] - tap(findTestObject("Object Repository/CPN105/android.widget.ImageButton"), 100): Tapped on element 'Object Repository/CPN105/android.widget.ImageButton'

2023-06-16 09:54:25 - [MESSAGE][PASSED] - Tapped on element 'Object Repository/CPN105/android.widget.ImageButton'

2023-06-16 09:54:25 - [TEST_STEP][PASSED] - tap(findTestObject("Object Repository/CPN105/android.widget.LinearLayout"), 100): Tapped on element 'Object Repository/CPN105/android.widget.LinearLayout'

2023-06-16 09:54:26 - [MESSAGE][PASSED] - Tapped on element 'Object Repository/CPN105/android.widget.LinearLayout'

2023-06-16 09:54:26 - [TEST_STEP][PASSED] - tap(findTestObject("Object Repository/CPN105/android.widget.ImageButton (1)"), 100): Tapped on element 'Object Repository/CPN105/android.widget.ImageButton (1)'

2023-06-16 09:54:29 - [MESSAGE][PASSED] - Tapped on element 'Object Repository/CPN105/android.widget.ImageButton (1)'

2023-06-16 09:54:29 - [TEST_STEP][PASSED] - delay(3, STOP_ON_FAILURE): Delayed 3 second(s)

2023-06-16 09:54:32 - [MESSAGE][PASSED] - Delayed 3 second(s)

2023-06-16 09:54:32 - [TEST_STEP][PASSED] - tap(findTestObject("CPN105/android.widget.ImageButton"), 100): Tapped on element 'Object Repository/CPN105/android.widget.ImageButton'

2023-06-16 09:54:35 - [MESSAGE][PASSED] - Tapped on element 'Object Repository/CPN105/android.widget.ImageButton'

2023-06-16 09:54:35 - [TEST_STEP][PASSED] - tap(findTestObject("CPN105/android.widget.LinearLayout"), 100): Tapped on element 'Object Repository/CPN105/android.widget.LinearLayout'

2023-06-16 09:54:37 - [MESSAGE][PASSED] - Tapped on element 'Object Repository/CPN105/android.widget.LinearLayout'

2023-06-16 09:54:37 - [TEST_STEP][PASSED] - tap(findTestObject("Object Repository/CPN105/android.widget.TextView"), 100): Tapped on element 'Object Repository/CPN105/android.widget.TextView'

2023-06-16 09:54:38 - [MESSAGE][PASSED] - Tapped on element 'Object Repository/CPN105/android.widget.TextView'

2023-06-16 09:54:38 - [TEST_STEP][PASSED] - setText(findTestObject("Object Repository/CPN105/android.widget.EditText - NapoleoN"), "Valenci", 0): Text 'Valenci' has been set to element 'Object Repository/CPN105/android.widget.EditText - NapoleoN'

2023-06-16 09:54:38 - [MESSAGE][WARNING] - Timeout '0' is invalid. Using default page load timeout: '30'

2023-06-16 09:54:42 - [MESSAGE][PASSED] - Text 'Valenci' has been set to element 'Object Repository/CPN105/android.widget.EditText - NapoleoN'

2023-06-16 09:54:42 - [TEST_STEP][PASSED] - tap(findTestObject("CPN105/android.view.ViewGroup (1)"), 0): Tapped on element 'Object Repository/CPN105/android.view.ViewGroup (1)'

2023-06-16 09:54:42 - [MESSAGE][WARNING] - Timeout '0' is invalid. Using default page load timeout: '30'

2023-06-16 09:54:44 - [MESSAGE][PASSED] - Tapped on element 'Object Repository/CPN105/android.view.ViewGroup (1)'

2023-06-16 09:54:44 - [TEST_STEP][PASSED] - tap(findTestObject("CPN105/android.widget.ImageButton (1)"), 100): Tapped on element 'Object Repository/CPN105/android.widget.ImageButton (1)'

2023-06-16 09:54:46 - [MESSAGE][PASSED] - Tapped on element 'Object Repository/CPN105/android.widget.ImageButton (1)'

2023-06-16 09:54:46 - [TEST_STEP][PASSED] - tap(findTestObject("Object Repository/CPN105/android.widget.ImageButton"), 100): Tapped on element 'Object Repository/CPN105/android.widget.ImageButton'

2023-06-16 09:54:51 - [MESSAGE][PASSED] - Tapped on element 'Object Repository/CPN105/android.widget.ImageButton'

2023-06-16 09:54:51 - [TEST_STEP][PASSED] - tap(findTestObject("Object Repository/CPN105/android.widget.LinearLayout"), 100): Tapped on element 'Object Repository/CPN105/android.widget.LinearLayout'

2023-06-16 09:54:53 - [MESSAGE][PASSED] - Tapped on element 'Object Repository/CPN105/android.widget.LinearLayout'

2023-06-16 09:54:53 - [TEST_STEP][PASSED] - tap(findTestObject("Object Repository/CPN105/android.widget.TextView"), 100): Tapped on element 'Object Repository/CPN105/android.widget.TextView'

2023-06-16 09:54:55 - [MESSAGE][PASSED] - Tapped on element 'Object Repository/CPN105/android.widget.TextView'

2023-06-16 09:54:55 - [TEST_STEP][PASSED] - setText(findTestObject("CPN105/android.widget.EditText - NapoleoN"), "ikonos", 0): Text 'ikonos' has been set to element 'Object Repository/CPN105/android.widget.EditText - NapoleoN'

2023-06-16 09:54:55 - [MESSAGE][WARNING] - Timeout '0' is invalid. Using default page load timeout: '30'

2023-06-16 09:54:57 - [MESSAGE][PASSED] - Text 'ikonos' has been set to element 'Object Repository/CPN105/android.widget.EditText - NapoleoN'

2023-06-16 09:54:57 - [TEST_STEP][PASSED] - tap(findTestObject("CPN105/android.view.ViewGroup (1)"), 0): Tapped on element 'Object Repository/CPN105/android.view.ViewGroup (1)'

2023-06-16 09:54:57 - [MESSAGE][WARNING] - Timeout '0' is invalid. Using default page load timeout: '30'

2023-06-16 09:54:58 - [MESSAGE][PASSED] - Tapped on element 'Object Repository/CPN105/android.view.ViewGroup (1)'

2023-06-16 09:54:58 - [TEST_STEP][PASSED] - tap(findTestObject("Object Repository/CPN105/android.widget.ImageButton (2)"), 100): Tapped on element 'Object Repository/CPN105/android.widget.ImageButton (2)'

2023-06-16 09:55:00 - [MESSAGE][PASSED] - Tapped on element 'Object Repository/CPN105/android.widget.ImageButton (2)'

2023-06-16 09:55:00 - [TEST_STEP][PASSED] - tap(findTestObject("Object Repository/CPN105/android.widget.ImageButton (3)"), 100): Tapped on element 'Object Repository/CPN105/android.widget.ImageButton (3)'

2023-06-16 09:55:04 - [MESSAGE][PASSED] - Tapped on element 'Object Repository/CPN105/android.widget.ImageButton (3)']]></system-out>
         <system-err><![CDATA[]]></system-err>
      </testcase>
      <testcase name="Test Cases/EnvioMensajes/CPN105.1" time="19.712" classname="Test Cases/EnvioMensajes/CPN105.1" status="FAILED">
         <failure type="FAILED" message="Test Cases/EnvioMensajes/CPN105.1 FAILED.
Reason:
com.kms.katalon.core.exception.StepFailedException: Object Object Repository/CPN105.1/android.widget.ImageButton (2) not found
	at com.kms.katalon.core.keyword.internal.KeywordMain.stepFailed(KeywordMain.groovy:51)
	at com.kms.katalon.core.mobile.keyword.internal.MobileKeywordMain.stepFailed(MobileKeywordMain.groovy:40)
	at com.kms.katalon.core.mobile.keyword.builtin.TapKeyword$_tap_closure1.doCall(TapKeyword.groovy:79)
	at com.kms.katalon.core.mobile.keyword.builtin.TapKeyword$_tap_closure1.call(TapKeyword.groovy)
	at com.kms.katalon.core.mobile.keyword.internal.MobileKeywordMain.runKeyword(MobileKeywordMain.groovy:21)
	at com.kms.katalon.core.mobile.keyword.builtin.TapKeyword.tap(TapKeyword.groovy:84)
	at com.kms.katalon.core.mobile.keyword.builtin.TapKeyword.execute(TapKeyword.groovy:68)
	at com.kms.katalon.core.keyword.internal.KeywordExecutor.executeKeywordForPlatform(KeywordExecutor.groovy:74)
	at com.kms.katalon.core.mobile.keyword.MobileBuiltInKeywords.tap(MobileBuiltInKeywords.groovy:1490)
	at com.kms.katalon.core.mobile.keyword.MobileBuiltInKeywords$tap$1.call(Unknown Source)
	at CPN105.1.run(CPN105.1:46)
	at com.kms.katalon.core.main.ScriptEngine.run(ScriptEngine.java:194)
	at com.kms.katalon.core.main.ScriptEngine.runScriptAsRawText(ScriptEngine.java:119)
	at com.kms.katalon.core.main.TestCaseExecutor.runScript(TestCaseExecutor.java:448)
	at com.kms.katalon.core.main.TestCaseExecutor.doExecute(TestCaseExecutor.java:439)
	at com.kms.katalon.core.main.TestCaseExecutor.processExecutionPhase(TestCaseExecutor.java:418)
	at com.kms.katalon.core.main.TestCaseExecutor.accessMainPhase(TestCaseExecutor.java:410)
	at com.kms.katalon.core.main.TestCaseExecutor.execute(TestCaseExecutor.java:285)
	at com.kms.katalon.core.common.CommonExecutor.accessTestCaseMainPhase(CommonExecutor.java:65)
	at com.kms.katalon.core.main.TestSuiteExecutor.accessTestSuiteMainPhase(TestSuiteExecutor.java:148)
	at com.kms.katalon.core.main.TestSuiteExecutor.execute(TestSuiteExecutor.java:106)
	at com.kms.katalon.core.main.TestCaseMain.startTestSuite(TestCaseMain.java:187)
	at com.kms.katalon.core.main.TestCaseMain$startTestSuite$0.call(Unknown Source)
	at TempTestSuite1686926685352.run(TempTestSuite1686926685352.groovy:36)
"/>
         <system-out><![CDATA[2023-06-16 09:55:04 - [TEST_CASE][FAILED] - Test Cases/EnvioMensajes/CPN105.1: Test Cases/EnvioMensajes/CPN105.1 FAILED.
Reason:
com.kms.katalon.core.exception.StepFailedException: Object Object Repository/CPN105.1/android.widget.ImageButton (2) not found
	at com.kms.katalon.core.keyword.internal.KeywordMain.stepFailed(KeywordMain.groovy:51)
	at com.kms.katalon.core.mobile.keyword.internal.MobileKeywordMain.stepFailed(MobileKeywordMain.groovy:40)
	at com.kms.katalon.core.mobile.keyword.builtin.TapKeyword$_tap_closure1.doCall(TapKeyword.groovy:79)
	at com.kms.katalon.core.mobile.keyword.builtin.TapKeyword$_tap_closure1.call(TapKeyword.groovy)
	at com.kms.katalon.core.mobile.keyword.internal.MobileKeywordMain.runKeyword(MobileKeywordMain.groovy:21)
	at com.kms.katalon.core.mobile.keyword.builtin.TapKeyword.tap(TapKeyword.groovy:84)
	at com.kms.katalon.core.mobile.keyword.builtin.TapKeyword.execute(TapKeyword.groovy:68)
	at com.kms.katalon.core.keyword.internal.KeywordExecutor.executeKeywordForPlatform(KeywordExecutor.groovy:74)
	at com.kms.katalon.core.mobile.keyword.MobileBuiltInKeywords.tap(MobileBuiltInKeywords.groovy:1490)
	at com.kms.katalon.core.mobile.keyword.MobileBuiltInKeywords$tap$1.call(Unknown Source)
	at CPN105.1.run(CPN105.1:46)
	at com.kms.katalon.core.main.ScriptEngine.run(ScriptEngine.java:194)
	at com.kms.katalon.core.main.ScriptEngine.runScriptAsRawText(ScriptEngine.java:119)
	at com.kms.katalon.core.main.TestCaseExecutor.runScript(TestCaseExecutor.java:448)
	at com.kms.katalon.core.main.TestCaseExecutor.doExecute(TestCaseExecutor.java:439)
	at com.kms.katalon.core.main.TestCaseExecutor.processExecutionPhase(TestCaseExecutor.java:418)
	at com.kms.katalon.core.main.TestCaseExecutor.accessMainPhase(TestCaseExecutor.java:410)
	at com.kms.katalon.core.main.TestCaseExecutor.execute(TestCaseExecutor.java:285)
	at com.kms.katalon.core.common.CommonExecutor.accessTestCaseMainPhase(CommonExecutor.java:65)
	at com.kms.katalon.core.main.TestSuiteExecutor.accessTestSuiteMainPhase(TestSuiteExecutor.java:148)
	at com.kms.katalon.core.main.TestSuiteExecutor.execute(TestSuiteExecutor.java:106)
	at com.kms.katalon.core.main.TestCaseMain.startTestSuite(TestCaseMain.java:187)
	at com.kms.katalon.core.main.TestCaseMain$startTestSuite$0.call(Unknown Source)
	at TempTestSuite1686926685352.run(TempTestSuite1686926685352.groovy:36)


2023-06-16 09:55:04 - [TEST_STEP][PASSED] - delay(3, CONTINUE_ON_FAILURE): Delayed 3 second(s)

2023-06-16 09:55:07 - [MESSAGE][PASSED] - Delayed 3 second(s)

2023-06-16 09:55:07 - [TEST_STEP][PASSED] - tap(findTestObject("Object Repository/CPN105.1/android.view.ViewGroup"), 0): Tapped on element 'Object Repository/CPN105.1/android.view.ViewGroup'

2023-06-16 09:55:07 - [MESSAGE][WARNING] - Timeout '0' is invalid. Using default page load timeout: '30'

2023-06-16 09:55:08 - [MESSAGE][PASSED] - Tapped on element 'Object Repository/CPN105.1/android.view.ViewGroup'

2023-06-16 09:55:08 - [TEST_STEP][PASSED] - tap(findTestObject("Object Repository/CPN105.1/android.widget.ImageButton"), 1): Tapped on element 'Object Repository/CPN105.1/android.widget.ImageButton'

2023-06-16 09:55:09 - [MESSAGE][PASSED] - Tapped on element 'Object Repository/CPN105.1/android.widget.ImageButton'

2023-06-16 09:55:09 - [TEST_STEP][PASSED] - tap(findTestObject("Object Repository/CPN105.1/android.widget.LinearLayout"), 1): Tapped on element 'Object Repository/CPN105.1/android.widget.LinearLayout'

2023-06-16 09:55:09 - [MESSAGE][PASSED] - Tapped on element 'Object Repository/CPN105.1/android.widget.LinearLayout'

2023-06-16 09:55:09 - [TEST_STEP][PASSED] - tap(findTestObject("Object Repository/CPN105.1/android.widget.ImageButton (1)"), 1): Tapped on element 'Object Repository/CPN105.1/android.widget.ImageButton (1)'

2023-06-16 09:55:11 - [MESSAGE][PASSED] - Tapped on element 'Object Repository/CPN105.1/android.widget.ImageButton (1)'

2023-06-16 09:55:11 - [TEST_STEP][PASSED] - tap(findTestObject("Object Repository/CPN105.1/android.widget.ImageButton (2)"), 0): Tapped on element 'Object Repository/CPN105.1/android.widget.ImageButton (2)'

2023-06-16 09:55:11 - [MESSAGE][WARNING] - Timeout '0' is invalid. Using default page load timeout: '30'

2023-06-16 09:55:13 - [MESSAGE][PASSED] - Tapped on element 'Object Repository/CPN105.1/android.widget.ImageButton (2)'

2023-06-16 09:55:13 - [TEST_STEP][PASSED] - tap(findTestObject("CPN105.1/android.widget.ImageButton"), 1): Tapped on element 'Object Repository/CPN105.1/android.widget.ImageButton'

2023-06-16 09:55:16 - [MESSAGE][PASSED] - Tapped on element 'Object Repository/CPN105.1/android.widget.ImageButton'

2023-06-16 09:55:16 - [TEST_STEP][PASSED] - tap(findTestObject("CPN105.1/android.widget.LinearLayout"), 1): Tapped on element 'Object Repository/CPN105.1/android.widget.LinearLayout'

2023-06-16 09:55:17 - [MESSAGE][PASSED] - Tapped on element 'Object Repository/CPN105.1/android.widget.LinearLayout'

2023-06-16 09:55:17 - [TEST_STEP][PASSED] - delay(3, CONTINUE_ON_FAILURE): Delayed 3 second(s)

2023-06-16 09:55:20 - [MESSAGE][PASSED] - Delayed 3 second(s)

2023-06-16 09:55:20 - [TEST_STEP][PASSED] - tap(findTestObject("Object Repository/CPN105.1/android.widget.ImageButton (3)"), 1): Tapped on element 'Object Repository/CPN105.1/android.widget.ImageButton (3)'

2023-06-16 09:55:20 - [MESSAGE][PASSED] - Tapped on element 'Object Repository/CPN105.1/android.widget.ImageButton (3)'

2023-06-16 09:55:20 - [TEST_STEP][PASSED] - tap(findTestObject("Object Repository/CPN105.1/android.widget.ImageButton (4)"), 1): Tapped on element 'Object Repository/CPN105.1/android.widget.ImageButton (4)'

2023-06-16 09:55:21 - [MESSAGE][PASSED] - Tapped on element 'Object Repository/CPN105.1/android.widget.ImageButton (4)'

2023-06-16 09:55:21 - [TEST_STEP][FAILED] - tap(findTestObject("CPN105.1/android.widget.ImageButton (2)"), 1): Failed to tap on element 'Object Repository/CPN105.1/android.widget.ImageButton (2)' (Root cause: com.kms.katalon.core.exception.StepFailedException: Object Object Repository/CPN105.1/android.widget.ImageButton (2) not found
	at com.kms.katalon.core.keyword.internal.KeywordMain.stepFailed(KeywordMain.groovy:51)
	at com.kms.katalon.core.mobile.keyword.internal.MobileKeywordMain.stepFailed(MobileKeywordMain.groovy:40)
	at com.kms.katalon.core.mobile.keyword.builtin.TapKeyword$_tap_closure1.doCall(TapKeyword.groovy:79)
	at com.kms.katalon.core.mobile.keyword.builtin.TapKeyword$_tap_closure1.call(TapKeyword.groovy)
	at com.kms.katalon.core.mobile.keyword.internal.MobileKeywordMain.runKeyword(MobileKeywordMain.groovy:21)
	at com.kms.katalon.core.mobile.keyword.builtin.TapKeyword.tap(TapKeyword.groovy:84)
	at com.kms.katalon.core.mobile.keyword.builtin.TapKeyword.execute(TapKeyword.groovy:68)
	at com.kms.katalon.core.keyword.internal.KeywordExecutor.executeKeywordForPlatform(KeywordExecutor.groovy:74)
	at com.kms.katalon.core.mobile.keyword.MobileBuiltInKeywords.tap(MobileBuiltInKeywords.groovy:1490)
	at com.kms.katalon.core.mobile.keyword.MobileBuiltInKeywords$tap$1.call(Unknown Source)
	at CPN105.1.run(CPN105.1:46)
	at com.kms.katalon.core.main.ScriptEngine.run(ScriptEngine.java:194)
	at com.kms.katalon.core.main.ScriptEngine.runScriptAsRawText(ScriptEngine.java:119)
	at com.kms.katalon.core.main.TestCaseExecutor.runScript(TestCaseExecutor.java:448)
	at com.kms.katalon.core.main.TestCaseExecutor.doExecute(TestCaseExecutor.java:439)
	at com.kms.katalon.core.main.TestCaseExecutor.processExecutionPhase(TestCaseExecutor.java:418)
	at com.kms.katalon.core.main.TestCaseExecutor.accessMainPhase(TestCaseExecutor.java:410)
	at com.kms.katalon.core.main.TestCaseExecutor.execute(TestCaseExecutor.java:285)
	at com.kms.katalon.core.common.CommonExecutor.accessTestCaseMainPhase(CommonExecutor.java:65)
	at com.kms.katalon.core.main.TestSuiteExecutor.accessTestSuiteMainPhase(TestSuiteExecutor.java:148)
	at com.kms.katalon.core.main.TestSuiteExecutor.execute(TestSuiteExecutor.java:106)
	at com.kms.katalon.core.main.TestCaseMain.startTestSuite(TestCaseMain.java:187)
	at com.kms.katalon.core.main.TestCaseMain$startTestSuite$0.call(Unknown Source)
	at TempTestSuite1686926685352.run(TempTestSuite1686926685352.groovy:36)
)

2023-06-16 09:55:22 - [MESSAGE][FAILED] - Object Object Repository/CPN105.1/android.widget.ImageButton (2) not found

2023-06-16 09:55:23 - [MESSAGE][FAILED] - Failed to tap on element 'Object Repository/CPN105.1/android.widget.ImageButton (2)' (Root cause: com.kms.katalon.core.exception.StepFailedException: Object Object Repository/CPN105.1/android.widget.ImageButton (2) not found
	at com.kms.katalon.core.keyword.internal.KeywordMain.stepFailed(KeywordMain.groovy:51)
	at com.kms.katalon.core.mobile.keyword.internal.MobileKeywordMain.stepFailed(MobileKeywordMain.groovy:40)
	at com.kms.katalon.core.mobile.keyword.builtin.TapKeyword$_tap_closure1.doCall(TapKeyword.groovy:79)
	at com.kms.katalon.core.mobile.keyword.builtin.TapKeyword$_tap_closure1.call(TapKeyword.groovy)
	at com.kms.katalon.core.mobile.keyword.internal.MobileKeywordMain.runKeyword(MobileKeywordMain.groovy:21)
	at com.kms.katalon.core.mobile.keyword.builtin.TapKeyword.tap(TapKeyword.groovy:84)
	at com.kms.katalon.core.mobile.keyword.builtin.TapKeyword.execute(TapKeyword.groovy:68)
	at com.kms.katalon.core.keyword.internal.KeywordExecutor.executeKeywordForPlatform(KeywordExecutor.groovy:74)
	at com.kms.katalon.core.mobile.keyword.MobileBuiltInKeywords.tap(MobileBuiltInKeywords.groovy:1490)
	at com.kms.katalon.core.mobile.keyword.MobileBuiltInKeywords$tap$1.call(Unknown Source)
	at CPN105.1.run(CPN105.1:46)
	at com.kms.katalon.core.main.ScriptEngine.run(ScriptEngine.java:194)
	at com.kms.katalon.core.main.ScriptEngine.runScriptAsRawText(ScriptEngine.java:119)
	at com.kms.katalon.core.main.TestCaseExecutor.runScript(TestCaseExecutor.java:448)
	at com.kms.katalon.core.main.TestCaseExecutor.doExecute(TestCaseExecutor.java:439)
	at com.kms.katalon.core.main.TestCaseExecutor.processExecutionPhase(TestCaseExecutor.java:418)
	at com.kms.katalon.core.main.TestCaseExecutor.accessMainPhase(TestCaseExecutor.java:410)
	at com.kms.katalon.core.main.TestCaseExecutor.execute(TestCaseExecutor.java:285)
	at com.kms.katalon.core.common.CommonExecutor.accessTestCaseMainPhase(CommonExecutor.java:65)
	at com.kms.katalon.core.main.TestSuiteExecutor.accessTestSuiteMainPhase(TestSuiteExecutor.java:148)
	at com.kms.katalon.core.main.TestSuiteExecutor.execute(TestSuiteExecutor.java:106)
	at com.kms.katalon.core.main.TestCaseMain.startTestSuite(TestCaseMain.java:187)
	at com.kms.katalon.core.main.TestCaseMain$startTestSuite$0.call(Unknown Source)
	at TempTestSuite1686926685352.run(TempTestSuite1686926685352.groovy:36)
)
[[ATTACHMENT|C:\\Users\\Testing\\Katalon Studio\\NN_Version2\\Reports\\20230616_094445\\PRUEBA-CPN105.1\\20230616_094445\\1686927322753.png]]]]></system-out>
         <system-err><![CDATA[2023-06-16 09:55:04 - [TEST_CASE][FAILED] - Test Cases/EnvioMensajes/CPN105.1: Test Cases/EnvioMensajes/CPN105.1 FAILED.
Reason:
com.kms.katalon.core.exception.StepFailedException: Object Object Repository/CPN105.1/android.widget.ImageButton (2) not found
	at com.kms.katalon.core.keyword.internal.KeywordMain.stepFailed(KeywordMain.groovy:51)
	at com.kms.katalon.core.mobile.keyword.internal.MobileKeywordMain.stepFailed(MobileKeywordMain.groovy:40)
	at com.kms.katalon.core.mobile.keyword.builtin.TapKeyword$_tap_closure1.doCall(TapKeyword.groovy:79)
	at com.kms.katalon.core.mobile.keyword.builtin.TapKeyword$_tap_closure1.call(TapKeyword.groovy)
	at com.kms.katalon.core.mobile.keyword.internal.MobileKeywordMain.runKeyword(MobileKeywordMain.groovy:21)
	at com.kms.katalon.core.mobile.keyword.builtin.TapKeyword.tap(TapKeyword.groovy:84)
	at com.kms.katalon.core.mobile.keyword.builtin.TapKeyword.execute(TapKeyword.groovy:68)
	at com.kms.katalon.core.keyword.internal.KeywordExecutor.executeKeywordForPlatform(KeywordExecutor.groovy:74)
	at com.kms.katalon.core.mobile.keyword.MobileBuiltInKeywords.tap(MobileBuiltInKeywords.groovy:1490)
	at com.kms.katalon.core.mobile.keyword.MobileBuiltInKeywords$tap$1.call(Unknown Source)
	at CPN105.1.run(CPN105.1:46)
	at com.kms.katalon.core.main.ScriptEngine.run(ScriptEngine.java:194)
	at com.kms.katalon.core.main.ScriptEngine.runScriptAsRawText(ScriptEngine.java:119)
	at com.kms.katalon.core.main.TestCaseExecutor.runScript(TestCaseExecutor.java:448)
	at com.kms.katalon.core.main.TestCaseExecutor.doExecute(TestCaseExecutor.java:439)
	at com.kms.katalon.core.main.TestCaseExecutor.processExecutionPhase(TestCaseExecutor.java:418)
	at com.kms.katalon.core.main.TestCaseExecutor.accessMainPhase(TestCaseExecutor.java:410)
	at com.kms.katalon.core.main.TestCaseExecutor.execute(TestCaseExecutor.java:285)
	at com.kms.katalon.core.common.CommonExecutor.accessTestCaseMainPhase(CommonExecutor.java:65)
	at com.kms.katalon.core.main.TestSuiteExecutor.accessTestSuiteMainPhase(TestSuiteExecutor.java:148)
	at com.kms.katalon.core.main.TestSuiteExecutor.execute(TestSuiteExecutor.java:106)
	at com.kms.katalon.core.main.TestCaseMain.startTestSuite(TestCaseMain.java:187)
	at com.kms.katalon.core.main.TestCaseMain$startTestSuite$0.call(Unknown Source)
	at TempTestSuite1686926685352.run(TempTestSuite1686926685352.groovy:36)]]></system-err>
      </testcase>
      <system-out><![CDATA[2023-06-16 09:44:53 - [TEST_SUITE][FAILED] - PRUEBA-CPN105.1: Test Cases/EnvioMensajes/CPN105.1 FAILED.
Reason:
com.kms.katalon.core.exception.StepFailedException: Object Object Repository/CPN105.1/android.widget.ImageButton (2) not found
	at com.kms.katalon.core.keyword.internal.KeywordMain.stepFailed(KeywordMain.groovy:51)
	at com.kms.katalon.core.mobile.keyword.internal.MobileKeywordMain.stepFailed(MobileKeywordMain.groovy:40)
	at com.kms.katalon.core.mobile.keyword.builtin.TapKeyword$_tap_closure1.doCall(TapKeyword.groovy:79)
	at com.kms.katalon.core.mobile.keyword.builtin.TapKeyword$_tap_closure1.call(TapKeyword.groovy)
	at com.kms.katalon.core.mobile.keyword.internal.MobileKeywordMain.runKeyword(MobileKeywordMain.groovy:21)
	at com.kms.katalon.core.mobile.keyword.builtin.TapKeyword.tap(TapKeyword.groovy:84)
	at com.kms.katalon.core.mobile.keyword.builtin.TapKeyword.execute(TapKeyword.groovy:68)
	at com.kms.katalon.core.keyword.internal.KeywordExecutor.executeKeywordForPlatform(KeywordExecutor.groovy:74)
	at com.kms.katalon.core.mobile.keyword.MobileBuiltInKeywords.tap(MobileBuiltInKeywords.groovy:1490)
	at com.kms.katalon.core.mobile.keyword.MobileBuiltInKeywords$tap$1.call(Unknown Source)
	at CPN105.1.run(CPN105.1:46)
	at com.kms.katalon.core.main.ScriptEngine.run(ScriptEngine.java:194)
	at com.kms.katalon.core.main.ScriptEngine.runScriptAsRawText(ScriptEngine.java:119)
	at com.kms.katalon.core.main.TestCaseExecutor.runScript(TestCaseExecutor.java:448)
	at com.kms.katalon.core.main.TestCaseExecutor.doExecute(TestCaseExecutor.java:439)
	at com.kms.katalon.core.main.TestCaseExecutor.processExecutionPhase(TestCaseExecutor.java:418)
	at com.kms.katalon.core.main.TestCaseExecutor.accessMainPhase(TestCaseExecutor.java:410)
	at com.kms.katalon.core.main.TestCaseExecutor.execute(TestCaseExecutor.java:285)
	at com.kms.katalon.core.common.CommonExecutor.accessTestCaseMainPhase(CommonExecutor.java:65)
	at com.kms.katalon.core.main.TestSuiteExecutor.accessTestSuiteMainPhase(TestSuiteExecutor.java:148)
	at com.kms.katalon.core.main.TestSuiteExecutor.execute(TestSuiteExecutor.java:106)
	at com.kms.katalon.core.main.TestCaseMain.startTestSuite(TestCaseMain.java:187)
	at com.kms.katalon.core.main.TestCaseMain$startTestSuite$0.call(Unknown Source)
	at TempTestSuite1686926685352.run(TempTestSuite1686926685352.groovy:36)]]></system-out>
      <system-err><![CDATA[2023-06-16 09:44:53 - [TEST_SUITE][FAILED] - PRUEBA-CPN105.1: Test Cases/EnvioMensajes/CPN105.1 FAILED.
Reason:
com.kms.katalon.core.exception.StepFailedException: Object Object Repository/CPN105.1/android.widget.ImageButton (2) not found
	at com.kms.katalon.core.keyword.internal.KeywordMain.stepFailed(KeywordMain.groovy:51)
	at com.kms.katalon.core.mobile.keyword.internal.MobileKeywordMain.stepFailed(MobileKeywordMain.groovy:40)
	at com.kms.katalon.core.mobile.keyword.builtin.TapKeyword$_tap_closure1.doCall(TapKeyword.groovy:79)
	at com.kms.katalon.core.mobile.keyword.builtin.TapKeyword$_tap_closure1.call(TapKeyword.groovy)
	at com.kms.katalon.core.mobile.keyword.internal.MobileKeywordMain.runKeyword(MobileKeywordMain.groovy:21)
	at com.kms.katalon.core.mobile.keyword.builtin.TapKeyword.tap(TapKeyword.groovy:84)
	at com.kms.katalon.core.mobile.keyword.builtin.TapKeyword.execute(TapKeyword.groovy:68)
	at com.kms.katalon.core.keyword.internal.KeywordExecutor.executeKeywordForPlatform(KeywordExecutor.groovy:74)
	at com.kms.katalon.core.mobile.keyword.MobileBuiltInKeywords.tap(MobileBuiltInKeywords.groovy:1490)
	at com.kms.katalon.core.mobile.keyword.MobileBuiltInKeywords$tap$1.call(Unknown Source)
	at CPN105.1.run(CPN105.1:46)
	at com.kms.katalon.core.main.ScriptEngine.run(ScriptEngine.java:194)
	at com.kms.katalon.core.main.ScriptEngine.runScriptAsRawText(ScriptEngine.java:119)
	at com.kms.katalon.core.main.TestCaseExecutor.runScript(TestCaseExecutor.java:448)
	at com.kms.katalon.core.main.TestCaseExecutor.doExecute(TestCaseExecutor.java:439)
	at com.kms.katalon.core.main.TestCaseExecutor.processExecutionPhase(TestCaseExecutor.java:418)
	at com.kms.katalon.core.main.TestCaseExecutor.accessMainPhase(TestCaseExecutor.java:410)
	at com.kms.katalon.core.main.TestCaseExecutor.execute(TestCaseExecutor.java:285)
	at com.kms.katalon.core.common.CommonExecutor.accessTestCaseMainPhase(CommonExecutor.java:65)
	at com.kms.katalon.core.main.TestSuiteExecutor.accessTestSuiteMainPhase(TestSuiteExecutor.java:148)
	at com.kms.katalon.core.main.TestSuiteExecutor.execute(TestSuiteExecutor.java:106)
	at com.kms.katalon.core.main.TestCaseMain.startTestSuite(TestCaseMain.java:187)
	at com.kms.katalon.core.main.TestCaseMain$startTestSuite$0.call(Unknown Source)
	at TempTestSuite1686926685352.run(TempTestSuite1686926685352.groovy:36)]]></system-err>
   </testsuite>
</testsuites>
